# stats: dump at 1480606950
stats: users 7 7
stats: {load,"tsung_controller@ip-172-31-6-161"} 1 0.078125 0 0.078125 0.078125 0 0
stats: {freemem,"tsung_controller@ip-172-31-6-161"} 1 3158.87890625 0 3158.87890625 3158.87890625 0 0
stats: {cpu,"tsung_controller@ip-172-31-6-161"} 1 3.1260624816323612 0 3.1260624816323612 3.1260624816323612 0 0
stats: users_count 7 7
stats: finish_users_count 0 0
stats: request 15 128.21803385416666 117.46585914318554 393.9912109375 10.016845703125 0 0
stats: connect 7 20.41357421875 45.69667590201125 132.343017578125 1.160888671875 0 0
stats: page 15 128.21803385416666 117.46585914318554 393.9912109375 10.016845703125 0 0
stats: 302 7 7
stats: 200 8 8
stats: size_rcv 53128 53128
stats: size_sent 8246 8246
stats: connected 7 7
# stats: dump at 1480606960
stats: users 14 14
stats: {load,"tsung_controller@ip-172-31-6-161"} 1 0.0703125 0.0 0.078125 0.0703125 0.078125 1
stats: {freemem,"tsung_controller@ip-172-31-6-161"} 1 3159.46484375 0.0 3159.46484375 3158.87890625 3158.87890625 1
stats: {recvpackets,"tsung_controller@ip-172-31-6-161"} 1 84 0 84 84 0 0
stats: {sentpackets,"tsung_controller@ip-172-31-6-161"} 1 84 0 84 84 0 0
stats: {cpu,"tsung_controller@ip-172-31-6-161"} 1 2.161100196463654 0.0 3.1260624816323612 2.161100196463654 3.1260624816323612 1
stats: users_count 7 14
stats: finish_users_count 0 0
stats: request 58 149.85795645878233 379.88033469512084 1941.18408203125 8.875 128.21803385416666 15
stats: connect 7 2.7418038504464284 3.050340836934858 132.343017578125 1.04296875 20.41357421875 7
stats: page 53 164.003335053066 398.0979132514469 1941.18408203125 8.875 128.21803385416666 15
stats: 302 9 16
stats: 200 43 51
stats: size_rcv 231922 285050
stats: size_sent 39369 47615
stats: connected 7 14
stats: 204 6 6
# stats: dump at 1480606970
stats: users 24 24
stats: {load,"tsung_controller@ip-172-31-6-161"} 1 0.05859375 0.0 0.078125 0.05859375 0.07421875 2
stats: {freemem,"tsung_controller@ip-172-31-6-161"} 1 3157.90625 0.0 3159.46484375 3157.90625 3159.171875 2
stats: {recvpackets,"tsung_controller@ip-172-31-6-161"} 1 334.0 0.0 334 84 84.0 1
stats: {sentpackets,"tsung_controller@ip-172-31-6-161"} 1 280.0 0.0 280 84 84.0 1
stats: {cpu,"tsung_controller@ip-172-31-6-161"} 1 1.7733990147783252 0.0 3.1260624816323612 1.7733990147783252 2.6435813390480076 2
stats: users_count 10 24
stats: finish_users_count 0 0
stats: request 129 203.16380132630815 440.97765951213864 3058.89697265625 8.447998046875 145.41139701947773 73
stats: connect 10 1.5694580078125 0.4299945947673312 132.343017578125 1.04296875 11.577689034598214 14
stats: page 108 242.6815095124422 488.9267575951027 3071.235107421875 8.447998046875 156.10951861213232 68
stats: 302 13 29
stats: 200 102 153
stats: size_rcv 547799 832849
stats: size_sent 90908 138523
stats: connected 10 24
stats: 204 14 20
# stats: dump at 1480606980
stats: users 39 39
stats: {load,"tsung_controller@ip-172-31-6-161"} 1 0.05078125 0.0 0.078125 0.05078125 0.06901041666666667 3
stats: {freemem,"tsung_controller@ip-172-31-6-161"} 1 3155.2578125 0.0 3159.46484375 3155.2578125 3158.75 3
stats: {recvpackets,"tsung_controller@ip-172-31-6-161"} 1 664.0 0.0 664 84 209.0 2
stats: {sentpackets,"tsung_controller@ip-172-31-6-161"} 1 540.0 0.0 540 84 182.0 2
stats: {cpu,"tsung_controller@ip-172-31-6-161"} 1 2.3645320197044337 0.0 3.1260624816323612 1.7733990147783252 2.353520564291447 3
stats: session 1 23013.958984375 0 23013.958984375 23013.958984375 0 0
stats: users_count 16 40
stats: finish_users_count 1 1
stats: request 201 165.70861026896767 380.4599529662216 4636.927001953125 1.665771484375 182.29288293819616 202
stats: connect 14 2.2045724051339284 2.002780666100208 132.343017578125 1.04296875 7.4075927734375 24
stats: page 171 194.791593852796 435.1735830771369 4772.379150390625 1.665771484375 209.23324030095884 176
stats: 302 15 44
stats: 200 166 319
stats: size_rcv 855602 1688451
stats: size_sent 151643 290166
stats: connected 13 37
stats: 204 19 39
stats: max_repeat 5 5
stats: 400 1 1
# stats: dump at 1480606990
stats: users 46 46
stats: {load,"tsung_controller@ip-172-31-6-161"} 1 0.0390625 0.0 0.078125 0.0390625 0.064453125 4
stats: {freemem,"tsung_controller@ip-172-31-6-161"} 1 3152.48046875 0.0 3159.46484375 3152.48046875 3157.876953125 4
stats: {recvpackets,"tsung_controller@ip-172-31-6-161"} 1 1199.0 0.0 1199 84 360.6666666666667 3
stats: {sentpackets,"tsung_controller@ip-172-31-6-161"} 1 902.0 0.0 902 84 301.3333333333333 3
stats: {cpu,"tsung_controller@ip-172-31-6-161"} 1 3.638151425762045 0.0 3.638151425762045 1.7733990147783252 2.3562734281446938 4
stats: session 2 31129.931030273438 5473.9559326171875 36603.886962890625 23013.958984375 23013.958984375 1
stats: users_count 9 49
stats: finish_users_count 2 3
stats: request 286 270.0974761322661 635.6118543202209 5397.0478515625 1.591796875 174.02132262426335 403
stats: connect 11 1.578369140625 0.45628199482963216 132.343017578125 0.98291015625 5.490690532483552 38
stats: page 235 328.7286776928191 707.0256942174358 5474.177978515625 1.591796875 202.11646352102846 347
stats: 302 21 65
stats: 200 242 561
stats: size_rcv 1414229 3102680
stats: size_sent 198703 488869
stats: connected 8 45
stats: 204 21 60
stats: max_repeat 9 14
stats: 400 2 3
# stats: dump at 1480607000
stats: users 47 47
stats: {load,"tsung_controller@ip-172-31-6-161"} 1 0.0390625 0.0 0.078125 0.0390625 0.059375 5
stats: {freemem,"tsung_controller@ip-172-31-6-161"} 1 3149.625 0.0 3159.46484375 3149.625 3156.79765625 5
stats: {recvpackets,"tsung_controller@ip-172-31-6-161"} 1 1593.0 0.0 1593 84 570.25 4
stats: {sentpackets,"tsung_controller@ip-172-31-6-161"} 1 1154.0 0.0 1154 84 451.5 4
stats: {cpu,"tsung_controller@ip-172-31-6-161"} 1 3.652517275419546 0.0 3.652517275419546 1.7733990147783252 2.612649027668164 5
stats: session 3 35821.950032552086 11181.484598947076 50566.922119140625 23013.958984375 28424.607014973957 3
stats: users_count 4 53
stats: finish_users_count 3 6
stats: request 302 250.98829499301522 463.21851767184836 6523.541015625 0.64013671875 213.90199011815128 689
stats: connect 4 1.54901123046875 0.417587119416877 132.343017578125 0.98291015625 4.612414301658163 49
stats: page 259 292.6681073163007 527.4297875984514 6523.541015625 0.64013671875 253.23995206118448 582
stats: 302 10 75
stats: 200 262 823
stats: size_rcv 1456978 4559658
stats: size_sent 224097 712966
stats: connected 1 46
stats: 204 27 87
stats: max_repeat 11 25
stats: 400 3 6
# stats: dump at 1480607010
stats: users 53 53
stats: {load,"tsung_controller@ip-172-31-6-161"} 1 0.03125 0.0 0.078125 0.03125 0.055989583333333336 6
stats: {freemem,"tsung_controller@ip-172-31-6-161"} 1 3147.5859375 0.0 3159.46484375 3147.5859375 3155.6022135416665 6
stats: {recvpackets,"tsung_controller@ip-172-31-6-161"} 1 1982.0 0.0 1982 84 774.8 5
stats: {sentpackets,"tsung_controller@ip-172-31-6-161"} 1 1384.0 0.0 1384 84 592.0 5
stats: {cpu,"tsung_controller@ip-172-31-6-161"} 1 3.8537549407114624 0.0 3.8537549407114624 1.7733990147783252 2.7859604022933944 6
stats: session 8 41226.0807800293 13142.775661992602 62737.77197265625 17665.927978515625 32123.27852376302 6
stats: users_count 14 67
stats: finish_users_count 8 14
stats: request 325 130.6368772536058 253.2833045222515 6523.541015625 0.64013671875 225.2037702111976 991
stats: connect 13 2.2540752704326925 2.642440469395892 132.343017578125 0.98291015625 4.381214069870283 53
stats: page 293 144.9111794741894 277.8483722037778 6523.541015625 0.64013671875 265.3825111706674 841
stats: 302 20 95
stats: 200 268 1091
stats: size_rcv 1526565 6086223
stats: newphase 1 1
stats: size_sent 230746 943712
stats: connected 6 52
stats: 204 32 119
stats: max_repeat 13 38
stats: 400 5 11
# stats: dump at 1480607020
stats: users 67 67
stats: {load,"tsung_controller@ip-172-31-6-161"} 1 0.03125 0.0 0.078125 0.03125 0.052455357142857144 7
stats: {freemem,"tsung_controller@ip-172-31-6-161"} 1 3145.80078125 0.0 3159.46484375 3145.80078125 3154.45703125 7
stats: {recvpackets,"tsung_controller@ip-172-31-6-161"} 1 1778.0 0.0 1982 84 976.0 6
stats: {sentpackets,"tsung_controller@ip-172-31-6-161"} 1 1339.0 0.0 1384 84 724.0 6
stats: {cpu,"tsung_controller@ip-172-31-6-161"} 1 4.416094210009813 0.0 4.416094210009813 1.7733990147783252 2.938502479210261 7
stats: session 3 43991.25577799479 7767.030882186512 62737.77197265625 17665.927978515625 37324.87981305803 14
stats: users_count 17 84
stats: finish_users_count 3 17
stats: request 399 127.72626145441723 218.61353022477684 6523.541015625 0.5419921875 201.8494843364124 1316
stats: connect 18 1.5799018012152777 0.4065825316351222 132.343017578125 0.98291015625 3.9622321851325757 66
stats: page 358 142.3618450484463 256.90064229998603 6523.541015625 0.5419921875 234.25543869529872 1134
stats: 302 38 133
stats: 200 314 1405
stats: size_rcv 1642003 7728226
stats: newphase 0 1
stats: size_sent 282432 1226144
stats: connected 15 67
stats: 204 44 163
stats: max_repeat 8 46
stats: 400 3 14
# stats: dump at 1480607030
stats: users 77 77
stats: {load,"tsung_controller@ip-172-31-6-161"} 1 0.01953125 0.0 0.078125 0.01953125 0.0498046875 8
stats: {freemem,"tsung_controller@ip-172-31-6-161"} 1 3144.73828125 0.0 3159.46484375 3144.73828125 3153.375 8
stats: {recvpackets,"tsung_controller@ip-172-31-6-161"} 1 1871.0 0.0 1982 84 1090.5714285714287 7
stats: {sentpackets,"tsung_controller@ip-172-31-6-161"} 1 1529.0 0.0 1529 84 811.8571428571429 7
stats: {cpu,"tsung_controller@ip-172-31-6-161"} 1 4.446640316205533 0.0 4.446640316205533 1.7733990147783252 3.123201445560205 8
stats: session 4 61242.846252441406 10404.990467294121 79108.34790039063 17665.927978515625 38501.29910098805 17
stats: users_count 14 98
stats: finish_users_count 4 21
stats: request 364 208.8017645196602 351.1061204786742 6523.541015625 0.5419921875 184.60448962509105 1715
stats: connect 14 1.7310791015625 0.7158007666492212 132.343017578125 0.98291015625 3.4517328171502974 84
stats: page 318 233.5344668214427 438.6433765653536 6523.541015625 0.5419921875 212.20590349049095 1492
stats: 302 29 162
stats: 200 303 1708
stats: size_rcv 1498600 9226826
stats: newphase 0 1
stats: size_sent 273207 1499351
stats: connected 10 77
stats: 204 32 195
stats: max_repeat 5 51
stats: 400 0 14
# stats: dump at 1480607040
stats: users 89 90
stats: {load,"tsung_controller@ip-172-31-6-161"} 1 0.01953125 0.0 0.078125 0.01953125 0.046440972222222224 9
stats: {freemem,"tsung_controller@ip-172-31-6-161"} 1 3142.46484375 0.0 3159.46484375 3142.46484375 3152.4153645833335 9
stats: {recvpackets,"tsung_controller@ip-172-31-6-161"} 1 2163.0 0.0 2163 84 1188.125 8
stats: {sentpackets,"tsung_controller@ip-172-31-6-161"} 1 1669.0 0.0 1669 84 901.5 8
stats: {cpu,"tsung_controller@ip-172-31-6-161"} 1 4.724409448818897 0.0 4.724409448818897 1.7733990147783252 3.270250208965242 9
stats: session 7 45621.04547991072 20138.770977763248 79108.34790039063 17665.927978515625 42833.022367931546 21
stats: users_count 19 117
stats: finish_users_count 7 28
stats: request 482 269.43623320393607 394.76181058478244 6523.541015625 0.5419921875 188.8410495392917 2079
stats: connect 19 1.6195646587171053 0.49635380114418487 132.343017578125 0.98291015625 3.205925143494898 98
stats: page 449 293.1260260431169 489.01308109057015 6523.541015625 0.5419921875 215.95313174421617 1810
stats: 302 34 196
stats: 200 387 2095
stats: size_rcv 2033116 11259942
stats: newphase 0 1
stats: size_sent 341563 1840914
stats: connected 12 89
stats: 204 57 252
stats: max_repeat 11 62
stats: 400 4 18
# stats: dump at 1480607050
stats: users 103 106
stats: {load,"tsung_controller@ip-172-31-6-161"} 1 0.08984375 0.0 0.08984375 0.01953125 0.04375 10
stats: {freemem,"tsung_controller@ip-172-31-6-161"} 1 3140.66796875 0.0 3159.46484375 3140.66796875 3151.4203125 10
stats: {recvpackets,"tsung_controller@ip-172-31-6-161"} 1 2614.0 0.0 2614 84 1296.4444444444443 9
stats: {sentpackets,"tsung_controller@ip-172-31-6-161"} 1 2081.0 0.0 2081 84 986.7777777777778 9
stats: {cpu,"tsung_controller@ip-172-31-6-161"} 1 6.170421155729676 0.0 6.170421155729676 1.7733990147783252 3.4156661329506073 10
stats: session 7 69345.37615094866 21750.24341548032 101785.27001953125 17665.927978515625 43530.02814592634 28
stats: users_count 21 138
stats: finish_users_count 7 35
stats: request 497 284.1022865709882 325.4258327449453 6523.541015625 0.5419921875 204.00968621494908 2561
stats: connect 21 1.6129092261904763 0.48669497157134645 132.343017578125 0.970947265625 2.948311047676282 117
stats: page 456 304.2017019171465 386.2380946302617 6523.541015625 0.5419921875 231.29205584346647 2259
stats: 302 38 234
stats: 200 405 2500
stats: size_rcv 1983628 13243570
stats: newphase 0 1
stats: size_sent 360692 2201606
stats: connected 15 104
stats: 204 53 305
stats: max_repeat 7 69
stats: 400 1 19
# stats: dump at 1480607060
stats: users 98 106
stats: {load,"tsung_controller@ip-172-31-6-161"} 1 0.078125 0.0 0.08984375 0.01953125 0.04794034090909091 11
stats: {freemem,"tsung_controller@ip-172-31-6-161"} 1 3138.16015625 0.0 3159.46484375 3138.16015625 3150.4428267045455 11
stats: {recvpackets,"tsung_controller@ip-172-31-6-161"} 1 2729.0 0.0 2729 84 1428.2 10
stats: {sentpackets,"tsung_controller@ip-172-31-6-161"} 1 2128.0 0.0 2128 84 1096.2 10
stats: {cpu,"tsung_controller@ip-172-31-6-161"} 1 6.439024390243903 0.0 6.439024390243903 1.7733990147783252 3.6660984077487044 11
stats: session 12 71466.7328491211 25879.997977717165 104047.708984375 17665.927978515625 48693.097746930805 35
stats: users_count 7 145
stats: finish_users_count 12 47
stats: request 548 317.82539267435595 361.9116893425194 6523.541015625 0.5419921875 217.02669811061665 3058
stats: connect 7 2.91162109375 2.953890665896515 132.343017578125 0.970947265625 2.7450977270153984 138
stats: page 496 352.8230133056643 461.9126912531484 6523.541015625 0.5419921875 243.5376538580514 2715
stats: 302 23 257
stats: 200 459 2959
stats: size_rcv 2255147 15498717
stats: newphase 0 1
stats: size_sent 386694 2588300
stats: connected -7 97
stats: 204 62 367
stats: max_repeat 21 90
stats: 400 4 23
# stats: dump at 1480607070
stats: users 106 106
stats: {load,"tsung_controller@ip-172-31-6-161"} 1 0.05859375 0.0 0.08984375 0.01953125 0.050455729166666664 12
stats: {freemem,"tsung_controller@ip-172-31-6-161"} 1 3136.59375 0.0 3159.46484375 3136.59375 3149.4192708333335 12
stats: {recvpackets,"tsung_controller@ip-172-31-6-161"} 1 3112.0 0.0 3112 84 1546.4545454545455 11
stats: {sentpackets,"tsung_controller@ip-172-31-6-161"} 1 2288.0 0.0 2288 84 1190.0 11
stats: {cpu,"tsung_controller@ip-172-31-6-161"} 1 6.18860510805501 0.0 6.439024390243903 1.7733990147783252 3.8971755729566375 12
stats: session 9 49451.243055555555 16592.238752108522 104047.708984375 17665.927978515625 54507.64287940492 47
stats: users_count 17 162
stats: finish_users_count 9 56
stats: request 568 170.0201244085607 227.09755429099994 6523.541015625 0.5419921875 232.34496894282105 3606
stats: connect 17 3.3536879595588234 6.2072189115515375 132.343017578125 0.965087890625 2.753136786099138 145
stats: page 528 186.04259144176137 271.2865794997011 6523.541015625 0.5419921875 260.41885544198664 3211
stats: 302 22 279
stats: 200 470 3429
stats: size_rcv 2239809 17738526
stats: newphase 1 2
stats: size_sent 404668 2992968
stats: connected 8 105
stats: 204 70 437
stats: max_repeat 12 102
stats: 400 6 29
# stats: dump at 1480607080
stats: users 119 120
stats: {load,"tsung_controller@ip-172-31-6-161"} 1 0.05078125 0.0 0.08984375 0.01953125 0.05108173076923077 13
stats: {freemem,"tsung_controller@ip-172-31-6-161"} 1 3135.94921875 0.0 3159.46484375 3135.94921875 3148.4326923076924 13
stats: {recvpackets,"tsung_controller@ip-172-31-6-161"} 1 3095.0 0.0 3112 84 1676.9166666666667 12
stats: {sentpackets,"tsung_controller@ip-172-31-6-161"} 1 2326.0 0.0 2326 84 1281.5 12
stats: {cpu,"tsung_controller@ip-172-31-6-161"} 1 6.470588235294119 0.0 6.470588235294119 1.7733990147783252 4.07343938334882 13
stats: session 14 71428.46794782366 25653.50619208362 106375.01708984375 17665.927978515625 53695.007193429126 56
stats: users_count 27 189
stats: finish_users_count 14 70
stats: request 605 319.2410006940858 301.8563100954413 6523.541015625 0.5419921875 223.86377304069842 4174
stats: connect 27 1.665210865162037 0.48661650988712374 132.343017578125 0.965087890625 2.816157588252315 162
stats: page 572 337.6621486423732 356.8496276759076 6523.541015625 0.5419921875 249.91586870967348 3739
stats: 302 42 321
stats: 200 494 3923
stats: size_rcv 2619809 20358335
stats: newphase 0 2
stats: size_sent 431727 3424695
stats: connected 13 118
stats: 204 65 502
stats: max_repeat 16 118
stats: 400 5 34
# stats: dump at 1480607090
stats: users 129 131
stats: {load,"tsung_controller@ip-172-31-6-161"} 1 0.05078125 0.0 0.08984375 0.01953125 0.051060267857142856 14
stats: {freemem,"tsung_controller@ip-172-31-6-161"} 1 3132.91796875 0.0 3159.46484375 3132.91796875 3147.541015625 14
stats: {recvpackets,"tsung_controller@ip-172-31-6-161"} 1 3.5e3 0.0 3500 84 1786.0 13
stats: {sentpackets,"tsung_controller@ip-172-31-6-161"} 1 2630.0 0.0 2630 84 1361.8461538461538 13
stats: {cpu,"tsung_controller@ip-172-31-6-161"} 1 6.889763779527559 0.0 6.889763779527559 1.7733990147783252 4.244664301344913 14
stats: session 11 76573.58231977983 23942.525102898628 110303.51513671875 17665.927978515625 57241.699344308036 70
stats: users_count 21 210
stats: finish_users_count 11 81
stats: request 581 508.21466095968685 496.3588946378673 6591.434814453125 0.5419921875 235.93810296961647 4779
stats: connect 20 1.56593017578125 0.4151019417197772 132.343017578125 0.965087890625 2.6517366278108465 189
stats: page 530 547.3042452830186 596.3337086198813 6591.434814453125 0.5419921875 261.5583813799366 4311
stats: 302 33 354
stats: 200 474 4397
stats: size_rcv 2281678 22640013
stats: newphase 0 2
stats: size_sent 437455 3862150
stats: connected 10 128
stats: 204 71 573
stats: max_repeat 10 128
stats: 400 2 36
# stats: dump at 1480607100
stats: users 147 147
stats: {load,"tsung_controller@ip-172-31-6-161"} 1 0.109375 0.0 0.109375 0.01953125 0.051041666666666666 15
stats: {freemem,"tsung_controller@ip-172-31-6-161"} 1 3132.09375 0.0 3159.46484375 3132.09375 3146.5661458333334 15
stats: {recvpackets,"tsung_controller@ip-172-31-6-161"} 1 3102.0 0.0 3500 84 1908.4285714285713 14
stats: {sentpackets,"tsung_controller@ip-172-31-6-161"} 1 2351.0 0.0 2630 84 1452.4285714285713 14
stats: {cpu,"tsung_controller@ip-172-31-6-161"} 1 6.660137120470128 0.0 6.889763779527559 1.7733990147783252 4.421004266557089 15
stats: session 7 83791.69283621652 24429.712215764426 117770.17407226563 17665.927978515625 59867.01678542149 81
stats: users_count 25 235
stats: finish_users_count 7 88
stats: request 517 907.3014097822473 357.3693450086516 6591.434814453125 0.5419921875 265.45166270697297 5360
stats: connect 25 1.57470703125 0.4686206232183494 132.343017578125 0.965087890625 2.5478317041716507 209
stats: page 452 1028.129774245542 604.086755843704 6591.434814453125 0.5419921875 292.8422706318749 4841
stats: 302 28 382
stats: 200 440 4837
stats: size_rcv 2107492 24747505
stats: newphase 0 2
stats: size_sent 376256 4238406
stats: connected 18 146
stats: 204 48 621
stats: max_repeat 7 135
stats: 400 1 37
# stats: dump at 1480607110
stats: users 151 152
stats: {load,"tsung_controller@ip-172-31-6-161"} 1 0.1015625 0.0 0.109375 0.01953125 0.0546875 16
stats: {freemem,"tsung_controller@ip-172-31-6-161"} 1 3128.60546875 0.0 3159.46484375 3128.60546875 3145.66162109375 16
stats: {recvpackets,"tsung_controller@ip-172-31-6-161"} 1 2835.0 0.0 3500 84 1988.0 15
stats: {sentpackets,"tsung_controller@ip-172-31-6-161"} 1 2179.0 0.0 2630 84 1512.3333333333333 15
stats: {cpu,"tsung_controller@ip-172-31-6-161"} 1 5.445544554455446 0.0 6.889763779527559 1.7733990147783252 4.560950069926654 16
stats: session 11 83132.93676757813 19181.369838782994 117770.17407226563 17665.927978515625 61770.11601673473 88
stats: users_count 15 250
stats: finish_users_count 11 99
stats: request 485 1403.0889864892074 513.6553545639691 6591.434814453125 0.5419921875 321.91521881347575 5877
stats: connect 15 1.9032389322916667 0.5828820731073622 132.343017578125 0.965087890625 2.443865392962073 234
stats: page 425 1584.2906002987127 857.8388248451867 6591.434814453125 0.5419921875 355.63273948382613 5293
stats: 302 36 418
stats: 200 404 5241
stats: size_rcv 2008495 26756000
stats: newphase 0 2
stats: size_sent 361770 4600176
stats: connected 5 151
stats: 204 44 665
stats: max_repeat 20 155
stats: 400 1 38
# stats: dump at 1480607120
stats: users 157 160
stats: {load,"tsung_controller@ip-172-31-6-161"} 1 0.078125 0.0 0.109375 0.01953125 0.05744485294117647 17
stats: {freemem,"tsung_controller@ip-172-31-6-161"} 1 3126.9296875 0.0 3159.46484375 3126.9296875 3144.658318014706 17
stats: {recvpackets,"tsung_controller@ip-172-31-6-161"} 1 3131.0 0.0 3500 84 2040.9375 16
stats: {sentpackets,"tsung_controller@ip-172-31-6-161"} 1 2405.0 0.0 2630 84 1554.0 16
stats: {cpu,"tsung_controller@ip-172-31-6-161"} 1 6.11439842209073 0.0 6.889763779527559 1.7733990147783252 4.612985039604818 17
stats: session 9 79045.99709743923 14986.296850193341 117770.17407226563 17665.927978515625 64143.76276682844 99
stats: users_count 15 265
stats: finish_users_count 9 108
stats: request 549 1280.3316305747674 424.56428650869094 6591.434814453125 0.5419921875 404.3372994992239 6362
stats: connect 16 1.559112548828125 0.4368190735024051 132.343017578125 0.943115234375 2.4112975338855422 249
stats: page 492 1424.3078280813331 742.0359283854198 6591.434814453125 0.5419921875 446.95480853704873 5718
stats: 302 33 451
stats: 200 459 5700
stats: size_rcv 2239887 28995887
stats: newphase 0 2
stats: size_sent 408722 5008898
stats: connected 5 156
stats: 204 54 719
stats: max_repeat 15 170
stats: 400 4 42
# stats: dump at 1480607130
stats: users 179 179
stats: {load,"tsung_controller@ip-172-31-6-161"} 1 0.0703125 0.0 0.109375 0.01953125 0.05859375 18
stats: {freemem,"tsung_controller@ip-172-31-6-161"} 1 3124.30859375 0.0 3159.46484375 3124.30859375 3143.673394097222 18
stats: {recvpackets,"tsung_controller@ip-172-31-6-161"} 1 2978.0 0.0 3500 84 2105.0588235294117 17
stats: {sentpackets,"tsung_controller@ip-172-31-6-161"} 1 2205.0 0.0 2630 84 1604.0588235294117 17
stats: {cpu,"tsung_controller@ip-172-31-6-161"} 1 6.366307541625857 0.0 6.889763779527559 1.7733990147783252 4.6963968941873695 18
stats: session 4 75905.38928222656 25662.930142183453 117770.17407226563 17665.927978515625 65385.61562771267 108
stats: users_count 26 291
stats: finish_users_count 4 112
stats: request 494 1676.2321095331476 594.8244358005014 7790.556884765625 0.5419921875 473.9250419041542 6911
stats: connect 25 2.5482324218749994 5.0567162703459765 132.343017578125 0.890869140625 2.3598448555424527 265
stats: page 434 1916.9509159211188 981.1570221066223 7790.556884765625 0.5419921875 524.3876081531176 6210
stats: 302 28 479
stats: 200 419 6119
stats: size_rcv 2143899 31139786
stats: newphase 1 3
stats: size_sent 367805 5376703
stats: connected 22 178
stats: 204 45 764
stats: max_repeat 13 183
stats: 400 1 43
# stats: dump at 1480607140
stats: users 201 201
stats: {load,"tsung_controller@ip-172-31-6-161"} 1 0.05859375 0.0 0.109375 0.01953125 0.05921052631578947 19
stats: {freemem,"tsung_controller@ip-172-31-6-161"} 1 3122.1953125 0.0 3159.46484375 3122.1953125 3142.6541940789475 19
stats: {recvpackets,"tsung_controller@ip-172-31-6-161"} 1 2997.0 0.0 3500 84 2153.5555555555557 18
stats: {sentpackets,"tsung_controller@ip-172-31-6-161"} 1 2320.0 0.0 2630 84 1637.4444444444443 18
stats: {cpu,"tsung_controller@ip-172-31-6-161"} 1 6.378802747791953 0.0 6.889763779527559 1.7733990147783252 4.7842869282630796 19
stats: session 10 89712.20886230469 22256.283679515167 117770.17407226563 17665.927978515625 65761.3218296596 112
stats: users_count 32 323
stats: finish_users_count 10 122
stats: request 530 2026.6897110849047 578.1726359121518 7790.556884765625 0.5419921875 554.1329678202545 7405
stats: connect 33 2.0675307765151514 2.9258973371836077 132.343017578125 0.890869140625 2.376085162984914 290
stats: page 478 2215.524556052235 1028.4450269526992 7790.556884765625 0.5419921875 615.352761008523 6644
stats: 302 40 519
stats: 200 443 6562
stats: size_rcv 2202230 33342016
stats: newphase 0 3
stats: size_sent 386398 5763101
stats: connected 22 200
stats: 204 44 808
stats: max_repeat 15 198
stats: 400 4 47
# stats: dump at 1480607150
stats: users 229 229
stats: {load,"tsung_controller@ip-172-31-6-161"} 1 0.05078125 0.0 0.109375 0.01953125 0.0591796875 20
stats: {freemem,"tsung_controller@ip-172-31-6-161"} 1 3118.94140625 0.0 3159.46484375 3118.94140625 3141.63125 20
stats: {recvpackets,"tsung_controller@ip-172-31-6-161"} 1 3124.0 0.0 3500 84 2197.9473684210525 19
stats: {sentpackets,"tsung_controller@ip-172-31-6-161"} 1 2435.0 0.0 2630 84 1673.3684210526317 19
stats: {cpu,"tsung_controller@ip-172-31-6-161"} 1 6.666666666666667 0.0 6.889763779527559 1.7733990147783252 4.864012719239524 20
stats: session 8 86430.36636352539 18030.35292362529 117770.17407226563 17665.927978515625 67724.50929135182 122
stats: users_count 36 359
stats: finish_users_count 8 130
stats: request 479 2507.598074194286 531.1462363892553 7790.556884765625 0.5419921875 652.4889947805904 7935
stats: connect 36 1.6044175889756944 0.46323101413709694 132.343017578125 0.890869140625 2.34456103062113 323
stats: page 422 2774.6362050133316 1124.8953303668293 7790.556884765625 0.5419921875 722.749857053299 7122
stats: 302 50 569
stats: 200 385 6947
stats: size_rcv 2015058 35357074
stats: newphase 0 3
stats: size_sent 350206 6113307
stats: connected 29 229
stats: 204 40 848
stats: max_repeat 12 210
stats: 400 3 50
# stats: dump at 1480607160
stats: users 257 257
stats: {load,"tsung_controller@ip-172-31-6-161"} 1 0.0390625 0.0 0.109375 0.01953125 0.058779761904761904 21
stats: {freemem,"tsung_controller@ip-172-31-6-161"} 1 3114.890625 0.0 3159.46484375 3114.890625 3140.55078125 21
stats: {recvpackets,"tsung_controller@ip-172-31-6-161"} 1 2894.0 0.0 3500 84 2244.25 20
stats: {sentpackets,"tsung_controller@ip-172-31-6-161"} 1 2245.0 0.0 2630 84 1711.45 20
stats: {cpu,"tsung_controller@ip-172-31-6-161"} 1 5.742574257425743 0.0 6.889763779527559 1.7733990147783252 4.949853383402721 21
stats: session 10 108214.85107421875 20775.708585428347 137921.59594726563 17665.927978515625 68875.63895733173 130
stats: users_count 38 397
stats: finish_users_count 10 140
stats: request 491 2958.2049478503686 785.580241743031 7790.556884765625 0.5419921875 758.0983659523469 8414
stats: connect 38 1.741981907894737 0.8495029270184778 132.343017578125 0.85595703125 2.2703405183669916 359
stats: page 436 3310.687535837156 1462.012455389116 8592.927001953125 0.5419921875 837.5292895611375 7544
stats: 302 52 621
stats: 200 397 7344
stats: size_rcv 2044562 37401636
stats: newphase 0 3
stats: size_sent 363126 6476433
stats: connected 27 256
stats: 204 39 887
stats: max_repeat 11 221
stats: 400 3 53
# stats: dump at 1480607170
stats: users 290 290
stats: {load,"tsung_controller@ip-172-31-6-161"} 1 0.0390625 0.0 0.109375 0.01953125 0.05788352272727273 22
stats: {freemem,"tsung_controller@ip-172-31-6-161"} 1 3110.734375 0.0 3159.46484375 3110.734375 3139.3844105113635 22
stats: {recvpackets,"tsung_controller@ip-172-31-6-161"} 1 2746.0 0.0 3500 84 2275.190476190476 21
stats: {sentpackets,"tsung_controller@ip-172-31-6-161"} 1 2155.0 0.0 2630 84 1736.857142857143 21
stats: {cpu,"tsung_controller@ip-172-31-6-161"} 1 6.096361848574238 0.0 6.889763779527559 1.7733990147783252 4.9858861504037675 22
stats: session 3 87794.61100260417 42680.588488614216 137921.59594726563 17665.927978515625 71685.58267996652 140
stats: users_count 36 433
stats: finish_users_count 3 143
stats: request 460 3730.993194314708 1349.1707401196895 7790.556884765625 0.5419921875 879.4068815853541 8905
stats: connect 36 1.6335991753472223 0.4542146133606257 132.343017578125 0.85595703125 2.2197671501102016 397
stats: page 394 4124.918898219387 2036.9094036452075 10831.43603515625 0.5419921875 972.6542263250905 7980
stats: 302 47 668
stats: 200 351 7695
stats: size_rcv 1775578 39177214
stats: newphase 0 3
stats: size_sent 345185 6821618
stats: connected 33 289
stats: 204 29 916
stats: max_repeat 5 226
stats: 400 1 54
stats: 503 31 31
stats: 404 1 1
# stats: dump at 1480607180
stats: users 313 313
stats: {load,"tsung_controller@ip-172-31-6-161"} 1 0.03125 0.0 0.109375 0.01953125 0.057065217391304345 23
stats: {freemem,"tsung_controller@ip-172-31-6-161"} 1 3104.80078125 0.0 3159.46484375 3104.80078125 3138.1387567934785 23
stats: {recvpackets,"tsung_controller@ip-172-31-6-161"} 1 2821.0 0.0 3500 84 2296.590909090909 22
stats: {sentpackets,"tsung_controller@ip-172-31-6-161"} 1 2160.0 0.0 2630 84 1755.8636363636363 22
stats: {cpu,"tsung_controller@ip-172-31-6-161"} 1 5.719921104536489 0.0 6.889763779527559 1.7733990147783252 5.034167702498135 23
stats: session 13 93706.55859375 31097.626280391338 137921.59594726563 17665.927978515625 72023.53432309878 143
stats: users_count 36 469
stats: finish_users_count 13 156
stats: request 566 3432.000701365116 2198.70202306628 7790.556884765625 0.5419921875 1019.4741217194173 9365
stats: connect 35 1.5647600446428573 0.42226784129087686 132.343017578125 0.85595703125 2.171032630268476 433
stats: page 481 4035.1260592962276 3008.5047930518126 11879.503173828125 0.5419921875 1120.9695213724217 8374
stats: 302 36 704
stats: 200 335 8030
stats: size_rcv 1818975 40996189
stats: newphase 0 3
stats: size_sent 399134 7220752
stats: connected 23 312
stats: 204 35 951
stats: max_repeat 9 235
stats: 400 4 58
stats: 503 154 185
stats: 404 0 1
stats: 500 2 2
# stats: dump at 1480607190
stats: users 349 349
stats: {load,"tsung_controller@ip-172-31-6-161"} 1 0.03125 0.0 0.109375 0.01953125 0.055989583333333336 24
stats: {freemem,"tsung_controller@ip-172-31-6-161"} 1 3102.72265625 0.0 3159.46484375 3102.72265625 3136.7496744791665 24
stats: {recvpackets,"tsung_controller@ip-172-31-6-161"} 1 2894.0 0.0 3500 84 2319.391304347826 23
stats: {sentpackets,"tsung_controller@ip-172-31-6-161"} 1 2377.0 0.0 2630 84 1773.4347826086957 23
stats: {cpu,"tsung_controller@ip-172-31-6-161"} 1 7.0588235294117645 0.0 7.0588235294117645 1.7733990147783252 5.062740760916401 24
stats: session 8 57364.695220947266 38872.015598479215 137921.59594726563 17665.927978515625 73830.45301231972 156
stats: users_count 44 513
stats: finish_users_count 8 164
stats: request 680 2848.1392588895915 2604.7882589696064 7790.556884765625 0.5419921875 1156.9718605251232 9931
stats: connect 45 2.1933213975694437 3.424502746715731 132.343017578125 0.843017578125 2.1256917317708335 468
stats: page 578 3308.783515692582 3325.1198332261893 11997.072021484375 0.5419921875 1279.2653197621848 8855
stats: 302 47 751
stats: 200 304 8334
stats: size_rcv 1711271 42707460
stats: newphase 1 4
stats: size_sent 471629 7692381
stats: connected 37 349
stats: 204 28 979
stats: max_repeat 13 248
stats: 400 1 59
stats: 503 300 485
stats: 404 0 1
stats: 500 2 4
# stats: dump at 1480607200
stats: users 392 392
stats: {load,"tsung_controller@ip-172-31-6-161"} 1 0.01953125 0.0 0.109375 0.01953125 0.055 25
stats: {freemem,"tsung_controller@ip-172-31-6-161"} 1 3099.16015625 0.0 3159.46484375 3099.16015625 3135.38859375 25
stats: {recvpackets,"tsung_controller@ip-172-31-6-161"} 1 2932.0 0.0 3500 84 2343.3333333333335 24
stats: {sentpackets,"tsung_controller@ip-172-31-6-161"} 1 2616.0 0.0 2630 84 1798.5833333333333 24
stats: {cpu,"tsung_controller@ip-172-31-6-161"} 1 7.933398628795299 0.0 7.933398628795299 1.7733990147783252 5.1425840716562154 25
stats: session 18 86622.23512098525 53561.60091245558 170900.81396484375 15617.114013671875 73027.2453151796 164
stats: users_count 61 574
stats: finish_users_count 18 182
stats: request 934 2443.3488651904618 2841.712574151376 10924.009033203125 0.5419921875 1265.3493773367186 10611
stats: connect 59 1.5717525158898304 0.4784351043775391 132.343017578125 0.843017578125 2.131624158595273 513
stats: page 782 2966.944426787786 3696.9902387173324 13863.05615234375 0.5419921875 1403.6225250253851 9433
stats: 302 43 794
stats: 200 321 8655
stats: size_rcv 2021320 44728780
stats: newphase 0 4
stats: size_sent 623806 8316187
stats: connected 41 390
stats: 204 30 1009
stats: max_repeat 34 282
stats: 400 3 62
stats: 503 521 1006
stats: 404 0 1
stats: 500 14 18
# stats: dump at 1480607210
stats: users 433 433
stats: {load,"tsung_controller@ip-172-31-6-161"} 1 0.08984375 0.0 0.109375 0.01953125 0.053635817307692304 26
stats: {freemem,"tsung_controller@ip-172-31-6-161"} 1 3095.8984375 0.0 3159.46484375 3095.8984375 3133.9951923076924 26
stats: {recvpackets,"tsung_controller@ip-172-31-6-161"} 1 3406.0 0.0 3500 84 2366.88 25
stats: {sentpackets,"tsung_controller@ip-172-31-6-161"} 1 3118.0 0.0 3118 84 1831.28 25
stats: {cpu,"tsung_controller@ip-172-31-6-161"} 1 9.037328094302556 0.0 9.037328094302556 1.7733990147783252 5.249923093084641 26
stats: session 23 73888.31537661346 46203.58754826018 170900.81396484375 15617.114013671875 74371.80474652302 182
stats: users_count 64 638
stats: finish_users_count 23 205
stats: request 1123 1726.5671734559362 2384.3324046403227 10924.009033203125 0.5390625 1360.6505052410405 11545
stats: connect 62 1.5650398500504032 0.4807484819853013 132.343017578125 0.8291015625 2.073875160484047 572
stats: page 962 1987.4255208671725 3002.523701441421 13863.05615234375 0.5390625 1523.3012061000986 10215
stats: 302 43 837
stats: 200 308 8963
stats: size_rcv 1992046 46720826
stats: newphase 0 4
stats: size_sent 739426 9055613
stats: connected 40 430
stats: 204 24 1033
stats: max_repeat 25 307
stats: 400 7 69
stats: 503 724 1730
stats: 404 1 2
stats: 500 16 34
# stats: dump at 1480607220
stats: users 461 461
stats: {load,"tsung_controller@ip-172-31-6-161"} 1 0.078125 0.0 0.109375 0.01953125 0.05497685185185185 27
stats: {freemem,"tsung_controller@ip-172-31-6-161"} 1 3091.87890625 0.0 3159.46484375 3091.87890625 3132.5842013888887 27
stats: {recvpackets,"tsung_controller@ip-172-31-6-161"} 1 3483.0 0.0 3500 84 2406.846153846154 26
stats: {sentpackets,"tsung_controller@ip-172-31-6-161"} 1 3462.0 0.0 3462 84 1880.7692307692307 26
stats: {cpu,"tsung_controller@ip-172-31-6-161"} 1 11.423039690222653 0.0 11.423039690222653 1.7733990147783252 5.390197352389008 27
stats: session 23 96399.30399753737 46138.47871037352 172092.47802734375 15617.114013671875 74317.55959770389 205
stats: users_count 51 689
stats: finish_users_count 23 228
stats: request 1359 1615.555652744723 2683.792337877847 10924.009033203125 0.5390625 1393.088492169153 12668
stats: connect 52 1.4966571514423077 0.41994867539830755 132.343017578125 0.818115234375 2.0241152405362777 634
stats: page 1166 1822.005194374464 3256.5229259641173 13863.05615234375 0.5390625 1563.2482035775902 11177
stats: 302 52 889
stats: 200 255 9218
stats: size_rcv 1970006 48690832
stats: newphase 0 4
stats: size_sent 897738 9953351
stats: connected 27 457
stats: 204 27 1060
stats: max_repeat 54 361
stats: 400 11 80
stats: 503 984 2714
stats: 404 2 4
stats: 500 29 63
# stats: dump at 1480607230
stats: users 502 505
stats: {load,"tsung_controller@ip-172-31-6-161"} 1 0.0703125 0.0 0.109375 0.01953125 0.05580357142857143 28
stats: {freemem,"tsung_controller@ip-172-31-6-161"} 1 3088.140625 0.0 3159.46484375 3088.140625 3131.130440848214 28
stats: {recvpackets,"tsung_controller@ip-172-31-6-161"} 1 3667.0 0.0 3667 84 2446.703703703704 27
stats: {sentpackets,"tsung_controller@ip-172-31-6-161"} 1 3669.0 0.0 3669 84 1939.3333333333333 27
stats: {cpu,"tsung_controller@ip-172-31-6-161"} 1 12.800769971126083 0.0 12.800769971126083 1.7733990147783252 5.605656007311638 28
stats: session 28 84184.12606375558 42243.08538627621 172092.47802734375 15617.114013671875 76545.10398891516 228
stats: users_count 69 758
stats: finish_users_count 28 256
stats: request 1503 1470.413116637818 2307.8027656281743 10924.009033203125 0.5390625 1414.6421295272621 14027
stats: connect 68 1.559451832490809 0.44650554278487664 132.343017578125 0.818115234375 1.9841329947157433 686
stats: page 1295 1798.8479275383083 3031.090633177072 13863.05615234375 0.5390625 1587.6920706495464 12343
stats: 302 43 932
stats: 200 332 9550
stats: size_rcv 2382145 51072977
stats: newphase 0 4
stats: size_sent 961451 10914802
stats: connected 39 496
stats: 204 20 1080
stats: max_repeat 54 415
stats: 400 15 95
stats: 503 1041 3755
stats: 404 3 7
stats: 500 49 112
# stats: dump at 1480607240
stats: users 528 528
stats: {load,"tsung_controller@ip-172-31-6-161"} 1 0.05859375 0.0 0.109375 0.01953125 0.05630387931034483 29
stats: {freemem,"tsung_controller@ip-172-31-6-161"} 1 3086.1640625 0.0 3159.46484375 3086.1640625 3129.6480334051726 29
stats: {recvpackets,"tsung_controller@ip-172-31-6-161"} 1 4216.0 0.0 4216 84 2490.285714285714 28
stats: {sentpackets,"tsung_controller@ip-172-31-6-161"} 1 4190.0 0.0 4190 84 2001.107142857143 28
stats: {cpu,"tsung_controller@ip-172-31-6-161"} 1 13.886210221793634 0.0 13.886210221793634 1.7733990147783252 5.853763385374205 29
stats: session 37 107886.73962072424 39275.58533125144 177262.09790039063 15617.114013671875 77380.62202835083 256
stats: users_count 63 821
stats: finish_users_count 37 293
stats: request 1569 1369.6555107316071 2232.994942388818 10924.009033203125 0.5390625 1420.0396693615935 15530
stats: connect 65 1.5297025240384616 0.44475971311530693 132.343017578125 0.818115234375 1.9458328368493036 754
stats: page 1365 1620.7616461338143 2714.950826035589 13863.05615234375 0.5390625 1607.742432481996 13638
stats: 302 47 979
stats: 200 315 9865
stats: size_rcv 2383245 53456222
stats: newphase 0 4
stats: size_sent 1002141 11916943
stats: connected 29 525
stats: 204 29 1109
stats: max_repeat 66 481
stats: 400 14 109
stats: 503 1123 4878
stats: 404 5 12
stats: 500 37 149
# stats: dump at 1480607250
stats: users 570 570
stats: {load,"tsung_controller@ip-172-31-6-161"} 1 0.12890625 0.0 0.12890625 0.01953125 0.056380208333333334 30
stats: {freemem,"tsung_controller@ip-172-31-6-161"} 1 3085.1171875 0.0 3159.46484375 3085.1171875 3128.1985677083335 30
stats: {recvpackets,"tsung_controller@ip-172-31-6-161"} 1 4168.0 0.0 4216 84 2549.793103448276 29
stats: {sentpackets,"tsung_controller@ip-172-31-6-161"} 1 4244.0 0.0 4244 84 2076.5862068965516 29
stats: {cpu,"tsung_controller@ip-172-31-6-161"} 1 13.870029097963144 0.0 13.886210221793634 1.7733990147783252 6.121511613254853 30
stats: session 49 92701.20120675222 46237.164529026064 177262.09790039063 15617.114013671875 81232.93039325805 293
stats: users_count 91 912
stats: finish_users_count 49 342
stats: request 1594 1323.5314840319154 2140.7562200359775 10924.009033203125 0.5390625 1415.4164314593506 17099
stats: connect 86 1.8120315906613371 1.6387372623732706 132.343017578125 0.818115234375 1.912806621546856 819
stats: page 1382 1489.741859270418 2506.053146906553 13863.05615234375 0.5390625 1608.9269440220035 15003
stats: 302 53 1032
stats: 200 301 10166
stats: size_rcv 2396641 55852863
stats: newphase 1 5
stats: size_sent 999592 12916535
stats: connected 33 558
stats: 204 26 1135
stats: max_repeat 69 550
stats: 400 20 129
stats: 503 1132 6010
stats: 404 3 15
stats: 500 57 206
# stats: dump at 1480607260
stats: users 604 607
stats: {load,"tsung_controller@ip-172-31-6-161"} 1 0.109375 0.0 0.12890625 0.01953125 0.05871975806451613 31
stats: {freemem,"tsung_controller@ip-172-31-6-161"} 1 3082.95703125 0.0 3159.46484375 3082.95703125 3126.8088457661293 31
stats: {recvpackets,"tsung_controller@ip-172-31-6-161"} 1 4628.0 0.0 4628 84 2603.733333333333 30
stats: {sentpackets,"tsung_controller@ip-172-31-6-161"} 1 4787.0 0.0 4787 84 2148.8333333333335 30
stats: {cpu,"tsung_controller@ip-172-31-6-161"} 1 16.555023923444974 0.0 16.555023923444974 1.7733990147783252 6.371463790180927 31
stats: session 51 80767.5168839997 47012.747981175424 182927.671875 15617.114013671875 82876.04521741364 342
stats: users_count 85 997
stats: finish_users_count 51 393
stats: request 1777 1233.7393108447354 2015.034461213631 10924.009033203125 0.5390625 1407.5811665901842 18693
stats: connect 89 1.7157325316011236 1.0362442579255158 132.343017578125 0.818115234375 1.9032302097720994 905
stats: page 1570 1406.9830990931036 2380.2878294987945 13863.05615234375 0.5390625 1598.8742258574205 16385
stats: 302 71 1103
stats: 200 317 10483
stats: size_rcv 2557932 58410795
stats: newphase 0 5
stats: size_sent 1102565 14019100
stats: connected 40 598
stats: 204 21 1156
stats: max_repeat 80 630
stats: 400 16 145
stats: 503 1264 7274
stats: 404 9 24
stats: 500 79 285
# stats: dump at 1480607270
stats: users 647 648
stats: {load,"tsung_controller@ip-172-31-6-161"} 1 0.08984375 0.0 0.12890625 0.01953125 0.060302734375 32
stats: {freemem,"tsung_controller@ip-172-31-6-161"} 1 3080.609375 0.0 3159.46484375 3080.609375 3125.4384765625 32
stats: {recvpackets,"tsung_controller@ip-172-31-6-161"} 1 4672.0 0.0 4672 84 2669.032258064516 31
stats: {sentpackets,"tsung_controller@ip-172-31-6-161"} 1 4917.0 0.0 4917 84 2233.935483870968 31
stats: {cpu,"tsung_controller@ip-172-31-6-161"} 1 15.957446808510639 0.0 16.555023923444974 1.7733990147783252 6.689700044345428 32
stats: session 56 81644.89107404437 42454.997547290564 185986.080078125 15617.114013671875 82602.41940315382 393
stats: users_count 99 1096
stats: finish_users_count 56 449
stats: request 1848 1114.645259444334 2060.6509253541794 10924.009033203125 0.5390625 1392.4899610376847 20470
stats: connect 97 1.6167143202319587 0.6187324098110781 132.343017578125 0.81787109375 1.8864421882859659 994
stats: page 1632 1227.6254537245816 2341.978535396811 13863.05615234375 0.5390625 1582.0951075605685 17955
stats: 302 62 1165
stats: 200 293 10776
stats: size_rcv 2531972 60942767
stats: newphase 0 5
stats: size_sent 1107614 15126714
stats: connected 43 641
stats: 204 14 1170
stats: max_repeat 81 711
stats: 400 18 163
stats: 503 1411 8685
stats: 404 2 26
stats: 500 48 333
# stats: dump at 1480607280
stats: users 688 690
stats: {load,"tsung_controller@ip-172-31-6-161"} 1 0.078125 0.0 0.12890625 0.01953125 0.061197916666666664 33
stats: {freemem,"tsung_controller@ip-172-31-6-161"} 1 3078.83203125 0.0 3159.46484375 3078.83203125 3124.080018939394 33
stats: {recvpackets,"tsung_controller@ip-172-31-6-161"} 1 4774.0 0.0 4774 84 2731.625 32
stats: {sentpackets,"tsung_controller@ip-172-31-6-161"} 1 5039.0 0.0 5039 84 2317.78125 32
stats: {cpu,"tsung_controller@ip-172-31-6-161"} 1 16.163583252190847 0.0 16.555023923444974 1.7733990147783252 6.9705408553807375 33
stats: session 66 89418.41711425781 48390.69924720403 239213.5859375 15617.114013671875 82482.99493448983 449
stats: users_count 107 1203
stats: finish_users_count 66 515
stats: request 1990 1098.1673918910956 1996.0521512686205 10924.009033203125 0.5390625 1369.4835532706575 22318
stats: connect 111 1.58691626196509 0.5722515530317079 132.343017578125 0.81787109375 1.8624608837935381 1091
stats: page 1732 1306.4338824336028 2461.4065679261903 13863.05615234375 0.5390625 1552.5604940383173 19587
stats: 302 51 1216
stats: 200 316 11092
stats: size_rcv 2636206 63578973
stats: newphase 0 5
stats: size_sent 1183842 16310556
stats: connected 46 687
stats: 204 21 1191
stats: max_repeat 90 801
stats: 400 25 188
stats: 503 1502 10187
stats: 404 5 31
stats: 500 70 403
# stats: dump at 1480607290
stats: users 703 705
stats: {load,"tsung_controller@ip-172-31-6-161"} 1 0.140625 0.0 0.140625 0.01953125 0.06169577205882353 34
stats: {freemem,"tsung_controller@ip-172-31-6-161"} 1 3077.69140625 0.0 3159.46484375 3077.69140625 3122.749195772059 34
stats: {recvpackets,"tsung_controller@ip-172-31-6-161"} 1 4949.0 0.0 4949 84 2793.5151515151515 33
stats: {sentpackets,"tsung_controller@ip-172-31-6-161"} 1 5308.0 0.0 5308 84 2400.242424242424 33
stats: {cpu,"tsung_controller@ip-172-31-6-161"} 1 17.395529640427597 0.0 17.395529640427597 1.7733990147783252 7.240924455286917 34
stats: session 78 89744.8909473908 50769.36776077638 271813.7741699219 15617.114013671875 83371.80632063486 515
stats: users_count 93 1296
stats: finish_users_count 78 593
stats: request 1946 1099.1740341264936 2027.11621336506 10924.009033203125 0.5390625 1347.2719702056038 24308
stats: connect 93 1.8113895539314515 1.1213318429578358 132.343017578125 0.81787109375 1.837015415388415 1202
stats: page 1667 1255.474017550006 2354.060276728779 13863.05615234375 0.5390625 1532.5646550543422 21319
stats: 302 58 1274
stats: 200 280 11372
stats: size_rcv 2547497 66126470
stats: newphase 0 5
stats: size_sent 1156758 17467314
stats: connected 12 699
stats: 204 15 1206
stats: max_repeat 98 899
stats: 400 20 208
stats: 503 1483 11670
stats: 404 3 34
stats: 500 88 491
# stats: dump at 1480607300
stats: users 740 742
stats: {load,"tsung_controller@ip-172-31-6-161"} 1 0.26953125 0.0 0.26953125 0.01953125 0.06395089285714285 35
stats: {freemem,"tsung_controller@ip-172-31-6-161"} 1 3077.1953125 0.0 3159.46484375 3077.1953125 3121.461830357143 35
stats: {recvpackets,"tsung_controller@ip-172-31-6-161"} 1 4906.0 0.0 4949 84 2856.9117647058824 34
stats: {sentpackets,"tsung_controller@ip-172-31-6-161"} 1 5504.0 0.0 5504 84 2485.764705882353 34
stats: {cpu,"tsung_controller@ip-172-31-6-161"} 1 20.415879017013232 0.0 20.415879017013232 1.7733990147783252 7.531056032005222 35
stats: session 84 85677.1959780738 43931.051386962725 271813.7741699219 15617.114013671875 84210.08726648135 593
stats: users_count 121 1417
stats: finish_users_count 84 677
stats: request 2164 955.1243975457768 1931.7755284312866 10924.009033203125 0.5390625 1328.882445424239 26254
stats: connect 119 1.603632566307773 0.5180337418702915 132.343017578125 0.81787109375 1.835175102557915 1295
stats: page 1824 1153.9978471722534 2357.1405463784813 13863.05615234375 0.5390625 1512.4693756355773 22986
stats: 302 66 1340
stats: 200 266 11638
stats: size_rcv 2490829 68617299
stats: newphase 0 5
stats: size_sent 1253364 18720678
stats: connected 37 736
stats: 204 13 1219
stats: max_repeat 113 1012
stats: 400 17 225
stats: 503 1719 13389
stats: 404 13 47
stats: 500 69 560
# stats: dump at 1480607310
stats: users 778 780
stats: {load,"tsung_controller@ip-172-31-6-161"} 1 0.23046875 0.0 0.26953125 0.01953125 0.06966145833333333 36
stats: {freemem,"tsung_controller@ip-172-31-6-161"} 1 3076.62890625 0.0 3159.46484375 3076.62890625 3120.2322048611113 36
stats: {recvpackets,"tsung_controller@ip-172-31-6-161"} 1 4813.0 0.0 4949 84 2915.457142857143 35
stats: {sentpackets,"tsung_controller@ip-172-31-6-161"} 1 5501.0 0.0 5504 84 2572.0 35
stats: {cpu,"tsung_controller@ip-172-31-6-161"} 1 18.058252427184467 0.0 20.415879017013232 1.7733990147783252 7.888967781588779 36
stats: session 73 90532.39889902613 53283.69774699428 278072.64306640625 15617.114013671875 84392.12143453713 677
stats: users_count 111 1528
stats: finish_users_count 73 750
stats: request 2227 944.4818340519051 1963.901243210194 10924.009033203125 0.5390625 1300.4211738495683 28418
stats: connect 113 2.011096515486727 2.7057760259271273 132.343017578125 0.81787109375 1.8156888495071606 1414
stats: page 1889 1081.2276570616502 2315.1718706962693 13863.05615234375 0.5390625 1486.1149996614902 24810
stats: 302 69 1409
stats: 200 262 11900
stats: size_rcv 2606531 71223830
stats: newphase 1 6
stats: size_sent 1302995 20023673
stats: connected 38 774
stats: 204 14 1233
stats: max_repeat 109 1121
stats: 400 24 249
stats: 503 1784 15173
stats: 404 3 50
stats: 500 71 631
# stats: dump at 1480607320
stats: users 849 849
stats: {load,"tsung_controller@ip-172-31-6-161"} 1 0.3515625 0.0 0.3515625 0.01953125 0.07400760135135136 37
stats: {freemem,"tsung_controller@ip-172-31-6-161"} 1 3072.71875 0.0 3159.46484375 3072.71875 3119.0537373310813 37
stats: {recvpackets,"tsung_controller@ip-172-31-6-161"} 1 5359.0 0.0 5359 84 2968.1666666666665 36
stats: {sentpackets,"tsung_controller@ip-172-31-6-161"} 1 6271.0 0.0 6271 84 2653.3611111111113 36
stats: {cpu,"tsung_controller@ip-172-31-6-161"} 1 22.041984732824428 0.0 22.041984732824428 1.7733990147783252 8.163813312550824 37
stats: session 90 86799.40202365452 47695.777090639785 278072.64306640625 15617.114013671875 84989.77510774738 750
stats: users_count 161 1689
stats: finish_users_count 90 840
stats: request 2636 809.3617248998246 1940.1447826864237 10924.009033203125 0.5390625 1274.5547385508444 30645
stats: connect 155 1.643779926915323 0.5907017368636296 132.343017578125 0.81787109375 1.8301492727263424 1527
stats: page 2249 951.622662915288 2336.4641080563483 13863.05615234375 0.5390625 1457.4685263789293 26699
stats: 302 57 1466
stats: 200 254 12154
stats: size_rcv 2775935 73999765
stats: newphase 0 6
stats: size_sent 1530296 21553969
stats: connected 62 836
stats: 204 7 1240
stats: max_repeat 155 1276
stats: 400 25 274
stats: 503 2223 17396
stats: 404 6 56
stats: 500 64 695
# stats: dump at 1480607330
stats: users 897 900
stats: {load,"tsung_controller@ip-172-31-6-161"} 1 0.37109375 0.0 0.37109375 0.01953125 0.08131167763157894 38
stats: {freemem,"tsung_controller@ip-172-31-6-161"} 1 3069.671875 0.0 3159.46484375 3069.671875 3117.8343955592104 38
stats: {recvpackets,"tsung_controller@ip-172-31-6-161"} 1 5628.0 0.0 5628 84 3032.7837837837837 37
stats: {sentpackets,"tsung_controller@ip-172-31-6-161"} 1 6761.0 0.0 6761 84 2751.135135135135 37
stats: {cpu,"tsung_controller@ip-172-31-6-161"} 1 23.062200956937797 0.0 23.062200956937797 1.7733990147783252 8.529028349926444 38
stats: session 105 70183.05975399929 37758.58206049621 278072.64306640625 13001.511962890625 85183.66370588029 840
stats: users_count 153 1842
stats: finish_users_count 105 945
stats: request 2689 828.2049000812053 1921.1996761973362 10924.009033203125 0.5390625 1237.70942789359 33281
stats: connect 158 1.8670731556566451 1.82680496042385 132.343017578125 0.81787109375 1.8129749275416172 1682
stats: page 2284 984.8599374640839 2319.768108831762 13863.05615234375 0.5390625 1418.1688391145335 28948
stats: 302 78 1544
stats: 200 247 12401
stats: size_rcv 2713940 76713705
stats: newphase 0 6
stats: size_sent 1532244 23086213
stats: connected 52 888
stats: 204 7 1247
stats: max_repeat 147 1423
stats: 400 39 313
stats: 503 2231 19627
stats: 404 2 58
stats: 500 86 781
# stats: dump at 1480607340
stats: users 968 968
stats: {load,"tsung_controller@ip-172-31-6-161"} 1 0.3203125 0.0 0.37109375 0.01953125 0.08874198717948717 39
stats: {freemem,"tsung_controller@ip-172-31-6-161"} 1 3066.61328125 0.0 3159.46484375 3066.61328125 3116.5994591346152 39
stats: {recvpackets,"tsung_controller@ip-172-31-6-161"} 1 5835.0 0.0 5835 84 3101.0789473684213 38
stats: {sentpackets,"tsung_controller@ip-172-31-6-161"} 1 7041.0 0.0 7041 84 2856.657894736842 38
stats: {cpu,"tsung_controller@ip-172-31-6-161"} 1 23.20916905444126 0.0 23.20916905444126 1.7733990147783252 8.901673801388272 39
stats: session 87 88574.120975889 48335.412936651 278072.64306640625 13001.511962890625 83516.92993344906 945
stats: users_count 158 2000
stats: finish_users_count 87 1032
stats: request 2818 742.9542159221971 1812.6165181890356 12993.60400390625 0.5390625 1207.0962036709736 35970
stats: connect 158 1.8651339374011076 1.2339218648753865 132.343017578125 0.777099609375 1.817620318868886 1840
stats: page 2353 899.9654523895688 2148.54616568663 13863.05615234375 0.5390625 1386.4809058611515 31232
stats: 302 64 1608
stats: 200 251 12652
stats: size_rcv 2882014 79595719
stats: newphase 0 6
stats: size_sent 1597322 24683535
stats: connected 76 964
stats: 204 10 1257
stats: max_repeat 147 1570
stats: 400 14 327
stats: 503 2394 22021
stats: 404 7 65
stats: 500 78 859
# stats: dump at 1480607350
stats: users 1013 1013
stats: {load,"tsung_controller@ip-172-31-6-161"} 1 0.26953125 0.0 0.37109375 0.01953125 0.09453124999999998 40
stats: {freemem,"tsung_controller@ip-172-31-6-161"} 1 3064.73828125 0.0 3159.46484375 3064.73828125 3115.3498046875 40
stats: {recvpackets,"tsung_controller@ip-172-31-6-161"} 1 5681.0 0.0 5835 84 3171.1794871794878 39
stats: {sentpackets,"tsung_controller@ip-172-31-6-161"} 1 7007.0 0.0 7041 84 2963.948717948718 39
stats: {cpu,"tsung_controller@ip-172-31-6-161"} 1 23.827751196172247 0.0 23.827751196172247 1.7733990147783252 9.259361182714596 40
stats: session 103 71959.84803786787 35584.469534860786 278072.64306640625 13001.511962890625 83943.26289923614 1032
stats: users_count 148 2148
stats: finish_users_count 103 1135
stats: request 2963 736.3842542727498 1819.329731067691 12993.60400390625 0.5390625 1173.3756684158418 38788
stats: connect 147 1.7945747634991496 1.0200798814604477 132.343017578125 0.777099609375 1.8213776520661287 1998
stats: page 2488 883.8055230536254 2153.8601266987134 13863.05615234375 0.5390625 1352.395127626266 33585
stats: 302 72 1680
stats: 200 240 12892
stats: size_rcv 2831463 82427182
stats: newphase 0 6
stats: size_sent 1660435 26343970
stats: connected 45 1009
stats: 204 7 1264
stats: max_repeat 166 1736
stats: 400 28 355
stats: 503 2522 24543
stats: 404 10 75
stats: 500 84 943
# stats: dump at 1480607360
stats: users 1042 1048
stats: {load,"tsung_controller@ip-172-31-6-161"} 1 0.30078125 0.0 0.37109375 0.01953125 0.0987995426829268 41
stats: {freemem,"tsung_controller@ip-172-31-6-161"} 1 3062.35546875 0.0 3159.46484375 3062.35546875 3114.1153772865855 41
stats: {recvpackets,"tsung_controller@ip-172-31-6-161"} 1 6244.0 0.0 6244 84 3233.9250000000006 40
stats: {sentpackets,"tsung_controller@ip-172-31-6-161"} 1 7625.0 0.0 7625 84 3065.025 40
stats: {cpu,"tsung_controller@ip-172-31-6-161"} 1 24.637681159420293 0.0 24.637681159420293 1.7733990147783252 9.614687768408686 41
stats: session 115 69514.74075662365 32397.242397788257 278072.64306640625 13001.511962890625 82855.78119816043 1135
stats: users_count 144 2292
stats: finish_users_count 115 1250
stats: request 3132 664.2954143655709 1722.253548513585 12993.60400390625 0.5390625 1142.3631044028605 41751
stats: connect 146 1.5946697078339043 0.5435853297651354 132.343017578125 0.777099609375 1.8195408107517483 2145
stats: page 2685 755.8613608589383 1998.5758988517093 13863.05615234375 0.5390625 1320.0759155791193 36073
stats: 302 75 1755
stats: 200 230 13122
stats: size_rcv 2931951 85359133
stats: newphase 0 6
stats: size_sent 1732207 28076177
stats: connected 29 1038
stats: 204 6 1270
stats: max_repeat 179 1915
stats: 400 38 393
stats: 503 2694 27237
stats: 404 9 84
stats: 500 79 1022
# stats: dump at 1480607370
stats: users 1088 1089
stats: {load,"tsung_controller@ip-172-31-6-161"} 1 0.25 0.0 0.37109375 0.01953125 0.10360863095238093 42
stats: {freemem,"tsung_controller@ip-172-31-6-161"} 1 3059.98828125 0.0 3159.46484375 3059.98828125 3112.8829985119046 42
stats: {recvpackets,"tsung_controller@ip-172-31-6-161"} 1 6469.0 0.0 6469 84 3307.3414634146347 41
stats: {sentpackets,"tsung_controller@ip-172-31-6-161"} 1 7888.0 0.0 7888 84 3176.243902439024 41
stats: {cpu,"tsung_controller@ip-172-31-6-161"} 1 26.19961612284069 0.0 26.19961612284069 1.7733990147783252 9.972378087242296 42
stats: session 126 71482.1220489986 37569.785985381626 278072.64306640625 13001.511962890625 81628.40547753905 1250
stats: users_count 172 2464
stats: finish_users_count 126 1376
stats: request 3396 657.8581880854775 1704.9980534159347 12993.60400390625 0.5390625 1109.0028565318005 44883
stats: connect 171 1.9790024785270457 4.495022368349246 132.343017578125 0.777099609375 1.8052103083396989 2291
stats: page 2869 790.8318538246946 2045.4770645287624 13863.05615234375 0.5390625 1280.9893765568868 38758
stats: 302 67 1822
stats: 200 268 13390
stats: size_rcv 3332167 88691300
stats: newphase 1 7
stats: size_sent 1910966 29987143
stats: connected 40 1078
stats: 204 3 1273
stats: max_repeat 189 2104
stats: 400 37 430
stats: 503 2918 30155
stats: 404 7 91
stats: 500 97 1119
# stats: dump at 1480607380
stats: users 1146 1147
stats: {load,"tsung_controller@ip-172-31-6-161"} 1 0.2890625 0.0 0.37109375 0.01953125 0.10701308139534882 43
stats: {freemem,"tsung_controller@ip-172-31-6-161"} 1 3055.69140625 0.0 3159.46484375 3055.69140625 3111.6528888081393 43
stats: {recvpackets,"tsung_controller@ip-172-31-6-161"} 1 6973.0 0.0 6973 84 3382.619047619048 42
stats: {sentpackets,"tsung_controller@ip-172-31-6-161"} 1 8612.0 0.0 8612 84 3288.4285714285716 42
stats: {cpu,"tsung_controller@ip-172-31-6-161"} 1 27.061105722599414 0.0 27.061105722599414 1.7733990147783252 10.34975571597714 43
stats: session 129 69036.98605370337 31345.983778504728 278072.64306640625 13001.511962890625 80699.3126635884 1376
stats: users_count 187 2651
stats: finish_users_count 129 1505
stats: request 3629 589.4236055123442 1577.400494209452 12993.60400390625 0.531005859375 1077.2688252957826 48279
stats: connect 187 1.6082065194685828 0.7272148109239945 132.343017578125 0.777099609375 1.817281169875863 2462
stats: page 3141 678.0854513173795 1804.9909928278257 13863.05615234375 0.531005859375 1247.206929281833 41627
stats: 302 72 1894
stats: 200 256 13646
stats: size_rcv 3322987 92014287
stats: newphase 0 7
stats: size_sent 1985478 31972621
stats: connected 57 1135
stats: 204 3 1276
stats: max_repeat 232 2336
stats: 400 42 472
stats: 503 3148 33303
stats: 404 6 97
stats: 500 101 1220
# stats: dump at 1480607390
stats: users 1182 1183
stats: {load,"tsung_controller@ip-172-31-6-161"} 1 0.23828125 0.0 0.37109375 0.01953125 0.11115056818181816 44
stats: {freemem,"tsung_controller@ip-172-31-6-161"} 1 3052.44921875 0.0 3159.46484375 3052.44921875 3110.381036931818 44
stats: {recvpackets,"tsung_controller@ip-172-31-6-161"} 1 7180.0 0.0 7180 84 3466.116279069768 43
stats: {sentpackets,"tsung_controller@ip-172-31-6-161"} 1 8801.0 0.0 8801 84 3412.232558139535 43
stats: {cpu,"tsung_controller@ip-172-31-6-161"} 1 29.45662535748332 0.0 29.45662535748332 1.7733990147783252 10.729559125218556 44
stats: session 150 72342.05120605466 36077.84657085279 278072.64306640625 13001.511962890625 79699.68466845539 1505
stats: users_count 186 2837
stats: finish_users_count 150 1655
stats: request 3604 613.3804647803457 1597.264345032454 12993.60400390625 0.528076171875 1043.162516006384 51908
stats: connect 188 2.166737657912235 4.035797969073173 132.343017578125 0.777099609375 1.8025220307191392 2649
stats: page 3102 721.9306076315422 1873.9531664656456 13863.05615234375 0.528076171875 1207.276385985587 44768
stats: 302 67 1961
stats: 200 267 13913
stats: size_rcv 3488482 95502769
stats: newphase 0 7
stats: size_sent 1951090 33923711
stats: connected 38 1173
stats: 204 6 1282
stats: max_repeat 213 2549
stats: 400 46 518
stats: 503 3097 36400
stats: 404 4 101
stats: 500 118 1338
# stats: dump at 1480607400
stats: users 1216 1217
stats: {load,"tsung_controller@ip-172-31-6-161"} 1 0.28125 0.0 0.37109375 0.01953125 0.11397569444444443 45
stats: {freemem,"tsung_controller@ip-172-31-6-161"} 1 3051.0546875 0.0 3159.46484375 3051.0546875 3109.0936631944446 45
stats: {recvpackets,"tsung_controller@ip-172-31-6-161"} 1 7230.0 0.0 7230 84 3550.522727272728 44
stats: {sentpackets,"tsung_controller@ip-172-31-6-161"} 1 8927.0 0.0 8927 84 3534.7045454545455 44
stats: {cpu,"tsung_controller@ip-172-31-6-161"} 1 29.87630827783064 0.0 29.87630827783064 1.7733990147783252 11.145716152602217 45
stats: session 162 73045.47176558884 32947.772467950956 278072.64306640625 13001.511962890625 79032.82967186318 1655
stats: users_count 196 3033
stats: finish_users_count 162 1817
stats: request 3807 524.3483498735861 1536.2149267576303 12993.60400390625 0.51416015625 1015.2598190648463 55512
stats: connect 196 1.572826151945153 0.6804134307075342 132.343017578125 0.765869140625 1.826657574572612 2837
stats: page 3261 594.5520241885647 1756.684911289155 13863.05615234375 0.51416015625 1175.8257362163317 47870
stats: 302 65 2026
stats: 200 226 14139
stats: size_rcv 3290544 98793313
stats: newphase 0 7
stats: size_sent 2029476 35953187
stats: connected 32 1205
stats: 204 2 1284
stats: max_repeat 252 2801
stats: 400 47 565
stats: 503 3370 39770
stats: 404 6 107
stats: 500 91 1429
# stats: dump at 1480607410
stats: users 1253 1253
stats: {load,"tsung_controller@ip-172-31-6-161"} 1 0.23828125 0.0 0.37109375 0.01953125 0.11761209239130432 46
stats: {freemem,"tsung_controller@ip-172-31-6-161"} 1 3050.0 0.0 3159.46484375 3050.0 3107.8319463315215 46
stats: {recvpackets,"tsung_controller@ip-172-31-6-161"} 1 7504.0 0.0 7504 84 3632.2888888888897 45
stats: {sentpackets,"tsung_controller@ip-172-31-6-161"} 1 9383.0 0.0 9383 84 3654.5333333333333 45
stats: {cpu,"tsung_controller@ip-172-31-6-161"} 1 30.067243035542745 0.0 30.067243035542745 1.7733990147783252 11.552902937933268 46
stats: session 164 71003.99415402292 33839.81287829385 278072.64306640625 13001.511962890625 78499.0090990418 1817
stats: users_count 201 3234
stats: finish_users_count 164 1981
stats: request 3689 576.0771185899997 1646.950743556398 12993.60400390625 0.51416015625 983.7538940962675 59319
stats: connect 195 2.2727376302083337 4.155977576036283 132.343017578125 0.765869140625 1.810254357020689 3033
stats: page 3173 694.0859429629643 1986.6521731386106 13863.05615234375 0.51416015625 1138.753635633074 51131
stats: 302 56 2082
stats: 200 249 14388
stats: size_rcv 3311873 102105186
stats: newphase 0 7
stats: size_sent 1989301 37942488
stats: connected 40 1245
stats: 204 2 1286
stats: max_repeat 228 3029
stats: 400 40 605
stats: 503 3253 43023
stats: 404 4 111
stats: 500 84 1513
# stats: dump at 1480607420
stats: users 1301 1302
stats: {load,"tsung_controller@ip-172-31-6-161"} 1 0.19921875 0.0 0.37109375 0.01953125 0.12017952127659573 47
stats: {freemem,"tsung_controller@ip-172-31-6-161"} 1 3045.984375 0.0 3159.46484375 3045.984375 3106.601479388298 47
stats: {recvpackets,"tsung_controller@ip-172-31-6-161"} 1 7377.0 0.0 7504 84 3716.456521739131 46
stats: {sentpackets,"tsung_controller@ip-172-31-6-161"} 1 9361.0 0.0 9383 84 3779.0652173913045 46
stats: {cpu,"tsung_controller@ip-172-31-6-161"} 1 30.422264875239925 0.0 30.422264875239925 1.7733990147783252 11.946825067669641 47
stats: session 151 64175.80669398026 26058.728292134987 278072.64306640625 13001.511962890625 77878.52325806094 1981
stats: users_count 199 3433
stats: finish_users_count 151 2132
stats: request 3905 586.3896177401783 1625.6017367944992 12993.60400390625 0.51416015625 959.8851849665915 63008
stats: connect 196 1.5696722536670917 0.48509664378444617 132.343017578125 0.765869140625 1.8381924729660393 3228
stats: page 3337 679.2270392948601 1870.4575239844241 13863.05615234375 0.51416015625 1112.771560853274 54304
stats: 302 67 2149
stats: 200 242 14630
stats: size_rcv 3481185 105586371
stats: newphase 0 7
stats: size_sent 2087832 40030320
stats: connected 44 1289
stats: 204 4 1290
stats: max_repeat 243 3272
stats: 400 45 650
stats: 503 3409 46432
stats: 404 11 122
stats: 500 127 1640
# stats: dump at 1480607430
stats: users 1215 1322
stats: {load,"tsung_controller@ip-172-31-6-161"} 1 0.25 0.0 0.37109375 0.01953125 0.12182617187499999 48
stats: {freemem,"tsung_controller@ip-172-31-6-161"} 1 3044.57421875 0.0 3159.46484375 3044.57421875 3105.338623046875 48
stats: {recvpackets,"tsung_controller@ip-172-31-6-161"} 1 7371.0 0.0 7504 84 3794.3404255319156 47
stats: {sentpackets,"tsung_controller@ip-172-31-6-161"} 1 9420.0 0.0 9420 84 3897.8297872340427 47
stats: {cpu,"tsung_controller@ip-172-31-6-161"} 1 31.916902738432483 0.0 31.916902738432483 1.7733990147783252 12.331730063660688 48
stats: session 178 73944.55398113812 32124.975299784797 278072.64306640625 13001.511962890625 76908.02128752801 2132
stats: users_count 92 3525
stats: finish_users_count 178 2310
stats: request 3835 526.203627032064 1504.9455760576443 12993.60400390625 0.5029296875 938.0882218948544 66913
stats: connect 101 1.7343411587252475 2.2285489628842168 132.343017578125 0.765869140625 1.8228215725622445 3424
stats: page 3209 628.1113131372438 1773.208050794966 13863.05615234375 0.5029296875 1087.6724461876638 57641
stats: 302 69 2218
stats: 200 235 14865
stats: size_rcv 3314799 108901170
stats: newphase 0 7
stats: size_sent 2088440 42118760
stats: connected -71 1218
stats: 204 1 1291
stats: max_repeat 266 3538
stats: 400 32 682
stats: 503 3390 49822
stats: 404 6 128
stats: 500 102 1742
# stats: dump at 1480607440
stats: users 1055 1322
stats: {load,"tsung_controller@ip-172-31-6-161"} 1 0.2109375 0.0 0.37109375 0.01953125 0.12444196428571427 49
stats: {freemem,"tsung_controller@ip-172-31-6-161"} 1 3044.22265625 0.0 3159.46484375 3044.22265625 3104.0985331632655 49
stats: {recvpackets,"tsung_controller@ip-172-31-6-161"} 1 5896.0 0.0 7504 84 3868.8541666666674 48
stats: {sentpackets,"tsung_controller@ip-172-31-6-161"} 1 7231.0 0.0 9420 84 4012.875 48
stats: {cpu,"tsung_controller@ip-172-31-6-161"} 1 25.88347659980898 0.0 31.916902738432483 1.7733990147783252 12.731427465186643 49
stats: session 160 67681.52919616694 30310.355926886103 278072.64306640625 13001.511962890625 76679.66752971962 2310
stats: users_count 0 3525
stats: finish_users_count 160 2470
stats: request 3015 710.6021147517636 1883.1629410269197 12993.60400390625 0.5029296875 915.7614081149766 70748
stats: connect 0 0 0 132.343017578125 0.765869140625 1.8202863890735816 3525
stats: page 2621 811.6086953929794 2166.146008464091 13863.05615234375 0.5029296875 1063.4369215211266 60850
stats: 302 55 2273
stats: 200 195 15060
stats: size_rcv 2764667 111665837
stats: newphase 0 7
stats: size_sent 1718837 43837597
stats: connected -169 1049
stats: 204 2 1293
stats: max_repeat 251 3789
stats: 400 46 728
stats: 503 2590 52412
stats: 404 8 136
stats: 500 120 1862
# stats: dump at 1480607450
stats: users 891 1322
stats: {load,"tsung_controller@ip-172-31-6-161"} 1 0.1796875 0.0 0.37109375 0.01953125 0.126171875 50
stats: {freemem,"tsung_controller@ip-172-31-6-161"} 1 3044.14453125 0.0 3159.46484375 3044.14453125 3102.901015625 50
stats: {recvpackets,"tsung_controller@ip-172-31-6-161"} 1 5392.0 0.0 7504 84 3910.224489795919 49
stats: {sentpackets,"tsung_controller@ip-172-31-6-161"} 1 6136.0 0.0 9420 84 4078.5510204081634 49
stats: {cpu,"tsung_controller@ip-172-31-6-161"} 1 22.0616570327553 0.0 31.916902738432483 1.7733990147783252 12.99446844787909 50
stats: session 164 68630.13464950936 26362.921712945656 278072.64306640625 13001.511962890625 76096.79217208058 2470
stats: users_count 0 3525
stats: finish_users_count 164 2634
stats: request 2399 992.3917984829288 1910.6215453319487 13510.2138671875 0.5029296875 907.3756961795877 73763
stats: connect 0 0 0 132.343017578125 0.765869140625 1.8202863890735816 3525
stats: page 2160 1115.3391973424837 2289.2204245799376 13863.05615234375 0.5029296875 1053.0378135713247 63471
stats: 302 56 2329
stats: 200 281 15341
stats: size_rcv 3051373 114717210
stats: newphase 0 7
stats: size_sent 1374444 45212041
stats: connected -157 892
stats: 204 1 1294
stats: max_repeat 215 4004
stats: 400 39 767
stats: 503 1831 54243
stats: 404 14 150
stats: 500 177 2039
# stats: dump at 1480607460
stats: users 745 1322
stats: {load,"tsung_controller@ip-172-31-6-161"} 1 0.1484375 0.0 0.37109375 0.01953125 0.12722120098039214 51
stats: {freemem,"tsung_controller@ip-172-31-6-161"} 1 3044.16015625 0.0 3159.46484375 3044.14453125 3101.748927696078 51
stats: {recvpackets,"tsung_controller@ip-172-31-6-161"} 1 5286.0 0.0 7504 84 3939.8600000000006 50
stats: {sentpackets,"tsung_controller@ip-172-31-6-161"} 1 5277.0 0.0 9420 84 4119.7 50
stats: {cpu,"tsung_controller@ip-172-31-6-161"} 1 18.84057971014493 0.0 31.916902738432483 1.7733990147783252 13.17225645934725 51
stats: session 146 73155.74399848835 30389.724391650063 278072.64306640625 13001.511962890625 75631.89777811638 2634
stats: users_count 0 3525
stats: finish_users_count 146 2780
stats: request 1796 1172.6984102041 1670.4393598932252 13510.2138671875 0.5029296875 910.053588428028 76162
stats: connect 0 0 0 132.343017578125 0.765869140625 1.8202863890735816 3525
stats: page 1693 1257.8139427802448 1912.760615315753 13863.05615234375 0.5029296875 1055.0882316503682 65631
stats: 302 44 2373
stats: 200 308 15649
stats: size_rcv 3021203 117738413
stats: newphase 0 7
stats: size_sent 1023294 46235335
stats: connected -152 740
stats: 204 0 1294
stats: max_repeat 194 4198
stats: 400 36 803
stats: 503 1150 55393
stats: 404 15 165
stats: 500 242 2281
# stats: dump at 1480607470
stats: users 617 1322
stats: {load,"tsung_controller@ip-172-31-6-161"} 1 0.28125 0.0 0.37109375 0.01953125 0.12762920673076922 52
stats: {freemem,"tsung_controller@ip-172-31-6-161"} 1 3043.98046875 0.0 3159.46484375 3043.98046875 3100.6414513221152 52
stats: {recvpackets,"tsung_controller@ip-172-31-6-161"} 1 5061.0 0.0 7504 84 3966.254901960785 51
stats: {sentpackets,"tsung_controller@ip-172-31-6-161"} 1 4593.0 0.0 9420 84 4142.392156862745 51
stats: {cpu,"tsung_controller@ip-172-31-6-161"} 1 15.976900866217516 0.0 31.916902738432483 1.7733990147783252 13.281262675708744 52
stats: session 128 79513.64044570924 31162.951695086173 278072.64306640625 13001.511962890625 75501.85516954599 2780
stats: users_count 0 3525
stats: finish_users_count 128 2908
stats: request 1334 1654.8938103580047 1636.9098244327565 13510.2138671875 0.5029296875 916.1044119472284 77958
stats: connect 0 0 0 132.343017578125 0.765869140625 1.8202863890735816 3525
stats: page 1294 1733.645448003709 1806.7928559261838 13863.05615234375 0.5029296875 1060.1861852619015 67324
stats: 302 25 2398
stats: 200 398 16047
stats: size_rcv 3329253 121067666
stats: newphase 0 7
stats: size_sent 748273 46983608
stats: connected -122 618
stats: 204 6 1300
stats: max_repeat 144 4342
stats: 400 21 824
stats: 503 609 56002
stats: 404 5 170
stats: 500 272 2553
# stats: dump at 1480607480
stats: users 499 1322
stats: {load,"tsung_controller@ip-172-31-6-161"} 1 0.23828125 0.0 0.37109375 0.01953125 0.1305277122641509 53
stats: {freemem,"tsung_controller@ip-172-31-6-161"} 1 3044.08984375 0.0 3159.46484375 3043.98046875 3099.572376179245 53
stats: {recvpackets,"tsung_controller@ip-172-31-6-161"} 1 5555.0 0.0 7504 84 3987.307692307693 52
stats: {sentpackets,"tsung_controller@ip-172-31-6-161"} 1 4469.0 0.0 9420 84 4151.0576923076915 52
stats: {cpu,"tsung_controller@ip-172-31-6-161"} 1 12.98828125 0.0 31.916902738432483 1.7733990147783252 13.332123773642872 53
stats: session 118 89134.72123485501 26103.84478363122 278072.64306640625 13001.511962890625 75678.43994098647 2908
stats: users_count 0 3525
stats: finish_users_count 118 3026
stats: request 1017 1935.9113361429918 689.0260818161262 13510.2138671875 0.5029296875 928.5337245825507 79292
stats: connect 0 0 0 132.343017578125 0.765869140625 1.8202863890735816 3525
stats: page 1002 1969.2238238367 784.7740615243109 13863.05615234375 0.5029296875 1072.8862972731508 68618
stats: 302 20 2418
stats: 200 511 16558
stats: size_rcv 3935573 125003239
stats: newphase 0 7
stats: size_sent 557215 47540823
stats: connected -116 502
stats: 204 14 1314
stats: max_repeat 114 4456
stats: 400 11 835
stats: 503 68 56070
stats: 404 7 177
stats: 500 385 2938
# stats: dump at 1480607490
stats: users 372 1322
stats: {load,"tsung_controller@ip-172-31-6-161"} 1 0.19921875 0.0 0.37109375 0.01953125 0.1325231481481481 54
stats: {freemem,"tsung_controller@ip-172-31-6-161"} 1 3044.05859375 0.0 3159.46484375 3043.98046875 3098.544921875 54
stats: {recvpackets,"tsung_controller@ip-172-31-6-161"} 1 5619.0 0.0 7504 84 4016.886792452831 53
stats: {sentpackets,"tsung_controller@ip-172-31-6-161"} 1 4610.0 0.0 9420 84 4157.056603773583 53
stats: {cpu,"tsung_controller@ip-172-31-6-161"} 1 14.148219441770934 0.0 31.916902738432483 1.7733990147783252 13.325756319501338 54
stats: session 127 90652.36306402252 23014.719680271406 278072.64306640625 13001.511962890625 76203.17265502365 3026
stats: users_count 0 3525
stats: finish_users_count 127 3153
stats: request 936 1501.5370605990415 485.1319568402167 13510.2138671875 0.5029296875 941.2907385032441 80309
stats: connect 0 0 0 132.343017578125 0.765869140625 1.8202863890735816 3525
stats: page 928 1515.499284152327 532.2982321069295 13863.05615234375 0.5029296875 1085.786759807145 69620
stats: 302 18 2436
stats: 200 527 17085
stats: size_rcv 3847453 128850692
stats: newphase 0 7
stats: size_sent 498544 48039367
stats: connected -132 370
stats: 204 20 1334
stats: max_repeat 134 4590
stats: 400 19 854
stats: 503 0 56070
stats: 404 4 181
stats: 500 347 3285
# stats: dump at 1480607500
stats: users 249 1322
stats: {load,"tsung_controller@ip-172-31-6-161"} 1 0.171875 0.0 0.37109375 0.01953125 0.13373579545454542 55
stats: {freemem,"tsung_controller@ip-172-31-6-161"} 1 3044.06640625 0.0 3159.46484375 3043.98046875 3097.554261363636 55
stats: {recvpackets,"tsung_controller@ip-172-31-6-161"} 1 4856.0 0.0 7504 84 4046.555555555556 54
stats: {sentpackets,"tsung_controller@ip-172-31-6-161"} 1 4038.0 0.0 9420 84 4165.4444444444425 54
stats: {cpu,"tsung_controller@ip-172-31-6-161"} 1 11.1328125 0.0 31.916902738432483 1.7733990147783252 13.340710194451693 55
stats: session 123 95905.16558292048 22405.96158299484 278072.64306640625 13001.511962890625 76785.17302988659 3153
stats: users_count 0 3525
stats: finish_users_count 123 3276
stats: request 874 531.9347831673701 696.5572330560929 13510.2138671875 0.5029296875 947.745173329777 81245
stats: connect 0 0 0 132.343017578125 0.765869140625 1.8202863890735816 3525
stats: page 873 534.379699357459 700.3170446187955 13863.05615234375 0.5029296875 1091.4392690574757 70548
stats: 302 6 2442
stats: 200 541 17626
stats: size_rcv 3556560 132407252
stats: newphase 0 7
stats: size_sent 457413 48496780
stats: connected -125 245
stats: 204 33 1367
stats: max_repeat 118 4708
stats: 400 17 871
stats: 503 0 56070
stats: 404 4 185
stats: 500 273 3558
# stats: dump at 1480607510
stats: users 171 1322
stats: {load,"tsung_controller@ip-172-31-6-161"} 1 0.30078125 0.0 0.37109375 0.01953125 0.1344168526785714 56
stats: {freemem,"tsung_controller@ip-172-31-6-161"} 1 3044.1015625 0.0 3159.46484375 3043.98046875 3096.59912109375 56
stats: {recvpackets,"tsung_controller@ip-172-31-6-161"} 1 2458.0 0.0 7504 84 4061.272727272728 55
stats: {sentpackets,"tsung_controller@ip-172-31-6-161"} 1 2419.0 0.0 9420 84 4163.127272727271 55
stats: {cpu,"tsung_controller@ip-172-31-6-161"} 1 8.26044703595724 0.0 31.916902738432483 1.7733990147783252 13.301283449907913 56
stats: session 78 104156.17774063502 21320.84366502982 278072.64306640625 13001.511962890625 77503.04820815985 3276
stats: users_count 0 3525
stats: finish_users_count 78 3354
stats: request 539 20.26446318051369 60.39830549471494 13510.2138671875 0.5029296875 943.3196654570321 82119
stats: connect 0 0 0 132.343017578125 0.765869140625 1.8202863890735816 3525
stats: page 539 20.26446318051369 60.39830549471494 13863.05615234375 0.5029296875 1084.6301652315965 71421
stats: 302 0 2442
stats: 200 357 17983
stats: size_rcv 1854698 134261950
stats: newphase 0 7
stats: size_sent 343294 48840074
stats: connected -75 170
stats: 204 41 1408
stats: max_repeat 59 4767
stats: 400 4 875
stats: 503 0 56070
stats: 404 8 193
stats: 500 129 3687
# stats: dump at 1480607520
stats: users 127 1322
stats: {load,"tsung_controller@ip-172-31-6-161"} 1 0.25 0.0 0.37109375 0.01953125 0.13733552631578944 57
stats: {freemem,"tsung_controller@ip-172-31-6-161"} 1 3044.4375 0.0 3159.46484375 3043.98046875 3095.6781112938597 57
stats: {recvpackets,"tsung_controller@ip-172-31-6-161"} 1 1766.0 0.0 7504 84 4032.642857142858 56
stats: {sentpackets,"tsung_controller@ip-172-31-6-161"} 1 1849.0 0.0 9420 84 4131.98214285714 56
stats: {cpu,"tsung_controller@ip-172-31-6-161"} 1 5.980392156862745 0.0 31.916902738432483 1.7733990147783252 13.212847723347375 57
stats: session 44 114243.89867609198 16339.545583857314 278072.64306640625 13001.511962890625 78122.8884298453 3354
stats: users_count 0 3525
stats: finish_users_count 44 3398
stats: request 447 20.226599093784973 29.29926959719753 13510.2138671875 0.5029296875 937.3005656236579 82658
stats: connect 0 0 0 132.343017578125 0.765869140625 1.8202863890735816 3525
stats: page 447 20.226599093784973 29.29926959719753 13863.05615234375 0.5029296875 1076.657776218179 71960
stats: 302 0 2442
stats: 200 315 18298
stats: size_rcv 1496541 135758491
stats: newphase 0 7
stats: size_sent 294809 49134883
stats: connected -41 129
stats: 204 43 1451
stats: max_repeat 37 4804
stats: 400 0 875
stats: 503 0 56070
stats: 404 7 200
stats: 500 82 3769
# stats: dump at 1480607530
stats: users 82 1322
stats: {load,"tsung_controller@ip-172-31-6-161"} 1 0.2109375 0.0 0.37109375 0.01953125 0.13927801724137928 58
stats: {freemem,"tsung_controller@ip-172-31-6-161"} 1 3044.78515625 0.0 3159.46484375 3043.98046875 3094.7946524784484 58
stats: {recvpackets,"tsung_controller@ip-172-31-6-161"} 1 1456.0 0.0 7504 84 3992.8771929824566 57
stats: {sentpackets,"tsung_controller@ip-172-31-6-161"} 1 1491.0 0.0 9420 84 4091.929824561401 57
stats: {cpu,"tsung_controller@ip-172-31-6-161"} 1 5.098039215686274 0.0 31.916902738432483 1.7733990147783252 13.088150213580398 58
stats: session 45 120011.26286892362 19629.583706402653 278072.64306640625 13001.511962890625 78590.61192920811 3398
stats: users_count 0 3525
stats: finish_users_count 45 3443
stats: request 373 17.95689576177111 14.565220147614491 13510.2138671875 0.5029296875 932.3678652682178 83105
stats: connect 0 0 0 132.343017578125 0.765869140625 1.8202863890735816 3525
stats: page 373 17.95689576177111 14.565220147614491 13863.05615234375 0.5029296875 1070.1359656725879 72407
stats: 302 0 2442
stats: 200 275 18573
stats: size_rcv 1306467 137064958
stats: newphase 0 7
stats: size_sent 250753 49385636
stats: connected -46 83
stats: 204 41 1492
stats: max_repeat 36 4840
stats: 400 0 875
stats: 503 0 56070
stats: 404 6 206
stats: 500 51 3820
# stats: dump at 1480607540
stats: users 43 1322
stats: {load,"tsung_controller@ip-172-31-6-161"} 1 0.1796875 0.0 0.37109375 0.01953125 0.14049258474576268 59
stats: {freemem,"tsung_controller@ip-172-31-6-161"} 1 3045.40625 0.0 3159.46484375 3043.98046875 3093.947033898305 59
stats: {recvpackets,"tsung_controller@ip-172-31-6-161"} 1 837.0 0.0 7504 84 3949.1379310344832 58
stats: {sentpackets,"tsung_controller@ip-172-31-6-161"} 1 953.0 0.0 9420 84 4047.0862068965494 58
stats: {cpu,"tsung_controller@ip-172-31-6-161"} 1 3.831041257367387 0.0 31.916902738432483 1.7733990147783252 12.952724603446601 59
stats: session 39 128646.49458508614 14836.315863675984 278072.64306640625 13001.511962890625 79131.97971668624 3443
stats: users_count 0 3525
stats: finish_users_count 39 3482
stats: request 195 12.275901442307692 6.731532255967414 13510.2138671875 0.5029296875 928.2820547357911 83478
stats: connect 0 0 0 132.343017578125 0.765869140625 1.8202863890735816 3525
stats: page 195 12.275901442307692 6.731532255967414 13863.05615234375 0.5029296875 1064.7435117968425 72780
stats: 302 0 2442
stats: 200 145 18718
stats: size_rcv 626945 137691903
stats: newphase 0 7
stats: size_sent 130560 49516196
stats: connected -40 43
stats: 204 13 1505
stats: max_repeat 36 4876
stats: 400 0 875
stats: 503 0 56070
stats: 404 1 207
stats: 500 36 3856
# stats: dump at 1480607550
stats: users 25 1322
stats: {load,"tsung_controller@ip-172-31-6-161"} 1 0.1484375 0.0 0.37109375 0.01953125 0.1411458333333333 60
stats: {freemem,"tsung_controller@ip-172-31-6-161"} 1 3074.57421875 0.0 3159.46484375 3043.98046875 3093.1380208333335 60
stats: {recvpackets,"tsung_controller@ip-172-31-6-161"} 1 501.0 0.0 7504 84 3896.389830508475 59
stats: {sentpackets,"tsung_controller@ip-172-31-6-161"} 1 526.0 0.0 9420 84 3994.6440677966075 59
stats: {cpu,"tsung_controller@ip-172-31-6-161"} 1 2.6600985221674875 0.0 31.916902738432483 1.7733990147783252 12.800696547678614 60
stats: session 18 140808.9860297309 12214.796820052163 278072.64306640625 13001.511962890625 79686.56503543053 3482
stats: users_count 0 3525
stats: finish_users_count 18 3500
stats: request 134 15.522787065648325 11.117642402532194 13510.2138671875 0.5029296875 926.147301590903 83673
stats: connect 0 0 0 132.343017578125 0.765869140625 1.8202863890735816 3525
stats: page 134 15.522787065648325 11.117642402532194 13863.05615234375 0.5029296875 1061.9311625810956 72975
stats: 302 0 2442
stats: 200 100 18818
stats: size_rcv 477424 138169327
stats: newphase 0 7
stats: size_sent 94289 49610485
stats: connected -18 25
stats: 204 20 1525
stats: max_repeat 12 4888
stats: 400 0 875
stats: 503 0 56070
stats: 404 4 211
stats: 500 10 3866
# stats: dump at 1480607560
stats: users 13 1322
stats: {load,"tsung_controller@ip-172-31-6-161"} 1 0.12890625 0.0 0.37109375 0.01953125 0.141265368852459 61
stats: {freemem,"tsung_controller@ip-172-31-6-161"} 1 3074.921875 0.0 3159.46484375 3043.98046875 3092.8336962090166 61
stats: {recvpackets,"tsung_controller@ip-172-31-6-161"} 1 266.0 0.0 7504 84 3839.8000000000006 60
stats: {sentpackets,"tsung_controller@ip-172-31-6-161"} 1 298.0 0.0 9420 84 3936.8333333333308 60
stats: {cpu,"tsung_controller@ip-172-31-6-161"} 1 1.9646365422396856 0.0 31.916902738432483 1.7733990147783252 12.634457235784987 61
stats: session 12 146441.83428955078 12603.000030564257 278072.64306640625 13001.511962890625 80000.90891482978 3500
stats: users_count 0 3525
stats: finish_users_count 12 3512
stats: request 72 13.511457655164929 8.620182857715024 13510.2138671875 0.5029296875 924.6912933225437 83807
stats: connect 0 0 0 132.343017578125 0.765869140625 1.8202863890735816 3525
stats: page 72 13.511457655164929 8.620182857715024 13863.05615234375 0.5029296875 1060.0132219401476 73109
stats: 302 0 2442
stats: 200 56 18874
stats: size_rcv 163507 138332834
stats: newphase 0 7
stats: size_sent 50716 49661201
stats: connected -12 13
stats: 204 7 1532
stats: max_repeat 7 4895
stats: 400 0 875
stats: 503 0 56070
stats: 404 3 214
stats: 500 6 3872
# stats: dump at 1480607570
stats: users 6 1322
stats: {load,"tsung_controller@ip-172-31-6-161"} 1 0.109375 0.0 0.37109375 0.01953125 0.1410660282258064 62
stats: {freemem,"tsung_controller@ip-172-31-6-161"} 1 3083.3203125 0.0 3159.46484375 3043.98046875 3092.5447958669356 62
stats: {recvpackets,"tsung_controller@ip-172-31-6-161"} 1 135.0 0.0 7504 84 3781.213114754099 61
stats: {sentpackets,"tsung_controller@ip-172-31-6-161"} 1 145.0 0.0 9420 84 3877.18032786885 61
stats: {cpu,"tsung_controller@ip-172-31-6-161"} 1 1.3806706114398422 0.0 31.916902738432483 1.3806706114398422 12.46236335363103 62
stats: session 7 153600.33775111608 12790.162319063025 278072.64306640625 13001.511962890625 80227.9280220327 3512
stats: users_count 0 3525
stats: finish_users_count 7 3519
stats: request 39 14.512582632211538 6.237591377503139 13510.2138671875 0.5029296875 923.9091553837503 83879
stats: connect 0 0 0 132.343017578125 0.765869140625 1.8202863890735816 3525
stats: page 39 14.512582632211538 6.237591377503139 13863.05615234375 0.5029296875 1058.9836086931502 73181
stats: 302 0 2442
stats: 200 27 18901
stats: size_rcv 141270 138474104
stats: newphase 0 7
stats: size_sent 27718 49688919
stats: connected -7 6
stats: 204 6 1538
stats: max_repeat 5 4900
stats: 400 0 875
stats: 503 0 56070
stats: 404 2 216
stats: 500 4 3876
# stats: dump at 1480607580
stats: users 1 1322
stats: {load,"tsung_controller@ip-172-31-6-161"} 1 0.08984375 0.0 0.37109375 0.01953125 0.140562996031746 63
stats: {freemem,"tsung_controller@ip-172-31-6-161"} 1 3086.421875 0.0 3159.46484375 3043.98046875 3092.398375496032 63
stats: {recvpackets,"tsung_controller@ip-172-31-6-161"} 1 57.0 0.0 7504 57 3722.403225806452 62
stats: {sentpackets,"tsung_controller@ip-172-31-6-161"} 1 66.0 0.0 9420 66 3816.9838709677397 62
stats: {cpu,"tsung_controller@ip-172-31-6-161"} 1 1.183431952662722 0.0 31.916902738432483 1.183431952662722 12.286463468834345 63
stats: session 5 163471.25419921876 8155.600463542092 278072.64306640625 13001.511962890625 80373.88052788765 3519
stats: users_count 0 3525
stats: finish_users_count 5 3524
stats: request 6 26.908121744791668 36.507910836190725 13510.2138671875 0.5029296875 923.4865229766707 83918
stats: connect 0 0 0 132.343017578125 0.765869140625 1.8202863890735816 3525
stats: page 6 26.908121744791668 36.507910836190725 13863.05615234375 0.5029296875 1058.4272802307578 73220
stats: 302 0 2442
stats: 200 5 18906
stats: size_rcv 12068 138486172
stats: newphase 0 7
stats: size_sent 4178 49693097
stats: connected -5 1
stats: 204 0 1538
stats: max_repeat 3 4903
stats: 400 0 875
stats: 503 0 56070
stats: 404 0 216
stats: 500 1 3877
# stats: dump at 1480607590
stats: users 1 1322
stats: {load,"tsung_controller@ip-172-31-6-161"} 1 0.078125 0.0 0.37109375 0.01953125 0.13977050781249997 64
stats: {freemem,"tsung_controller@ip-172-31-6-161"} 1 3086.5234375 0.0 3159.46484375 3043.98046875 3092.3049926757813 64
stats: {recvpackets,"tsung_controller@ip-172-31-6-161"} 1 56.0 0.0 7504 56 3664.2222222222226 63
stats: {sentpackets,"tsung_controller@ip-172-31-6-161"} 1 47.0 0.0 9420 47 3757.444444444442 63
stats: {cpu,"tsung_controller@ip-172-31-6-161"} 1 1.1811023622047243 0.0 31.916902738432483 1.1811023622047243 12.112978601394165 64
stats: session 0 0 0 278072.64306640625 13001.511962890625 80491.78259041792 3524
stats: users_count 0 3525
stats: finish_users_count 0 3524
stats: request 11 13.72314453125 6.982394180582445 13510.2138671875 0.5029296875 923.422423667684 83924
stats: connect 0 0 0 132.343017578125 0.765869140625 1.8202863890735816 3525
stats: page 11 13.72314453125 6.982394180582445 13863.05615234375 0.5029296875 1058.3427595010862 73226
stats: 302 0 2442
stats: 200 9 18915
stats: size_rcv 51315 138537487
stats: newphase 0 7
stats: size_sent 8059 49701156
stats: connected 0 1
stats: 204 2 1540
stats: max_repeat 0 4903
stats: 400 0 875
stats: 503 0 56070
stats: 404 0 216
stats: 500 0 3877
# stats: dump at 1480607600
stats: users 0 1322
stats: {load,"tsung_controller@ip-172-31-6-161"} 1 0.0703125 0.0 0.37109375 0.01953125 0.13882211538461536 65
stats: {freemem,"tsung_controller@ip-172-31-6-161"} 1 3087.01953125 0.0 3159.46484375 3043.98046875 3092.216045673077 65
stats: {recvpackets,"tsung_controller@ip-172-31-6-161"} 1 10.0 0.0 7504 10 3607.8437500000005 64
stats: {sentpackets,"tsung_controller@ip-172-31-6-161"} 1 13.0 0.0 9420 13 3699.4687499999977 64
stats: {cpu,"tsung_controller@ip-172-31-6-161"} 1 0.9871668311944718 0.0 31.916902738432483 0.9871668311944718 11.94479589002202 65
stats: session 1 215468.70703125 0.0 278072.64306640625 13001.511962890625 80491.78259041792 3524
stats: users_count 0 3525
stats: finish_users_count 1 3525
stats: request 3 9.765218098958334 0.20398435822111052 13510.2138671875 0.5029296875 923.3032041279153 83935
stats: connect 0 0 0 132.343017578125 0.765869140625 1.8202863890735816 3525
stats: page 3 9.765218098958334 0.20398435822111052 13863.05615234375 0.5029296875 1058.1858604505424 73237
stats: 302 0 2442
stats: 200 3 18918
stats: size_rcv 24 138537511
stats: newphase 0 7
stats: size_sent 2211 49703367
stats: connected -1 0
stats: 204 0 1540
stats: max_repeat 0 4903
stats: 400 0 875
stats: 503 0 56070
stats: 404 0 216
stats: 500 0 3877
# stats: dump at 1480607601
stats: users 0 1322
stats: {load,"tsung_controller@ip-172-31-6-161"} 0 0 0 0.37109375 0.01953125 0.13778409090909088 66
stats: {freemem,"tsung_controller@ip-172-31-6-161"} 0 0 0 3159.46484375 3043.98046875 3092.1373106060605 66
stats: {recvpackets,"tsung_controller@ip-172-31-6-161"} 0 0 0 7504 10 3552.4923076923083 65
stats: {sentpackets,"tsung_controller@ip-172-31-6-161"} 0 0 0 9420 13 3642.753846153844 65
stats: {cpu,"tsung_controller@ip-172-31-6-161"} 0 0 0 31.916902738432483 0.9871668311944718 11.778771207312511 66
stats: session 0 0 0 278072.64306640625 13001.511962890625 80530.07391650042 3525
stats: users_count 0 3525
stats: finish_users_count 0 3525
stats: request 0 0 0 13510.2138671875 0.5029296875 923.2705536721254 83938
stats: connect 0 0 0 132.343017578125 0.765869140625 1.8202863890735816 3525
stats: page 0 0 0 13863.05615234375 0.5029296875 1058.1429158584199 73240
stats: 302 0 2442
stats: 200 0 18918
stats: size_rcv 0 138537511
stats: newphase 0 7
stats: size_sent 0 49703367
stats: connected 0 0
stats: 204 0 1540
stats: max_repeat 0 4903
stats: 400 0 875
stats: 503 0 56070
stats: 404 0 216
stats: 500 0 3877
EndMonitor:{1480,607601,60562}
