# stats: dump at 1480587416
stats: users 7 10
stats: {load,"tsung_controller@ip-172-31-6-161"} 1 0.0 0 0.0 0.0 0 0
stats: {freemem,"tsung_controller@ip-172-31-6-161"} 1 3162.13671875 0 3162.13671875 3162.13671875 0 0
stats: {cpu,"tsung_controller@ip-172-31-6-161"} 1 3.9913926637648576 0 3.9913926637648576 3.9913926637648576 0 0
stats: session 3 5351.760660807292 1274.0818434249557 6393.60986328125 3557.714111328125 0 0
stats: users_count 10 10
stats: finish_users_count 3 3
stats: request 26 235.26610389122595 229.7076012976888 850.85498046875 6.260009765625 0 0
stats: connect 10 14.7314453125 34.80676181901189 118.712890625 0.4990234375 0 0
stats: page 26 235.26610389122595 229.7076012976888 850.85498046875 6.260009765625 0 0
stats: 200 26 26
stats: size_rcv 188800 188800
stats: size_sent 9102 9102
stats: connected 7 7
# stats: dump at 1480587426
stats: users 6 10
stats: {load,"tsung_controller@ip-172-31-6-161"} 1 0.0 0.0 0.0 0.0 0.0 1
stats: {freemem,"tsung_controller@ip-172-31-6-161"} 1 3160.38671875 0.0 3162.13671875 3160.38671875 3162.13671875 1
stats: {recvpackets,"tsung_controller@ip-172-31-6-161"} 1 254 0 254 254 0 0
stats: {sentpackets,"tsung_controller@ip-172-31-6-161"} 1 186 0 186 186 0 0
stats: {cpu,"tsung_controller@ip-172-31-6-161"} 1 2.55653883972468 0.0 3.9913926637648576 2.55653883972468 3.9913926637648576 1
stats: session 10 6702.67255859375 2463.670666693627 9671.27197265625 1191.030029296875 5351.760660807292 3
stats: users_count 9 19
stats: finish_users_count 10 13
stats: request 37 268.4165962837838 372.72858460197864 2102.258056640625 5.340087890625 235.26610389122595 26
stats: connect 9 2.4949815538194446 2.1537170832305153 118.712890625 0.4990234375 14.7314453125 10
stats: page 37 268.4165962837838 372.72858460197864 2102.258056640625 5.340087890625 235.26610389122595 26
stats: 200 37 63
stats: size_rcv 310115 498915
stats: size_sent 14744 23846
stats: connected -1 6
# stats: dump at 1480587436
stats: users 3 10
stats: {load,"tsung_controller@ip-172-31-6-161"} 1 0.0 0.0 0.0 0.0 0.0 2
stats: {freemem,"tsung_controller@ip-172-31-6-161"} 1 3159.921875 0.0 3162.13671875 3159.921875 3161.26171875 2
stats: {recvpackets,"tsung_controller@ip-172-31-6-161"} 1 352.0 0.0 352 254 254.0 1
stats: {sentpackets,"tsung_controller@ip-172-31-6-161"} 1 266.0 0.0 266 186 186.0 1
stats: {cpu,"tsung_controller@ip-172-31-6-161"} 1 1.3806706114398422 0.0 3.9913926637648576 1.3806706114398422 3.273965751744769 2
stats: session 9 6878.981418185764 3265.7006649182736 13362.921142578125 1191.030029296875 6390.923659104567 13
stats: users_count 6 25
stats: finish_users_count 9 22
stats: request 29 124.30960398706897 95.07966713823448 2102.258056640625 5.340087890625 254.73544069320437 63
stats: connect 5 2.61484375 2.2791991465716572 118.712890625 0.4990234375 8.935225637335526 19
stats: page 29 124.30960398706897 95.07966713823448 2102.258056640625 5.340087890625 254.73544069320437 63
stats: 200 29 92
stats: size_rcv 235369 734284
stats: size_sent 12744 36590
stats: connected -4 2
# stats: dump at 1480587446
stats: users 9 10
stats: {load,"tsung_controller@ip-172-31-6-161"} 1 0.0 0.0 0.0 0.0 0.0 3
stats: {freemem,"tsung_controller@ip-172-31-6-161"} 1 3159.953125 0.0 3162.13671875 3159.921875 3160.8151041666665 3
stats: {recvpackets,"tsung_controller@ip-172-31-6-161"} 1 277.0 0.0 352 254 303.0 2
stats: {sentpackets,"tsung_controller@ip-172-31-6-161"} 1 220.0 0.0 266 186 226.0 2
stats: {cpu,"tsung_controller@ip-172-31-6-161"} 1 1.3847675568743818 0.0 3.9913926637648576 1.3806706114398422 2.642867371643127 3
stats: session 5 5298.158984375 2003.9590645917526 13362.921142578125 1191.030029296875 6590.583651455966 22
stats: users_count 11 36
stats: finish_users_count 5 27
stats: request 34 104.76543112362133 118.29893042004048 2102.258056640625 5.2099609375 213.6229486880095 92
stats: connect 12 2.2281087239583335 2.687204154929169 118.712890625 0.4990234375 7.618479410807292 24
stats: page 34 104.76543112362133 118.29893042004048 2102.258056640625 5.2099609375 213.6229486880095 92
stats: 200 34 126
stats: size_rcv 249564 983848
stats: size_sent 13714 50304
stats: connected 8 10
# stats: dump at 1480587456
stats: users 11 11
stats: {load,"tsung_controller@ip-172-31-6-161"} 1 0.0 0.0 0.0 0.0 0.0 4
stats: {freemem,"tsung_controller@ip-172-31-6-161"} 1 3159.91796875 0.0 3162.13671875 3159.91796875 3160.599609375 4
stats: {recvpackets,"tsung_controller@ip-172-31-6-161"} 1 309.0 0.0 352 254 294.3333333333333 3
stats: {sentpackets,"tsung_controller@ip-172-31-6-161"} 1 247.0 0.0 266 186 224.0 3
stats: {cpu,"tsung_controller@ip-172-31-6-161"} 1 1.9569471624266144 0.0 3.9913926637648576 1.3806706114398422 2.3283424179509407 4
stats: session 13 7468.6371506911055 3409.7511159702217 13391.822998046875 1191.030029296875 6351.245750144676 27
stats: users_count 15 51
stats: finish_users_count 13 40
stats: request 50 533.4267626953128 1269.7372467969253 6417.287109375 5.2099609375 184.24869791666666 126
stats: connect 15 3.7101236979166665 3.277344997215312 118.712890625 0.4990234375 5.821689181857639 36
stats: page 50 533.4267626953128 1269.7372467969253 6417.287109375 5.2099609375 184.24869791666666 126
stats: 200 50 176
stats: size_rcv 422137 1405985
stats: size_sent 17987 68291
stats: connected 1 11
# stats: dump at 1480587466
stats: users 7 11
stats: {load,"tsung_controller@ip-172-31-6-161"} 1 0.0 0.0 0.0 0.0 0.0 5
stats: {freemem,"tsung_controller@ip-172-31-6-161"} 1 3159.828125 0.0 3162.13671875 3159.828125 3160.46328125 5
stats: {recvpackets,"tsung_controller@ip-172-31-6-161"} 1 507.0 0.0 507 254 298.0 4
stats: {sentpackets,"tsung_controller@ip-172-31-6-161"} 1 385.0 0.0 385 186 229.75 4
stats: {cpu,"tsung_controller@ip-172-31-6-161"} 1 1.6748768472906401 0.0 3.9913926637648576 1.3806706114398422 2.2540633668460752 5
stats: session 13 7270.688194861779 2565.467314184469 13391.822998046875 1191.030029296875 6714.397955322265 40
stats: users_count 9 60
stats: finish_users_count 13 53
stats: request 48 437.0065663655599 946.5371071367757 6630.239013671875 5.2099609375 283.4470117742366 176
stats: connect 9 1.6411404079861112 1.39546669203551 118.712890625 0.4990234375 5.200640510110294 51
stats: page 48 437.0065663655599 946.5371071367757 6630.239013671875 5.2099609375 283.4470117742366 176
stats: 200 48 224
stats: size_rcv 401600 1807585
stats: size_sent 19564 87855
stats: connected -4 7
# stats: dump at 1480587476
stats: users 7 12
stats: {load,"tsung_controller@ip-172-31-6-161"} 1 0.0 0.0 0.0 0.0 0.0 6
stats: {freemem,"tsung_controller@ip-172-31-6-161"} 1 3159.8671875 0.0 3162.13671875 3159.828125 3160.357421875 6
stats: {recvpackets,"tsung_controller@ip-172-31-6-161"} 1 415.0 0.0 507 254 339.8 5
stats: {sentpackets,"tsung_controller@ip-172-31-6-161"} 1 320.0 0.0 385 186 260.8 5
stats: {cpu,"tsung_controller@ip-172-31-6-161"} 1 1.8664047151277015 0.0 3.9913926637648576 1.3806706114398422 2.157532280253503 6
stats: session 10 8524.603784179688 3210.6758233443147 13706.916015625 1191.030029296875 6850.846504643278 53
stats: users_count 10 70
stats: finish_users_count 10 63
stats: request 39 358.0978565705128 720.961140833661 6630.239013671875 5.2099609375 316.3526306152345 224
stats: connect 9 2.0394422743055554 2.189367033764324 118.712890625 0.4990234375 4.666715494791666 60
stats: page 39 358.0978565705128 720.961140833661 6630.239013671875 5.2099609375 316.3526306152345 224
stats: 200 39 263
stats: size_rcv 346670 2154255
stats: newphase 1 1
stats: size_sent 15224 103079
stats: connected -1 6
# stats: dump at 1480587486
stats: users 18 19
stats: {load,"tsung_controller@ip-172-31-6-161"} 1 0.0 0.0 0.0 0.0 0.0 7
stats: {freemem,"tsung_controller@ip-172-31-6-161"} 1 3159.875 0.0 3162.13671875 3159.828125 3160.2873883928573 7
stats: {recvpackets,"tsung_controller@ip-172-31-6-161"} 1 458.0 0.0 507 254 352.3333333333333 6
stats: {sentpackets,"tsung_controller@ip-172-31-6-161"} 1 360.0 0.0 385 186 270.6666666666667 6
stats: {cpu,"tsung_controller@ip-172-31-6-161"} 1 2.0588235294117645 0.0 3.9913926637648576 1.3806706114398422 2.1159426280926743 7
stats: session 10 6387.71474609375 4051.5242461728435 15811.799072265625 1191.030029296875 7116.522263299851 63
stats: users_count 21 91
stats: finish_users_count 10 73
stats: request 61 291.54301677766387 413.75168568707824 6630.239013671875 5.2099609375 322.54298731582713 263
stats: connect 22 1.9351029829545454 2.240816307433195 118.712890625 0.4990234375 4.324027683423913 69
stats: page 61 291.54301677766387 413.75168568707824 6630.239013671875 5.2099609375 322.54298731582713 263
stats: 200 61 324
stats: size_rcv 503504 2657759
stats: newphase 0 1
stats: size_sent 25703 128782
stats: connected 12 18
# stats: dump at 1480587496
stats: users 6 21
stats: {load,"tsung_controller@ip-172-31-6-161"} 1 0.0 0.0 0.0 0.0 0.0 8
stats: {freemem,"tsung_controller@ip-172-31-6-161"} 1 3158.88671875 0.0 3162.13671875 3158.88671875 3160.23583984375 8
stats: {recvpackets,"tsung_controller@ip-172-31-6-161"} 1 612.0 0.0 612 254 367.42857142857144 7
stats: {sentpackets,"tsung_controller@ip-172-31-6-161"} 1 498.0 0.0 498 186 283.42857142857144 7
stats: {cpu,"tsung_controller@ip-172-31-6-161"} 1 2.1632251720747298 0.0 3.9913926637648576 1.3806706114398422 2.1088027407575605 8
stats: session 25 7465.1033203125 3535.6935399638674 16915.928955078125 1191.030029296875 7016.685617107235 73
stats: users_count 13 104
stats: finish_users_count 25 98
stats: request 80 696.4006164550783 948.849536259359 7485.785888671875 4.970947265625 316.706573109568 324
stats: connect 13 3.344970703125 3.2491961294797855 118.712890625 0.4990234375 3.7464854481456045 91
stats: page 80 696.4006164550783 948.849536259359 7485.785888671875 4.970947265625 316.706573109568 324
stats: 200 80 404
stats: size_rcv 691424 3349183
stats: newphase 0 1
stats: size_sent 31687 160469
stats: connected -10 8
# stats: dump at 1480587506
stats: users 14 21
stats: {load,"tsung_controller@ip-172-31-6-161"} 1 0.0 0.0 0.0 0.0 0.0 9
stats: {freemem,"tsung_controller@ip-172-31-6-161"} 1 3158.53125 0.0 3162.13671875 3158.53125 3160.0859375 9
stats: {recvpackets,"tsung_controller@ip-172-31-6-161"} 1 676.0 0.0 676 254 398.0 8
stats: {sentpackets,"tsung_controller@ip-172-31-6-161"} 1 532.0 0.0 532 186 310.25 8
stats: {cpu,"tsung_controller@ip-172-31-6-161"} 1 1.966568338249754 0.0 3.9913926637648576 1.3806706114398422 2.114849677570579 9
stats: session 10 7824.8338623046875 3398.4676130573293 16915.928955078125 1191.030029296875 7131.077888333068 98
stats: users_count 18 122
stats: finish_users_count 10 108
stats: request 52 146.38930100661057 180.39076023328252 7485.785888671875 4.493896484375 391.8935123859067 404
stats: connect 17 1.266256893382353 1.1846248408155022 118.712890625 0.4990234375 3.6962961050180287 104
stats: page 52 146.38930100661057 180.39076023328252 7485.785888671875 4.493896484375 391.8935123859067 404
stats: 200 52 456
stats: size_rcv 432493 3781676
stats: newphase 0 1
stats: size_sent 19707 180176
stats: connected 5 13
# stats: dump at 1480587516
stats: users 15 21
stats: {load,"tsung_controller@ip-172-31-6-161"} 1 0.0 0.0 0.0 0.0 0.0 10
stats: {freemem,"tsung_controller@ip-172-31-6-161"} 1 3158.90234375 0.0 3162.13671875 3158.53125 3159.93046875 10
stats: {recvpackets,"tsung_controller@ip-172-31-6-161"} 1 565.0 0.0 676 254 428.8888888888889 9
stats: {sentpackets,"tsung_controller@ip-172-31-6-161"} 1 432.0 0.0 532 186 334.8888888888889 9
stats: {cpu,"tsung_controller@ip-172-31-6-161"} 1 1.6798418972332017 0.0 3.9913926637648576 1.3806706114398422 2.100021543638497 10
stats: session 15 8416.850244140625 1869.110496908733 16915.928955078125 1191.030029296875 7195.314552589699 108
stats: users_count 16 138
stats: finish_users_count 15 123
stats: request 65 679.6327261117788 1225.2674597175858 9480.659912109375 4.493896484375 363.89741810581154 456
stats: connect 14 1.793212890625 1.8412753000741904 118.712890625 0.4990234375 3.354885637267562 121
stats: page 65 679.6327261117788 1225.2674597175858 9480.659912109375 4.493896484375 363.89741810581154 456
stats: 200 65 521
stats: size_rcv 585822 4367498
stats: newphase 0 1
stats: size_sent 24593 204769
stats: connected 0 13
# stats: dump at 1480587526
stats: users 3 21
stats: {load,"tsung_controller@ip-172-31-6-161"} 1 0.0 0.0 0.0 0.0 0.0 11
stats: {freemem,"tsung_controller@ip-172-31-6-161"} 1 3158.546875 0.0 3162.13671875 3158.53125 3159.837002840909 11
stats: {recvpackets,"tsung_controller@ip-172-31-6-161"} 1 715.0 0.0 715 254 442.5 10
stats: {sentpackets,"tsung_controller@ip-172-31-6-161"} 1 569.0 0.0 569 186 344.6 10
stats: {cpu,"tsung_controller@ip-172-31-6-161"} 1 1.8682399213372665 0.0 3.9913926637648576 1.3806706114398422 2.0618233939652884 11
stats: session 24 7194.576741536458 3209.816665692712 16926.217041015625 1191.030029296875 7344.282319852007 123
stats: users_count 12 150
stats: finish_users_count 24 147
stats: request 74 231.57336755701013 191.77599354109353 9480.659912109375 4.493896484375 403.2885793733506 521
stats: connect 15 4.029345703125 3.6558502056937385 118.712890625 0.4990234375 3.1929343894675926 135
stats: page 74 231.57336755701013 191.77599354109353 9480.659912109375 4.493896484375 403.2885793733506 521
stats: 200 74 595
stats: size_rcv 641338 5008836
stats: newphase 0 1
stats: size_sent 30516 235285
stats: connected -10 3
# stats: dump at 1480587536
stats: users 14 21
stats: {load,"tsung_controller@ip-172-31-6-161"} 1 0.0 0.0 0.0 0.0 0.0 12
stats: {freemem,"tsung_controller@ip-172-31-6-161"} 1 3158.31640625 0.0 3162.13671875 3158.31640625 3159.7294921875 12
stats: {recvpackets,"tsung_controller@ip-172-31-6-161"} 1 555.0 0.0 715 254 467.27272727272725 11
stats: {sentpackets,"tsung_controller@ip-172-31-6-161"} 1 411.0 0.0 569 186 365.0 11
stats: {cpu,"tsung_controller@ip-172-31-6-161"} 1 1.768172888015717 0.0 3.9913926637648576 1.3806706114398422 2.045691437912953 12
stats: session 6 6117.89404296875 4189.852018459613 16926.217041015625 1191.030029296875 7319.84059278008 147
stats: users_count 17 167
stats: finish_users_count 6 153
stats: request 43 146.8983693677326 192.2795095091359 9480.659912109375 4.493896484375 381.9324017693016 595
stats: connect 17 2.8673454733455883 3.467438780960749 118.712890625 0.4990234375 3.276575520833333 150
stats: page 43 146.8983693677326 192.2795095091359 9480.659912109375 4.493896484375 381.9324017693016 595
stats: 200 43 638
stats: size_rcv 349043 5357879
stats: newphase 1 2
stats: size_sent 16335 251620
stats: connected 11 14
# stats: dump at 1480587546
stats: users 26 27
stats: {load,"tsung_controller@ip-172-31-6-161"} 1 0.0 0.0 0.0 0.0 0.0 13
stats: {freemem,"tsung_controller@ip-172-31-6-161"} 1 3159.41796875 0.0 3162.13671875 3158.31640625 3159.620793269231 13
stats: {recvpackets,"tsung_controller@ip-172-31-6-161"} 1 546.0 0.0 715 254 474.5833333333333 12
stats: {sentpackets,"tsung_controller@ip-172-31-6-161"} 1 444.0 0.0 569 186 368.8333333333333 12
stats: {cpu,"tsung_controller@ip-172-31-6-161"} 1 2.2549019607843137 0.0 3.9913926637648576 1.3806706114398422 2.024343857151627 13
stats: session 16 7227.207382202148 2339.6725379453483 16926.217041015625 1191.030029296875 7272.70543396395 153
stats: users_count 28 195
stats: finish_users_count 16 169
stats: request 82 613.4702148437498 519.0790500705219 9480.659912109375 4.493896484375 366.0915500557162 638
stats: connect 28 2.2444109235491077 2.5375761660421157 118.712890625 0.4990234375 3.234917372286677 167
stats: page 82 613.4702148437498 519.0790500705219 9480.659912109375 4.493896484375 366.0915500557162 638
stats: 200 82 720
stats: size_rcv 644686 6002565
stats: newphase 0 2
stats: size_sent 35697 287317
stats: connected 12 26
# stats: dump at 1480587556
stats: users 39 40
stats: {load,"tsung_controller@ip-172-31-6-161"} 1 0.0 0.0 0.0 0.0 0.0 14
stats: {freemem,"tsung_controller@ip-172-31-6-161"} 1 3158.5703125 0.0 3162.13671875 3158.31640625 3159.6063058035716 14
stats: {recvpackets,"tsung_controller@ip-172-31-6-161"} 1 824.0 0.0 824 254 480.0769230769231 13
stats: {sentpackets,"tsung_controller@ip-172-31-6-161"} 1 664.0 0.0 664 186 374.61538461538464 13
stats: {cpu,"tsung_controller@ip-172-31-6-161"} 1 2.171767028627838 0.0 3.9913926637648576 1.3806706114398422 2.0408122931253905 14
stats: session 18 11083.688924153646 3379.2441522536014 22236.802001953125 1191.030029296875 7268.397926104844 169
stats: users_count 31 226
stats: finish_users_count 18 187
stats: request 91 1989.2036347441622 1738.0844191467484 16809.760009765625 4.493896484375 394.2652313232423 720
stats: connect 30 3.6754638671875 3.4848314560212943 118.712890625 0.4990234375 3.0926908052884614 195
stats: page 91 1989.2036347441622 1738.0844191467484 16809.760009765625 4.493896484375 394.2652313232423 720
stats: 200 91 811
stats: size_rcv 776684 6779249
stats: newphase 0 2
stats: size_sent 37417 324734
stats: connected 13 39
# stats: dump at 1480587566
stats: users 37 41
stats: {load,"tsung_controller@ip-172-31-6-161"} 1 0.0 0.0 0.0 0.0 0.0 15
stats: {freemem,"tsung_controller@ip-172-31-6-161"} 1 3157.0 0.0 3162.13671875 3157.0 3159.5372395833333 15
stats: {recvpackets,"tsung_controller@ip-172-31-6-161"} 1 865.0 0.0 865 254 504.64285714285717 14
stats: {sentpackets,"tsung_controller@ip-172-31-6-161"} 1 680.0 0.0 680 186 395.2857142857143 14
stats: {cpu,"tsung_controller@ip-172-31-6-161"} 1 2.371541501976284 0.0 3.9913926637648576 1.3806706114398422 2.0495426088255533 15
stats: session 16 14972.810974121094 2650.9813437146895 22236.802001953125 1191.030029296875 7635.645187949114 187
stats: users_count 14 240
stats: finish_users_count 16 203
stats: request 69 2925.712692481884 911.3422777148205 16809.760009765625 4.493896484375 573.2287266516068 811
stats: connect 15 3.540152994791667 2.783262059161459 118.712890625 0.4990234375 3.170393880208333 225
stats: page 69 2925.712692481884 911.3422777148205 16809.760009765625 4.493896484375 573.2287266516068 811
stats: 200 69 880
stats: size_rcv 608077 7387326
stats: newphase 0 2
stats: size_sent 30029 354763
stats: connected -1 38
# stats: dump at 1480587576
stats: users 29 41
stats: {load,"tsung_controller@ip-172-31-6-161"} 1 0.0 0.0 0.0 0.0 0.0 16
stats: {freemem,"tsung_controller@ip-172-31-6-161"} 1 3156.40234375 0.0 3162.13671875 3156.40234375 3159.378662109375 16
stats: {recvpackets,"tsung_controller@ip-172-31-6-161"} 1 596.0 0.0 865 254 528.6666666666666 15
stats: {sentpackets,"tsung_controller@ip-172-31-6-161"} 1 474.0 0.0 680 186 414.26666666666665 15
stats: {cpu,"tsung_controller@ip-172-31-6-161"} 1 1.7769002961500493 0.0 3.9913926637648576 1.3806706114398422 2.0696675396474737 16
stats: session 21 20573.851202101934 3494.408843016821 30312.802001953125 1191.030029296875 8213.94396912523 203
stats: users_count 13 253
stats: finish_users_count 21 224
stats: request 68 4042.0436832203595 2428.5367029449317 21982.762939453125 4.493896484375 757.6848557905718 880
stats: connect 13 3.7607797475961537 3.5010887326548406 118.712890625 0.4990234375 3.193503824869792 240
stats: page 68 4042.0436832203595 2428.5367029449317 21982.762939453125 4.493896484375 757.6848557905718 880
stats: 200 68 948
stats: size_rcv 590709 7978035
stats: newphase 0 2
stats: size_sent 23973 378736
stats: connected -9 29
# stats: dump at 1480587586
stats: users 29 41
stats: {load,"tsung_controller@ip-172-31-6-161"} 1 0.0 0.0 0.0 0.0 0.0 17
stats: {freemem,"tsung_controller@ip-172-31-6-161"} 1 3156.76953125 0.0 3162.13671875 3156.40234375 3159.2035845588234 17
stats: {recvpackets,"tsung_controller@ip-172-31-6-161"} 1 708.0 0.0 865 254 532.875 16
stats: {sentpackets,"tsung_controller@ip-172-31-6-161"} 1 573.0 0.0 680 186 418.0 16
stats: {cpu,"tsung_controller@ip-172-31-6-161"} 1 2.1632251720747298 0.0 3.9913926637648576 1.3806706114398422 2.0524459370888017 17
stats: session 17 20023.892965877756 5726.722806969499 38941.990966796875 1191.030029296875 9372.685272216797 224
stats: users_count 17 270
stats: finish_users_count 17 241
stats: request 77 2557.5285327465504 2645.1838109095825 24090.95703125 4.493896484375 993.2717759015691 948
stats: connect 17 3.1454360064338234 3.3166005940680345 118.712890625 0.4990234375 3.22265239006917 253
stats: page 77 2557.5285327465504 2645.1838109095825 24090.95703125 4.493896484375 993.2717759015691 948
stats: 200 77 1025
stats: size_rcv 681537 8659572
stats: newphase 0 2
stats: size_sent 30791 409527
stats: connected 0 29
# stats: dump at 1480587596
stats: users 33 41
stats: {load,"tsung_controller@ip-172-31-6-161"} 1 0.0 0.0 0.0 0.0 0.0 18
stats: {freemem,"tsung_controller@ip-172-31-6-161"} 1 3156.64453125 0.0 3162.13671875 3156.40234375 3159.068359375 18
stats: {recvpackets,"tsung_controller@ip-172-31-6-161"} 1 761.0 0.0 865 254 543.1764705882352 17
stats: {sentpackets,"tsung_controller@ip-172-31-6-161"} 1 617.0 0.0 680 186 427.11764705882354 17
stats: {cpu,"tsung_controller@ip-172-31-6-161"} 1 2.0689655172413794 0.0 3.9913926637648576 1.3806706114398422 2.0586003390324645 18
stats: session 25 16114.0477734375 4941.174723127148 38941.990966796875 1191.030029296875 10124.015275504085 241
stats: users_count 29 299
stats: finish_users_count 25 266
stats: request 88 2224.1198092373934 1207.1237543075656 24090.95703125 4.493896484375 1110.7817956840702 1025
stats: connect 29 3.798205145474137 4.108383897249544 118.712890625 0.4990234375 3.217790617766204 270
stats: page 88 2224.1198092373934 1207.1237543075656 24090.95703125 4.493896484375 1110.7817956840702 1025
stats: 200 88 1113
stats: size_rcv 767853 9427425
stats: newphase 1 3
stats: size_sent 32462 441989
stats: connected 4 33
# stats: dump at 1480587606
stats: users 51 51
stats: {load,"tsung_controller@ip-172-31-6-161"} 1 0.0 0.0 0.0 0.0 0.0 19
stats: {freemem,"tsung_controller@ip-172-31-6-161"} 1 3156.70703125 0.0 3162.13671875 3156.40234375 3158.940789473684 19
stats: {recvpackets,"tsung_controller@ip-172-31-6-161"} 1 968.0 0.0 968 254 555.2777777777778 18
stats: {sentpackets,"tsung_controller@ip-172-31-6-161"} 1 826.0 0.0 826 186 437.6666666666667 18
stats: {cpu,"tsung_controller@ip-172-31-6-161"} 1 2.6522593320235757 0.0 3.9913926637648576 1.3806706114398422 2.0591458747276707 19
stats: session 18 13148.557535807291 4892.517571476342 38941.990966796875 1191.030029296875 10686.988254633165 266
stats: users_count 36 335
stats: finish_users_count 18 284
stats: request 102 2146.9371242149214 870.7656617773465 24090.95703125 4.493896484375 1198.8085209245844 1113
stats: connect 36 3.027065700954861 2.4194307648436357 118.712890625 0.4990234375 3.2740850033967392 299
stats: page 102 2146.9371242149214 870.7656617773465 24090.95703125 4.493896484375 1198.8085209245844 1113
stats: 200 102 1215
stats: size_rcv 832067 10259492
stats: newphase 0 3
stats: size_sent 46927 488916
stats: connected 18 51
# stats: dump at 1480587616
stats: users 84 84
stats: {load,"tsung_controller@ip-172-31-6-161"} 1 0.0 0.0 0.0 0.0 0.0 20
stats: {freemem,"tsung_controller@ip-172-31-6-161"} 1 3155.6875 0.0 3162.13671875 3155.6875 3158.8291015625 20
stats: {recvpackets,"tsung_controller@ip-172-31-6-161"} 1 970.0 0.0 970 254 577.0 19
stats: {sentpackets,"tsung_controller@ip-172-31-6-161"} 1 772.0 0.0 826 186 458.10526315789474 19
stats: {cpu,"tsung_controller@ip-172-31-6-161"} 1 2.909796314258002 0.0 3.9913926637648576 1.3806706114398422 2.088801547592466 20
stats: session 18 17117.075141059027 3264.920462205465 38941.990966796875 1191.030029296875 10843.003209073779 284
stats: users_count 51 386
stats: finish_users_count 18 302
stats: request 119 3788.5508161272323 802.3657547027809 24090.95703125 4.493896484375 1278.4045024353782 1215
stats: connect 50 3.483994140625 3.162155946539648 118.712890625 0.4990234375 3.247539645522388 335
stats: page 119 3788.5508161272323 802.3657547027809 24090.95703125 4.493896484375 1278.4045024353782 1215
stats: 200 119 1334
stats: size_rcv 934992 11194484
stats: newphase 0 3
stats: size_sent 53215 542131
stats: connected 32 83
# stats: dump at 1480587626
stats: users 112 113
stats: {load,"tsung_controller@ip-172-31-6-161"} 1 0.0 0.0 0.0 0.0 0.0 21
stats: {freemem,"tsung_controller@ip-172-31-6-161"} 1 3153.15625 0.0 3162.13671875 3153.15625 3158.6795014880954 21
stats: {recvpackets,"tsung_controller@ip-172-31-6-161"} 1 1194.0 0.0 1194 254 596.65 20
stats: {sentpackets,"tsung_controller@ip-172-31-6-161"} 1 1026.0 0.0 1026 186 473.8 20
stats: {cpu,"tsung_controller@ip-172-31-6-161"} 1 3.232125367286973 0.0 3.9913926637648576 1.3806706114398422 2.127896536481301 21
stats: session 22 20559.039417613636 2749.8135067574835 38941.990966796875 1191.030029296875 11216.954516278198 302
stats: users_count 50 436
stats: finish_users_count 22 324
stats: request 107 5630.0870167384655 1107.7256094535794 24090.95703125 4.493896484375 1502.3231016327773 1334
stats: connect 51 4.018861060049019 3.5419461853366174 118.712890625 0.4990234375 3.2782480215097403 385
stats: page 107 5630.0870167384655 1107.7256094535794 24090.95703125 4.493896484375 1502.3231016327773 1334
stats: 200 108 1442
stats: size_rcv 854609 12049093
stats: newphase 0 3
stats: size_sent 48537 590668
stats: connected 30 113
# stats: dump at 1480587636
stats: users 132 133
stats: {load,"tsung_controller@ip-172-31-6-161"} 1 0.0 0.0 0.0 0.0 0.0 22
stats: {freemem,"tsung_controller@ip-172-31-6-161"} 1 3151.34375 0.0 3162.13671875 3151.34375 3158.4284446022725 22
stats: {recvpackets,"tsung_controller@ip-172-31-6-161"} 1 1080.0 0.0 1194 254 625.0952380952381 21
stats: {sentpackets,"tsung_controller@ip-172-31-6-161"} 1 921.0 0.0 1026 186 500.0952380952381 21
stats: {cpu,"tsung_controller@ip-172-31-6-161"} 1 2.9296875 0.0 3.9913926637648576 1.3806706114398422 2.178088756063377 22
stats: session 20 26323.10654296875 2493.929797926294 38941.990966796875 1191.030029296875 11851.293614517024 324
stats: users_count 40 476
stats: finish_users_count 20 344
stats: request 136 6527.050503001494 2695.8479086585658 24090.95703125 0.7119140625 1808.8260432818463 1441
stats: connect 40 3.0630798339843754 3.063482686773277 118.712890625 0.4990234375 3.3648793631737384 436
stats: page 136 6527.050503001494 2695.8479086585658 24090.95703125 0.7119140625 1808.8260432818463 1441
stats: 200 116 1558
stats: size_rcv 899293 12948386
stats: newphase 0 3
stats: size_sent 55847 646515
stats: connected 19 132
stats: 503 19 19
# stats: dump at 1480587646
stats: users 131 134
stats: {load,"tsung_controller@ip-172-31-6-161"} 1 0.0 0.0 0.0 0.0 0.0 23
stats: {freemem,"tsung_controller@ip-172-31-6-161"} 1 3148.55859375 0.0 3162.13671875 3148.55859375 3158.120414402174 23
stats: {recvpackets,"tsung_controller@ip-172-31-6-161"} 1 1098.0 0.0 1194 254 645.7727272727273 22
stats: {sentpackets,"tsung_controller@ip-172-31-6-161"} 1 933.0 0.0 1026 186 519.2272727272727 22
stats: {cpu,"tsung_controller@ip-172-31-6-161"} 1 2.7450980392156863 0.0 3.9913926637648576 1.3806706114398422 2.210766962321491 23
stats: session 35 29015.72887137277 4655.3121980466985 38941.990966796875 1191.030029296875 12692.678087101427 344
stats: users_count 34 510
stats: finish_users_count 35 379
stats: request 145 6077.7317753232755 4791.063920318581 24090.95703125 0.640869140625 2215.724284576629 1577
stats: connect 33 3.892874053030303 3.667614862054564 118.712890625 0.4990234375 3.3395180581998423 476
stats: page 145 6077.7317753232755 4791.063920318581 24090.95703125 0.640869140625 2215.724284576629 1577
stats: 200 90 1648
stats: size_rcv 758449 13706835
stats: newphase 0 3
stats: size_sent 53893 700408
stats: connected -1 131
stats: 503 55 74
# stats: dump at 1480587656
stats: users 138 138
stats: {load,"tsung_controller@ip-172-31-6-161"} 1 0.0 0.0 0.0 0.0 0.0 24
stats: {freemem,"tsung_controller@ip-172-31-6-161"} 1 3147.9609375 0.0 3162.13671875 3147.9609375 3157.7220052083335 24
stats: {recvpackets,"tsung_controller@ip-172-31-6-161"} 1 924.0 0.0 1194 254 665.4347826086956 23
stats: {sentpackets,"tsung_controller@ip-172-31-6-161"} 1 838.0 0.0 1026 186 537.2173913043479 23
stats: {cpu,"tsung_controller@ip-172-31-6-161"} 1 2.845927379784102 0.0 3.9913926637648576 1.3806706114398422 2.233030757192082 24
stats: session 41 29470.482868473704 7374.131125605968 42640.388916015625 1191.030029296875 14200.083832350758 379
stats: users_count 48 558
stats: finish_users_count 41 420
stats: request 160 6468.876742553713 5856.354708042954 24090.95703125 0.640869140625 2540.922360162148 1722
stats: connect 43 4.558781113735465 3.112728989149016 118.712890625 0.4990234375 3.375393790674116 509
stats: page 160 6468.876742553713 5856.354708042954 24090.95703125 0.640869140625 2540.922360162148 1722
stats: 200 89 1737
stats: size_rcv 751068 14457903
stats: newphase 1 4
stats: size_sent 53281 753689
stats: connected 3 134
stats: 503 72 146
# stats: dump at 1480587666
stats: users 142 145
stats: {load,"tsung_controller@ip-172-31-6-161"} 1 0.0 0.0 0.0 0.0 0.0 25
stats: {freemem,"tsung_controller@ip-172-31-6-161"} 1 3147.74609375 0.0 3162.13671875 3147.74609375 3157.3315625 25
stats: {recvpackets,"tsung_controller@ip-172-31-6-161"} 1 1048.0 0.0 1194 254 676.2083333333334 24
stats: {sentpackets,"tsung_controller@ip-172-31-6-161"} 1 993.0 0.0 1026 186 549.7500000000001 24
stats: {cpu,"tsung_controller@ip-172-31-6-161"} 1 3.7608486017357765 0.0 3.9913926637648576 1.3806706114398422 2.257546622095763 25
stats: session 51 29368.548617493874 12944.408679463944 47579.51611328125 1191.030029296875 15690.765643019904 420
stats: users_count 55 613
stats: finish_users_count 51 471
stats: request 234 4487.2695813301325 5823.616103457369 30930.0810546875 0.640869140625 2874.861096178434 1882
stats: connect 58 3.4567113415948274 3.069476801283782 118.712890625 0.4990234375 3.4675779480865034 552
stats: page 234 4487.2695813301325 5823.616103457369 30930.0810546875 0.640869140625 2874.861096178434 1882
stats: 200 89 1826
stats: size_rcv 812007 15269910
stats: newphase 0 4
stats: size_sent 69859 823548
stats: connected 6 140
stats: 503 144 290
# stats: dump at 1480587676
stats: users 140 145
stats: {load,"tsung_controller@ip-172-31-6-161"} 1 0.0703125 0.0 0.0703125 0.0 0.0 26
stats: {freemem,"tsung_controller@ip-172-31-6-161"} 1 3147.73046875 0.0 3162.13671875 3147.73046875 3156.962890625 26
stats: {recvpackets,"tsung_controller@ip-172-31-6-161"} 1 1.2e3 0.0 1200 254 691.08 25
stats: {sentpackets,"tsung_controller@ip-172-31-6-161"} 1 1104.0 0.0 1104 186 567.4800000000001 25
stats: {cpu,"tsung_controller@ip-172-31-6-161"} 1 4.178537511870846 0.0 4.178537511870846 1.3806706114398422 2.315365929004994 26
stats: session 49 26126.307696906886 12405.609304137315 50024.421142578125 1191.030029296875 17171.799468281417 471
stats: users_count 47 660
stats: finish_users_count 49 520
stats: request 179 5250.387382976172 5923.809841207146 30930.0810546875 0.635986328125 3053.1709192056064 2116
stats: connect 47 3.6375706449468086 2.5243675754184016 118.712890625 0.4990234375 3.4665447297643444 610
stats: page 179 5250.387382976172 5923.809841207146 30930.0810546875 0.635986328125 3053.1709192056064 2116
stats: 200 79 1905
stats: size_rcv 716321 15986231
stats: newphase 0 4
stats: size_sent 56991 880539
stats: connected -2 138
stats: 503 100 390
# stats: dump at 1480587686
stats: users 155 159
stats: {load,"tsung_controller@ip-172-31-6-161"} 1 0.140625 0.0 0.140625 0.0 0.0026041666666666665 27
stats: {freemem,"tsung_controller@ip-172-31-6-161"} 1 3147.73828125 0.0 3162.13671875 3147.73046875 3156.620949074074 27
stats: {recvpackets,"tsung_controller@ip-172-31-6-161"} 1 1038.0 0.0 1200 254 710.6538461538462 26
stats: {sentpackets,"tsung_controller@ip-172-31-6-161"} 1 1019.0 0.0 1104 186 588.1153846153848 26
stats: {cpu,"tsung_controller@ip-172-31-6-161"} 1 3.522504892367906 0.0 4.178537511870846 1.3806706114398422 2.384372283925952 27
stats: session 62 26961.17198919481 14700.460119499525 58676.985107421875 1068.701904296875 18015.58966674805 520
stats: users_count 77 737
stats: finish_users_count 62 582
stats: request 273 3868.3060378748846 6260.528860705964 30930.0810546875 0.6201171875 3224.5442294517643 2295
stats: connect 78 3.3858079176682687 3.244100968647426 118.712890625 0.4990234375 3.478779460378615 657
stats: page 273 3868.3060378748846 6260.528860705964 30930.0810546875 0.6201171875 3224.5442294517643 2295
stats: 200 78 1983
stats: size_rcv 767102 16753333
stats: newphase 0 4
stats: size_sent 73055 953594
stats: connected 18 156
stats: 503 196 586
# stats: dump at 1480587696
stats: users 144 159
stats: {load,"tsung_controller@ip-172-31-6-161"} 1 0.12109375 0.0 0.140625 0.0 0.007533482142857143 28
stats: {freemem,"tsung_controller@ip-172-31-6-161"} 1 3147.5546875 0.0 3162.13671875 3147.5546875 3156.3037109375 28
stats: {recvpackets,"tsung_controller@ip-172-31-6-161"} 1 1151.0 0.0 1200 254 722.7777777777778 27
stats: {sentpackets,"tsung_controller@ip-172-31-6-161"} 1 1264.0 0.0 1264 186 604.0740740740742 27
stats: {cpu,"tsung_controller@ip-172-31-6-161"} 1 4.356243949661181 0.0 4.356243949661181 1.3806706114398422 2.425019877084593 28
stats: session 80 19361.092715454106 13055.898919753472 58676.985107421875 1068.701904296875 18968.555481166775 582
stats: users_count 69 806
stats: finish_users_count 80 662
stats: request 301 3209.073238943105 5884.594643146611 30930.0810546875 0.60302734375 3292.9815245060913 2568
stats: connect 68 3.015879911534926 2.924923078032887 118.712890625 0.4990234375 3.4689130925807823 735
stats: page 301 3209.073238943105 5884.594643146611 30930.0810546875 0.60302734375 3292.9815245060913 2568
stats: 200 68 2051
stats: size_rcv 669339 17422672
stats: newphase 0 4
stats: size_sent 78378 1031972
stats: connected -9 147
stats: 503 232 818
# stats: dump at 1480587706
stats: users 145 159
stats: {load,"tsung_controller@ip-172-31-6-161"} 1 0.1015625 0.0 0.140625 0.0 0.011449353448275862 29
stats: {freemem,"tsung_controller@ip-172-31-6-161"} 1 3147.421875 0.0 3162.13671875 3147.421875 3156.002020474138 29
stats: {recvpackets,"tsung_controller@ip-172-31-6-161"} 1 1005.0 0.0 1200 254 738.0714285714286 28
stats: {sentpackets,"tsung_controller@ip-172-31-6-161"} 1 1089.0 0.0 1264 186 627.6428571428575 28
stats: {cpu,"tsung_controller@ip-172-31-6-161"} 1 4.3893129770992365 0.0 4.3893129770992365 1.3806706114398422 2.4916138106217165 29
stats: session 52 25985.3282423753 14890.617463734405 63974.879150390625 1068.701904296875 19015.99200494772 662
stats: users_count 53 859
stats: finish_users_count 52 714
stats: request 219 4718.766919279755 7376.741260377789 34566.9150390625 0.60302734375 3284.1783199210586 2869
stats: connect 54 3.1322202329282396 2.9055342925173764 118.712890625 0.4990234375 3.430549137025218 803
stats: page 219 4718.766919279755 7376.741260377789 34566.9150390625 0.60302734375 3284.1783199210586 2869
stats: 200 65 2116
stats: size_rcv 627202 18049874
stats: newphase 0 4
stats: size_sent 58396 1090368
stats: connected -3 144
stats: 503 154 972
# stats: dump at 1480587716
stats: users 156 159
stats: {load,"tsung_controller@ip-172-31-6-161"} 1 0.078125 0.0 0.140625 0.0 0.014453125 30
stats: {freemem,"tsung_controller@ip-172-31-6-161"} 1 3147.28515625 0.0 3162.13671875 3147.28515625 3155.716015625 30
stats: {recvpackets,"tsung_controller@ip-172-31-6-161"} 1 1116.0 0.0 1200 254 747.2758620689655 29
stats: {sentpackets,"tsung_controller@ip-172-31-6-161"} 1 1173.0 0.0 1264 186 643.5517241379313 29
stats: {cpu,"tsung_controller@ip-172-31-6-161"} 1 4.725168756027001 0.0 4.725168756027001 1.3806706114398422 2.5548704495043006 30
stats: session 67 23114.36662998484 13137.592839382192 63974.879150390625 1068.701904296875 19523.562711314993 714
stats: users_count 78 937
stats: finish_users_count 67 781
stats: request 288 4107.414628770621 6688.3537099773175 35212.14404296875 0.572998046875 3385.918897401484 3088
stats: connect 76 3.085825066817434 2.958987126574458 118.712890625 0.4990234375 3.4117512830914527 857
stats: page 288 4107.414628770621 6688.3537099773175 35212.14404296875 0.572998046875 3385.918897401484 3088
stats: 200 81 2197
stats: size_rcv 759910 18809784
stats: newphase 1 5
stats: size_sent 79557 1169925
stats: connected 9 153
stats: 503 207 1179
# stats: dump at 1480587726
stats: users 162 172
stats: {load,"tsung_controller@ip-172-31-6-161"} 1 0.0703125 0.0 0.140625 0.0 0.016507056451612902 31
stats: {freemem,"tsung_controller@ip-172-31-6-161"} 1 3147.36328125 0.0 3162.13671875 3147.28515625 3155.4440524193546 31
stats: {recvpackets,"tsung_controller@ip-172-31-6-161"} 1 1157.0 0.0 1200 254 759.5666666666667 30
stats: {sentpackets,"tsung_controller@ip-172-31-6-161"} 1 1327.0 0.0 1327 186 661.2000000000003 30
stats: {cpu,"tsung_controller@ip-172-31-6-161"} 1 4.975609756097561 0.0 4.975609756097561 1.3806706114398422 2.6248800722953556 31
stats: session 97 15551.556751369206 11815.65542719292 63974.879150390625 1055.447998046875 19831.608630074123 781
stats: users_count 103 1040
stats: finish_users_count 97 878
stats: request 404 2272.950508948599 5455.823399935755 36746.843994140625 0.572998046875 3447.468296286055 3376
stats: connect 106 3.4283401201356134 3.0651483437865337 118.712890625 0.4990234375 3.38520209505627 933
stats: page 404 2272.950508948599 5455.823399935755 36746.843994140625 0.572998046875 3447.468296286055 3376
stats: 200 62 2259
stats: size_rcv 700411 19510195
stats: newphase 0 5
stats: size_sent 92286 1262211
stats: connected 13 166
stats: 503 342 1521
# stats: dump at 1480587736
stats: users 157 172
stats: {load,"tsung_controller@ip-172-31-6-161"} 1 0.05859375 0.0 0.140625 0.0 0.0181884765625 32
stats: {freemem,"tsung_controller@ip-172-31-6-161"} 1 3147.39453125 0.0 3162.13671875 3147.28515625 3155.1915283203125 32
stats: {recvpackets,"tsung_controller@ip-172-31-6-161"} 1 1426.0 0.0 1426 254 772.3870967741935 31
stats: {sentpackets,"tsung_controller@ip-172-31-6-161"} 1 1650.0 0.0 1650 186 682.6774193548389 31
stats: {cpu,"tsung_controller@ip-172-31-6-161"} 1 5.815061963775023 0.0 5.815061963775023 1.3806706114398422 2.6983403749141743 32
stats: session 106 18886.245216225692 14761.126742614046 66254.75219726563 1055.447998046875 19358.755518189868 878
stats: users_count 101 1141
stats: finish_users_count 106 984
stats: request 398 3169.9291593465364 6179.40567451136 36746.843994140625 0.572998046875 3321.937823776973 3780
stats: connect 99 2.9136555989583344 2.824166138376906 118.712890625 0.4990234375 3.3896030870277913 1039
stats: page 398 3169.9291593465364 6179.40567451136 36746.843994140625 0.572998046875 3321.937823776973 3780
stats: 200 85 2344
stats: size_rcv 876931 20387126
stats: newphase 0 5
stats: size_sent 94132 1356343
stats: connected -6 160
stats: 503 313 1834
# stats: dump at 1480587746
stats: users 161 172
stats: {load,"tsung_controller@ip-172-31-6-161"} 1 0.12890625 0.0 0.140625 0.0 0.019412878787878788 33
stats: {freemem,"tsung_controller@ip-172-31-6-161"} 1 3147.36328125 0.0 3162.13671875 3147.28515625 3154.955255681818 33
stats: {recvpackets,"tsung_controller@ip-172-31-6-161"} 1 1359.0 0.0 1426 254 792.8125 32
stats: {sentpackets,"tsung_controller@ip-172-31-6-161"} 1 1582.0 0.0 1650 186 712.9062500000002 32
stats: {cpu,"tsung_controller@ip-172-31-6-161"} 1 5.392156862745098 0.0 5.815061963775023 1.3806706114398422 2.7927864836675336 33
stats: session 83 17888.729115681468 12944.048366028663 66254.75219726563 1055.447998046875 19307.85501818153 984
stats: users_count 87 1228
stats: finish_users_count 83 1067
stats: request 350 3128.680018833705 5534.639762066961 36746.843994140625 0.572021484375 3307.4573430581327 4178
stats: connect 88 2.823527943004262 2.9940661043973784 118.712890625 0.4990234375 3.348198164954965 1138
stats: page 350 3128.680018833705 5534.639762066961 36746.843994140625 0.572021484375 3307.4573430581327 4178
stats: 200 85 2429
stats: size_rcv 847669 21234795
stats: newphase 0 5
stats: size_sent 88575 1444918
stats: connected 4 164
stats: 503 265 2099
# stats: dump at 1480587756
stats: users 168 174
stats: {load,"tsung_controller@ip-172-31-6-161"} 1 0.109375 0.0 0.140625 0.0 0.02263327205882353 34
stats: {freemem,"tsung_controller@ip-172-31-6-161"} 1 3147.33984375 0.0 3162.13671875 3147.28515625 3154.7319623161766 34
stats: {recvpackets,"tsung_controller@ip-172-31-6-161"} 1 1339.0 0.0 1426 254 809.969696969697 33
stats: {sentpackets,"tsung_controller@ip-172-31-6-161"} 1 1528.0 0.0 1650 186 739.2424242424245 33
stats: {cpu,"tsung_controller@ip-172-31-6-161"} 1 5.480769230769231 0.0 5.815061963775023 1.3806706114398422 2.869238553640403 34
stats: session 95 16561.144754831414 11326.030589817587 66254.75219726563 1055.447998046875 19197.463781154816 1067
stats: users_count 102 1330
stats: finish_users_count 95 1162
stats: request 409 2487.4988551058236 5199.5322940457945 36746.843994140625 0.572021484375 3293.638424445379 4528
stats: connect 99 3.5334127406881315 3.22959334257331 118.712890625 0.4990234375 3.3105383121558933 1226
stats: page 409 2487.4988551058236 5199.5322940457945 36746.843994140625 0.572021484375 3293.638424445379 4528
stats: 200 76 2505
stats: size_rcv 799596 22034391
stats: newphase 0 5
stats: size_sent 100864 1545782
stats: connected 0 164
stats: 503 333 2432
# stats: dump at 1480587766
stats: users 162 174
stats: {load,"tsung_controller@ip-172-31-6-161"} 1 0.171875 0.0 0.171875 0.0 0.025111607142857144 35
stats: {freemem,"tsung_controller@ip-172-31-6-161"} 1 3147.19921875 0.0 3162.13671875 3147.19921875 3154.5207589285715 35
stats: {recvpackets,"tsung_controller@ip-172-31-6-161"} 1 1418.0 0.0 1426 254 825.5294117647059 34
stats: {sentpackets,"tsung_controller@ip-172-31-6-161"} 1 1621.0 0.0 1650 186 762.4411764705884 34
stats: {cpu,"tsung_controller@ip-172-31-6-161"} 1 4.892367906066536 0.0 5.815061963775023 1.3806706114398422 2.9438537158440834 35
stats: session 95 18727.056219161183 11416.722859497955 66254.75219726563 1055.447998046875 18981.929953701525 1162
stats: users_count 89 1419
stats: finish_users_count 95 1257
stats: request 373 3018.4958535365686 5380.275918629006 36746.843994140625 0.572021484375 3226.8547331632485 4937
stats: connect 93 3.0159478956653225 2.9972917555377827 118.712890625 0.493896484375 3.3271908166273585 1325
stats: page 373 3018.4958535365686 5380.275918629006 36746.843994140625 0.572021484375 3226.8547331632485 4937
stats: 200 90 2595
stats: size_rcv 847562 22881953
stats: newphase 0 5
stats: size_sent 94329 1640111
stats: connected -1 163
stats: 503 283 2715
# stats: dump at 1480587776
stats: users 208 209
stats: {load,"tsung_controller@ip-172-31-6-161"} 1 0.140625 0.0 0.171875 0.0 0.029188368055555556 36
stats: {freemem,"tsung_controller@ip-172-31-6-161"} 1 3147.1796875 0.0 3162.13671875 3147.1796875 3154.3173828125 36
stats: {recvpackets,"tsung_controller@ip-172-31-6-161"} 1 1601.0 0.0 1601 254 842.4571428571429 35
stats: {sentpackets,"tsung_controller@ip-172-31-6-161"} 1 1843.0 0.0 1843 186 786.9714285714288 35
stats: {cpu,"tsung_controller@ip-172-31-6-161"} 1 5.697445972495088 0.0 5.815061963775023 1.3806706114398422 2.9979791100169297 36
stats: session 118 14384.802092988612 11407.024395257533 66254.75219726563 286.678955078125 18962.667420064823 1257
stats: users_count 164 1583
stats: finish_users_count 118 1375
stats: request 536 1866.1419563862805 4378.531643485732 36746.843994140625 0.572021484375 3212.2186009408847 5310
stats: connect 162 3.053864655671296 3.0512573946978994 118.712890625 0.493896484375 3.306777846493741 1418
stats: page 536 1866.1419563862805 4378.531643485732 36746.843994140625 0.572021484375 3212.2186009408847 5310
stats: 200 86 2681
stats: size_rcv 935332 23817285
stats: newphase 1 6
stats: size_sent 115723 1755834
stats: connected 44 207
stats: 503 450 3165
# stats: dump at 1480587786
stats: users 216 221
stats: {load,"tsung_controller@ip-172-31-6-161"} 1 0.12109375 0.0 0.171875 0.0 0.03220016891891892 37
stats: {freemem,"tsung_controller@ip-172-31-6-161"} 1 3146.87890625 0.0 3162.13671875 3146.87890625 3154.1244721283783 37
stats: {recvpackets,"tsung_controller@ip-172-31-6-161"} 1 1792.0 0.0 1792 254 863.5277777777778 36
stats: {sentpackets,"tsung_controller@ip-172-31-6-161"} 1 2346.0 0.0 2346 186 816.3055555555558 36
stats: {cpu,"tsung_controller@ip-172-31-6-161"} 1 9.241245136186771 0.0 9.241245136186771 1.3806706114398422 3.070937673867691 37
stats: session 168 11151.74576096308 10289.120054281282 66254.75219726563 286.678955078125 18569.80334108665 1375
stats: users_count 176 1759
stats: finish_users_count 168 1543
stats: request 710 1188.321896319323 4014.8600561012963 36746.843994140625 0.569091796875 3088.8013786553447 5846
stats: connect 175 3.055545479910715 3.072794020276094 118.712890625 0.493896484375 3.2808462408524526 1580
stats: page 710 1188.321896319323 4014.8600561012963 36746.843994140625 0.569091796875 3088.8013786553447 5846
stats: 200 57 2738
stats: size_rcv 812929 24630214
stats: newphase 0 6
stats: size_sent 138601 1894435
stats: connected 6 213
stats: 503 653 3818
# stats: dump at 1480587796
stats: users 223 230
stats: {load,"tsung_controller@ip-172-31-6-161"} 1 0.1015625 0.0 0.171875 0.0 0.03453947368421053 38
stats: {freemem,"tsung_controller@ip-172-31-6-161"} 1 3146.85546875 0.0 3162.13671875 3146.85546875 3153.9337993421054 38
stats: {recvpackets,"tsung_controller@ip-172-31-6-161"} 1 1896.0 0.0 1896 254 888.6216216216217 37
stats: {sentpackets,"tsung_controller@ip-172-31-6-161"} 1 2512.0 0.0 2512 186 857.6486486486489 37
stats: {cpu,"tsung_controller@ip-172-31-6-161"} 1 9.395973154362416 0.0 9.395973154362416 1.3806706114398422 3.2333141860339825 38
stats: session 173 12472.19107743632 10701.676703428282 66254.75219726563 286.678955078125 17762.13407766425 1543
stats: users_count 180 1939
stats: finish_users_count 173 1716
stats: request 723 1575.8772077336187 5032.721453481067 36746.843994140625 0.569091796875 2882.9837410015043 6556
stats: connect 182 3.250099265968408 3.2610727861186732 118.712890625 0.489990234375 3.2583803530092594 1755
stats: page 723 1575.8772077336187 5032.721453481067 36746.843994140625 0.569091796875 2882.9837410015043 6556
stats: 200 65 2803
stats: size_rcv 872734 25502948
stats: newphase 0 6
stats: size_sent 146885 2041320
stats: connected 12 225
stats: 503 658 4476
# stats: dump at 1480587806
stats: users 211 230
stats: {load,"tsung_controller@ip-172-31-6-161"} 1 0.171875 0.0 0.171875 0.0 0.036258012820512824 39
stats: {freemem,"tsung_controller@ip-172-31-6-161"} 1 3146.79296875 0.0 3162.13671875 3146.79296875 3153.7523036858975 39
stats: {recvpackets,"tsung_controller@ip-172-31-6-161"} 1 2005.0 0.0 2005 254 915.1315789473684 38
stats: {sentpackets,"tsung_controller@ip-172-31-6-161"} 1 2669.0 0.0 2669 186 901.184210526316 38
stats: {cpu,"tsung_controller@ip-172-31-6-161"} 1 9.602327837051407 0.0 9.602327837051407 1.3806706114398422 3.3913310826577887 39
stats: session 189 12243.788074311757 10431.454231375064 66254.75219726563 286.678955078125 17228.823973328916 1716
stats: users_count 177 2116
stats: finish_users_count 189 1905
stats: request 719 1701.0930420261432 4732.044166409033 36746.843994140625 0.554931640625 2753.152991784211 7279
stats: connect 178 3.008952280108849 3.161907406733529 118.712890625 0.477783203125 3.2576022642940115 1937
stats: page 719 1701.0930420261432 4732.044166409033 36746.843994140625 0.554931640625 2753.152991784211 7279
stats: 200 84 2887
stats: size_rcv 1003282 26506230
stats: newphase 0 6
stats: size_sent 146020 2187340
stats: connected -14 211
stats: 503 635 5111
# stats: dump at 1480587816
stats: users 209 230
stats: {load,"tsung_controller@ip-172-31-6-161"} 1 0.140625 0.0 0.171875 0.0 0.03964843750000001 40
stats: {freemem,"tsung_controller@ip-172-31-6-161"} 1 3146.61328125 0.0 3162.13671875 3146.61328125 3153.5783203125 40
stats: {recvpackets,"tsung_controller@ip-172-31-6-161"} 1 1949.0 0.0 2005 254 943.0769230769231 39
stats: {sentpackets,"tsung_controller@ip-172-31-6-161"} 1 2508.0 0.0 2669 186 946.5128205128207 39
stats: {cpu,"tsung_controller@ip-172-31-6-161"} 1 9.205426356589147 0.0 9.602327837051407 1.3806706114398422 3.546606001517629 40
stats: session 159 12476.06930983441 8835.783117768813 66254.75219726563 286.678955078125 16734.245608544534 1905
stats: users_count 157 2273
stats: finish_users_count 159 2064
stats: request 650 1420.1404912860585 4008.036957170293 36746.843994140625 0.554931640625 2658.5754594166124 7998
stats: connect 157 3.2175215216958595 3.195274352849581 118.712890625 0.477783203125 3.236675693520981 2115
stats: page 650 1420.1404912860585 4008.036957170293 36746.843994140625 0.554931640625 2658.5754594166124 7998
stats: 200 72 2959
stats: size_rcv 861603 27367833
stats: newphase 0 6
stats: size_sent 141222 2328562
stats: connected 0 211
stats: 503 578 5689
# stats: dump at 1480587826
stats: users 184 230
stats: {load,"tsung_controller@ip-172-31-6-161"} 1 0.19140625 0.0 0.19140625 0.0 0.04211128048780489 41
stats: {freemem,"tsung_controller@ip-172-31-6-161"} 1 3146.546875 0.0 3162.13671875 3146.546875 3153.408441310976 41
stats: {recvpackets,"tsung_controller@ip-172-31-6-161"} 1 1646.0 0.0 2005 254 968.225 40
stats: {sentpackets,"tsung_controller@ip-172-31-6-161"} 1 2191.0 0.0 2669 186 985.5500000000002 40
stats: {cpu,"tsung_controller@ip-172-31-6-161"} 1 8.471275559883155 0.0 9.602327837051407 1.3806706114398422 3.6846260101779102 41
stats: session 150 11642.669208984376 9162.150803329549 66254.75219726563 286.678955078125 16406.21749251018 2064
stats: users_count 125 2398
stats: finish_users_count 150 2214
stats: request 554 1599.3705909260773 4859.727401453913 37883.14599609375 0.554931640625 2565.4923501098524 8648
stats: connect 126 3.0965459914434526 3.2396494508080345 118.712890625 0.47705078125 3.2353520997813052 2272
stats: page 554 1599.3705909260773 4859.727401453913 37883.14599609375 0.554931640625 2565.4923501098524 8648
stats: 200 56 3015
stats: size_rcv 719432 28087265
stats: newphase 0 6
stats: size_sent 110601 2439163
stats: connected -23 188
stats: 503 498 6187
# stats: dump at 1480587836
stats: users 112 230
stats: {load,"tsung_controller@ip-172-31-6-161"} 1 0.16015625 0.0 0.19140625 0.0 0.04566592261904763 42
stats: {freemem,"tsung_controller@ip-172-31-6-161"} 1 3146.59765625 0.0 3162.13671875 3146.546875 3153.245070684524 42
stats: {recvpackets,"tsung_controller@ip-172-31-6-161"} 1 1089.0 0.0 2005 254 984.7560975609756 41
stats: {sentpackets,"tsung_controller@ip-172-31-6-161"} 1 1360.0 0.0 2669 186 1014.9512195121953 41
stats: {cpu,"tsung_controller@ip-172-31-6-161"} 1 5.560975609756098 0.0 9.602327837051407 1.3806706114398422 3.7985938565994637 42
stats: session 72 19539.914828830297 13591.599455961426 66254.75219726563 286.678955078125 16083.48386896507 2214
stats: users_count 0 2398
stats: finish_users_count 72 2286
stats: request 177 5794.045250154484 8713.949795998391 37883.14599609375 0.554931640625 2507.3276625867256 9202
stats: connect 0 0 0 118.712890625 0.47705078125 3.2280587012614683 2398
stats: page 177 5794.045250154484 8713.949795998391 37883.14599609375 0.554931640625 2507.3276625867256 9202
stats: 200 55 3070
stats: size_rcv 539514 28626779
stats: newphase 0 6
stats: size_sent 48458 2487621
stats: connected -76 112
stats: 503 122 6309
# stats: dump at 1480587846
stats: users 94 230
stats: {load,"tsung_controller@ip-172-31-6-161"} 1 0.140625 0.0 0.19140625 0.0 0.04832848837209303 43
stats: {freemem,"tsung_controller@ip-172-31-6-161"} 1 3146.609375 0.0 3162.13671875 3146.546875 3153.0904796511627 43
stats: {recvpackets,"tsung_controller@ip-172-31-6-161"} 1 558.0 0.0 2005 254 987.2380952380952 42
stats: {sentpackets,"tsung_controller@ip-172-31-6-161"} 1 460.0 0.0 2669 186 1023.1666666666669 42
stats: {cpu,"tsung_controller@ip-172-31-6-161"} 1 2.060843964671246 0.0 9.602327837051407 1.3806706114398422 3.8395794787658972 43
stats: session 18 29787.432956271703 8061.610207317212 66254.75219726563 286.678955078125 16192.347836204919 2286
stats: users_count 0 2398
stats: finish_users_count 18 2304
stats: request 59 18028.320891816737 6164.607894619516 37883.14599609375 0.554931640625 2569.354425887663 9379
stats: connect 0 0 0 118.712890625 0.47705078125 3.2280587012614683 2398
stats: page 59 18028.320891816737 6164.607894619516 37883.14599609375 0.554931640625 2569.354425887663 9379
stats: 200 54 3124
stats: size_rcv 487861 29114640
stats: newphase 0 6
stats: size_sent 21544 2509165
stats: connected -18 94
stats: 503 5 6314
# stats: dump at 1480587856
stats: users 62 230
stats: {load,"tsung_controller@ip-172-31-6-161"} 1 0.12109375 0.0 0.19140625 0.0 0.050426136363636374 44
stats: {freemem,"tsung_controller@ip-172-31-6-161"} 1 3146.6171875 0.0 3162.13671875 3146.546875 3152.943181818182 44
stats: {recvpackets,"tsung_controller@ip-172-31-6-161"} 1 551.0 0.0 2005 254 977.2558139534884 43
stats: {sentpackets,"tsung_controller@ip-172-31-6-161"} 1 426.0 0.0 2669 186 1010.0697674418607 43
stats: {cpu,"tsung_controller@ip-172-31-6-161"} 1 1.6765285996055226 0.0 9.602327837051407 1.3806706114398422 3.7991536716273826 44
stats: session 32 37285.600914001465 7929.4319578180775 66254.75219726563 286.678955078125 16298.55943870544 2304
stats: users_count 0 2398
stats: finish_users_count 32 2336
stats: request 55 18950.725825639198 2666.174583913292 37960.3740234375 0.554931640625 2665.9934406672583 9438
stats: connect 0 0 0 118.712890625 0.47705078125 3.2280587012614683 2398
stats: page 55 18950.725825639198 2666.174583913292 37960.3740234375 0.554931640625 2665.9934406672583 9438
stats: 200 55 3179
stats: size_rcv 509912 29624552
stats: newphase 0 6
stats: size_sent 12530 2521695
stats: connected -32 62
stats: 503 0 6314
# stats: dump at 1480587866
stats: users 21 230
stats: {load,"tsung_controller@ip-172-31-6-161"} 1 0.1015625 0.0 0.19140625 0.0 0.05199652777777779 45
stats: {freemem,"tsung_controller@ip-172-31-6-161"} 1 3146.68359375 0.0 3162.13671875 3146.546875 3152.8026041666667 45
stats: {recvpackets,"tsung_controller@ip-172-31-6-161"} 1 611.0 0.0 2005 254 967.5681818181819 44
stats: {sentpackets,"tsung_controller@ip-172-31-6-161"} 1 471.0 0.0 2669 186 996.7954545454547 44
stats: {cpu,"tsung_controller@ip-172-31-6-161"} 1 2.34375 0.0 9.602327837051407 1.3806706114398422 3.751984225582452 45
stats: session 41 49725.19042373284 8926.81598713196 73021.65698242188 286.678955078125 16586.053157545113 2336
stats: users_count 0 2398
stats: finish_users_count 41 2377
stats: request 72 13188.590169270834 5033.153368097208 38791.5419921875 0.554931640625 2760.3429909857514 9493
stats: connect 0 0 0 118.712890625 0.47705078125 3.2280587012614683 2398
stats: page 72 13188.590169270834 5033.153368097208 38791.5419921875 0.554931640625 2760.3429909857514 9493
stats: 200 72 3251
stats: size_rcv 640131 30264683
stats: newphase 0 6
stats: size_sent 13977 2535672
stats: connected -41 21
stats: 503 0 6314
# stats: dump at 1480587876
stats: users 0 230
stats: {load,"tsung_controller@ip-172-31-6-161"} 1 0.078125 0.0 0.19140625 0.0 0.05307404891304349 46
stats: {freemem,"tsung_controller@ip-172-31-6-161"} 1 3146.84375 0.0 3162.13671875 3146.546875 3152.669582201087 46
stats: {recvpackets,"tsung_controller@ip-172-31-6-161"} 1 554.0 0.0 2005 254 959.6444444444444 45
stats: {sentpackets,"tsung_controller@ip-172-31-6-161"} 1 443.0 0.0 2669 186 985.1111111111113 45
stats: {cpu,"tsung_controller@ip-172-31-6-161"} 1 1.4807502467917077 0.0 9.602327837051407 1.3806706114398422 3.72137043806979 46
stats: session 21 48867.57711356027 4189.017730118455 73021.65698242188 286.678955078125 17157.657965249655 2377
stats: users_count 0 2398
stats: finish_users_count 21 2398
stats: request 27 4345.677137586806 6775.759710714431 38791.5419921875 0.554931640625 2838.841035610584 9565
stats: connect 0 0 0 118.712890625 0.47705078125 3.2280587012614683 2398
stats: page 27 4345.677137586806 6775.759710714431 38791.5419921875 0.554931640625 2838.841035610584 9565
stats: 200 27 3278
stats: size_rcv 255608 30520291
stats: newphase 0 6
stats: size_sent 5783 2541455
stats: connected -21 0
stats: 503 0 6314
# stats: dump at 1480587880
stats: users 0 230
stats: {load,"tsung_controller@ip-172-31-6-161"} 0 0 0 0.19140625 0.0 0.053607047872340434 47
stats: {freemem,"tsung_controller@ip-172-31-6-161"} 0 0 0 3162.13671875 3146.546875 3152.545628324468 47
stats: {recvpackets,"tsung_controller@ip-172-31-6-161"} 0 0 0 2005 254 950.8260869565217 46
stats: {sentpackets,"tsung_controller@ip-172-31-6-161"} 0 0 0 2669 186 973.3260869565219 46
stats: {cpu,"tsung_controller@ip-172-31-6-161"} 0 0 0 9.602327837051407 1.3806706114398422 3.673697668042597 47
stats: session 0 0 0 73021.65698242188 286.678955078125 17435.35116880033 2398
stats: users_count 0 2398
stats: finish_users_count 0 2398
stats: request 0 0 0 38791.5419921875 0.554931640625 2843.08254674 9592
stats: connect 0 0 0 118.712890625 0.47705078125 3.2280587012614683 2398
stats: page 0 0 0 38791.5419921875 0.554931640625 2843.08254674 9592
stats: 200 0 3278
stats: size_rcv 0 30520291
stats: newphase 0 6
stats: size_sent 0 2541455
stats: connected 0 0
stats: 503 0 6314
EndMonitor:{1480,587880,137358}
