# stats: dump at 1480581890
stats: users 10 10
stats: {load,"tsung_controller@ip-172-31-6-161"} 1 0.3984375 0 0.3984375 0.3984375 0 0
stats: {freemem,"tsung_controller@ip-172-31-6-161"} 1 3161.89453125 0 3161.89453125 3161.89453125 0 0
stats: {cpu,"tsung_controller@ip-172-31-6-161"} 1 4.123307442489628 0 4.123307442489628 4.123307442489628 0 0
stats: users_count 10 10
stats: finish_users_count 0 0
stats: request 45 109.7115234375 95.58613942126091 351.27001953125 18.633056640625 0 0
stats: connect 8 19.181488037109375 35.601855836818274 113.0849609375 0.785888671875 0 0
stats: page 45 109.7115234375 95.58613942126091 351.27001953125 18.633056640625 0 0
stats: 302 8 8
stats: 200 37 37
stats: size_rcv 197074 197074
stats: size_sent 20382 20382
stats: connected 8 8
# stats: dump at 1480581900
stats: users 21 21
stats: {load,"tsung_controller@ip-172-31-6-161"} 1 0.33984375 0.0 0.3984375 0.33984375 0.3984375 1
stats: {freemem,"tsung_controller@ip-172-31-6-161"} 1 3158.64453125 0.0 3161.89453125 3158.64453125 3161.89453125 1
stats: {recvpackets,"tsung_controller@ip-172-31-6-161"} 1 358 0 358 358 0 0
stats: {sentpackets,"tsung_controller@ip-172-31-6-161"} 1 285 0 285 285 0 0
stats: {cpu,"tsung_controller@ip-172-31-6-161"} 1 2.5540275049115913 0.0 4.123307442489628 2.5540275049115913 4.123307442489628 1
stats: users_count 11 21
stats: finish_users_count 0 0
stats: request 165 75.33349461410985 133.72804973912093 747.989013671875 4.551025390625 109.7115234375 45
stats: connect 12 1.4211018880208333 2.3478082169362358 113.0849609375 0.630126953125 19.181488037109375 8
stats: page 165 75.33349461410985 133.72804973912093 747.989013671875 4.551025390625 109.7115234375 45
stats: 302 12 20
stats: 200 153 190
stats: size_rcv 800709 997783
stats: size_sent 75734 96116
stats: connected 12 20
# stats: dump at 1480581910
stats: users 23 25
stats: {load,"tsung_controller@ip-172-31-6-161"} 1 0.2890625 0.0 0.3984375 0.2890625 0.369140625 2
stats: {freemem,"tsung_controller@ip-172-31-6-161"} 1 3153.9609375 0.0 3161.89453125 3153.9609375 3160.26953125 2
stats: {recvpackets,"tsung_controller@ip-172-31-6-161"} 1 1140.0 0.0 1140 358 358.0 1
stats: {sentpackets,"tsung_controller@ip-172-31-6-161"} 1 965.0 0.0 965 285 285.0 1
stats: {cpu,"tsung_controller@ip-172-31-6-161"} 1 3.057199211045365 0.0 4.123307442489628 2.5540275049115913 3.3386674737006095 2
stats: session 6 20546.277018229168 4165.460721074045 26768.5439453125 12718.506103515625 0 0
stats: users_count 8 29
stats: finish_users_count 6 6
stats: request 218 58.84458769352066 74.60584554429296 747.989013671875 4.551025390625 82.70021507626488 210
stats: connect 9 1.9982096354166667 1.8310741680097997 113.0849609375 0.630126953125 8.52525634765625 20
stats: page 218 58.84458769352066 74.60584554429296 747.989013671875 4.551025390625 82.70021507626488 210
stats: 302 8 28
stats: 200 210 400
stats: size_rcv 1093647 2091430
stats: size_sent 102300 198416
stats: connected 3 23
# stats: dump at 1480581920
stats: users 30 30
stats: {load,"tsung_controller@ip-172-31-6-161"} 1 0.23828125 0.0 0.3984375 0.23828125 0.3424479166666667 3
stats: {freemem,"tsung_controller@ip-172-31-6-161"} 1 3151.390625 0.0 3161.89453125 3151.390625 3158.1666666666665 3
stats: {recvpackets,"tsung_controller@ip-172-31-6-161"} 1 1493.0 0.0 1493 358 749.0 2
stats: {sentpackets,"tsung_controller@ip-172-31-6-161"} 1 1242.0 0.0 1242 285 625.0 2
stats: {cpu,"tsung_controller@ip-172-31-6-161"} 1 4.284323271665044 0.0 4.284323271665044 2.5540275049115913 3.2448447194821948 3
stats: session 14 22063.662440708704 3948.52708795959 29311.43115234375 12718.506103515625 20546.277018229168 6
stats: users_count 21 50
stats: finish_users_count 14 20
stats: request 260 99.66583064152641 141.34876934424202 997.337158203125 4.551025390625 70.549451596269 428
stats: connect 19 2.8116519325657894 2.853258890872486 113.0849609375 0.6240234375 6.499621161099138 29
stats: page 260 99.66583064152641 141.34876934424202 997.337158203125 4.551025390625 70.549451596269 428
stats: 302 19 47
stats: 200 241 641
stats: size_rcv 1261725 3353155
stats: size_sent 120677 319093
stats: connected 5 28
# stats: dump at 1480581930
stats: users 31 32
stats: {load,"tsung_controller@ip-172-31-6-161"} 1 0.2890625 0.0 0.3984375 0.23828125 0.31640625 4
stats: {freemem,"tsung_controller@ip-172-31-6-161"} 1 3150.984375 0.0 3161.89453125 3150.984375 3156.47265625 4
stats: {recvpackets,"tsung_controller@ip-172-31-6-161"} 1 1874.0 0.0 1874 358 997.0 3
stats: {sentpackets,"tsung_controller@ip-172-31-6-161"} 1 1565.0 0.0 1565 285 830.6666666666666 3
stats: {cpu,"tsung_controller@ip-172-31-6-161"} 1 4.6078431372549025 0.0 4.6078431372549025 2.5540275049115913 3.5047143575279067 4
stats: session 9 21301.759467230902 3965.3306272460795 29311.43115234375 12718.506103515625 21608.446813964845 20
stats: users_count 10 60
stats: finish_users_count 9 29
stats: request 291 75.25134906572167 112.7514960484126 1106.490966796875 4.551025390625 81.552734375 688
stats: connect 12 3.0010986328125 3.4941096872204267 113.0849609375 0.5322265625 5.0398000081380205 48
stats: page 291 75.25134906572167 112.7514960484126 1106.490966796875 4.551025390625 81.552734375 688
stats: 302 13 60
stats: 200 278 919
stats: size_rcv 1448319 4801474
stats: size_sent 135657 454750
stats: connected 4 32
# stats: dump at 1480581940
stats: users 15 32
stats: {load,"tsung_controller@ip-172-31-6-161"} 1 0.23828125 0.0 0.3984375 0.23828125 0.3109375 5
stats: {freemem,"tsung_controller@ip-172-31-6-161"} 1 3152.5546875 0.0 3161.89453125 3150.984375 3155.375 5
stats: {recvpackets,"tsung_controller@ip-172-31-6-161"} 1 1907.0 0.0 1907 358 1216.25 4
stats: {sentpackets,"tsung_controller@ip-172-31-6-161"} 1 1629.0 0.0 1629 285 1014.25 4
stats: {cpu,"tsung_controller@ip-172-31-6-161"} 1 4.035433070866142 0.0 4.6078431372549025 2.5540275049115913 3.725340113473306 5
stats: session 16 21367.85530090332 2997.9535644659377 29311.43115234375 12718.506103515625 21513.267982219826 29
stats: users_count 0 60
stats: finish_users_count 16 45
stats: request 242 34.08282420260851 28.432391073052948 1106.490966796875 4.551025390625 79.67969747510215 979
stats: connect 0 0 0 113.0849609375 0.5322265625 4.632059733072917 60
stats: page 242 34.08282420260851 28.432391073052948 1106.490966796875 4.551025390625 79.67969747510215 979
stats: 302 0 60
stats: 200 242 1161
stats: size_rcv 1253103 6054577
stats: size_sent 115945 570695
stats: connected -16 16
# stats: dump at 1480581950
stats: users 14 32
stats: {load,"tsung_controller@ip-172-31-6-161"} 1 0.2890625 0.0 0.3984375 0.23828125 0.298828125 6
stats: {freemem,"tsung_controller@ip-172-31-6-161"} 1 3152.62890625 0.0 3161.89453125 3150.984375 3154.9049479166665 6
stats: {recvpackets,"tsung_controller@ip-172-31-6-161"} 1 1492.0 0.0 1907 358 1354.4 5
stats: {sentpackets,"tsung_controller@ip-172-31-6-161"} 1 1299.0 0.0 1629 285 1137.2 5
stats: {cpu,"tsung_controller@ip-172-31-6-161"} 1 4.007820136852395 0.0 4.6078431372549025 2.5540275049115913 3.7770222730387784 6
stats: session 13 23469.47648737981 3465.4033789745604 30783.890869140625 12718.506103515625 21461.565695529513 45
stats: users_count 12 72
stats: finish_users_count 13 58
stats: request 168 51.40404982793899 80.5212667609758 1106.490966796875 4.551025390625 70.64247934902232 1221
stats: connect 12 2.6252644856770835 3.06235574275217 113.0849609375 0.5322265625 4.632059733072917 60
stats: page 168 51.40404982793899 80.5212667609758 1106.490966796875 4.551025390625 70.64247934902232 1221
stats: 302 12 72
stats: 200 156 1317
stats: size_rcv 815913 6870490
stats: newphase 1 1
stats: size_sent 77154 647849
stats: connected -2 14
# stats: dump at 1480581960
stats: users 27 32
stats: {load,"tsung_controller@ip-172-31-6-161"} 1 0.23828125 0.0 0.3984375 0.23828125 0.2974330357142857 7
stats: {freemem,"tsung_controller@ip-172-31-6-161"} 1 3152.70703125 0.0 3161.89453125 3150.984375 3154.5797991071427 7
stats: {recvpackets,"tsung_controller@ip-172-31-6-161"} 1 1104.0 0.0 1907 358 1377.3333333333333 6
stats: {sentpackets,"tsung_controller@ip-172-31-6-161"} 1 982.0 0.0 1629 285 1164.1666666666667 6
stats: {cpu,"tsung_controller@ip-172-31-6-161"} 1 2.7586206896551726 0.0 4.6078431372549025 2.5540275049115913 3.8099933964407238 7
stats: session 3 23235.792561848957 4176.637245308777 30783.890869140625 12718.506103515625 21911.61466611665 58
stats: users_count 16 88
stats: finish_users_count 3 61
stats: request 192 49.095855712890625 75.15010241878093 1106.490966796875 4.39892578125 68.31558506569475 1389
stats: connect 15 0.9766764322916666 0.9278294130780065 113.0849609375 0.5322265625 4.297593858506945 72
stats: page 192 49.095855712890625 75.15010241878093 1106.490966796875 4.39892578125 68.31558506569475 1389
stats: 302 14 86
stats: 200 178 1495
stats: size_rcv 931732 7802222
stats: newphase 0 1
stats: size_sent 89880 737729
stats: connected 13 27
# stats: dump at 1480581970
stats: users 34 37
stats: {load,"tsung_controller@ip-172-31-6-161"} 1 0.28125 0.0 0.3984375 0.23828125 0.2900390625 8
stats: {freemem,"tsung_controller@ip-172-31-6-161"} 1 3152.32421875 0.0 3161.89453125 3150.984375 3154.345703125 8
stats: {recvpackets,"tsung_controller@ip-172-31-6-161"} 1 1452.0 0.0 1907 358 1338.2857142857142 7
stats: {sentpackets,"tsung_controller@ip-172-31-6-161"} 1 1233.0 0.0 1629 285 1138.142857142857 7
stats: {cpu,"tsung_controller@ip-172-31-6-161"} 1 3.6274509803921573 0.0 4.6078431372549025 2.5540275049115913 3.6785718080925296 8
stats: session 8 20435.97723388672 2905.5801134669355 30783.890869140625 12718.506103515625 21976.73816918545 61
stats: users_count 15 103
stats: finish_users_count 8 69
stats: request 322 161.26448390794846 185.601178296616 1196.822021484375 4.39892578125 65.98150028660658 1581
stats: connect 16 2.37939453125 2.8995467708406797 113.0849609375 0.5322265625 3.7250218884698274 87
stats: page 322 161.26448390794846 185.601178296616 1196.822021484375 4.39892578125 65.98150028660658 1581
stats: 302 17 103
stats: 200 305 1800
stats: size_rcv 1590528 9392750
stats: newphase 0 1
stats: size_sent 152502 890231
stats: connected 10 37
# stats: dump at 1480581980
stats: users 28 37
stats: {load,"tsung_controller@ip-172-31-6-161"} 1 0.23046875 0.0 0.3984375 0.23046875 0.2890625 9
stats: {freemem,"tsung_controller@ip-172-31-6-161"} 1 3150.39453125 0.0 3161.89453125 3150.39453125 3154.12109375 9
stats: {recvpackets,"tsung_controller@ip-172-31-6-161"} 1 2304.0 0.0 2304 358 1352.5 8
stats: {sentpackets,"tsung_controller@ip-172-31-6-161"} 1 1870.0 0.0 1870 285 1150.0 8
stats: {cpu,"tsung_controller@ip-172-31-6-161"} 1 5.0 0.0 5.0 2.5540275049115913 3.672891716125821 9
stats: session 19 21456.600830078125 4953.60234034726 32549.989990234375 12718.506103515625 21798.099220165306 69
stats: users_count 13 116
stats: finish_users_count 19 88
stats: request 321 121.33201451762072 154.13714032173095 1196.822021484375 4.39892578125 82.10400198186254 1903
stats: connect 13 2.189509465144231 2.2474272318874435 113.0849609375 0.5322265625 3.515992396086165 103
stats: page 321 121.33201451762072 154.13714032173095 1196.822021484375 4.39892578125 82.10400198186254 1903
stats: 302 12 115
stats: 200 310 2110
stats: size_rcv 1608773 11001523
stats: newphase 0 1
stats: size_sent 147298 1037529
stats: connected -8 29
# stats: dump at 1480581990
stats: users 28 37
stats: {load,"tsung_controller@ip-172-31-6-161"} 1 0.19921875 0.0 0.3984375 0.19921875 0.283203125 10
stats: {freemem,"tsung_controller@ip-172-31-6-161"} 1 3150.0390625 0.0 3161.89453125 3150.0390625 3153.7484375 10
stats: {recvpackets,"tsung_controller@ip-172-31-6-161"} 1 2187.0 0.0 2304 358 1458.2222222222222 9
stats: {sentpackets,"tsung_controller@ip-172-31-6-161"} 1 1812.0 0.0 1870 285 1230.0 9
stats: {cpu,"tsung_controller@ip-172-31-6-161"} 1 4.52755905511811 0.0 5.0 2.5540275049115913 3.8056025445132393 10
stats: session 13 23361.27234825721 3381.2649059949076 32549.989990234375 12718.506103515625 21724.366613214665 88
stats: users_count 13 129
stats: finish_users_count 13 101
stats: request 308 81.98760827795248 93.2578247688272 1196.822021484375 4.39892578125 87.76595882717655 2224
stats: connect 13 0.9821026141826923 0.9046002881000864 113.0849609375 0.5322265625 3.367334826239224 116
stats: page 308 81.98760827795248 93.2578247688272 1196.822021484375 4.39892578125 87.76595882717655 2224
stats: 302 13 128
stats: 200 294 2404
stats: size_rcv 1536595 12538118
stats: newphase 0 1
stats: size_sent 142569 1180098
stats: connected 0 29
# stats: dump at 1480582000
stats: users 24 37
stats: {load,"tsung_controller@ip-172-31-6-161"} 1 0.171875 0.0 0.3984375 0.171875 0.2755681818181818 11
stats: {freemem,"tsung_controller@ip-172-31-6-161"} 1 3152.5625 0.0 3161.89453125 3150.0390625 3153.411221590909 11
stats: {recvpackets,"tsung_controller@ip-172-31-6-161"} 1 2095.0 0.0 2304 358 1531.1 10
stats: {sentpackets,"tsung_controller@ip-172-31-6-161"} 1 1777.0 0.0 1870 285 1288.2 10
stats: {cpu,"tsung_controller@ip-172-31-6-161"} 1 4.2281219272369714 0.0 5.0 2.5540275049115913 3.8712349545682274 11
stats: session 12 20297.666544596355 3726.2425185091024 32549.989990234375 12718.506103515625 21935.05745039836 101
stats: users_count 8 137
stats: finish_users_count 12 113
stats: request 245 51.750919762436226 83.65488837586446 1196.822021484375 4.39892578125 87.0630631047591 2532
stats: connect 8 3.2587890625 3.1432720577513087 113.0849609375 0.5322265625 3.1269625878149223 129
stats: page 245 51.750919762436226 83.65488837586446 1196.822021484375 4.39892578125 87.0630631047591 2532
stats: 302 8 136
stats: 200 238 2642
stats: size_rcv 1233062 13771180
stats: newphase 0 1
stats: size_sent 115926 1296024
stats: connected -5 24
# stats: dump at 1480582010
stats: users 28 37
stats: {load,"tsung_controller@ip-172-31-6-161"} 1 0.140625 0.0 0.3984375 0.140625 0.2669270833333333 12
stats: {freemem,"tsung_controller@ip-172-31-6-161"} 1 3152.6328125 0.0 3161.89453125 3150.0390625 3153.3404947916665 12
stats: {recvpackets,"tsung_controller@ip-172-31-6-161"} 1 1561.0 0.0 2304 358 1582.3636363636363 11
stats: {sentpackets,"tsung_controller@ip-172-31-6-161"} 1 1391.0 0.0 1870 285 1332.6363636363637 11
stats: {cpu,"tsung_controller@ip-172-31-6-161"} 1 3.631010794896958 0.0 5.0 2.5540275049115913 3.900975535623956 12
stats: session 14 22884.46266392299 5117.121951518469 33030.424072265625 12718.506103515625 21761.17523031319 113
stats: users_count 18 155
stats: finish_users_count 14 127
stats: request 265 102.96958652712263 141.15873598795127 1196.822021484375 4.39892578125 83.94765974902661 2777
stats: connect 18 2.226847330729167 2.7051995820506285 113.0849609375 0.5322265625 3.134660484146898 137
stats: page 265 102.96958652712263 141.15873598795127 1196.822021484375 4.39892578125 83.94765974902661 2777
stats: 302 18 154
stats: 200 246 2888
stats: size_rcv 1291291 15062471
stats: newphase 1 2
stats: size_sent 122120 1418144
stats: connected 5 29
# stats: dump at 1480582020
stats: users 44 44
stats: {load,"tsung_controller@ip-172-31-6-161"} 1 0.19921875 0.0 0.3984375 0.140625 0.25721153846153844 13
stats: {freemem,"tsung_controller@ip-172-31-6-161"} 1 3152.640625 0.0 3161.89453125 3150.0390625 3153.2860576923076 13
stats: {recvpackets,"tsung_controller@ip-172-31-6-161"} 1 1936.0 0.0 2304 358 1580.5833333333333 12
stats: {sentpackets,"tsung_controller@ip-172-31-6-161"} 1 1622.0 0.0 1870 285 1337.5000000000002 12
stats: {cpu,"tsung_controller@ip-172-31-6-161"} 1 4.027504911591356 0.0 5.0 2.5540275049115913 3.8802090171064947 13
stats: session 7 21548.783063616072 4103.902830981031 33030.424072265625 12718.506103515625 21885.002191498523 127
stats: users_count 23 178
stats: finish_users_count 7 134
stats: request 298 179.63876527107794 241.63146669774247 1196.822021484375 4.39892578125 85.60473095093175 3042
stats: connect 22 2.478315873579546 2.7607248600681698 113.0849609375 0.5322265625 3.029237021169355 155
stats: page 298 179.63876527107794 241.63146669774247 1196.822021484375 4.39892578125 85.60473095093175 3042
stats: 302 19 173
stats: 200 280 3168
stats: size_rcv 1458752 16521223
stats: newphase 0 2
stats: size_sent 146340 1564484
stats: connected 14 43
# stats: dump at 1480582030
stats: users 52 53
stats: {load,"tsung_controller@ip-172-31-6-161"} 1 0.25 0.0 0.3984375 0.140625 0.2530691964285714 14
stats: {freemem,"tsung_controller@ip-172-31-6-161"} 1 3151.52734375 0.0 3161.89453125 3150.0390625 3153.2399553571427 14
stats: {recvpackets,"tsung_controller@ip-172-31-6-161"} 1 2066.0 0.0 2304 358 1607.923076923077 13
stats: {sentpackets,"tsung_controller@ip-172-31-6-161"} 1 1757.0 0.0 1870 285 1359.3846153846157 13
stats: {cpu,"tsung_controller@ip-172-31-6-161"} 1 4.416094210009813 0.0 5.0 2.5540275049115913 3.890730152426842 14
stats: session 12 23781.454671223957 2685.4248084984833 33030.424072265625 12718.506103515625 21867.43850571362 134
stats: users_count 20 198
stats: finish_users_count 12 146
stats: request 340 572.8375502642459 264.40833369205177 1928.5869140625 4.39892578125 93.99459389326815 3340
stats: connect 20 2.13790283203125 2.5862036510716755 113.0849609375 0.505126953125 2.960760946327684 177
stats: page 340 572.8375502642459 264.40833369205177 1928.5869140625 4.39892578125 93.99459389326815 3340
stats: 302 21 194
stats: 200 318 3486
stats: size_rcv 1665555 18186778
stats: newphase 0 2
stats: size_sent 154547 1719031
stats: connected 9 52
# stats: dump at 1480582040
stats: users 62 64
stats: {load,"tsung_controller@ip-172-31-6-161"} 1 0.2109375 0.0 0.3984375 0.140625 0.2528645833333333 15
stats: {freemem,"tsung_controller@ip-172-31-6-161"} 1 3148.49609375 0.0 3161.89453125 3148.49609375 3153.12578125 15
stats: {recvpackets,"tsung_controller@ip-172-31-6-161"} 1 2446.0 0.0 2446 358 1640.642857142857 14
stats: {sentpackets,"tsung_controller@ip-172-31-6-161"} 1 2196.0 0.0 2196 285 1387.7857142857144 14
stats: {cpu,"tsung_controller@ip-172-31-6-161"} 1 4.630541871921182 0.0 5.0 2.5540275049115913 3.925754422932373 15
stats: session 10 29976.057495117188 3608.116083961328 36898.85791015625 12718.506103515625 22024.754902878853 146
stats: users_count 20 218
stats: finish_users_count 10 156
stats: request 330 843.7693322384 300.29804579408096 1934.7451171875 4.39892578125 138.23551921015198 3680
stats: connect 21 2.0357724144345237 2.526635192993506 113.0849609375 0.505126953125 2.877222051475254 197
stats: page 330 843.7693322384 300.29804579408096 1934.7451171875 4.39892578125 138.23551921015198 3680
stats: 302 20 214
stats: 200 311 3797
stats: size_rcv 1620165 19806943
stats: newphase 0 2
stats: size_sent 164405 1883436
stats: connected 10 62
# stats: dump at 1480582050
stats: users 74 74
stats: {load,"tsung_controller@ip-172-31-6-161"} 1 0.1796875 0.0 0.3984375 0.140625 0.25024414062499994 16
stats: {freemem,"tsung_controller@ip-172-31-6-161"} 1 3146.1015625 0.0 3161.89453125 3146.1015625 3152.83642578125 16
stats: {recvpackets,"tsung_controller@ip-172-31-6-161"} 1 2369.0 0.0 2446 358 1694.3333333333333 15
stats: {sentpackets,"tsung_controller@ip-172-31-6-161"} 1 2066.0 0.0 2196 285 1441.666666666667 15
stats: {cpu,"tsung_controller@ip-172-31-6-161"} 1 5.0 0.0 5.0 2.5540275049115913 3.9698036384941737 16
stats: session 7 31152.832449776786 3140.590450244448 36898.85791015625 12718.506103515625 22534.453786996695 156
stats: users_count 19 237
stats: finish_users_count 7 163
stats: request 358 1031.837225034916 270.12625678048505 2443.421142578125 4.39892578125 196.29690531970854 4010
stats: connect 19 3.802027652138158 3.2338748391864214 113.0849609375 0.505126953125 2.796164976347477 218
stats: page 358 1031.837225034916 270.12625678048505 2443.421142578125 4.39892578125 196.29690531970854 4010
stats: 302 18 232
stats: 200 339 4136
stats: size_rcv 1773305 21580248
stats: newphase 0 2
stats: size_sent 166490 2049926
stats: connected 12 74
# stats: dump at 1480582060
stats: users 83 86
stats: {load,"tsung_controller@ip-172-31-6-161"} 1 0.1484375 0.0 0.3984375 0.140625 0.24609374999999994 17
stats: {freemem,"tsung_controller@ip-172-31-6-161"} 1 3144.17578125 0.0 3161.89453125 3144.17578125 3152.440257352941 17
stats: {recvpackets,"tsung_controller@ip-172-31-6-161"} 1 2505.0 0.0 2505 358 1736.5 16
stats: {sentpackets,"tsung_controller@ip-172-31-6-161"} 1 2174.0 0.0 2196 285 1480.6875000000002 16
stats: {cpu,"tsung_controller@ip-172-31-6-161"} 1 5.0 0.0 5.0 2.5540275049115913 4.030403424465105 17
stats: session 15 36670.90546875 3876.145933703758 42283.61376953125 12718.506103515625 22904.56820809768 163
stats: users_count 24 261
stats: finish_users_count 15 178
stats: request 337 1409.4505865170627 331.4601308355105 2796.76513671875 4.39892578125 264.7775450765868 4368
stats: connect 24 3.3736572265625 3.1141360859104807 113.0849609375 0.50390625 2.8768037562631856 237
stats: page 337 1409.4505865170627 331.4601308355105 2796.76513671875 4.39892578125 264.7775450765868 4368
stats: 302 20 252
stats: 200 317 4453
stats: size_rcv 1658806 23239054
stats: newphase 0 2
stats: size_sent 161588 2211514
stats: connected 9 83
# stats: dump at 1480582070
stats: users 103 103
stats: {load,"tsung_controller@ip-172-31-6-161"} 1 0.12890625 0.0 0.3984375 0.12890625 0.24066840277777773 18
stats: {freemem,"tsung_controller@ip-172-31-6-161"} 1 3143.5859375 0.0 3161.89453125 3143.5859375 3151.9811197916665 18
stats: {recvpackets,"tsung_controller@ip-172-31-6-161"} 1 2240.0 0.0 2505 358 1781.7058823529412 17
stats: {sentpackets,"tsung_controller@ip-172-31-6-161"} 1 1970.0 0.0 2196 285 1521.4705882352944 17
stats: {cpu,"tsung_controller@ip-172-31-6-161"} 1 4.887585532746823 0.0 5.0 2.5540275049115913 4.08426990088371 18
stats: session 8 40864.576110839844 3216.540111160752 46202.64306640625 12718.506103515625 24064.652808714447 178
stats: users_count 28 289
stats: finish_users_count 8 186
stats: request 332 1718.438616281532 396.75341982139906 2976.919921875 4.39892578125 346.76581605755183 4705
stats: connect 28 3.5139247349330356 3.278946747062576 113.0849609375 0.50390625 2.9224914316930075 261
stats: page 332 1718.438616281532 396.75341982139906 2976.919921875 4.39892578125 346.76581605755183 4705
stats: 302 21 273
stats: 200 311 4764
stats: size_rcv 1628267 24867321
stats: newphase 1 3
stats: size_sent 161054 2372568
stats: connected 20 103
# stats: dump at 1480582080
stats: users 141 142
stats: {load,"tsung_controller@ip-172-31-6-161"} 1 0.109375 0.0 0.3984375 0.109375 0.23478618421052627 19
stats: {freemem,"tsung_controller@ip-172-31-6-161"} 1 3138.75 0.0 3161.89453125 3138.75 3151.5392680921054 19
stats: {recvpackets,"tsung_controller@ip-172-31-6-161"} 1 2293.0 0.0 2505 358 1807.1666666666667 18
stats: {sentpackets,"tsung_controller@ip-172-31-6-161"} 1 2014.0 0.0 2196 285 1546.3888888888891 18
stats: {cpu,"tsung_controller@ip-172-31-6-161"} 1 4.729064039408867 0.0 5.0 2.5540275049115913 4.126549670981769 19
stats: session 9 48283.330457899305 3333.7132331750117 55711.278076171875 12718.506103515625 24787.230155042424 186
stats: users_count 47 336
stats: finish_users_count 9 195
stats: request 335 2358.198597831158 1096.4131662907541 4621.840087890625 0.549072265625 437.1758556990768 5037
stats: connect 47 3.257313829787234 3.530629786427905 113.0849609375 0.50390625 2.979792928200692 289
stats: page 335 2358.198597831158 1096.4131662907541 4621.840087890625 0.549072265625 437.1758556990768 5037
stats: 302 29 302
stats: 200 253 5017
stats: size_rcv 1356489 26223810
stats: newphase 0 3
stats: size_sent 162811 2535379
stats: connected 38 141
stats: 503 53 53
# stats: dump at 1480582090
stats: users 163 163
stats: {load,"tsung_controller@ip-172-31-6-161"} 1 0.08984375 0.0 0.3984375 0.08984375 0.22851562499999994 20
stats: {freemem,"tsung_controller@ip-172-31-6-161"} 1 3137.3515625 0.0 3161.89453125 3137.3515625 3150.8998046875 20
stats: {recvpackets,"tsung_controller@ip-172-31-6-161"} 1 2220.0 0.0 2505 358 1832.7368421052631 19
stats: {sentpackets,"tsung_controller@ip-172-31-6-161"} 1 2041.0 0.0 2196 285 1571.0000000000002 19
stats: {cpu,"tsung_controller@ip-172-31-6-161"} 1 5.299313052011776 0.0 5.299313052011776 2.5540275049115913 4.156675389403124 20
stats: session 20 52347.67731933594 4325.240931893582 60088.7451171875 12718.506103515625 25871.665553635816 195
stats: users_count 42 378
stats: finish_users_count 20 215
stats: request 596 1846.6637347944627 2042.642238137082 5606.72607421875 0.544921875 556.9715777047073 5372
stats: connect 41 3.3829792301829267 3.076551503687024 113.0849609375 0.50390625 3.018612816220238 336
stats: page 596 1846.6637347944627 2042.642238137082 5606.72607421875 0.544921875 556.9715777047073 5372
stats: 302 32 334
stats: 200 239 5256
stats: size_rcv 1420346 27644156
stats: newphase 0 3
stats: size_sent 249882 2785261
stats: connected 21 162
stats: 503 325 378
# stats: dump at 1480582100
stats: users 195 196
stats: {load,"tsung_controller@ip-172-31-6-161"} 1 0.078125 0.0 0.3984375 0.078125 0.22191220238095233 21
stats: {freemem,"tsung_controller@ip-172-31-6-161"} 1 3136.96484375 0.0 3161.89453125 3136.96484375 3150.2546502976193 21
stats: {recvpackets,"tsung_controller@ip-172-31-6-161"} 1 2610.0 0.0 2610 358 1852.1 20
stats: {sentpackets,"tsung_controller@ip-172-31-6-161"} 1 2574.0 0.0 2574 285 1594.5000000000002 20
stats: {cpu,"tsung_controller@ip-172-31-6-161"} 1 6.8493150684931505 0.0 6.8493150684931505 2.5540275049115913 4.211086706670202 21
stats: session 16 51941.174713134766 4628.029918877241 61716.114990234375 12718.506103515625 28334.550369049783 215
stats: users_count 48 426
stats: finish_users_count 16 231
stats: request 833 1263.438566539897 1609.052703793001 5606.72607421875 0.544921875 685.7679124274778 5968
stats: connect 49 2.970264668367347 3.507216724454851 113.0849609375 0.476806640625 3.0582388718501328 377
stats: page 833 1263.438566539897 1609.052703793001 5606.72607421875 0.544921875 685.7679124274778 5968
stats: 302 24 358
stats: 200 302 5558
stats: size_rcv 1849946 29494102
stats: newphase 0 3
stats: size_sent 358520 3143781
stats: connected 33 195
stats: 503 507 885
# stats: dump at 1480582110
stats: users 218 218
stats: {load,"tsung_controller@ip-172-31-6-161"} 1 0.140625 0.0 0.3984375 0.078125 0.21537642045454541 22
stats: {freemem,"tsung_controller@ip-172-31-6-161"} 1 3135.80078125 0.0 3161.89453125 3135.80078125 3149.650568181818 22
stats: {recvpackets,"tsung_controller@ip-172-31-6-161"} 1 3256.0 0.0 3256 358 1888.1904761904761 21
stats: {sentpackets,"tsung_controller@ip-172-31-6-161"} 1 3401.0 0.0 3401 285 1641.142857142857 21
stats: {cpu,"tsung_controller@ip-172-31-6-161"} 1 10.154738878143133 0.0 10.154738878143133 2.5540275049115913 4.331006177662155 22
stats: session 18 52995.374891493055 7472.135795514734 62918.950927734375 12718.506103515625 29969.64123270935 231
stats: users_count 41 467
stats: finish_users_count 18 249
stats: request 1059 1046.9356218001183 1425.3690271490323 5606.72607421875 0.537109375 756.522162519471 6801
stats: connect 41 3.138713557545732 3.301344914217189 113.0849609375 0.476806640625 3.048119773327465 426
stats: page 1059 1046.9356218001183 1425.3690271490323 5606.72607421875 0.537109375 756.522162519471 6801
stats: 302 17 375
stats: 200 360 5918
stats: size_rcv 2247582 31741684
stats: newphase 0 3
stats: size_sent 459599 3603380
stats: connected 23 218
stats: 503 682 1567
# stats: dump at 1480582120
stats: users 202 221
stats: {load,"tsung_controller@ip-172-31-6-161"} 1 0.12109375 0.0 0.3984375 0.078125 0.21212635869565213 23
stats: {freemem,"tsung_controller@ip-172-31-6-161"} 1 3132.5234375 0.0 3161.89453125 3132.5234375 3149.0484035326085 23
stats: {recvpackets,"tsung_controller@ip-172-31-6-161"} 1 4053.0 0.0 4053 358 1950.3636363636363 22
stats: {sentpackets,"tsung_controller@ip-172-31-6-161"} 1 4211.0 0.0 4211 285 1721.1363636363637 22
stats: {cpu,"tsung_controller@ip-172-31-6-161"} 1 12.03079884504331 0.0 12.03079884504331 2.5540275049115913 4.584211947248284 23
stats: session 50 47629.044506835955 9415.745656197716 67789.16015625 12718.506103515625 31634.152099609375 249
stats: users_count 34 501
stats: finish_users_count 50 299
stats: request 1113 944.2614349063623 1312.5094746520829 5606.72607421875 0.531005859375 795.6503881401078 7860
stats: connect 34 3.5225901884191178 3.559041523608488 113.0849609375 0.476806640625 3.0560734032053 467
stats: page 1113 944.2614349063623 1312.5094746520829 5606.72607421875 0.531005859375 795.6503881401078 7860
stats: 302 14 389
stats: 200 366 6284
stats: size_rcv 2316980 34058664
stats: newphase 0 3
stats: size_sent 478728 4082108
stats: connected -13 205
stats: 503 733 2300
# stats: dump at 1480582130
stats: users 200 221
stats: {load,"tsung_controller@ip-172-31-6-161"} 1 0.1015625 0.0 0.3984375 0.078125 0.2083333333333333 24
stats: {freemem,"tsung_controller@ip-172-31-6-161"} 1 3130.69140625 0.0 3161.89453125 3130.69140625 3148.35986328125 24
stats: {recvpackets,"tsung_controller@ip-172-31-6-161"} 1 3931.0 0.0 4053 358 2041.7826086956522 23
stats: {sentpackets,"tsung_controller@ip-172-31-6-161"} 1 4030.0 0.0 4211 285 1829.391304347826 23
stats: {cpu,"tsung_controller@ip-172-31-6-161"} 1 10.603112840466926 0.0 12.03079884504331 2.5540275049115913 4.894486401323077 24
stats: session 50 47491.99750976563 8701.491499897751 67789.16015625 12718.506103515625 34308.88327138639 299
stats: users_count 48 549
stats: finish_users_count 50 349
stats: request 1012 1020.2323118669719 1121.5567402668353 5606.72607421875 0.531005859375 814.0839215236854 8973
stats: connect 45 3.306537543402778 3.252545442598837 113.0849609375 0.476806640625 3.087733224956337 501
stats: page 1012 1020.2323118669719 1121.5567402668353 5606.72607421875 0.531005859375 814.0839215236854 8973
stats: 302 8 397
stats: 200 454 6738
stats: size_rcv 2713519 36772183
stats: newphase 1 4
stats: size_sent 435289 4517397
stats: connected -7 198
stats: 503 551 2851
# stats: dump at 1480582140
stats: users 199 221
stats: {load,"tsung_controller@ip-172-31-6-161"} 1 0.16015625 0.0 0.3984375 0.078125 0.20406249999999995 25
stats: {freemem,"tsung_controller@ip-172-31-6-161"} 1 3130.58203125 0.0 3161.89453125 3130.58203125 3147.653125 25
stats: {recvpackets,"tsung_controller@ip-172-31-6-161"} 1 4240.0 0.0 4240 358 2120.5 24
stats: {sentpackets,"tsung_controller@ip-172-31-6-161"} 1 4346.0 0.0 4346 285 1921.0833333333333 24
stats: {cpu,"tsung_controller@ip-172-31-6-161"} 1 11.165048543689322 0.0 12.03079884504331 2.5540275049115913 5.122831458888831 25
stats: session 73 44686.19950971212 9433.083861216548 72613.82104492188 12718.506103515625 36197.581586340435 349
stats: users_count 72 621
stats: finish_users_count 73 422
stats: request 1120 983.9627753121513 1413.5257774925333 5606.72607421875 0.52392578125 834.9774789625843 9985
stats: connect 73 3.1166022313784256 3.0288930398864107 113.0849609375 0.47607421875 3.10576654790522 546
stats: page 1120 983.9627753121513 1413.5257774925333 5606.72607421875 0.52392578125 834.9774789625843 9985
stats: 302 27 424
stats: 200 342 7080
stats: size_rcv 2239591 39011774
stats: newphase 0 4
stats: size_sent 450277 4967674
stats: connected 3 201
stats: 503 750 3601
# stats: dump at 1480582150
stats: users 222 227
stats: {load,"tsung_controller@ip-172-31-6-161"} 1 0.12890625 0.0 0.3984375 0.078125 0.20237379807692304 26
stats: {freemem,"tsung_controller@ip-172-31-6-161"} 1 3130.44921875 0.0 3161.89453125 3130.44921875 3146.996544471154 26
stats: {recvpackets,"tsung_controller@ip-172-31-6-161"} 1 3672.0 0.0 4240 358 2205.28 25
stats: {sentpackets,"tsung_controller@ip-172-31-6-161"} 1 4020.0 0.0 4346 285 2018.08 25
stats: {cpu,"tsung_controller@ip-172-31-6-161"} 1 11.900191938579654 0.0 12.03079884504331 2.5540275049115913 5.355224423688849 26
stats: session 44 42919.598244406974 8628.430939160282 72613.82104492188 12718.506103515625 37665.991795833645 422
stats: users_count 67 688
stats: finish_users_count 44 466
stats: request 1190 891.4733109161638 1409.333615717455 5606.72607421875 0.52392578125 850.0034611248099 11105
stats: connect 67 3.495681990438432 3.451701637068627 113.0849609375 0.47607421875 3.107044423339055 619
stats: page 1190 891.4733109161638 1409.333615717455 5606.72607421875 0.52392578125 850.0034611248099 11105
stats: 302 28 452
stats: 200 315 7395
stats: size_rcv 2135767 41147541
stats: newphase 0 4
stats: size_sent 470946 5438620
stats: connected 21 222
stats: 503 847 4448
# stats: dump at 1480582160
stats: users 237 242
stats: {load,"tsung_controller@ip-172-31-6-161"} 1 0.109375 0.0 0.3984375 0.078125 0.19965277777777773 27
stats: {freemem,"tsung_controller@ip-172-31-6-161"} 1 3130.16796875 0.0 3161.89453125 3130.16796875 3146.3836805555557 27
stats: {recvpackets,"tsung_controller@ip-172-31-6-161"} 1 3776.0 0.0 4240 358 2261.692307692308 26
stats: {sentpackets,"tsung_controller@ip-172-31-6-161"} 1 4285.0 0.0 4346 285 2095.076923076923 26
stats: {cpu,"tsung_controller@ip-172-31-6-161"} 1 12.993262752646775 0.0 12.993262752646775 2.5540275049115913 5.597630627944064 27
stats: session 41 38928.73348775724 8040.498828573412 72613.82104492188 12718.506103515625 38162.04047338135 466
stats: users_count 56 744
stats: finish_users_count 41 507
stats: request 1368 760.72917309142 1348.6600375938535 5606.72607421875 0.52392578125 854.0172164116509 12295
stats: connect 57 3.175344366776316 3.205114140785095 113.0849609375 0.47607421875 3.145001736743805 686
stats: page 1368 760.72917309142 1348.6600375938535 5606.72607421875 0.52392578125 854.0172164116509 12295
stats: 302 27 479
stats: 200 304 7699
stats: size_rcv 2161252 43308793
stats: newphase 0 4
stats: size_sent 563532 6002152
stats: connected 15 237
stats: 503 1037 5485
# stats: dump at 1480582170
stats: users 242 245
stats: {load,"tsung_controller@ip-172-31-6-161"} 1 0.1015625 0.0 0.3984375 0.078125 0.1964285714285714 28
stats: {freemem,"tsung_controller@ip-172-31-6-161"} 1 3129.92578125 0.0 3161.89453125 3129.92578125 3145.8045479910716 28
stats: {recvpackets,"tsung_controller@ip-172-31-6-161"} 1 4271.0 0.0 4271 358 2317.777777777778 27
stats: {sentpackets,"tsung_controller@ip-172-31-6-161"} 1 4819.0 0.0 4819 285 2176.1851851851848 27
stats: {cpu,"tsung_controller@ip-172-31-6-161"} 1 14.299332697807435 0.0 14.299332697807435 2.5540275049115913 5.861760346683448 28
stats: session 55 35878.92558149858 6965.895315414283 72613.82104492188 12718.506103515625 38224.04128913955 507
stats: users_count 60 804
stats: finish_users_count 55 562
stats: request 1450 757.5126424434266 1197.5240742668962 5606.72607421875 0.52392578125 844.6768048430293 13663
stats: connect 60 3.448392740885417 3.624809998183852 113.0849609375 0.47607421875 3.1473295024394345 743
stats: page 1450 757.5126424434266 1197.5240742668962 5606.72607421875 0.52392578125 844.6768048430293 13663
stats: 302 15 494
stats: 200 401 8100
stats: size_rcv 2683058 45991851
stats: newphase 0 4
stats: size_sent 598554 6600706
stats: connected 5 242
stats: 503 1034 6519
# stats: dump at 1480582180
stats: users 230 245
stats: {load,"tsung_controller@ip-172-31-6-161"} 1 0.078125 0.0 0.3984375 0.078125 0.19315732758620688 29
stats: {freemem,"tsung_controller@ip-172-31-6-161"} 1 3129.3125 0.0 3161.89453125 3129.3125 3145.2570043103447 29
stats: {recvpackets,"tsung_controller@ip-172-31-6-161"} 1 4293.0 0.0 4293 358 2387.535714285714 28
stats: {sentpackets,"tsung_controller@ip-172-31-6-161"} 1 4752.0 0.0 4819 285 2270.571428571428 28
stats: {cpu,"tsung_controller@ip-172-31-6-161"} 1 14.217098943323728 0.0 14.299332697807435 2.5540275049115913 6.152711117411862 29
stats: session 69 38162.37893455616 7864.140115386273 72613.82104492188 12718.506103515625 37994.53708287576 562
stats: users_count 57 861
stats: finish_users_count 69 631
stats: request 1364 760.2123296743265 1180.461609304288 5606.72607421875 0.52392578125 836.3139360890148 15113
stats: connect 56 2.7851736886160707 3.0523390018765375 113.0849609375 0.47607421875 3.1698248876284247 803
stats: page 1364 760.2123296743265 1180.461609304288 5606.72607421875 0.52392578125 836.3139360890148 15113
stats: 302 14 508
stats: 200 384 8484
stats: size_rcv 2561790 48553641
stats: newphase 0 4
stats: size_sent 580940 7181646
stats: connected -10 232
stats: 503 966 7485
# stats: dump at 1480582190
stats: users 254 254
stats: {load,"tsung_controller@ip-172-31-6-161"} 1 0.0703125 0.0 0.3984375 0.0703125 0.18932291666666665 30
stats: {freemem,"tsung_controller@ip-172-31-6-161"} 1 3128.09375 0.0 3161.89453125 3128.09375 3144.725520833333 30
stats: {recvpackets,"tsung_controller@ip-172-31-6-161"} 1 4495.0 0.0 4495 358 2453.2413793103447 29
stats: {sentpackets,"tsung_controller@ip-172-31-6-161"} 1 4777.0 0.0 4819 285 2356.1379310344823 29
stats: {cpu,"tsung_controller@ip-172-31-6-161"} 1 13.763233878729547 0.0 14.299332697807435 2.5540275049115913 6.421524044942257 30
stats: session 71 39171.544798085386 7488.9484336161595 72613.82104492188 12718.506103515625 38012.89062925602 631
stats: users_count 95 956
stats: finish_users_count 71 702
stats: request 1427 722.5175606741653 1225.4276143011475 5606.72607421875 0.52392578125 830.0140883527985 16477
stats: connect 95 2.8085295024671053 3.180973546412983 113.0849609375 0.47607421875 3.1447486744215656 859
stats: page 1427 722.5175606741653 1225.4276143011475 5606.72607421875 0.52392578125 830.0140883527985 16477
stats: 302 17 525
stats: 200 353 8837
stats: size_rcv 2437329 50990970
stats: newphase 1 5
stats: size_sent 556085 7737731
stats: connected 22 254
stats: 503 1058 8543
# stats: dump at 1480582200
stats: users 279 284
stats: {load,"tsung_controller@ip-172-31-6-161"} 1 0.05859375 0.0 0.3984375 0.05859375 0.1854838709677419 31
stats: {freemem,"tsung_controller@ip-172-31-6-161"} 1 3127.609375 0.0 3161.89453125 3127.609375 3144.189012096774 31
stats: {recvpackets,"tsung_controller@ip-172-31-6-161"} 1 4294.0 0.0 4495 358 2521.3 30
stats: {sentpackets,"tsung_controller@ip-172-31-6-161"} 1 4994.0 0.0 4994 285 2436.833333333333 30
stats: {cpu,"tsung_controller@ip-172-31-6-161"} 1 16.22390891840607 0.0 16.22390891840607 2.5540275049115913 6.658353394419266 31
stats: session 70 36404.71286621094 8345.979735955503 72613.82104492188 12718.506103515625 38130.07644975016 702
stats: users_count 95 1051
stats: finish_users_count 70 772
stats: request 1788 617.4200266042274 1323.0020945671804 5606.72607421875 0.52392578125 821.4463076894043 17904
stats: connect 96 3.3652420043945313 3.4755294081810764 113.0849609375 0.47607421875 3.111267729625262 954
stats: page 1788 617.4200266042274 1323.0020945671804 5606.72607421875 0.52392578125 821.4463076894043 17904
stats: 302 29 554
stats: 200 290 9127
stats: size_rcv 2311463 53302433
stats: newphase 0 5
stats: size_sent 660164 8397895
stats: connected 28 282
stats: 503 1469 10012
# stats: dump at 1480582210
stats: users 309 313
stats: {load,"tsung_controller@ip-172-31-6-161"} 1 0.05078125 0.0 0.3984375 0.05078125 0.18151855468749997 32
stats: {freemem,"tsung_controller@ip-172-31-6-161"} 1 3127.48046875 0.0 3161.89453125 3127.48046875 3143.6708984375 32
stats: {recvpackets,"tsung_controller@ip-172-31-6-161"} 1 4804.0 0.0 4804 358 2578.483870967742 31
stats: {sentpackets,"tsung_controller@ip-172-31-6-161"} 1 5625.0 0.0 5625 285 2519.322580645161 31
stats: {cpu,"tsung_controller@ip-172-31-6-161"} 1 18.0188679245283 0.0 18.0188679245283 2.5540275049115913 6.957277004543854 32
stats: session 76 34756.755621659126 8152.075202972636 72613.82104492188 12718.506103515625 37973.631565232354 772
stats: users_count 106 1157
stats: finish_users_count 76 848
stats: request 2058 533.4531002063206 1132.0911214184237 5606.72607421875 0.52392578125 802.9210694921518 19692
stats: connect 105 3.918924386160713 4.158724239956266 113.0849609375 0.47607421875 3.1344882347470238 1050
stats: page 2058 533.4531002063206 1132.0911214184237 5606.72607421875 0.52392578125 802.9210694921518 19692
stats: 302 19 573
stats: 200 347 9474
stats: size_rcv 2735388 56037821
stats: newphase 0 5
stats: size_sent 762090 9159985
stats: connected 30 312
stats: 503 1691 11703
# stats: dump at 1480582220
stats: users 330 344
stats: {load,"tsung_controller@ip-172-31-6-161"} 1 0.0390625 0.0 0.3984375 0.0390625 0.17755681818181815 33
stats: {freemem,"tsung_controller@ip-172-31-6-161"} 1 3125.30078125 0.0 3161.89453125 3125.30078125 3143.1802793560605 33
stats: {recvpackets,"tsung_controller@ip-172-31-6-161"} 1 5.5e3 0.0 5500 358 2648.03125 32
stats: {sentpackets,"tsung_controller@ip-172-31-6-161"} 1 6782.0 0.0 6782 285 2616.3749999999995 32
stats: {cpu,"tsung_controller@ip-172-31-6-161"} 1 21.624173748819643 0.0 21.624173748819643 2.5540275049115913 7.2924767293918675 33
stats: session 93 29463.042501470096 6961.448113417792 72613.82104492188 12718.506103515625 37685.32664576117 848
stats: users_count 114 1271
stats: finish_users_count 93 941
stats: request 2481 434.67617407925195 1126.2912056642099 5606.72607421875 0.52392578125 777.4238243983477 21750
stats: connect 114 2.9935645387883767 3.3922269820899533 113.0849609375 0.47607421875 3.2058006121482685 1155
stats: page 2481 434.67617407925195 1126.2912056642099 5606.72607421875 0.52392578125 777.4238243983477 21750
stats: 302 26 599
stats: 200 287 9761
stats: size_rcv 2615174 58652995
stats: newphase 0 5
stats: size_sent 893365 10053350
stats: connected 19 331
stats: 503 2170 13873
# stats: dump at 1480582230
stats: users 329 344
stats: {load,"tsung_controller@ip-172-31-6-161"} 1 0.0390625 0.0 0.3984375 0.0390625 0.17348345588235292 34
stats: {freemem,"tsung_controller@ip-172-31-6-161"} 1 3121.734375 0.0 3161.89453125 3121.734375 3142.654411764706 34
stats: {recvpackets,"tsung_controller@ip-172-31-6-161"} 1 5720.0 0.0 5720 358 2734.4545454545455 33
stats: {sentpackets,"tsung_controller@ip-172-31-6-161"} 1 7078.0 0.0 7078 285 2742.60606060606 33
stats: {cpu,"tsung_controller@ip-172-31-6-161"} 1 23.062558356676004 0.0 23.062558356676004 2.5540275049115913 7.713997229963272 34
stats: session 93 31637.342054141463 7508.969198422857 72613.82104492188 12718.506103515625 36872.709828100094 941
stats: users_count 92 1363
stats: finish_users_count 93 1034
stats: request 2241 487.00398163835877 1046.328528932896 5606.72607421875 0.52392578125 742.330063495303 24231
stats: connect 91 3.880464993990386 3.7568788381072578 113.0849609375 0.47607421875 3.1867344873547085 1269
stats: page 2241 487.00398163835877 1046.328528932896 5606.72607421875 0.52392578125 742.330063495303 24231
stats: 302 14 613
stats: 200 375 10136
stats: size_rcv 2972210 61625205
stats: newphase 0 5
stats: size_sent 836307 10889657
stats: connected -3 328
stats: 503 1850 15723
# stats: dump at 1480582240
stats: users 311 344
stats: {load,"tsung_controller@ip-172-31-6-161"} 1 0.03125 0.0 0.3984375 0.03125 0.16964285714285712 35
stats: {freemem,"tsung_controller@ip-172-31-6-161"} 1 3121.10546875 0.0 3161.89453125 3121.10546875 3142.0566964285713 35
stats: {recvpackets,"tsung_controller@ip-172-31-6-161"} 1 5560.0 0.0 5720 358 2822.264705882353 34
stats: {sentpackets,"tsung_controller@ip-172-31-6-161"} 1 6844.0 0.0 7078 285 2870.117647058823 34
stats: {cpu,"tsung_controller@ip-172-31-6-161"} 1 20.400381315538606 0.0 23.062558356676004 2.5540275049115913 8.152527547869349 35
stats: session 116 31815.884965567755 7594.863358002278 72613.82104492188 12718.506103515625 36401.83052154482 1034
stats: users_count 98 1461
stats: finish_users_count 116 1150
stats: request 2403 461.71440504870236 1010.9126772697183 5606.72607421875 0.512939453125 720.7153101921369 26472
stats: connect 101 3.38245958384901 3.2076708738768263 113.0849609375 0.47607421875 3.233153219784007 1360
stats: page 2403 461.71440504870236 1010.9126772697183 5606.72607421875 0.512939453125 720.7153101921369 26472
stats: 302 21 634
stats: 200 391 10527
stats: size_rcv 3125790 64750995
stats: newphase 0 5
stats: size_sent 925829 11815486
stats: connected -15 313
stats: 503 1991 17714
# stats: dump at 1480582250
stats: users 327 344
stats: {load,"tsung_controller@ip-172-31-6-161"} 1 0.109375 0.0 0.3984375 0.03125 0.16579861111111108 36
stats: {freemem,"tsung_controller@ip-172-31-6-161"} 1 3120.97265625 0.0 3161.89453125 3120.97265625 3141.4747178819443 36
stats: {recvpackets,"tsung_controller@ip-172-31-6-161"} 1 5862.0 0.0 5862 358 2900.4857142857145 35
stats: {sentpackets,"tsung_controller@ip-172-31-6-161"} 1 6941.0 0.0 7078 285 2983.6571428571424 35
stats: {cpu,"tsung_controller@ip-172-31-6-161"} 1 19.769673704414586 0.0 23.062558356676004 2.5540275049115913 8.492745708082383 36
stats: session 111 30745.369182414837 5799.172584885577 72613.82104492188 12718.506103515625 35939.248187202786 1150
stats: users_count 127 1588
stats: finish_users_count 111 1261
stats: request 2171 470.71791906721364 949.6713671101111 5606.72607421875 0.512939453125 699.1610530472132 28875
stats: connect 120 3.6965352376302083 3.8284253048688717 113.0849609375 0.47607421875 3.243474878080082 1461
stats: page 2171 470.71791906721364 949.6713671101111 5606.72607421875 0.512939453125 699.1610530472132 28875
stats: 302 16 650
stats: 200 405 10932
stats: size_rcv 3083462 67834457
stats: newphase 1 6
stats: size_sent 832205 12647691
stats: connected 9 322
stats: 503 1750 19464
# stats: dump at 1480582260
stats: users 381 385
stats: {load,"tsung_controller@ip-172-31-6-161"} 1 0.171875 0.0 0.3984375 0.03125 0.16427364864864863 37
stats: {freemem,"tsung_controller@ip-172-31-6-161"} 1 3120.0625 0.0 3161.89453125 3120.0625 3140.920608108108 37
stats: {recvpackets,"tsung_controller@ip-172-31-6-161"} 1 6028.0 0.0 6028 358 2982.75 36
stats: {sentpackets,"tsung_controller@ip-172-31-6-161"} 1 7441.0 0.0 7441 285 3093.583333333333 36
stats: {cpu,"tsung_controller@ip-172-31-6-161"} 1 23.374175306314797 0.0 23.374175306314797 2.5540275049115913 8.79752754582109 37
stats: session 109 29666.520344305474 6374.236658273721 72613.82104492188 12718.506103515625 35482.055031349126 1261
stats: users_count 163 1751
stats: finish_users_count 109 1370
stats: request 2921 375.3800584165579 1108.7664181402824 5606.72607421875 0.512939453125 683.1863689052761 31046
stats: connect 169 2.972647582285504 3.3880424672960596 113.0849609375 0.47607421875 3.2778627611578908 1581
stats: page 2921 375.3800584165579 1108.7664181402824 5606.72607421875 0.512939453125 683.1863689052761 31046
stats: 302 36 686
stats: 200 250 11182
stats: size_rcv 2665271 70499728
stats: newphase 0 6
stats: size_sent 957397 13605088
stats: connected 62 384
stats: 503 2636 22100
# stats: dump at 1480582270
stats: users 422 423
stats: {load,"tsung_controller@ip-172-31-6-161"} 1 0.30078125 0.0 0.3984375 0.03125 0.1644736842105263 38
stats: {freemem,"tsung_controller@ip-172-31-6-161"} 1 3117.67578125 0.0 3161.89453125 3117.67578125 3140.3717105263154 38
stats: {recvpackets,"tsung_controller@ip-172-31-6-161"} 1 7011.0 0.0 7011 358 3065.054054054054 37
stats: {sentpackets,"tsung_controller@ip-172-31-6-161"} 1 8754.0 0.0 8754 285 3211.081081081081 37
stats: {cpu,"tsung_controller@ip-172-31-6-161"} 1 27.37430167597765 0.0 27.37430167597765 2.5540275049115913 9.181123539518293 38
stats: session 116 28213.08533767174 7223.439204750913 72613.82104492188 12718.506103515625 35019.35920588361 1370
stats: users_count 157 1908
stats: finish_users_count 116 1486
stats: request 3222 352.31033342244325 1006.9783765195906 5606.72607421875 0.512939453125 656.7164942346386 33967
stats: connect 155 2.6795189642137096 3.223546098070048 113.0849609375 0.47607421875 3.2483876953125 1750
stats: page 3222 352.31033342244325 1006.9783765195906 5606.72607421875 0.512939453125 656.7164942346386 33967
stats: 302 24 710
stats: 200 300 11482
stats: size_rcv 3057287 73557015
stats: newphase 0 6
stats: size_sent 1046838 14651926
stats: connected 37 421
stats: 503 2897 24997
# stats: dump at 1480582280
stats: users 428 429
stats: {load,"tsung_controller@ip-172-31-6-161"} 1 0.6015625 0.0 0.6015625 0.03125 0.16796874999999997 39
stats: {freemem,"tsung_controller@ip-172-31-6-161"} 1 3114.421875 0.0 3161.89453125 3114.421875 3139.7897636217945 39
stats: {recvpackets,"tsung_controller@ip-172-31-6-161"} 1 7885.0 0.0 7885 358 3168.8947368421054 38
stats: {sentpackets,"tsung_controller@ip-172-31-6-161"} 1 9618.0 0.0 9618 285 3356.947368421052 38
stats: {cpu,"tsung_controller@ip-172-31-6-161"} 1 28.517110266159694 0.0 28.517110266159694 2.5540275049115913 9.647615286606996 39
stats: session 146 26271.139875856163 6063.522017579113 72613.82104492188 12718.506103515625 34488.048459778234 1486
stats: users_count 152 2060
stats: finish_users_count 146 1632
stats: request 3455 318.1774749005072 934.279753329796 5606.72607421875 0.512939453125 630.3431943304494 37189
stats: connect 153 3.3414362489787583 3.558169330180081 113.0849609375 0.464111328125 3.202101788057743 1905
stats: page 3455 318.1774749005072 934.279753329796 5606.72607421875 0.512939453125 630.3431943304494 37189
stats: 302 21 731
stats: 200 308 11790
stats: size_rcv 3218232 76775247
stats: newphase 0 6
stats: size_sent 1134590 15786516
stats: connected 6 427
stats: 503 3126 28123
# stats: dump at 1480582290
stats: users 439 439
stats: {load,"tsung_controller@ip-172-31-6-161"} 1 0.66015625 0.0 0.66015625 0.03125 0.17880859374999997 40
stats: {freemem,"tsung_controller@ip-172-31-6-161"} 1 3112.80859375 0.0 3161.89453125 3112.80859375 3139.15556640625 40
stats: {recvpackets,"tsung_controller@ip-172-31-6-161"} 1 7703.0 0.0 7885 358 3289.8205128205127 39
stats: {sentpackets,"tsung_controller@ip-172-31-6-161"} 1 9520.0 0.0 9618 285 3517.4871794871788 39
stats: {cpu,"tsung_controller@ip-172-31-6-161"} 1 29.577464788732392 0.0 29.577464788732392 2.5540275049115913 10.119352661095814 40
stats: session 157 27096.998916140026 6269.856786726456 72613.82104492188 11651.625 33752.95737322638 1632
stats: users_count 168 2228
stats: finish_users_count 157 1789
stats: request 3427 318.795141081508 956.0632400818478 5606.72607421875 0.512939453125 603.8071112522472 40644
stats: connect 162 2.9748354311342604 3.191133683645674 113.0849609375 0.464111328125 3.212460472470238 2058
stats: page 3427 318.795141081508 956.0632400818478 5606.72607421875 0.512939453125 603.8071112522472 40644
stats: 302 29 760
stats: 200 281 12071
stats: size_rcv 3068389 79843636
stats: newphase 0 6
stats: size_sent 1170065 16956581
stats: connected 9 436
stats: 503 3117 31240
# stats: dump at 1480582300
stats: users 435 443
stats: {load,"tsung_controller@ip-172-31-6-161"} 1 0.7109375 0.0 0.7109375 0.03125 0.19054878048780483 41
stats: {freemem,"tsung_controller@ip-172-31-6-161"} 1 3111.76953125 0.0 3161.89453125 3111.76953125 3138.512957317073 41
stats: {recvpackets,"tsung_controller@ip-172-31-6-161"} 1 7418.0 0.0 7885 358 3400.15 40
stats: {sentpackets,"tsung_controller@ip-172-31-6-161"} 1 9573.0 0.0 9618 285 3667.5499999999993 40
stats: {cpu,"tsung_controller@ip-172-31-6-161"} 1 29.924953095684803 0.0 29.924953095684803 2.5540275049115913 10.593940761769877 41
stats: session 162 27464.400640793796 7070.897037812098 72613.82104492188 10910.973876953125 33168.84028112881 1789
stats: users_count 158 2386
stats: finish_users_count 162 1951
stats: request 3650 334.88821001444745 1008.3629497036 5606.72607421875 0.512939453125 581.6443279758269 44071
stats: connect 163 3.299906537576687 3.6119701292570716 113.0849609375 0.464111328125 3.1951202667511263 2220
stats: page 3650 334.88821001444745 1008.3629497036 5606.72607421875 0.512939453125 581.6443279758269 44071
stats: 302 25 785
stats: 200 315 12386
stats: size_rcv 3352905 83196541
stats: newphase 0 6
stats: size_sent 1148366 18104947
stats: connected -2 434
stats: 503 3310 34550
# stats: dump at 1480582310
stats: users 311 443
stats: {load,"tsung_controller@ip-172-31-6-161"} 1 0.6796875 0.0 0.7109375 0.03125 0.20293898809523805 42
stats: {freemem,"tsung_controller@ip-172-31-6-161"} 1 3111.390625 0.0 3161.89453125 3111.390625 3137.8762090773807 42
stats: {recvpackets,"tsung_controller@ip-172-31-6-161"} 1 7190.0 0.0 7885 358 3498.1463414634145 41
stats: {sentpackets,"tsung_controller@ip-172-31-6-161"} 1 9029.0 0.0 9618 285 3811.585365853658 41
stats: {cpu,"tsung_controller@ip-172-31-6-161"} 1 27.178030303030305 0.0 29.924953095684803 2.5540275049115913 11.054202960196424 42
stats: session 148 27117.912803856103 6173.114815650163 72613.82104492188 10654.633056640625 32695.175892746305 1951
stats: users_count 24 2410
stats: finish_users_count 148 2099
stats: request 2678 423.7973383019633 978.9801020283741 5606.72607421875 0.512939453125 562.7708795870874 47721
stats: connect 27 2.5933521412037037 3.192680144517033 113.0849609375 0.464111328125 3.2022877707983635 2383
stats: page 2678 423.7973383019633 978.9801020283741 5606.72607421875 0.512939453125 562.7708795870874 47721
stats: 302 19 804
stats: 200 391 12777
stats: size_rcv 3240529 86437070
stats: newphase 0 6
stats: size_sent 979428 19084375
stats: connected -123 311
stats: 503 2272 36822
# stats: dump at 1480582320
stats: users 199 443
stats: {load,"tsung_controller@ip-172-31-6-161"} 1 0.6484375 0.0 0.7109375 0.03125 0.21402616279069764 43
stats: {freemem,"tsung_controller@ip-172-31-6-161"} 1 3111.27734375 0.0 3161.89453125 3111.27734375 3137.260265261628 43
stats: {recvpackets,"tsung_controller@ip-172-31-6-161"} 1 6041.0 0.0 7885 358 3586.0476190476193 42
stats: {sentpackets,"tsung_controller@ip-172-31-6-161"} 1 6686.0 0.0 9618 285 3935.809523809523 42
stats: {cpu,"tsung_controller@ip-172-31-6-161"} 1 18.779790276453763 0.0 29.924953095684803 2.5540275049115913 11.429175689099537 43
stats: session 112 28360.485621861048 5608.906153000392 72613.82104492188 10654.633056640625 32301.92437433004 2099
stats: users_count 0 2410
stats: finish_users_count 112 2211
stats: request 1554 698.8967764325441 892.407505222739 5606.72607421875 0.512939453125 555.3863849827984 50399
stats: connect 0 0 0 113.0849609375 0.464111328125 3.1954656703838173 2410
stats: page 1554 698.8967764325441 892.407505222739 5606.72607421875 0.512939453125 555.3863849827984 50399
stats: 302 0 804
stats: 200 579 13356
stats: size_rcv 3688190 90125260
stats: newphase 0 6
stats: size_sent 692181 19776556
stats: connected -111 200
stats: 503 971 37793
# stats: dump at 1480582330
stats: users 104 443
stats: {load,"tsung_controller@ip-172-31-6-161"} 1 0.55078125 0.0 0.7109375 0.03125 0.22389914772727268 44
stats: {freemem,"tsung_controller@ip-172-31-6-161"} 1 3111.0390625 0.0 3161.89453125 3111.0390625 3136.669744318182 44
stats: {recvpackets,"tsung_controller@ip-172-31-6-161"} 1 4851.0 0.0 7885 358 3643.139534883721 43
stats: {sentpackets,"tsung_controller@ip-172-31-6-161"} 1 4494.0 0.0 9618 285 3999.7674418604643 43
stats: {cpu,"tsung_controller@ip-172-31-6-161"} 1 10.758885686839577 0.0 29.924953095684803 2.5540275049115913 11.596235111539405 44
stats: session 95 34217.69353412829 5343.130640711387 72613.82104492188 10654.633056640625 32102.267594467296 2211
stats: users_count 0 2410
stats: finish_users_count 95 2306
stats: request 660 1407.561754631274 535.6742041561631 5606.72607421875 0.512939453125 559.6790177145541 51953
stats: connect 0 0 0 113.0849609375 0.464111328125 3.1954656703838173 2410
stats: page 660 1407.561754631274 535.6742041561631 5606.72607421875 0.512939453125 559.6790177145541 51953
stats: 302 0 804
stats: 200 595 13951
stats: size_rcv 3310930 93436190
stats: newphase 0 6
stats: size_sent 281970 20058526
stats: connected -96 104
stats: 503 65 37858
# stats: dump at 1480582340
stats: users 11 443
stats: {load,"tsung_controller@ip-172-31-6-161"} 1 0.46875 0.0 0.7109375 0.03125 0.23116319444444441 45
stats: {freemem,"tsung_controller@ip-172-31-6-161"} 1 3111.4609375 0.0 3161.89453125 3111.0390625 3136.100173611111 45
stats: {recvpackets,"tsung_controller@ip-172-31-6-161"} 1 3839.0 0.0 7885 358 3670.590909090909 44
stats: {sentpackets,"tsung_controller@ip-172-31-6-161"} 1 3430.0 0.0 9618 285 4010.9999999999995 44
stats: {cpu,"tsung_controller@ip-172-31-6-161"} 1 7.371483996120272 0.0 29.924953095684803 2.5540275049115913 11.577627346546077 45
stats: session 93 36926.35306147092 3962.265987652728 72613.82104492188 10654.633056640625 32189.41653820875 2306
stats: users_count 0 2410
stats: finish_users_count 93 2399
stats: request 377 409.69371295797396 389.5790196830355 5606.72607421875 0.512939453125 570.3152218155374 52613
stats: connect 0 0 0 113.0849609375 0.464111328125 3.1954656703838173 2410
stats: page 377 409.69371295797396 389.5790196830355 5606.72607421875 0.512939453125 570.3152218155374 52613
stats: 302 0 804
stats: 200 377 14328
stats: size_rcv 2064172 95500362
stats: newphase 0 6
stats: size_sent 147180 20205706
stats: connected -93 11
stats: 503 0 37858
# stats: dump at 1480582347
stats: users 0 443
stats: {load,"tsung_controller@ip-172-31-6-161"} 1 0.3984375 0.0 0.7109375 0.03125 0.23632812499999997 46
stats: {freemem,"tsung_controller@ip-172-31-6-161"} 1 3116.4140625 0.0 3161.89453125 3111.0390625 3135.5645380434785 46
stats: {recvpackets,"tsung_controller@ip-172-31-6-161"} 1 518.0 0.0 7885 358 3674.3333333333335 45
stats: {sentpackets,"tsung_controller@ip-172-31-6-161"} 1 494.0 0.0 9618 285 3998.088888888888 45
stats: {cpu,"tsung_controller@ip-172-31-6-161"} 1 2.2549019607843137 0.0 29.924953095684803 2.2549019607843137 11.486189447623776 46
stats: session 11 43242.966064453125 2715.719299478571 72613.82104492188 10654.633056640625 32373.04934215347 2399
stats: users_count 0 2410
stats: finish_users_count 11 2410
stats: request 30 10.195458984375 5.775636411873762 5606.72607421875 0.512939453125 569.172472073335 52990
stats: connect 0 0 0 113.0849609375 0.464111328125 3.1954656703838173 2410
stats: page 30 10.195458984375 5.775636411873762 5606.72607421875 0.512939453125 569.172472073335 52990
stats: 302 0 804
stats: 200 30 14358
stats: size_rcv 165487 95665849
stats: newphase 0 6
stats: size_sent 13761 20219467
stats: connected -11 0
stats: 503 0 37858
EndMonitor:{1480,582347,927619}
