# stats: dump at 1480421155
stats: users 10 10
stats: {cpu,"tsung_controller@ip-172-31-4-219"} 1 1.2883640403124508 0 1.2883640403124508 1.2883640403124508 0 0
stats: {load,"tsung_controller@ip-172-31-4-219"} 1 0.0 0 0.0 0.0 0 0
stats: {freemem,"tsung_controller@ip-172-31-4-219"} 1 3158.39453125 0 3158.39453125 3158.39453125 0 0
stats: users_count 10 10
stats: finish_users_count 0 0
stats: request 27 159.9449508101852 305.58128473498004 1356.623046875 6.038818359375 0 0
stats: connect 10 12.952587890625 33.738001576066424 114.113037109375 0.9091796875 0 0
stats: page 22 196.31263316761363 331.67838367105963 1356.623046875 6.038818359375 0 0
stats: 302 3 3
stats: 200 24 24
stats: size_rcv 130433 130433
stats: size_sent 12666 12666
stats: connected 10 10
# stats: dump at 1480421165
stats: users 19 19
stats: {recvpackets,"tsung_controller@ip-172-31-4-219"} 1 158 0 158 158 0 0
stats: {sentpackets,"tsung_controller@ip-172-31-4-219"} 1 163 0 163 163 0 0
stats: {cpu,"tsung_controller@ip-172-31-4-219"} 1 2.649656526005888 0.0 2.649656526005888 1.2883640403124508 1.2883640403124508 1
stats: {load,"tsung_controller@ip-172-31-4-219"} 1 0.0 0.0 0.0 0.0 0.0 1
stats: {freemem,"tsung_controller@ip-172-31-4-219"} 1 3158.30078125 0.0 3158.39453125 3158.30078125 3158.39453125 1
stats: users_count 9 19
stats: finish_users_count 0 0
stats: request 67 279.3699605002332 390.4227391787006 2102.153076171875 6.038818359375 159.9449508101852 27
stats: connect 5 3.818603515625 3.885426957813096 114.113037109375 0.9091796875 12.952587890625 10
stats: page 39 479.9910231370192 497.27160627738266 2102.153076171875 6.038818359375 196.31263316761363 22
stats: 302 7 10
stats: 200 60 84
stats: size_rcv 326607 457040
stats: size_sent 41795 54461
stats: connected 5 15
stats: max_repeat 2 2
# stats: dump at 1480421175
stats: users 29 29
stats: {recvpackets,"tsung_controller@ip-172-31-4-219"} 1 308.0 0.0 308 158 158.0 1
stats: {sentpackets,"tsung_controller@ip-172-31-4-219"} 1 246.0 0.0 246 163 163.0 1
stats: {cpu,"tsung_controller@ip-172-31-4-219"} 1 1.8756169792694966 0.0 2.649656526005888 1.2883640403124508 1.9690102831591694 2
stats: {load,"tsung_controller@ip-172-31-4-219"} 1 0.0 0.0 0.0 0.0 0.0 2
stats: {freemem,"tsung_controller@ip-172-31-4-219"} 1 3156.50390625 0.0 3158.39453125 3156.50390625 3158.34765625 2
stats: session 1 17870.97802734375 0 17870.97802734375 17870.97802734375 0 0
stats: users_count 11 30
stats: finish_users_count 1 1
stats: request 99 287.4313520951705 417.592436630105 2805.0390625 0.416015625 245.06703218500664 94
stats: connect 13 3.724496694711539 3.2235315554094304 114.113037109375 0.81494140625 9.907926432291667 15
stats: page 67 339.54050183652055 480.9575481880507 2843.5341796875 0.416015625 377.68078413165983 61
stats: 302 13 23
stats: 200 85 169
stats: size_rcv 455710 912750
stats: size_sent 63454 117915
stats: connected 12 27
stats: max_repeat 2 4
stats: 400 1 1
# stats: dump at 1480421185
stats: users 43 43
stats: {recvpackets,"tsung_controller@ip-172-31-4-219"} 1 440.0 0.0 440 158 233.0 2
stats: {sentpackets,"tsung_controller@ip-172-31-4-219"} 1 389.0 0.0 389 163 204.5 2
stats: {cpu,"tsung_controller@ip-172-31-4-219"} 1 2.073050345508391 0.0 2.649656526005888 1.2883640403124508 1.9378791818626118 3
stats: {load,"tsung_controller@ip-172-31-4-219"} 1 0.0 0.0 0.0 0.0 0.0 3
stats: {freemem,"tsung_controller@ip-172-31-4-219"} 1 3155.6953125 0.0 3158.39453125 3155.6953125 3157.7330729166665 3
stats: session 0 0 0 17870.97802734375 17870.97802734375 17870.97802734375 1
stats: users_count 14 44
stats: finish_users_count 0 1
stats: request 134 998.3863980876865 681.0125118059087 4598.011962890625 0.416015625 266.79795276068654 193
stats: connect 14 2.678955078125 2.585452095543704 114.113037109375 0.760986328125 7.03704833984375 28
stats: page 85 1461.1057961856616 1029.7065849238936 4598.011962890625 0.416015625 357.71673011779785 128
stats: 302 16 39
stats: 200 118 287
stats: size_rcv 647215 1559965
stats: size_sent 84504 202419
stats: connected 14 41
stats: max_repeat 6 10
stats: 400 0 1
# stats: dump at 1480421195
stats: users 51 51
stats: {recvpackets,"tsung_controller@ip-172-31-4-219"} 1 579.0 0.0 579 158 302.0 3
stats: {sentpackets,"tsung_controller@ip-172-31-4-219"} 1 502.0 0.0 502 163 266.0 3
stats: {cpu,"tsung_controller@ip-172-31-4-219"} 1 1.881188118811881 0.0 2.649656526005888 1.2883640403124508 1.9716719727740566 4
stats: {load,"tsung_controller@ip-172-31-4-219"} 1 0.0 0.0 0.0 0.0 0.0 4
stats: {freemem,"tsung_controller@ip-172-31-4-219"} 1 3153.28125 0.0 3158.39453125 3153.28125 3157.2236328125 4
stats: session 0 0 0 17870.97802734375 17870.97802734375 17870.97802734375 1
stats: users_count 8 52
stats: finish_users_count 0 1
stats: request 151 1336.9877670995445 495.08281525673164 4598.011962890625 0.416015625 566.5926061974388 327
stats: connect 10 2.0148681640625 2.0687718844048555 114.113037109375 0.75 5.5843505859375 42
stats: page 103 1932.3627597845873 988.9818602945977 4598.011962890625 0.416015625 798.0363104735181 213
stats: 302 16 55
stats: 200 135 422
stats: size_rcv 725946 2285911
stats: size_sent 95076 297495
stats: connected 10 51
stats: max_repeat 5 15
stats: 400 0 1
# stats: dump at 1480421205
stats: users 58 59
stats: {recvpackets,"tsung_controller@ip-172-31-4-219"} 1 653.0 0.0 653 158 371.25 4
stats: {sentpackets,"tsung_controller@ip-172-31-4-219"} 1 537.0 0.0 537 163 325.0 4
stats: {cpu,"tsung_controller@ip-172-31-4-219"} 1 1.693227091633466 0.0 2.649656526005888 1.2883640403124508 1.9535752019816215 5
stats: {load,"tsung_controller@ip-172-31-4-219"} 1 0.0 0.0 0.0 0.0 0.0 5
stats: {freemem,"tsung_controller@ip-172-31-4-219"} 1 3151.12890625 0.0 3158.39453125 3151.12890625 3156.43515625 5
stats: session 1 52571.950927734375 0.0 52571.950927734375 17870.97802734375 17870.97802734375 1
stats: users_count 8 60
stats: finish_users_count 1 2
stats: request 167 1601.6292600346183 579.729433315143 4598.011962890625 0.40283203125 809.9601151853426 478
stats: connect 8 4.348052978515625 3.8813340865529167 114.113037109375 0.75 4.897911658653846 52
stats: page 117 2343.9886672843213 1242.2752106027149 4664.45703125 0.40283203125 1167.7692986983286 316
stats: 302 9 64
stats: 200 157 579
stats: size_rcv 838200 3124111
stats: size_sent 93411 390906
stats: connected 7 58
stats: max_repeat 7 22
stats: 400 1 2
# stats: dump at 1480421215
stats: users 69 69
stats: {recvpackets,"tsung_controller@ip-172-31-4-219"} 1 645.0 0.0 653 158 427.6 5
stats: {sentpackets,"tsung_controller@ip-172-31-4-219"} 1 517.0 0.0 537 163 367.4 5
stats: {cpu,"tsung_controller@ip-172-31-4-219"} 1 2.2682445759368837 0.0 2.649656526005888 1.2883640403124508 1.9101838502569288 6
stats: {load,"tsung_controller@ip-172-31-4-219"} 1 0.0 0.0 0.0 0.0 0.0 6
stats: {freemem,"tsung_controller@ip-172-31-4-219"} 1 3149.8125 0.0 3158.39453125 3149.8125 3155.55078125 6
stats: session 0 0 0 52571.950927734375 17870.97802734375 35221.46447753906 2
stats: users_count 11 71
stats: finish_users_count 0 2
stats: request 149 2100.1600202522036 542.9457607055989 4598.011962890625 0.40283203125 1014.9349170300387 645
stats: connect 9 3.7080891927083335 3.1415849929703055 114.113037109375 0.75 4.82459716796875 60
stats: page 98 2995.163800920759 1354.4775214018402 5134.861083984375 0.40283203125 1485.593007992927 433
stats: 302 16 80
stats: 200 133 712
stats: size_rcv 713658 3837769
stats: newphase 1 1
stats: size_sent 93496 484402
stats: connected 9 67
stats: max_repeat 7 29
stats: 400 0 2
# stats: dump at 1480421225
stats: users 83 83
stats: {recvpackets,"tsung_controller@ip-172-31-4-219"} 1 681.0 0.0 681 158 463.8333333333333 6
stats: {sentpackets,"tsung_controller@ip-172-31-4-219"} 1 549.0 0.0 549 163 392.3333333333333 6
stats: {cpu,"tsung_controller@ip-172-31-4-219"} 1 1.593625498007968 0.0 2.649656526005888 1.2883640403124508 1.9613353824969224 7
stats: {load,"tsung_controller@ip-172-31-4-219"} 1 0.0 0.0 0.0 0.0 0.0 7
stats: {freemem,"tsung_controller@ip-172-31-4-219"} 1 3148.14453125 0.0 3158.39453125 3148.14453125 3154.731026785714 7
stats: session 0 0 0 52571.950927734375 17870.97802734375 35221.46447753906 2
stats: users_count 14 85
stats: finish_users_count 0 2
stats: request 176 2269.3075603138313 507.0361781277481 4598.011962890625 0.40283203125 1218.5854716649287 794
stats: connect 13 3.4178372896634617 3.215844149065219 114.113037109375 0.736083984375 4.678965692934782 69
stats: page 127 3089.6084618756154 1399.5603273330444 5603.429931640625 0.40283203125 1764.1955272150128 531
stats: 302 16 96
stats: 200 160 872
stats: size_rcv 859140 4696909
stats: newphase 0 1
stats: size_sent 112896 597298
stats: connected 13 80
stats: max_repeat 7 36
stats: 400 0 2
# stats: dump at 1480421235
stats: users 99 99
stats: {recvpackets,"tsung_controller@ip-172-31-4-219"} 1 739.0 0.0 739 158 494.85714285714283 7
stats: {sentpackets,"tsung_controller@ip-172-31-4-219"} 1 615.0 0.0 615 163 414.7142857142857 7
stats: {cpu,"tsung_controller@ip-172-31-4-219"} 1 2.6600985221674875 0.0 2.6600985221674875 1.2883640403124508 1.915371646935803 8
stats: {load,"tsung_controller@ip-172-31-4-219"} 1 0.078125 0.0 0.078125 0.0 0.0 8
stats: {freemem,"tsung_controller@ip-172-31-4-219"} 1 3146.84375 0.0 3158.39453125 3146.84375 3153.90771484375 8
stats: session 0 0 0 52571.950927734375 17870.97802734375 35221.46447753906 2
stats: users_count 16 101
stats: finish_users_count 0 2
stats: request 163 3294.507655231499 489.6783417903039 4620.882080078125 0.40283203125 1409.2319537290596 970
stats: connect 14 2.985630580357143 1.9966019089069553 114.113037109375 0.736083984375 4.479030702172256 82
stats: page 117 4361.832519531249 1699.8518488776274 7486.170166015625 0.40283203125 2020.0123094367402 658
stats: 302 18 114
stats: 200 144 1016
stats: size_rcv 783449 5480358
stats: newphase 0 1
stats: size_sent 103596 700894
stats: connected 14 94
stats: max_repeat 4 40
stats: 204 1 1
stats: 400 0 2
# stats: dump at 1480421245
stats: users 116 116
stats: {recvpackets,"tsung_controller@ip-172-31-4-219"} 1 730.0 0.0 739 158 525.375 8
stats: {sentpackets,"tsung_controller@ip-172-31-4-219"} 1 622.0 0.0 622 163 439.75 8
stats: {cpu,"tsung_controller@ip-172-31-4-219"} 1 2.3785926660059467 0.0 2.6600985221674875 1.2883640403124508 1.9981190775171014 9
stats: {load,"tsung_controller@ip-172-31-4-219"} 1 0.0703125 0.0 0.078125 0.0 0.008680555555555556 9
stats: {freemem,"tsung_controller@ip-172-31-4-219"} 1 3144.08203125 0.0 3158.39453125 3144.08203125 3153.1228298611113 9
stats: session 0 0 0 52571.950927734375 17870.97802734375 35221.46447753906 2
stats: users_count 17 118
stats: finish_users_count 0 2
stats: request 180 4084.3714965820313 428.32567028399774 5360.881103515625 0.40283203125 1680.4587316151121 1133
stats: connect 20 3.1040283203125 2.47254757622767 114.113037109375 0.736083984375 4.261243184407552 96
stats: page 135 5386.878090639468 2106.363182018915 9431.69091796875 0.40283203125 2373.5516185735887 775
stats: 302 23 137
stats: 200 155 1171
stats: size_rcv 835927 6316285
stats: newphase 0 1
stats: size_sent 102385 803279
stats: connected 20 114
stats: max_repeat 13 53
stats: 204 2 3
stats: 400 0 2
# stats: dump at 1480421255
stats: users 128 129
stats: {recvpackets,"tsung_controller@ip-172-31-4-219"} 1 779.0 0.0 779 158 548.1111111111111 9
stats: {sentpackets,"tsung_controller@ip-172-31-4-219"} 1 670.0 0.0 670 163 460.0 9
stats: {cpu,"tsung_controller@ip-172-31-4-219"} 1 2.766798418972332 0.0 2.766798418972332 1.2883640403124508 2.0361664363659857 10
stats: {load,"tsung_controller@ip-172-31-4-219"} 1 0.05859375 0.0 0.078125 0.0 0.01484375 10
stats: {freemem,"tsung_controller@ip-172-31-4-219"} 1 3141.42578125 0.0 3158.39453125 3141.42578125 3152.21875 10
stats: session 1 92075.94018554688 0.0 92075.94018554688 17870.97802734375 35221.46447753906 2
stats: users_count 13 131
stats: finish_users_count 1 3
stats: request 178 4285.658392402564 713.763537482299 6022.8681640625 0.40283203125 2010.0126521741718 1313
stats: connect 11 4.246759588068182 3.2088793458885583 114.113037109375 0.736083984375 4.061723380253233 116
stats: page 131 5501.550250104364 2311.307676443236 9806.9990234375 0.40283203125 2820.583567726219 910
stats: 302 23 160
stats: 200 148 1319
stats: size_rcv 776111 7092396
stats: newphase 0 1
stats: size_sent 114064 917343
stats: connected 9 123
stats: max_repeat 4 57
stats: 204 5 8
stats: 400 2 4
# stats: dump at 1480421265
stats: users 137 137
stats: {recvpackets,"tsung_controller@ip-172-31-4-219"} 1 751.0 0.0 779 158 571.2 10
stats: {sentpackets,"tsung_controller@ip-172-31-4-219"} 1 656.0 0.0 670 163 481.0 10
stats: {cpu,"tsung_controller@ip-172-31-4-219"} 1 2.2794846382556986 0.0 2.766798418972332 1.2883640403124508 2.1025875256938353 11
stats: {load,"tsung_controller@ip-172-31-4-219"} 1 0.05078125 0.0 0.078125 0.0 0.018821022727272728 11
stats: {freemem,"tsung_controller@ip-172-31-4-219"} 1 3139.05078125 0.0 3158.39453125 3139.05078125 3151.2375710227275 11
stats: session 2 105687.41284179688 5429.492919921875 111116.90576171875 17870.97802734375 54172.956380208336 3
stats: users_count 11 142
stats: finish_users_count 2 5
stats: request 187 5081.645060003763 522.1533640610309 6398.258056640625 0.40283203125 2281.685986688359 1491
stats: connect 12 1.9547119140625 2.016161643898917 114.113037109375 0.736083984375 4.077750138410433 127
stats: page 141 6653.532117478391 2513.6340820659916 11351.135009765625 0.40283203125 3157.9578572473883 1041
stats: 302 18 178
stats: 200 167 1486
stats: size_rcv 855663 7948059
stats: newphase 0 1
stats: size_sent 109117 1026460
stats: connected 11 134
stats: max_repeat 7 64
stats: 204 2 10
stats: 400 0 4
# stats: dump at 1480421275
stats: users 153 153
stats: {recvpackets,"tsung_controller@ip-172-31-4-219"} 1 809.0 0.0 809 158 587.5454545454545 11
stats: {sentpackets,"tsung_controller@ip-172-31-4-219"} 1 675.0 0.0 675 163 496.90909090909093 11
stats: {cpu,"tsung_controller@ip-172-31-4-219"} 1 2.857142857142857 0.0 2.857142857142857 1.2883640403124508 2.117328951740657 12
stats: {load,"tsung_controller@ip-172-31-4-219"} 1 0.0390625 0.0 0.078125 0.0 0.021484375 12
stats: {freemem,"tsung_controller@ip-172-31-4-219"} 1 3137.3828125 0.0 3158.39453125 3137.3828125 3150.2220052083335 12
stats: session 1 80410.92114257813 0.0 111116.90576171875 17870.97802734375 74778.73896484375 5
stats: users_count 17 159
stats: finish_users_count 1 6
stats: request 198 4451.380039407752 2200.6349852874105 7494.0380859375 0.40283203125 2593.7195663724956 1678
stats: connect 14 3.1051199776785716 2.227348425487552 114.113037109375 0.736083984375 3.8944662629271583 139
stats: page 143 5572.708630968638 3891.7838224503025 12192.150146484375 0.40283203125 3574.9426040262133 1182
stats: 302 24 202
stats: 200 138 1624
stats: size_rcv 755410 8703469
stats: newphase 1 2
stats: size_sent 120503 1146963
stats: connected 13 147
stats: max_repeat 4 68
stats: 204 1 11
stats: 400 1 5
stats: 503 34 34
# stats: dump at 1480421285
stats: users 173 173
stats: {recvpackets,"tsung_controller@ip-172-31-4-219"} 1 728.0 0.0 809 158 606.0 12
stats: {sentpackets,"tsung_controller@ip-172-31-4-219"} 1 645.0 0.0 675 163 511.75 12
stats: {cpu,"tsung_controller@ip-172-31-4-219"} 1 2.576808721506442 0.0 2.857142857142857 1.2883640403124508 2.1742377136946724 13
stats: {load,"tsung_controller@ip-172-31-4-219"} 1 0.0390625 0.0 0.078125 0.0 0.02283653846153846 13
stats: {freemem,"tsung_controller@ip-172-31-4-219"} 1 3135.8359375 0.0 3158.39453125 3135.8359375 3149.234375 13
stats: session 1 84671.94189453125 0.0 111116.90576171875 17870.97802734375 75717.43599446614 6
stats: users_count 21 180
stats: finish_users_count 1 7
stats: request 270 4159.854235387736 2826.811262088236 8306.740966796875 0.40283203125 2789.783944656601 1876
stats: connect 21 3.573916480654763 2.837722021603814 114.113037109375 0.736083984375 3.822238498263889 153
stats: page 198 6025.539519955415 4578.232265009064 13607.973876953125 0.40283203125 3790.5505601415093 1325
stats: 302 13 215
stats: 200 171 1795
stats: size_rcv 911226 9614695
stats: newphase 0 2
stats: size_sent 153451 1300414
stats: connected 20 167
stats: max_repeat 6 74
stats: 204 5 16
stats: 400 0 5
stats: 503 81 115
# stats: dump at 1480421295
stats: users 192 192
stats: {recvpackets,"tsung_controller@ip-172-31-4-219"} 1 968.0 0.0 968 158 615.3846153846154 13
stats: {sentpackets,"tsung_controller@ip-172-31-4-219"} 1 902.0 0.0 902 163 522.0 13
stats: {cpu,"tsung_controller@ip-172-31-4-219"} 1 3.5538005923000986 0.0 3.5538005923000986 1.2883640403124508 2.2029927856812273 14
stats: {load,"tsung_controller@ip-172-31-4-219"} 1 0.03125 0.0 0.078125 0.0 0.023995535714285716 14
stats: {freemem,"tsung_controller@ip-172-31-4-219"} 1 3133.62890625 0.0 3158.39453125 3133.62890625 3148.27734375 14
stats: session 6 87478.67932128906 15008.374617226274 117538.38403320313 17870.97802734375 76996.65112304688 7
stats: users_count 25 205
stats: finish_users_count 6 13
stats: request 406 2456.6370807516173 2992.7678219131644 8306.740966796875 0.40283203125 2962.159983099008 2146
stats: connect 26 13.121694711538462 28.726306608992513 137.2529296875 0.736083984375 3.7922685995869254 174
stats: page 300 3167.5388541666675 4287.039873959457 13607.973876953125 0.40283203125 4081.113799828412 1523
stats: 302 17 232
stats: 200 145 1940
stats: size_rcv 889228 10503923
stats: newphase 0 2
stats: size_sent 227635 1528049
stats: connected 20 187
stats: max_repeat 12 86
stats: 204 2 18
stats: 400 4 9
stats: 503 238 353
# stats: dump at 1480421305
stats: users 208 208
stats: {recvpackets,"tsung_controller@ip-172-31-4-219"} 1 1060.0 0.0 1060 158 640.5714285714286 14
stats: {sentpackets,"tsung_controller@ip-172-31-4-219"} 1 1088.0 0.0 1088 163 549.1428571428571 14
stats: {cpu,"tsung_controller@ip-172-31-4-219"} 1 4.043392504930966 0.0 4.043392504930966 1.2883640403124508 2.2930466394558184 15
stats: {load,"tsung_controller@ip-172-31-4-219"} 1 0.03125 0.0 0.078125 0.0 0.024479166666666666 15
stats: {freemem,"tsung_controller@ip-172-31-4-219"} 1 3131.765625 0.0 3158.39453125 3131.765625 3147.30078125 15
stats: session 6 101062.00280761719 23577.379858646847 136335.35815429688 17870.97802734375 81834.51029146634 13
stats: users_count 22 227
stats: finish_users_count 6 19
stats: request 560 1801.365582711356 3117.910012823757 8705.465087890625 0.362060546875 2881.7358849982866 2552
stats: connect 23 1.9505562160326086 1.7532001001656017 137.2529296875 0.736083984375 5.005093994140625 200
stats: page 407 2173.2363449209165 4382.0971904420485 15318.098876953125 0.362060546875 3930.7723386663038 1823
stats: 302 22 254
stats: 200 117 2057
stats: size_rcv 822005 11325928
stats: newphase 0 2
stats: size_sent 300652 1828701
stats: connected 17 204
stats: max_repeat 22 108
stats: 204 3 21
stats: 400 3 12
stats: 503 416 769
# stats: dump at 1480421315
stats: users 209 213
stats: {recvpackets,"tsung_controller@ip-172-31-4-219"} 1 1255.0 0.0 1255 158 668.5333333333333 15
stats: {sentpackets,"tsung_controller@ip-172-31-4-219"} 1 1431.0 0.0 1431 163 585.0666666666667 15
stats: {cpu,"tsung_controller@ip-172-31-4-219"} 1 4.563492063492063 0.0 4.563492063492063 1.2883640403124508 2.402443256048015 16
stats: {load,"tsung_controller@ip-172-31-4-219"} 1 0.01953125 0.0 0.078125 0.0 0.02490234375 16
stats: {freemem,"tsung_controller@ip-172-31-4-219"} 1 3131.0625 0.0 3158.39453125 3131.0625 3146.329833984375 16
stats: session 10 109853.34992675782 26215.173142438387 147807.68212890625 17870.97802734375 87906.35003340871 19
stats: users_count 11 238
stats: finish_users_count 10 29
stats: request 614 1693.9200725741816 2819.3676577964175 8764.39599609375 0.362060546875 2687.324776617605 3112
stats: connect 13 3.195087139423077 2.3053050311016237 137.2529296875 0.736083984375 4.690051981151906 223
stats: page 452 2499.6498186229596 4530.119494657253 15318.098876953125 0.362060546875 3610.002316489455 2230
stats: 302 22 276
stats: 200 139 2196
stats: size_rcv 929713 12255641
stats: newphase 0 2
stats: size_sent 339046 2167747
stats: connected 2 206
stats: max_repeat 38 146
stats: 204 3 24
stats: 400 6 18
stats: 503 443 1212
# stats: dump at 1480421325
stats: users 207 213
stats: {recvpackets,"tsung_controller@ip-172-31-4-219"} 1 1207.0 0.0 1255 158 705.1875 16
stats: {sentpackets,"tsung_controller@ip-172-31-4-219"} 1 1417.0 0.0 1431 163 637.9375 16
stats: {cpu,"tsung_controller@ip-172-31-4-219"} 1 4.536489151873767 0.0 4.563492063492063 1.2883640403124508 2.529563774132959 17
stats: {load,"tsung_controller@ip-172-31-4-219"} 1 0.01953125 0.0 0.078125 0.0 0.02458639705882353 17
stats: {freemem,"tsung_controller@ip-172-31-4-219"} 1 3129.6484375 0.0 3158.39453125 3129.6484375 3145.431755514706 17
stats: session 15 104928.49116210938 43143.74538632889 158661.64990234375 17870.97802734375 95474.2810311153 29
stats: users_count 13 251
stats: finish_users_count 15 44
stats: request 580 2069.785506044584 3233.92169452572 9336.48486328125 0.362060546875 2523.6236257097516 3726
stats: connect 12 2.2670084635416665 1.8670828252134883 137.2529296875 0.736083984375 4.6077022229210804 236
stats: page 436 2920.9121586510882 4955.993600003403 15318.098876953125 0.362060546875 3422.873558459755 2682
stats: 302 24 300
stats: 200 146 2342
stats: size_rcv 958283 13213924
stats: newphase 0 2
stats: size_sent 316972 2484719
stats: connected -3 203
stats: max_repeat 39 185
stats: 204 2 26
stats: 400 8 26
stats: 503 398 1610
stats: 404 2 2
# stats: dump at 1480421335
stats: users 233 233
stats: {recvpackets,"tsung_controller@ip-172-31-4-219"} 1 1292.0 0.0 1292 158 734.7058823529412 17
stats: {sentpackets,"tsung_controller@ip-172-31-4-219"} 1 1380.0 0.0 1431 163 683.7647058823529 17
stats: {cpu,"tsung_controller@ip-172-31-4-219"} 1 4.257425742574258 0.0 4.563492063492063 1.2883640403124508 2.641059628451893 18
stats: {load,"tsung_controller@ip-172-31-4-219"} 1 0.01953125 0.0 0.078125 0.0 0.024305555555555556 18
stats: {freemem,"tsung_controller@ip-172-31-4-219"} 1 3129.2578125 0.0 3158.39453125 3129.2578125 3144.5549045138887 18
stats: session 9 86351.46571180556 51892.361640132505 165809.873046875 17870.97802734375 98697.307212136 44
stats: users_count 35 286
stats: finish_users_count 9 53
stats: request 564 1792.2267369480003 2729.752766178923 9336.48486328125 0.362060546875 2462.4935492104955 4306
stats: connect 27 2.623345269097222 2.9766594039210093 137.2529296875 0.67919921875 4.494442847467238 248
stats: page 434 2268.7130965131782 3898.2877610896653 15318.098876953125 0.362060546875 3352.682676382597 3118
stats: 302 28 328
stats: 200 133 2475
stats: size_rcv 894116 14108040
stats: newphase 1 3
stats: size_sent 307208 2791927
stats: connected 19 222
stats: max_repeat 31 216
stats: 204 5 31
stats: 400 4 30
stats: 503 389 1999
stats: 404 0 2
stats: 500 5 5
# stats: dump at 1480421345
stats: users 249 249
stats: {recvpackets,"tsung_controller@ip-172-31-4-219"} 1 1389.0 0.0 1389 158 765.6666666666666 18
stats: {sentpackets,"tsung_controller@ip-172-31-4-219"} 1 1541.0 0.0 1541 163 722.4444444444445 18
stats: {cpu,"tsung_controller@ip-172-31-4-219"} 1 5.2527254707631315 0.0 5.2527254707631315 1.2883640403124508 2.7261315291951753 19
stats: {load,"tsung_controller@ip-172-31-4-219"} 1 0.01171875 0.0 0.078125 0.0 0.024054276315789474 19
stats: {freemem,"tsung_controller@ip-172-31-4-219"} 1 3128.6640625 0.0 3158.39453125 3128.6640625 3143.7497944078946 19
stats: session 13 104464.00760591947 41865.221624488644 165809.873046875 17870.97802734375 96600.8435611365 53
stats: users_count 29 315
stats: finish_users_count 13 66
stats: request 706 1517.4154377794125 2453.7173509399713 9336.48486328125 0.362060546875 2384.8692202338943 4870
stats: connect 31 4.436909337197581 3.5921732418357144 137.2529296875 0.67919921875 4.310735085227273 275
stats: page 562 1993.2344114907687 3500.564701179736 15318.098876953125 0.362060546875 3220.2381950584618 3552
stats: 302 27 355
stats: 200 166 2641
stats: size_rcv 1099840 15207880
stats: newphase 0 3
stats: size_sent 366346 3158273
stats: connected 17 239
stats: max_repeat 46 262
stats: 204 3 34
stats: 400 7 37
stats: 503 499 2498
stats: 404 2 4
stats: 500 2 7
# stats: dump at 1480421355
stats: users 255 257
stats: {recvpackets,"tsung_controller@ip-172-31-4-219"} 1 1581.0 0.0 1581 158 798.4736842105264 19
stats: {sentpackets,"tsung_controller@ip-172-31-4-219"} 1 1711.0 0.0 1711 163 765.5263157894736 19
stats: {cpu,"tsung_controller@ip-172-31-4-219"} 1 5.980392156862745 0.0 5.980392156862745 1.2883640403124508 2.852461226273573 20
stats: {load,"tsung_controller@ip-172-31-4-219"} 1 0.01171875 0.0 0.078125 0.0 0.0234375 20
stats: {freemem,"tsung_controller@ip-172-31-4-219"} 1 3126.66796875 0.0 3158.39453125 3126.66796875 3142.9955078125 20
stats: session 23 109290.28792671535 44318.38067795581 185403.6171875 17870.97802734375 98149.64860026042 66
stats: users_count 29 344
stats: finish_users_count 23 89
stats: request 711 1411.2903937703281 2348.569583459899 9336.48486328125 0.362060546875 2275.037374750956 5576
stats: connect 29 2.490764749461207 2.6747929432292903 137.2529296875 0.67919921875 4.32351744408701 306
stats: page 576 1693.365763770209 3034.156334527425 15318.098876953125 0.362060546875 3052.6212465010863 4114
stats: 302 31 386
stats: 200 159 2800
stats: size_rcv 1055686 16263566
stats: newphase 0 3
stats: size_sent 374181 3532454
stats: connected 3 242
stats: max_repeat 37 299
stats: 204 0 34
stats: 400 12 49
stats: 503 505 3003
stats: 404 2 6
stats: 500 3 10
# stats: dump at 1480421365
stats: users 258 259
stats: {recvpackets,"tsung_controller@ip-172-31-4-219"} 1 1528.0 0.0 1581 158 837.6 20
stats: {sentpackets,"tsung_controller@ip-172-31-4-219"} 1 1742.0 0.0 1742 163 812.8 20
stats: {cpu,"tsung_controller@ip-172-31-4-219"} 1 6.200787401574804 0.0 6.200787401574804 1.2883640403124508 3.001410318206391 21
stats: {load,"tsung_controller@ip-172-31-4-219"} 1 0.01171875 0.0 0.078125 0.0 0.022879464285714284 21
stats: {freemem,"tsung_controller@ip-172-31-4-219"} 1 3126.22265625 0.0 3158.39453125 3126.22265625 3142.2180059523807 21
stats: session 25 110594.90455078126 48602.34905860746 205343.53295898438 17870.97802734375 101028.69022395102 89
stats: users_count 28 372
stats: finish_users_count 25 114
stats: request 796 1465.8042022858433 2587.394844972208 9336.48486328125 0.362060546875 2177.3557931576324 6287
stats: connect 29 2.8462503367456895 2.3588241990515804 137.2529296875 0.67919921875 4.164861240671642 335
stats: page 618 1905.1168406464928 3560.22721796819 15318.098876953125 0.362060546875 2885.6849654663347 4690
stats: 302 30 416
stats: 200 160 2960
stats: size_rcv 1099629 17363195
stats: newphase 0 3
stats: size_sent 423706 3956160
stats: connected 6 248
stats: max_repeat 40 339
stats: 204 1 35
stats: 400 9 58
stats: 503 590 3593
stats: 404 3 9
stats: 500 3 13
# stats: dump at 1480421375
stats: users 275 275
stats: {recvpackets,"tsung_controller@ip-172-31-4-219"} 1 1526.0 0.0 1581 158 870.4761904761905 21
stats: {sentpackets,"tsung_controller@ip-172-31-4-219"} 1 1788.0 0.0 1788 163 857.047619047619 21
stats: {cpu,"tsung_controller@ip-172-31-4-219"} 1 5.742574257425743 0.0 6.200787401574804 1.2883640403124508 3.1468365492685915 22
stats: {load,"tsung_controller@ip-172-31-4-219"} 1 0.01171875 0.0 0.078125 0.0 0.02237215909090909 22
stats: {freemem,"tsung_controller@ip-172-31-4-219"} 1 3126.05078125 0.0 3158.39453125 3126.05078125 3141.4909446022725 22
stats: session 15 118233.95594075522 52946.56710221402 214505.36108398438 17870.97802734375 103126.54424299274 114
stats: users_count 32 404
stats: finish_users_count 15 129
stats: request 694 1557.865413083122 2504.1156798266975 9336.48486328125 0.362060546875 2097.390373655452 7083
stats: connect 32 2.985687255859375 3.407227038517113 137.2529296875 0.64501953125 4.05980707524897 364
stats: page 536 2097.292283243204 3629.0923118369765 15318.098876953125 0.362060546875 2771.5193473166246 5308
stats: 302 32 448
stats: 200 157 3117
stats: size_rcv 1069345 18432540
stats: newphase 0 3
stats: size_sent 369724 4325884
stats: connected 16 264
stats: max_repeat 43 382
stats: 204 6 41
stats: 400 8 66
stats: 503 488 4081
stats: 404 2 11
stats: 500 1 14
# stats: dump at 1480421385
stats: users 298 298
stats: {recvpackets,"tsung_controller@ip-172-31-4-219"} 1 1638.0 0.0 1638 158 900.2727272727273 22
stats: {sentpackets,"tsung_controller@ip-172-31-4-219"} 1 1821.0 0.0 1821 163 899.3636363636364 22
stats: {cpu,"tsung_controller@ip-172-31-4-219"} 1 6.41025641025641 0.0 6.41025641025641 1.2883640403124508 3.2596947104928153 23
stats: {load,"tsung_controller@ip-172-31-4-219"} 1 0.01171875 0.0 0.078125 0.0 0.021908967391304348 23
stats: {freemem,"tsung_controller@ip-172-31-4-219"} 1 3125.11328125 0.0 3158.39453125 3125.11328125 3140.819633152174 23
stats: session 20 105964.45880126953 49200.862554262836 214505.36108398438 17870.97802734375 104883.22002180232 129
stats: users_count 43 447
stats: finish_users_count 20 149
stats: request 873 1106.234072970361 2252.1527687385515 9336.48486328125 0.35302734375 2049.24451758792 7777
stats: connect 39 2.1935221354166665 2.332052072936333 137.2529296875 0.64501953125 3.9730095140861743 396
stats: page 676 1343.4382248376241 2898.852549327225 15318.098876953125 0.35302734375 2709.680588530972 5844
stats: 302 30 478
stats: 200 137 3254
stats: size_rcv 1043759 19476299
stats: newphase 0 3
stats: size_sent 445916 4771800
stats: connected 20 284
stats: max_repeat 43 425
stats: 204 0 41
stats: 400 7 73
stats: 503 693 4774
stats: 404 2 13
stats: 500 3 17
# stats: dump at 1480421395
stats: users 351 351
stats: {recvpackets,"tsung_controller@ip-172-31-4-219"} 1 1753.0 0.0 1753 158 932.3478260869565 23
stats: {sentpackets,"tsung_controller@ip-172-31-4-219"} 1 2170.0 0.0 2170 163 939.4347826086956 23
stats: {cpu,"tsung_controller@ip-172-31-4-219"} 1 7.677165354330709 0.0 7.677165354330709 1.2883640403124508 3.3909681146496315 24
stats: {load,"tsung_controller@ip-172-31-4-219"} 1 0.01171875 0.0 0.078125 0.0 0.021484375 24
stats: {freemem,"tsung_controller@ip-172-31-4-219"} 1 3123.5859375 0.0 3158.39453125 3123.5859375 3140.1652018229165 24
stats: session 18 104120.66681586372 55265.61422097381 242603.05395507813 17870.97802734375 105028.35274387847 149
stats: users_count 71 518
stats: finish_users_count 18 167
stats: request 941 1070.691109441418 2196.1300731127285 9336.48486328125 0.345947265625 1954.0713247380788 8650
stats: connect 66 3.065170750473485 3.178637591016144 137.2529296875 0.623046875 3.813469266343391 435
stats: page 725 1386.5695810883637 3057.4488089381157 15318.098876953125 0.345947265625 2568.027239166447 6520
stats: 302 26 504
stats: 200 147 3401
stats: size_rcv 1126234 20602533
stats: newphase 1 4
stats: size_sent 456499 5228299
stats: connected 46 330
stats: max_repeat 49 474
stats: 204 3 44
stats: 400 9 82
stats: 503 749 5523
stats: 404 1 14
stats: 500 6 23
# stats: dump at 1480421405
stats: users 375 375
stats: {recvpackets,"tsung_controller@ip-172-31-4-219"} 1 2096.0 0.0 2096 158 966.5416666666666 24
stats: {sentpackets,"tsung_controller@ip-172-31-4-219"} 1 2653.0 0.0 2653 163 990.7083333333334 24
stats: {cpu,"tsung_controller@ip-172-31-4-219"} 1 8.669950738916256 0.0 8.669950738916256 1.2883640403124508 3.5624160042368747 25
stats: {load,"tsung_controller@ip-172-31-4-219"} 1 0.078125 0.0 0.078125 0.0 0.02109375 25
stats: {freemem,"tsung_controller@ip-172-31-4-219"} 1 3121.9453125 0.0 3158.39453125 3121.9453125 3139.50203125 25
stats: session 36 103421.76001654731 60614.38050980634 247089.46484375 17870.97802734375 104930.51833247568 167
stats: users_count 60 578
stats: finish_users_count 36 203
stats: request 1385 755.284620550824 2010.4344299767508 9336.48486328125 0.345947265625 1867.4004058981084 9591
stats: connect 60 3.39261474609375 3.1683187633421985 137.2529296875 0.623046875 3.7148910187437623 501
stats: page 1056 1037.8008237896572 2880.0842357899655 15318.098876953125 0.345947265625 2449.799937288378 7245
stats: 302 30 534
stats: 200 133 3534
stats: size_rcv 1307661 21910194
stats: newphase 0 4
stats: size_sent 638638 5866937
stats: connected 25 355
stats: max_repeat 72 546
stats: 204 3 47
stats: 400 19 101
stats: 503 1195 6718
stats: 404 2 16
stats: 500 3 26
# stats: dump at 1480421415
stats: users 405 406
stats: {recvpackets,"tsung_controller@ip-172-31-4-219"} 1 2488.0 0.0 2488 158 1011.72 25
stats: {sentpackets,"tsung_controller@ip-172-31-4-219"} 1 3299.0 0.0 3299 163 1057.2 25
stats: {cpu,"tsung_controller@ip-172-31-4-219"} 1 10.76923076923077 0.0 10.76923076923077 1.2883640403124508 3.7588596478783893 26
stats: {load,"tsung_controller@ip-172-31-4-219"} 1 0.0703125 0.0 0.078125 0.0 0.023287259615384616 26
stats: {freemem,"tsung_controller@ip-172-31-4-219"} 1 3120.03125 0.0 3158.39453125 3120.03125 3138.8267728365386 26
stats: session 31 102803.58433089718 67721.60804962124 265680.2409667969 17504.033935546875 104662.95528137508 203
stats: users_count 61 639
stats: finish_users_count 31 234
stats: request 1547 734.0683052442723 2150.6034655062954 9336.48486328125 0.324951171875 1727.0687401996763 10976
stats: connect 64 3.4711761474609375 5.422181214574097 137.2529296875 0.623046875 3.680422968192959 561
stats: page 1151 978.2144178296045 2842.593437314184 15318.098876953125 0.324951171875 2270.174462784746 8301
stats: 302 38 572
stats: 200 116 3650
stats: size_rcv 1273630 23183824
stats: newphase 0 4
stats: size_sent 691484 6558421
stats: connected 33 388
stats: max_repeat 82 628
stats: 204 0 47
stats: 400 15 116
stats: 503 1371 8089
stats: 404 2 18
stats: 500 5 31
# stats: dump at 1480421425
stats: users 411 417
stats: {recvpackets,"tsung_controller@ip-172-31-4-219"} 1 2709.0 0.0 2709 158 1068.5 26
stats: {sentpackets,"tsung_controller@ip-172-31-4-219"} 1 3563.0 0.0 3563 163 1143.423076923077 26
stats: {cpu,"tsung_controller@ip-172-31-4-219"} 1 12.390243902439025 0.0 12.390243902439025 1.2883640403124508 4.0185030227432925 27
stats: {load,"tsung_controller@ip-172-31-4-219"} 1 0.05859375 0.0 0.078125 0.0 0.025028935185185185 27
stats: {freemem,"tsung_controller@ip-172-31-4-219"} 1 3119.0390625 0.0 3158.39453125 3119.0390625 3138.1306423611113 27
stats: session 51 91450.07941750922 57891.73229305162 267615.6682128906 17504.033935546875 104416.62836058527 234
stats: users_count 57 696
stats: finish_users_count 51 285
stats: request 1647 643.0846290426251 1938.0901725708884 9336.48486328125 0.324951171875 1604.4007155349786 12523
stats: connect 54 3.614384403935185 3.2763387581195 137.2529296875 0.623046875 3.65899609375 625
stats: page 1245 801.2785150367087 2509.7172203987707 15318.098876953125 0.324951171875 2112.848392985405 9452
stats: 302 39 611
stats: 200 119 3769
stats: size_rcv 1347737 24531561
stats: newphase 0 4
stats: size_sent 768005 7326426
stats: connected 5 393
stats: max_repeat 107 735
stats: 204 0 47
stats: 400 25 141
stats: 503 1457 9546
stats: 404 3 21
stats: 500 4 35
# stats: dump at 1480421435
stats: users 428 432
stats: {recvpackets,"tsung_controller@ip-172-31-4-219"} 1 2586.0 0.0 2709 158 1129.2592592592594 27
stats: {sentpackets,"tsung_controller@ip-172-31-4-219"} 1 3450.0 0.0 3563 163 1233.037037037037 27
stats: {cpu,"tsung_controller@ip-172-31-4-219"} 1 11.557296767874632 0.0 12.390243902439025 1.2883640403124508 4.317493768446711 28
stats: {load,"tsung_controller@ip-172-31-4-219"} 1 0.19921875 0.0 0.19921875 0.0 0.026227678571428572 28
stats: {freemem,"tsung_controller@ip-172-31-4-219"} 1 3117.859375 0.0 3158.39453125 3117.859375 3137.448800223214 28
stats: session 41 90222.37323146916 58553.034039631646 273917.35107421875 17504.033935546875 102096.29854971902 285
stats: users_count 58 754
stats: finish_users_count 41 326
stats: request 1600 645.7646240234372 1826.6307304784016 9336.48486328125 0.324951171875 1492.665528911626 14170
stats: connect 60 2.760868326822916 2.8137787989880287 137.2529296875 0.623046875 3.6554481832198085 679
stats: page 1241 882.3675333494919 2621.0693249416313 15318.098876953125 0.324951171875 1960.197696711111 10697
stats: 302 42 653
stats: 200 119 3888
stats: size_rcv 1343810 25875371
stats: newphase 0 4
stats: size_sent 759133 8085559
stats: connected 21 414
stats: max_repeat 107 842
stats: 204 3 50
stats: 400 18 159
stats: 503 1404 10950
stats: 404 7 28
stats: 500 7 42
# stats: dump at 1480421445
stats: users 444 444
stats: {recvpackets,"tsung_controller@ip-172-31-4-219"} 1 2817.0 0.0 2817 158 1181.2857142857142 28
stats: {sentpackets,"tsung_controller@ip-172-31-4-219"} 1 3663.0 0.0 3663 163 1312.2142857142858 28
stats: {cpu,"tsung_controller@ip-172-31-4-219"} 1 12.121212121212121 0.0 12.390243902439025 1.2883640403124508 4.5671421477373295 29
stats: {load,"tsung_controller@ip-172-31-4-219"} 1 0.328125 0.0 0.328125 0.0 0.03219288793103448 29
stats: {freemem,"tsung_controller@ip-172-31-4-219"} 1 3116.2578125 0.0 3158.39453125 3116.2578125 3136.773302801724 29
stats: session 46 74382.72240149457 43849.32408053263 273917.35107421875 17504.033935546875 100602.95211398821 326
stats: users_count 62 816
stats: finish_users_count 46 372
stats: request 1584 690.9960909756742 1814.0596408214735 9336.48486328125 0.324951171875 1406.7402627213216 15770
stats: connect 57 3.2540775767543852 3.4846356264092897 137.2529296875 0.623046875 3.5828165304676927 739
stats: page 1248 914.6690873366138 2469.4506279388193 15318.098876953125 0.324951171875 1848.1531974037086 11938
stats: 302 37 690
stats: 200 142 4030
stats: size_rcv 1445144 27320515
stats: newphase 0 4
stats: size_sent 705723 8791282
stats: connected 6 420
stats: max_repeat 107 949
stats: 204 0 50
stats: 400 26 185
stats: 503 1354 12304
stats: 404 9 37
stats: 500 16 58
# stats: dump at 1480421455
stats: users 457 460
stats: {recvpackets,"tsung_controller@ip-172-31-4-219"} 1 2542.0 0.0 2817 158 1237.6896551724137 29
stats: {sentpackets,"tsung_controller@ip-172-31-4-219"} 1 3351.0 0.0 3663 163 1393.2758620689656 29
stats: {cpu,"tsung_controller@ip-172-31-4-219"} 1 10.99116781157998 0.0 12.390243902439025 1.2883640403124508 4.818944480186489 30
stats: {load,"tsung_controller@ip-172-31-4-219"} 1 0.28125 0.0 0.328125 0.0 0.04205729166666667 30
stats: {freemem,"tsung_controller@ip-172-31-4-219"} 1 3114.92578125 0.0 3158.39453125 3114.92578125 3136.089453125 30
stats: session 55 90870.12346857245 60819.17943002051 277340.2600097656 17504.033935546875 97360.66564416373 372
stats: users_count 68 884
stats: finish_users_count 55 427
stats: request 1449 752.2529611949523 1974.6197967629605 9336.48486328125 0.324951171875 1341.4101504679445 17354
stats: connect 64 3.2988967895507813 3.0485916420085157 137.2529296875 0.623046875 3.559276178254554 796
stats: page 1144 922.022247954682 2507.709278126837 15318.098876953125 0.324951171875 1759.8028129532509 13186
stats: 302 40 730
stats: 200 124 4154
stats: size_rcv 1274876 28595391
stats: newphase 1 5
stats: size_sent 663712 9454994
stats: connected 16 436
stats: max_repeat 95 1044
stats: 204 0 50
stats: 400 15 200
stats: 503 1250 13554
stats: 404 4 41
stats: 500 16 74
# stats: dump at 1480421465
stats: users 515 518
stats: {recvpackets,"tsung_controller@ip-172-31-4-219"} 1 2810.0 0.0 2817 158 1281.1666666666667 30
stats: {sentpackets,"tsung_controller@ip-172-31-4-219"} 1 3661.0 0.0 3663 163 1458.5333333333333 30
stats: {cpu,"tsung_controller@ip-172-31-4-219"} 1 13.0859375 0.0 13.0859375 1.2883640403124508 5.018048458618536 31
stats: {load,"tsung_controller@ip-172-31-4-219"} 1 0.30859375 0.0 0.328125 0.0 0.04977318548387097 31
stats: {freemem,"tsung_controller@ip-172-31-4-219"} 1 3114.48046875 0.0 3158.39453125 3114.48046875 3135.406754032258 31
stats: session 55 77220.75120294742 44490.86067912808 277340.2600097656 15608.956787109375 96524.64733114846 427
stats: users_count 113 997
stats: finish_users_count 55 482
stats: request 1799 544.3333122079529 1582.6806145355408 9336.48486328125 0.324951171875 1296.0084184434502 18803
stats: connect 102 3.5186408547794117 3.5009688635604665 137.2529296875 0.623046875 3.5398991074672965 860
stats: page 1421 668.7720566708631 2063.2173214073064 15318.098876953125 0.324951171875 1692.9206799205667 14330
stats: 302 40 770
stats: 200 127 4281
stats: size_rcv 1488719 30084110
stats: newphase 0 5
stats: size_sent 810573 10265567
stats: connected 42 478
stats: max_repeat 97 1141
stats: 204 0 50
stats: 400 28 228
stats: 503 1580 15134
stats: 404 8 49
stats: 500 16 90
# stats: dump at 1480421475
stats: users 557 557
stats: {recvpackets,"tsung_controller@ip-172-31-4-219"} 1 3198.0 0.0 3198 158 1330.483870967742 31
stats: {sentpackets,"tsung_controller@ip-172-31-4-219"} 1 4330.0 0.0 4330 163 1529.5806451612902 31
stats: {cpu,"tsung_controller@ip-172-31-4-219"} 1 14.327485380116958 0.0 14.327485380116958 1.2883640403124508 5.2701699911617075 32
stats: {load,"tsung_controller@ip-172-31-4-219"} 1 0.33984375 0.0 0.33984375 0.0 0.057861328125 32
stats: {freemem,"tsung_controller@ip-172-31-4-219"} 1 3113.4453125 0.0 3158.39453125 3113.4453125 3134.7528076171875 32
stats: session 54 76133.26589626736 46104.585751857594 277340.2600097656 15608.956787109375 94321.92059452801 482
stats: users_count 96 1093
stats: finish_users_count 54 536
stats: request 2117 545.256735490413 1833.8654822894594 9336.48486328125 0.324951171875 1230.370931009334 20602
stats: connect 97 2.8849996979703607 2.6256667887966247 137.2529296875 0.623046875 3.5376451139390594 962
stats: page 1573 761.482598190163 2554.587377194842 15318.098876953125 0.324951171875 1600.5255816005981 15751
stats: 302 36 806
stats: 200 119 4400
stats: size_rcv 1591260 31675370
stats: newphase 0 5
stats: size_sent 912064 11177631
stats: connected 43 521
stats: max_repeat 114 1255
stats: 204 0 50
stats: 400 26 254
stats: 503 1922 17056
stats: 404 2 51
stats: 500 12 102
# stats: dump at 1480421485
stats: users 613 614
stats: {recvpackets,"tsung_controller@ip-172-31-4-219"} 1 3820.0 0.0 3820 158 1388.84375 32
stats: {sentpackets,"tsung_controller@ip-172-31-4-219"} 1 5079.0 0.0 5079 163 1617.09375 32
stats: {cpu,"tsung_controller@ip-172-31-4-219"} 1 15.670910871694419 0.0 15.670910871694419 1.2883640403124508 5.544634093857321 33
stats: {load,"tsung_controller@ip-172-31-4-219"} 1 0.2890625 0.0 0.33984375 0.0 0.06640625 33
stats: {freemem,"tsung_controller@ip-172-31-4-219"} 1 3110.35546875 0.0 3158.39453125 3110.35546875 3134.1071259469695 33
stats: session 43 74966.21279410427 38478.531032248065 277340.2600097656 15608.956787109375 92489.48150179279 536
stats: users_count 99 1192
stats: finish_users_count 43 579
stats: request 2473 441.99426353445375 1574.882589385741 9336.48486328125 0.324951171875 1166.5306760723404 22719
stats: connect 112 3.265110560825893 2.9822662317822832 137.2529296875 0.623046875 3.4778655054886687 1059
stats: page 1852 590.3671529617466 2095.0291126761517 15318.098876953125 0.324951171875 1524.3414086091054 17324
stats: 302 34 840
stats: 200 124 4524
stats: size_rcv 1801276 33476646
stats: newphase 0 5
stats: size_sent 1034472 12212103
stats: connected 62 583
stats: max_repeat 158 1413
stats: 204 0 50
stats: 400 25 279
stats: 503 2273 19329
stats: 404 5 56
stats: 500 12 114
# stats: dump at 1480421495
stats: users 628 630
stats: {recvpackets,"tsung_controller@ip-172-31-4-219"} 1 4174.0 0.0 4174 158 1462.5151515151515 33
stats: {sentpackets,"tsung_controller@ip-172-31-4-219"} 1 5421.0 0.0 5421 163 1722.0 33
stats: {cpu,"tsung_controller@ip-172-31-4-219"} 1 18.54368932038835 0.0 18.54368932038835 1.2883640403124508 5.842465763793706 34
stats: {load,"tsung_controller@ip-172-31-4-219"} 1 0.3203125 0.0 0.33984375 0.0 0.07295496323529412 34
stats: {freemem,"tsung_controller@ip-172-31-4-219"} 1 3106.140625 0.0 3158.39453125 3106.140625 3133.4085477941176 34
stats: session 87 72302.04352999282 36819.920183765884 277340.2600097656 15608.956787109375 91188.09885165357 579
stats: users_count 102 1294
stats: finish_users_count 87 666
stats: request 2573 412.84104319875286 1435.393903303495 9336.48486328125 0.324951171875 1095.405773396642 25192
stats: connect 91 2.5451928442651104 2.6398350692181936 137.2529296875 0.623046875 3.457516612403928 1171
stats: page 1961 542.7376703381952 1885.2847628338282 15318.098876953125 0.324951171875 1434.139055591849 19176
stats: 302 36 876
stats: 200 136 4660
stats: size_rcv 1905545 35382191
stats: newphase 0 5
stats: size_sent 1085777 13297880
stats: connected 12 595
stats: max_repeat 166 1579
stats: 204 0 50
stats: 400 31 310
stats: 503 2347 21676
stats: 404 6 62
stats: 500 17 131
# stats: dump at 1480421505
stats: users 644 648
stats: {recvpackets,"tsung_controller@ip-172-31-4-219"} 1 4379.0 0.0 4379 158 1542.264705882353 34
stats: {sentpackets,"tsung_controller@ip-172-31-4-219"} 1 5657.0 0.0 5657 163 1830.7941176470588 34
stats: {cpu,"tsung_controller@ip-172-31-4-219"} 1 18.1640625 0.0 18.54368932038835 1.2883640403124508 6.205357865410696 35
stats: {load,"tsung_controller@ip-172-31-4-219"} 1 0.26953125 0.0 0.33984375 0.0 0.08002232142857142 35
stats: {freemem,"tsung_controller@ip-172-31-4-219"} 1 3105.4921875 0.0 3158.39453125 3105.4921875 3132.629464285714 35
stats: session 70 62799.75479910714 33097.279891252685 277340.2600097656 15608.956787109375 88721.00153486006 666
stats: users_count 86 1380
stats: finish_users_count 70 736
stats: request 2727 405.0866987496274 1509.0691329698707 9336.48486328125 0.324951171875 1032.1520708647072 27765
stats: connect 92 2.5146829356317935 2.5021954675542686 137.2529296875 0.623046875 3.391730984114996 1262
stats: page 2101 540.379661563691 1961.0538878017117 15318.098876953125 0.324951171875 1351.43866686675 21137
stats: 302 38 914
stats: 200 115 4775
stats: size_rcv 1875806 37257997
stats: newphase 0 5
stats: size_sent 1135259 14433139
stats: connected 16 611
stats: max_repeat 169 1748
stats: 204 0 50
stats: 400 41 351
stats: 503 2512 24188
stats: 404 9 71
stats: 500 12 143
# stats: dump at 1480421515
stats: users 691 691
stats: {recvpackets,"tsung_controller@ip-172-31-4-219"} 1 4317.0 0.0 4379 158 1623.3142857142857 35
stats: {sentpackets,"tsung_controller@ip-172-31-4-219"} 1 5722.0 0.0 5722 163 1940.1142857142856 35
stats: {cpu,"tsung_controller@ip-172-31-4-219"} 1 19.594594594594593 0.0 19.594594594594593 1.2883640403124508 6.537544105260399 36
stats: {load,"tsung_controller@ip-172-31-4-219"} 1 0.30859375 0.0 0.33984375 0.0 0.08528645833333331 36
stats: {freemem,"tsung_controller@ip-172-31-4-219"} 1 3102.515625 0.0 3158.39453125 3102.515625 3131.8756510416665 36
stats: session 91 65592.32827792325 34948.51535460044 277340.2600097656 15608.956787109375 86255.66556814442 736
stats: users_count 138 1518
stats: finish_users_count 91 827
stats: request 2774 364.0380452767328 1462.4074987775546 9336.48486328125 0.324951171875 976.0715490964459 30492
stats: connect 127 3.0834557240403546 5.675994314760003 137.2529296875 0.623046875 3.3321383545282495 1354
stats: page 2154 454.1320858586133 1822.803931607217 15318.098876953125 0.324951171875 1278.108992620183 23238
stats: 302 39 953
stats: 200 98 4873
stats: size_rcv 1808798 39066795
stats: newphase 1 6
stats: size_sent 1108472 15541611
stats: connected 41 652
stats: max_repeat 189 1937
stats: 204 0 50
stats: 400 46 397
stats: 503 2569 26757
stats: 404 5 76
stats: 500 17 160
# stats: dump at 1480421525
stats: users 755 757
stats: {recvpackets,"tsung_controller@ip-172-31-4-219"} 1 4752.0 0.0 4752 158 1698.138888888889 36
stats: {sentpackets,"tsung_controller@ip-172-31-4-219"} 1 6412.0 0.0 6412 163 2045.1666666666667 36
stats: {cpu,"tsung_controller@ip-172-31-4-219"} 1 22.55639097744361 0.0 22.55639097744361 1.2883640403124508 6.890437361728891 37
stats: {load,"tsung_controller@ip-172-31-4-219"} 1 0.26171875 0.0 0.33984375 0.0 0.09132179054054052 37
stats: {freemem,"tsung_controller@ip-172-31-4-219"} 1 3101.20703125 0.0 3158.39453125 3101.20703125 3131.082136824324 37
stats: session 92 69849.37747325067 36688.71145096806 277340.2600097656 15608.956787109375 83981.948889293 827
stats: users_count 156 1674
stats: finish_users_count 92 919
stats: request 3062 356.06201905413116 1339.407472811902 9336.48486328125 0.324951171875 925.0350271342056 33266
stats: connect 154 2.90107231635552 2.9325195289475974 137.2529296875 0.619873046875 3.310813105323683 1481
stats: page 2357 468.46111783467524 1780.2747323713131 15318.098876953125 0.324951171875 1208.21114065246 25392
stats: 302 38 991
stats: 200 132 5005
stats: size_rcv 2120659 41187454
stats: newphase 0 6
stats: size_sent 1202845 16744456
stats: connected 60 712
stats: max_repeat 177 2114
stats: 204 0 50
stats: 400 44 441
stats: 503 2822 29579
stats: 404 9 85
stats: 500 19 179
# stats: dump at 1480421535
stats: users 840 842
stats: {recvpackets,"tsung_controller@ip-172-31-4-219"} 1 6025.0 0.0 6025 158 1780.6756756756756 37
stats: {sentpackets,"tsung_controller@ip-172-31-4-219"} 1 7502.0 0.0 7502 163 2163.189189189189 37
stats: {cpu,"tsung_controller@ip-172-31-4-219"} 1 25.023969319271334 0.0 25.023969319271334 1.2883640403124508 7.302699298984541 38
stats: {load,"tsung_controller@ip-172-31-4-219"} 1 0.30078125 0.0 0.33984375 0.0 0.09580592105263155 38
stats: {freemem,"tsung_controller@ip-172-31-4-219"} 1 3097.46484375 0.0 3158.39453125 3097.46484375 3130.2959498355262 38
stats: session 87 65432.16757868622 36667.54897190995 277340.2600097656 11117.9541015625 82567.15392707767 919
stats: users_count 172 1846
stats: finish_users_count 87 1006
stats: request 3458 335.2618867820091 1412.1904372743256 9336.48486328125 0.324951171875 877.077656765862 36328
stats: connect 166 3.068906485316264 2.981779303882992 137.2529296875 0.619873046875 3.2722197833046636 1635
stats: page 2656 446.0538541495082 1800.9452214267214 15318.098876953125 0.324951171875 1145.3767753138345 27749
stats: 302 42 1033
stats: 200 114 5119
stats: size_rcv 2223363 43410817
stats: newphase 0 6
stats: size_sent 1306920 18051376
stats: connected 76 788
stats: max_repeat 209 2323
stats: 204 0 50
stats: 400 46 487
stats: 503 3236 32815
stats: 404 7 92
stats: 500 11 190
# stats: dump at 1480421545
stats: users 901 901
stats: {recvpackets,"tsung_controller@ip-172-31-4-219"} 1 6183.0 0.0 6183 158 1892.3684210526317 38
stats: {sentpackets,"tsung_controller@ip-172-31-4-219"} 1 8057.0 0.0 8057 163 2303.684210526316 38
stats: {cpu,"tsung_controller@ip-172-31-4-219"} 1 26.174496644295303 0.0 26.174496644295303 1.2883640403124508 7.757090837966253 39
stats: {load,"tsung_controller@ip-172-31-4-219"} 1 0.26171875 0.0 0.33984375 0.0 0.10106169871794869 39
stats: {freemem,"tsung_controller@ip-172-31-4-219"} 1 3092.484375 0.0 3158.39453125 3092.484375 3129.454126602564 39
stats: session 110 64255.60526455966 35745.74944291678 277340.2600097656 11117.9541015625 81085.30123094442 1006
stats: users_count 171 2017
stats: finish_users_count 110 1116
stats: request 4039 287.4772161609848 1265.9807259570332 9336.48486328125 0.320068359375 829.9857417051833 39786
stats: connect 178 2.8751783049508415 3.0126205113583113 137.2529296875 0.610107421875 3.2534801900419907 1801
stats: page 3048 373.12682496719174 1555.066971733284 15318.098876953125 0.320068359375 1084.2880833680213 30405
stats: 302 39 1072
stats: 200 128 5247
stats: size_rcv 2562079 45972896
stats: newphase 0 6
stats: size_sent 1531190 19582566
stats: connected 61 849
stats: max_repeat 243 2566
stats: 204 0 50
stats: 400 60 547
stats: 503 3797 36612
stats: 404 3 95
stats: 500 13 203
# stats: dump at 1480421555
stats: users 947 950
stats: {recvpackets,"tsung_controller@ip-172-31-4-219"} 1 6984.0 0.0 6984 158 2002.3846153846155 39
stats: {sentpackets,"tsung_controller@ip-172-31-4-219"} 1 8986.0 0.0 8986 163 2451.2051282051284 39
stats: {cpu,"tsung_controller@ip-172-31-4-219"} 1 27.852998065764023 0.0 27.852998065764023 1.2883640403124508 8.217525983124478 40
stats: {load,"tsung_controller@ip-172-31-4-219"} 1 0.30078125 0.0 0.33984375 0.0 0.10507812499999998 40
stats: {freemem,"tsung_controller@ip-172-31-4-219"} 1 3087.2421875 0.0 3158.39453125 3087.2421875 3128.5298828125 40
stats: session 120 62969.70842692058 35415.417510964624 277340.2600097656 11117.9541015625 79426.46023067352 1116
stats: users_count 166 2183
stats: finish_users_count 120 1236
stats: request 4315 265.39602002688594 1235.3150249486941 9336.48486328125 0.320068359375 779.9870666413381 43825
stats: connect 189 3.6639010313326725 3.109679965295014 137.2529296875 0.60205078125 3.2194540477750757 1979
stats: page 3241 359.6328213887983 1598.5558377345624 15318.098876953125 0.320068359375 1019.4921154247658 33453
stats: 302 37 1109
stats: 200 108 5355
stats: size_rcv 2598758 48571654
stats: newphase 0 6
stats: size_sent 1590279 21172845
stats: connected 26 875
stats: max_repeat 288 2854
stats: 204 0 50
stats: 400 56 603
stats: 503 4042 40654
stats: 404 5 100
stats: 500 66 269
# stats: dump at 1480421565
stats: users 983 984
stats: {recvpackets,"tsung_controller@ip-172-31-4-219"} 1 8372.0 0.0 8372 158 2126.925 40
stats: {sentpackets,"tsung_controller@ip-172-31-4-219"} 1 9693.0 0.0 9693 163 2614.5750000000003 40
stats: {cpu,"tsung_controller@ip-172-31-4-219"} 1 30.323193916349812 0.0 30.323193916349812 1.2883640403124508 8.696439936359589 41
stats: {load,"tsung_controller@ip-172-31-4-219"} 1 0.25 0.0 0.33984375 0.0 0.1098513719512195 41
stats: {freemem,"tsung_controller@ip-172-31-4-219"} 1 3082.0390625 0.0 3158.39453125 3082.0390625 3127.5228658536585 41
stats: session 122 58838.295390144725 32731.465342443258 277340.2600097656 11117.9541015625 77828.71733710526 1236
stats: users_count 158 2341
stats: finish_users_count 122 1358
stats: request 4273 293.5622583733428 1247.623710842291 9336.48486328125 0.320068359375 733.8620071037112 48140
stats: connect 248 3.017066217237902 3.1771588182597537 137.2529296875 0.386962890625 3.2581996565815268 2168
stats: page 3262 390.89506511115223 1562.3530233387494 15318.098876953125 0.320068359375 961.2099992212836 36694
stats: 302 39 1148
stats: 200 125 5480
stats: size_rcv 2640823 51212477
stats: newphase 0 6
stats: size_sent 1552404 22725249
stats: connected 36 911
stats: max_repeat 280 3134
stats: 204 0 50
stats: 400 65 668
stats: 503 3929 44583
stats: 404 11 111
stats: 500 104 373
# stats: dump at 1480421575
stats: users 878 991
stats: {recvpackets,"tsung_controller@ip-172-31-4-219"} 1 8403.0 0.0 8403 158 2279.243902439024 41
stats: {sentpackets,"tsung_controller@ip-172-31-4-219"} 1 9479.0 0.0 9693 163 2787.219512195122 41
stats: {cpu,"tsung_controller@ip-172-31-4-219"} 1 28.7776708373436 0.0 30.323193916349812 1.2883640403124508 9.21136265016888 42
stats: {load,"tsung_controller@ip-172-31-4-219"} 1 0.37109375 0.0 0.37109375 0.0 0.11318824404761903 42
stats: {freemem,"tsung_controller@ip-172-31-4-219"} 1 3080.66796875 0.0 3158.39453125 3080.66796875 3126.439918154762 42
stats: session 138 57470.86312379699 31009.467478251365 277340.2600097656 11117.9541015625 76122.65586617067 1358
stats: users_count 33 2374
stats: finish_users_count 138 1496
stats: request 4044 277.16352453335537 1100.6585698717906 9336.48486328125 0.320068359375 697.9663166008805 52413
stats: connect 162 3.322363582658179 3.34746725011499 137.2529296875 0.386962890625 3.233447548569433 2416
stats: page 3223 335.35029074171445 1281.3760384696889 15318.098876953125 0.320068359375 914.6495999053549 39956
stats: 302 38 1186
stats: 200 107 5587
stats: size_rcv 2469511 53681988
stats: newphase 0 6
stats: size_sent 1479481 24204730
stats: connected -58 853
stats: max_repeat 269 3403
stats: 204 0 50
stats: 400 71 739
stats: 503 3709 48292
stats: 404 12 123
stats: 500 107 480
# stats: dump at 1480421585
stats: users 747 991
stats: {recvpackets,"tsung_controller@ip-172-31-4-219"} 1 5647.0 0.0 8403 158 2425.047619047619 42
stats: {sentpackets,"tsung_controller@ip-172-31-4-219"} 1 7167.0 0.0 9693 163 2946.5476190476193 42
stats: {cpu,"tsung_controller@ip-172-31-4-219"} 1 23.568702290076335 0.0 30.323193916349812 1.2883640403124508 9.666393073126432 43
stats: {load,"tsung_controller@ip-172-31-4-219"} 1 0.30859375 0.0 0.37109375 0.0 0.11918604651162788 43
stats: {freemem,"tsung_controller@ip-172-31-4-219"} 1 3079.9140625 0.0 3158.39453125 3079.9140625 3125.3754542151164 43
stats: session 131 63603.84779602517 28874.03322973185 277340.2600097656 11117.9541015625 74402.10279234208 1496
stats: users_count 0 2374
stats: finish_users_count 131 1627
stats: request 3066 394.85476188883655 1379.6724194392077 9336.48486328125 0.320068359375 667.8243237369121 56457
stats: connect 16 4.1843109130859375 2.628684410706724 137.2529296875 0.386962890625 3.2390349797262896 2578
stats: page 2506 495.5801739886772 1721.5866658971288 15318.098876953125 0.320068359375 871.4090970351075 43179
stats: 302 37 1223
stats: 200 135 5722
stats: size_rcv 2169490 55851478
stats: newphase 0 6
stats: size_sent 1145931 25350661
stats: connected -116 737
stats: max_repeat 230 3633
stats: 204 0 50
stats: 400 52 791
stats: 503 2783 51075
stats: 404 11 134
stats: 500 48 528
# stats: dump at 1480421595
stats: users 630 991
stats: {recvpackets,"tsung_controller@ip-172-31-4-219"} 1 3913.0 0.0 8403 158 2499.9767441860463 43
stats: {sentpackets,"tsung_controller@ip-172-31-4-219"} 1 5089.0 0.0 9693 163 3044.697674418605 43
stats: {cpu,"tsung_controller@ip-172-31-4-219"} 1 18.557692307692307 0.0 30.323193916349812 1.2883640403124508 9.98235464623893 44
stats: {load,"tsung_controller@ip-172-31-4-219"} 1 0.26171875 0.0 0.37109375 0.0 0.12349076704545453 44
stats: {freemem,"tsung_controller@ip-172-31-4-219"} 1 3079.80078125 0.0 3158.39453125 3079.80078125 3124.3422407670455 44
stats: session 117 67349.87170931825 32975.00225422792 277340.2600097656 11117.9541015625 73532.66738698405 1627
stats: users_count 0 2374
stats: finish_users_count 117 1744
stats: request 2281 503.11429570192627 1429.1460365381877 9336.48486328125 0.320068359375 653.7637979464412 59523
stats: connect 2 3.138671875 1.929443359375 137.2529296875 0.386962890625 3.244865517480243 2594
stats: page 1973 580.6837436001268 1719.162989570363 15318.098876953125 0.320068359375 850.7934183406924 45685
stats: 302 36 1259
stats: 200 118 5840
stats: size_rcv 1746288 57597766
stats: newphase 0 6
stats: size_sent 923098 26273759
stats: connected -116 621
stats: max_repeat 201 3834
stats: 204 0 50
stats: 400 47 838
stats: 503 1984 53059
stats: 404 14 148
stats: 500 82 610
# stats: dump at 1480421605
stats: users 510 991
stats: {recvpackets,"tsung_controller@ip-172-31-4-219"} 1 3312.0 0.0 8403 158 2532.0909090909086 44
stats: {sentpackets,"tsung_controller@ip-172-31-4-219"} 1 4025.0 0.0 9693 163 3091.159090909091 44
stats: {cpu,"tsung_controller@ip-172-31-4-219"} 1 16.872037914691944 0.0 30.323193916349812 1.2883640403124508 10.17291770538234 45
stats: {load,"tsung_controller@ip-172-31-4-219"} 1 0.30078125 0.0 0.37109375 0.0 0.12656249999999997 45
stats: {freemem,"tsung_controller@ip-172-31-4-219"} 1 3079.7421875 0.0 3158.39453125 3079.7421875 3123.3524305555557 45
stats: session 120 72202.03853556313 30377.81122587973 277340.2600097656 11117.9541015625 73117.88120906724 1744
stats: users_count 0 2374
stats: finish_users_count 120 1864
stats: request 1501 754.6781312458351 1262.1787269608028 9336.48486328125 0.320068359375 648.2037773228611 61804
stats: connect 0 0 0 137.2529296875 0.386962890625 3.24478370419636 2596
stats: page 1399 832.0776391619011 1523.2999064953012 15318.098876953125 0.320068359375 839.611111314314 47658
stats: 302 23 1282
stats: 200 210 6050
stats: size_rcv 1895968 59493734
stats: newphase 0 6
stats: size_sent 640331 26914090
stats: connected -113 508
stats: max_repeat 133 3967
stats: 204 0 50
stats: 400 29 867
stats: 503 1066 54125
stats: 404 16 164
stats: 500 158 768
# stats: dump at 1480421615
stats: users 443 991
stats: {recvpackets,"tsung_controller@ip-172-31-4-219"} 1 2529.0 0.0 8403 158 2549.4222222222215 45
stats: {sentpackets,"tsung_controller@ip-172-31-4-219"} 1 2692.0 0.0 9693 163 3111.911111111111 45
stats: {cpu,"tsung_controller@ip-172-31-4-219"} 1 11.590038314176246 0.0 30.323193916349812 1.2883640403124508 10.318550753410808 46
stats: {load,"tsung_controller@ip-172-31-4-219"} 1 0.25 0.0 0.37109375 0.0 0.13034986413043476 46
stats: {freemem,"tsung_controller@ip-172-31-4-219"} 1 3079.78125 0.0 3158.39453125 3079.7421875 3122.4043817934785 46
stats: session 67 86192.75532736706 25848.82532597395 277340.2600097656 11117.9541015625 73058.92138030088 1864
stats: users_count 0 2374
stats: finish_users_count 67 1931
stats: request 878 1181.9509346859898 997.5126411102208 9336.48486328125 0.320068359375 650.7283489244469 63305
stats: connect 0 0 0 137.2529296875 0.386962890625 3.24478370419636 2596
stats: page 831 1247.9017370708298 1178.3355905901246 15318.098876953125 0.320068359375 839.3962729112069 49057
stats: 302 21 1303
stats: 200 230 6280
stats: size_rcv 1853701 61347435
stats: newphase 0 6
stats: size_sent 364144 27278234
stats: connected -65 443
stats: max_repeat 77 4044
stats: 204 0 50
stats: 400 5 872
stats: 503 331 54456
stats: 404 9 173
stats: 500 282 1050
# stats: dump at 1480421625
stats: users 379 991
stats: {recvpackets,"tsung_controller@ip-172-31-4-219"} 1 2694.0 0.0 8403 158 2548.9782608695646 46
stats: {sentpackets,"tsung_controller@ip-172-31-4-219"} 1 2679.0 0.0 9693 163 3102.782608695652 46
stats: {cpu,"tsung_controller@ip-172-31-4-219"} 1 9.01077375122429 0.0 30.323193916349812 1.2883640403124508 10.345603680235604 47
stats: {load,"tsung_controller@ip-172-31-4-219"} 1 0.2109375 0.0 0.37109375 0.0 0.13289561170212763 47
stats: {freemem,"tsung_controller@ip-172-31-4-219"} 1 3079.640625 0.0 3158.39453125 3079.640625 3121.497506648936 47
stats: session 64 97316.54321670532 21242.143241991813 277340.2600097656 11117.9541015625 73514.62664930835 1931
stats: users_count 0 2374
stats: finish_users_count 64 1995
stats: request 742 1172.3562873778635 376.89948235492466 9336.48486328125 0.320068359375 657.9952798921273 64183
stats: connect 0 0 0 137.2529296875 0.386962890625 3.24478370419636 2596
stats: page 716 1232.1168066269838 551.4947414257302 15318.098876953125 0.320068359375 846.2008760365406 49888
stats: 302 35 1338
stats: 200 287 6567
stats: size_rcv 2186498 63533933
stats: newphase 0 6
stats: size_sent 288818 27567052
stats: connected -60 383
stats: max_repeat 66 4110
stats: 204 0 50
stats: 400 0 872
stats: 503 20 54476
stats: 404 2 175
stats: 500 397 1447
# stats: dump at 1480421635
stats: users 312 991
stats: {recvpackets,"tsung_controller@ip-172-31-4-219"} 1 2758.0 0.0 8403 158 2552.0638297872333 47
stats: {sentpackets,"tsung_controller@ip-172-31-4-219"} 1 2737.0 0.0 9693 163 3093.7659574468084 47
stats: {cpu,"tsung_controller@ip-172-31-4-219"} 1 8.325074331020813 0.0 30.323193916349812 1.2883640403124508 10.317794723381201 48
stats: {load,"tsung_controller@ip-172-31-4-219"} 1 0.1796875 0.0 0.37109375 0.0 0.13452148437499997 48
stats: {freemem,"tsung_controller@ip-172-31-4-219"} 1 3079.14453125 0.0 3158.39453125 3079.14453125 3120.62548828125 48
stats: session 67 100247.86493921993 18596.29826094971 277340.2600097656 11117.9541015625 74278.19690510455 1995
stats: users_count 0 2374
stats: finish_users_count 67 2062
stats: request 758 356.2580927141733 383.9174996765573 9336.48486328125 0.320068359375 663.87369140625 64925
stats: connect 0 0 0 137.2529296875 0.386962890625 3.24478370419636 2596
stats: page 739 373.91995094722597 431.2252305680976 15318.098876953125 0.320068359375 851.6612310737463 50604
stats: 302 23 1361
stats: 200 342 6909
stats: size_rcv 2432691 65966624
stats: newphase 0 6
stats: size_sent 273184 27840236
stats: connected -70 313
stats: max_repeat 72 4182
stats: 204 0 50
stats: 400 0 872
stats: 503 0 54476
stats: 404 0 175
stats: 500 393 1840
# stats: dump at 1480421645
stats: users 232 991
stats: {recvpackets,"tsung_controller@ip-172-31-4-219"} 1 1754.0 0.0 8403 158 2556.354166666666 48
stats: {sentpackets,"tsung_controller@ip-172-31-4-219"} 1 1996.0 0.0 9693 163 3086.3333333333335 48
stats: {cpu,"tsung_controller@ip-172-31-4-219"} 1 6.200787401574804 0.0 30.323193916349812 1.2883640403124508 10.277126960271806 49
stats: {load,"tsung_controller@ip-172-31-4-219"} 1 0.2109375 0.0 0.37109375 0.0 0.13544323979591832 49
stats: {freemem,"tsung_controller@ip-172-31-4-219"} 1 3078.76171875 0.0 3158.39453125 3078.76171875 3119.778938137755 49
stats: session 80 103494.52712707517 16026.989392694057 277340.2600097656 11117.9541015625 75122.02220010247 2062
stats: users_count 0 2374
stats: finish_users_count 80 2142
stats: request 507 14.909690119575936 18.930652436237285 9336.48486328125 0.320068359375 660.3237222542838 65683
stats: connect 0 0 0 137.2529296875 0.386962890625 3.24478370419636 2596
stats: page 506 14.939264470880678 19.23814275898223 15318.098876953125 0.320068359375 844.7849128606794 51343
stats: 302 8 1369
stats: 200 227 7136
stats: size_rcv 1615089 67581713
stats: newphase 0 6
stats: size_sent 199792 28040028
stats: connected -80 233
stats: max_repeat 80 4262
stats: 204 1 51
stats: 400 0 872
stats: 503 0 54476
stats: 404 0 175
stats: 500 271 2111
# stats: dump at 1480421655
stats: users 169 991
stats: {recvpackets,"tsung_controller@ip-172-31-4-219"} 1 1334.0 0.0 8403 158 2539.979591836734 49
stats: {sentpackets,"tsung_controller@ip-172-31-4-219"} 1 1675.0 0.0 9693 163 3064.081632653061 49
stats: {cpu,"tsung_controller@ip-172-31-4-219"} 1 5.429417571569595 0.0 30.323193916349812 1.2883640403124508 10.195600169097867 50
stats: {load,"tsung_controller@ip-172-31-4-219"} 1 0.26171875 0.0 0.37109375 0.0 0.13695312499999995 50
stats: {freemem,"tsung_controller@ip-172-31-4-219"} 1 3081.15625 0.0 3158.39453125 3078.76171875 3118.95859375 50
stats: session 63 108001.35193452382 17442.89303905099 277340.2600097656 11117.9541015625 76181.68624966261 2142
stats: users_count 0 2374
stats: finish_users_count 63 2205
stats: request 409 13.015611867741445 13.56862760138069 9336.48486328125 0.320068359375 655.3800009324483 66190
stats: connect 0 0 0 137.2529296875 0.386962890625 3.24478370419636 2596
stats: page 409 13.015611867741445 13.56862760138069 15318.098876953125 0.320068359375 836.6863594057382 51849
stats: 302 1 1370
stats: 200 237 7373
stats: size_rcv 1451105 69032818
stats: newphase 0 6
stats: size_sent 174431 28214459
stats: connected -64 169
stats: max_repeat 64 4326
stats: 204 6 57
stats: 400 0 872
stats: 503 0 54476
stats: 404 0 175
stats: 500 165 2276
# stats: dump at 1480421665
stats: users 116 991
stats: {recvpackets,"tsung_controller@ip-172-31-4-219"} 1 933.0 0.0 8403 158 2515.859999999999 50
stats: {sentpackets,"tsung_controller@ip-172-31-4-219"} 1 1189.0 0.0 9693 163 3036.3 50
stats: {cpu,"tsung_controller@ip-172-31-4-219"} 1 3.582089552238806 0.0 30.323193916349812 1.2883640403124508 10.102145608362017 51
stats: {load,"tsung_controller@ip-172-31-4-219"} 1 0.21875 0.0 0.37109375 0.0 0.13939950980392152 51
stats: {freemem,"tsung_controller@ip-172-31-4-219"} 1 3081.27734375 0.0 3158.39453125 3078.76171875 3118.2173713235293 51
stats: session 53 110988.70683317364 14304.787583815827 277340.2600097656 11117.9541015625 77090.81955494436 2205
stats: users_count 0 2374
stats: finish_users_count 53 2258
stats: request 287 12.458606680095823 16.435737249468918 9336.48486328125 0.320068359375 651.435091322282 66599
stats: connect 0 0 0 137.2529296875 0.386962890625 3.24478370419636 2596
stats: page 287 12.458606680095823 16.435737249468918 15318.098876953125 0.320068359375 830.2398567507756 52258
stats: 302 0 1370
stats: 200 187 7560
stats: size_rcv 1016681 70049499
stats: newphase 0 6
stats: size_sent 127856 28342315
stats: connected -52 117
stats: max_repeat 52 4378
stats: 204 7 64
stats: 400 0 872
stats: 503 0 54476
stats: 404 0 175
stats: 500 93 2369
# stats: dump at 1480421675
stats: users 77 991
stats: {recvpackets,"tsung_controller@ip-172-31-4-219"} 1 736.0 0.0 8403 158 2484.823529411764 51
stats: {sentpackets,"tsung_controller@ip-172-31-4-219"} 1 954.0 0.0 9693 163 3000.078431372549 51
stats: {cpu,"tsung_controller@ip-172-31-4-219"} 1 3.3630069238377844 0.0 30.323193916349812 1.2883640403124508 9.976759914975032 52
stats: {load,"tsung_controller@ip-172-31-4-219"} 1 0.1796875 0.0 0.37109375 0.0 0.14092548076923073 52
stats: {freemem,"tsung_controller@ip-172-31-4-219"} 1 3085.96875 0.0 3158.39453125 3078.76171875 3117.5069861778848 52
stats: session 39 117399.2206655649 13506.12109386846 277340.2600097656 11117.9541015625 77886.47412790546 2258
stats: users_count 0 2374
stats: finish_users_count 39 2297
stats: request 222 11.011468010979733 13.23685812662936 9336.48486328125 0.320068359375 648.69331799016 66886
stats: connect 0 0 0 137.2529296875 0.386962890625 3.24478370419636 2596
stats: page 222 11.011468010979733 13.23685812662936 15318.098876953125 0.320068359375 825.7731478580116 52545
stats: 302 0 1370
stats: 200 162 7722
stats: size_rcv 899750 70949249
stats: newphase 0 6
stats: size_sent 103492 28445807
stats: connected -40 77
stats: max_repeat 40 4418
stats: 204 8 72
stats: 400 0 872
stats: 503 0 54476
stats: 404 0 175
stats: 500 52 2421
# stats: dump at 1480421685
stats: users 49 991
stats: {recvpackets,"tsung_controller@ip-172-31-4-219"} 1 415.0 0.0 8403 158 2451.1923076923067 52
stats: {sentpackets,"tsung_controller@ip-172-31-4-219"} 1 527.0 0.0 9693 163 2960.730769230769 52
stats: {cpu,"tsung_controller@ip-172-31-4-219"} 1 2.178217821782178 0.0 30.323193916349812 1.2883640403124508 9.851972122689425 53
stats: {load,"tsung_controller@ip-172-31-4-219"} 1 0.1484375 0.0 0.37109375 0.0 0.14165683962264147 53
stats: {freemem,"tsung_controller@ip-172-31-4-219"} 1 3086.28515625 0.0 3158.39453125 3078.76171875 3116.9119251179245 53
stats: session 28 126192.83124651227 12867.91127675088 277340.2600097656 11117.9541015625 78557.34792632457 2297
stats: users_count 0 2374
stats: finish_users_count 28 2325
stats: request 124 11.054183467741936 13.487469719197781 9336.48486328125 0.320068359375 646.5838024227854 67108
stats: connect 0 0 0 137.2529296875 0.386962890625 3.24478370419636 2596
stats: page 124 11.054183467741936 13.487469719197781 15318.098876953125 0.320068359375 822.3453029373975 52767
stats: 302 0 1370
stats: 200 93 7815
stats: size_rcv 498672 71447921
stats: newphase 0 6
stats: size_sent 59956 28505763
stats: connected -28 49
stats: max_repeat 28 4446
stats: 204 5 77
stats: 400 0 872
stats: 503 0 54476
stats: 404 0 175
stats: 500 26 2447
# stats: dump at 1480421695
stats: users 32 991
stats: {recvpackets,"tsung_controller@ip-172-31-4-219"} 1 371.0 0.0 8403 158 2412.7735849056594 53
stats: {sentpackets,"tsung_controller@ip-172-31-4-219"} 1 473.0 0.0 9693 163 2914.811320754717 53
stats: {cpu,"tsung_controller@ip-172-31-4-219"} 1 2.1696252465483234 0.0 30.323193916349812 1.2883640403124508 9.709865561561513 54
stats: {load,"tsung_controller@ip-172-31-4-219"} 1 0.12890625 0.0 0.37109375 0.0 0.14178240740740738 54
stats: {freemem,"tsung_controller@ip-172-31-4-219"} 1 3105.89453125 0.0 3158.39453125 3078.76171875 3116.3447627314813 54
stats: session 17 134843.07223690258 13125.553852328578 277340.2600097656 11117.9541015625 79131.02256415908 2325
stats: users_count 0 2374
stats: finish_users_count 17 2342
stats: request 113 10.59656733960177 9.734100366968853 9336.48486328125 0.320068359375 645.4116571236656 67232
stats: connect 0 0 0 137.2529296875 0.386962890625 3.24478370419636 2596
stats: page 113 10.59656733960177 9.734100366968853 15318.098876953125 0.320068359375 820.4432761499623 52891
stats: 302 0 1370
stats: 200 95 7910
stats: size_rcv 506504 71954425
stats: newphase 0 6
stats: size_sent 58287 28564050
stats: connected -17 32
stats: max_repeat 17 4463
stats: 204 8 85
stats: 400 0 872
stats: 503 0 54476
stats: 404 0 175
stats: 500 10 2457
# stats: dump at 1480421705
stats: users 13 991
stats: {recvpackets,"tsung_controller@ip-172-31-4-219"} 1 232.0 0.0 8403 158 2374.9629629629617 54
stats: {sentpackets,"tsung_controller@ip-172-31-4-219"} 1 274.0 0.0 9693 163 2869.5925925925926 54
stats: {cpu,"tsung_controller@ip-172-31-4-219"} 1 1.678183613030602 0.0 30.323193916349812 1.2883640403124508 9.572770283106728 55
stats: {load,"tsung_controller@ip-172-31-4-219"} 1 0.109375 0.0 0.37109375 0.0 0.14154829545454545 55
stats: {freemem,"tsung_controller@ip-172-31-4-219"} 1 3108.98828125 0.0 3158.39453125 3078.76171875 3116.154758522727 55
stats: session 19 141417.11418071546 9970.145387473864 277340.2600097656 11117.9541015625 79535.42258313288 2342
stats: users_count 0 2374
stats: finish_users_count 19 2361
stats: request 69 10.48038029325181 9.576867886501985 9336.48486328125 0.320068359375 644.3464836862076 67345
stats: connect 0 0 0 137.2529296875 0.386962890625 3.24478370419636 2596
stats: page 69 10.48038029325181 9.576867886501985 15318.098876953125 0.320068359375 818.7167521499704 53004
stats: 302 0 1370
stats: 200 62 7972
stats: size_rcv 274711 72229136
stats: newphase 0 6
stats: size_sent 36964 28601014
stats: connected -18 14
stats: max_repeat 17 4480
stats: 204 3 88
stats: 400 0 872
stats: 503 0 54476
stats: 404 0 175
stats: 500 4 2461
# stats: dump at 1480421715
stats: users 2 991
stats: {recvpackets,"tsung_controller@ip-172-31-4-219"} 1 143.0 0.0 8403 143 2335.9999999999986 55
stats: {sentpackets,"tsung_controller@ip-172-31-4-219"} 1 173.0 0.0 9693 163 2822.4 55
stats: {cpu,"tsung_controller@ip-172-31-4-219"} 1 1.2858555885262115 0.0 30.323193916349812 1.2858555885262115 9.431795521141082 56
stats: {load,"tsung_controller@ip-172-31-4-219"} 1 0.08984375 0.0 0.37109375 0.0 0.14097377232142858 56
stats: {freemem,"tsung_controller@ip-172-31-4-219"} 1 3109.3125 0.0 3158.39453125 3078.76171875 3116.026785714286 56
stats: session 11 150053.89084694601 6031.927936871746 277340.2600097656 11117.9541015625 80033.41163029682 2361
stats: users_count 0 2374
stats: finish_users_count 11 2372
stats: request 29 13.754613415948276 16.840933725965368 9336.48486328125 0.320068359375 643.6977050774007 67414
stats: connect 0 0 0 137.2529296875 0.386962890625 3.24478370419636 2596
stats: page 29 13.754613415948276 16.840933725965368 15318.098876953125 0.320068359375 817.665967199843 53073
stats: 302 0 1370
stats: 200 26 7998
stats: size_rcv 136831 72365967
stats: newphase 0 6
stats: size_sent 15511 28616525
stats: connected -12 2
stats: max_repeat 9 4489
stats: 204 2 90
stats: 400 0 872
stats: 503 0 54476
stats: 404 0 175
stats: 500 1 2462
# stats: dump at 1480421725
stats: users 1 991
stats: {recvpackets,"tsung_controller@ip-172-31-4-219"} 1 18.0 0.0 8403 18 2296.8392857142844 56
stats: {sentpackets,"tsung_controller@ip-172-31-4-219"} 1 25.0 0.0 9693 25 2775.089285714286 56
stats: {cpu,"tsung_controller@ip-172-31-4-219"} 1 0.8902077151335311 0.0 30.323193916349812 0.8902077151335311 9.288884294253101 57
stats: {load,"tsung_controller@ip-172-31-4-219"} 1 0.078125 0.0 0.37109375 0.0 0.14007675438596492 57
stats: {freemem,"tsung_controller@ip-172-31-4-219"} 1 3109.47265625 0.0 3158.39453125 3078.76171875 3115.90899122807 57
stats: session 1 160185.25 0.0 277340.2600097656 11117.9541015625 80358.1271747248 2372
stats: users_count 0 2374
stats: finish_users_count 1 2373
stats: request 2 13.2125244140625 3.8365478515625 9336.48486328125 0.320068359375 643.4268341247713 67443
stats: connect 0 0 0 137.2529296875 0.386962890625 3.24478370419636 2596
stats: page 2 13.2125244140625 3.8365478515625 15318.098876953125 0.320068359375 817.2269361038441 53102
stats: 302 0 1370
stats: 200 2 8000
stats: size_rcv 9933 72375900
stats: newphase 0 6
stats: size_sent 1016 28617541
stats: connected -1 1
stats: max_repeat 1 4490
stats: 204 0 90
stats: 400 0 872
stats: 503 0 54476
stats: 404 0 175
stats: 500 0 2462
# stats: dump at 1480421733
stats: users 0 991
stats: {recvpackets,"tsung_controller@ip-172-31-4-219"} 0 0 0 8403 18 2256.859649122806 57
stats: {sentpackets,"tsung_controller@ip-172-31-4-219"} 0 0 0 9693 25 2726.842105263158 57
stats: {cpu,"tsung_controller@ip-172-31-4-219"} 0 0 0 30.323193916349812 0.8902077151335311 9.144079525647593 58
stats: {load,"tsung_controller@ip-172-31-4-219"} 0 0 0 0.37109375 0.0 0.13900862068965517 58
stats: {freemem,"tsung_controller@ip-172-31-4-219"} 0 0 0 3158.39453125 3078.76171875 3115.7980199353447 58
stats: session 1 173075.84301757813 0.0 277340.2600097656 11117.9541015625 80391.76692307089 2373
stats: users_count 0 2374
stats: finish_users_count 1 2374
stats: request 2 5.468017578125 0.048095703125 9336.48486328125 0.320068359375 643.4081458807292 67445
stats: connect 0 0 0 137.2529296875 0.386962890625 3.24478370419636 2596
stats: page 2 5.468017578125 0.048095703125 15318.098876953125 0.320068359375 817.1966553561908 53104
stats: 302 0 1370
stats: 200 2 8002
stats: size_rcv 11506 72387406
stats: newphase 0 6
stats: size_sent 976 28618517
stats: connected -1 0
stats: max_repeat 1 4491
stats: 204 0 90
stats: 400 0 872
stats: 503 0 54476
stats: 404 0 175
stats: 500 0 2462
EndMonitor:{1480,421733,473721}
