# stats: dump at 1480591163
stats: users 12 12
stats: {load,"tsung_controller@ip-172-31-6-161"} 1 0.16015625 0 0.16015625 0.16015625 0 0
stats: {freemem,"tsung_controller@ip-172-31-6-161"} 1 3161.36328125 0 3161.36328125 3161.36328125 0 0
stats: {cpu,"tsung_controller@ip-172-31-6-161"} 1 3.8302925047181877 0 3.8302925047181877 3.8302925047181877 0 0
stats: users_count 12 12
stats: finish_users_count 0 0
stats: request 47 159.88573179853722 124.24298423942707 393.51708984375 5.958984375 0 0
stats: connect 12 13.243408203125 30.46984760312588 113.401123046875 0.612060546875 0 0
stats: page 47 159.88573179853722 124.24298423942707 393.51708984375 5.958984375 0 0
stats: 302 11 11
stats: 200 36 36
stats: size_rcv 194594 194594
stats: size_sent 21163 21163
stats: connected 12 12
# stats: dump at 1480591173
stats: users 20 20
stats: {load,"tsung_controller@ip-172-31-6-161"} 1 0.12890625 0.0 0.16015625 0.12890625 0.16015625 1
stats: {freemem,"tsung_controller@ip-172-31-6-161"} 1 3159.1796875 0.0 3161.36328125 3159.1796875 3161.36328125 1
stats: {recvpackets,"tsung_controller@ip-172-31-6-161"} 1 401 0 401 401 0 0
stats: {sentpackets,"tsung_controller@ip-172-31-6-161"} 1 318 0 318 318 0 0
stats: {cpu,"tsung_controller@ip-172-31-6-161"} 1 2.465483234714004 0.0 3.8302925047181877 2.465483234714004 3.8302925047181877 1
stats: session 1 13870.220947265625 0 13870.220947265625 13870.220947265625 0 0
stats: users_count 9 21
stats: finish_users_count 1 1
stats: request 149 142.72447665425756 175.05899582879488 1192.974853515625 5.48583984375 159.88573179853722 47
stats: connect 9 1.7534993489583333 1.6986034931016538 113.401123046875 0.612060546875 13.243408203125 12
stats: page 149 142.72447665425756 175.05899582879488 1192.974853515625 5.48583984375 159.88573179853722 47
stats: 302 10 21
stats: 200 139 175
stats: size_rcv 727354 921948
stats: size_sent 68991 90154
stats: connected 8 20
# stats: dump at 1480591183
stats: users 22 25
stats: {load,"tsung_controller@ip-172-31-6-161"} 1 0.109375 0.0 0.16015625 0.109375 0.14453125 2
stats: {freemem,"tsung_controller@ip-172-31-6-161"} 1 3156.171875 0.0 3161.36328125 3156.171875 3160.271484375 2
stats: {recvpackets,"tsung_controller@ip-172-31-6-161"} 1 1155.0 0.0 1155 401 401.0 1
stats: {sentpackets,"tsung_controller@ip-172-31-6-161"} 1 955.0 0.0 955 318 318.0 1
stats: {cpu,"tsung_controller@ip-172-31-6-161"} 1 2.7559055118110236 0.0 3.8302925047181877 2.465483234714004 3.147887869716096 2
stats: session 7 18711.116280691964 2646.8674611907613 22133.825927734375 13566.927001953125 13870.220947265625 1
stats: users_count 9 30
stats: finish_users_count 7 8
stats: request 262 46.60742560233777 69.08685281063156 1192.974853515625 4.51220703125 146.83967559191646 196
stats: connect 9 2.149929470486111 2.8637877693417373 113.401123046875 0.60009765625 8.319161551339286 21
stats: page 262 46.60742560233777 69.08685281063156 1192.974853515625 4.51220703125 146.83967559191646 196
stats: 302 8 29
stats: 200 254 429
stats: size_rcv 1323479 2245427
stats: size_sent 124839 214993
stats: connected 2 22
# stats: dump at 1480591193
stats: users 21 25
stats: {load,"tsung_controller@ip-172-31-6-161"} 1 0.08984375 0.0 0.16015625 0.08984375 0.1328125 3
stats: {freemem,"tsung_controller@ip-172-31-6-161"} 1 3155.453125 0.0 3161.36328125 3155.453125 3158.9049479166665 3
stats: {recvpackets,"tsung_controller@ip-172-31-6-161"} 1 1711.0 0.0 1711 401 778.0 2
stats: {sentpackets,"tsung_controller@ip-172-31-6-161"} 1 1481.0 0.0 1481 318 636.5 2
stats: {cpu,"tsung_controller@ip-172-31-6-161"} 1 3.6417322834645667 0.0 3.8302925047181877 2.465483234714004 3.017227083747738 3
stats: session 14 21795.65567452567 5053.566129406143 30938.77392578125 12597.205810546875 18106.004364013672 8
stats: users_count 13 43
stats: finish_users_count 14 22
stats: request 242 71.01735416128614 99.7705568613764 1192.974853515625 4.346923828125 89.50157625289984 458
stats: connect 13 1.2744891826923077 1.7429111010559106 113.401123046875 0.576171875 6.468391927083334 30
stats: page 242 71.01735416128614 99.7705568613764 1192.974853515625 4.346923828125 89.50157625289984 458
stats: 302 14 43
stats: 200 228 657
stats: size_rcv 1191244 3436671
stats: size_sent 113567 328560
stats: connected -1 21
# stats: dump at 1480591203
stats: users 25 25
stats: {load,"tsung_controller@ip-172-31-6-161"} 1 0.078125 0.0 0.16015625 0.078125 0.1220703125 4
stats: {freemem,"tsung_controller@ip-172-31-6-161"} 1 3154.61328125 0.0 3161.36328125 3154.61328125 3158.0419921875 4
stats: {recvpackets,"tsung_controller@ip-172-31-6-161"} 1 1671.0 0.0 1711 401 1089.0 3
stats: {sentpackets,"tsung_controller@ip-172-31-6-161"} 1 1475.0 0.0 1481 318 918.0 3
stats: {cpu,"tsung_controller@ip-172-31-6-161"} 1 4.019607843137255 0.0 4.019607843137255 2.465483234714004 3.1733533836769454 4
stats: session 8 20239.42202758789 3460.920892658914 30938.77392578125 12597.205810546875 20453.964288884945 22
stats: users_count 12 55
stats: finish_users_count 8 30
stats: request 219 60.81369283319065 86.86895048485783 1192.974853515625 4.346923828125 83.11131661551339 700
stats: connect 12 2.8452555338541665 2.7956818620253 113.401123046875 0.576171875 4.898142260174419 43
stats: page 219 60.81369283319065 86.86895048485783 1192.974853515625 4.346923828125 83.11131661551339 700
stats: 302 12 55
stats: 200 207 864
stats: size_rcv 1081611 4518282
stats: size_sent 99924 428484
stats: connected 4 25
# stats: dump at 1480591213
stats: users 19 29
stats: {load,"tsung_controller@ip-172-31-6-161"} 1 0.0703125 0.0 0.16015625 0.0703125 0.11328125 5
stats: {freemem,"tsung_controller@ip-172-31-6-161"} 1 3153.29296875 0.0 3161.36328125 3153.29296875 3157.35625 5
stats: {recvpackets,"tsung_controller@ip-172-31-6-161"} 1 1409.0 0.0 1711 401 1234.5 4
stats: {sentpackets,"tsung_controller@ip-172-31-6-161"} 1 1220.0 0.0 1481 318 1057.25 4
stats: {cpu,"tsung_controller@ip-172-31-6-161"} 1 3.5294117647058822 0.0 4.019607843137255 2.465483234714004 3.3426042755690077 5
stats: session 11 21357.21348987926 3813.867683499263 30938.77392578125 12597.205810546875 20396.753019205727 30
stats: users_count 5 60
stats: finish_users_count 11 41
stats: request 228 46.26079037314968 82.36725674872275 1192.974853515625 4.346923828125 77.79773706346913 919
stats: connect 5 6.92578125 4.725579300442391 113.401123046875 0.576171875 4.450239701704546 55
stats: page 228 46.26079037314968 82.36725674872275 1192.974853515625 4.346923828125 77.79773706346913 919
stats: 302 5 60
stats: 200 223 1087
stats: size_rcv 1159999 5678281
stats: size_sent 109838 538322
stats: connected -4 21
# stats: dump at 1480591223
stats: users 23 29
stats: {load,"tsung_controller@ip-172-31-6-161"} 1 0.05859375 0.0 0.16015625 0.05859375 0.10611979166666667 6
stats: {freemem,"tsung_controller@ip-172-31-6-161"} 1 3152.6953125 0.0 3161.36328125 3152.6953125 3156.6790364583335 6
stats: {recvpackets,"tsung_controller@ip-172-31-6-161"} 1 1414.0 0.0 1711 401 1269.4 5
stats: {sentpackets,"tsung_controller@ip-172-31-6-161"} 1 1290.0 0.0 1481 318 1089.8 5
stats: {cpu,"tsung_controller@ip-172-31-6-161"} 1 3.2480314960629917 0.0 4.019607843137255 2.465483234714004 3.3737388570918205 6
stats: session 10 22222.941967773437 4579.74325001917 31154.91796875 12597.205810546875 20654.437535727895 41
stats: users_count 14 74
stats: finish_users_count 10 51
stats: request 197 58.68063679806471 94.19630570623144 1192.974853515625 4.346923828125 71.52884094717197 1147
stats: connect 14 1.6147809709821428 2.0431720740979618 113.401123046875 0.576171875 4.656534830729167 60
stats: page 197 58.68063679806471 94.19630570623144 1192.974853515625 4.346923828125 71.52884094717197 1147
stats: 302 12 72
stats: 200 185 1272
stats: size_rcv 968467 6646748
stats: newphase 1 1
stats: size_sent 91902 630224
stats: connected 3 24
# stats: dump at 1480591233
stats: users 28 29
stats: {load,"tsung_controller@ip-172-31-6-161"} 1 0.05078125 0.0 0.16015625 0.05078125 0.09933035714285714 7
stats: {freemem,"tsung_controller@ip-172-31-6-161"} 1 3152.82421875 0.0 3161.36328125 3152.6953125 3156.109933035714 7
stats: {recvpackets,"tsung_controller@ip-172-31-6-161"} 1 1417.0 0.0 1711 401 1293.5 6
stats: {sentpackets,"tsung_controller@ip-172-31-6-161"} 1 1219.0 0.0 1481 318 1123.1666666666667 6
stats: {cpu,"tsung_controller@ip-172-31-6-161"} 1 3.2448377581120944 0.0 4.019607843137255 2.465483234714004 3.355780662659131 7
stats: session 10 23323.8669921875 5056.631725897393 31154.91796875 12597.205810546875 20961.987424364277 51
stats: users_count 15 89
stats: finish_users_count 10 61
stats: request 286 82.44687209762894 112.3477534939238 1192.974853515625 4.346923828125 69.64558483305431 1344
stats: connect 15 2.6197102864583335 2.560045461851181 113.401123046875 0.576171875 4.08106788429054 74
stats: page 286 82.44687209762894 112.3477534939238 1192.974853515625 4.346923828125 69.64558483305431 1344
stats: 302 17 89
stats: 200 269 1541
stats: size_rcv 1405043 8051791
stats: newphase 0 1
stats: size_sent 131827 762051
stats: connected 4 28
# stats: dump at 1480591243
stats: users 25 29
stats: {load,"tsung_controller@ip-172-31-6-161"} 1 0.0390625 0.0 0.16015625 0.0390625 0.09326171875 8
stats: {freemem,"tsung_controller@ip-172-31-6-161"} 1 3152.703125 0.0 3161.36328125 3152.6953125 3155.69921875 8
stats: {recvpackets,"tsung_controller@ip-172-31-6-161"} 1 1986.0 0.0 1986 401 1311.142857142857 7
stats: {sentpackets,"tsung_controller@ip-172-31-6-161"} 1 1649.0 0.0 1649 318 1136.857142857143 7
stats: {cpu,"tsung_controller@ip-172-31-6-161"} 1 4.594330400782014 0.0 4.594330400782014 2.465483234714004 3.341912799590751 8
stats: session 15 18383.1357421875 2547.03809583301 31154.91796875 12439.951171875 21349.180796138575 61
stats: users_count 12 101
stats: finish_users_count 15 76
stats: request 279 56.26070368503584 66.91871729903536 1192.974853515625 4.346923828125 71.89170026720667 1630
stats: connect 11 1.1695889559659092 1.2258071883086619 113.401123046875 0.576171875 3.8347716599367976 89
stats: page 279 56.26070368503584 66.91871729903536 1192.974853515625 4.346923828125 71.89170026720667 1630
stats: 302 11 100
stats: 200 268 1809
stats: size_rcv 1396845 9448636
stats: newphase 0 1
stats: size_sent 133027 895078
stats: connected -3 25
# stats: dump at 1480591253
stats: users 33 33
stats: {load,"tsung_controller@ip-172-31-6-161"} 1 0.0390625 0.0 0.16015625 0.0390625 0.08723958333333333 9
stats: {freemem,"tsung_controller@ip-172-31-6-161"} 1 3152.359375 0.0 3161.36328125 3152.359375 3155.3663194444443 9
stats: {recvpackets,"tsung_controller@ip-172-31-6-161"} 1 1892.0 0.0 1986 401 1395.5 8
stats: {sentpackets,"tsung_controller@ip-172-31-6-161"} 1 1595.0 0.0 1649 318 1200.875 8
stats: {cpu,"tsung_controller@ip-172-31-6-161"} 1 3.9408866995073892 0.0 4.594330400782014 2.465483234714004 3.481070310834225 9
stats: session 7 21486.626708984375 6042.300926039598 32378.2099609375 12439.951171875 20763.777167069285 76
stats: users_count 15 116
stats: finish_users_count 7 83
stats: request 303 100.7350856667698 121.61959680997569 1192.974853515625 4.346923828125 69.60723298254157 1909
stats: connect 16 2.70062255859375 2.4161896693050884 113.401123046875 0.576171875 3.5416015625 100
stats: page 303 100.7350856667698 121.61959680997569 1192.974853515625 4.346923828125 69.60723298254157 1909
stats: 302 14 114
stats: 200 289 2098
stats: size_rcv 1509661 10958297
stats: newphase 0 1
stats: size_sent 141208 1036286
stats: connected 8 33
# stats: dump at 1480591263
stats: users 35 37
stats: {load,"tsung_controller@ip-172-31-6-161"} 1 0.03125 0.0 0.16015625 0.03125 0.082421875 10
stats: {freemem,"tsung_controller@ip-172-31-6-161"} 1 3152.51953125 0.0 3161.36328125 3152.359375 3155.065625 10
stats: {recvpackets,"tsung_controller@ip-172-31-6-161"} 1 2058.0 0.0 2058 401 1450.6666666666667 9
stats: {sentpackets,"tsung_controller@ip-172-31-6-161"} 1 1697.0 0.0 1697 318 1244.6666666666667 9
stats: {cpu,"tsung_controller@ip-172-31-6-161"} 1 3.564356435643564 0.0 4.594330400782014 2.465483234714004 3.5270519497015416 10
stats: session 17 22401.577938304228 3937.3781365787286 32378.2099609375 12439.951171875 20824.740381447667 83
stats: users_count 19 135
stats: finish_users_count 17 100
stats: request 315 150.11144050719233 184.7544960909158 1264.927978515625 4.346923828125 73.87112962057104 2212
stats: connect 19 2.4884225945723686 3.3756049892168107 113.401123046875 0.576171875 3.425604458512931 116
stats: page 315 150.11144050719233 184.7544960909158 1264.927978515625 4.346923828125 73.87112962057104 2212
stats: 302 19 133
stats: 200 296 2394
stats: size_rcv 1547357 12505654
stats: newphase 0 1
stats: size_sent 145830 1182116
stats: connected 2 35
# stats: dump at 1480591273
stats: users 39 40
stats: {load,"tsung_controller@ip-172-31-6-161"} 1 0.03125 0.0 0.16015625 0.03125 0.07776988636363637 11
stats: {freemem,"tsung_controller@ip-172-31-6-161"} 1 3152.359375 0.0 3161.36328125 3152.359375 3154.834161931818 11
stats: {recvpackets,"tsung_controller@ip-172-31-6-161"} 1 2266.0 0.0 2266 401 1511.4 10
stats: {sentpackets,"tsung_controller@ip-172-31-6-161"} 1 1876.0 0.0 1876 318 1289.9 10
stats: {cpu,"tsung_controller@ip-172-31-6-161"} 1 4.715127701375246 0.0 4.715127701375246 2.465483234714004 3.5304432666053613 11
stats: session 11 22740.913130326706 3465.4150581115887 32378.2099609375 12439.951171875 21092.80276611328 100
stats: users_count 15 150
stats: finish_users_count 11 111
stats: request 356 204.16698738698202 187.32530568119284 1264.927978515625 4.346923828125 83.37476948178423 2527
stats: connect 15 1.8710937499999998 2.185738577345609 113.401123046875 0.551025390625 3.293704788773148 135
stats: page 356 204.16698738698202 187.32530568119284 1264.927978515625 4.346923828125 83.37476948178423 2527
stats: 302 16 149
stats: 200 340 2734
stats: size_rcv 1773952 14279606
stats: newphase 0 1
stats: size_sent 169090 1351206
stats: connected 4 39
# stats: dump at 1480591283
stats: users 31 40
stats: {load,"tsung_controller@ip-172-31-6-161"} 1 0.01953125 0.0 0.16015625 0.01953125 0.07389322916666667 12
stats: {freemem,"tsung_controller@ip-172-31-6-161"} 1 3151.5390625 0.0 3161.36328125 3151.5390625 3154.6279296875 12
stats: {recvpackets,"tsung_controller@ip-172-31-6-161"} 1 2658.0 0.0 2658 401 1580.0 11
stats: {sentpackets,"tsung_controller@ip-172-31-6-161"} 1 2228.0 0.0 2228 318 1343.1818181818182 11
stats: {cpu,"tsung_controller@ip-172-31-6-161"} 1 5.37109375 0.0 5.37109375 2.465483234714004 3.6291669695028514 12
stats: session 20 22411.197900390624 3667.2585003496592 32378.2099609375 12439.951171875 21256.12901842272 111
stats: users_count 12 162
stats: finish_users_count 20 131
stats: request 343 116.41014842041723 149.25363936765862 1530.260009765625 4.346923828125 98.29049253910314 2883
stats: connect 12 3.5643513997395835 3.2926186125547425 113.401123046875 0.551025390625 3.1514436848958334 150
stats: page 343 116.41014842041723 149.25363936765862 1530.260009765625 4.346923828125 98.29049253910314 2883
stats: 302 11 160
stats: 200 334 3068
stats: size_rcv 1729716 16009322
stats: newphase 1 2
stats: size_sent 161023 1512229
stats: connected -8 31
# stats: dump at 1480591293
stats: users 44 44
stats: {load,"tsung_controller@ip-172-31-6-161"} 1 0.01953125 0.0 0.16015625 0.01953125 0.06971153846153846 13
stats: {freemem,"tsung_controller@ip-172-31-6-161"} 1 3150.8359375 0.0 3161.36328125 3150.8359375 3154.390324519231 13
stats: {recvpackets,"tsung_controller@ip-172-31-6-161"} 1 2227.0 0.0 2658 401 1669.8333333333333 12
stats: {sentpackets,"tsung_controller@ip-172-31-6-161"} 1 1814.0 0.0 2228 318 1416.9166666666667 12
stats: {cpu,"tsung_controller@ip-172-31-6-161"} 1 4.621435594886923 0.0 5.37109375 2.465483234714004 3.7631613372334014 13
stats: session 12 22351.351338704426 3998.032362177784 32378.2099609375 12439.951171875 21432.47541261629 131
stats: users_count 25 187
stats: finish_users_count 12 143
stats: request 304 226.8009539152447 251.77718481033912 1530.260009765625 4.346923828125 100.21703995611826 3226
stats: connect 25 2.45369140625 2.9814944110864676 113.401123046875 0.551025390625 3.182029441550926 162
stats: page 304 226.8009539152447 251.77718481033912 1530.260009765625 4.346923828125 100.21703995611826 3226
stats: 302 22 182
stats: 200 281 3349
stats: size_rcv 1478289 17487611
stats: newphase 0 2
stats: size_sent 144167 1656396
stats: connected 13 44
# stats: dump at 1480591303
stats: users 52 52
stats: {load,"tsung_controller@ip-172-31-6-161"} 1 0.01953125 0.0 0.16015625 0.01953125 0.06612723214285714 14
stats: {freemem,"tsung_controller@ip-172-31-6-161"} 1 3151.328125 0.0 3161.36328125 3150.8359375 3154.1364397321427 14
stats: {recvpackets,"tsung_controller@ip-172-31-6-161"} 1 2137.0 0.0 2658 401 1712.6923076923076 13
stats: {sentpackets,"tsung_controller@ip-172-31-6-161"} 1 1752.0 0.0 2228 318 1447.4615384615386 13
stats: {cpu,"tsung_controller@ip-172-31-6-161"} 1 4.808635917566241 0.0 5.37109375 2.465483234714004 3.8244666413515103 14
stats: session 11 24202.85664506392 4353.9764171959 32981.35498046875 12439.951171875 21509.583881938375 143
stats: users_count 19 206
stats: finish_users_count 11 154
stats: request 352 452.6787109375 239.50233409217236 2063.027099609375 4.346923828125 111.11831753220166 3530
stats: connect 19 3.3095703125 3.7671575591250246 113.401123046875 0.551025390625 3.084658046457219 187
stats: page 352 452.6787109375 239.50233409217236 2063.027099609375 4.346923828125 111.11831753220166 3530
stats: 302 20 202
stats: 200 331 3680
stats: size_rcv 1735218 19222829
stats: newphase 0 2
stats: size_sent 166063 1822459
stats: connected 8 52
# stats: dump at 1480591313
stats: users 60 60
stats: {load,"tsung_controller@ip-172-31-6-161"} 1 0.01171875 0.0 0.16015625 0.01171875 0.06302083333333333 15
stats: {freemem,"tsung_controller@ip-172-31-6-161"} 1 3149.40234375 0.0 3161.36328125 3149.40234375 3153.94921875 15
stats: {recvpackets,"tsung_controller@ip-172-31-6-161"} 1 2494.0 0.0 2658 401 1743.0 14
stats: {sentpackets,"tsung_controller@ip-172-31-6-161"} 1 2097.0 0.0 2228 318 1469.2142857142858 14
stats: {cpu,"tsung_controller@ip-172-31-6-161"} 1 5.744888023369036 0.0 5.744888023369036 2.465483234714004 3.8900779264324923 15
stats: session 13 27010.18659855769 3478.938842762866 33318.781005859375 12439.951171875 21701.960507875912 154
stats: users_count 21 227
stats: finish_users_count 13 167
stats: request 348 617.6260607489221 233.94226284678533 2063.027099609375 4.346923828125 142.08927540924057 3882
stats: connect 21 2.8460286458333335 2.6273837590528224 113.401123046875 0.551025390625 3.1054023816747574 206
stats: page 348 617.6260607489221 233.94226284678533 2063.027099609375 4.346923828125 142.08927540924057 3882
stats: 302 19 221
stats: 200 329 4009
stats: size_rcv 1718022 20940851
stats: newphase 0 2
stats: size_sent 167507 1989966
stats: connected 8 60
# stats: dump at 1480591323
stats: users 74 74
stats: {load,"tsung_controller@ip-172-31-6-161"} 1 0.01171875 0.0 0.16015625 0.01171875 0.059814453125 16
stats: {freemem,"tsung_controller@ip-172-31-6-161"} 1 3147.8359375 0.0 3161.36328125 3147.8359375 3153.6650390625 16
stats: {recvpackets,"tsung_controller@ip-172-31-6-161"} 1 2488.0 0.0 2658 401 1793.0666666666666 15
stats: {sentpackets,"tsung_controller@ip-172-31-6-161"} 1 2136.0 0.0 2228 318 1511.0666666666666 15
stats: {cpu,"tsung_controller@ip-172-31-6-161"} 1 5.288932419196866 0.0 5.744888023369036 2.465483234714004 4.006003557491026 16
stats: session 11 30607.461647727272 2467.2811920454756 34910.587158203125 12439.951171875 22115.175712539763 167
stats: users_count 25 252
stats: finish_users_count 11 178
stats: request 326 1012.2569370386794 253.7955301794495 2164.992919921875 4.346923828125 181.21145065704414 4230
stats: connect 25 2.803525390625 3.0733267583556048 113.401123046875 0.551025390625 3.0814074545704844 227
stats: page 326 1012.2569370386794 253.7955301794495 2164.992919921875 4.346923828125 181.21145065704414 4230
stats: 302 21 242
stats: 200 305 4314
stats: size_rcv 1597214 22538065
stats: newphase 0 2
stats: size_sent 161199 2151165
stats: connected 14 74
# stats: dump at 1480591333
stats: users 85 88
stats: {load,"tsung_controller@ip-172-31-6-161"} 1 0.01171875 0.0 0.16015625 0.01171875 0.05698529411764706 17
stats: {freemem,"tsung_controller@ip-172-31-6-161"} 1 3145.90625 0.0 3161.36328125 3145.90625 3153.322150735294 17
stats: {recvpackets,"tsung_controller@ip-172-31-6-161"} 1 2289.0 0.0 2658 401 1836.5 16
stats: {sentpackets,"tsung_controller@ip-172-31-6-161"} 1 1957.0 0.0 2228 318 1550.125 16
stats: {cpu,"tsung_controller@ip-172-31-6-161"} 1 4.3478260869565215 0.0 5.744888023369036 2.465483234714004 4.081469961120781 17
stats: session 7 38081.44660295759 2672.717789814176 43194.381103515625 12439.951171875 22639.979899545735 178
stats: users_count 18 270
stats: finish_users_count 7 185
stats: request 325 1572.954491436298 276.7241108139675 2751.264892578125 4.346923828125 240.67607501183193 4556
stats: connect 18 1.9466010199652777 2.7442399420580634 113.401123046875 0.54296875 3.0538397894965277 252
stats: page 325 1572.954491436298 276.7241108139675 2751.264892578125 4.346923828125 240.67607501183193 4556
stats: 302 23 265
stats: 200 302 4616
stats: size_rcv 1581097 24119162
stats: newphase 0 2
stats: size_sent 156670 2307835
stats: connected 11 85
# stats: dump at 1480591343
stats: users 94 95
stats: {load,"tsung_controller@ip-172-31-6-161"} 1 0.08984375 0.0 0.16015625 0.01171875 0.05447048611111111 18
stats: {freemem,"tsung_controller@ip-172-31-6-161"} 1 3143.22265625 0.0 3161.36328125 3143.22265625 3152.91015625 18
stats: {recvpackets,"tsung_controller@ip-172-31-6-161"} 1 2398.0 0.0 2658 401 1863.1176470588234 17
stats: {sentpackets,"tsung_controller@ip-172-31-6-161"} 1 2059.0 0.0 2228 318 1574.0588235294117 17
stats: {cpu,"tsung_controller@ip-172-31-6-161"} 1 5.653021442495127 0.0 5.744888023369036 2.465483234714004 4.096267523667211 18
stats: session 13 41541.40792142428 2702.507925070915 46693.925048828125 12439.951171875 23224.251612647804 185
stats: users_count 22 292
stats: finish_users_count 13 198
stats: request 396 1205.4324309994483 379.7101660323911 2751.264892578125 4.346923828125 329.3854553310189 4881
stats: connect 20 1.8293212890625 2.0893307249026405 113.401123046875 0.54296875 2.9800238715277776 270
stats: page 396 1205.4324309994483 379.7101660323911 2751.264892578125 4.346923828125 329.3854553310189 4881
stats: 302 13 278
stats: 200 384 5000
stats: size_rcv 2002724 26121886
stats: newphase 1 3
stats: size_sent 182441 2490276
stats: connected 8 93
# stats: dump at 1480591353
stats: users 125 125
stats: {load,"tsung_controller@ip-172-31-6-161"} 1 0.0703125 0.0 0.16015625 0.01171875 0.05633223684210526 19
stats: {freemem,"tsung_controller@ip-172-31-6-161"} 1 3141.625 0.0 3161.36328125 3141.625 3152.4002878289475 19
stats: {recvpackets,"tsung_controller@ip-172-31-6-161"} 1 2623.0 0.0 2658 401 1892.8333333333333 18
stats: {sentpackets,"tsung_controller@ip-172-31-6-161"} 1 2331.0 0.0 2331 318 1601.0 18
stats: {cpu,"tsung_controller@ip-172-31-6-161"} 1 5.31496062992126 0.0 5.744888023369036 2.465483234714004 4.178201940447628 19
stats: session 7 49841.67051478795 2793.445332329752 54423.15283203125 12439.951171875 24426.893188476563 198
stats: users_count 38 330
stats: finish_users_count 7 205
stats: request 287 2437.7640393619336 635.3421938250178 4144.574951171875 4.346923828125 395.12633127657466 5277
stats: connect 39 2.6435046073717943 2.5350710180508704 113.401123046875 0.51513671875 2.900665072737069 290
stats: page 287 2437.7640393619336 635.3421938250178 4144.574951171875 4.346923828125 395.12633127657466 5277
stats: 302 28 306
stats: 200 261 5261
stats: size_rcv 1364163 27486049
stats: newphase 0 3
stats: size_sent 153121 2643397
stats: connected 31 124
# stats: dump at 1480591363
stats: users 149 149
stats: {load,"tsung_controller@ip-172-31-6-161"} 1 0.05859375 0.0 0.16015625 0.01171875 0.05703125 20
stats: {freemem,"tsung_controller@ip-172-31-6-161"} 1 3138.2109375 0.0 3161.36328125 3138.2109375 3151.8615234375 20
stats: {recvpackets,"tsung_controller@ip-172-31-6-161"} 1 2134.0 0.0 2658 401 1931.2631578947369 19
stats: {sentpackets,"tsung_controller@ip-172-31-6-161"} 1 1835.0 0.0 2331 318 1639.421052631579 19
stats: {cpu,"tsung_controller@ip-172-31-6-161"} 1 4.921259842519685 0.0 5.744888023369036 2.465483234714004 4.235039874921309 20
stats: session 11 50159.02991832386 3151.762190210853 55728.0087890625 12439.951171875 25294.714853277437 205
stats: users_count 35 365
stats: finish_users_count 11 216
stats: request 395 2535.038657041139 1788.5361332755494 5259.964111328125 0.55712890625 500.4888442565348 5564
stats: connect 36 2.674736870659722 2.9969788084254514 113.401123046875 0.51513671875 2.8701810054141337 329
stats: page 395 2535.038657041139 1788.5361332755494 5259.964111328125 0.55712890625 500.4888442565348 5564
stats: 302 31 337
stats: 200 234 5495
stats: size_rcv 1307252 28793301
stats: newphase 0 3
stats: size_sent 175739 2819136
stats: connected 25 149
stats: 503 127 127
# stats: dump at 1480591373
stats: users 174 174
stats: {load,"tsung_controller@ip-172-31-6-161"} 1 0.12890625 0.0 0.16015625 0.01171875 0.05710565476190476 21
stats: {freemem,"tsung_controller@ip-172-31-6-161"} 1 3135.98046875 0.0 3161.36328125 3135.98046875 3151.211495535714 21
stats: {recvpackets,"tsung_controller@ip-172-31-6-161"} 1 2079.0 0.0 2658 401 1941.4 20
stats: {sentpackets,"tsung_controller@ip-172-31-6-161"} 1 1943.0 0.0 2331 318 1649.2 20
stats: {cpu,"tsung_controller@ip-172-31-6-161"} 1 6.1284046692607 0.0 6.1284046692607 2.465483234714004 4.267717016235518 21
stats: session 16 55703.93257141113 4101.46262157258 62655.7451171875 12439.951171875 26560.953120478876 216
stats: users_count 41 406
stats: finish_users_count 16 232
stats: request 607 1857.300185981258 1820.6655958472272 5274.692138671875 0.5419921875 635.3516024458146 5959
stats: connect 41 2.738590891768293 3.248569043794252 113.401123046875 0.511962890625 2.850904323630137 365
stats: page 607 1857.300185981258 1820.6655958472272 5274.692138671875 0.5419921875 635.3516024458146 5959
stats: 302 23 360
stats: 200 291 5786
stats: size_rcv 1674789 30468090
stats: newphase 0 3
stats: size_sent 265997 3085133
stats: connected 25 174
stats: 503 293 420
# stats: dump at 1480591383
stats: users 188 189
stats: {load,"tsung_controller@ip-172-31-6-161"} 1 0.109375 0.0 0.16015625 0.01171875 0.060369318181818184 22
stats: {freemem,"tsung_controller@ip-172-31-6-161"} 1 3134.3828125 0.0 3161.36328125 3134.3828125 3150.5191761363635 22
stats: {recvpackets,"tsung_controller@ip-172-31-6-161"} 1 2835.0 0.0 2835 401 1947.952380952381 21
stats: {sentpackets,"tsung_controller@ip-172-31-6-161"} 1 2746.0 0.0 2746 318 1663.1904761904761 21
stats: {cpu,"tsung_controller@ip-172-31-6-161"} 1 7.8125 0.0 7.8125 2.465483234714004 4.3522937277366625 22
stats: session 19 58375.48545435855 4331.64398450747 66522.38403320313 12439.951171875 28570.81377226731 232
stats: users_count 33 439
stats: finish_users_count 19 251
stats: request 804 1306.4926736556476 1651.0319766187627 5274.692138671875 0.527099609375 748.3157800586708 6566
stats: connect 33 2.436774976325758 2.5729810166960028 113.401123046875 0.511962890625 2.8395623268165027 406
stats: page 804 1306.4926736556476 1651.0319766187627 5274.692138671875 0.527099609375 748.3157800586708 6566
stats: 302 21 381
stats: 200 289 6075
stats: size_rcv 1767407 32235497
stats: newphase 0 3
stats: size_sent 353913 3439046
stats: connected 14 188
stats: 503 494 914
# stats: dump at 1480591393
stats: users 201 202
stats: {load,"tsung_controller@ip-172-31-6-161"} 1 0.08984375 0.0 0.16015625 0.01171875 0.0625 23
stats: {freemem,"tsung_controller@ip-172-31-6-161"} 1 3132.54296875 0.0 3161.36328125 3132.54296875 3149.8175951086955 23
stats: {recvpackets,"tsung_controller@ip-172-31-6-161"} 1 3152.0 0.0 3152 401 1988.2727272727273 22
stats: {sentpackets,"tsung_controller@ip-172-31-6-161"} 1 3088.0 0.0 3088 318 1712.409090909091 22
stats: {cpu,"tsung_controller@ip-172-31-6-161"} 1 9.326923076923077 0.0 9.326923076923077 2.465483234714004 4.502737478704634 23
stats: session 26 55071.58291391226 9019.645764001792 68719.95703125 12439.951171875 30826.944298003298 251
stats: users_count 39 478
stats: finish_users_count 26 277
stats: request 802 1286.747859355518 1488.8899901324735 5274.692138671875 0.527099609375 809.2078048147047 7370
stats: connect 38 2.9108758223684212 2.8469540371135724 113.401123046875 0.511962890625 2.809284462201025 439
stats: page 802 1286.747859355518 1488.8899901324735 5274.692138671875 0.527099609375 809.2078048147047 7370
stats: 302 14 395
stats: 200 331 6406
stats: size_rcv 1982419 34217916
stats: newphase 0 3
stats: size_sent 354721 3793767
stats: connected 13 201
stats: 503 457 1371
# stats: dump at 1480591403
stats: users 207 213
stats: {load,"tsung_controller@ip-172-31-6-161"} 1 0.078125 0.0 0.16015625 0.01171875 0.06363932291666667 24
stats: {freemem,"tsung_controller@ip-172-31-6-161"} 1 3131.67578125 0.0 3161.36328125 3131.67578125 3149.0978190104165 24
stats: {recvpackets,"tsung_controller@ip-172-31-6-161"} 1 3306.0 0.0 3306 401 2038.8695652173913 23
stats: {sentpackets,"tsung_controller@ip-172-31-6-161"} 1 3316.0 0.0 3316 318 1772.2173913043478 23
stats: {cpu,"tsung_controller@ip-172-31-6-161"} 1 10.144927536231885 0.0 10.144927536231885 2.465483234714004 4.703745211963736 24
stats: session 39 50337.97873472556 10574.844583008395 74660.57592773438 12439.951171875 33102.614348594034 277
stats: users_count 45 523
stats: finish_users_count 39 316
stats: request 1095 982.2280775096316 1419.2502465919347 5274.692138671875 0.527099609375 856.0735810924496 8172
stats: connect 46 5.122537364130435 5.626131584268489 113.401123046875 0.511962890625 2.8173776942479036 477
stats: page 1095 982.2280775096316 1419.2502465919347 5274.692138671875 0.527099609375 856.0735810924496 8172
stats: 302 17 412
stats: 200 341 6747
stats: size_rcv 2188478 36406394
stats: newphase 1 4
stats: size_sent 456326 4250093
stats: connected 10 211
stats: 503 737 2108
# stats: dump at 1480591413
stats: users 214 218
stats: {load,"tsung_controller@ip-172-31-6-161"} 1 0.05859375 0.0 0.16015625 0.01171875 0.06421875 25
stats: {freemem,"tsung_controller@ip-172-31-6-161"} 1 3131.3203125 0.0 3161.36328125 3131.3203125 3148.4009375 25
stats: {recvpackets,"tsung_controller@ip-172-31-6-161"} 1 3791.0 0.0 3791 401 2091.6666666666665 24
stats: {sentpackets,"tsung_controller@ip-172-31-6-161"} 1 4016.0 0.0 4016 318 1836.5416666666667 24
stats: {cpu,"tsung_controller@ip-172-31-6-161"} 1 11.67953667953668 0.0 11.67953667953668 2.465483234714004 4.921392504934462 25
stats: session 57 50464.687183045506 10318.555073709564 74660.57592773438 12439.951171875 35229.763750679886 316
stats: users_count 64 587
stats: finish_users_count 57 373
stats: request 1159 889.0378066187178 1325.5073410013617 5274.692138671875 0.527099609375 870.980149947183 9267
stats: connect 61 3.50092053022541 3.3821722951175133 113.401123046875 0.511962890625 3.020125963491874 523
stats: page 1159 889.0378066187178 1325.5073410013617 5274.692138671875 0.527099609375 870.980149947183 9267
stats: 302 19 431
stats: 200 343 7090
stats: size_rcv 2247031 38653425
stats: newphase 0 4
stats: size_sent 479094 4729187
stats: connected 1 212
stats: 503 797 2905
# stats: dump at 1480591423
stats: users 214 218
stats: {load,"tsung_controller@ip-172-31-6-161"} 1 0.12890625 0.0 0.16015625 0.01171875 0.06400240384615385 26
stats: {freemem,"tsung_controller@ip-172-31-6-161"} 1 3130.91796875 0.0 3161.36328125 3130.91796875 3147.7439903846152 26
stats: {recvpackets,"tsung_controller@ip-172-31-6-161"} 1 3728.0 0.0 3791 401 2159.64 25
stats: {sentpackets,"tsung_controller@ip-172-31-6-161"} 1 3991.0 0.0 4016 318 1923.72 25
stats: {cpu,"tsung_controller@ip-172-31-6-161"} 1 12.36816874400767 0.0 12.36816874400767 2.465483234714004 5.181321127034547 26
stats: session 58 46496.40140086207 11400.92728869228 74660.57592773438 12439.951171875 37557.88877921833 373
stats: users_count 58 645
stats: finish_users_count 58 431
stats: request 1151 941.3219147921644 1439.6926187947092 5274.692138671875 0.527099609375 872.9875184568999 10426
stats: connect 56 3.8774326869419657 3.5720685120607327 113.401123046875 0.511962890625 3.070345943921233 584
stats: page 1151 941.3219147921644 1439.6926187947092 5274.692138671875 0.527099609375 872.9875184568999 10426
stats: 302 23 454
stats: 200 323 7413
stats: size_rcv 2153710 40807135
stats: newphase 0 4
stats: size_sent 479810 5208997
stats: connected 0 212
stats: 503 805 3710
# stats: dump at 1480591433
stats: users 219 224
stats: {load,"tsung_controller@ip-172-31-6-161"} 1 0.19140625 0.0 0.19140625 0.01171875 0.06640625000000001 27
stats: {freemem,"tsung_controller@ip-172-31-6-161"} 1 3130.94140625 0.0 3161.36328125 3130.91796875 3147.1208043981483 27
stats: {recvpackets,"tsung_controller@ip-172-31-6-161"} 1 3893.0 0.0 3893 401 2219.9615384615386 26
stats: {sentpackets,"tsung_controller@ip-172-31-6-161"} 1 4138.0 0.0 4138 318 2003.2307692307693 26
stats: {cpu,"tsung_controller@ip-172-31-6-161"} 1 12.4282982791587 0.0 12.4282982791587 2.465483234714004 5.447500668403922 27
stats: session 44 42046.51005415482 9171.73422857053 74660.57592773438 12439.951171875 38760.7512665857 431
stats: users_count 49 694
stats: finish_users_count 44 475
stats: request 1253 855.4953260612033 1355.0514158772432 5274.692138671875 0.52490234375 879.781410672663 11577
stats: connect 54 2.3136393229166665 2.6184167036649497 113.401123046875 0.4951171875 3.140966033935547 640
stats: page 1253 855.4953260612033 1355.0514158772432 5274.692138671875 0.52490234375 879.781410672663 11577
stats: 302 27 481
stats: 200 331 7744
stats: size_rcv 2244668 43051803
stats: newphase 0 4
stats: size_sent 528007 5737004
stats: connected 8 220
stats: 503 895 4605
# stats: dump at 1480591443
stats: users 214 224
stats: {load,"tsung_controller@ip-172-31-6-161"} 1 0.16015625 0.0 0.19140625 0.01171875 0.07087053571428573 28
stats: {freemem,"tsung_controller@ip-172-31-6-161"} 1 3129.9453125 0.0 3161.36328125 3129.9453125 3146.54296875 28
stats: {recvpackets,"tsung_controller@ip-172-31-6-161"} 1 4034.0 0.0 4034 401 2281.925925925926 27
stats: {sentpackets,"tsung_controller@ip-172-31-6-161"} 1 4355.0 0.0 4355 318 2082.296296296296 27
stats: {cpu,"tsung_controller@ip-172-31-6-161"} 1 12.631578947368421 0.0 12.631578947368421 2.465483234714004 5.696814868788022 28
stats: session 62 38899.59174568421 7795.748846566575 74660.57592773438 12439.951171875 39065.116291118415 475
stats: users_count 57 751
stats: finish_users_count 62 537
stats: request 1172 883.2471694685901 1233.1363295200006 5274.692138671875 0.52490234375 877.4095896268205 12830
stats: connect 54 2.9061640986689827 3.20450032115576 113.401123046875 0.4951171875 3.076591909447046 694
stats: page 1172 883.2471694685901 1233.1363295200006 5274.692138671875 0.52490234375 877.4095896268205 12830
stats: 302 15 496
stats: 200 388 8132
stats: size_rcv 2489879 45541682
stats: newphase 0 4
stats: size_sent 506871 6243875
stats: connected -8 212
stats: 503 769 5374
# stats: dump at 1480591453
stats: users 223 224
stats: {load,"tsung_controller@ip-172-31-6-161"} 1 0.21875 0.0 0.21875 0.01171875 0.07394935344827588 29
stats: {freemem,"tsung_controller@ip-172-31-6-161"} 1 3129.96875 0.0 3161.36328125 3129.9453125 3145.970635775862 29
stats: {recvpackets,"tsung_controller@ip-172-31-6-161"} 1 3642.0 0.0 4034 401 2344.5 28
stats: {sentpackets,"tsung_controller@ip-172-31-6-161"} 1 3974.0 0.0 4355 318 2163.4642857142853 28
stats: {cpu,"tsung_controller@ip-172-31-6-161"} 1 11.950286806883364 0.0 12.631578947368421 2.465483234714004 5.935944664601139 29
stats: session 56 39340.18181065151 9909.108924711263 81129.15307617188 12439.951171875 39046.005449746124 537
stats: users_count 65 816
stats: finish_users_count 56 593
stats: request 1213 910.2846808500357 1404.811405947037 5274.692138671875 0.52490234375 877.8982086508566 14002
stats: connect 66 2.8952192826704546 3.5133708925144806 113.401123046875 0.485107421875 3.064288297439004 748
stats: page 1213 910.2846808500357 1404.811405947037 5274.692138671875 0.52490234375 877.8982086508566 14002
stats: 302 25 521
stats: 200 340 8472
stats: size_rcv 2261709 47803391
stats: newphase 0 4
stats: size_sent 497420 6741295
stats: connected 11 223
stats: 503 849 6223
# stats: dump at 1480591463
stats: users 280 280
stats: {load,"tsung_controller@ip-172-31-6-161"} 1 0.1796875 0.0 0.21875 0.01171875 0.07877604166666669 30
stats: {freemem,"tsung_controller@ip-172-31-6-161"} 1 3129.75390625 0.0 3161.36328125 3129.75390625 3145.4372395833334 30
stats: {recvpackets,"tsung_controller@ip-172-31-6-161"} 1 4066.0 0.0 4066 401 2389.2413793103447 29
stats: {sentpackets,"tsung_controller@ip-172-31-6-161"} 1 4514.0 0.0 4514 318 2225.896551724137 29
stats: {cpu,"tsung_controller@ip-172-31-6-161"} 1 13.601532567049809 0.0 13.601532567049809 2.465483234714004 6.136422736010545 30
stats: session 43 40495.45071765989 6452.866438421345 81129.15307617188 12439.951171875 39073.78601671189 593
stats: users_count 100 916
stats: finish_users_count 43 636
stats: request 1581 651.0798086592247 1233.0834707939734 5274.692138671875 0.52490234375 880.4801863555957 15215
stats: connect 97 3.112430533182991 3.3387729782386293 113.401123046875 0.47607421875 3.0505799989442566 814
stats: page 1581 651.0798086592247 1233.0834707939734 5274.692138671875 0.52490234375 880.4801863555957 15215
stats: 302 22 543
stats: 200 320 8792
stats: size_rcv 2343600 50146991
stats: newphase 1 5
stats: size_sent 599448 7340743
stats: connected 53 276
stats: 503 1239 7462
# stats: dump at 1480591473
stats: users 317 325
stats: {load,"tsung_controller@ip-172-31-6-161"} 1 0.1484375 0.0 0.21875 0.01171875 0.08203125000000001 31
stats: {freemem,"tsung_controller@ip-172-31-6-161"} 1 3124.91015625 0.0 3161.36328125 3124.91015625 3144.9313256048385 31
stats: {recvpackets,"tsung_controller@ip-172-31-6-161"} 1 4815.0 0.0 4815 401 2445.133333333333 30
stats: {sentpackets,"tsung_controller@ip-172-31-6-161"} 1 5615.0 0.0 5615 318 2302.1666666666656 30
stats: {cpu,"tsung_controller@ip-172-31-6-161"} 1 17.69157994323557 0.0 17.69157994323557 2.465483234714004 6.377232730560199 31
stats: session 70 39216.02256556919 8833.968239827009 81129.15307617188 12439.951171875 39169.90485655586 636
stats: users_count 107 1023
stats: finish_users_count 70 706
stats: request 2039 532.5554571596053 1119.280624714178 5274.692138671875 0.51611328125 858.8868309651479 16796
stats: connect 109 3.4992407002580275 3.225936542908752 113.401123046875 0.47607421875 3.0571656211409164 911
stats: page 2039 532.5554571596053 1119.280624714178 5274.692138671875 0.51611328125 858.8868309651479 16796
stats: 302 20 563
stats: 200 354 9146
stats: size_rcv 2746384 52893375
stats: newphase 0 5
stats: size_sent 762312 8103055
stats: connected 47 323
stats: 503 1664 9126
# stats: dump at 1480591483
stats: users 325 329
stats: {load,"tsung_controller@ip-172-31-6-161"} 1 0.12890625 0.0 0.21875 0.01171875 0.08410644531250001 32
stats: {freemem,"tsung_controller@ip-172-31-6-161"} 1 3123.28515625 0.0 3161.36328125 3123.28515625 3144.3056640625 32
stats: {recvpackets,"tsung_controller@ip-172-31-6-161"} 1 5290.0 0.0 5290 401 2521.5806451612902 31
stats: {sentpackets,"tsung_controller@ip-172-31-6-161"} 1 6535.0 0.0 6535 318 2409.032258064515 31
stats: {cpu,"tsung_controller@ip-172-31-6-161"} 1 21.027592768791628 0.0 21.027592768791628 2.465483234714004 6.730806080956305 32
stats: session 105 33111.371398344476 8768.535763485272 81129.15307617188 12439.951171875 39174.47743393679 706
stats: users_count 113 1136
stats: finish_users_count 105 811
stats: request 2450 468.45209821428574 1107.6373414811228 5274.692138671875 0.51611328125 823.5595322558565 18835
stats: connect 114 3.366290176123904 3.4516495647211527 113.401123046875 0.47607421875 3.1044069776348038 1020
stats: page 2450 468.45209821428574 1107.6373414811228 5274.692138671875 0.51611328125 823.5595322558565 18835
stats: 302 22 585
stats: 200 343 9489
stats: size_rcv 2896021 55789396
stats: newphase 0 5
stats: size_sent 900552 9003607
stats: connected 3 326
stats: 503 2087 11213
# stats: dump at 1480591493
stats: users 328 337
stats: {load,"tsung_controller@ip-172-31-6-161"} 1 0.1796875 0.0 0.21875 0.01171875 0.08546401515151517 33
stats: {freemem,"tsung_controller@ip-172-31-6-161"} 1 3121.15625 0.0 3161.36328125 3121.15625 3143.6686789772725 33
stats: {recvpackets,"tsung_controller@ip-172-31-6-161"} 1 5821.0 0.0 5821 401 2608.09375 32
stats: {sentpackets,"tsung_controller@ip-172-31-6-161"} 1 6901.0 0.0 6901 318 2537.968749999999 32
stats: {cpu,"tsung_controller@ip-172-31-6-161"} 1 21.047708138447145 0.0 21.047708138447145 2.465483234714004 7.164042041193739 33
stats: session 97 31410.51563255074 7524.748054513105 81129.15307617188 12439.951171875 38389.48836644333 811
stats: users_count 100 1236
stats: finish_users_count 97 908
stats: request 2330 451.57918182504005 989.1785093896855 5274.692138671875 0.51611328125 782.6850566438364 21285
stats: connect 99 3.521126795296717 3.4810277189124035 113.401123046875 0.47607421875 3.130733860022597 1134
stats: page 2330 451.57918182504005 989.1785093896855 5274.692138671875 0.51611328125 782.6850566438364 21285
stats: 302 18 603
stats: 200 371 9860
stats: size_rcv 2982708 58772104
stats: newphase 0 5
stats: size_sent 862334 9865941
stats: connected -1 325
stats: 503 1940 13153
# stats: dump at 1480591503
stats: users 310 337
stats: {load,"tsung_controller@ip-172-31-6-161"} 1 0.23828125 0.0 0.23828125 0.01171875 0.08823529411764708 34
stats: {freemem,"tsung_controller@ip-172-31-6-161"} 1 3120.4375 0.0 3161.36328125 3120.4375 3143.006548713235 34
stats: {recvpackets,"tsung_controller@ip-172-31-6-161"} 1 6160.0 0.0 6160 401 2705.4545454545455 33
stats: {sentpackets,"tsung_controller@ip-172-31-6-161"} 1 7187.0 0.0 7187 318 2670.181818181817 33
stats: {cpu,"tsung_controller@ip-172-31-6-161"} 1 21.28666035950804 0.0 21.28666035950804 2.465483234714004 7.572385161701192 34
stats: session 110 29739.665569513494 6687.180445225446 81129.15307617188 12439.951171875 37643.93731447463 908
stats: users_count 92 1328
stats: finish_users_count 110 1018
stats: request 2311 435.1210524436458 979.6924465690339 5274.692138671875 0.51611328125 750.0161306083592 23615
stats: connect 93 3.208981749831989 3.275697566350606 113.401123046875 0.47607421875 3.1620792781832927 1233
stats: page 2311 435.1210524436458 979.6924465690339 5274.692138671875 0.51611328125 750.0161306083592 23615
stats: 302 16 619
stats: 200 358 10218
stats: size_rcv 2917932 61690036
stats: newphase 0 5
stats: size_sent 880918 10746859
stats: connected -11 314
stats: 503 1936 15089
# stats: dump at 1480591513
stats: users 299 337
stats: {load,"tsung_controller@ip-172-31-6-161"} 1 0.19921875 0.0 0.23828125 0.01171875 0.09252232142857146 35
stats: {freemem,"tsung_controller@ip-172-31-6-161"} 1 3120.453125 0.0 3161.36328125 3120.4375 3142.36171875 35
stats: {recvpackets,"tsung_controller@ip-172-31-6-161"} 1 5198.0 0.0 6160 401 2807.0588235294117 34
stats: {sentpackets,"tsung_controller@ip-172-31-6-161"} 1 6550.0 0.0 7187 318 2803.029411764705 34
stats: {cpu,"tsung_controller@ip-172-31-6-161"} 1 20.585457979225687 0.0 21.28666035950804 2.465483234714004 7.964221595924245 35
stats: session 115 29860.669412364132 6894.858808493273 81129.15307617188 12439.951171875 36789.84115342775 1018
stats: users_count 104 1432
stats: finish_users_count 115 1133
stats: request 2238 529.0562362329995 1182.471003785737 5274.692138671875 0.51611328125 721.9469133886319 25926
stats: connect 103 3.2879721632281553 3.259469939687922 113.401123046875 0.47607421875 3.1653688180500565 1326
stats: page 2238 529.0562362329995 1182.471003785737 5274.692138671875 0.51611328125 721.9469133886319 25926
stats: 302 25 644
stats: 200 345 10563
stats: size_rcv 2805882 64495918
stats: newphase 0 5
stats: size_sent 821388 11568247
stats: connected -17 297
stats: 503 1869 16958
# stats: dump at 1480591523
stats: users 325 337
stats: {load,"tsung_controller@ip-172-31-6-161"} 1 0.171875 0.0 0.23828125 0.01171875 0.09548611111111115 36
stats: {freemem,"tsung_controller@ip-172-31-6-161"} 1 3120.29296875 0.0 3161.36328125 3120.29296875 3141.7531467013887 36
stats: {recvpackets,"tsung_controller@ip-172-31-6-161"} 1 5287.0 0.0 6160 401 2875.3714285714286 35
stats: {sentpackets,"tsung_controller@ip-172-31-6-161"} 1 6383.0 0.0 7187 318 2910.0857142857135 35
stats: {cpu,"tsung_controller@ip-172-31-6-161"} 1 19.54242135367016 0.0 21.28666035950804 2.465483234714004 8.314811495460397 36
stats: session 92 31645.438986073368 6048.220482461016 81129.15307617188 12439.951171875 36086.52716382288 1133
stats: users_count 118 1550
stats: finish_users_count 92 1225
stats: request 2074 507.04886591146976 1039.6913485360735 5274.692138671875 0.51611328125 706.6192136487402 28164
stats: connect 120 2.7425577799479157 3.132519842286827 113.401123046875 0.47607421875 3.174205868122376 1429
stats: page 2074 507.04886591146976 1039.6913485360735 5274.692138671875 0.51611328125 706.6192136487402 28164
stats: 302 17 661
stats: 200 374 10937
stats: size_rcv 2874690 67370608
stats: newphase 1 6
stats: size_sent 777996 12346243
stats: connected 28 325
stats: 503 1683 18641
# stats: dump at 1480591533
stats: users 380 384
stats: {load,"tsung_controller@ip-172-31-6-161"} 1 0.2890625 0.0 0.2890625 0.01171875 0.09755067567567571 37
stats: {freemem,"tsung_controller@ip-172-31-6-161"} 1 3119.2578125 0.0 3161.36328125 3119.2578125 3141.173141891892 37
stats: {recvpackets,"tsung_controller@ip-172-31-6-161"} 1 5939.0 0.0 6160 401 2942.3611111111113 36
stats: {sentpackets,"tsung_controller@ip-172-31-6-161"} 1 7202.0 0.0 7202 318 3006.5555555555547 36
stats: {cpu,"tsung_controller@ip-172-31-6-161"} 1 21.54280338664158 0.0 21.54280338664158 2.465483234714004 8.618260410547146 37
stats: session 95 31074.624403782895 7209.549032261482 81129.15307617188 12439.951171875 35752.99237822863 1225
stats: users_count 150 1700
stats: finish_users_count 95 1320
stats: request 2704 401.8466361683498 1028.36578083899 5274.692138671875 0.513916015625 692.9308446690756 30238
stats: connect 150 3.28244140625 3.2669830435764418 113.401123046875 0.47607421875 3.140766377753793 1549
stats: page 2704 401.8466361683498 1028.36578083899 5274.692138671875 0.513916015625 692.9308446690756 30238
stats: 302 24 685
stats: 200 315 11252
stats: size_rcv 2882467 70253075
stats: newphase 0 6
stats: size_sent 917223 13263466
stats: connected 55 380
stats: 503 2365 21006
# stats: dump at 1480591543
stats: users 424 429
stats: {load,"tsung_controller@ip-172-31-6-161"} 1 0.328125 0.0 0.328125 0.01171875 0.10259046052631582 38
stats: {freemem,"tsung_controller@ip-172-31-6-161"} 1 3115.515625 0.0 3161.36328125 3115.515625 3140.596422697369 38
stats: {recvpackets,"tsung_controller@ip-172-31-6-161"} 1 7209.0 0.0 7209 401 3023.3513513513512 37
stats: {sentpackets,"tsung_controller@ip-172-31-6-161"} 1 8519.0 0.0 8519 318 3119.9459459459454 37
stats: {cpu,"tsung_controller@ip-172-31-6-161"} 1 27.001862197392924 0.0 27.001862197392924 2.465483234714004 8.958379962549632 38
stats: session 115 28914.240024201765 6581.731903180472 81129.15307617188 12439.951171875 35416.29165279504 1320
stats: users_count 159 1859
stats: finish_users_count 115 1435
stats: request 3152 341.3827570416598 962.9842219826152 5274.692138671875 0.51220703125 669.0375868284477 32942
stats: connect 157 3.774294324741242 4.2540210920597525 113.401123046875 0.47607421875 3.153274473265524 1699
stats: page 3152 341.3827570416598 962.9842219826152 5274.692138671875 0.51220703125 669.0375868284477 32942
stats: 302 23 708
stats: 200 300 11552
stats: size_rcv 3025284 73278359
stats: newphase 0 6
stats: size_sent 1071114 14334580
stats: connected 43 423
stats: 503 2829 23835
# stats: dump at 1480591553
stats: users 457 464
stats: {load,"tsung_controller@ip-172-31-6-161"} 1 0.3515625 0.0 0.3515625 0.01171875 0.10837339743589745 39
stats: {freemem,"tsung_controller@ip-172-31-6-161"} 1 3109.171875 0.0 3161.36328125 3109.171875 3139.953325320513 39
stats: {recvpackets,"tsung_controller@ip-172-31-6-161"} 1 7547.0 0.0 7547 401 3133.5 38
stats: {sentpackets,"tsung_controller@ip-172-31-6-161"} 1 9113.0 0.0 9113 318 3262.0263157894733 38
stats: {cpu,"tsung_controller@ip-172-31-6-161"} 1 28.438661710037177 0.0 28.438661710037177 2.465483234714004 9.421033353186639 39
stats: session 141 28308.703815866025 7207.3583587880985 81129.15307617188 12439.951171875 34895.22131322136 1435
stats: users_count 174 2033
stats: finish_users_count 141 1576
stats: request 3573 336.28406024786597 950.132417545766 5389.7060546875 0.51220703125 640.424298650691 36094
stats: connect 173 3.171674607117052 3.4927815900554036 113.401123046875 0.47607421875 3.2058068637190194 1856
stats: page 3573 336.28406024786597 950.132417545766 5389.7060546875 0.51220703125 640.424298650691 36094
stats: 302 21 729
stats: 200 330 11882
stats: size_rcv 3390206 76668565
stats: newphase 0 6
stats: size_sent 1178049 15512629
stats: connected 32 455
stats: 503 3221 27056
# stats: dump at 1480591563
stats: users 435 464
stats: {load,"tsung_controller@ip-172-31-6-161"} 1 0.30078125 0.0 0.3515625 0.01171875 0.11445312500000002 40
stats: {freemem,"tsung_controller@ip-172-31-6-161"} 1 3107.09765625 0.0 3161.36328125 3107.09765625 3139.1837890625 40
stats: {recvpackets,"tsung_controller@ip-172-31-6-161"} 1 7961.0 0.0 7961 401 3246.6666666666665 39
stats: {sentpackets,"tsung_controller@ip-172-31-6-161"} 1 9867.0 0.0 9867 318 3412.051282051282 39
stats: {cpu,"tsung_controller@ip-172-31-6-161"} 1 31.465919701213817 0.0 31.465919701213817 2.465483234714004 9.896474062107902 40
stats: session 167 27318.68027372989 6488.380692677227 81129.15307617188 11923.902099609375 34305.94531885137 1576
stats: users_count 145 2178
stats: finish_users_count 167 1743
stats: request 3505 319.3828501136773 975.6651209940522 5389.7060546875 0.5078125 613.0289052049226 39667
stats: connect 145 3.607327586206895 4.046261884440006 113.401123046875 0.47607421875 3.2028966220274766 2029
stats: page 3505 319.3828501136773 975.6651209940522 5389.7060546875 0.5078125 613.0289052049226 39667
stats: 302 27 756
stats: 200 280 12162
stats: size_rcv 3102373 79770938
stats: newphase 0 6
stats: size_sent 1138329 16650958
stats: connected -22 433
stats: 503 3198 30254
# stats: dump at 1480591573
stats: users 446 464
stats: {load,"tsung_controller@ip-172-31-6-161"} 1 0.25 0.0 0.3515625 0.01171875 0.11899771341463417 41
stats: {freemem,"tsung_controller@ip-172-31-6-161"} 1 3106.4453125 0.0 3161.36328125 3106.4453125 3138.401200457317 41
stats: {recvpackets,"tsung_controller@ip-172-31-6-161"} 1 8105.0 0.0 8105 401 3364.525 40
stats: {sentpackets,"tsung_controller@ip-172-31-6-161"} 1 9793.0 0.0 9867 318 3573.425 40
stats: {cpu,"tsung_controller@ip-172-31-6-161"} 1 29.483568075117372 0.0 31.465919701213817 2.465483234714004 10.422558102086095 41
stats: session 163 27639.76598297307 6213.036099613919 81129.15307617188 11923.902099609375 33636.4827471157 1743
stats: users_count 174 2352
stats: finish_users_count 163 1906
stats: request 3628 311.0987993637808 932.2887600485147 5389.7060546875 0.5078125 589.1886980545747 43172
stats: connect 176 2.5757335316051138 3.1965052228861626 113.401123046875 0.47607421875 3.2298710883595905 2174
stats: page 3628 311.0987993637808 932.2887600485147 5389.7060546875 0.5078125 589.1886980545747 43172
stats: 302 24 780
stats: 200 299 12461
stats: size_rcv 3256761 83027699
stats: newphase 0 6
stats: size_sent 1192552 17843510
stats: connected 12 445
stats: 503 3305 33559
# stats: dump at 1480591583
stats: users 335 464
stats: {load,"tsung_controller@ip-172-31-6-161"} 1 0.2890625 0.0 0.3515625 0.01171875 0.1221168154761905 42
stats: {freemem,"tsung_controller@ip-172-31-6-161"} 1 3105.55859375 0.0 3161.36328125 3105.55859375 3137.6403459821427 42
stats: {recvpackets,"tsung_controller@ip-172-31-6-161"} 1 7754.0 0.0 8105 401 3480.1463414634145 41
stats: {sentpackets,"tsung_controller@ip-172-31-6-161"} 1 9726.0 0.0 9867 318 3725.121951219512 41
stats: {cpu,"tsung_controller@ip-172-31-6-161"} 1 30.402245088868103 0.0 31.465919701213817 2.465483234714004 10.876391672872554 42
stats: session 158 26782.343063933928 5890.155432435596 81129.15307617188 11923.902099609375 33123.64705322522 1906
stats: users_count 47 2399
stats: finish_users_count 158 2064
stats: request 3051 392.4211537809071 1005.0918199599494 5389.7060546875 0.5078125 567.6307888141858 46800
stats: connect 49 3.075339803890306 2.9893705696670962 113.401123046875 0.47509765625 3.180880360704787 2350
stats: page 3051 392.4211537809071 1005.0918199599494 5389.7060546875 0.5078125 567.6307888141858 46800
stats: 302 20 800
stats: 200 383 12844
stats: size_rcv 3400980 86428679
stats: newphase 0 6
stats: size_sent 1056135 18899645
stats: connected -108 337
stats: 503 2648 36207
# stats: dump at 1480591593
stats: users 213 464
stats: {load,"tsung_controller@ip-172-31-6-161"} 1 0.3984375 0.0 0.3984375 0.01171875 0.12599927325581398 43
stats: {freemem,"tsung_controller@ip-172-31-6-161"} 1 3105.31640625 0.0 3161.36328125 3105.31640625 3136.8942587209303 43
stats: {recvpackets,"tsung_controller@ip-172-31-6-161"} 1 6299.0 0.0 8105 401 3581.904761904762 42
stats: {sentpackets,"tsung_controller@ip-172-31-6-161"} 1 6962.0 0.0 9867 318 3868.0 42
stats: {cpu,"tsung_controller@ip-172-31-6-161"} 1 19.53801732435034 0.0 31.465919701213817 2.465483234714004 11.330481287198031 43
stats: session 122 28995.387783363218 6185.387354484496 81129.15307617188 11923.902099609375 32638.217774975208 2064
stats: users_count 0 2399
stats: finish_users_count 122 2186
stats: request 1628 658.0852652135001 897.8271935182398 5389.7060546875 0.5078125 556.9075416077801 49851
stats: connect 0 0 0 113.401123046875 0.47509765625 3.1787246761345873 2399
stats: page 1628 658.0852652135001 897.8271935182398 5389.7060546875 0.5078125 556.9075416077801 49851
stats: 302 0 800
stats: 200 561 13405
stats: size_rcv 3616141 90044820
stats: newphase 0 6
stats: size_sent 703474 19603119
stats: connected -124 213
stats: 503 1067 37274
# stats: dump at 1480591603
stats: users 128 464
stats: {load,"tsung_controller@ip-172-31-6-161"} 1 0.33984375 0.0 0.3984375 0.01171875 0.13219105113636365 44
stats: {freemem,"tsung_controller@ip-172-31-6-161"} 1 3105.20703125 0.0 3161.36328125 3105.20703125 3136.176580255682 44
stats: {recvpackets,"tsung_controller@ip-172-31-6-161"} 1 4748.0 0.0 8105 401 3645.093023255814 43
stats: {sentpackets,"tsung_controller@ip-172-31-6-161"} 1 4612.0 0.0 9867 318 3939.953488372093 43
stats: {cpu,"tsung_controller@ip-172-31-6-161"} 1 10.428849902534113 0.0 31.465919701213817 2.465483234714004 11.51701619713331 44
stats: session 85 32176.269985064337 5912.286907426242 81129.15307617188 11923.902099609375 32434.912532991373 2186
stats: users_count 0 2399
stats: finish_users_count 85 2271
stats: request 774 1364.2797760088617 803.3118989899584 5389.7060546875 0.5078125 560.1072411751787 51479
stats: connect 0 0 0 113.401123046875 0.47509765625 3.1787246761345873 2399
stats: page 774 1364.2797760088617 803.3118989899584 5389.7060546875 0.5078125 560.1072411751787 51479
stats: 302 0 800
stats: 200 582 13987
stats: size_rcv 3302919 93347739
stats: newphase 0 6
stats: size_sent 338931 19942050
stats: connected -85 128
stats: 503 192 37466
# stats: dump at 1480591613
stats: users 16 464
stats: {load,"tsung_controller@ip-172-31-6-161"} 1 0.2890625 0.0 0.3984375 0.01171875 0.13680555555555557 45
stats: {freemem,"tsung_controller@ip-172-31-6-161"} 1 3108.37109375 0.0 3161.36328125 3105.20703125 3135.4883680555554 45
stats: {recvpackets,"tsung_controller@ip-172-31-6-161"} 1 4385.0 0.0 8105 401 3670.159090909091 44
stats: {sentpackets,"tsung_controller@ip-172-31-6-161"} 1 3836.0 0.0 9867 318 3955.2272727272725 44
stats: {cpu,"tsung_controller@ip-172-31-6-161"} 1 7.094918504314478 0.0 31.465919701213817 2.465483234714004 11.492834723919994 45
stats: session 112 37481.61054774692 4253.583416432886 81129.15307617188 11923.902099609375 32425.23194445161 2271
stats: users_count 0 2399
stats: finish_users_count 112 2383
stats: request 475 671.2886682771378 517.7663316777732 5389.7060546875 0.5078125 572.0190843604747 52253
stats: connect 0 0 0 113.401123046875 0.47509765625 3.1787246761345873 2399
stats: page 475 671.2886682771378 517.7663316777732 5389.7060546875 0.5078125 572.0190843604747 52253
stats: 302 0 800
stats: 200 475 14462
stats: size_rcv 2614816 95962555
stats: newphase 0 6
stats: size_sent 187075 20129125
stats: connected -111 17
stats: 503 0 37466
# stats: dump at 1480591621
stats: users 0 464
stats: {load,"tsung_controller@ip-172-31-6-161"} 1 0.23828125 0.0 0.3984375 0.01171875 0.1401154891304348 46
stats: {freemem,"tsung_controller@ip-172-31-6-161"} 1 3110.73828125 0.0 3161.36328125 3105.20703125 3134.8988620923915 46
stats: {recvpackets,"tsung_controller@ip-172-31-6-161"} 1 975.0 0.0 8105 401 3686.0444444444443 45
stats: {sentpackets,"tsung_controller@ip-172-31-6-161"} 1 903.0 0.0 9867 318 3952.5777777777776 45
stats: {cpu,"tsung_controller@ip-172-31-6-161"} 1 2.6627218934911245 0.0 31.465919701213817 2.465483234714004 11.397227849580744 46
stats: session 16 43276.13848876953 2825.3479433825246 81129.15307617188 11923.902099609375 32662.879616952272 2383
stats: users_count 0 2399
stats: finish_users_count 16 2399
stats: request 50 13.931245117187503 10.752056389323958 5389.7060546875 0.5078125 572.9133540532455 52728
stats: connect 0 0 0 113.401123046875 0.47509765625 3.1787246761345873 2399
stats: page 50 13.931245117187503 10.752056389323958 5389.7060546875 0.5078125 572.9133540532455 52728
stats: 302 0 800
stats: 200 50 14512
stats: size_rcv 273715 96236270
stats: newphase 0 6
stats: size_sent 23168 20152293
stats: connected -17 0
stats: 503 0 37466
EndMonitor:{1480,591621,807538}
