
=INFO REPORT==== 1-Dec-2016::11:01:54 ===
    ts_config_server:(5:<0.55.0>) Config server started, logdir is "/home/ec2-user/.tsung/log/20161201-1101"
 
=INFO REPORT==== 1-Dec-2016::11:01:54 ===
              ts_mon:(5:<0.54.0>) starting monitor, global 

=INFO REPORT==== 1-Dec-2016::11:01:54 ===
           ts_config:(5:<0.55.0>) Reading config file: tsung_test.xml

=INFO REPORT==== 1-Dec-2016::11:01:54 ===
      ts_config_http:(4:<0.55.0>) Get user agent: 100 "Mozilla/5.0 (Windows; U; Windows NT 5.2; fr-FR; rv:1.7.8) Gecko/20050511 Firefox/1.0.4" 

=INFO REPORT==== 1-Dec-2016::11:01:54 ===
           ts_config:(5:<0.55.0>) Session name for id 1 is "simple-user"

=INFO REPORT==== 1-Dec-2016::11:01:54 ===
    ts_config_server:(4:<0.55.0>) SYSINFO:Tsung version: 1.6.0

=INFO REPORT==== 1-Dec-2016::11:01:54 ===
    ts_config_server:(4:<0.55.0>) SYSINFO:Erlang version: Erlang R14B04 (erts-5.8.5) [source] [64-bit] [rq:1] [async-threads:8] [kernel-poll:true]


=INFO REPORT==== 1-Dec-2016::11:01:54 ===
    ts_config_server:(4:<0.55.0>) SYSINFO:System architecture x86_64-redhat-linux-gnu

=INFO REPORT==== 1-Dec-2016::11:01:54 ===
    ts_config_server:(4:<0.55.0>) SYSINFO:Current path: /usr/lib/erlang/lib/tsung-1.6.0/ebin/tsung.beam

=INFO REPORT==== 1-Dec-2016::11:01:54 ===
              ts_mon:(5:<0.56.0>) Activate clients with text backend

=INFO REPORT==== 1-Dec-2016::11:01:54 ===
              ts_mon:(5:<0.56.0>) Starting tsung clients on hosts: [localhost]

=INFO REPORT==== 1-Dec-2016::11:01:54 ===
    ts_config_server:(5:<0.55.0>) Start a launcher on the controller beam localhost

=INFO REPORT==== 1-Dec-2016::11:01:54 ===
  ts_launcher_static:(5:<0.111.0>) Launch msg receive ("localhost")

=INFO REPORT==== 1-Dec-2016::11:01:54 ===
         ts_launcher:(5:<0.112.0>) Launch msg receive ("localhost")

=INFO REPORT==== 1-Dec-2016::11:01:54 ===
    ts_config_server:(5:<0.55.0>) All remote beams started, syncing 

=INFO REPORT==== 1-Dec-2016::11:01:54 ===
    ts_config_server:(5:<0.55.0>) Undefined ports_range config 

=INFO REPORT==== 1-Dec-2016::11:01:54 ===
    ts_config_server:(5:<0.55.0>) New arrival phase 1 for client "localhost" (last ? true): will start 60 users

=INFO REPORT==== 1-Dec-2016::11:01:54 ===
    ts_config_server:(5:<0.55.0>) New arrival phase 2 for client "localhost" (last ? true): will start 90 users

=INFO REPORT==== 1-Dec-2016::11:01:54 ===
    ts_config_server:(5:<0.55.0>) New arrival phase 3 for client "localhost" (last ? true): will start 120 users

=INFO REPORT==== 1-Dec-2016::11:01:54 ===
    ts_config_server:(5:<0.55.0>) New arrival phase 4 for client "localhost" (last ? true): will start 240 users

=INFO REPORT==== 1-Dec-2016::11:01:54 ===
    ts_config_server:(5:<0.55.0>) New arrival phase 5 for client "localhost" (last ? true): will start 360 users

=INFO REPORT==== 1-Dec-2016::11:01:54 ===
    ts_config_server:(5:<0.55.0>) New arrival phase 6 for client "localhost" (last ? true): will start 600 users

=INFO REPORT==== 1-Dec-2016::11:01:54 ===
    ts_config_server:(5:<0.55.0>) New arrival phase 7 for client "localhost" (last ? true): will start 960 users

=INFO REPORT==== 1-Dec-2016::11:01:54 ===
         ts_launcher:(5:<0.112.0>) Expected duration of first phase: 60.0 sec (60 users) 

=INFO REPORT==== 1-Dec-2016::11:01:55 ===
         ts_launcher:(5:<0.112.0>) Activate launcher (60 users) in 655 msec 

=INFO REPORT==== 1-Dec-2016::11:02:54 ===
         ts_launcher:(4:<0.112.0>) Need to wait 1.087 sec before changing phase, going to sleep

=INFO REPORT==== 1-Dec-2016::11:02:55 ===
         ts_launcher:(5:<0.112.0>) Waking up

=INFO REPORT==== 1-Dec-2016::11:02:55 ===
         ts_launcher:(5:<0.112.0>) Start a new arrival phase (90 users, 0.0015); expected duration=60.0 sec

=INFO REPORT==== 1-Dec-2016::11:03:47 ===
         ts_launcher:(4:<0.112.0>) Need to wait 7.803 sec before changing phase, going to sleep

=INFO REPORT==== 1-Dec-2016::11:03:55 ===
         ts_launcher:(5:<0.112.0>) Waking up

=INFO REPORT==== 1-Dec-2016::11:03:55 ===
         ts_launcher:(5:<0.112.0>) Start a new arrival phase (120 users, 0.002); expected duration=60.0 sec

=INFO REPORT==== 1-Dec-2016::11:04:55 ===
         ts_launcher:(5:<0.112.0>) Phase duration exceeded, but not all users were launched (2 users, 1.7% of phase)

=INFO REPORT==== 1-Dec-2016::11:04:55 ===
         ts_launcher:(5:<0.112.0>) Start a new arrival phase (240 users, 0.004); expected duration=60.0 sec

=INFO REPORT==== 1-Dec-2016::11:05:52 ===
         ts_launcher:(4:<0.112.0>) Need to wait 3.518 sec before changing phase, going to sleep

=INFO REPORT==== 1-Dec-2016::11:05:55 ===
         ts_launcher:(5:<0.112.0>) Waking up

=INFO REPORT==== 1-Dec-2016::11:05:55 ===
         ts_launcher:(5:<0.112.0>) Start a new arrival phase (360 users, 0.006); expected duration=60.0 sec

=INFO REPORT==== 1-Dec-2016::11:06:55 ===
         ts_launcher:(5:<0.112.0>) Phase duration exceeded, but not all users were launched (23 users, 6.4% of phase)

=INFO REPORT==== 1-Dec-2016::11:06:55 ===
         ts_launcher:(5:<0.112.0>) Start a new arrival phase (600 users, 0.01); expected duration=60.0 sec

=INFO REPORT==== 1-Dec-2016::11:07:55 ===
         ts_launcher:(5:<0.112.0>) Phase duration exceeded, but not all users were launched (15 users, 2.5% of phase)

=INFO REPORT==== 1-Dec-2016::11:07:55 ===
         ts_launcher:(5:<0.112.0>) Start a new arrival phase (960 users, 0.016); expected duration=60.0 sec

=INFO REPORT==== 1-Dec-2016::11:08:55 ===
         ts_launcher:(5:<0.112.0>) Phase duration exceeded, but not all users were launched (53 users, 5.5% of phase)

=INFO REPORT==== 1-Dec-2016::11:08:55 ===
         ts_launcher:(5:<0.112.0>) This was the last phase, wait for connected users to finish their session

=INFO REPORT==== 1-Dec-2016::11:09:40 ===
     ts_launcher_mgr:(5:<0.106.0>) No more active users 'tsung_controller@ip-172-31-6-161' "1334"

=INFO REPORT==== 1-Dec-2016::11:09:41 ===
              ts_mon:(5:<0.56.0>) stopping monitor (normal)
