# stats: dump at 1480590124
stats: users 5 5
stats: {load,"tsung_controller@ip-172-31-6-161"} 1 0.0 0 0.0 0.0 0 0
stats: {freemem,"tsung_controller@ip-172-31-6-161"} 1 3161.7578125 0 3161.7578125 3161.7578125 0 0
stats: {cpu,"tsung_controller@ip-172-31-6-161"} 1 3.79447927328986 0 3.79447927328986 3.79447927328986 0 0
stats: users_count 5 5
stats: finish_users_count 0 0
stats: request 28 65.76512799944196 84.08321947007866 339.443115234375 6.64794921875 0 0
stats: connect 5 22.712109375 43.49079604129278 109.693115234375 0.818115234375 0 0
stats: page 28 65.76512799944196 84.08321947007866 339.443115234375 6.64794921875 0 0
stats: 302 5 5
stats: 200 23 23
stats: size_rcv 122569 122569
stats: size_sent 12883 12883
stats: connected 5 5
# stats: dump at 1480590134
stats: users 15 15
stats: {load,"tsung_controller@ip-172-31-6-161"} 1 0.0 0.0 0.0 0.0 0.0 1
stats: {freemem,"tsung_controller@ip-172-31-6-161"} 1 3159.5390625 0.0 3161.7578125 3159.5390625 3161.7578125 1
stats: {recvpackets,"tsung_controller@ip-172-31-6-161"} 1 203 0 203 203 0 0
stats: {sentpackets,"tsung_controller@ip-172-31-6-161"} 1 170 0 170 170 0 0
stats: {cpu,"tsung_controller@ip-172-31-6-161"} 1 2.0689655172413794 0.0 3.79447927328986 2.0689655172413794 3.79447927328986 1
stats: session 1 17723.370849609375 0 17723.370849609375 17723.370849609375 0 0
stats: users_count 11 16
stats: finish_users_count 1 1
stats: request 117 76.47743264222755 125.69096326596548 646.18408203125 5.2431640625 65.76512799944196 28
stats: connect 11 1.6596013849431819 1.5766802580491366 109.693115234375 0.56396484375 22.712109375 5
stats: page 117 76.47743264222755 125.69096326596548 646.18408203125 5.2431640625 65.76512799944196 28
stats: 302 10 15
stats: 200 107 130
stats: size_rcv 562266 684835
stats: size_sent 54193 67076
stats: connected 10 15
# stats: dump at 1480590144
stats: users 22 23
stats: {load,"tsung_controller@ip-172-31-6-161"} 1 0.0 0.0 0.0 0.0 0.0 2
stats: {freemem,"tsung_controller@ip-172-31-6-161"} 1 3156.8828125 0.0 3161.7578125 3156.8828125 3160.6484375 2
stats: {recvpackets,"tsung_controller@ip-172-31-6-161"} 1 854.0 0.0 854 203 203.0 1
stats: {sentpackets,"tsung_controller@ip-172-31-6-161"} 1 725.0 0.0 725 170 170.0 1
stats: {cpu,"tsung_controller@ip-172-31-6-161"} 1 2.843137254901961 0.0 3.79447927328986 2.0689655172413794 2.93172239526562 2
stats: session 3 20201.357747395832 3146.7864229148972 24380.069091796875 16786.4169921875 17723.370849609375 1
stats: users_count 10 26
stats: finish_users_count 3 4
stats: request 168 92.09700520833334 159.65072954281803 1156.703125 5.2431640625 74.40884967672413 145
stats: connect 10 2.886279296875 2.5196226917795066 109.693115234375 0.56396484375 8.238510131835938 16
stats: page 168 92.09700520833334 159.65072954281803 1156.703125 5.2431640625 74.40884967672413 145
stats: 302 11 26
stats: 200 157 287
stats: size_rcv 820827 1505662
stats: size_sent 77687 144763
stats: connected 8 23
# stats: dump at 1480590154
stats: users 23 28
stats: {load,"tsung_controller@ip-172-31-6-161"} 1 0.0 0.0 0.0 0.0 0.0 3
stats: {freemem,"tsung_controller@ip-172-31-6-161"} 1 3155.4375 0.0 3161.7578125 3155.4375 3159.3932291666665 3
stats: {recvpackets,"tsung_controller@ip-172-31-6-161"} 1 1139.0 0.0 1139 203 528.5 2
stats: {sentpackets,"tsung_controller@ip-172-31-6-161"} 1 962.0 0.0 962 170 447.5 2
stats: {cpu,"tsung_controller@ip-172-31-6-161"} 1 2.955665024630542 0.0 3.79447927328986 2.0689655172413794 2.9021940151444006 3
stats: session 11 21501.44413618608 3051.5602378758167 26928.343994140625 16786.4169921875 19581.86102294922 4
stats: users_count 12 38
stats: finish_users_count 11 15
stats: request 220 155.64469438032663 202.0731036798207 1392.931884765625 5.2431640625 83.90281175119809 313
stats: connect 12 4.223714192708333 4.204661624163668 109.693115234375 0.56396484375 6.179959810697115 26
stats: page 220 155.64469438032663 202.0731036798207 1392.931884765625 5.2431640625 83.90281175119809 313
stats: 302 12 38
stats: 200 208 495
stats: size_rcv 1086626 2592288
stats: size_sent 102089 246852
stats: connected 0 23
# stats: dump at 1480590164
stats: users 27 28
stats: {load,"tsung_controller@ip-172-31-6-161"} 1 0.078125 0.0 0.078125 0.0 0.0 4
stats: {freemem,"tsung_controller@ip-172-31-6-161"} 1 3154.83984375 0.0 3161.7578125 3154.83984375 3158.404296875 4
stats: {recvpackets,"tsung_controller@ip-172-31-6-161"} 1 1541.0 0.0 1541 203 732.0 3
stats: {sentpackets,"tsung_controller@ip-172-31-6-161"} 1 1217.0 0.0 1217 170 619.0 3
stats: {cpu,"tsung_controller@ip-172-31-6-161"} 1 3.823529411764706 0.0 3.823529411764706 2.0689655172413794 2.9155617675159355 4
stats: session 9 23055.018581814234 3419.5156884753283 27029.630859375 16402.14208984375 20989.555305989583 15
stats: users_count 13 51
stats: finish_users_count 9 24
stats: request 284 72.7562023753851 90.6406820415739 1392.931884765625 5.06396484375 113.51484585702975 533
stats: connect 12 2.9619344075520835 2.9751719257125036 109.693115234375 0.56396484375 5.562198036595395 38
stats: page 284 72.7562023753851 90.6406820415739 1392.931884765625 5.06396484375 113.51484585702975 533
stats: 302 12 50
stats: 200 272 767
stats: size_rcv 1418954 4011242
stats: size_sent 133100 379952
stats: connected 3 26
# stats: dump at 1480590174
stats: users 24 28
stats: {load,"tsung_controller@ip-172-31-6-161"} 1 0.140625 0.0 0.140625 0.0 0.015625 5
stats: {freemem,"tsung_controller@ip-172-31-6-161"} 1 3152.4609375 0.0 3161.7578125 3152.4609375 3157.69140625 5
stats: {recvpackets,"tsung_controller@ip-172-31-6-161"} 1 1989.0 0.0 1989 203 934.25 4
stats: {sentpackets,"tsung_controller@ip-172-31-6-161"} 1 1585.0 0.0 1585 170 768.5 4
stats: {cpu,"tsung_controller@ip-172-31-6-161"} 1 3.956478733926805 0.0 3.956478733926805 2.0689655172413794 3.0971552963656896 5
stats: session 12 20857.238240559895 5393.68809118305 35395.724853515625 13463.529052734375 21764.104034423828 24
stats: users_count 9 60
stats: finish_users_count 12 36
stats: request 242 50.71154179848916 80.56159548119389 1392.931884765625 4.666015625 99.34660259046049 817
stats: connect 10 2.090625 2.7655453014204965 109.693115234375 0.56396484375 4.938134765625 50
stats: page 242 50.71154179848916 80.56159548119389 1392.931884765625 4.666015625 99.34660259046049 817
stats: 302 9 59
stats: 200 233 1000
stats: size_rcv 1214743 5225985
stats: size_sent 114339 494291
stats: connected -2 24
# stats: dump at 1480590184
stats: users 38 38
stats: {load,"tsung_controller@ip-172-31-6-161"} 1 0.12109375 0.0 0.140625 0.0 0.036458333333333336 6
stats: {freemem,"tsung_controller@ip-172-31-6-161"} 1 3152.07421875 0.0 3161.7578125 3152.07421875 3156.8196614583335 6
stats: {recvpackets,"tsung_controller@ip-172-31-6-161"} 1 1586.0 0.0 1989 203 1145.2 5
stats: {sentpackets,"tsung_controller@ip-172-31-6-161"} 1 1326.0 0.0 1585 170 931.8 5
stats: {cpu,"tsung_controller@ip-172-31-6-161"} 1 3.740157480314961 0.0 3.956478733926805 2.0689655172413794 3.240375869292542 6
stats: session 10 24620.247314453125 5075.222345727624 35395.724853515625 13463.529052734375 21461.815436469184 36
stats: users_count 24 84
stats: finish_users_count 10 46
stats: request 263 266.29617785319624 278.91550803934524 1392.931884765625 4.666015625 88.23264157850859 1059
stats: connect 23 2.6864066745923916 2.811117183240244 109.693115234375 0.56396484375 4.4635498046875 60
stats: page 263 266.29617785319624 278.91550803934524 1392.931884765625 4.666015625 88.23264157850859 1059
stats: 302 23 82
stats: 200 241 1241
stats: size_rcv 1260168 6486153
stats: newphase 1 1
stats: size_sent 128137 622428
stats: connected 14 38
# stats: dump at 1480590194
stats: users 36 40
stats: {load,"tsung_controller@ip-172-31-6-161"} 1 0.1015625 0.0 0.140625 0.0 0.048549107142857144 7
stats: {freemem,"tsung_controller@ip-172-31-6-161"} 1 3152.42578125 0.0 3161.7578125 3152.07421875 3156.1417410714284 7
stats: {recvpackets,"tsung_controller@ip-172-31-6-161"} 1 2026.0 0.0 2026 203 1218.6666666666667 6
stats: {sentpackets,"tsung_controller@ip-172-31-6-161"} 1 1760.0 0.0 1760 170 997.5 6
stats: {cpu,"tsung_controller@ip-172-31-6-161"} 1 4.416094210009813 0.0 4.416094210009813 2.0689655172413794 3.3117732422957453 7
stats: session 13 22378.765963040867 3864.721421540239 35395.724853515625 13463.529052734375 22148.431062117867 46
stats: users_count 11 95
stats: finish_users_count 13 59
stats: request 383 189.72481654393766 195.2136913851641 1411.801025390625 4.666015625 123.65677927914614 1322
stats: connect 12 3.0770467122395835 3.8386265127116532 109.693115234375 0.533203125 3.971088455384036 83
stats: page 383 189.72481654393766 195.2136913851641 1411.801025390625 4.666015625 123.65677927914614 1322
stats: 302 13 95
stats: 200 369 1610
stats: size_rcv 1927997 8414150
stats: newphase 0 1
stats: size_sent 173592 796020
stats: connected -1 37
# stats: dump at 1480590204
stats: users 47 50
stats: {load,"tsung_controller@ip-172-31-6-161"} 1 0.08984375 0.0 0.140625 0.0 0.05517578125 8
stats: {freemem,"tsung_controller@ip-172-31-6-161"} 1 3151.7265625 0.0 3161.7578125 3151.7265625 3155.67724609375 8
stats: {recvpackets,"tsung_controller@ip-172-31-6-161"} 1 2590.0 0.0 2590 203 1334.0 7
stats: {sentpackets,"tsung_controller@ip-172-31-6-161"} 1 2187.0 0.0 2187 170 1106.4285714285713 7
stats: {cpu,"tsung_controller@ip-172-31-6-161"} 1 5.599214145383105 0.0 5.599214145383105 2.0689655172413794 3.4498133632600037 8
stats: session 12 22353.162679036457 4880.346211156556 35395.724853515625 13463.529052734375 22199.182819948357 59
stats: users_count 23 118
stats: finish_users_count 12 71
stats: request 341 390.7532031822763 268.29187389335056 1702.8388671875 4.666015625 138.4978691749908 1705
stats: connect 23 4.927596382472826 3.0964558267831372 109.693115234375 0.533203125 3.8581568667763158 95
stats: page 341 390.7532031822763 268.29187389335056 1702.8388671875 4.666015625 138.4978691749908 1705
stats: 302 20 115
stats: 200 321 1931
stats: size_rcv 1679389 10093539
stats: newphase 0 1
stats: size_sent 163213 959233
stats: connected 11 48
# stats: dump at 1480590214
stats: users 38 50
stats: {load,"tsung_controller@ip-172-31-6-161"} 1 0.0703125 0.0 0.140625 0.0 0.059027777777777776 9
stats: {freemem,"tsung_controller@ip-172-31-6-161"} 1 3150.52734375 0.0 3161.7578125 3150.52734375 3155.23828125 9
stats: {recvpackets,"tsung_controller@ip-172-31-6-161"} 1 2502.0 0.0 2590 203 1491.0 8
stats: {sentpackets,"tsung_controller@ip-172-31-6-161"} 1 2116.0 0.0 2187 170 1241.5 8
stats: {cpu,"tsung_controller@ip-172-31-6-161"} 1 5.7673509286412505 0.0 5.7673509286412505 2.0689655172413794 3.688635672384793 9
stats: session 20 25259.33770751953 3410.409605955965 35395.724853515625 13463.529052734375 22225.207584864656 71
stats: users_count 11 129
stats: finish_users_count 20 91
stats: request 388 179.14810023356958 164.540668038887 1702.8388671875 4.666015625 180.54042484287172 2046
stats: connect 11 2.90966796875 2.689797316757216 109.693115234375 0.533203125 4.066606941869703 118
stats: page 388 179.14810023356958 164.540668038887 1702.8388671875 4.666015625 180.54042484287172 2046
stats: 302 10 125
stats: 200 378 2309
stats: size_rcv 1967796 12061335
stats: newphase 0 1
stats: size_sent 181827 1141060
stats: connected -9 39
# stats: dump at 1480590224
stats: users 34 50
stats: {load,"tsung_controller@ip-172-31-6-161"} 1 0.05859375 0.0 0.140625 0.0 0.06015625 10
stats: {freemem,"tsung_controller@ip-172-31-6-161"} 1 3150.05078125 0.0 3161.7578125 3150.05078125 3154.7671875 10
stats: {recvpackets,"tsung_controller@ip-172-31-6-161"} 1 2697.0 0.0 2697 203 1603.3333333333333 9
stats: {sentpackets,"tsung_controller@ip-172-31-6-161"} 1 2282.0 0.0 2282 170 1338.6666666666667 9
stats: {cpu,"tsung_controller@ip-172-31-6-161"} 1 5.320197044334975 0.0 5.7673509286412505 2.0689655172413794 3.8965071980104384 10
stats: session 19 24445.11355108964 4314.210879326389 35395.724853515625 13463.529052734375 22892.04937006353 91
stats: users_count 15 144
stats: finish_users_count 19 110
stats: request 347 167.28958877431555 195.51574786750305 1702.8388671875 4.666015625 180.31847663070687 2434
stats: connect 15 3.1216471354166666 3.0269893676287674 109.693115234375 0.533203125 3.967953230983527 129
stats: page 347 167.28958877431555 195.51574786750305 1702.8388671875 4.666015625 180.31847663070687 2434
stats: 302 19 144
stats: 200 328 2637
stats: size_rcv 1712122 13773457
stats: newphase 0 1
stats: size_sent 156892 1297952
stats: connected -5 34
# stats: dump at 1480590234
stats: users 24 50
stats: {load,"tsung_controller@ip-172-31-6-161"} 1 0.05078125 0.0 0.140625 0.0 0.060014204545454544 11
stats: {freemem,"tsung_controller@ip-172-31-6-161"} 1 3152.25390625 0.0 3161.7578125 3150.05078125 3154.3384232954545 11
stats: {recvpackets,"tsung_controller@ip-172-31-6-161"} 1 2366.0 0.0 2697 203 1712.7 10
stats: {sentpackets,"tsung_controller@ip-172-31-6-161"} 1 2049.0 0.0 2282 170 1433.0 10
stats: {cpu,"tsung_controller@ip-172-31-6-161"} 1 5.365853658536586 0.0 5.7673509286412505 2.0689655172413794 4.025933547676305 11
stats: session 16 24779.2872467041 5147.968369970144 35395.724853515625 13463.529052734375 23160.305910422587 110
stats: users_count 6 150
stats: finish_users_count 16 126
stats: request 314 88.27334031026076 120.41552208423755 1702.8388671875 4.666015625 178.69279375182597 2781
stats: connect 6 5.604654947916667 3.182766106384502 109.693115234375 0.533203125 3.879796346028646 144
stats: page 314 88.27334031026076 120.41552208423755 1702.8388671875 4.666015625 178.69279375182597 2781
stats: 302 6 150
stats: 200 308 2945
stats: size_rcv 1601751 15375208
stats: newphase 0 1
stats: size_sent 151328 1449280
stats: connected -10 24
# stats: dump at 1480590244
stats: users 25 50
stats: {load,"tsung_controller@ip-172-31-6-161"} 1 0.0390625 0.0 0.140625 0.0 0.059244791666666664 12
stats: {freemem,"tsung_controller@ip-172-31-6-161"} 1 3152.40234375 0.0 3161.7578125 3150.05078125 3154.1647135416665 12
stats: {recvpackets,"tsung_controller@ip-172-31-6-161"} 1 2025.0 0.0 2697 203 1772.090909090909 11
stats: {sentpackets,"tsung_controller@ip-172-31-6-161"} 1 1779.0 0.0 2282 170 1489.0 11
stats: {cpu,"tsung_controller@ip-172-31-6-161"} 1 4.031465093411996 0.0 5.7673509286412505 2.0689655172413794 4.137593556914662 12
stats: session 17 21437.224135454962 3174.3168747419336 35395.724853515625 13458.882080078125 23365.89084201389 126
stats: users_count 18 168
stats: finish_users_count 17 143
stats: request 268 90.02152901265158 114.23721690068484 1702.8388671875 4.666015625 169.5193823202746 3095
stats: connect 18 3.1900092230902777 2.798232210172244 109.693115234375 0.533203125 3.9487906901041665 150
stats: page 268 90.02152901265158 114.23721690068484 1702.8388671875 4.666015625 169.5193823202746 3095
stats: 302 17 167
stats: 200 251 3196
stats: size_rcv 1313812 16689020
stats: newphase 1 2
stats: size_sent 121926 1571206
stats: connected 2 26
# stats: dump at 1480590254
stats: users 39 50
stats: {load,"tsung_controller@ip-172-31-6-161"} 1 0.0390625 0.0 0.140625 0.0 0.057692307692307696 13
stats: {freemem,"tsung_controller@ip-172-31-6-161"} 1 3152.4140625 0.0 3161.7578125 3150.05078125 3154.0291466346152 13
stats: {recvpackets,"tsung_controller@ip-172-31-6-161"} 1 1853.0 0.0 2697 203 1793.1666666666667 12
stats: {sentpackets,"tsung_controller@ip-172-31-6-161"} 1 1593.0 0.0 2282 170 1513.1666666666667 12
stats: {cpu,"tsung_controller@ip-172-31-6-161"} 1 3.373015873015873 0.0 5.7673509286412505 2.0689655172413794 4.129429828952918 13
stats: session 5 23944.458056640626 3173.529344831165 35395.724853515625 13458.882080078125 23136.6087859894 143
stats: users_count 19 187
stats: finish_users_count 5 148
stats: request 287 135.49677343069467 156.90627587232052 1702.8388671875 4.666015625 163.18413858359813 3363
stats: connect 19 1.0294639185855263 1.5759110379952852 109.693115234375 0.533203125 3.86749267578125 168
stats: page 287 135.49677343069467 156.90627587232052 1702.8388671875 4.666015625 163.18413858359813 3363
stats: 302 19 186
stats: 200 268 3464
stats: size_rcv 1403428 18092448
stats: newphase 0 2
stats: size_sent 133229 1704435
stats: connected 13 39
# stats: dump at 1480590264
stats: users 43 50
stats: {load,"tsung_controller@ip-172-31-6-161"} 1 0.03125 0.0 0.140625 0.0 0.056361607142857144 14
stats: {freemem,"tsung_controller@ip-172-31-6-161"} 1 3152.26953125 0.0 3161.7578125 3150.05078125 3153.9137834821427 14
stats: {recvpackets,"tsung_controller@ip-172-31-6-161"} 1 2146.0 0.0 2697 203 1797.7692307692307 13
stats: {sentpackets,"tsung_controller@ip-172-31-6-161"} 1 1814.0 0.0 2282 170 1519.3076923076924 13
stats: {cpu,"tsung_controller@ip-172-31-6-161"} 1 4.518664047151278 0.0 5.7673509286412505 2.0689655172413794 4.0754002606717 14
stats: session 13 22497.253155048078 5677.843193813881 35395.724853515625 13458.882080078125 23163.90099107897 148
stats: users_count 17 204
stats: finish_users_count 13 161
stats: request 342 183.46212679322 194.21604588970803 1702.8388671875 4.666015625 161.0070772688356 3650
stats: connect 17 3.949405445772059 3.418381416635664 109.693115234375 0.533203125 3.5791368127506686 187
stats: page 342 183.46212679322 194.21604588970803 1702.8388671875 4.666015625 161.0070772688356 3650
stats: 302 14 200
stats: 200 328 3792
stats: size_rcv 1712548 19804996
stats: newphase 0 2
stats: size_sent 166910 1871345
stats: connected 4 43
# stats: dump at 1480590274
stats: users 59 59
stats: {load,"tsung_controller@ip-172-31-6-161"} 1 0.109375 0.0 0.140625 0.0 0.0546875 15
stats: {freemem,"tsung_controller@ip-172-31-6-161"} 1 3152.04296875 0.0 3161.7578125 3150.05078125 3153.804166666667 15
stats: {recvpackets,"tsung_controller@ip-172-31-6-161"} 1 2338.0 0.0 2697 203 1822.642857142857 14
stats: {sentpackets,"tsung_controller@ip-172-31-6-161"} 1 1974.0 0.0 2282 170 1540.357142857143 14
stats: {cpu,"tsung_controller@ip-172-31-6-161"} 1 5.16569200779727 0.0 5.7673509286412505 2.0689655172413794 4.104951179770339 15
stats: session 10 24716.768701171874 2319.557459142606 35395.724853515625 13458.882080078125 23110.072283821817 161
stats: users_count 26 230
stats: finish_users_count 10 171
stats: request 313 691.0441106729238 368.818337402392 1897.132080078125 4.666015625 162.9308315116561 3992
stats: connect 26 2.7771089993990383 2.749424394375974 109.693115234375 0.533203125 3.6099925321691178 204
stats: page 313 691.0441106729238 368.818337402392 1897.132080078125 4.666015625 162.9308315116561 3992
stats: 302 24 224
stats: 200 289 4081
stats: size_rcv 1514932 21319928
stats: newphase 0 2
stats: size_sent 148739 2020084
stats: connected 16 59
# stats: dump at 1480590284
stats: users 61 63
stats: {load,"tsung_controller@ip-172-31-6-161"} 1 0.08984375 0.0 0.140625 0.0 0.05810546875 16
stats: {freemem,"tsung_controller@ip-172-31-6-161"} 1 3149.75 0.0 3161.7578125 3149.75 3153.694091796875 16
stats: {recvpackets,"tsung_controller@ip-172-31-6-161"} 1 2220.0 0.0 2697 203 1857.0 15
stats: {sentpackets,"tsung_controller@ip-172-31-6-161"} 1 1.9e3 0.0 2282 170 1569.2666666666667 15
stats: {cpu,"tsung_controller@ip-172-31-6-161"} 1 4.9853372434017595 0.0 5.7673509286412505 2.0689655172413794 4.171247481522022 16
stats: session 14 29109.358276367188 3687.6136689322298 37212.56201171875 13458.882080078125 23204.03113863761 171
stats: users_count 16 246
stats: finish_users_count 14 185
stats: request 341 781.0196558261549 268.87258564731053 2472.2109375 4.666015625 201.32791777820123 4305
stats: connect 16 3.142562866210937 3.4677638201404286 109.693115234375 0.533203125 3.515840480638587 230
stats: page 341 781.0196558261549 268.87258564731053 2472.2109375 4.666015625 201.32791777820123 4305
stats: 302 19 243
stats: 200 322 4403
stats: size_rcv 1682260 23002188
stats: newphase 0 2
stats: size_sent 159275 2179359
stats: connected 2 61
# stats: dump at 1480590294
stats: users 75 75
stats: {load,"tsung_controller@ip-172-31-6-161"} 1 0.078125 0.0 0.140625 0.0 0.05997242647058824 17
stats: {freemem,"tsung_controller@ip-172-31-6-161"} 1 3148.91015625 0.0 3161.7578125 3148.91015625 3153.462086397059 17
stats: {recvpackets,"tsung_controller@ip-172-31-6-161"} 1 2469.0 0.0 2697 203 1879.6875 16
stats: {sentpackets,"tsung_controller@ip-172-31-6-161"} 1 2151.0 0.0 2282 170 1589.9375 16
stats: {cpu,"tsung_controller@ip-172-31-6-161"} 1 4.523107177974435 0.0 5.7673509286412505 2.0689655172413794 4.219135114573771 17
stats: session 7 33382.624720982145 4725.491579863299 41949.626220703125 13458.882080078125 23650.9207598712 185
stats: users_count 21 267
stats: finish_users_count 7 192
stats: request 351 897.7942437065972 268.17640110365863 2472.2109375 4.666015625 243.87524508649915 4646
stats: connect 21 3.9269903273809526 3.339662218146261 109.693115234375 0.533203125 3.4915622618140243 246
stats: page 351 897.7942437065972 268.17640110365863 2472.2109375 4.666015625 243.87524508649915 4646
stats: 302 17 260
stats: 200 334 4737
stats: size_rcv 1742941 24745129
stats: newphase 0 2
stats: size_sent 172570 2351929
stats: connected 14 75
# stats: dump at 1480590304
stats: users 105 105
stats: {load,"tsung_controller@ip-172-31-6-161"} 1 0.05859375 0.0 0.140625 0.0 0.060980902777777776 18
stats: {freemem,"tsung_controller@ip-172-31-6-161"} 1 3146.7421875 0.0 3161.7578125 3146.7421875 3153.2092013888887 18
stats: {recvpackets,"tsung_controller@ip-172-31-6-161"} 1 2422.0 0.0 2697 203 1914.3529411764705 17
stats: {sentpackets,"tsung_controller@ip-172-31-6-161"} 1 2069.0 0.0 2282 170 1622.9411764705883 17
stats: {cpu,"tsung_controller@ip-172-31-6-161"} 1 4.906771344455349 0.0 5.7673509286412505 2.0689655172413794 4.236022451429364 18
stats: session 7 36081.70057896205 3393.327967621554 41949.626220703125 13458.882080078125 24005.7224667867 192
stats: users_count 37 304
stats: finish_users_count 7 199
stats: request 292 1848.71945901113 539.6306228879852 3327.836181640625 4.666015625 289.8079183936143 4997
stats: connect 37 3.026492557010135 3.009084487140764 109.693115234375 0.533203125 3.5258094130383895 267
stats: page 292 1848.71945901113 539.6306228879852 3327.836181640625 4.666015625 289.8079183936143 4997
stats: 302 23 283
stats: 200 269 5006
stats: size_rcv 1417276 26162405
stats: newphase 1 3
stats: size_sent 148606 2500535
stats: connected 30 105
# stats: dump at 1480590314
stats: users 145 146
stats: {load,"tsung_controller@ip-172-31-6-161"} 1 0.05078125 0.0 0.140625 0.0 0.06085526315789474 19
stats: {freemem,"tsung_controller@ip-172-31-6-161"} 1 3143.9453125 0.0 3161.7578125 3143.9453125 3152.868832236842 19
stats: {recvpackets,"tsung_controller@ip-172-31-6-161"} 1 1967.0 0.0 2697 203 1942.5555555555557 18
stats: {sentpackets,"tsung_controller@ip-172-31-6-161"} 1 1711.0 0.0 2282 170 1647.7222222222222 18
stats: {cpu,"tsung_controller@ip-172-31-6-161"} 1 4.970760233918129 0.0 5.7673509286412505 2.0689655172413794 4.271325024746521 19
stats: session 10 46191.92580566406 3678.525180282158 52730.19091796875 13458.882080078125 24430.50561646121 199
stats: users_count 50 354
stats: finish_users_count 10 209
stats: request 332 2433.86549028144 1273.4495252526049 4168.487060546875 0.56103515625 375.8737474464248 5289
stats: connect 49 3.326969068877551 2.9546902133191604 109.693115234375 0.529052734375 3.4650372956928455 304
stats: page 332 2433.86549028144 1273.4495252526049 4168.487060546875 0.56103515625 375.8737474464248 5289
stats: 302 33 316
stats: 200 232 5238
stats: size_rcv 1255794 27418199
stats: newphase 0 3
stats: size_sent 154556 2655091
stats: connected 40 145
stats: 503 67 67
# stats: dump at 1480590324
stats: users 169 170
stats: {load,"tsung_controller@ip-172-31-6-161"} 1 0.05078125 0.0 0.140625 0.0 0.0603515625 20
stats: {freemem,"tsung_controller@ip-172-31-6-161"} 1 3141.27734375 0.0 3161.7578125 3141.27734375 3152.42265625 20
stats: {recvpackets,"tsung_controller@ip-172-31-6-161"} 1 2219.0 0.0 2697 203 1943.842105263158 19
stats: {sentpackets,"tsung_controller@ip-172-31-6-161"} 1 2077.0 0.0 2282 170 1651.0526315789473 19
stats: {cpu,"tsung_controller@ip-172-31-6-161"} 1 5.577299412915851 0.0 5.7673509286412505 2.0689655172413794 4.3062967852051015 20
stats: session 14 49034.46491350447 3089.7367599453055 53547.0048828125 13458.882080078125 25471.721893456564 209
stats: users_count 38 392
stats: finish_users_count 14 223
stats: request 578 1922.7876145517957 2105.8746600408867 5692.195068359375 0.56103515625 497.42743159892876 5621
stats: connect 39 2.3565329527243595 2.5469768291308643 109.693115234375 0.529052734375 3.445872017749646 353
stats: page 578 1922.7876145517957 2105.8746600408867 5692.195068359375 0.56103515625 497.42743159892876 5621
stats: 302 33 349
stats: 200 232 5470
stats: size_rcv 1377969 28796168
stats: newphase 0 3
stats: size_sent 244407 2899498
stats: connected 24 169
stats: 503 313 380
# stats: dump at 1480590334
stats: users 187 187
stats: {load,"tsung_controller@ip-172-31-6-161"} 1 0.0390625 0.0 0.140625 0.0 0.059895833333333336 21
stats: {freemem,"tsung_controller@ip-172-31-6-161"} 1 3138.80859375 0.0 3161.7578125 3138.80859375 3151.8919270833335 21
stats: {recvpackets,"tsung_controller@ip-172-31-6-161"} 1 2559.0 0.0 2697 203 1957.6 20
stats: {sentpackets,"tsung_controller@ip-172-31-6-161"} 1 2555.0 0.0 2555 170 1672.35 20
stats: {cpu,"tsung_controller@ip-172-31-6-161"} 1 7.3643410852713185 0.0 7.3643410852713185 2.0689655172413794 4.366820719857994 21
stats: session 19 51418.17357113487 3678.0058489858475 60018.498046875 13458.882080078125 26950.997240006658 223
stats: users_count 37 429
stats: finish_users_count 19 242
stats: request 842 1288.6048618778757 1598.5953806907703 5692.195068359375 0.55908203125 630.3292199110367 6199
stats: connect 37 3.5906619510135136 2.976842410561526 109.693115234375 0.529052734375 3.337493896484375 392
stats: page 842 1288.6048618778757 1598.5953806907703 5692.195068359375 0.55908203125 630.3292199110367 6199
stats: 302 21 370
stats: 200 313 5783
stats: size_rcv 1900823 30696991
stats: newphase 0 3
stats: size_sent 368092 3267590
stats: connected 18 187
stats: 503 509 889
# stats: dump at 1480590344
stats: users 217 219
stats: {load,"tsung_controller@ip-172-31-6-161"} 1 0.03125 0.0 0.140625 0.0 0.05894886363636364 22
stats: {freemem,"tsung_controller@ip-172-31-6-161"} 1 3135.609375 0.0 3161.7578125 3135.609375 3151.2972301136365 22
stats: {recvpackets,"tsung_controller@ip-172-31-6-161"} 1 3305.0 0.0 3305 203 1986.2380952380952 21
stats: {sentpackets,"tsung_controller@ip-172-31-6-161"} 1 3357.0 0.0 3357 170 1714.3809523809523 21
stats: {cpu,"tsung_controller@ip-172-31-6-161"} 1 9.855072463768117 0.0 9.855072463768117 2.0689655172413794 4.5030716455586 22
stats: session 19 49394.49578536184 9072.570011129801 62547.97998046875 13458.882080078125 28871.9738941035 242
stats: users_count 49 478
stats: finish_users_count 19 261
stats: request 1077 957.2699254566357 1476.7584118004868 5692.195068359375 0.55908203125 709.0493009415833 7041
stats: connect 49 2.1440130739795915 2.3970632780115793 109.693115234375 0.529052734375 3.3593289035183567 429
stats: page 1077 957.2699254566357 1476.7584118004868 5692.195068359375 0.55908203125 709.0493009415833 7041
stats: 302 16 386
stats: 200 305 6088
stats: size_rcv 1998370 32695361
stats: newphase 0 3
stats: size_sent 458876 3726466
stats: connected 30 217
stats: 503 755 1644
# stats: dump at 1480590354
stats: users 198 222
stats: {load,"tsung_controller@ip-172-31-6-161"} 1 0.109375 0.0 0.140625 0.0 0.057744565217391304 23
stats: {freemem,"tsung_controller@ip-172-31-6-161"} 1 3133.046875 0.0 3161.7578125 3133.046875 3150.6151494565215 23
stats: {recvpackets,"tsung_controller@ip-172-31-6-161"} 1 3327.0 0.0 3327 203 2046.1818181818182 22
stats: {sentpackets,"tsung_controller@ip-172-31-6-161"} 1 3752.0 0.0 3752 170 1789.0454545454545 22
stats: {cpu,"tsung_controller@ip-172-31-6-161"} 1 12.392755004766444 0.0 12.392755004766444 2.0689655172413794 4.73576733330684 23
stats: session 49 46529.73398636799 10032.860518809635 70468.59814453125 13458.882080078125 30365.950583505448 261
stats: users_count 30 508
stats: finish_users_count 49 310
stats: request 1089 955.1209188834365 1564.8519979072828 5692.195068359375 0.55908203125 741.9802707127968 8118
stats: connect 30 2.6483642578124997 2.7943811967687595 109.693115234375 0.52294921875 3.2347463184819563 478
stats: page 1089 955.1209188834365 1564.8519979072828 5692.195068359375 0.55908203125 741.9802707127968 8118
stats: 302 19 405
stats: 200 277 6365
stats: size_rcv 1863185 34558546
stats: newphase 0 3
stats: size_sent 454540 4181006
stats: connected -17 200
stats: 503 794 2438
# stats: dump at 1480590364
stats: users 186 222
stats: {load,"tsung_controller@ip-172-31-6-161"} 1 0.08984375 0.0 0.140625 0.0 0.059895833333333336 24
stats: {freemem,"tsung_controller@ip-172-31-6-161"} 1 3132.57421875 0.0 3161.7578125 3132.57421875 3149.8831380208335 24
stats: {recvpackets,"tsung_controller@ip-172-31-6-161"} 1 3459.0 0.0 3459 203 2101.8695652173915 23
stats: {sentpackets,"tsung_controller@ip-172-31-6-161"} 1 3726.0 0.0 3752 170 1874.391304347826 23
stats: {cpu,"tsung_controller@ip-172-31-6-161"} 1 11.368015414258188 0.0 12.392755004766444 2.0689655172413794 5.054808486284323 24
stats: session 60 48122.61265055338 9542.20760283058 70468.59814453125 13458.882080078125 32920.8711858934 310
stats: users_count 48 556
stats: finish_users_count 60 370
stats: request 953 1140.2616301113262 1439.3313668365993 5692.195068359375 0.55908203125 767.190454905023 9207
stats: connect 46 3.0139531674592392 3.0120116338498426 109.693115234375 0.501953125 3.2001174566313977 508
stats: page 953 1140.2616301113262 1439.3313668365993 5692.195068359375 0.55908203125 767.190454905023 9207
stats: 302 15 420
stats: 200 354 6719
stats: size_rcv 2197103 36755649
stats: newphase 1 4
stats: size_sent 411710 4592716
stats: connected -13 187
stats: 503 583 3021
# stats: dump at 1480590374
stats: users 179 222
stats: {load,"tsung_controller@ip-172-31-6-161"} 1 0.1484375 0.0 0.1484375 0.0 0.06109375 25
stats: {freemem,"tsung_controller@ip-172-31-6-161"} 1 3132.33203125 0.0 3161.7578125 3132.33203125 3149.19078125 25
stats: {recvpackets,"tsung_controller@ip-172-31-6-161"} 1 3376.0 0.0 3459 203 2158.416666666667 24
stats: {sentpackets,"tsung_controller@ip-172-31-6-161"} 1 3474.0 0.0 3752 170 1951.5416666666667 24
stats: {cpu,"tsung_controller@ip-172-31-6-161"} 1 9.767891682785299 0.0 12.392755004766444 2.0689655172413794 5.307336763403279 25
stats: session 52 44830.55456073467 10443.608009535126 70468.59814453125 13458.882080078125 35386.01845043286 370
stats: users_count 45 601
stats: finish_users_count 52 422
stats: request 933 1150.9361157514431 1545.1615692091048 5692.195068359375 0.535888671875 802.1842373825434 10160
stats: connect 45 3.011724175347222 3.198663025734392 109.693115234375 0.501953125 3.1846597719708933 554
stats: page 933 1150.9361157514431 1545.1615692091048 5692.195068359375 0.535888671875 802.1842373825434 10160
stats: 302 22 442
stats: 200 316 7035
stats: size_rcv 1998629 38754278
stats: newphase 0 4
stats: size_sent 389956 4982672
stats: connected -8 179
stats: 503 595 3616
# stats: dump at 1480590384
stats: users 208 222
stats: {load,"tsung_controller@ip-172-31-6-161"} 1 0.12890625 0.0 0.1484375 0.0 0.064453125 26
stats: {freemem,"tsung_controller@ip-172-31-6-161"} 1 3132.09375 0.0 3161.7578125 3132.09375 3148.5423677884614 26
stats: {recvpackets,"tsung_controller@ip-172-31-6-161"} 1 3554.0 0.0 3554 203 2207.1200000000003 25
stats: {sentpackets,"tsung_controller@ip-172-31-6-161"} 1 3662.0 0.0 3752 170 2012.44 25
stats: {cpu,"tsung_controller@ip-172-31-6-161"} 1 9.883720930232558 0.0 12.392755004766444 2.0689655172413794 5.478896567994894 26
stats: session 37 45462.855264199745 10269.538012510957 71883.31494140625 13458.882080078125 36549.80015122834 422
stats: users_count 66 667
stats: finish_users_count 37 459
stats: request 977 1062.5290165006063 1377.297528659731 5692.195068359375 0.535888671875 831.5167445959378 11093
stats: connect 59 2.6477961136122885 2.714748041562878 109.693115234375 0.501953125 3.1716679491861437 599
stats: page 977 1062.5290165006063 1377.297528659731 5692.195068359375 0.535888671875 831.5167445959378 11093
stats: 302 19 461
stats: 200 348 7383
stats: size_rcv 2185963 40940241
stats: newphase 0 4
stats: size_sent 400169 5382841
stats: connected 22 201
stats: 503 610 4226
# stats: dump at 1480590394
stats: users 221 222
stats: {load,"tsung_controller@ip-172-31-6-161"} 1 0.109375 0.0 0.1484375 0.0 0.06684027777777778 27
stats: {freemem,"tsung_controller@ip-172-31-6-161"} 1 3132.1171875 0.0 3161.7578125 3132.09375 3147.933159722222 27
stats: {recvpackets,"tsung_controller@ip-172-31-6-161"} 1 3617.0 0.0 3617 203 2258.923076923077 26
stats: {sentpackets,"tsung_controller@ip-172-31-6-161"} 1 3853.0 0.0 3853 170 2075.8846153846152 26
stats: {cpu,"tsung_controller@ip-172-31-6-161"} 1 10.766246362754607 0.0 12.392755004766444 2.0689655172413794 5.642038211040734 27
stats: session 38 43610.54881527549 7640.69065071857 71883.31494140625 13458.882080078125 37268.28171806917 459
stats: users_count 51 718
stats: finish_users_count 38 497
stats: request 1143 943.7165292387768 1378.8195517479526 5692.195068359375 0.535888671875 850.215915238097 12070
stats: connect 58 3.280542834051724 4.244531164593717 109.693115234375 0.501953125 3.1246946387015577 658
stats: page 1143 943.7165292387768 1378.8195517479526 5692.195068359375 0.535888671875 850.215915238097 12070
stats: 302 16 477
stats: 200 349 7732
stats: size_rcv 2280056 43220297
stats: newphase 0 4
stats: size_sent 466815 5849656
stats: connected 20 221
stats: 503 778 5004
# stats: dump at 1480590404
stats: users 230 232
stats: {load,"tsung_controller@ip-172-31-6-161"} 1 0.08984375 0.0 0.1484375 0.0 0.068359375 28
stats: {freemem,"tsung_controller@ip-172-31-6-161"} 1 3131.234375 0.0 3161.7578125 3131.234375 3147.3683035714284 28
stats: {recvpackets,"tsung_controller@ip-172-31-6-161"} 1 3944.0 0.0 3944 203 2309.2222222222226 27
stats: {sentpackets,"tsung_controller@ip-172-31-6-161"} 1 4218.0 0.0 4218 170 2141.703703703704 27
stats: {cpu,"tsung_controller@ip-172-31-6-161"} 1 12.655800575263662 0.0 12.655800575263662 2.0689655172413794 5.825045645030515 28
stats: session 55 41803.28288796165 8501.607485649969 71883.31494140625 13458.882080078125 37753.20354843907 497
stats: users_count 64 782
stats: finish_users_count 55 552
stats: request 1290 828.0048462860341 1288.1354872326651 5692.195068359375 0.535888671875 858.3042526181603 13213
stats: connect 64 2.8633995056152344 3.341499523005389 109.693115234375 0.501953125 3.1373192131852305 716
stats: page 1290 828.0048462860341 1288.1354872326651 5692.195068359375 0.535888671875 858.3042526181603 13213
stats: 302 17 494
stats: 200 360 8092
stats: size_rcv 2413117 45633414
stats: newphase 0 4
stats: size_sent 536140 6385796
stats: connected 10 231
stats: 503 914 5918
# stats: dump at 1480590414
stats: users 230 237
stats: {load,"tsung_controller@ip-172-31-6-161"} 1 0.078125 0.0 0.1484375 0.0 0.06910021551724138 29
stats: {freemem,"tsung_controller@ip-172-31-6-161"} 1 3129.85546875 0.0 3161.7578125 3129.85546875 3146.8119612068967 29
stats: {recvpackets,"tsung_controller@ip-172-31-6-161"} 1 4222.0 0.0 4222 203 2367.6071428571436 28
stats: {sentpackets,"tsung_controller@ip-172-31-6-161"} 1 4643.0 0.0 4643 170 2215.857142857143 28
stats: {cpu,"tsung_controller@ip-172-31-6-161"} 1 13.44137273593899 0.0 13.44137273593899 2.0689655172413794 6.060588918486831 29
stats: session 60 39688.98094889322 7926.47365215013 71883.31494140625 13458.882080078125 38156.744062340775 552
stats: users_count 60 842
stats: finish_users_count 60 612
stats: request 1468 744.5325924408208 1216.5635587552933 5692.195068359375 0.535888671875 855.6092078571837 14503
stats: connect 58 2.413389008620689 2.673009797727873 109.693115234375 0.501953125 3.11484375 780
stats: page 1468 744.5325924408208 1216.5635587552933 5692.195068359375 0.535888671875 855.6092078571837 14503
stats: 302 19 513
stats: 200 379 8471
stats: size_rcv 2594650 48228064
stats: newphase 0 4
stats: size_sent 596398 6982194
stats: connected 0 231
stats: 503 1069 6987
# stats: dump at 1480590424
stats: users 246 254
stats: {load,"tsung_controller@ip-172-31-6-161"} 1 0.05859375 0.0 0.1484375 0.0 0.06940104166666666 30
stats: {freemem,"tsung_controller@ip-172-31-6-161"} 1 3128.51171875 0.0 3161.7578125 3128.51171875 3146.2467447916665 30
stats: {recvpackets,"tsung_controller@ip-172-31-6-161"} 1 4557.0 0.0 4557 203 2431.5517241379316 29
stats: {sentpackets,"tsung_controller@ip-172-31-6-161"} 1 5084.0 0.0 5084 170 2299.551724137931 29
stats: {cpu,"tsung_controller@ip-172-31-6-161"} 1 14.477468839884947 0.0 14.477468839884947 2.0689655172413794 6.306615045735236 30
stats: session 76 35978.66623406661 8590.258145291224 71883.31494140625 13458.882080078125 38306.96336494396 612
stats: users_count 92 934
stats: finish_users_count 76 688
stats: request 1482 688.7535906134019 1199.7415947722584 5692.195068359375 0.535888671875 845.3994231579651 15971
stats: connect 95 2.626274671052632 3.0727101764071665 109.693115234375 0.4931640625 3.066294376491647 838
stats: page 1482 688.7535906134019 1199.7415947722584 5692.195068359375 0.535888671875 845.3994231579651 15971
stats: 302 20 533
stats: 200 350 8821
stats: size_rcv 2461983 50690047
stats: newphase 1 5
stats: size_sent 585763 7567957
stats: connected 17 248
stats: 503 1112 8099
# stats: dump at 1480590434
stats: users 296 298
stats: {load,"tsung_controller@ip-172-31-6-161"} 1 0.05078125 0.0 0.1484375 0.0 0.0690524193548387 31
stats: {freemem,"tsung_controller@ip-172-31-6-161"} 1 3128.0625 0.0 3161.7578125 3128.0625 3145.6746471774195 31
stats: {recvpackets,"tsung_controller@ip-172-31-6-161"} 1 4322.0 0.0 4557 203 2502.4000000000005 30
stats: {sentpackets,"tsung_controller@ip-172-31-6-161"} 1 5059.0 0.0 5084 170 2392.366666666667 30
stats: {cpu,"tsung_controller@ip-172-31-6-161"} 1 16.144349477682812 0.0 16.144349477682812 2.0689655172413794 6.570190974578774 31
stats: session 61 35402.13998863346 8342.760512389292 71883.31494140625 13458.882080078125 38049.76775164937 688
stats: users_count 111 1045
stats: finish_users_count 61 749
stats: request 1863 577.6374189343046 1236.2273375353118 5692.195068359375 0.535888671875 832.0980352114206 17453
stats: connect 107 2.9649418625876174 3.265512650321852 109.693115234375 0.4931640625 3.0214906551446945 933
stats: page 1863 577.6374189343046 1236.2273375353118 5692.195068359375 0.535888671875 832.0980352114206 17453
stats: 302 28 561
stats: 200 301 9122
stats: size_rcv 2381293 53071340
stats: newphase 0 5
stats: size_sent 700759 8268716
stats: connected 45 293
stats: 503 1538 9637
# stats: dump at 1480590444
stats: users 316 321
stats: {load,"tsung_controller@ip-172-31-6-161"} 1 0.12890625 0.0 0.1484375 0.0 0.0684814453125 32
stats: {freemem,"tsung_controller@ip-172-31-6-161"} 1 3124.0703125 0.0 3161.7578125 3124.0703125 3145.124267578125 32
stats: {recvpackets,"tsung_controller@ip-172-31-6-161"} 1 5152.0 0.0 5152 203 2561.0967741935488 31
stats: {sentpackets,"tsung_controller@ip-172-31-6-161"} 1 6127.0 0.0 6127 170 2478.3870967741937 31
stats: {cpu,"tsung_controller@ip-172-31-6-161"} 1 19.12464319695528 0.0 19.12464319695528 2.0689655172413794 6.869383427800776 32
stats: session 69 34231.09370046422 9395.706623682061 71883.31494140625 13458.882080078125 37834.13985639707 749
stats: users_count 89 1134
stats: finish_users_count 69 818
stats: request 2264 507.02528020097174 1143.3290584192723 5692.195068359375 0.535888671875 807.5556802660765 19316
stats: connect 92 3.0052835215692935 3.336279775405464 109.693115234375 0.483154296875 3.015672654371995 1040
stats: page 2264 507.02528020097174 1143.3290584192723 5692.195068359375 0.535888671875 807.5556802660765 19316
stats: 302 20 581
stats: 200 336 9458
stats: size_rcv 2780190 55851530
stats: newphase 0 5
stats: size_sent 850551 9119267
stats: connected 21 314
stats: 503 1904 11541
# stats: dump at 1480590454
stats: users 314 322
stats: {load,"tsung_controller@ip-172-31-6-161"} 1 0.109375 0.0 0.1484375 0.0 0.0703125 33
stats: {freemem,"tsung_controller@ip-172-31-6-161"} 1 3122.125 0.0 3161.7578125 3122.125 3144.486268939394 33
stats: {recvpackets,"tsung_controller@ip-172-31-6-161"} 1 5553.0 0.0 5553 203 2642.0625000000005 32
stats: {sentpackets,"tsung_controller@ip-172-31-6-161"} 1 6826.0 0.0 6826 170 2592.40625 32
stats: {cpu,"tsung_controller@ip-172-31-6-161"} 1 21.19771863117871 0.0 21.19771863117871 2.0689655172413794 7.240754935956973 33
stats: session 104 31095.07103553185 7156.1277127160765 71883.31494140625 13458.882080078125 37530.2154251509 818
stats: users_count 102 1236
stats: finish_users_count 104 922
stats: request 2289 467.9252028425691 1030.0721580606073 5692.195068359375 0.535888671875 776.0264483037319 21580
stats: connect 103 3.0964521389563107 3.291520428186944 109.693115234375 0.483154296875 3.014828307889797 1132
stats: page 2289 467.9252028425691 1030.0721580606073 5692.195068359375 0.535888671875 776.0264483037319 21580
stats: 302 20 601
stats: 200 367 9825
stats: size_rcv 2923219 58774749
stats: newphase 0 5
stats: size_sent 876020 9995287
stats: connected 2 316
stats: 503 1905 13446
# stats: dump at 1480590464
stats: users 299 322
stats: {load,"tsung_controller@ip-172-31-6-161"} 1 0.08984375 0.0 0.1484375 0.0 0.07146139705882353 34
stats: {freemem,"tsung_controller@ip-172-31-6-161"} 1 3121.484375 0.0 3161.7578125 3121.484375 3143.8285845588234 34
stats: {recvpackets,"tsung_controller@ip-172-31-6-161"} 1 5571.0 0.0 5571 203 2730.272727272728 33
stats: {sentpackets,"tsung_controller@ip-172-31-6-161"} 1 6716.0 0.0 6826 170 2720.6969696969695 33
stats: {cpu,"tsung_controller@ip-172-31-6-161"} 1 20.30505243088656 0.0 21.19771863117871 2.0689655172413794 7.651253868169378 34
stats: session 114 31779.547149122805 7065.221913005905 71883.31494140625 13458.882080078125 36804.34230528064 922
stats: users_count 99 1335
stats: finish_users_count 114 1036
stats: request 2159 505.6491380331968 1063.6321390589294 5692.195068359375 0.535888671875 746.480017751107 23869
stats: connect 98 2.3937888632015305 3.174138082016311 109.693115234375 0.483154296875 3.021635801492915 1235
stats: page 2159 505.6491380331968 1063.6321390589294 5692.195068359375 0.535888671875 746.480017751107 23869
stats: 302 21 622
stats: 200 363 10188
stats: size_rcv 2873804 61648553
stats: newphase 0 5
stats: size_sent 802076 10797363
stats: connected -16 300
stats: 503 1772 15218
# stats: dump at 1480590474
stats: users 295 322
stats: {load,"tsung_controller@ip-172-31-6-161"} 1 0.078125 0.0 0.1484375 0.0 0.07198660714285714 35
stats: {freemem,"tsung_controller@ip-172-31-6-161"} 1 3121.33984375 0.0 3161.7578125 3121.33984375 3143.1901785714285 35
stats: {recvpackets,"tsung_controller@ip-172-31-6-161"} 1 5554.0 0.0 5571 203 2813.823529411766 34
stats: {sentpackets,"tsung_controller@ip-172-31-6-161"} 1 6431.0 0.0 6826 170 2838.205882352941 34
stats: {cpu,"tsung_controller@ip-172-31-6-161"} 1 18.4688995215311 0.0 21.19771863117871 2.0689655172413794 8.012790969961298 35
stats: session 91 31022.962729653158 7339.4323008657475 71883.31494140625 13458.882080078125 36251.42083056829 1036
stats: users_count 87 1422
stats: finish_users_count 91 1127
stats: request 2019 543.8883149145613 1035.7983948469716 5692.195068359375 0.535888671875 726.5033053909192 26028
stats: connect 88 3.276802756569602 3.5466535703925355 109.693115234375 0.483154296875 2.975477511956114 1333
stats: page 2019 543.8883149145613 1035.7983948469716 5692.195068359375 0.535888671875 726.5033053909192 26028
stats: 302 15 637
stats: 200 419 10607
stats: size_rcv 3070078 64718631
stats: newphase 0 5
stats: size_sent 790055 11587418
stats: connected -1 299
stats: 503 1586 16804
# stats: dump at 1480590484
stats: users 362 363
stats: {load,"tsung_controller@ip-172-31-6-161"} 1 0.140625 0.0 0.1484375 0.0 0.07215711805555555 36
stats: {freemem,"tsung_controller@ip-172-31-6-161"} 1 3121.07421875 0.0 3161.7578125 3121.07421875 3142.5832248263887 36
stats: {recvpackets,"tsung_controller@ip-172-31-6-161"} 1 5763.0 0.0 5763 203 2892.1142857142863 35
stats: {sentpackets,"tsung_controller@ip-172-31-6-161"} 1 6753.0 0.0 6826 170 2940.8571428571427 35
stats: {cpu,"tsung_controller@ip-172-31-6-161"} 1 21.072436500470367 0.0 21.19771863117871 2.0689655172413794 8.303238429727125 36
stats: session 98 31017.658601721938 6285.511663755596 71883.31494140625 13458.882080078125 35829.24719509067 1127
stats: users_count 165 1587
stats: finish_users_count 98 1225
stats: request 2499 420.8079799302536 1018.1214858497742 5692.195068359375 0.535888671875 713.3575263139496 28047
stats: connect 162 3.4051800009645063 3.4668726738853466 109.693115234375 0.483154296875 2.99413804786462 1421
stats: page 2499 420.8079799302536 1018.1214858497742 5692.195068359375 0.535888671875 713.3575263139496 28047
stats: 302 22 659
stats: 200 331 10938
stats: size_rcv 2870812 67589443
stats: newphase 1 6
stats: size_sent 893135 12480553
stats: connected 60 359
stats: 503 2145 18949
# stats: dump at 1480590494
stats: users 406 411
stats: {load,"tsung_controller@ip-172-31-6-161"} 1 0.19140625 0.0 0.19140625 0.0 0.07400760135135136 37
stats: {freemem,"tsung_controller@ip-172-31-6-161"} 1 3117.98046875 0.0 3161.7578125 3117.98046875 3142.001900337838 37
stats: {recvpackets,"tsung_controller@ip-172-31-6-161"} 1 6143.0 0.0 6143 203 2971.8611111111113 36
stats: {sentpackets,"tsung_controller@ip-172-31-6-161"} 1 7958.0 0.0 7958 170 3046.75 36
stats: {cpu,"tsung_controller@ip-172-31-6-161"} 1 24.763705103969755 0.0 24.763705103969755 2.0689655172413794 8.648351891098566 37
stats: session 117 29183.461459168004 7239.074519194243 71883.31494140625 12082.526123046875 35444.32010762117 1225
stats: users_count 161 1748
stats: finish_users_count 117 1342
stats: request 3102 349.845608994701 1111.587736303314 6090.361083984375 0.535888671875 689.4237439394044 30546
stats: connect 165 2.888753255208334 2.8075863056104486 109.693115234375 0.483154296875 3.0362029855792008 1583
stats: page 3102 349.845608994701 1111.587736303314 6090.361083984375 0.535888671875 689.4237439394044 30546
stats: 302 33 692
stats: 200 238 11176
stats: size_rcv 2692441 70281884
stats: newphase 0 6
stats: size_sent 991019 13471572
stats: connected 50 409
stats: 503 2831 21780
# stats: dump at 1480590504
stats: users 423 427
stats: {load,"tsung_controller@ip-172-31-6-161"} 1 0.16015625 0.0 0.19140625 0.0 0.07709703947368421 38
stats: {freemem,"tsung_controller@ip-172-31-6-161"} 1 3113.8046875 0.0 3161.7578125 3113.8046875 3141.369757401316 38
stats: {recvpackets,"tsung_controller@ip-172-31-6-161"} 1 6571.0 0.0 6571 203 3057.5675675675675 37
stats: {sentpackets,"tsung_controller@ip-172-31-6-161"} 1 8639.0 0.0 8639 170 3179.4864864864867 37
stats: {cpu,"tsung_controller@ip-172-31-6-161"} 1 27.943925233644862 0.0 27.943925233644862 2.0689655172413794 9.072440133542544 38
stats: session 129 28223.358623652493 7885.189379795702 71883.31494140625 12082.526123046875 34898.47773663084 1342
stats: users_count 146 1894
stats: finish_users_count 129 1471
stats: request 3332 339.49092979476904 1036.5244236390527 6090.361083984375 0.535888671875 658.1181277185749 33648
stats: connect 144 2.8786790635850688 3.265649986152841 109.693115234375 0.483154296875 3.0222846757901887 1748
stats: page 3332 339.49092979476904 1036.5244236390527 6090.361083984375 0.535888671875 658.1181277185749 33648
stats: 302 29 721
stats: 200 278 11454
stats: size_rcv 3004558 73286442
stats: newphase 0 6
stats: size_sent 1074017 14545589
stats: connected 17 426
stats: 503 3025 24805
# stats: dump at 1480590514
stats: users 428 434
stats: {load,"tsung_controller@ip-172-31-6-161"} 1 0.21875 0.0 0.21875 0.0 0.07922676282051282 39
stats: {freemem,"tsung_controller@ip-172-31-6-161"} 1 3111.546875 0.0 3161.7578125 3111.546875 3140.6629607371797 39
stats: {recvpackets,"tsung_controller@ip-172-31-6-161"} 1 7628.0 0.0 7628 203 3150.0263157894738 38
stats: {sentpackets,"tsung_controller@ip-172-31-6-161"} 1 9510.0 0.0 9510 170 3323.157894736842 38
stats: {cpu,"tsung_controller@ip-172-31-6-161"} 1 29.029217719132895 0.0 29.029217719132895 2.0689655172413794 9.556324366878501 39
stats: session 148 26748.343042322103 5873.6085357971215 71883.31494140625 12082.526123046875 34313.10019375238 1471
stats: users_count 153 2047
stats: finish_users_count 148 1619
stats: request 3440 310.2075305317715 923.0904293671239 6090.361083984375 0.535888671875 629.4089383329037 36980
stats: connect 152 3.0543277138157894 3.67663445526853 109.693115234375 0.483154296875 3.0113548617534356 1892
stats: page 3440 310.2075305317715 923.0904293671239 6090.361083984375 0.535888671875 629.4089383329037 36980
stats: 302 22 743
stats: 200 300 11754
stats: size_rcv 3170831 76457273
stats: newphase 0 6
stats: size_sent 1149682 15695271
stats: connected 1 427
stats: 503 3118 27923
# stats: dump at 1480590524
stats: users 404 434
stats: {load,"tsung_controller@ip-172-31-6-161"} 1 0.26171875 0.0 0.26171875 0.0 0.08271484375 40
stats: {freemem,"tsung_controller@ip-172-31-6-161"} 1 3110.05859375 0.0 3161.7578125 3110.05859375 3139.93505859375 40
stats: {recvpackets,"tsung_controller@ip-172-31-6-161"} 1 7507.0 0.0 7628 203 3264.846153846154 39
stats: {sentpackets,"tsung_controller@ip-172-31-6-161"} 1 9528.0 0.0 9528 170 3481.7948717948716 39
stats: {cpu,"tsung_controller@ip-172-31-6-161"} 1 28.285714285714285 0.0 29.029217719132895 2.0689655172413794 10.043146700684861 40
stats: session 170 27727.413987821692 6474.372783358342 71883.31494140625 12082.526123046875 33621.572053905766 1619
stats: users_count 146 2193
stats: finish_users_count 170 1789
stats: request 3387 323.08285406229265 946.2039064751194 6090.361083984375 0.535888671875 602.2428610732329 40420
stats: connect 146 3.038853475492294 3.1291208964530854 109.693115234375 0.483154296875 3.014550494587818 2044
stats: page 3387 323.08285406229265 946.2039064751194 6090.361083984375 0.535888671875 602.2428610732329 40420
stats: 302 23 766
stats: 200 309 12063
stats: size_rcv 3189254 79646527
stats: newphase 0 6
stats: size_sent 1160119 16855390
stats: connected -24 403
stats: 503 3055 30978
# stats: dump at 1480590534
stats: users 374 434
stats: {load,"tsung_controller@ip-172-31-6-161"} 1 0.21875 0.0 0.26171875 0.0 0.08708079268292683 41
stats: {freemem,"tsung_controller@ip-172-31-6-161"} 1 3109.66015625 0.0 3161.7578125 3109.66015625 3139.206364329268 41
stats: {recvpackets,"tsung_controller@ip-172-31-6-161"} 1 6929.0 0.0 7628 203 3370.9 40
stats: {sentpackets,"tsung_controller@ip-172-31-6-161"} 1 8987.0 0.0 9528 170 3632.95 40
stats: {cpu,"tsung_controller@ip-172-31-6-161"} 1 27.586206896551722 0.0 29.029217719132895 2.0689655172413794 10.488087373490456 41
stats: session 159 26888.190550990075 6276.336824294701 71883.31494140625 12082.526123046875 33061.478777642886 1789
stats: users_count 129 2322
stats: finish_users_count 159 1948
stats: request 3147 355.1074859551264 1067.497998069826 6090.361083984375 0.535888671875 580.6592113426863 43807
stats: connect 132 3.469169847892992 3.0232611726140095 109.693115234375 0.483154296875 3.016170693314783 2190
stats: page 3147 355.1074859551264 1067.497998069826 6090.361083984375 0.535888671875 580.6592113426863 43807
stats: 302 28 794
stats: 200 270 12333
stats: size_rcv 2867961 82514488
stats: newphase 0 6
stats: size_sent 1034740 17890130
stats: connected -26 377
stats: 503 2850 33828
# stats: dump at 1480590544
stats: users 281 434
stats: {load,"tsung_controller@ip-172-31-6-161"} 1 0.26171875 0.0 0.26171875 0.0 0.09021577380952381 42
stats: {freemem,"tsung_controller@ip-172-31-6-161"} 1 3109.16796875 0.0 3161.7578125 3109.16796875 3138.502883184524 42
stats: {recvpackets,"tsung_controller@ip-172-31-6-161"} 1 6038.0 0.0 7628 203 3457.682926829268 41
stats: {sentpackets,"tsung_controller@ip-172-31-6-161"} 1 7704.0 0.0 9528 170 3763.5365853658536 41
stats: {cpu,"tsung_controller@ip-172-31-6-161"} 1 24.6485473289597 0.0 29.029217719132895 2.0689655172413794 10.895185457372868 42
stats: session 108 27552.212042914496 5979.859221237527 71883.31494140625 12082.526123046875 32557.60155585757 1948
stats: users_count 15 2337
stats: finish_users_count 108 2056
stats: request 2276 519.1121257654604 1018.1884114707254 6090.361083984375 0.535888671875 565.542048166074 46954
stats: connect 15 1.6502604166666666 2.0738353231019357 109.693115234375 0.483154296875 3.041922583239126 2322
stats: page 2276 519.1121257654604 1018.1884114707254 6090.361083984375 0.535888671875 565.542048166074 46954
stats: 302 13 807
stats: 200 466 12799
stats: size_rcv 3453420 85967908
stats: newphase 0 6
stats: size_sent 863253 18753383
stats: connected -95 282
stats: 503 1796 35624
# stats: dump at 1480590554
stats: users 184 434
stats: {load,"tsung_controller@ip-172-31-6-161"} 1 0.21875 0.0 0.26171875 0.0 0.09420421511627906 43
stats: {freemem,"tsung_controller@ip-172-31-6-161"} 1 3108.96484375 0.0 3161.7578125 3108.96484375 3137.820675872093 43
stats: {recvpackets,"tsung_controller@ip-172-31-6-161"} 1 5755.0 0.0 7628 203 3519.1190476190477 42
stats: {sentpackets,"tsung_controller@ip-172-31-6-161"} 1 5984.0 0.0 9528 170 3857.3571428571427 42
stats: {cpu,"tsung_controller@ip-172-31-6-161"} 1 15.950334288443171 0.0 29.029217719132895 2.0689655172413794 11.21503108229349 43
stats: session 97 30079.6435546875 5582.163488552524 71883.31494140625 12082.526123046875 32294.672534749665 2056
stats: users_count 0 2337
stats: finish_users_count 97 2153
stats: request 1196 895.0330081799353 912.0380057889791 6090.361083984375 0.535888671875 563.3955012762955 49230
stats: connect 0 0 0 109.693115234375 0.483154296875 3.0329902201674157 2337
stats: page 1196 895.0330081799353 912.0380057889791 6090.361083984375 0.535888671875 563.3955012762955 49230
stats: 302 0 807
stats: 200 587 13386
stats: size_rcv 3524963 89492871
stats: newphase 0 6
stats: size_sent 543417 19296800
stats: connected -95 187
stats: 503 610 36234
# stats: dump at 1480590564
stats: users 93 434
stats: {load,"tsung_controller@ip-172-31-6-161"} 1 0.19140625 0.0 0.26171875 0.0 0.09703480113636363 44
stats: {freemem,"tsung_controller@ip-172-31-6-161"} 1 3109.0078125 0.0 3161.7578125 3108.96484375 3137.164861505682 44
stats: {recvpackets,"tsung_controller@ip-172-31-6-161"} 1 4624.0 0.0 7628 203 3571.1162790697676 43
stats: {sentpackets,"tsung_controller@ip-172-31-6-161"} 1 4135.0 0.0 9528 170 3906.813953488372 43
stats: {cpu,"tsung_controller@ip-172-31-6-161"} 1 8.780487804878048 0.0 29.029217719132895 2.0689655172413794 11.322651609705984 44
stats: session 91 34930.870589371574 5937.284092217606 71883.31494140625 12082.526123046875 32194.87791744078 2153
stats: users_count 0 2337
stats: finish_users_count 91 2244
stats: request 631 1477.8064610984563 369.41678560775625 6090.361083984375 0.535888671875 571.2612542262966 50426
stats: connect 0 0 0 109.693115234375 0.483154296875 3.0329902201674157 2337
stats: page 631 1477.8064610984563 369.41678560775625 6090.361083984375 0.535888671875 571.2612542262966 50426
stats: 302 0 807
stats: 200 606 13992
stats: size_rcv 3346152 92839023
stats: newphase 0 6
stats: size_sent 264992 19561792
stats: connected -94 93
stats: 503 24 36258
# stats: dump at 1480590574
stats: users 7 434
stats: {load,"tsung_controller@ip-172-31-6-161"} 1 0.16015625 0.0 0.26171875 0.0 0.09913194444444444 45
stats: {freemem,"tsung_controller@ip-172-31-6-161"} 1 3109.328125 0.0 3161.7578125 3108.96484375 3136.5391493055554 45
stats: {recvpackets,"tsung_controller@ip-172-31-6-161"} 1 3788.0 0.0 7628 203 3595.0454545454545 44
stats: {sentpackets,"tsung_controller@ip-172-31-6-161"} 1 3432.0 0.0 9528 170 3912.0 44
stats: {cpu,"tsung_controller@ip-172-31-6-161"} 1 6.341463414634147 0.0 29.029217719132895 2.0689655172413794 11.266159080709807 45
stats: session 86 39407.38551224109 4271.534708197588 71883.31494140625 12082.526123046875 32305.829491926386 2244
stats: users_count 0 2337
stats: finish_users_count 86 2330
stats: request 349 406.5756619079064 388.3201967502204 6090.361083984375 0.535888671875 582.4650073950361 51057
stats: connect 0 0 0 109.693115234375 0.483154296875 3.0329902201674157 2337
stats: page 349 406.5756619079064 388.3201967502204 6090.361083984375 0.535888671875 582.4650073950361 51057
stats: 302 0 807
stats: 200 349 14341
stats: size_rcv 1913876 94752899
stats: newphase 0 6
stats: size_sent 138543 19700335
stats: connected -86 7
stats: 503 0 36258
# stats: dump at 1480590581
stats: users 0 434
stats: {load,"tsung_controller@ip-172-31-6-161"} 1 0.140625 0.0 0.26171875 0.0 0.10045855978260869 46
stats: {freemem,"tsung_controller@ip-172-31-6-161"} 1 3110.1171875 0.0 3161.7578125 3108.96484375 3135.947605298913 46
stats: {recvpackets,"tsung_controller@ip-172-31-6-161"} 1 364.0 0.0 7628 203 3599.3333333333335 45
stats: {sentpackets,"tsung_controller@ip-172-31-6-161"} 1 380.0 0.0 9528 170 3901.3333333333335 45
stats: {cpu,"tsung_controller@ip-172-31-6-161"} 1 1.6765285996055226 0.0 29.029217719132895 1.6765285996055226 11.159100479273379 46
stats: session 7 41589.05259486607 1705.821472137699 71883.31494140625 12082.526123046875 32567.94701027277 2330
stats: users_count 0 2337
stats: finish_users_count 7 2337
stats: request 8 10.53509521484375 7.240631125317478 6090.361083984375 0.535888671875 581.2708786634676 51406
stats: connect 0 0 0 109.693115234375 0.483154296875 3.0329902201674157 2337
stats: page 8 10.53509521484375 7.240631125317478 6090.361083984375 0.535888671875 581.2708786634676 51406
stats: 302 0 807
stats: 200 8 14349
stats: size_rcv 45007 94797906
stats: newphase 0 6
stats: size_sent 3645 19703980
stats: connected -7 0
stats: 503 0 36258
EndMonitor:{1480,590581,360737}
