# stats: dump at 1480609266
stats: users 7 8
stats: {load,"tsung_controller@ip-172-31-6-161"} 1 0.01171875 0 0.01171875 0.01171875 0 0
stats: {freemem,"tsung_controller@ip-172-31-6-161"} 1 3162.03125 0 3162.03125 3162.03125 0 0
stats: {cpu,"tsung_controller@ip-172-31-6-161"} 1 3.2074083159573163 0 3.2074083159573163 3.2074083159573163 0 0
stats: session 4 3303.6607666015625 592.0698094447955 4235.971923828125 2732.22412109375 0 0
stats: users_count 11 11
stats: finish_users_count 4 4
stats: request 30 172.92111002604167 272.89739154001546 1141.625 8.884033203125 0 0
stats: connect 11 15.827237215909092 38.04742627128449 135.375 1.365966796875 0 0
stats: page 30 172.92111002604167 272.89739154001546 1141.625 8.884033203125 0 0
stats: 200 30 30
stats: size_rcv 247962 247962
stats: size_sent 16014 16014
stats: connected 7 7
# stats: dump at 1480609276
stats: users 13 14
stats: {load,"tsung_controller@ip-172-31-6-161"} 1 0.0 0.0 0.01171875 0.0 0.01171875 1
stats: {freemem,"tsung_controller@ip-172-31-6-161"} 1 3159.9765625 0.0 3162.03125 3159.9765625 3162.03125 1
stats: {recvpackets,"tsung_controller@ip-172-31-6-161"} 1 275 0 275 275 0 0
stats: {sentpackets,"tsung_controller@ip-172-31-6-161"} 1 239 0 239 239 0 0
stats: {cpu,"tsung_controller@ip-172-31-6-161"} 1 2.75049115913556 0.0 3.2074083159573163 2.75049115913556 3.2074083159573163 1
stats: session 4 8914.080810546875 3345.9170261155778 13969.49609375 2732.22412109375 3303.6607666015625 4
stats: users_count 10 21
stats: finish_users_count 4 8
stats: request 24 2269.127187093099 2785.8968636514924 7422.283935546875 8.884033203125 172.92111002604167 30
stats: connect 10 1.599072265625 0.30728512816288683 135.375 1.240966796875 15.827237215909092 11
stats: page 24 2269.127187093099 2785.8968636514924 7422.283935546875 8.884033203125 172.92111002604167 30
stats: 200 24 54
stats: size_rcv 206836 454798
stats: size_sent 11153 27167
stats: connected 7 14
# stats: dump at 1480609286
stats: users 5 15
stats: {load,"tsung_controller@ip-172-31-6-161"} 1 0.0 0.0 0.01171875 0.0 0.005859375 2
stats: {freemem,"tsung_controller@ip-172-31-6-161"} 1 3159.37890625 0.0 3162.03125 3159.37890625 3161.00390625 2
stats: {recvpackets,"tsung_controller@ip-172-31-6-161"} 1 262.0 0.0 275 262 275.0 1
stats: {sentpackets,"tsung_controller@ip-172-31-6-161"} 1 235.0 0.0 239 235 239.0 1
stats: {cpu,"tsung_controller@ip-172-31-6-161"} 1 1.1846001974333662 0.0 3.2074083159573163 1.1846001974333662 2.978949737546438 2
stats: session 14 8937.725812639508 4325.556109022886 18068.4580078125 2732.22412109375 6108.870788574219 8
stats: users_count 6 27
stats: finish_users_count 14 22
stats: request 47 560.6922581449468 1038.3713971369089 7422.283935546875 8.884033203125 1104.5682553891781 54
stats: connect 6 1.6393636067708333 0.23503445639300724 135.375 1.240966796875 9.051920572916666 21
stats: page 47 560.6922581449468 1038.3713971369089 7422.283935546875 8.884033203125 1104.5682553891781 54
stats: 200 47 101
stats: size_rcv 423391 878189
stats: size_sent 27159 54326
stats: connected -8 6
# stats: dump at 1480609296
stats: users 5 15
stats: {load,"tsung_controller@ip-172-31-6-161"} 1 0.0 0.0 0.01171875 0.0 0.00390625 3
stats: {freemem,"tsung_controller@ip-172-31-6-161"} 1 3158.5390625 0.0 3162.03125 3158.5390625 3160.4622395833335 3
stats: {recvpackets,"tsung_controller@ip-172-31-6-161"} 1 421.0 0.0 421 262 268.5 2
stats: {sentpackets,"tsung_controller@ip-172-31-6-161"} 1 351.0 0.0 351 235 237.0 2
stats: {cpu,"tsung_controller@ip-172-31-6-161"} 1 1.7733990147783252 0.0 3.2074083159573163 1.1846001974333662 2.380833224175414 3
stats: session 12 10108.138916015627 6840.113803130213 22951.867919921875 2732.22412109375 7909.0512584339485 22
stats: users_count 12 39
stats: finish_users_count 12 34
stats: request 43 65.52485124454942 69.69486383657623 7422.283935546875 8.884033203125 851.4774447903775 101
stats: connect 12 1.7572835286458333 0.32446232165703 135.375 1.240966796875 7.404685691550926 27
stats: page 43 65.52485124454942 69.69486383657623 7422.283935546875 8.884033203125 851.4774447903775 101
stats: 200 43 144
stats: size_rcv 352946 1231135
stats: size_sent 24223 78549
stats: connected 1 7
# stats: dump at 1480609306
stats: users 7 15
stats: {load,"tsung_controller@ip-172-31-6-161"} 1 0.0 0.0 0.01171875 0.0 0.0029296875 4
stats: {freemem,"tsung_controller@ip-172-31-6-161"} 1 3158.4296875 0.0 3162.03125 3158.4296875 3159.9814453125 4
stats: {recvpackets,"tsung_controller@ip-172-31-6-161"} 1 373.0 0.0 421 262 319.3333333333333 3
stats: {sentpackets,"tsung_controller@ip-172-31-6-161"} 1 343.0 0.0 351 235 275.0 3
stats: {cpu,"tsung_controller@ip-172-31-6-161"} 1 1.8700787401574805 0.0 3.2074083159573163 1.1846001974333662 2.228974671826142 4
stats: session 9 6183.981092664931 2809.0003206269885 22951.867919921875 1936.6689453125 8685.199843462775 34
stats: users_count 11 50
stats: finish_users_count 9 43
stats: request 44 193.86856911399144 579.1300510063102 7422.283935546875 8.884033203125 616.7832675509983 144
stats: connect 11 1.6485262784090908 0.25928694185437606 135.375 1.240966796875 5.667023487580129 39
stats: page 44 193.86856911399144 579.1300510063102 7422.283935546875 8.884033203125 616.7832675509983 144
stats: 200 44 188
stats: size_rcv 395103 1626238
stats: size_sent 22702 101251
stats: connected 0 7
# stats: dump at 1480609316
stats: users 4 15
stats: {load,"tsung_controller@ip-172-31-6-161"} 1 0.0 0.0 0.01171875 0.0 0.00234375 5
stats: {freemem,"tsung_controller@ip-172-31-6-161"} 1 3158.46875 0.0 3162.03125 3158.4296875 3159.67109375 5
stats: {recvpackets,"tsung_controller@ip-172-31-6-161"} 1 414.0 0.0 421 262 332.75 4
stats: {sentpackets,"tsung_controller@ip-172-31-6-161"} 1 347.0 0.0 351 235 292.0 4
stats: {cpu,"tsung_controller@ip-172-31-6-161"} 1 1.3861386138613863 0.0 3.2074083159573163 1.1846001974333662 2.1571954854924096 5
stats: session 8 9460.515594482422 3294.7368497821226 22951.867919921875 1936.6689453125 8161.688942132994 43
stats: users_count 5 55
stats: finish_users_count 8 51
stats: request 24 77.94736735026041 90.51262078739543 7422.283935546875 8.884033203125 517.8032317465925 188
stats: connect 5 1.88681640625 0.36348649984526693 135.375 1.22900390625 4.782954101562501 50
stats: page 24 77.94736735026041 90.51262078739543 7422.283935546875 8.884033203125 517.8032317465925 188
stats: 200 24 212
stats: size_rcv 212316 1838554
stats: size_sent 13604 114855
stats: connected -3 4
# stats: dump at 1480609326
stats: users 14 15
stats: {load,"tsung_controller@ip-172-31-6-161"} 1 0.0 0.0 0.01171875 0.0 0.001953125 6
stats: {freemem,"tsung_controller@ip-172-31-6-161"} 1 3158.4453125 0.0 3162.03125 3158.4296875 3159.470703125 6
stats: {recvpackets,"tsung_controller@ip-172-31-6-161"} 1 191.0 0.0 421 191 349.0 5
stats: {sentpackets,"tsung_controller@ip-172-31-6-161"} 1 153.0 0.0 351 153 303.0 5
stats: {cpu,"tsung_controller@ip-172-31-6-161"} 1 1.282051282051282 0.0 3.2074083159573163 1.1846001974333662 2.0286860068872388 6
stats: session 8 5778.843841552734 3191.581019203206 22951.867919921875 1819.780029296875 8365.426456227022 51
stats: users_count 18 73
stats: finish_users_count 8 59
stats: request 49 64.09893176020408 80.94710347049217 7422.283935546875 8.884033203125 468.0082282300266 212
stats: connect 18 2.3865559895833335 2.4852535525759194 135.375 1.22900390625 4.519668856534091 55
stats: page 49 64.09893176020408 80.94710347049217 7422.283935546875 8.884033203125 468.0082282300266 212
stats: 200 49 261
stats: size_rcv 378909 2217463
stats: newphase 1 1
stats: size_sent 23960 138815
stats: connected 10 14
# stats: dump at 1480609336
stats: users 5 16
stats: {load,"tsung_controller@ip-172-31-6-161"} 1 0.078125 0.0 0.078125 0.0 0.0016741071428571428 7
stats: {freemem,"tsung_controller@ip-172-31-6-161"} 1 3158.08984375 0.0 3162.03125 3158.08984375 3159.32421875 7
stats: {recvpackets,"tsung_controller@ip-172-31-6-161"} 1 464.0 0.0 464 191 322.6666666666667 6
stats: {sentpackets,"tsung_controller@ip-172-31-6-161"} 1 409.0 0.0 409 153 278.0 6
stats: {cpu,"tsung_controller@ip-172-31-6-161"} 1 1.6798418972332017 0.0 3.2074083159573163 1.1846001974333662 1.922023903339245 7
stats: session 21 5915.641834077381 3103.0468303354405 22951.867919921875 884.25 8014.703389830508 59
stats: users_count 12 85
stats: finish_users_count 21 80
stats: request 69 163.13745471014488 403.6537779569325 7422.283935546875 8.47509765625 392.17851356710975 261
stats: connect 12 1.8793538411458333 0.6658096653798288 135.375 1.16796875 3.9936958208476026 73
stats: page 69 163.13745471014488 403.6537779569325 7422.283935546875 8.47509765625 392.17851356710975 261
stats: 200 69 330
stats: size_rcv 600342 2817805
stats: newphase 0 1
stats: size_sent 40275 179090
stats: connected -9 5
# stats: dump at 1480609346
stats: users 19 19
stats: {load,"tsung_controller@ip-172-31-6-161"} 1 0.0703125 0.0 0.078125 0.0 0.01123046875 8
stats: {freemem,"tsung_controller@ip-172-31-6-161"} 1 3156.99609375 0.0 3162.03125 3156.99609375 3159.169921875 8
stats: {recvpackets,"tsung_controller@ip-172-31-6-161"} 1 615.0 0.0 615 191 342.85714285714283 7
stats: {sentpackets,"tsung_controller@ip-172-31-6-161"} 1 561.0 0.0 561 153 296.7142857142857 7
stats: {cpu,"tsung_controller@ip-172-31-6-161"} 1 1.5857284440039643 0.0 3.2074083159573163 1.1846001974333662 1.8917511525759896 8
stats: session 8 6985.749786376953 4933.472112644977 22951.867919921875 616.856201171875 7463.699731445313 80
stats: users_count 22 107
stats: finish_users_count 8 88
stats: request 58 85.22284566945044 99.00268268083337 7422.283935546875 8.47509765625 344.2881103515625 330
stats: connect 22 1.8484108664772727 0.7565636714048404 135.375 1.16796875 3.6952004825367646 85
stats: page 58 85.22284566945044 99.00268268083337 7422.283935546875 8.47509765625 344.2881103515625 330
stats: 200 58 388
stats: size_rcv 461503 3279308
stats: newphase 0 1
stats: size_sent 29355 208445
stats: connected 14 19
# stats: dump at 1480609356
stats: users 13 19
stats: {load,"tsung_controller@ip-172-31-6-161"} 1 0.05859375 0.0 0.078125 0.0 0.017795138888888888 9
stats: {freemem,"tsung_controller@ip-172-31-6-161"} 1 3157.17578125 0.0 3162.03125 3156.99609375 3158.9283854166665 9
stats: {recvpackets,"tsung_controller@ip-172-31-6-161"} 1 568.0 0.0 615 191 376.875 8
stats: {sentpackets,"tsung_controller@ip-172-31-6-161"} 1 517.0 0.0 561 153 329.75 8
stats: {cpu,"tsung_controller@ip-172-31-6-161"} 1 2.0710059171597637 0.0 3.2074083159573163 1.1846001974333662 1.8577486294013201 9
stats: session 21 7162.15349469866 2793.8750808705736 22951.867919921875 616.856201171875 7420.249736439098 88
stats: users_count 15 122
stats: finish_users_count 21 109
stats: request 72 172.25402153862848 443.1292872183015 7422.283935546875 8.47509765625 305.5618594454736 388
stats: connect 14 2.0687953404017856 1.2234506683203685 135.375 1.051025390625 3.3154867297021027 107
stats: page 72 172.25402153862848 443.1292872183015 7422.283935546875 8.47509765625 305.5618594454736 388
stats: 200 72 460
stats: size_rcv 633678 3912986
stats: newphase 0 1
stats: size_sent 39965 248410
stats: connected -6 13
# stats: dump at 1480609366
stats: users 1 19
stats: {load,"tsung_controller@ip-172-31-6-161"} 1 0.05078125 0.0 0.078125 0.0 0.021875 10
stats: {freemem,"tsung_controller@ip-172-31-6-161"} 1 3156.546875 0.0 3162.03125 3156.546875 3158.753125 10
stats: {recvpackets,"tsung_controller@ip-172-31-6-161"} 1 635.0 0.0 635 191 398.1111111111111 9
stats: {sentpackets,"tsung_controller@ip-172-31-6-161"} 1 560.0 0.0 561 153 350.55555555555554 9
stats: {cpu,"tsung_controller@ip-172-31-6-161"} 1 2.263779527559055 0.0 3.2074083159573163 1.1846001974333662 1.8790743581771643 10
stats: session 20 7232.959606933594 3936.6715948341443 22951.867919921875 616.856201171875 7370.52477243406 109
stats: users_count 8 130
stats: finish_users_count 20 129
stats: request 58 131.78519834321122 211.6965956994541 7422.283935546875 8.47509765625 284.6962848165761 460
stats: connect 9 1.880859375 0.6033917862061077 135.375 1.051025390625 3.1712414449896693 121
stats: page 58 131.78519834321122 211.6965956994541 7422.283935546875 8.47509765625 284.6962848165761 460
stats: 200 58 518
stats: size_rcv 524286 4437272
stats: newphase 0 1
stats: size_sent 34386 282796
stats: connected -11 2
# stats: dump at 1480609376
stats: users 6 19
stats: {load,"tsung_controller@ip-172-31-6-161"} 1 0.0390625 0.0 0.078125 0.0 0.024502840909090908 11
stats: {freemem,"tsung_controller@ip-172-31-6-161"} 1 3156.91796875 0.0 3162.03125 3156.546875 3158.552556818182 11
stats: {recvpackets,"tsung_controller@ip-172-31-6-161"} 1 436.0 0.0 635 191 421.8 10
stats: {sentpackets,"tsung_controller@ip-172-31-6-161"} 1 383.0 0.0 561 153 371.5 10
stats: {cpu,"tsung_controller@ip-172-31-6-161"} 1 1.5810276679841897 0.0 3.2074083159573163 1.1846001974333662 1.9140475553937 11
stats: session 3 5808.865966796875 2324.0532575851653 22951.867919921875 616.856201171875 7349.196839798328 129
stats: users_count 8 138
stats: finish_users_count 3 132
stats: request 24 88.75954182942708 118.92285639803373 7422.283935546875 8.47509765625 267.5749662539214 518
stats: connect 8 1.73193359375 0.2949291000996969 135.375 1.051025390625 3.0819073016826923 130
stats: page 24 88.75954182942708 118.92285639803373 7422.283935546875 8.47509765625 267.5749662539214 518
stats: 200 24 542
stats: size_rcv 199860 4637132
stats: newphase 0 1
stats: size_sent 12134 294930
stats: connected 4 6
# stats: dump at 1480609386
stats: users 9 19
stats: {load,"tsung_controller@ip-172-31-6-161"} 1 0.0390625 0.0 0.078125 0.0 0.025716145833333332 12
stats: {freemem,"tsung_controller@ip-172-31-6-161"} 1 3156.80859375 0.0 3162.03125 3156.546875 3158.4163411458335 12
stats: {recvpackets,"tsung_controller@ip-172-31-6-161"} 1 264.0 0.0 635 191 423.09090909090907 11
stats: {sentpackets,"tsung_controller@ip-172-31-6-161"} 1 230.0 0.0 561 153 372.54545454545456 11
stats: {cpu,"tsung_controller@ip-172-31-6-161"} 1 1.9627085377821394 0.0 3.2074083159573163 1.1846001974333662 1.886295898109574 12
stats: session 15 5210.979524739583 2790.2153748535543 22951.867919921875 616.856201171875 7314.189319957386 132
stats: users_count 18 156
stats: finish_users_count 15 147
stats: request 62 59.15489541330645 52.060155111402715 7422.283935546875 8.47509765625 259.65694008014304 542
stats: connect 17 2.380816291360294 1.9801429602465848 135.375 1.031982421875 3.00364795629529 138
stats: page 62 59.15489541330645 52.060155111402715 7422.283935546875 8.47509765625 259.65694008014304 542
stats: 200 62 604
stats: size_rcv 494070 5131202
stats: newphase 1 2
stats: size_sent 33147 328077
stats: connected 2 8
# stats: dump at 1480609396
stats: users 11 19
stats: {load,"tsung_controller@ip-172-31-6-161"} 1 0.03125 0.0 0.078125 0.0 0.02674278846153846 13
stats: {freemem,"tsung_controller@ip-172-31-6-161"} 1 3156.6953125 0.0 3162.03125 3156.546875 3158.292668269231 13
stats: {recvpackets,"tsung_controller@ip-172-31-6-161"} 1 593.0 0.0 635 191 409.8333333333333 12
stats: {sentpackets,"tsung_controller@ip-172-31-6-161"} 1 514.0 0.0 561 153 360.6666666666667 12
stats: {cpu,"tsung_controller@ip-172-31-6-161"} 1 1.7786561264822136 0.0 3.2074083159573163 1.1846001974333662 1.8921737934690022 13
stats: session 19 5155.336991159539 2348.026473011476 22951.867919921875 616.856201171875 7099.576075547407 147
stats: users_count 21 177
stats: finish_users_count 19 166
stats: request 77 77.02846616274348 84.87263394107309 7422.283935546875 8.47509765625 239.07560436930882 604
stats: connect 22 2.017722389914773 1.1941517894496272 135.375 1.031982421875 2.935337386592742 155
stats: page 77 77.02846616274348 84.87263394107309 7422.283935546875 8.47509765625 239.07560436930882 604
stats: 200 77 681
stats: size_rcv 624517 5755719
stats: newphase 0 2
stats: size_sent 40730 368807
stats: connected 3 11
# stats: dump at 1480609406
stats: users 11 19
stats: {load,"tsung_controller@ip-172-31-6-161"} 1 0.109375 0.0 0.109375 0.0 0.027064732142857144 14
stats: {freemem,"tsung_controller@ip-172-31-6-161"} 1 3156.703125 0.0 3162.03125 3156.546875 3158.1785714285716 14
stats: {recvpackets,"tsung_controller@ip-172-31-6-161"} 1 687.0 0.0 687 191 423.9230769230769 13
stats: {sentpackets,"tsung_controller@ip-172-31-6-161"} 1 613.0 0.0 613 153 372.46153846153845 13
stats: {cpu,"tsung_controller@ip-172-31-6-161"} 1 2.075098814229249 0.0 3.2074083159573163 1.1846001974333662 1.8840653886842316 14
stats: session 21 5009.696963355654 3090.821413154368 22951.867919921875 616.856201171875 6877.0426863704815 166
stats: users_count 21 198
stats: finish_users_count 21 187
stats: request 89 102.73349719101124 116.95790835763881 7422.283935546875 8.47509765625 220.7530938819292 681
stats: connect 21 1.7205054873511905 0.39089578321413243 135.375 1.031982421875 2.82128354519774 177
stats: page 89 102.73349719101124 116.95790835763881 7422.283935546875 8.47509765625 220.7530938819292 681
stats: 200 89 770
stats: size_rcv 771324 6527043
stats: newphase 0 2
stats: size_sent 49243 418050
stats: connected 0 11
# stats: dump at 1480609416
stats: users 10 19
stats: {load,"tsung_controller@ip-172-31-6-161"} 1 0.171875 0.0 0.171875 0.0 0.032552083333333336 15
stats: {freemem,"tsung_controller@ip-172-31-6-161"} 1 3156.81640625 0.0 3162.03125 3156.546875 3158.0802083333333 15
stats: {recvpackets,"tsung_controller@ip-172-31-6-161"} 1 764.0 0.0 764 191 442.7142857142857 14
stats: {sentpackets,"tsung_controller@ip-172-31-6-161"} 1 668.0 0.0 668 153 389.64285714285717 14
stats: {cpu,"tsung_controller@ip-172-31-6-161"} 1 2.270483711747285 0.0 3.2074083159573163 1.1846001974333662 1.896800950387233 15
stats: session 13 5528.914024939904 2227.1775001255023 22951.867919921875 616.856201171875 6667.340760256518 187
stats: users_count 12 210
stats: finish_users_count 13 200
stats: request 51 85.24668255974261 93.87770082250202 7422.283935546875 8.47509765625 207.111867770901 770
stats: connect 12 1.6274617513020833 0.32690445578111255 135.375 1.031982421875 2.7045343572443183 198
stats: page 51 85.24668255974261 93.87770082250202 7422.283935546875 8.47509765625 207.111867770901 770
stats: 200 51 821
stats: size_rcv 417400 6944443
stats: newphase 0 2
stats: size_sent 28904 446954
stats: connected -1 10
# stats: dump at 1480609426
stats: users 15 19
stats: {load,"tsung_controller@ip-172-31-6-161"} 1 0.140625 0.0 0.171875 0.0 0.041259765625 16
stats: {freemem,"tsung_controller@ip-172-31-6-161"} 1 3156.875 0.0 3162.03125 3156.546875 3158.001220703125 16
stats: {recvpackets,"tsung_controller@ip-172-31-6-161"} 1 458.0 0.0 764 191 464.1333333333333 15
stats: {sentpackets,"tsung_controller@ip-172-31-6-161"} 1 398.0 0.0 668 153 408.2 15
stats: {cpu,"tsung_controller@ip-172-31-6-161"} 1 1.5810276679841897 0.0 3.2074083159573163 1.1846001974333662 1.9201561229722361 16
stats: session 13 8657.359619140625 5042.958868013543 22951.867919921875 616.856201171875 6593.343022460937 200
stats: users_count 18 228
stats: finish_users_count 13 213
stats: request 61 154.15839123335041 395.0757141015049 7422.283935546875 8.47509765625 199.54167965181566 821
stats: connect 18 1.8093668619791667 0.4981761905777159 135.375 1.031982421875 2.642987351190476 210
stats: page 61 154.15839123335041 395.0757141015049 7422.283935546875 8.47509765625 199.54167965181566 821
stats: 200 61 882
stats: size_rcv 530213 7474656
stats: newphase 0 2
stats: size_sent 31315 478269
stats: connected 5 15
# stats: dump at 1480609436
stats: users 14 19
stats: {load,"tsung_controller@ip-172-31-6-161"} 1 0.12109375 0.0 0.171875 0.0 0.047104779411764705 17
stats: {freemem,"tsung_controller@ip-172-31-6-161"} 1 3156.8671875 0.0 3162.03125 3156.546875 3157.9349724264707 17
stats: {recvpackets,"tsung_controller@ip-172-31-6-161"} 1 565.0 0.0 764 191 463.75 16
stats: {sentpackets,"tsung_controller@ip-172-31-6-161"} 1 489.0 0.0 668 153 407.5625 16
stats: {cpu,"tsung_controller@ip-172-31-6-161"} 1 1.8756169792694966 0.0 3.2074083159573163 1.1846001974333662 1.9002073903258805 17
stats: session 21 7573.371186755952 5049.867129649665 22951.867919921875 616.856201171875 6719.315866389745 213
stats: users_count 20 248
stats: finish_users_count 21 234
stats: request 80 88.70496520996095 91.82986371303518 7422.283935546875 8.47509765625 196.40292614441614 882
stats: connect 20 1.85986328125 0.7717787902733522 135.375 1.031982421875 2.577175207305373 228
stats: page 80 88.70496520996095 91.82986371303518 7422.283935546875 8.47509765625 196.40292614441614 882
stats: 200 80 962
stats: size_rcv 674147 8148803
stats: newphase 0 2
stats: size_sent 43715 521984
stats: connected 0 15
# stats: dump at 1480609446
stats: users 28 30
stats: {load,"tsung_controller@ip-172-31-6-161"} 1 0.1015625 0.0 0.171875 0.0 0.051215277777777776 18
stats: {freemem,"tsung_controller@ip-172-31-6-161"} 1 3156.89453125 0.0 3162.03125 3156.546875 3157.8756510416665 18
stats: {recvpackets,"tsung_controller@ip-172-31-6-161"} 1 681.0 0.0 764 191 469.70588235294116 17
stats: {sentpackets,"tsung_controller@ip-172-31-6-161"} 1 585.0 0.0 668 153 412.3529411764706 17
stats: {cpu,"tsung_controller@ip-172-31-6-161"} 1 2.551521099116781 0.0 3.2074083159573163 1.1846001974333662 1.8988412563783035 18
stats: session 22 8159.642844460227 3408.2409005668105 22951.867919921875 616.856201171875 6795.96185667902 234
stats: users_count 36 284
stats: finish_users_count 22 256
stats: request 119 152.13615661108193 202.21441682311936 7422.283935546875 7.906005859375 187.44675475693546 962
stats: connect 36 4.521233452690973 11.612600696234308 135.375 0.986083984375 2.5193274713331655 248
stats: page 119 152.13615661108193 202.21441682311936 7422.283935546875 7.906005859375 187.44675475693546 962
stats: 200 119 1081
stats: size_rcv 995115 9143918
stats: newphase 1 3
stats: size_sent 64635 586619
stats: connected 14 29
# stats: dump at 1480609456
stats: users 37 38
stats: {load,"tsung_controller@ip-172-31-6-161"} 1 0.08984375 0.0 0.171875 0.0 0.053865131578947366 19
stats: {freemem,"tsung_controller@ip-172-31-6-161"} 1 3154.9375 0.0 3162.03125 3154.9375 3157.8240131578946 19
stats: {recvpackets,"tsung_controller@ip-172-31-6-161"} 1 1218.0 0.0 1218 191 481.44444444444446 18
stats: {sentpackets,"tsung_controller@ip-172-31-6-161"} 1 1105.0 0.0 1105 153 421.94444444444446 18
stats: {cpu,"tsung_controller@ip-172-31-6-161"} 1 2.967359050445104 0.0 3.2074083159573163 1.1846001974333662 1.93319282704875 19
stats: session 31 7434.5150500882055 3211.5668434824984 22951.867919921875 616.856201171875 6913.153191566467 256
stats: users_count 40 324
stats: finish_users_count 31 287
stats: request 136 612.5220031738281 1320.0809616129598 7422.283935546875 7.906005859375 183.55964913310885 1081
stats: connect 39 2.1152406350160255 1.506526237212324 135.375 0.986083984375 2.7730902013644365 284
stats: page 136 612.5220031738281 1320.0809616129598 7422.283935546875 7.906005859375 183.55964913310885 1081
stats: 200 136 1217
stats: size_rcv 1158088 10302006
stats: newphase 0 3
stats: size_sent 73868 660487
stats: connected 7 36
# stats: dump at 1480609466
stats: users 24 38
stats: {load,"tsung_controller@ip-172-31-6-161"} 1 0.1484375 0.0 0.171875 0.0 0.0556640625 20
stats: {freemem,"tsung_controller@ip-172-31-6-161"} 1 3153.37109375 0.0 3162.03125 3153.37109375 3157.6796875 20
stats: {recvpackets,"tsung_controller@ip-172-31-6-161"} 1 1335.0 0.0 1335 191 520.2105263157895 19
stats: {sentpackets,"tsung_controller@ip-172-31-6-161"} 1 1176.0 0.0 1176 153 457.89473684210526 19
stats: {cpu,"tsung_controller@ip-172-31-6-161"} 1 3.057199211045365 0.0 3.2074083159573163 1.1846001974333662 1.9849011382185675 20
stats: session 42 7815.663643973215 4001.6781647447533 22951.867919921875 616.856201171875 6969.467538654181 287
stats: users_count 29 353
stats: finish_users_count 42 329
stats: request 143 383.29138610413014 901.457228924769 9254.010009765625 7.906005859375 231.49628031596652 1217
stats: connect 30 1.8314778645833334 0.5777788034097826 135.375 0.986083984375 2.693659448771285 323
stats: page 143 383.29138610413014 901.457228924769 9254.010009765625 7.906005859375 231.49628031596652 1217
stats: 200 143 1360
stats: size_rcv 1256676 11558682
stats: newphase 0 3
stats: size_sent 80282 740769
stats: connected -12 24
# stats: dump at 1480609476
stats: users 24 38
stats: {load,"tsung_controller@ip-172-31-6-161"} 1 0.12109375 0.0 0.171875 0.0 0.06008184523809524 21
stats: {freemem,"tsung_controller@ip-172-31-6-161"} 1 3153.41015625 0.0 3162.03125 3153.37109375 3157.4745163690477 21
stats: {recvpackets,"tsung_controller@ip-172-31-6-161"} 1 1266.0 0.0 1335 191 560.95 20
stats: {sentpackets,"tsung_controller@ip-172-31-6-161"} 1 1078.0 0.0 1176 153 493.8 20
stats: {cpu,"tsung_controller@ip-172-31-6-161"} 1 2.8627838104639687 0.0 3.2074083159573163 1.1846001974333662 2.03596295121032 21
stats: session 35 6539.154401506697 4539.206815885958 22951.867919921875 616.856201171875 7077.49257337576 329
stats: users_count 35 388
stats: finish_users_count 35 364
stats: request 147 227.30872993728747 1078.0332489458083 12442.571044921875 7.906005859375 247.45708923339845 1360
stats: connect 35 1.901478794642857 0.9358052918743308 135.375 0.986083984375 2.620386226319051 353
stats: page 147 227.30872993728747 1078.0332489458083 12442.571044921875 7.906005859375 247.45708923339845 1360
stats: 200 148 1508
stats: size_rcv 1229521 12788203
stats: newphase 0 3
stats: size_sent 79848 820617
stats: connected 0 24
# stats: dump at 1480609486
stats: users 35 38
stats: {load,"tsung_controller@ip-172-31-6-161"} 1 0.109375 0.0 0.171875 0.0 0.06285511363636363 22
stats: {freemem,"tsung_controller@ip-172-31-6-161"} 1 3153.421875 0.0 3162.03125 3153.37109375 3157.2897727272725 22
stats: {recvpackets,"tsung_controller@ip-172-31-6-161"} 1 1263.0 0.0 1335 191 594.5238095238095 21
stats: {sentpackets,"tsung_controller@ip-172-31-6-161"} 1 1098.0 0.0 1176 153 521.6190476190476 21
stats: {cpu,"tsung_controller@ip-172-31-6-161"} 1 3.343166175024582 0.0 3.343166175024582 1.1846001974333662 2.073545717540031 22
stats: session 31 6680.454408707157 2983.846059501805 22951.867919921875 616.856201171875 7025.7292876191195 364
stats: users_count 42 430
stats: finish_users_count 31 395
stats: request 142 284.9476318359375 543.9803780541756 12442.571044921875 7.906005859375 245.49172173736108 1507
stats: connect 42 2.959885370163691 3.9754681806507355 135.375 0.986083984375 2.5555363291317654 388
stats: page 142 284.9476318359375 543.9803780541756 12442.571044921875 7.906005859375 245.49172173736108 1507
stats: 200 141 1649
stats: size_rcv 1163044 13951247
stats: newphase 0 3
stats: size_sent 77082 897699
stats: connected 11 35
# stats: dump at 1480609496
stats: users 35 38
stats: {load,"tsung_controller@ip-172-31-6-161"} 1 0.08984375 0.0 0.171875 0.0 0.06487771739130435 23
stats: {freemem,"tsung_controller@ip-172-31-6-161"} 1 3153.27734375 0.0 3162.03125 3153.27734375 3157.1216032608695 23
stats: {recvpackets,"tsung_controller@ip-172-31-6-161"} 1 1367.0 0.0 1367 191 624.9090909090909 22
stats: {sentpackets,"tsung_controller@ip-172-31-6-161"} 1 1220.0 0.0 1220 153 547.8181818181819 22
stats: {cpu,"tsung_controller@ip-172-31-6-161"} 1 3.3497536945812803 0.0 3.3497536945812803 1.1846001974333662 2.128746606995881 23
stats: session 41 8099.701427924923 4286.823559870367 24442.760009765625 616.856201171875 6998.631765476662 395
stats: users_count 41 471
stats: finish_users_count 41 436
stats: request 155 561.6566138482862 1623.4797873870032 14891.73388671875 7.906005859375 248.8893804602221 1649
stats: connect 36 1.7187025282118056 0.36647629826038 135.375 0.986083984375 2.595030886627907 430
stats: page 155 561.6566138482862 1623.4797873870032 14891.73388671875 7.906005859375 248.8893804602221 1649
stats: 200 155 1804
stats: size_rcv 1342686 15293933
stats: newphase 0 3
stats: size_sent 84032 981731
stats: connected -3 32
# stats: dump at 1480609506
stats: users 53 56
stats: {load,"tsung_controller@ip-172-31-6-161"} 1 0.078125 0.0 0.171875 0.0 0.06591796875 24
stats: {freemem,"tsung_controller@ip-172-31-6-161"} 1 3153.15625 0.0 3162.03125 3153.15625 3156.96142578125 24
stats: {recvpackets,"tsung_controller@ip-172-31-6-161"} 1 1542.0 0.0 1542 191 657.1739130434783 23
stats: {sentpackets,"tsung_controller@ip-172-31-6-161"} 1 1382.0 0.0 1382 153 577.0434782608696 23
stats: {cpu,"tsung_controller@ip-172-31-6-161"} 1 3.645320197044335 0.0 3.645320197044335 1.1846001974333662 2.1796219023119394 24
stats: session 45 8092.449446614583 3947.6509178477086 24442.760009765625 616.856201171875 7102.172719972943 436
stats: users_count 63 534
stats: finish_users_count 45 481
stats: request 207 498.68708012530186 613.3011631438585 14891.73388671875 7.906005859375 275.7623966326999 1804
stats: connect 65 2.5789212740384615 3.0985594351710612 135.375 0.986083984375 2.527331700140826 466
stats: page 207 498.68708012530186 613.3011631438585 14891.73388671875 7.906005859375 275.7623966326999 1804
stats: 200 207 2011
stats: size_rcv 1661678 16955611
stats: newphase 1 4
stats: size_sent 111975 1093706
stats: connected 23 55
# stats: dump at 1480609516
stats: users 57 59
stats: {load,"tsung_controller@ip-172-31-6-161"} 1 0.05859375 0.0 0.171875 0.0 0.06640625 25
stats: {freemem,"tsung_controller@ip-172-31-6-161"} 1 3150.12109375 0.0 3162.03125 3150.12109375 3156.80921875 25
stats: {recvpackets,"tsung_controller@ip-172-31-6-161"} 1 2070.0 0.0 2070 191 694.0416666666666 24
stats: {sentpackets,"tsung_controller@ip-172-31-6-161"} 1 1865.0 0.0 1865 153 610.5833333333334 24
stats: {cpu,"tsung_controller@ip-172-31-6-161"} 1 4.724409448818897 0.0 4.724409448818897 1.1846001974333662 2.238249834101235 25
stats: session 55 8073.898739346591 3223.1934699360327 24442.760009765625 616.856201171875 7194.818151779334 481
stats: users_count 59 593
stats: finish_users_count 55 536
stats: request 232 823.3134933997846 901.1454793150464 14891.73388671875 7.906005859375 298.7088956297007 2011
stats: connect 60 1.9615112304687492 1.2315224001072804 135.375 0.986083984375 2.5336468080567327 531
stats: page 232 823.3134933997846 901.1454793150464 14891.73388671875 7.906005859375 298.7088956297007 2011
stats: 200 233 2244
stats: size_rcv 1916063 18871674
stats: newphase 0 4
stats: size_sent 127799 1221505
stats: connected 0 55
# stats: dump at 1480609526
stats: users 61 71
stats: {load,"tsung_controller@ip-172-31-6-161"} 1 0.05078125 0.0 0.171875 0.0 0.06610576923076923 26
stats: {freemem,"tsung_controller@ip-172-31-6-161"} 1 3149.87109375 0.0 3162.03125 3149.87109375 3156.551983173077 26
stats: {recvpackets,"tsung_controller@ip-172-31-6-161"} 1 1783.0 0.0 2070 191 749.08 25
stats: {sentpackets,"tsung_controller@ip-172-31-6-161"} 1 1598.0 0.0 1865 153 660.76 25
stats: {cpu,"tsung_controller@ip-172-31-6-161"} 1 3.842364532019704 0.0 4.724409448818897 1.1846001974333662 2.3338713577442216 26
stats: session 51 11157.733843635111 4467.370822693345 29477.281982421875 616.856201171875 7285.022316548362 536
stats: users_count 55 648
stats: finish_users_count 51 587
stats: request 217 1280.3937459497402 1585.6261034401755 17174.407958984375 7.906005859375 352.9702717699858 2243
stats: connect 57 2.157068085252193 1.919167893855832 135.375 0.98486328125 2.475561977844755 591
stats: page 217 1280.3937459497402 1585.6261034401755 17174.407958984375 7.906005859375 352.9702717699858 2243
stats: 200 216 2460
stats: size_rcv 1843552 20715226
stats: newphase 0 4
stats: size_sent 129934 1351439
stats: connected 8 63
# stats: dump at 1480609536
stats: users 65 71
stats: {load,"tsung_controller@ip-172-31-6-161"} 1 0.05078125 0.0 0.171875 0.0 0.06553819444444445 27
stats: {freemem,"tsung_controller@ip-172-31-6-161"} 1 3149.61328125 0.0 3162.03125 3149.61328125 3156.304542824074 27
stats: {recvpackets,"tsung_controller@ip-172-31-6-161"} 1 2141.0 0.0 2141 191 788.8461538461538 26
stats: {sentpackets,"tsung_controller@ip-172-31-6-161"} 1 1951.0 0.0 1951 153 696.8076923076923 26
stats: {cpu,"tsung_controller@ip-172-31-6-161"} 1 4.437869822485207 0.0 4.724409448818897 1.1846001974333662 2.38974147530998 27
stats: session 47 11814.905231881648 4620.724591432281 29477.281982421875 616.856201171875 7621.492994370209 587
stats: users_count 51 699
stats: finish_users_count 47 634
stats: request 181 1499.809450265452 1111.2550376482113 17174.407958984375 7.906005859375 434.77957823218367 2460
stats: connect 48 1.9684651692708333 0.9265838212284624 135.375 0.98486328125 2.4475463113667058 648
stats: page 181 1499.809450265452 1111.2550376482113 17174.407958984375 7.906005859375 434.77957823218367 2460
stats: 200 181 2641
stats: size_rcv 1553900 22269126
stats: newphase 0 4
stats: size_sent 101561 1453000
stats: connected 1 64
# stats: dump at 1480609546
stats: users 86 86
stats: {load,"tsung_controller@ip-172-31-6-161"} 1 0.0390625 0.0 0.171875 0.0 0.06501116071428571 28
stats: {freemem,"tsung_controller@ip-172-31-6-161"} 1 3149.015625 0.0 3162.03125 3149.015625 3156.0655691964284 28
stats: {recvpackets,"tsung_controller@ip-172-31-6-161"} 1 1575.0 0.0 2141 191 838.925925925926 27
stats: {sentpackets,"tsung_controller@ip-172-31-6-161"} 1 1363.0 0.0 1951 153 743.2592592592592 27
stats: {cpu,"tsung_controller@ip-172-31-6-161"} 1 3.8348082595870205 0.0 4.724409448818897 1.1846001974333662 2.462888916280524 28
stats: session 35 13442.341741071428 5333.206684952566 30423.22900390625 616.856201171875 7932.361093996451 634
stats: users_count 56 755
stats: finish_users_count 35 669
stats: request 160 2492.7329849243165 1495.266000394937 17174.407958984375 7.906005859375 507.771023456728 2641
stats: connect 56 2.045170375279018 1.3242736210979345 135.375 0.98486328125 2.414506232601473 696
stats: page 160 2492.7329849243165 1495.266000394937 17174.407958984375 7.906005859375 507.771023456728 2641
stats: 200 160 2801
stats: size_rcv 1335638 23604764
stats: newphase 0 4
stats: size_sent 95639 1548639
stats: connected 22 86
# stats: dump at 1480609556
stats: users 109 111
stats: {load,"tsung_controller@ip-172-31-6-161"} 1 0.03125 0.0 0.171875 0.0 0.06411637931034483 29
stats: {freemem,"tsung_controller@ip-172-31-6-161"} 1 3147.55859375 0.0 3162.03125 3147.55859375 3155.822467672414 29
stats: {recvpackets,"tsung_controller@ip-172-31-6-161"} 1 1605.0 0.0 2141 191 865.2142857142857 28
stats: {sentpackets,"tsung_controller@ip-172-31-6-161"} 1 1399.0 0.0 1951 153 765.3928571428571 28
stats: {cpu,"tsung_controller@ip-172-31-6-161"} 1 3.652517275419546 0.0 4.724409448818897 1.1846001974333662 2.510196479842817 29
stats: session 36 16088.504889594184 5561.138982193318 30423.22900390625 616.856201171875 8220.626150270928 669
stats: users_count 59 814
stats: finish_users_count 36 705
stats: request 190 3234.994039113898 2819.451883227968 24577.698974609375 7.906005859375 621.1569262895785 2801
stats: connect 60 1.845475260416667 0.6738226905886184 135.375 0.969970703125 2.3870024985455456 752
stats: page 190 3234.994039113898 2819.451883227968 24577.698974609375 7.906005859375 621.1569262895785 2801
stats: 200 190 2991
stats: size_rcv 1557849 25162613
stats: newphase 0 4
stats: size_sent 113084 1661723
stats: connected 24 110
# stats: dump at 1480609566
stats: users 151 151
stats: {load,"tsung_controller@ip-172-31-6-161"} 1 0.03125 0.0 0.171875 0.0 0.06302083333333335 30
stats: {freemem,"tsung_controller@ip-172-31-6-161"} 1 3144.8671875 0.0 3162.03125 3144.8671875 3155.5470052083333 30
stats: {recvpackets,"tsung_controller@ip-172-31-6-161"} 1 1839.0 0.0 2141 191 890.7241379310345 29
stats: {sentpackets,"tsung_controller@ip-172-31-6-161"} 1 1595.0 0.0 1951 153 787.2413793103449 29
stats: {cpu,"tsung_controller@ip-172-31-6-161"} 1 4.808635917566241 0.0 4.808635917566241 1.1846001974333662 2.5482738396953746 30
stats: session 53 18288.221707326058 6749.988416438025 39467.80810546875 616.856201171875 8622.39017100233 705
stats: users_count 95 909
stats: finish_users_count 53 758
stats: request 224 3611.2016350882395 2588.7900196047394 24577.698974609375 7.906005859375 787.1980668568204 2991
stats: connect 93 2.1843681745631724 2.844435493623944 135.375 0.969970703125 2.346988170604988 812
stats: page 224 3611.2016350882395 2588.7900196047394 24577.698974609375 7.906005859375 787.1980668568204 2991
stats: 200 225 3216
stats: size_rcv 1855496 27018109
stats: newphase 1 5
stats: size_sent 114307 1776030
stats: connected 38 148
# stats: dump at 1480609576
stats: users 206 208
stats: {load,"tsung_controller@ip-172-31-6-161"} 1 0.01953125 0.0 0.171875 0.0 0.0619959677419355 31
stats: {freemem,"tsung_controller@ip-172-31-6-161"} 1 3139.73828125 0.0 3162.03125 3139.73828125 3155.2024949596776 31
stats: {recvpackets,"tsung_controller@ip-172-31-6-161"} 1 2264.0 0.0 2264 191 922.3333333333334 30
stats: {sentpackets,"tsung_controller@ip-172-31-6-161"} 1 2119.0 0.0 2119 153 814.1666666666666 30
stats: {cpu,"tsung_controller@ip-172-31-6-161"} 1 5.905511811023622 0.0 5.905511811023622 1.1846001974333662 2.621188745433144 31
stats: session 34 22379.07233025046 5173.548405962658 39467.80810546875 616.856201171875 9298.233273146338 758
stats: users_count 89 998
stats: finish_users_count 34 792
stats: request 241 4455.329560465836 2026.5829375473772 26010.139892578125 7.906005859375 983.9560137569256 3215
stats: connect 92 1.9998036260190226 1.3112645624634605 135.375 0.969970703125 2.330276944492404 905
stats: page 241 4455.329560465836 2026.5829375473772 26010.139892578125 7.906005859375 983.9560137569256 3215
stats: 200 241 3457
stats: size_rcv 1901641 28919750
stats: newphase 0 5
stats: size_sent 161618 1937648
stats: connected 60 208
# stats: dump at 1480609586
stats: users 242 243
stats: {load,"tsung_controller@ip-172-31-6-161"} 1 0.01953125 0.0 0.171875 0.0 0.060668945312500014 32
stats: {freemem,"tsung_controller@ip-172-31-6-161"} 1 3135.05859375 0.0 3162.03125 3135.05859375 3154.71923828125 32
stats: {recvpackets,"tsung_controller@ip-172-31-6-161"} 1 2144.0 0.0 2264 191 965.6129032258065 31
stats: {sentpackets,"tsung_controller@ip-172-31-6-161"} 1 1974.0 0.0 2119 153 856.258064516129 31
stats: {cpu,"tsung_controller@ip-172-31-6-161"} 1 5.024630541871921 0.0 5.905511811023622 1.1846001974333662 2.7238238412328464 32
stats: session 56 23278.289768763952 7072.850756850817 50005.10400390625 616.856201171875 9859.784444789697 792
stats: users_count 92 1090
stats: finish_users_count 56 848
stats: request 265 5596.035213369693 3204.020318760153 26010.139892578125 1.358154296875 1226.0280695314764 3456
stats: connect 89 1.7585504081811798 0.5386845142646758 135.375 0.969970703125 2.2997819141016804 997
stats: page 265 5596.035213369693 3204.020318760153 26010.139892578125 1.358154296875 1226.0280695314764 3456
stats: 200 211 3668
stats: size_rcv 1753653 30673403
stats: newphase 0 5
stats: size_sent 142751 2080399
stats: connected 31 239
stats: 503 53 53
# stats: dump at 1480609596
stats: users 273 278
stats: {load,"tsung_controller@ip-172-31-6-161"} 1 0.01953125 0.0 0.171875 0.0 0.0594223484848485 33
stats: {freemem,"tsung_controller@ip-172-31-6-161"} 1 3130.33203125 0.0 3162.03125 3130.33203125 3154.1234611742425 33
stats: {recvpackets,"tsung_controller@ip-172-31-6-161"} 1 1906.0 0.0 2264 191 1002.4375 32
stats: {sentpackets,"tsung_controller@ip-172-31-6-161"} 1 1796.0 0.0 2119 153 891.1875 32
stats: {cpu,"tsung_controller@ip-172-31-6-161"} 1 5.506391347099312 0.0 5.905511811023622 1.1846001974333662 2.793545256403727 33
stats: session 72 23922.280287000867 9091.294660535961 50005.10400390625 616.856201171875 10745.91215486347 848
stats: users_count 103 1193
stats: finish_users_count 72 920
stats: request 344 4736.5575575717685 5529.5355675673045 27830.44921875 1.358154296875 1537.2486804202501 3721
stats: connect 107 1.9765168662383177 1.2776588881016528 135.375 0.969970703125 2.255426845936925 1086
stats: page 344 4736.5575575717685 5529.5355675673045 27830.44921875 1.358154296875 1537.2486804202501 3721
stats: 200 150 3818
stats: size_rcv 1415677 32089080
stats: newphase 0 5
stats: size_sent 168123 2248522
stats: connected 37 276
stats: 503 194 247
# stats: dump at 1480609606
stats: users 285 288
stats: {load,"tsung_controller@ip-172-31-6-161"} 1 0.01171875 0.0 0.171875 0.0 0.058249080882352956 34
stats: {freemem,"tsung_controller@ip-172-31-6-161"} 1 3128.36328125 0.0 3162.03125 3128.36328125 3153.423713235294 34
stats: {recvpackets,"tsung_controller@ip-172-31-6-161"} 1 2136.0 0.0 2264 191 1029.8181818181818 33
stats: {sentpackets,"tsung_controller@ip-172-31-6-161"} 1 2111.0 0.0 2119 153 918.6060606060606 33
stats: {cpu,"tsung_controller@ip-172-31-6-161"} 1 6.090373280943026 0.0 6.090373280943026 1.1846001974333662 2.8733348473065385 34
stats: session 86 28034.413154069767 9767.19844177008 50005.10400390625 616.856201171875 11777.106182595962 920
stats: users_count 98 1291
stats: finish_users_count 86 1006
stats: request 425 5678.4487207031225 6069.209631384632 27863.294921875 1.358154296875 1807.9897022505386 4065
stats: connect 97 2.003158726643042 0.886767274666757 135.375 0.969970703125 2.2304114496018443 1193
stats: page 425 5678.4487207031225 6069.209631384632 27863.294921875 1.358154296875 1807.9897022505386 4065
stats: 200 205 4023
stats: size_rcv 1852939 33942019
stats: newphase 0 5
stats: size_sent 206499 2455021
stats: connected 10 286
stats: 503 221 468
# stats: dump at 1480609616
stats: users 284 288
stats: {load,"tsung_controller@ip-172-31-6-161"} 1 0.01171875 0.0 0.171875 0.0 0.05691964285714287 35
stats: {freemem,"tsung_controller@ip-172-31-6-161"} 1 3127.125 0.0 3162.03125 3127.125 3152.7077008928572 35
stats: {recvpackets,"tsung_controller@ip-172-31-6-161"} 1 2448.0 0.0 2448 191 1062.3529411764705 34
stats: {sentpackets,"tsung_controller@ip-172-31-6-161"} 1 2412.0 0.0 2412 153 953.6764705882352 34
stats: {cpu,"tsung_controller@ip-172-31-6-161"} 1 6.974459724950884 0.0 6.974459724950884 1.1846001974333662 2.965250231124724 35
stats: session 111 25360.26583174972 11623.487271151378 50005.10400390625 616.856201171875 13166.895844173245 1006
stats: users_count 110 1401
stats: finish_users_count 111 1117
stats: request 437 4536.135306980295 5184.690415783431 27863.294921875 1.358154296875 2174.347181725449 4490
stats: connect 108 1.8616061740451388 0.9332868570026623 135.375 0.969970703125 2.213323454154555 1290
stats: page 437 4536.135306980295 5184.690415783431 27863.294921875 1.358154296875 2174.347181725449 4490
stats: 200 190 4213
stats: size_rcv 1786548 35728567
stats: newphase 0 5
stats: size_sent 210841 2665862
stats: connected -4 282
stats: 503 246 714
# stats: dump at 1480609626
stats: users 304 304
stats: {load,"tsung_controller@ip-172-31-6-161"} 1 0.01171875 0.0 0.171875 0.0 0.055664062500000014 36
stats: {freemem,"tsung_controller@ip-172-31-6-161"} 1 3126.55859375 0.0 3162.03125 3126.55859375 3151.9970703125 36
stats: {recvpackets,"tsung_controller@ip-172-31-6-161"} 1 2416.0 0.0 2448 191 1101.942857142857 35
stats: {sentpackets,"tsung_controller@ip-172-31-6-161"} 1 2577.0 0.0 2577 153 995.3428571428572 35
stats: {cpu,"tsung_controller@ip-172-31-6-161"} 1 7.953443258971872 0.0 7.953443258971872 1.1846001974333662 3.076617161508784 36
stats: session 125 24818.712587890626 13375.170330870733 55724.945068359375 616.856201171875 14378.591518856314 1117
stats: users_count 145 1546
stats: finish_users_count 125 1242
stats: request 543 3624.3812937025214 5499.488651623117 33313.048095703125 1.358154296875 2383.8258524655275 4927
stats: connect 144 2.855907864040799 6.199345775578933 135.375 0.969970703125 2.1861521621289346 1398
stats: page 543 3624.3812937025214 5499.488651623117 33313.048095703125 1.358154296875 2383.8258524655275 4927
stats: 200 176 4389
stats: size_rcv 1721288 37449855
stats: newphase 1 6
stats: size_sent 232034 2897896
stats: connected 20 302
stats: 503 367 1081
# stats: dump at 1480609636
stats: users 316 318
stats: {load,"tsung_controller@ip-172-31-6-161"} 1 0.01171875 0.0 0.171875 0.0 0.054476351351351364 37
stats: {freemem,"tsung_controller@ip-172-31-6-161"} 1 3125.8671875 0.0 3162.03125 3125.8671875 3151.3095439189187 37
stats: {recvpackets,"tsung_controller@ip-172-31-6-161"} 1 2648.0 0.0 2648 191 1138.4444444444443 36
stats: {sentpackets,"tsung_controller@ip-172-31-6-161"} 1 2936.0 0.0 2936 153 1039.2777777777778 36
stats: {cpu,"tsung_controller@ip-172-31-6-161"} 1 9.33852140077821 0.0 9.33852140077821 1.1846001974333662 3.2084232722510295 37
stats: session 144 22893.975831773547 13095.551735943498 59167.380126953125 616.856201171875 15429.328341424178 1242
stats: users_count 156 1702
stats: finish_users_count 144 1386
stats: request 587 4191.8560343909685 5754.073114781882 33313.048095703125 1.358154296875 2506.974226248286 5470
stats: connect 158 1.7439861056170887 0.6711499315853832 135.375 0.969970703125 2.2486974416849064 1542
stats: page 587 4191.8560343909685 5754.073114781882 33313.048095703125 1.358154296875 2506.974226248286 5470
stats: 200 214 4603
stats: size_rcv 2004187 39454042
stats: newphase 0 6
stats: size_sent 252719 3150615
stats: connected 14 316
stats: 503 374 1455
# stats: dump at 1480609646
stats: users 316 318
stats: {load,"tsung_controller@ip-172-31-6-161"} 1 0.01171875 0.0 0.171875 0.0 0.053351151315789484 38
stats: {freemem,"tsung_controller@ip-172-31-6-161"} 1 3125.4296875 0.0 3162.03125 3125.4296875 3150.640008223684 38
stats: {recvpackets,"tsung_controller@ip-172-31-6-161"} 1 3202.0 0.0 3202 191 1179.2432432432433 37
stats: {sentpackets,"tsung_controller@ip-172-31-6-161"} 1 3335.0 0.0 3335 153 1090.5405405405406 37
stats: {cpu,"tsung_controller@ip-172-31-6-161"} 1 8.062930186823992 0.0 9.33852140077821 1.1846001974333662 3.3697416440543764 38
stats: session 160 20996.55733947754 10907.959415420666 61739.867919921875 445.843017578125 16204.876132629306 1386
stats: users_count 160 1862
stats: finish_users_count 160 1546
stats: request 629 3415.1958702584716 4079.8565078843394 33313.048095703125 1.358154296875 2670.260609173786 6057
stats: connect 158 1.7387448081487342 0.5737493126972796 135.375 0.969970703125 2.201788976332721 1700
stats: page 629 3415.1958702584716 4079.8565078843394 33313.048095703125 1.358154296875 2670.260609173786 6057
stats: 200 274 4877
stats: size_rcv 2394507 41848549
stats: newphase 0 6
stats: size_sent 292329 3442944
stats: connected 0 316
stats: 503 354 1809
# stats: dump at 1480609656
stats: users 307 318
stats: {load,"tsung_controller@ip-172-31-6-161"} 1 0.01171875 0.0 0.171875 0.0 0.052283653846153855 39
stats: {freemem,"tsung_controller@ip-172-31-6-161"} 1 3124.89453125 0.0 3162.03125 3124.89453125 3149.99358974359 39
stats: {recvpackets,"tsung_controller@ip-172-31-6-161"} 1 2938.0 0.0 3202 191 1232.4736842105262 38
stats: {sentpackets,"tsung_controller@ip-172-31-6-161"} 1 3158.0 0.0 3335 153 1149.6052631578948 38
stats: {cpu,"tsung_controller@ip-172-31-6-161"} 1 9.250243427458617 0.0 9.33852140077821 1.1846001974333662 3.4900798118177 39
stats: session 161 19269.327166634317 11352.1513039041 61739.867919921875 445.843017578125 16700.781044075437 1546
stats: users_count 152 2014
stats: finish_users_count 161 1707
stats: request 620 2983.4071151241187 4440.258649774296 33313.048095703125 1.358154296875 2740.342014980288 6686
stats: connect 154 1.7128208705357142 0.751725980366217 135.375 0.951904296875 2.162412776885428 1858
stats: page 620 2983.4071151241187 4440.258649774296 33313.048095703125 1.358154296875 2740.342014980288 6686
stats: 200 201 5078
stats: size_rcv 1851268 43699817
stats: newphase 0 6
stats: size_sent 277184 3720128
stats: connected -9 307
stats: 503 419 2228
# stats: dump at 1480609666
stats: users 309 331
stats: {load,"tsung_controller@ip-172-31-6-161"} 1 0.01171875 0.0 0.171875 0.0 0.051269531250000014 40
stats: {freemem,"tsung_controller@ip-172-31-6-161"} 1 3124.6796875 0.0 3162.03125 3124.6796875 3149.36611328125 40
stats: {recvpackets,"tsung_controller@ip-172-31-6-161"} 1 2747.0 0.0 3202 191 1276.2051282051282 39
stats: {sentpackets,"tsung_controller@ip-172-31-6-161"} 1 3111.0 0.0 3335 153 1201.1025641025642 39
stats: {cpu,"tsung_controller@ip-172-31-6-161"} 1 9.4541910331384 0.0 9.4541910331384 1.1846001974333662 3.6340839022087232 40
stats: session 163 17684.47361334116 10985.104608649219 61739.867919921875 445.843017578125 16943.039934369506 1707
stats: users_count 165 2179
stats: finish_users_count 163 1870
stats: request 697 3237.3179912375567 5317.552225902285 33313.048095703125 1.358154296875 2760.968946555592 7306
stats: connect 167 1.7426567762911678 0.9466740533586687 135.375 0.951904296875 2.1280006727214835 2012
stats: page 697 3237.3179912375567 5317.552225902285 33313.048095703125 1.358154296875 2760.968946555592 7306
stats: 200 194 5272
stats: size_rcv 1895720 45595537
stats: newphase 0 6
stats: size_sent 292721 4012849
stats: connected 6 313
stats: 503 503 2731
# stats: dump at 1480609676
stats: users 299 331
stats: {load,"tsung_controller@ip-172-31-6-161"} 1 0.0 0.0 0.171875 0.0 0.0503048780487805 41
stats: {freemem,"tsung_controller@ip-172-31-6-161"} 1 3124.671875 0.0 3162.03125 3124.671875 3148.7640053353657 41
stats: {recvpackets,"tsung_controller@ip-172-31-6-161"} 1 2966.0 0.0 3202 191 1312.975 40
stats: {sentpackets,"tsung_controller@ip-172-31-6-161"} 1 3273.0 0.0 3335 153 1248.8500000000001 40
stats: {cpu,"tsung_controller@ip-172-31-6-161"} 1 9.53307392996109 0.0 9.53307392996109 1.1846001974333662 3.776037734670423 41
stats: session 174 20167.228340236623 10765.93464886856 61739.867919921875 445.843017578125 17007.667575905536 1870
stats: users_count 164 2343
stats: finish_users_count 174 2044
stats: request 634 3541.642114488859 5081.189438748991 33313.048095703125 1.358154296875 2802.4552996910825 8003
stats: connect 161 1.8204201644992235 1.0924650315353335 135.375 0.951904296875 2.098467661843162 2179
stats: page 634 3541.642114488859 5081.189438748991 33313.048095703125 1.358154296875 2802.4552996910825 8003
stats: 200 217 5489
stats: size_rcv 2137324 47732861
stats: newphase 0 6
stats: size_sent 284818 4297667
stats: connected -12 301
stats: 503 417 3148
# stats: dump at 1480609686
stats: users 248 331
stats: {load,"tsung_controller@ip-172-31-6-161"} 1 0.0 0.0 0.171875 0.0 0.04910714285714287 42
stats: {freemem,"tsung_controller@ip-172-31-6-161"} 1 3124.4921875 0.0 3162.03125 3124.4921875 3148.190383184524 42
stats: {recvpackets,"tsung_controller@ip-172-31-6-161"} 1 2973.0 0.0 3202 191 1353.2926829268292 41
stats: {sentpackets,"tsung_controller@ip-172-31-6-161"} 1 3062.0 0.0 3335 153 1298.2195121951222 41
stats: {cpu,"tsung_controller@ip-172-31-6-161"} 1 8.155339805825243 0.0 9.53307392996109 1.1846001974333662 3.9131100250344866 42
stats: session 93 22175.24101667506 9409.124421889377 61739.867919921875 445.843017578125 17276.632141949376 2044
stats: users_count 42 2385
stats: finish_users_count 93 2137
stats: request 394 5583.60778808594 3774.2528018609537 33313.048095703125 1.358154296875 2856.715394698816 8637
stats: connect 45 2.24248046875 3.50969938373838 135.375 0.951904296875 2.0793370434361647 2340
stats: page 394 5583.60778808594 3774.2528018609537 33313.048095703125 1.358154296875 2856.715394698816 8637
stats: 200 273 5762
stats: size_rcv 2239379 49972240
stats: newphase 0 6
stats: size_sent 214624 4512291
stats: connected -52 249
stats: 503 121 3269
# stats: dump at 1480609696
stats: users 182 331
stats: {load,"tsung_controller@ip-172-31-6-161"} 1 0.0 0.0 0.171875 0.0 0.047965116279069776 43
stats: {freemem,"tsung_controller@ip-172-31-6-161"} 1 3124.2578125 0.0 3162.03125 3124.2578125 3147.6392623546512 43
stats: {recvpackets,"tsung_controller@ip-172-31-6-161"} 1 1948.0 0.0 3202 191 1391.857142857143 42
stats: {sentpackets,"tsung_controller@ip-172-31-6-161"} 1 1749.0 0.0 3335 153 1340.2142857142858 42
stats: {cpu,"tsung_controller@ip-172-31-6-161"} 1 3.0784508440913605 0.0 9.53307392996109 1.1846001974333662 4.011766531564504 43
stats: session 66 28666.592229669743 7616.493439606993 61739.867919921875 445.843017578125 17489.81446546341 2137
stats: users_count 0 2385
stats: finish_users_count 66 2203
stats: request 209 9026.280634391822 1725.0611270860006 33313.048095703125 1.358154296875 2975.682906933843 9031
stats: connect 0 0 0 135.375 0.951904296875 2.082415221272275 2385
stats: page 209 9026.280634391822 1725.0611270860006 33313.048095703125 1.358154296875 2975.682906933843 9031
stats: 200 206 5968
stats: size_rcv 1866252 51838492
stats: newphase 0 6
stats: size_sent 110179 4622470
stats: connected -67 182
stats: 503 3 3272
# stats: dump at 1480609706
stats: users 106 331
stats: {load,"tsung_controller@ip-172-31-6-161"} 1 0.0 0.0 0.171875 0.0 0.04687500000000001 44
stats: {freemem,"tsung_controller@ip-172-31-6-161"} 1 3124.296875 0.0 3162.03125 3124.2578125 3147.1078657670455 44
stats: {recvpackets,"tsung_controller@ip-172-31-6-161"} 1 1820.0 0.0 3202 191 1404.7906976744187 43
stats: {sentpackets,"tsung_controller@ip-172-31-6-161"} 1 1605.0 0.0 3335 153 1349.7209302325582 43
stats: {cpu,"tsung_controller@ip-172-31-6-161"} 1 2.8599605522682445 0.0 9.53307392996109 1.1846001974333662 3.99055481139466 44
stats: session 76 33862.28809557463 7056.153516589054 61739.867919921875 445.843017578125 17824.66118922084 2203
stats: users_count 0 2385
stats: finish_users_count 76 2279
stats: request 172 9026.29647188409 1221.3296223442624 33313.048095703125 1.358154296875 3112.5416650549164 9240
stats: connect 0 0 0 135.375 0.951904296875 2.082415221272275 2385
stats: page 172 9026.29647188409 1221.3296223442624 33313.048095703125 1.358154296875 3112.5416650549164 9240
stats: 200 172 6140
stats: size_rcv 1569668 53408160
stats: newphase 0 6
stats: size_sent 66889 4689359
stats: connected -75 107
stats: 503 0 3272
# stats: dump at 1480609716
stats: users 35 331
stats: {load,"tsung_controller@ip-172-31-6-161"} 1 0.0 0.0 0.171875 0.0 0.045833333333333344 45
stats: {freemem,"tsung_controller@ip-172-31-6-161"} 1 3125.75 0.0 3162.03125 3124.2578125 3146.600954861111 45
stats: {recvpackets,"tsung_controller@ip-172-31-6-161"} 1 1246.0 0.0 3202 191 1414.2272727272727 44
stats: {sentpackets,"tsung_controller@ip-172-31-6-161"} 1 1162.0 0.0 3335 153 1355.5227272727273 44
stats: {cpu,"tsung_controller@ip-172-31-6-161"} 1 2.0792079207920793 0.0 9.53307392996109 1.1846001974333662 3.965430494525184 45
stats: session 71 37468.4422315141 6421.577819866717 61739.867919921875 445.843017578125 18359.483323877655 2279
stats: users_count 0 2385
stats: finish_users_count 71 2350
stats: request 90 7561.6566162109375 4412.725095908602 33313.048095703125 1.358154296875 3220.6128323705366 9412
stats: connect 0 0 0 135.375 0.951904296875 2.082415221272275 2385
stats: page 90 7561.6566162109375 4412.725095908602 33313.048095703125 1.358154296875 3220.6128323705366 9412
stats: 200 90 6230
stats: size_rcv 837628 54245788
stats: newphase 0 6
stats: size_sent 26086 4715445
stats: connected -72 35
stats: 503 0 3272
# stats: dump at 1480609726
stats: users 2 331
stats: {load,"tsung_controller@ip-172-31-6-161"} 1 0.0 0.0 0.171875 0.0 0.04483695652173914 46
stats: {freemem,"tsung_controller@ip-172-31-6-161"} 1 3126.0625 0.0 3162.03125 3124.2578125 3146.1476732336955 46
stats: {recvpackets,"tsung_controller@ip-172-31-6-161"} 1 425.0 0.0 3202 191 1410.4888888888888 45
stats: {sentpackets,"tsung_controller@ip-172-31-6-161"} 1 314.0 0.0 3335 153 1351.2222222222222 45
stats: {cpu,"tsung_controller@ip-172-31-6-161"} 1 1.0880316518298714 0.0 9.53307392996109 1.0880316518298714 3.9244256559657686 46
stats: session 33 45486.520626183716 3172.2524857404087 61739.867919921875 445.843017578125 18936.817827044546 2350
stats: users_count 0 2385
stats: finish_users_count 33 2383
stats: request 36 12565.533413357205 5676.667922227301 33313.048095703125 1.358154296875 3261.7298541076066 9502
stats: connect 0 0 0 135.375 0.951904296875 2.082415221272275 2385
stats: page 36 12565.533413357205 5676.667922227301 33313.048095703125 1.358154296875 3261.7298541076066 9502
stats: 200 36 6266
stats: size_rcv 386473 54632261
stats: newphase 0 6
stats: size_sent 2673 4718118
stats: connected -33 2
stats: 503 0 3272
# stats: dump at 1480609729
stats: users 0 331
stats: {load,"tsung_controller@ip-172-31-6-161"} 0 0 0 0.171875 0.0 0.04388297872340426 47
stats: {freemem,"tsung_controller@ip-172-31-6-161"} 0 0 0 3162.03125 3124.2578125 3145.7203291223404 47
stats: {recvpackets,"tsung_controller@ip-172-31-6-161"} 0 0 0 3202 191 1389.0652173913043 46
stats: {sentpackets,"tsung_controller@ip-172-31-6-161"} 0 0 0 3335 153 1328.6739130434783 46
stats: {cpu,"tsung_controller@ip-172-31-6-161"} 0 0 0 9.53307392996109 1.0880316518298714 3.8640768473671323 47
stats: session 2 56823.66052246094 6007.1304931640625 62830.791015625 445.843017578125 19304.480517926455 2383
stats: users_count 0 2385
stats: finish_users_count 2 2385
stats: request 2 14341.06298828125 7982.6171875 33313.048095703125 1.358154296875 3296.8459086403163 9538
stats: connect 0 0 0 135.375 0.951904296875 2.082415221272275 2385
stats: page 2 14341.06298828125 7982.6171875 33313.048095703125 1.358154296875 3296.8459086403163 9538
stats: 200 2 6268
stats: size_rcv 37648 54669909
stats: newphase 0 6
stats: size_sent 0 4718118
stats: connected -2 0
stats: 503 0 3272
EndMonitor:{1480,609729,269410}
