# stats: dump at 1480607908
stats: users 5 6
stats: {load,"tsung_controller@ip-172-31-6-161"} 1 0.0 0 0.0 0.0 0 0
stats: {freemem,"tsung_controller@ip-172-31-6-161"} 1 3162.3671875 0 3162.3671875 3162.3671875 0 0
stats: {cpu,"tsung_controller@ip-172-31-6-161"} 1 3.210575215071021 0 3.210575215071021 3.210575215071021 0 0
stats: session 1 5002.56298828125 0 5002.56298828125 5002.56298828125 0 0
stats: users_count 6 6
stats: finish_users_count 1 1
stats: request 12 136.94270833333334 113.08390680853262 382.9677734375 10.31884765625 0 0
stats: connect 6 24.939249674479168 51.921959467296304 141.0380859375 1.284912109375 0 0
stats: page 12 136.94270833333334 113.08390680853262 382.9677734375 10.31884765625 0 0
stats: 200 12 12
stats: size_rcv 93384 93384
stats: size_sent 5088 5088
stats: connected 5 5
# stats: dump at 1480607918
stats: users 9 10
stats: {load,"tsung_controller@ip-172-31-6-161"} 1 0.0 0.0 0.0 0.0 0.0 1
stats: {freemem,"tsung_controller@ip-172-31-6-161"} 1 3160.29296875 0.0 3162.3671875 3160.29296875 3162.3671875 1
stats: {recvpackets,"tsung_controller@ip-172-31-6-161"} 1 111 0 111 111 0 0
stats: {sentpackets,"tsung_controller@ip-172-31-6-161"} 1 80 0 80 80 0 0
stats: {cpu,"tsung_controller@ip-172-31-6-161"} 1 2.263779527559055 0.0 3.210575215071021 2.263779527559055 3.210575215071021 1
stats: session 5 9470.376318359375 2480.6411130486335 12259.935791015625 4936.94384765625 5002.56298828125 1
stats: users_count 9 15
stats: finish_users_count 5 6
stats: request 29 1013.672742120151 1026.995574040938 3126.68798828125 10.31884765625 136.94270833333334 12
stats: connect 9 1.6429850260416667 0.34459005648332486 141.0380859375 1.205078125 24.939249674479168 6
stats: page 29 1013.672742120151 1026.995574040938 3126.68798828125 10.31884765625 136.94270833333334 12
stats: 200 29 41
stats: size_rcv 261665 355049
stats: size_sent 16324 21412
stats: connected 4 9
# stats: dump at 1480607928
stats: users 7 10
stats: {load,"tsung_controller@ip-172-31-6-161"} 1 0.0 0.0 0.0 0.0 0.0 2
stats: {freemem,"tsung_controller@ip-172-31-6-161"} 1 3158.375 0.0 3162.3671875 3158.375 3161.330078125 2
stats: {recvpackets,"tsung_controller@ip-172-31-6-161"} 1 300.0 0.0 300 111 111.0 1
stats: {sentpackets,"tsung_controller@ip-172-31-6-161"} 1 192.0 0.0 192 80 80.0 1
stats: {cpu,"tsung_controller@ip-172-31-6-161"} 1 1.4792899408284024 0.0 3.210575215071021 1.4792899408284024 2.7371773713150382 2
stats: session 12 6428.921366373698 3376.974587446313 15487.359130859375 2483.031005859375 8725.740763346354 6
stats: users_count 10 25
stats: finish_users_count 12 18
stats: request 42 220.00531877790178 411.35766202633306 3126.68798828125 9.216064453125 757.0688297923019 41
stats: connect 10 1.62431640625 0.35804848364498404 141.0380859375 1.205078125 10.961490885416667 15
stats: page 42 220.00531877790178 411.35766202633306 3126.68798828125 9.216064453125 757.0688297923019 41
stats: 200 42 83
stats: size_rcv 385857 740906
stats: size_sent 21858 43270
stats: connected -1 8
# stats: dump at 1480607938
stats: users 9 10
stats: {load,"tsung_controller@ip-172-31-6-161"} 1 0.0 0.0 0.0 0.0 0.0 3
stats: {freemem,"tsung_controller@ip-172-31-6-161"} 1 3157.77734375 0.0 3162.3671875 3157.77734375 3160.3450520833335 3
stats: {recvpackets,"tsung_controller@ip-172-31-6-161"} 1 413.0 0.0 413 111 205.5 2
stats: {sentpackets,"tsung_controller@ip-172-31-6-161"} 1 294.0 0.0 294 80 136.0 2
stats: {cpu,"tsung_controller@ip-172-31-6-161"} 1 1.7751479289940828 0.0 3.210575215071021 1.4792899408284024 2.3178815611528263 3
stats: session 12 5293.7193603515625 2390.443807629281 15487.359130859375 2483.031005859375 7194.52783203125 18
stats: users_count 14 39
stats: finish_users_count 12 30
stats: request 51 137.38462679993873 138.3643749652688 3126.68798828125 9.216064453125 485.30175192959337 83
stats: connect 14 1.6050153459821428 0.380713565368707 141.0380859375 1.114990234375 7.22662109375 25
stats: page 51 137.38462679993873 138.3643749652688 3126.68798828125 9.216064453125 485.30175192959337 83
stats: 200 51 134
stats: size_rcv 453032 1193938
stats: size_sent 28593 71863
stats: connected 1 9
# stats: dump at 1480607948
stats: users 9 10
stats: {load,"tsung_controller@ip-172-31-6-161"} 1 0.0 0.0 0.0 0.0 0.0 4
stats: {freemem,"tsung_controller@ip-172-31-6-161"} 1 3157.54296875 0.0 3162.3671875 3157.54296875 3159.703125 4
stats: {recvpackets,"tsung_controller@ip-172-31-6-161"} 1 414.0 0.0 414 111 274.6666666666667 3
stats: {sentpackets,"tsung_controller@ip-172-31-6-161"} 1 294.0 0.0 294 80 188.66666666666666 3
stats: {cpu,"tsung_controller@ip-172-31-6-161"} 1 1.5810276679841897 0.0 3.210575215071021 1.4792899408284024 2.1821981531131405 4
stats: session 9 9553.975558810764 4047.605937617791 18006.60888671875 2483.031005859375 6434.204443359375 30
stats: users_count 9 48
stats: finish_users_count 9 39
stats: request 35 170.00848911830357 154.21146920464398 3126.68798828125 9.216064453125 352.8855326638293 134
stats: connect 8 1.615234375 0.3470825004262345 141.0380859375 1.114990234375 5.208608774038462 39
stats: page 35 170.00848911830357 154.21146920464398 3126.68798828125 9.216064453125 352.8855326638293 134
stats: 200 35 169
stats: size_rcv 314268 1508206
stats: size_sent 21497 93360
stats: connected 0 9
# stats: dump at 1480607958
stats: users 11 11
stats: {load,"tsung_controller@ip-172-31-6-161"} 1 0.0 0.0 0.0 0.0 0.0 5
stats: {freemem,"tsung_controller@ip-172-31-6-161"} 1 3157.46484375 0.0 3162.3671875 3157.46484375 3159.27109375 5
stats: {recvpackets,"tsung_controller@ip-172-31-6-161"} 1 310.0 0.0 414 111 309.5 4
stats: {sentpackets,"tsung_controller@ip-172-31-6-161"} 1 244.0 0.0 294 80 215.0 4
stats: {cpu,"tsung_controller@ip-172-31-6-161"} 1 1.673228346456693 0.0 3.210575215071021 1.4792899408284024 2.0619640560873504 5
stats: session 9 7225.273328993056 2572.9104921688145 18006.60888671875 2483.031005859375 7154.151623848157 39
stats: users_count 11 59
stats: finish_users_count 9 48
stats: request 40 444.44849243164055 1114.7775565742215 6335.30419921875 8.768798828125 315.01158873428255 169
stats: connect 11 1.7513760653409092 0.5518260937275362 141.0380859375 1.0380859375 4.596970578457447 47
stats: page 40 444.44849243164055 1114.7775565742215 6335.30419921875 8.768798828125 315.01158873428255 169
stats: 200 40 209
stats: size_rcv 384087 1892293
stats: size_sent 18021 111381
stats: connected 1 10
# stats: dump at 1480607968
stats: users 8 13
stats: {load,"tsung_controller@ip-172-31-6-161"} 1 0.0 0.0 0.0 0.0 0.0 6
stats: {freemem,"tsung_controller@ip-172-31-6-161"} 1 3156.59375 0.0 3162.3671875 3156.59375 3158.9700520833335 6
stats: {recvpackets,"tsung_controller@ip-172-31-6-161"} 1 400.0 0.0 414 111 309.6 5
stats: {sentpackets,"tsung_controller@ip-172-31-6-161"} 1 293.0 0.0 294 80 220.8 5
stats: {cpu,"tsung_controller@ip-172-31-6-161"} 1 1.678183613030602 0.0 3.210575215071021 1.4792899408284024 1.9971747711489076 6
stats: session 14 6381.55646623884 3315.2720993135767 18006.60888671875 1380.7119140625 7167.486943562825 48
stats: users_count 11 70
stats: finish_users_count 14 62
stats: request 52 307.38331017127405 774.7052491799559 6335.30419921875 8.768798828125 339.78420188210225 209
stats: connect 12 7.404642740885417 17.855197311198175 141.0380859375 1.0380859375 4.057288860452586 58
stats: page 52 307.38331017127405 774.7052491799559 6335.30419921875 8.768798828125 339.78420188210225 209
stats: 200 52 261
stats: size_rcv 481807 2374100
stats: newphase 1 1
stats: size_sent 29570 140951
stats: connected 1 11
# stats: dump at 1480607978
stats: users 5 13
stats: {load,"tsung_controller@ip-172-31-6-161"} 1 0.0 0.0 0.0 0.0 0.0 7
stats: {freemem,"tsung_controller@ip-172-31-6-161"} 1 3156.6015625 0.0 3162.3671875 3156.59375 3158.6305803571427 7
stats: {recvpackets,"tsung_controller@ip-172-31-6-161"} 1 534.0 0.0 534 111 324.6666666666667 6
stats: {sentpackets,"tsung_controller@ip-172-31-6-161"} 1 368.0 0.0 368 80 232.83333333333334 6
stats: {cpu,"tsung_controller@ip-172-31-6-161"} 1 2.1653543307086616 0.0 3.210575215071021 1.4792899408284024 1.9516046057034353 7
stats: session 10 9983.273608398438 4826.422671214164 20975.7978515625 1380.7119140625 6990.018771263861 62
stats: users_count 7 77
stats: finish_users_count 10 72
stats: request 39 107.36632361778847 83.89125563368462 6335.30419921875 8.768798828125 333.32885180944686 261
stats: connect 7 1.9168526785714286 0.06948374503337094 141.0380859375 1.0380859375 4.631120954241071 70
stats: page 39 107.36632361778847 83.89125563368462 6335.30419921875 8.768798828125 333.32885180944686 261
stats: 200 39 300
stats: size_rcv 335705 2709805
stats: newphase 0 1
stats: size_sent 21991 162942
stats: connected -6 5
# stats: dump at 1480607988
stats: users 8 13
stats: {load,"tsung_controller@ip-172-31-6-161"} 1 0.0 0.0 0.0 0.0 0.0 8
stats: {freemem,"tsung_controller@ip-172-31-6-161"} 1 3156.25 0.0 3162.3671875 3156.25 3158.376953125 8
stats: {recvpackets,"tsung_controller@ip-172-31-6-161"} 1 254.0 0.0 534 111 354.57142857142856 7
stats: {sentpackets,"tsung_controller@ip-172-31-6-161"} 1 158.0 0.0 368 80 252.14285714285714 7
stats: {cpu,"tsung_controller@ip-172-31-6-161"} 1 1.0869565217391304 0.0 3.210575215071021 1.0869565217391304 1.9783233213290885 8
stats: session 11 5349.239124644886 2132.8452175899224 20975.7978515625 1380.7119140625 7405.748609754774 72
stats: users_count 14 91
stats: finish_users_count 11 83
stats: request 43 123.62249613917152 183.3526328348685 6335.30419921875 8.768798828125 303.95372314453124 300
stats: connect 13 1.9458946814903846 0.08872795844159789 141.0380859375 1.0380859375 4.384369292816558 77
stats: page 43 123.62249613917152 183.3526328348685 6335.30419921875 8.768798828125 303.95372314453124 300
stats: 200 43 343
stats: size_rcv 362597 3072402
stats: newphase 0 1
stats: size_sent 23064 186006
stats: connected 4 9
# stats: dump at 1480607998
stats: users 4 13
stats: {load,"tsung_controller@ip-172-31-6-161"} 1 0.0 0.0 0.0 0.0 0.0 9
stats: {freemem,"tsung_controller@ip-172-31-6-161"} 1 3157.46875 0.0 3162.3671875 3156.25 3158.140625 9
stats: {recvpackets,"tsung_controller@ip-172-31-6-161"} 1 432.0 0.0 534 111 342.0 8
stats: {sentpackets,"tsung_controller@ip-172-31-6-161"} 1 299.0 0.0 368 80 240.375 8
stats: {cpu,"tsung_controller@ip-172-31-6-161"} 1 1.87192118226601 0.0 3.210575215071021 1.0869565217391304 1.8792825658190933 9
stats: session 12 6676.383809407552 2848.424349586549 20975.7978515625 1380.7119140625 7133.199159920934 83
stats: users_count 8 99
stats: finish_users_count 12 95
stats: request 43 117.73306345385177 146.19999441490327 6335.30419921875 8.768798828125 281.3466013916727 343
stats: connect 9 2.0023328993055554 0.1041168164250931 141.0380859375 1.0380859375 4.032145182291667 90
stats: page 43 117.73306345385177 146.19999441490327 6335.30419921875 8.768798828125 281.3466013916727 343
stats: 200 43 386
stats: size_rcv 390725 3463127
stats: newphase 0 1
stats: size_sent 24354 210360
stats: connected -5 4
# stats: dump at 1480608008
stats: users 9 13
stats: {load,"tsung_controller@ip-172-31-6-161"} 1 0.0 0.0 0.0 0.0 0.0 10
stats: {freemem,"tsung_controller@ip-172-31-6-161"} 1 3158.33984375 0.0 3162.3671875 3156.25 3158.0734375 10
stats: {recvpackets,"tsung_controller@ip-172-31-6-161"} 1 323.0 0.0 534 111 352.0 9
stats: {sentpackets,"tsung_controller@ip-172-31-6-161"} 1 209.0 0.0 368 80 246.88888888888889 9
stats: {cpu,"tsung_controller@ip-172-31-6-161"} 1 1.5794669299111548 0.0 3.210575215071021 1.0869565217391304 1.8785464274637849 10
stats: session 11 6639.31571821733 3547.3008738604517 20975.7978515625 1380.7119140625 7075.496168277138 95
stats: users_count 16 115
stats: finish_users_count 11 106
stats: request 56 147.84902082170757 181.058252257256 6335.30419921875 8.768798828125 263.1202228131072 386
stats: connect 16 3.594635009765625 2.7606563640798214 141.0380859375 1.0380859375 3.847616792929293 99
stats: page 56 147.84902082170757 181.058252257256 6335.30419921875 8.768798828125 263.1202228131072 386
stats: 200 56 442
stats: size_rcv 473016 3936143
stats: newphase 0 1
stats: size_sent 31630 241990
stats: connected 7 11
# stats: dump at 1480608018
stats: users 13 13
stats: {load,"tsung_controller@ip-172-31-6-161"} 1 0.0 0.0 0.0 0.0 0.0 11
stats: {freemem,"tsung_controller@ip-172-31-6-161"} 1 3157.23828125 0.0 3162.3671875 3156.25 3158.09765625 11
stats: {recvpackets,"tsung_controller@ip-172-31-6-161"} 1 573.0 0.0 573 111 349.1 10
stats: {sentpackets,"tsung_controller@ip-172-31-6-161"} 1 419.0 0.0 419 80 243.1 10
stats: {cpu,"tsung_controller@ip-172-31-6-161"} 1 2.0689655172413794 0.0 3.210575215071021 1.0869565217391304 1.8513573822317277 11
stats: session 12 4918.857991536458 2438.9388585625493 20975.7978515625 1380.7119140625 7030.232159308667 106
stats: users_count 16 131
stats: finish_users_count 12 118
stats: request 52 153.13136174128607 171.64364217703925 6335.30419921875 8.768798828125 248.51572663320135 442
stats: connect 16 2.787109375 1.9942297303769403 141.0380859375 1.0380859375 3.812419327445652 115
stats: page 52 153.13136174128607 171.64364217703925 6335.30419921875 8.768798828125 248.51572663320135 442
stats: 200 52 494
stats: size_rcv 456147 4392290
stats: newphase 0 1
stats: size_sent 24268 266258
stats: connected 2 13
# stats: dump at 1480608028
stats: users 15 17
stats: {load,"tsung_controller@ip-172-31-6-161"} 1 0.0 0.0 0.0 0.0 0.0 12
stats: {freemem,"tsung_controller@ip-172-31-6-161"} 1 3157.11328125 0.0 3162.3671875 3156.25 3158.0260416666665 12
stats: {recvpackets,"tsung_controller@ip-172-31-6-161"} 1 480.0 0.0 573 111 369.45454545454544 11
stats: {sentpackets,"tsung_controller@ip-172-31-6-161"} 1 380.0 0.0 419 80 259.09090909090907 11
stats: {cpu,"tsung_controller@ip-172-31-6-161"} 1 2.5440313111545985 0.0 3.210575215071021 1.0869565217391304 1.8694913934825321 12
stats: session 21 6335.257731119792 3099.842214261503 20975.7978515625 1380.7119140625 6815.5161422470865 118
stats: users_count 23 154
stats: finish_users_count 21 139
stats: request 91 171.10012716775415 188.7227306806257 6335.30419921875 8.768798828125 238.47526717089448 494
stats: connect 23 2.397216796875 1.9194176890212666 141.0380859375 1.0380859375 3.6871906309637406 131
stats: page 91 171.10012716775415 188.7227306806257 6335.30419921875 8.768798828125 238.47526717089448 494
stats: 200 91 585
stats: size_rcv 779813 5172103
stats: newphase 1 2
stats: size_sent 49605 315863
stats: connected 2 15
# stats: dump at 1480608038
stats: users 14 17
stats: {load,"tsung_controller@ip-172-31-6-161"} 1 0.0 0.0 0.0 0.0 0.0 13
stats: {freemem,"tsung_controller@ip-172-31-6-161"} 1 3154.83984375 0.0 3162.3671875 3154.83984375 3157.955829326923 13
stats: {recvpackets,"tsung_controller@ip-172-31-6-161"} 1 787.0 0.0 787 111 378.6666666666667 12
stats: {sentpackets,"tsung_controller@ip-172-31-6-161"} 1 582.0 0.0 582 80 269.16666666666663 12
stats: {cpu,"tsung_controller@ip-172-31-6-161"} 1 2.747791952894995 0.0 3.210575215071021 1.0869565217391304 1.9213790794573065 13
stats: session 18 7174.382188585069 3408.380012904223 20975.7978515625 1380.7119140625 6742.959116105553 139
stats: users_count 17 171
stats: finish_users_count 18 157
stats: request 73 213.05463064533384 348.43349384058166 6335.30419921875 8.768798828125 227.99468983707266 585
stats: connect 17 1.948874080882353 0.09891267449248357 141.0380859375 1.0380859375 3.49453220119724 154
stats: page 73 213.05463064533384 348.43349384058166 6335.30419921875 8.768798828125 227.99468983707266 585
stats: 200 73 658
stats: size_rcv 672029 5844132
stats: newphase 0 2
stats: size_sent 42505 358368
stats: connected -1 14
# stats: dump at 1480608048
stats: users 14 24
stats: {load,"tsung_controller@ip-172-31-6-161"} 1 0.0 0.0 0.0 0.0 0.0 14
stats: {freemem,"tsung_controller@ip-172-31-6-161"} 1 3155.2265625 0.0 3162.3671875 3154.83984375 3157.7332589285716 14
stats: {recvpackets,"tsung_controller@ip-172-31-6-161"} 1 692.0 0.0 787 111 410.0769230769231 13
stats: {sentpackets,"tsung_controller@ip-172-31-6-161"} 1 485.0 0.0 582 80 293.23076923076917 13
stats: {cpu,"tsung_controller@ip-172-31-6-161"} 1 2.4582104228121926 0.0 3.210575215071021 1.0869565217391304 1.9804085704171415 14
stats: session 25 7372.57791015625 3833.2348997629747 20975.7978515625 1380.7119140625 6792.421633969447 157
stats: users_count 25 196
stats: finish_users_count 25 182
stats: request 95 207.16178299753287 341.8514826520157 6335.30419921875 8.768798828125 226.3372060665606 658
stats: connect 25 2.0229296875 0.16703381357108094 141.0380859375 1.0380859375 3.3408702828033627 171
stats: page 95 207.16178299753287 341.8514826520157 6335.30419921875 8.768798828125 226.3372060665606 658
stats: 200 95 753
stats: size_rcv 803722 6647854
stats: newphase 0 2
stats: size_sent 51968 410336
stats: connected 1 15
# stats: dump at 1480608058
stats: users 16 24
stats: {load,"tsung_controller@ip-172-31-6-161"} 1 0.0 0.0 0.0 0.0 0.0 15
stats: {freemem,"tsung_controller@ip-172-31-6-161"} 1 3153.046875 0.0 3162.3671875 3153.046875 3157.5661458333334 15
stats: {recvpackets,"tsung_controller@ip-172-31-6-161"} 1 843.0 0.0 843 111 430.2142857142857 14
stats: {sentpackets,"tsung_controller@ip-172-31-6-161"} 1 662.0 0.0 662 80 306.9285714285714 14
stats: {cpu,"tsung_controller@ip-172-31-6-161"} 1 2.848722986247544 0.0 3.210575215071021 1.0869565217391304 2.0122620272434784 15
stats: session 21 7418.281552269345 3493.46853833808 20975.7978515625 1380.7119140625 6872.113430148953 182
stats: users_count 23 219
stats: finish_users_count 21 203
stats: request 87 198.72645867007907 333.7153597412948 6335.30419921875 8.768798828125 223.91799598481074 753
stats: connect 23 2.0865637737771734 0.21920621965153922 141.0380859375 1.0380859375 3.1727656150350767 196
stats: page 87 198.72645867007907 333.7153597412948 6335.30419921875 8.768798828125 223.91799598481074 753
stats: 200 87 840
stats: size_rcv 768467 7416321
stats: newphase 0 2
stats: size_sent 46927 457263
stats: connected 1 16
# stats: dump at 1480608068
stats: users 14 24
stats: {load,"tsung_controller@ip-172-31-6-161"} 1 0.0 0.0 0.0 0.0 0.0 16
stats: {freemem,"tsung_controller@ip-172-31-6-161"} 1 3156.5625 0.0 3162.3671875 3153.046875 3157.28369140625 16
stats: {recvpackets,"tsung_controller@ip-172-31-6-161"} 1 791.0 0.0 843 111 457.73333333333335 15
stats: {sentpackets,"tsung_controller@ip-172-31-6-161"} 1 578.0 0.0 662 80 330.59999999999997 15
stats: {cpu,"tsung_controller@ip-172-31-6-161"} 1 2.465483234714004 0.0 3.210575215071021 1.0869565217391304 2.0645408371812324 16
stats: session 16 7748.252685546875 3924.063034350456 20975.7978515625 1380.7119140625 6928.613580713131 203
stats: users_count 14 233
stats: finish_users_count 16 219
stats: request 66 282.6763213186553 359.3343056379878 6335.30419921875 8.768798828125 221.30887247721355 840
stats: connect 14 2.1299176897321432 0.43595297275809713 141.0380859375 1.0380859375 3.058689622574201 219
stats: page 66 282.6763213186553 359.3343056379878 6335.30419921875 8.768798828125 221.30887247721355 840
stats: 200 66 906
stats: size_rcv 595498 8011819
stats: newphase 0 2
stats: size_sent 34614 491877
stats: connected -2 14
# stats: dump at 1480608078
stats: users 11 24
stats: {load,"tsung_controller@ip-172-31-6-161"} 1 0.0 0.0 0.0 0.0 0.0 17
stats: {freemem,"tsung_controller@ip-172-31-6-161"} 1 3155.61328125 0.0 3162.3671875 3153.046875 3157.241268382353 17
stats: {recvpackets,"tsung_controller@ip-172-31-6-161"} 1 561.0 0.0 843 111 478.5625 16
stats: {sentpackets,"tsung_controller@ip-172-31-6-161"} 1 444.0 0.0 662 80 346.06249999999994 16
stats: {cpu,"tsung_controller@ip-172-31-6-161"} 1 1.9704433497536946 0.0 3.210575215071021 1.0869565217391304 2.088125684094925 17
stats: session 15 7927.043929036458 2720.865617471406 20975.7978515625 1380.7119140625 6988.49588974208 219
stats: users_count 12 245
stats: finish_users_count 15 234
stats: request 50 165.40163574218752 191.38570186042514 6335.30419921875 8.541015625 225.7793488828815 906
stats: connect 12 2.5343831380208335 1.5569942231770055 141.0380859375 1.0380859375 3.0028835836909873 233
stats: page 50 165.40163574218752 191.38570186042514 6335.30419921875 8.541015625 225.7793488828815 906
stats: 200 50 956
stats: size_rcv 458102 8469921
stats: newphase 0 2
stats: size_sent 29568 521445
stats: connected -3 11
# stats: dump at 1480608088
stats: users 23 26
stats: {load,"tsung_controller@ip-172-31-6-161"} 1 0.0 0.0 0.0 0.0 0.0 18
stats: {freemem,"tsung_controller@ip-172-31-6-161"} 1 3156.69140625 0.0 3162.3671875 3153.046875 3157.150824652778 18
stats: {recvpackets,"tsung_controller@ip-172-31-6-161"} 1 481.0 0.0 843 111 483.4117647058824 17
stats: {sentpackets,"tsung_controller@ip-172-31-6-161"} 1 344.0 0.0 662 80 351.82352941176464 17
stats: {cpu,"tsung_controller@ip-172-31-6-161"} 1 1.9723865877712032 0.0 3.210575215071021 1.0869565217391304 2.0815877766315234 18
stats: session 17 7236.324994255516 4882.696032180849 20975.7978515625 1380.7119140625 7048.659225594284 234
stats: users_count 29 274
stats: finish_users_count 17 251
stats: request 90 300.34982096354173 579.5191261458934 6335.30419921875 7.7958984375 222.62151869769875 956
stats: connect 28 4.092180524553572 10.806849345937037 141.0380859375 1.0380859375 2.9799366230867346 245
stats: page 90 300.34982096354173 579.5191261458934 6335.30419921875 7.7958984375 222.62151869769875 956
stats: 200 90 1046
stats: size_rcv 786338 9256259
stats: newphase 1 3
stats: size_sent 47150 568595
stats: connected 11 22
# stats: dump at 1480608098
stats: users 34 34
stats: {load,"tsung_controller@ip-172-31-6-161"} 1 0.0 0.0 0.0 0.0 0.0 19
stats: {freemem,"tsung_controller@ip-172-31-6-161"} 1 3155.91015625 0.0 3162.3671875 3153.046875 3157.126644736842 19
stats: {recvpackets,"tsung_controller@ip-172-31-6-161"} 1 911.0 0.0 911 111 483.27777777777777 18
stats: {sentpackets,"tsung_controller@ip-172-31-6-161"} 1 700.0 0.0 700 80 351.38888888888886 18
stats: {cpu,"tsung_controller@ip-172-31-6-161"} 1 2.6627218934911245 0.0 3.210575215071021 1.0869565217391304 2.0758403456388748 19
stats: session 26 8025.434016301082 4606.671001063226 20975.7978515625 1271.9140625 7061.369656141061 251
stats: users_count 37 311
stats: finish_users_count 26 277
stats: request 96 748.5308303833009 1532.0981871442457 6711.14794921875 7.7958984375 229.30942233433916 1046
stats: connect 38 1.750012849506579 0.37672825792267484 141.0380859375 1.0380859375 3.094012920673077 273
stats: page 96 748.5308303833009 1532.0981871442457 6711.14794921875 7.7958984375 229.30942233433916 1046
stats: 200 96 1142
stats: size_rcv 832447 10088706
stats: newphase 0 3
stats: size_sent 54961 623556
stats: connected 12 34
# stats: dump at 1480608108
stats: users 55 62
stats: {load,"tsung_controller@ip-172-31-6-161"} 1 0.0 0.0 0.0 0.0 0.0 20
stats: {freemem,"tsung_controller@ip-172-31-6-161"} 1 3152.859375 0.0 3162.3671875 3152.859375 3157.0658203125 20
stats: {recvpackets,"tsung_controller@ip-172-31-6-161"} 1 1101.0 0.0 1101 111 505.7894736842105 19
stats: {sentpackets,"tsung_controller@ip-172-31-6-161"} 1 896.0 0.0 896 80 369.7368421052631 19
stats: {cpu,"tsung_controller@ip-172-31-6-161"} 1 3.6345776031434185 0.0 3.6345776031434185 1.0869565217391304 2.1051844230314876 20
stats: session 26 7911.187115009015 4689.915743728648 20975.7978515625 1271.9140625 7151.8594516795465 277
stats: users_count 47 358
stats: finish_users_count 26 303
stats: request 179 1365.918107869239 1978.09969421712 14582.600830078125 7.7958984375 272.9567561107843 1142
stats: connect 47 1.6389523769946808 0.37389950206631445 141.0380859375 1.01513671875 2.929794262459807 311
stats: page 179 1365.918107869239 1978.09969421712 14582.600830078125 7.7958984375 272.9567561107843 1142
stats: 200 179 1321
stats: size_rcv 1471782 11560488
stats: newphase 0 3
stats: size_sent 103393 726949
stats: connected 21 55
# stats: dump at 1480608118
stats: users 49 62
stats: {load,"tsung_controller@ip-172-31-6-161"} 1 0.0 0.0 0.0 0.0 0.0 21
stats: {freemem,"tsung_controller@ip-172-31-6-161"} 1 3149.58203125 0.0 3162.3671875 3149.58203125 3156.8655133928573 21
stats: {recvpackets,"tsung_controller@ip-172-31-6-161"} 1 1436.0 0.0 1436 111 535.55 20
stats: {sentpackets,"tsung_controller@ip-172-31-6-161"} 1 1152.0 0.0 1152 80 396.04999999999995 20
stats: {cpu,"tsung_controller@ip-172-31-6-161"} 1 3.9292730844793713 0.0 3.9292730844793713 1.0869565217391304 2.1780126697034845 21
stats: session 50 13517.459799804688 5131.3669116139 27484.14697265625 1271.9140625 7217.016280876134 303
stats: users_count 44 402
stats: finish_users_count 50 353
stats: request 176 1362.7607671564276 1063.8605633694751 14582.600830078125 7.7958984375 421.05674245806915 1321
stats: connect 44 1.5354947176846592 0.362796333830064 141.0380859375 0.945068359375 2.7603261936976256 358
stats: page 176 1362.7607671564276 1063.8605633694751 14582.600830078125 7.7958984375 421.05674245806915 1321
stats: 200 176 1497
stats: size_rcv 1523830 13084318
stats: newphase 0 3
stats: size_sent 81457 808406
stats: connected -6 49
# stats: dump at 1480608128
stats: users 38 62
stats: {load,"tsung_controller@ip-172-31-6-161"} 1 0.0 0.0 0.0 0.0 0.0 22
stats: {freemem,"tsung_controller@ip-172-31-6-161"} 1 3149.22265625 0.0 3162.3671875 3149.22265625 3156.5344460227275 22
stats: {recvpackets,"tsung_controller@ip-172-31-6-161"} 1 1706.0 0.0 1706 111 578.4285714285714 21
stats: {sentpackets,"tsung_controller@ip-172-31-6-161"} 1 1429.0 0.0 1429 80 432.04761904761904 21
stats: {cpu,"tsung_controller@ip-172-31-6-161"} 1 3.8348082595870205 0.0 3.9292730844793713 1.0869565217391304 2.2576154158296613 22
stats: session 50 9565.619223632815 6156.04730513572 30082.6259765625 1271.9140625 8109.430377041652 353
stats: users_count 39 441
stats: finish_users_count 50 403
stats: request 189 822.8355887276786 2327.4185777830426 22842.99609375 7.7958984375 531.7714440926123 1497
stats: connect 38 1.7527048211348684 0.6214607626280186 141.0380859375 0.945068359375 2.626265037119092 402
stats: page 189 822.8355887276786 2327.4185777830426 22842.99609375 7.7958984375 531.7714440926123 1497
stats: 200 189 1686
stats: size_rcv 1641226 14725544
stats: newphase 0 3
stats: size_sent 111153 919559
stats: connected -7 42
# stats: dump at 1480608138
stats: users 32 62
stats: {load,"tsung_controller@ip-172-31-6-161"} 1 0.0 0.0 0.0 0.0 0.0 23
stats: {freemem,"tsung_controller@ip-172-31-6-161"} 1 3148.97265625 0.0 3162.3671875 3148.97265625 3156.216542119565 23
stats: {recvpackets,"tsung_controller@ip-172-31-6-161"} 1 1871.0 0.0 1871 111 629.6818181818181 22
stats: {sentpackets,"tsung_controller@ip-172-31-6-161"} 1 1549.0 0.0 1549 80 477.3636363636364 22
stats: {cpu,"tsung_controller@ip-172-31-6-161"} 1 3.857566765578635 0.0 3.9292730844793713 1.0869565217391304 2.326189017732155 23
stats: session 49 8535.220150071742 4716.4284766442 30082.6259765625 1271.9140625 8290.098968430133 403
stats: users_count 43 484
stats: finish_users_count 49 452
stats: request 179 174.40987801152235 227.6606312542958 22842.99609375 7.541015625 564.399631124657 1686
stats: connect 44 1.5939608487215908 0.3538244387932827 141.0380859375 0.945068359375 2.550821200284091 440
stats: page 179 174.40987801152235 227.6606312542958 22842.99609375 7.541015625 564.399631124657 1686
stats: 200 179 1865
stats: size_rcv 1516496 16242040
stats: newphase 0 3
stats: size_sent 94839 1014398
stats: connected -6 36
# stats: dump at 1480608148
stats: users 43 62
stats: {load,"tsung_controller@ip-172-31-6-161"} 1 0.0 0.0 0.0 0.0 0.0 24
stats: {freemem,"tsung_controller@ip-172-31-6-161"} 1 3148.15625 0.0 3162.3671875 3148.15625 3155.9147135416665 24
stats: {recvpackets,"tsung_controller@ip-172-31-6-161"} 1 1312.0 0.0 1871 111 683.6521739130434 23
stats: {sentpackets,"tsung_controller@ip-172-31-6-161"} 1 1020.0 0.0 1549 80 523.9565217391304 23
stats: {cpu,"tsung_controller@ip-172-31-6-161"} 1 3.066271018793274 0.0 3.9292730844793713 1.0869565217391304 2.3899964238924247 24
stats: session 34 7998.756060431985 3807.0899821865405 30082.6259765625 1271.9140625 8316.67183989128 452
stats: users_count 45 529
stats: finish_users_count 34 486
stats: request 151 336.7365852002276 598.8881223037536 22842.99609375 7.140869140625 526.9689792172837 1865
stats: connect 42 2.121117001488096 3.425146588062145 141.0380859375 0.945068359375 2.463833895596591 484
stats: page 151 336.7365852002276 598.8881223037536 22842.99609375 7.140869140625 526.9689792172837 1865
stats: 200 151 2016
stats: size_rcv 1306382 17548422
stats: newphase 1 4
stats: size_sent 82430 1096828
stats: connected 4 40
# stats: dump at 1480608158
stats: users 86 88
stats: {load,"tsung_controller@ip-172-31-6-161"} 1 0.0 0.0 0.0 0.0 0.0 25
stats: {freemem,"tsung_controller@ip-172-31-6-161"} 1 3148.98046875 0.0 3162.3671875 3148.15625 3155.604375 25
stats: {recvpackets,"tsung_controller@ip-172-31-6-161"} 1 1623.0 0.0 1871 111 709.8333333333334 24
stats: {sentpackets,"tsung_controller@ip-172-31-6-161"} 1 1324.0 0.0 1549 80 544.6249999999999 24
stats: {cpu,"tsung_controller@ip-172-31-6-161"} 1 4.3264503441494595 0.0 4.3264503441494595 1.0869565217391304 2.4170474076884587 25
stats: session 37 9388.705038534628 5103.551321058786 30082.6259765625 1271.9140625 8294.430818283015 486
stats: users_count 80 609
stats: finish_users_count 37 523
stats: request 207 1248.3557069935089 1246.2197008374164 22842.99609375 7.140869140625 512.7204219273158 2016
stats: connect 80 1.655548095703125 0.9137231036719203 141.0380859375 0.945068359375 2.4364686683103614 526
stats: page 207 1248.3557069935089 1246.2197008374164 22842.99609375 7.140869140625 512.7204219273158 2016
stats: 200 207 2223
stats: size_rcv 1672624 19221046
stats: newphase 0 4
stats: size_sent 126026 1222854
stats: connected 44 84
# stats: dump at 1480608168
stats: users 97 101
stats: {load,"tsung_controller@ip-172-31-6-161"} 1 0.0703125 0.0 0.0703125 0.0 0.0 26
stats: {freemem,"tsung_controller@ip-172-31-6-161"} 1 3145.68359375 0.0 3162.3671875 3145.68359375 3155.349609375 26
stats: {recvpackets,"tsung_controller@ip-172-31-6-161"} 1 1953.0 0.0 1953 111 746.36 25
stats: {sentpackets,"tsung_controller@ip-172-31-6-161"} 1 1566.0 0.0 1566 80 575.7999999999998 25
stats: {cpu,"tsung_controller@ip-172-31-6-161"} 1 4.616895874263261 0.0 4.616895874263261 1.0869565217391304 2.490485982167728 26
stats: session 43 12352.456900663154 3768.613393310602 30082.6259765625 1271.9140625 8371.846011685137 523
stats: users_count 54 663
stats: finish_users_count 43 566
stats: request 196 2591.1723421057895 1721.2783056599887 22842.99609375 7.140869140625 581.2208735731557 2223
stats: connect 56 1.825535365513393 1.2580633274506294 141.0380859375 0.945068359375 2.3333768435437294 606
stats: page 196 2591.1723421057895 1721.2783056599887 22842.99609375 7.140869140625 581.2208735731557 2223
stats: 200 196 2419
stats: size_rcv 1686642 20907688
stats: newphase 0 4
stats: size_sent 116374 1339228
stats: connected 13 97
# stats: dump at 1480608178
stats: users 114 115
stats: {load,"tsung_controller@ip-172-31-6-161"} 1 0.05859375 0.0 0.0703125 0.0 0.0026041666666666665 27
stats: {freemem,"tsung_controller@ip-172-31-6-161"} 1 3143.49609375 0.0 3162.3671875 3143.49609375 3154.991608796296 27
stats: {recvpackets,"tsung_controller@ip-172-31-6-161"} 1 1878.0 0.0 1953 111 792.7692307692307 26
stats: {sentpackets,"tsung_controller@ip-172-31-6-161"} 1 1457.0 0.0 1566 80 613.8846153846152 26
stats: {cpu,"tsung_controller@ip-172-31-6-161"} 1 4.133858267716536 0.0 4.616895874263261 1.0869565217391304 2.569241904097192 27
stats: session 46 17177.27644679858 4059.9238086484643 30082.6259765625 1271.9140625 8674.259913144597 566
stats: users_count 63 726
stats: finish_users_count 46 612
stats: request 210 3239.3205299014135 1889.0700780650545 23488.30810546875 7.140869140625 744.0776275344605 2419
stats: connect 63 1.890807136656746 1.288688629647644 141.0380859375 0.945068359375 2.2904174435895017 662
stats: page 210 3239.3205299014135 1889.0700780650545 23488.30810546875 7.140869140625 744.0776275344605 2419
stats: 200 210 2629
stats: size_rcv 1813072 22720760
stats: newphase 0 4
stats: size_sent 120975 1460203
stats: connected 16 113
# stats: dump at 1480608188
stats: users 128 129
stats: {load,"tsung_controller@ip-172-31-6-161"} 1 0.05078125 0.0 0.0703125 0.0 0.004603794642857143 28
stats: {freemem,"tsung_controller@ip-172-31-6-161"} 1 3141.671875 0.0 3162.3671875 3141.671875 3154.5810546875 28
stats: {recvpackets,"tsung_controller@ip-172-31-6-161"} 1 1798.0 0.0 1953 111 832.9629629629629 27
stats: {sentpackets,"tsung_controller@ip-172-31-6-161"} 1 1434.0 0.0 1566 80 645.111111111111 27
stats: {cpu,"tsung_controller@ip-172-31-6-161"} 1 4.3264503441494595 0.0 4.616895874263261 1.0869565217391304 2.62512105994074 28
stats: session 47 19022.554256358057 4056.8549042276454 31429.845947265625 1271.9140625 9313.37553495519 612
stats: users_count 61 787
stats: finish_users_count 47 659
stats: request 191 4110.599992841948 1792.1617264140127 23488.30810546875 7.140869140625 943.3933405420908 2629
stats: connect 60 1.6834554036458333 0.4636309799132548 141.0380859375 0.945068359375 2.255692685883621 725
stats: page 191 4110.599992841948 1792.1617264140127 23488.30810546875 7.140869140625 943.3933405420908 2629
stats: 200 191 2820
stats: size_rcv 1613037 24333797
stats: newphase 0 4
stats: size_sent 107052 1567255
stats: connected 14 127
# stats: dump at 1480608198
stats: users 136 138
stats: {load,"tsung_controller@ip-172-31-6-161"} 1 0.0390625 0.0 0.0703125 0.0 0.006196120689655173 29
stats: {freemem,"tsung_controller@ip-172-31-6-161"} 1 3139.375 0.0 3162.3671875 3139.375 3154.1359105603447 29
stats: {recvpackets,"tsung_controller@ip-172-31-6-161"} 1 1802.0 0.0 1953 111 867.4285714285714 28
stats: {sentpackets,"tsung_controller@ip-172-31-6-161"} 1 1435.0 0.0 1566 80 673.2857142857141 28
stats: {cpu,"tsung_controller@ip-172-31-6-161"} 1 4.137931034482759 0.0 4.616895874263261 1.0869565217391304 2.68378758698242 29
stats: session 48 22823.228525797527 4936.929083905408 38463.02001953125 1271.9140625 10005.835929349629 659
stats: users_count 56 843
stats: finish_users_count 48 707
stats: request 222 4945.232426273929 2237.5557529300304 23488.30810546875 7.140869140625 1157.909819474457 2820
stats: connect 56 1.9031590053013392 1.3091887337644799 141.0380859375 0.945068359375 2.2119548044386943 785
stats: page 222 4945.232426273929 2237.5557529300304 23488.30810546875 7.140869140625 1157.909819474457 2820
stats: 200 222 3042
stats: size_rcv 1968413 26302210
stats: newphase 0 4
stats: size_sent 118386 1685641
stats: connected 8 135
# stats: dump at 1480608208
stats: users 152 158
stats: {load,"tsung_controller@ip-172-31-6-161"} 1 0.0390625 0.0 0.0703125 0.0 0.007291666666666667 30
stats: {freemem,"tsung_controller@ip-172-31-6-161"} 1 3136.953125 0.0 3162.3671875 3136.953125 3153.6438802083335 30
stats: {recvpackets,"tsung_controller@ip-172-31-6-161"} 1 2231.0 0.0 2231 111 899.6551724137931 29
stats: {sentpackets,"tsung_controller@ip-172-31-6-161"} 1 1822.0 0.0 1822 80 699.5517241379309 29
stats: {cpu,"tsung_controller@ip-172-31-6-161"} 1 4.142011834319527 0.0 4.616895874263261 1.0869565217391304 2.7322590352324316 30
stats: session 61 23595.052118019976 5158.04962839562 42248.3330078125 1271.9140625 10876.040801527139 707
stats: users_count 77 920
stats: finish_users_count 61 768
stats: request 250 4018.0199150390627 922.94562377885 23488.30810546875 7.140869140625 1434.302199063373 3042
stats: connect 77 1.989819018871754 3.0343757662416824 141.0380859375 0.927978515625 2.191392896291617 841
stats: page 250 4018.0199150390627 922.94562377885 23488.30810546875 7.140869140625 1434.302199063373 3042
stats: 200 250 3292
stats: size_rcv 2132061 28434271
stats: newphase 1 5
stats: size_sent 141549 1827190
stats: connected 20 155
# stats: dump at 1480608218
stats: users 219 220
stats: {load,"tsung_controller@ip-172-31-6-161"} 1 0.03125 0.0 0.0703125 0.0 0.008316532258064516 31
stats: {freemem,"tsung_controller@ip-172-31-6-161"} 1 3134.625 0.0 3162.3671875 3134.625 3153.10546875 31
stats: {recvpackets,"tsung_controller@ip-172-31-6-161"} 1 2459.0 0.0 2459 111 944.0333333333333 30
stats: {sentpackets,"tsung_controller@ip-172-31-6-161"} 1 2180.0 0.0 2180 80 736.9666666666666 30
stats: {cpu,"tsung_controller@ip-172-31-6-161"} 1 5.708661417322835 0.0 5.708661417322835 1.0869565217391304 2.777734931977177 31
stats: session 50 23575.722519531253 5178.540140508782 48123.73095703125 1271.9140625 11886.274773279825 768
stats: users_count 117 1037
stats: finish_users_count 50 818
stats: request 261 4165.671728141465 1560.9561051034386 26047.656005859375 7.140869140625 1630.514054772341 3292
stats: connect 115 1.9601838485054344 3.560189805371391 141.0380859375 0.84814453125 2.174485283479711 918
stats: page 261 4165.671728141465 1560.9561051034386 26047.656005859375 7.140869140625 1630.514054772341 3292
stats: 200 261 3553
stats: size_rcv 2125067 30559338
stats: newphase 0 5
stats: size_sent 163054 1990244
stats: connected 62 217
# stats: dump at 1480608228
stats: users 279 281
stats: {load,"tsung_controller@ip-172-31-6-161"} 1 0.03125 0.0 0.0703125 0.0 0.009033203125 32
stats: {freemem,"tsung_controller@ip-172-31-6-161"} 1 3129.03515625 0.0 3162.3671875 3129.03515625 3152.5279541015625 32
stats: {recvpackets,"tsung_controller@ip-172-31-6-161"} 1 2365.0 0.0 2459 111 992.9032258064516 31
stats: {sentpackets,"tsung_controller@ip-172-31-6-161"} 1 2079.0 0.0 2180 80 783.5161290322579 31
stats: {cpu,"tsung_controller@ip-172-31-6-161"} 1 6.360078277886497 0.0 6.360078277886497 1.0869565217391304 2.8693263846442285 32
stats: session 53 24143.55142614977 4865.846915362686 48123.73095703125 1271.9140625 12600.78869419984 818
stats: users_count 113 1150
stats: finish_users_count 53 871
stats: request 346 5350.68649380193 3304.906927082203 26047.656005859375 1.376953125 1816.7443257403515 3553
stats: connect 115 1.5492378566576086 0.36861835869118753 141.0380859375 0.84814453125 2.150627911725556 1033
stats: page 346 5350.68649380193 3304.906927082203 26047.656005859375 1.376953125 1816.7443257403515 3553
stats: 200 262 3815
stats: size_rcv 2237713 32797051
stats: newphase 0 5
stats: size_sent 189917 2180161
stats: connected 63 280
stats: 503 85 85
# stats: dump at 1480608238
stats: users 268 283
stats: {load,"tsung_controller@ip-172-31-6-161"} 1 0.01953125 0.0 0.0703125 0.0 0.009706439393939394 33
stats: {freemem,"tsung_controller@ip-172-31-6-161"} 1 3123.13671875 0.0 3162.3671875 3123.13671875 3151.8160511363635 33
stats: {recvpackets,"tsung_controller@ip-172-31-6-161"} 1 2860.0 0.0 2860 111 1035.78125 32
stats: {sentpackets,"tsung_controller@ip-172-31-6-161"} 1 2547.0 0.0 2547 80 823.9999999999999 32
stats: {cpu,"tsung_controller@ip-172-31-6-161"} 1 5.9405940594059405 0.0 6.360078277886497 1.0869565217391304 2.9751067450455095 33
stats: session 100 23717.566662597656 6386.568490052512 49531.975830078125 1271.9140625 13303.161168130202 871
stats: users_count 89 1239
stats: finish_users_count 100 971
stats: request 420 4687.468600027903 3519.1328850486607 26047.656005859375 1.287109375 2130.348837191828 3899
stats: connect 88 1.5161548961292615 0.3672131288198547 141.0380859375 0.84814453125 2.0903841344321643 1148
stats: page 420 4687.468600027903 3519.1328850486607 26047.656005859375 1.287109375 2130.348837191828 3899
stats: 200 274 4089
stats: size_rcv 2349635 35146686
stats: newphase 0 5
stats: size_sent 225198 2405359
stats: connected -12 268
stats: 503 145 230
# stats: dump at 1480608248
stats: users 281 286
stats: {load,"tsung_controller@ip-172-31-6-161"} 1 0.01953125 0.0 0.0703125 0.0 0.009995404411764705 34
stats: {freemem,"tsung_controller@ip-172-31-6-161"} 1 3121.3125 0.0 3162.3671875 3121.3125 3150.972541360294 34
stats: {recvpackets,"tsung_controller@ip-172-31-6-161"} 1 2452.0 0.0 2860 111 1091.060606060606 33
stats: {sentpackets,"tsung_controller@ip-172-31-6-161"} 1 2335.0 0.0 2547 80 876.2121212121211 33
stats: {cpu,"tsung_controller@ip-172-31-6-161"} 1 7.490272373540856 0.0 7.490272373540856 1.0869565217391304 3.0623269601737575 34
stats: session 99 24668.582048512468 7980.729922702935 49531.975830078125 1271.9140625 14375.705503296778 971
stats: users_count 112 1351
stats: finish_users_count 99 1070
stats: request 410 4254.631433998668 4989.454887993501 26047.656005859375 1.287109375 2379.0152646961465 4319
stats: connect 113 1.8787722967367257 1.862309852328186 141.0380859375 0.84814453125 2.049500499342637 1236
stats: page 410 4254.631433998668 4989.454887993501 26047.656005859375 1.287109375 2379.0152646961465 4319
stats: 200 178 4267
stats: size_rcv 1684253 36830939
stats: newphase 0 5
stats: size_sent 188698 2594057
stats: connected 16 284
stats: 503 232 462
# stats: dump at 1480608258
stats: users 270 286
stats: {load,"tsung_controller@ip-172-31-6-161"} 1 0.01953125 0.0 0.0703125 0.0 0.010267857142857143 35
stats: {freemem,"tsung_controller@ip-172-31-6-161"} 1 3121.0703125 0.0 3162.3671875 3121.0703125 3150.125111607143 35
stats: {recvpackets,"tsung_controller@ip-172-31-6-161"} 1 2343.0 0.0 2860 111 1131.0882352941176 34
stats: {sentpackets,"tsung_controller@ip-172-31-6-161"} 1 2263.0 0.0 2547 80 919.1176470588234 34
stats: {cpu,"tsung_controller@ip-172-31-6-161"} 1 7.429130009775172 0.0 7.490272373540856 1.0869565217391304 3.18883968626996 35
stats: session 102 26397.62679754519 10704.277299739424 55505.992919921875 1271.9140625 15328.037071498979 1070
stats: users_count 91 1442
stats: finish_users_count 102 1172
stats: request 403 5998.305942734181 5615.034613105037 27052.37890625 1.287109375 2541.6294811085027 4729
stats: connect 92 1.534455672554348 0.3643805828512274 141.0380859375 0.84814453125 2.035199322993884 1349
stats: page 403 5998.305942734181 5615.034613105037 27052.37890625 1.287109375 2541.6294811085027 4729
stats: 200 232 4499
stats: size_rcv 2013290 38844229
stats: newphase 0 5
stats: size_sent 201497 2795554
stats: connected -14 270
stats: 503 171 633
# stats: dump at 1480608268
stats: users 289 289
stats: {load,"tsung_controller@ip-172-31-6-161"} 1 0.01171875 0.0 0.0703125 0.0 0.010525173611111112 36
stats: {freemem,"tsung_controller@ip-172-31-6-161"} 1 3120.33984375 0.0 3162.3671875 3120.33984375 3149.3180338541665 36
stats: {recvpackets,"tsung_controller@ip-172-31-6-161"} 1 2404.0 0.0 2860 111 1165.7142857142858 35
stats: {sentpackets,"tsung_controller@ip-172-31-6-161"} 1 2152.0 0.0 2547 80 957.5142857142857 35
stats: {cpu,"tsung_controller@ip-172-31-6-161"} 1 5.247524752475248 0.0 7.490272373540856 1.0869565217391304 3.3066255285895494 36
stats: session 107 25858.86663989486 9894.847803674025 55505.992919921875 1271.9140625 16291.43139919242 1172
stats: users_count 126 1568
stats: finish_users_count 107 1279
stats: request 404 4443.80139824896 4719.302875281597 29336.4921875 1.26806640625 2813.0715337264196 5132
stats: connect 122 1.6044901863473362 1.0820225813872935 141.0380859375 0.84814453125 2.003229568767349 1441
stats: page 404 4443.80139824896 4719.302875281597 29336.4921875 1.26806640625 2813.0715337264196 5132
stats: 200 197 4696
stats: size_rcv 1845804 40690033
stats: newphase 1 6
stats: size_sent 188071 2983625
stats: connected 17 287
stats: 503 207 840
# stats: dump at 1480608278
stats: users 307 314
stats: {load,"tsung_controller@ip-172-31-6-161"} 1 0.01171875 0.0 0.0703125 0.0 0.010557432432432432 37
stats: {freemem,"tsung_controller@ip-172-31-6-161"} 1 3119.72265625 0.0 3162.3671875 3119.72265625 3148.534839527027 37
stats: {recvpackets,"tsung_controller@ip-172-31-6-161"} 1 2750.0 0.0 2860 111 1200.111111111111 36
stats: {sentpackets,"tsung_controller@ip-172-31-6-161"} 1 2886.0 0.0 2886 80 990.6944444444445 36
stats: {cpu,"tsung_controller@ip-172-31-6-161"} 1 8.259587020648967 0.0 8.259587020648967 1.0869565217391304 3.359082264370244 37
stats: session 145 22963.718643925105 13591.000302101133 60254.1640625 1271.9140625 17091.83450377034 1279
stats: users_count 163 1731
stats: finish_users_count 145 1424
stats: request 634 3818.198865246696 5245.3614949803705 32620.925048828125 1.2470703125 2932.0771090998132 5536
stats: connect 165 1.53811553030303 0.7157286601781031 141.0380859375 0.84814453125 1.9721059573436501 1563
stats: page 634 3818.198865246696 5245.3614949803705 32620.925048828125 1.2470703125 2932.0771090998132 5536
stats: 200 239 4935
stats: size_rcv 2229722 42919755
stats: newphase 0 6
stats: size_sent 280167 3263792
stats: connected 18 305
stats: 503 396 1236
# stats: dump at 1480608288
stats: users 299 326
stats: {load,"tsung_controller@ip-172-31-6-161"} 1 0.01171875 0.0 0.0703125 0.0 0.010587993421052632 38
stats: {freemem,"tsung_controller@ip-172-31-6-161"} 1 3119.03125 0.0 3162.3671875 3119.03125 3147.7766241776317 38
stats: {recvpackets,"tsung_controller@ip-172-31-6-161"} 1 3108.0 0.0 3108 111 1242.0 37
stats: {sentpackets,"tsung_controller@ip-172-31-6-161"} 1 3198.0 0.0 3198 80 1041.918918918919 37
stats: {cpu,"tsung_controller@ip-172-31-6-161"} 1 8.904109589041095 0.0 8.904109589041095 1.0869565217391304 3.4880429158512634 38
stats: session 156 18978.794150328024 10673.042612251382 60254.1640625 183.94189453125 17689.74405455857 1424
stats: users_count 148 1879
stats: finish_users_count 156 1580
stats: request 654 3019.6070545441507 4508.630133617221 32620.925048828125 1.23583984375 3023.130787122038 6170
stats: connect 149 1.516023162227349 0.7529788440365132 141.0380859375 0.831787109375 1.9306658992060908 1728
stats: page 654 3019.6070545441507 4508.630133617221 32620.925048828125 1.23583984375 3023.130787122038 6170
stats: 200 209 5144
stats: size_rcv 2057001 44976756
stats: newphase 0 6
stats: size_sent 298652 3562444
stats: connected -6 299
stats: 503 444 1680
# stats: dump at 1480608298
stats: users 298 326
stats: {load,"tsung_controller@ip-172-31-6-161"} 1 0.01171875 0.0 0.0703125 0.0 0.010616987179487182 39
stats: {freemem,"tsung_controller@ip-172-31-6-161"} 1 3118.8671875 0.0 3162.3671875 3118.8671875 3147.039563301282 39
stats: {recvpackets,"tsung_controller@ip-172-31-6-161"} 1 2658.0 0.0 3108 111 1291.1052631578948 38
stats: {sentpackets,"tsung_controller@ip-172-31-6-161"} 1 2807.0 0.0 3198 80 1098.657894736842 38
stats: {cpu,"tsung_controller@ip-172-31-6-161"} 1 8.10546875 0.0 8.904109589041095 1.0869565217391304 3.6269164202920283 39
stats: session 136 20014.85486916934 11275.540313098692 60254.1640625 183.94189453125 17817.01735515353 1580
stats: users_count 135 2014
stats: finish_users_count 136 1716
stats: request 541 3525.426941933342 5127.015540365755 32620.925048828125 1.23583984375 3022.7930788708745 6824
stats: connect 137 1.438938113024635 0.4025340896798048 141.0380859375 0.831787109375 1.8977507325519445 1877
stats: page 541 3525.426941933342 5127.015540365755 32620.925048828125 1.23583984375 3022.7930788708745 6824
stats: 200 181 5325
stats: size_rcv 1773817 46750573
stats: newphase 0 6
stats: size_sent 241195 3803639
stats: connected 2 301
stats: 503 360 2040
# stats: dump at 1480608308
stats: users 309 330
stats: {load,"tsung_controller@ip-172-31-6-161"} 1 0.01171875 0.0 0.0703125 0.0 0.010644531250000002 40
stats: {freemem,"tsung_controller@ip-172-31-6-161"} 1 3118.70703125 0.0 3162.3671875 3118.70703125 3146.33525390625 40
stats: {recvpackets,"tsung_controller@ip-172-31-6-161"} 1 2759.0 0.0 3108 111 1326.1538461538462 39
stats: {sentpackets,"tsung_controller@ip-172-31-6-161"} 1 2912.0 0.0 3198 80 1142.4615384615386 39
stats: {cpu,"tsung_controller@ip-172-31-6-161"} 1 9.152872444011685 0.0 9.152872444011685 1.0869565217391304 3.7388802285347276 40
stats: session 167 21653.641423208264 11691.797510896678 60636.39599609375 183.94189453125 17991.20494367693 1716
stats: users_count 178 2192
stats: finish_users_count 167 1883
stats: request 680 3392.962652228863 5207.302128706245 32620.925048828125 1.23583984375 3059.714317148783 7365
stats: connect 178 1.6641982860779494 0.7621010328941143 141.0380859375 0.831787109375 1.866540539465926 2014
stats: page 680 3392.962652228863 5207.302128706245 32620.925048828125 1.23583984375 3059.714317148783 7365
stats: 200 211 5536
stats: size_rcv 2085822 48836395
stats: newphase 0 6
stats: size_sent 286760 4090399
stats: connected 9 310
stats: 503 469 2509
# stats: dump at 1480608318
stats: users 297 330
stats: {load,"tsung_controller@ip-172-31-6-161"} 1 0.01171875 0.0 0.0703125 0.0 0.010670731707317076 41
stats: {freemem,"tsung_controller@ip-172-31-6-161"} 1 3118.66015625 0.0 3162.3671875 3118.66015625 3145.661394817073 41
stats: {recvpackets,"tsung_controller@ip-172-31-6-161"} 1 3156.0 0.0 3156 111 1361.975 40
stats: {sentpackets,"tsung_controller@ip-172-31-6-161"} 1 3431.0 0.0 3431 80 1186.7000000000003 40
stats: {cpu,"tsung_controller@ip-172-31-6-161"} 1 9.135559921414538 0.0 9.152872444011685 1.0869565217391304 3.8709288191561164 41
stats: session 170 19289.22099465763 10799.001499631322 60636.39599609375 183.94189453125 18316.020074893993 1883
stats: users_count 158 2350
stats: finish_users_count 170 2053
stats: request 639 3478.9234781518976 4523.11142613654 32620.925048828125 1.23583984375 3087.8819825129167 8045
stats: connect 156 1.5120896559495194 0.3947213313476378 141.0380859375 0.831787109375 1.8501094623203695 2192
stats: page 639 3478.9234781518976 4523.11142613654 32620.925048828125 1.23583984375 3087.8819825129167 8045
stats: 200 247 5783
stats: size_rcv 2307132 51143527
stats: newphase 0 6
stats: size_sent 289512 4379911
stats: connected -15 295
stats: 503 392 2901
# stats: dump at 1480608328
stats: users 242 330
stats: {load,"tsung_controller@ip-172-31-6-161"} 1 0.0 0.0 0.0703125 0.0 0.010695684523809526 42
stats: {freemem,"tsung_controller@ip-172-31-6-161"} 1 3118.34375 0.0 3162.3671875 3118.34375 3145.018508184524 42
stats: {recvpackets,"tsung_controller@ip-172-31-6-161"} 1 2975.0 0.0 3156 111 1405.7317073170732 41
stats: {sentpackets,"tsung_controller@ip-172-31-6-161"} 1 3004.0 0.0 3431 80 1241.4390243902442 41
stats: {cpu,"tsung_controller@ip-172-31-6-161"} 1 7.8354554358472095 0.0 9.152872444011685 1.0869565217391304 3.996277178733698 42
stats: session 100 20979.798928222648 9835.410057707568 60636.39599609375 183.94189453125 18396.606609896342 2053
stats: users_count 45 2395
stats: finish_users_count 100 2153
stats: request 419 5291.732714377611 4271.235544397954 32620.925048828125 1.23583984375 3116.656224303947 8684
stats: connect 47 2.7459950548537235 8.486538446087108 141.0380859375 0.831787109375 1.8276515876211137 2348
stats: page 419 5291.732714377611 4271.235544397954 32620.925048828125 1.23583984375 3116.656224303947 8684
stats: 200 265 6048
stats: size_rcv 2303235 53446762
stats: newphase 0 6
stats: size_sent 214957 4594868
stats: connected -53 242
stats: 503 154 3055
# stats: dump at 1480608338
stats: users 171 330
stats: {load,"tsung_controller@ip-172-31-6-161"} 1 0.0 0.0 0.0703125 0.0 0.010446947674418606 43
stats: {freemem,"tsung_controller@ip-172-31-6-161"} 1 3118.3828125 0.0 3162.3671875 3118.34375 3144.3981649709303 43
stats: {recvpackets,"tsung_controller@ip-172-31-6-161"} 1 1998.0 0.0 3156 111 1443.095238095238 42
stats: {sentpackets,"tsung_controller@ip-172-31-6-161"} 1 1622.0 0.0 3431 80 1283.4047619047622 42
stats: {cpu,"tsung_controller@ip-172-31-6-161"} 1 3.4482758620689653 0.0 9.152872444011685 1.0869565217391304 4.085560394015408 43
stats: session 71 27661.08542514855 8141.050236112435 60636.39599609375 183.94189453125 18516.58767437968 2153
stats: users_count 0 2395
stats: finish_users_count 71 2224
stats: request 198 8771.833730370105 1125.6129822600944 32620.925048828125 1.23583984375 3216.77234529053 9103
stats: connect 0 0 0 141.0380859375 0.831787109375 1.8456733592119 2395
stats: page 198 8771.833730370105 1125.6129822600944 32620.925048828125 1.23583984375 3216.77234529053 9103
stats: 200 198 6246
stats: size_rcv 1839274 55286036
stats: newphase 0 6
stats: size_sent 102342 4697210
stats: connected -71 171
stats: 503 0 3055
# stats: dump at 1480608348
stats: users 61 330
stats: {load,"tsung_controller@ip-172-31-6-161"} 1 0.0 0.0 0.0703125 0.0 0.010209517045454546 44
stats: {freemem,"tsung_controller@ip-172-31-6-161"} 1 3118.02734375 0.0 3162.3671875 3118.02734375 3143.8069069602275 44
stats: {recvpackets,"tsung_controller@ip-172-31-6-161"} 1 2003.0 0.0 3156 111 1456.0 43
stats: {sentpackets,"tsung_controller@ip-172-31-6-161"} 1 1550.0 0.0 3431 80 1291.279069767442 43
stats: {cpu,"tsung_controller@ip-172-31-6-161"} 1 3.0511811023622046 0.0 9.152872444011685 1.0869565217391304 4.071076654652988 44
stats: session 110 32995.190722656254 6811.301267493693 61555.048828125 183.94189453125 18808.520830991456 2224
stats: users_count 0 2395
stats: finish_users_count 110 2334
stats: request 207 8079.336150975619 3124.678516784487 32620.925048828125 1.23583984375 3335.028678399417 9301
stats: connect 0 0 0 141.0380859375 0.831787109375 1.8456733592119 2395
stats: page 207 8079.336150975619 3124.678516784487 32620.925048828125 1.23583984375 3335.028678399417 9301
stats: 200 207 6453
stats: size_rcv 1983087 57269123
stats: newphase 0 6
stats: size_sent 73576 4770786
stats: connected -110 61
stats: 503 0 3055
# stats: dump at 1480608358
stats: users 0 330
stats: {load,"tsung_controller@ip-172-31-6-161"} 1 0.0 0.0 0.0703125 0.0 0.009982638888888888 45
stats: {freemem,"tsung_controller@ip-172-31-6-161"} 1 3118.37890625 0.0 3162.3671875 3118.02734375 3143.2340277777776 45
stats: {recvpackets,"tsung_controller@ip-172-31-6-161"} 1 1364.0 0.0 3156 111 1468.4318181818182 44
stats: {sentpackets,"tsung_controller@ip-172-31-6-161"} 1 1125.0 0.0 3431 80 1297.159090909091 44
stats: {cpu,"tsung_controller@ip-172-31-6-161"} 1 2.171767028627838 0.0 9.152872444011685 1.0869565217391304 4.048412309046526 45
stats: session 61 33971.24466892931 3906.830220576589 61555.048828125 183.94189453125 19477.129951849696 2334
stats: users_count 0 2395
stats: finish_users_count 61 2395
stats: request 72 3820.9516330295137 2377.8256090476016 32620.925048828125 1.23583984375 3438.3176610270225 9508
stats: connect 0 0 0 141.0380859375 0.831787109375 1.8456733592119 2395
stats: page 72 3820.9516330295137 2377.8256090476016 32620.925048828125 1.23583984375 3438.3176610270225 9508
stats: 200 72 6525
stats: size_rcv 734335 58003458
stats: newphase 0 6
stats: size_sent 14048 4784834
stats: connected -61 0
stats: 503 0 3055
# stats: dump at 1480608361
stats: users 0 330
stats: {load,"tsung_controller@ip-172-31-6-161"} 0 0 0 0.0703125 0.0 0.009765624999999998 46
stats: {freemem,"tsung_controller@ip-172-31-6-161"} 0 0 0 3162.3671875 3118.02734375 3142.693699048913 46
stats: {recvpackets,"tsung_controller@ip-172-31-6-161"} 0 0 0 3156 111 1466.111111111111 45
stats: {sentpackets,"tsung_controller@ip-172-31-6-161"} 0 0 0 3431 80 1293.3333333333333 45
stats: {cpu,"tsung_controller@ip-172-31-6-161"} 0 0 0 9.152872444011685 1.0869565217391304 4.007615672515684 46
stats: session 0 0 0 61555.048828125 183.94189453125 19846.291120009133 2395
stats: users_count 0 2395
stats: finish_users_count 0 2395
stats: request 0 0 0 32620.925048828125 1.23583984375 3441.19340695439 9580
stats: connect 0 0 0 141.0380859375 0.831787109375 1.8456733592119 2395
stats: page 0 0 0 32620.925048828125 1.23583984375 3441.19340695439 9580
stats: 200 0 6525
stats: size_rcv 0 58003458
stats: newphase 0 6
stats: size_sent 0 4784834
stats: connected 0 0
stats: 503 0 3055
EndMonitor:{1480,608361,629396}
