# stats: dump at 1480496514
stats: users 11 11
stats: {load,"tsung_controller@ip-172-31-15-33"} 1 0.0 0 0.0 0.0 0 0
stats: {freemem,"tsung_controller@ip-172-31-15-33"} 1 3159.33984375 0 3159.33984375 3159.33984375 0 0
stats: {cpu,"tsung_controller@ip-172-31-15-33"} 1 4.078488850335761 0 4.078488850335761 4.078488850335761 0 0
stats: users_count 11 11
stats: finish_users_count 0 0
stats: request 46 59.551136846127726 84.19345382025072 402.02197265625 7.06591796875 0 0
stats: connect 10 37.7908447265625 61.232165917640344 171.2958984375 1.273193359375 0 0
stats: page 45 60.87682834201386 85.08158282520483 402.02197265625 7.06591796875 0 0
stats: 302 10 10
stats: 200 32 32
stats: size_rcv 193601 193601
stats: size_sent 28935 28935
stats: connected 10 10
stats: 204 4 4
# stats: dump at 1480496524
stats: users 23 23
stats: {load,"tsung_controller@ip-172-31-15-33"} 1 0.0 0.0 0.0 0.0 0.0 1
stats: {freemem,"tsung_controller@ip-172-31-15-33"} 1 3158.140625 0.0 3159.33984375 3158.140625 3159.33984375 1
stats: {recvpackets,"tsung_controller@ip-172-31-15-33"} 1 245 0 245 245 0 0
stats: {sentpackets,"tsung_controller@ip-172-31-15-33"} 1 230 0 230 230 0 0
stats: {cpu,"tsung_controller@ip-172-31-15-33"} 1 2.4582104228121926 0.0 4.078488850335761 2.4582104228121926 4.078488850335761 1
stats: users_count 12 23
stats: finish_users_count 0 0
stats: request 117 51.278620793269226 110.69664601647246 1042.81494140625 7.06591796875 59.551136846127726 46
stats: connect 13 81.3114483173077 274.96571089410105 1033.819091796875 1.273193359375 37.7908447265625 10
stats: page 96 62.5121129353841 122.2812495777528 1042.81494140625 7.06591796875 60.87682834201386 45
stats: 302 21 31
stats: 200 89 121
stats: size_rcv 526107 719708
stats: size_sent 82325 111260
stats: connected 13 23
stats: 204 7 11
stats: max_repeat 1 1
# stats: dump at 1480496534
stats: users 35 35
stats: {load,"tsung_controller@ip-172-31-15-33"} 1 0.0 0.0 0.0 0.0 0.0 2
stats: {freemem,"tsung_controller@ip-172-31-15-33"} 1 3154.52734375 0.0 3159.33984375 3154.52734375 3158.740234375 2
stats: {recvpackets,"tsung_controller@ip-172-31-15-33"} 1 576.0 0.0 576 245 245.0 1
stats: {sentpackets,"tsung_controller@ip-172-31-15-33"} 1 476.0 0.0 476 230 230.0 1
stats: {cpu,"tsung_controller@ip-172-31-15-33"} 1 1.8700787401574805 0.0 4.078488850335761 1.8700787401574805 3.268349636573977 2
stats: session 1 24908.651123046875 0 24908.651123046875 24908.651123046875 0 0
stats: users_count 13 36
stats: finish_users_count 1 1
stats: request 179 39.492964931040476 57.84158781991881 1042.81494140625 0.916015625 53.61319587567101 163
stats: connect 12 10.774820963541666 30.566436536704202 1033.819091796875 1.04296875 62.38944675611413 23
stats: page 144 49.10872904459636 66.52163290016868 1042.81494140625 0.916015625 61.99021359707446 141
stats: 302 18 49
stats: 200 149 270
stats: size_rcv 871741 1591449
stats: size_sent 129091 240351
stats: connected 11 34
stats: 204 11 22
stats: max_repeat 4 5
stats: 400 1 1
# stats: dump at 1480496544
stats: users 44 44
stats: {load,"tsung_controller@ip-172-31-15-33"} 1 0.0 0.0 0.0 0.0 0.0 3
stats: {freemem,"tsung_controller@ip-172-31-15-33"} 1 3151.88671875 0.0 3159.33984375 3151.88671875 3157.3359375 3
stats: {recvpackets,"tsung_controller@ip-172-31-15-33"} 1 957.0 0.0 957 245 410.5 2
stats: {sentpackets,"tsung_controller@ip-172-31-15-33"} 1 786.0 0.0 786 230 353.0 2
stats: {cpu,"tsung_controller@ip-172-31-15-33"} 1 1.9762845849802373 0.0 4.078488850335761 1.8700787401574805 2.802259337768478 3
stats: session 1 19428.7001953125 0.0 24908.651123046875 19428.7001953125 24908.651123046875 1
stats: users_count 10 46
stats: finish_users_count 1 2
stats: request 236 35.80391162936976 45.871363688918144 1042.81494140625 0.916015625 46.22278260348135 342
stats: connect 11 2.9999556107954546 2.8879787147665192 1033.819091796875 1.04296875 44.693003627232144 35
stats: page 202 41.378217338335396 53.18310353943246 1042.81494140625 0.916015625 55.481674033717105 285
stats: 302 21 70
stats: 200 192 462
stats: size_rcv 1108780 2700229
stats: size_sent 173633 413984
stats: connected 10 44
stats: 204 22 44
stats: max_repeat 8 13
stats: 400 1 2
# stats: dump at 1480496554
stats: users 50 50
stats: {load,"tsung_controller@ip-172-31-15-33"} 1 0.0 0.0 0.0 0.0 0.0 4
stats: {freemem,"tsung_controller@ip-172-31-15-33"} 1 3150.4453125 0.0 3159.33984375 3150.4453125 3155.9736328125 4
stats: {recvpackets,"tsung_controller@ip-172-31-15-33"} 1 1045.0 0.0 1045 245 592.6666666666666 3
stats: {sentpackets,"tsung_controller@ip-172-31-15-33"} 1 903.0 0.0 903 230 497.3333333333333 3
stats: {cpu,"tsung_controller@ip-172-31-15-33"} 1 2.8515240904621435 0.0 4.078488850335761 1.8700787401574805 2.595765649571418 4
stats: session 1 37458.931884765625 0.0 37458.931884765625 19428.7001953125 22168.675659179688 2
stats: users_count 7 53
stats: finish_users_count 1 3
stats: request 274 26.015535006557936 26.732330533586097 1042.81494140625 0.916015625 41.96871071785793 578
stats: connect 6 1.6892496744791667 0.39012061085693983 1033.819091796875 1.04296875 34.72292692764945 46
stats: page 251 28.776840878672807 30.79135949141772 1042.81494140625 0.916015625 49.63178029148486 487
stats: 302 17 87
stats: 200 221 683
stats: size_rcv 1236121 3936350
stats: size_sent 200821 614805
stats: connected 5 49
stats: 204 35 79
stats: max_repeat 5 18
stats: 400 1 3
# stats: dump at 1480496564
stats: users 53 53
stats: {load,"tsung_controller@ip-172-31-15-33"} 1 0.0 0.0 0.0 0.0 0.0 5
stats: {freemem,"tsung_controller@ip-172-31-15-33"} 1 3147.9453125 0.0 3159.33984375 3147.9453125 3154.86796875 5
stats: {recvpackets,"tsung_controller@ip-172-31-15-33"} 1 1210.0 0.0 1210 245 705.75 4
stats: {sentpackets,"tsung_controller@ip-172-31-15-33"} 1 1014.0 0.0 1014 230 598.75 4
stats: {cpu,"tsung_controller@ip-172-31-15-33"} 1 3.1341821743388834 0.0 4.078488850335761 1.8700787401574805 2.646917337749563 5
stats: session 4 42948.469970703125 6802.6779620406505 50925.150146484375 19428.7001953125 27265.427734375 3
stats: users_count 7 60
stats: finish_users_count 4 7
stats: request 377 33.36985361923907 94.36132191321498 1676.64697265625 0.840087890625 36.8382293271347 852
stats: connect 8 1.983673095703125 1.2733349930718907 1033.819091796875 1.04296875 30.91134878305288 52
stats: page 348 36.156151080953656 98.89997966178981 1676.64697265625 0.840087890625 42.53884019308943 738
stats: 302 16 103
stats: 200 309 992
stats: size_rcv 1799630 5735980
stats: size_sent 272637 887442
stats: connected 3 52
stats: 204 48 127
stats: max_repeat 9 27
stats: 400 4 7
# stats: dump at 1480496574
stats: users 69 69
stats: {load,"tsung_controller@ip-172-31-15-33"} 1 0.0 0.0 0.0 0.0 0.0 6
stats: {freemem,"tsung_controller@ip-172-31-15-33"} 1 3145.546875 0.0 3159.33984375 3145.546875 3153.7141927083335 6
stats: {recvpackets,"tsung_controller@ip-172-31-15-33"} 1 1531.0 0.0 1531 245 806.6 5
stats: {sentpackets,"tsung_controller@ip-172-31-15-33"} 1 1286.0 0.0 1286 230 681.8 5
stats: {cpu,"tsung_controller@ip-172-31-15-33"} 1 3.1714568880079286 0.0 4.078488850335761 1.8700787401574805 2.7281281438477833 6
stats: session 4 49277.4892578125 9469.331728313307 59876.595947265625 19428.7001953125 36227.16615513393 7
stats: users_count 20 80
stats: finish_users_count 4 11
stats: request 406 27.418406519396548 26.904144035099886 1676.64697265625 0.840087890625 35.77429308476151 1229
stats: connect 20 3.86558837890625 6.0854190896864795 1033.819091796875 1.04296875 27.054325358072912 60
stats: page 367 30.33919115612229 30.876450916197694 1676.64697265625 0.840087890625 40.493558599145366 1086
stats: 302 27 130
stats: 200 333 1325
stats: size_rcv 1899820 7635800
stats: newphase 1 1
stats: size_sent 290183 1177625
stats: connected 16 68
stats: 204 44 171
stats: max_repeat 9 36
stats: 400 2 9
# stats: dump at 1480496584
stats: users 77 77
stats: {load,"tsung_controller@ip-172-31-15-33"} 1 0.0 0.0 0.0 0.0 0.0 7
stats: {freemem,"tsung_controller@ip-172-31-15-33"} 1 3142.4296875 0.0 3159.33984375 3142.4296875 3152.547433035714 7
stats: {recvpackets,"tsung_controller@ip-172-31-15-33"} 1 1928.0 0.0 1928 245 927.3333333333334 6
stats: {sentpackets,"tsung_controller@ip-172-31-15-33"} 1 1585.0 0.0 1585 230 782.5 6
stats: {cpu,"tsung_controller@ip-172-31-15-33"} 1 4.39453125 0.0 4.39453125 1.8700787401574805 2.791460821584947 7
stats: session 8 44792.30923461914 20295.533769840633 72588.65502929688 15374.907958984375 40972.73819247159 11
stats: users_count 16 96
stats: finish_users_count 8 19
stats: request 445 35.36681333391853 64.08764364064045 1676.64697265625 0.840087890625 33.69937568687884 1635
stats: connect 16 2.375946044921875 1.0981551759678014 1033.819091796875 1.04296875 21.257141113281246 80
stats: page 403 39.05973388066066 71.63156085183893 1676.64697265625 0.840087890625 37.928759664809874 1453
stats: 302 37 167
stats: 200 355 1680
stats: size_rcv 1988426 9624226
stats: newphase 0 1
stats: size_sent 325434 1503059
stats: connected 9 77
stats: 204 50 221
stats: max_repeat 8 44
stats: 400 3 12
# stats: dump at 1480496594
stats: users 85 86
stats: {load,"tsung_controller@ip-172-31-15-33"} 1 0.0 0.0 0.0 0.0 0.0 8
stats: {freemem,"tsung_controller@ip-172-31-15-33"} 1 3140.16015625 0.0 3159.33984375 3140.16015625 3151.28271484375 8
stats: {recvpackets,"tsung_controller@ip-172-31-15-33"} 1 1892.0 0.0 1928 245 1070.2857142857142 7
stats: {sentpackets,"tsung_controller@ip-172-31-15-33"} 1 1652.0 0.0 1652 230 897.1428571428571 7
stats: {cpu,"tsung_controller@ip-172-31-15-33"} 1 3.857566765578635 0.0 4.39453125 1.8700787401574805 2.9918446251368285 8
stats: session 5 57361.0322265625 16389.425827791452 80445.79907226563 15374.907958984375 42580.97863127056 19
stats: users_count 13 109
stats: finish_users_count 5 24
stats: request 537 26.486984622323092 29.194978111078306 1676.64697265625 0.840087890625 34.056111145019536 2080
stats: connect 12 1.7100423177083333 0.4865874688818306 1033.819091796875 1.04296875 18.110275268554684 96
stats: page 483 29.45621643698241 34.36925150165564 1676.64697265625 0.840087890625 38.1743321912042 1856
stats: 302 31 198
stats: 200 445 2125
stats: size_rcv 2427716 12051942
stats: newphase 0 1
stats: size_sent 394679 1897738
stats: connected 7 84
stats: 204 59 280
stats: max_repeat 13 57
stats: 400 2 14
# stats: dump at 1480496604
stats: users 96 96
stats: {load,"tsung_controller@ip-172-31-15-33"} 1 0.0 0.0 0.0 0.0 0.0 9
stats: {freemem,"tsung_controller@ip-172-31-15-33"} 1 3135.3359375 0.0 3159.33984375 3135.3359375 3150.046875 9
stats: {recvpackets,"tsung_controller@ip-172-31-15-33"} 1 2161.0 0.0 2161 245 1173.0 8
stats: {sentpackets,"tsung_controller@ip-172-31-15-33"} 1 1839.0 0.0 1839 230 991.5 8
stats: {cpu,"tsung_controller@ip-172-31-15-33"} 1 4.3264503441494595 0.0 4.39453125 1.8700787401574805 3.088035974074807 9
stats: session 11 58237.563587535515 23359.458789474866 92463.88208007813 15374.907958984375 45660.15646362305 24
stats: users_count 22 131
stats: finish_users_count 11 35
stats: request 527 30.208276506166982 70.46651401660372 1676.64697265625 0.65185546875 32.50295067780976 2617
stats: connect 20 1.63551025390625 0.4768764117046274 1033.819091796875 1.02294921875 16.288027162905088 108
stats: page 489 32.55993926939545 74.09452871242596 1676.64697265625 0.65185546875 36.37405433344912 2339
stats: 302 31 229
stats: 200 438 2563
stats: size_rcv 2481625 14533567
stats: newphase 0 1
stats: size_sent 375303 2273041
stats: connected 8 92
stats: 204 54 334
stats: max_repeat 14 71
stats: 400 4 18
# stats: dump at 1480496614
stats: users 99 101
stats: {load,"tsung_controller@ip-172-31-15-33"} 1 0.0 0.0 0.0 0.0 0.0 10
stats: {freemem,"tsung_controller@ip-172-31-15-33"} 1 3133.78125 0.0 3159.33984375 3133.78125 3148.57578125 10
stats: {recvpackets,"tsung_controller@ip-172-31-15-33"} 1 2376.0 0.0 2376 245 1282.7777777777778 9
stats: {sentpackets,"tsung_controller@ip-172-31-15-33"} 1 2069.0 0.0 2069 230 1085.6666666666667 9
stats: {cpu,"tsung_controller@ip-172-31-15-33"} 1 4.911591355599214 0.0 4.911591355599214 1.8700787401574805 3.211877411082272 10
stats: session 12 64749.220458984375 22752.164329053765 92463.88208007813 15374.907958984375 49613.0558454241 35
stats: users_count 15 146
stats: finish_users_count 12 47
stats: request 660 28.00930138790247 66.05982863158872 1676.64697265625 0.610107421875 32.1183154079447 3144
stats: connect 17 5.099566291360294 9.824156281106015 1033.819091796875 1.02294921875 13.99857139587402 128
stats: page 599 30.86715896937606 70.53508262629855 1676.64697265625 0.610107421875 35.714541509431356 2828
stats: 302 37 266
stats: 200 541 3104
stats: size_rcv 3013653 17547220
stats: newphase 0 1
stats: size_sent 480668 2753709
stats: connected 5 97
stats: 204 78 412
stats: max_repeat 11 82
stats: 400 4 22
# stats: dump at 1480496624
stats: users 91 101
stats: {load,"tsung_controller@ip-172-31-15-33"} 1 0.0 0.0 0.0 0.0 0.0 11
stats: {freemem,"tsung_controller@ip-172-31-15-33"} 1 3131.8984375 0.0 3159.33984375 3131.8984375 3147.2308238636365 11
stats: {recvpackets,"tsung_controller@ip-172-31-15-33"} 1 2666.0 0.0 2666 245 1392.1 10
stats: {sentpackets,"tsung_controller@ip-172-31-15-33"} 1 2344.0 0.0 2344 230 1184.0 10
stats: {cpu,"tsung_controller@ip-172-31-15-33"} 1 4.935834155972359 0.0 4.935834155972359 1.8700787401574805 3.366396860583812 11
stats: session 12 56005.36238606771 27257.370796396954 97285.97900390625 12987.988037109375 53477.60851271609 47
stats: users_count 4 150
stats: finish_users_count 12 59
stats: request 633 29.187300984893366 60.581444693401636 1676.64697265625 0.610107421875 31.405394994372706 3804
stats: connect 5 1.553955078125 0.3521265887413164 1033.819091796875 1.02294921875 12.955239762931031 145
stats: page 592 31.21325188714104 63.48409063409588 1676.64697265625 0.610107421875 34.86727505437063 3427
stats: 302 20 286
stats: 200 539 3643
stats: size_rcv 3168167 20715387
stats: newphase 0 1
stats: size_sent 460289 3213998
stats: connected -7 90
stats: 204 69 481
stats: max_repeat 21 103
stats: 400 5 27
# stats: dump at 1480496634
stats: users 92 101
stats: {load,"tsung_controller@ip-172-31-15-33"} 1 0.0 0.0 0.0 0.0 0.0 12
stats: {freemem,"tsung_controller@ip-172-31-15-33"} 1 3130.8515625 0.0 3159.33984375 3130.8515625 3145.953125 12
stats: {recvpackets,"tsung_controller@ip-172-31-15-33"} 1 2654.0 0.0 2666 245 1507.909090909091 11
stats: {sentpackets,"tsung_controller@ip-172-31-15-33"} 1 2149.0 0.0 2344 230 1289.4545454545455 11
stats: {cpu,"tsung_controller@ip-172-31-15-33"} 1 5.31496062992126 0.0 5.31496062992126 1.8700787401574805 3.497183301866191 12
stats: session 12 61468.68931070963 26520.01976490771 97285.97900390625 12987.988037109375 53991.727944584214 59
stats: users_count 13 163
stats: finish_users_count 12 71
stats: request 527 21.859242506226273 69.17163230988706 1676.64697265625 0.610107421875 31.088952914588976 4437
stats: connect 13 3.9278094951923075 5.806544754988336 1033.819091796875 1.02294921875 12.575196940104163 150
stats: page 505 22.81466342435024 71.30312170586176 1676.64697265625 0.610107421875 34.329036259894416 4019
stats: 302 19 305
stats: 200 435 4078
stats: size_rcv 2077993 22793380
stats: newphase 1 2
stats: size_sent 379671 3593669
stats: connected 2 92
stats: 204 69 550
stats: max_repeat 9 112
stats: 400 4 31
# stats: dump at 1480496644
stats: users 97 101
stats: {load,"tsung_controller@ip-172-31-15-33"} 1 0.0 0.0 0.0 0.0 0.0 13
stats: {freemem,"tsung_controller@ip-172-31-15-33"} 1 3130.2734375 0.0 3159.33984375 3130.2734375 3144.791466346154 13
stats: {recvpackets,"tsung_controller@ip-172-31-15-33"} 1 2127.0 0.0 2666 245 1603.4166666666667 12
stats: {sentpackets,"tsung_controller@ip-172-31-15-33"} 1 1989.0 0.0 2344 230 1361.0833333333333 12
stats: {cpu,"tsung_controller@ip-172-31-15-33"} 1 4.083665338645418 0.0 5.31496062992126 1.8700787401574805 3.6370123271011963 13
stats: session 11 70164.02208362926 27643.544610766156 126127.046875 12987.988037109375 55255.43972477443 71
stats: users_count 16 179
stats: finish_users_count 11 82
stats: request 679 33.84547480497513 96.6250397356194 1750.010009765625 0.610107421875 30.109086398632662 4964
stats: connect 16 2.255889892578125 1.300159477217389 1033.819091796875 1.02294921875 11.885528002779905 163
stats: page 633 36.30916958246939 101.61799311626189 1750.010009765625 0.610107421875 33.043722758137164 4524
stats: 302 31 336
stats: 200 558 4636
stats: size_rcv 3169437 25962817
stats: newphase 0 2
stats: size_sent 494741 4088410
stats: connected 4 96
stats: 204 88 638
stats: max_repeat 16 128
stats: 400 3 34
# stats: dump at 1480496654
stats: users 97 102
stats: {load,"tsung_controller@ip-172-31-15-33"} 1 0.0 0.0 0.0 0.0 0.0 14
stats: {freemem,"tsung_controller@ip-172-31-15-33"} 1 3129.20703125 0.0 3159.33984375 3129.20703125 3143.754464285714 14
stats: {recvpackets,"tsung_controller@ip-172-31-15-33"} 1 2628.0 0.0 2666 245 1643.6923076923076 13
stats: {sentpackets,"tsung_controller@ip-172-31-15-33"} 1 2259.0 0.0 2344 230 1409.3846153846155 13
stats: {cpu,"tsung_controller@ip-172-31-15-33"} 1 5.294117647058823 0.0 5.31496062992126 1.8700787401574805 3.668916113640069 14
stats: session 21 65639.57503255208 20908.131223015967 126127.046875 12987.988037109375 57255.37150462081 82
stats: users_count 21 200
stats: finish_users_count 21 103
stats: request 646 25.33700892209268 33.450198806047865 1750.010009765625 0.610107421875 30.55867132294713 5643
stats: connect 21 2.3285435267857144 1.7515631544387447 1033.819091796875 1.02294921875 11.024778227566339 179
stats: page 606 27.01326457108602 36.469679907598774 1750.010009765625 0.610107421875 33.44454258357876 5157
stats: 302 29 365
stats: 200 536 5172
stats: size_rcv 2948195 28911012
stats: newphase 0 2
stats: size_sent 461688 4550098
stats: connected -3 93
stats: 204 75 713
stats: max_repeat 12 140
stats: 400 5 39
# stats: dump at 1480496664
stats: users 110 110
stats: {load,"tsung_controller@ip-172-31-15-33"} 1 0.0 0.0 0.0 0.0 0.0 15
stats: {freemem,"tsung_controller@ip-172-31-15-33"} 1 3128.77734375 0.0 3159.33984375 3128.77734375 3142.784635416667 15
stats: {recvpackets,"tsung_controller@ip-172-31-15-33"} 1 2618.0 0.0 2666 245 1714.0 14
stats: {sentpackets,"tsung_controller@ip-172-31-15-33"} 1 2348.0 0.0 2348 230 1470.0714285714287 14
stats: {cpu,"tsung_controller@ip-172-31-15-33"} 1 5.128205128205128 0.0 5.31496062992126 1.8700787401574805 3.777262882534653 15
stats: session 13 67492.26047926683 32230.874089766512 133807.78784179688 12987.988037109375 58964.77222390777 103
stats: users_count 26 226
stats: finish_users_count 13 116
stats: request 650 30.763387545072117 61.188759421400235 1750.010009765625 0.610107421875 30.022307209264195 6289
stats: connect 25 1.807509765625 0.9081171600150401 1033.819091796875 0.906005859375 10.111673583984373 200
stats: page 583 34.30597059927101 65.90369880794353 1750.010009765625 0.610107421875 32.76827076758525 5763
stats: 302 47 412
stats: 200 532 5704
stats: size_rcv 3051065 31962077
stats: newphase 0 2
stats: size_sent 472459 5022557
stats: connected 15 108
stats: 204 70 783
stats: max_repeat 19 159
stats: 400 1 40
# stats: dump at 1480496674
stats: users 118 119
stats: {load,"tsung_controller@ip-172-31-15-33"} 1 0.0 0.0 0.0 0.0 0.0 16
stats: {freemem,"tsung_controller@ip-172-31-15-33"} 1 3127.23828125 0.0 3159.33984375 3127.23828125 3141.9091796875 16
stats: {recvpackets,"tsung_controller@ip-172-31-15-33"} 1 2916.0 0.0 2916 245 1774.2666666666667 15
stats: {sentpackets,"tsung_controller@ip-172-31-15-33"} 1 2404.0 0.0 2404 230 1528.6 15
stats: {cpu,"tsung_controller@ip-172-31-15-33"} 1 5.642023346303502 0.0 5.642023346303502 1.8700787401574805 3.861696772889058 16
stats: session 15 63021.79775390625 22497.158838932555 133807.78784179688 12987.988037109375 59920.439011146285 116
stats: users_count 23 249
stats: finish_users_count 15 131
stats: request 658 26.606835640672493 33.15312906475648 1750.010009765625 0.610107421875 30.09172675361859 6939
stats: connect 24 2.6068318684895835 4.970824857527301 1033.819091796875 0.906005859375 9.188988715277778 225
stats: page 616 28.425857742111404 36.293239013771995 1750.010009765625 0.610107421875 32.90953755010539 6346
stats: 302 45 457
stats: 200 538 6242
stats: size_rcv 2969726 34931803
stats: newphase 0 2
stats: size_sent 474519 5497076
stats: connected 9 117
stats: 204 71 854
stats: max_repeat 16 175
stats: 400 4 44
# stats: dump at 1480496684
stats: users 122 127
stats: {load,"tsung_controller@ip-172-31-15-33"} 1 0.0 0.0 0.0 0.0 0.0 17
stats: {freemem,"tsung_controller@ip-172-31-15-33"} 1 3126.54296875 0.0 3159.33984375 3126.54296875 3141.046185661765 17
stats: {recvpackets,"tsung_controller@ip-172-31-15-33"} 1 2608.0 0.0 2916 245 1845.625 16
stats: {sentpackets,"tsung_controller@ip-172-31-15-33"} 1 2285.0 0.0 2404 230 1583.3125 16
stats: {cpu,"tsung_controller@ip-172-31-15-33"} 1 5.2114060963618485 0.0 5.642023346303502 1.8700787401574805 3.966421865442849 17
stats: session 17 56523.69536994485 25538.906118436113 133807.78784179688 12987.988037109375 60275.55642443941 131
stats: users_count 21 270
stats: finish_users_count 17 148
stats: request 803 27.17492386947385 31.251029822012296 1750.010009765625 0.610107421875 29.789889403043556 7597
stats: connect 21 1.9655994233630953 1.5458221465464104 1033.819091796875 0.906005859375 8.554563958960843 249
stats: page 755 28.906354123551324 34.382497875136586 1750.010009765625 0.610107421875 32.51282011808524 6962
stats: 302 47 504
stats: 200 654 6896
stats: size_rcv 3787339 38719142
stats: newphase 0 2
stats: size_sent 576944 6074020
stats: connected 4 121
stats: 204 95 949
stats: max_repeat 19 194
stats: 400 7 51
# stats: dump at 1480496694
stats: users 129 129
stats: {load,"tsung_controller@ip-172-31-15-33"} 1 0.078125 0.0 0.078125 0.0 0.0 18
stats: {freemem,"tsung_controller@ip-172-31-15-33"} 1 3125.6171875 0.0 3159.33984375 3125.6171875 3140.2404513888887 18
stats: {recvpackets,"tsung_controller@ip-172-31-15-33"} 1 3627.0 0.0 3627 245 1890.4705882352941 17
stats: {sentpackets,"tsung_controller@ip-172-31-15-33"} 1 3039.0 0.0 3039 230 1624.5882352941176 17
stats: {cpu,"tsung_controller@ip-172-31-15-33"} 1 7.017543859649122 0.0 7.017543859649122 1.8700787401574805 4.03558765604946 18
stats: session 22 62014.14791592685 32348.617573846997 133807.78784179688 12987.988037109375 59844.59941142314 148
stats: users_count 29 299
stats: finish_users_count 22 170
stats: request 858 27.589400711593086 38.52398923462827 1750.010009765625 0.610107421875 29.53991115025112 8400
stats: connect 29 2.531872979525862 3.9970452311131264 1033.819091796875 0.906005859375 8.042088939525463 270
stats: page 818 28.941969444815875 40.54572710078373 1750.010009765625 0.610107421875 32.15997810358827 7717
stats: 302 35 539
stats: 200 709 7605
stats: size_rcv 3900324 42619466
stats: newphase 1 3
stats: size_sent 613059 6687079
stats: connected 8 129
stats: 204 107 1056
stats: max_repeat 19 213
stats: 400 7 58
# stats: dump at 1480496704
stats: users 152 152
stats: {load,"tsung_controller@ip-172-31-15-33"} 1 0.1484375 0.0 0.1484375 0.0 0.004111842105263158 19
stats: {freemem,"tsung_controller@ip-172-31-15-33"} 1 3124.9375 0.0 3159.33984375 3124.9375 3139.4708059210525 19
stats: {recvpackets,"tsung_controller@ip-172-31-15-33"} 1 3440.0 0.0 3627 245 1986.9444444444443 18
stats: {sentpackets,"tsung_controller@ip-172-31-15-33"} 1 2977.0 0.0 3039 230 1703.1666666666667 18
stats: {cpu,"tsung_controller@ip-172-31-15-33"} 1 6.660137120470128 0.0 7.017543859649122 1.8700787401574805 4.1925327193968105 19
stats: session 13 68362.78799203727 30299.648045549122 133807.78784179688 12987.988037109375 60125.364512005974 170
stats: users_count 36 335
stats: finish_users_count 13 183
stats: request 889 39.26908800706554 70.11944202420814 1750.010009765625 0.610107421875 29.359144466694346 9258
stats: connect 36 2.2015923394097223 1.3509093755512784 1033.819091796875 0.906005859375 7.507653277853261 299
stats: page 798 43.607156012590124 78.97773585988746 1750.010009765625 0.610107421875 31.85156204232573 8535
stats: 302 45 584
stats: 200 741 8346
stats: size_rcv 3991106 46610572
stats: newphase 0 3
stats: size_sent 643461 7330540
stats: connected 22 151
stats: 204 99 1155
stats: max_repeat 12 225
stats: 400 4 62
# stats: dump at 1480496714
stats: users 182 182
stats: {load,"tsung_controller@ip-172-31-15-33"} 1 0.12890625 0.0 0.1484375 0.0 0.011328125 20
stats: {freemem,"tsung_controller@ip-172-31-15-33"} 1 3119.29296875 0.0 3159.33984375 3119.29296875 3138.744140625 20
stats: {recvpackets,"tsung_controller@ip-172-31-15-33"} 1 4244.0 0.0 4244 245 2063.4210526315787 19
stats: {sentpackets,"tsung_controller@ip-172-31-15-33"} 1 3445.0 0.0 3445 230 1770.2105263157894 19
stats: {cpu,"tsung_controller@ip-172-31-15-33"} 1 7.302823758519961 0.0 7.302823758519961 1.8700787401574805 4.315912939450476 20
stats: session 16 50844.8885345459 25796.082916472882 133807.78784179688 12987.988037109375 60710.53667178962 183
stats: users_count 46 381
stats: finish_users_count 16 199
stats: request 1125 39.96800238715282 78.18920567824568 2087.717041015625 0.610107421875 30.227375451950085 10147
stats: connect 46 2.004850968070652 1.06962332588745 1033.819091796875 0.906005859375 6.93744971431903 335
stats: page 1038 43.43483538618434 82.84913300145318 2087.717041015625 0.610107421875 32.85670122461128 9333
stats: 302 74 658
stats: 200 916 9262
stats: size_rcv 5401747 52012319
stats: newphase 0 3
stats: size_sent 803331 8133871
stats: connected 29 180
stats: 204 126 1281
stats: max_repeat 28 253
stats: 400 9 71
# stats: dump at 1480496724
stats: users 202 202
stats: {load,"tsung_controller@ip-172-31-15-33"} 1 0.109375 0.0 0.1484375 0.0 0.016927083333333332 21
stats: {freemem,"tsung_controller@ip-172-31-15-33"} 1 3113.34765625 0.0 3159.33984375 3113.34765625 3137.817894345238 21
stats: {recvpackets,"tsung_controller@ip-172-31-15-33"} 1 5170.0 0.0 5170 245 2172.45 20
stats: {sentpackets,"tsung_controller@ip-172-31-15-33"} 1 4327.0 0.0 4327 230 1853.95 20
stats: {cpu,"tsung_controller@ip-172-31-15-33"} 1 9.426627793974733 0.0 9.426627793974733 1.8700787401574805 4.4581467879775944 21
stats: session 17 58077.5495892693 24511.59409295258 133807.78784179688 12987.988037109375 59917.31873110671 199
stats: users_count 37 418
stats: finish_users_count 17 216
stats: request 1259 31.34109354057036 55.54321664803383 2087.717041015625 0.610107421875 31.19953702949649 11272
stats: connect 37 1.982461465371622 0.915914342322599 1033.819091796875 0.906005859375 6.341912857816601 381
stats: page 1121 35.20674268057261 61.12637684470497 2087.717041015625 0.610107421875 33.9154326159634 10371
stats: 302 66 724
stats: 200 1046 10308
stats: size_rcv 5893308 57905627
stats: newphase 0 3
stats: size_sent 918350 9052221
stats: connected 20 200
stats: 204 142 1423
stats: max_repeat 33 286
stats: 400 5 76
# stats: dump at 1480496734
stats: users 229 229
stats: {load,"tsung_controller@ip-172-31-15-33"} 1 0.08984375 0.0 0.1484375 0.0 0.021129261363636364 22
stats: {freemem,"tsung_controller@ip-172-31-15-33"} 1 3103.91796875 0.0 3159.33984375 3103.91796875 3136.7056107954545 22
stats: {recvpackets,"tsung_controller@ip-172-31-15-33"} 1 5585.0 0.0 5585 245 2315.190476190476 21
stats: {sentpackets,"tsung_controller@ip-172-31-15-33"} 1 4692.0 0.0 4692 230 1971.7142857142858 21
stats: {cpu,"tsung_controller@ip-172-31-15-33"} 1 9.903846153846153 0.0 9.903846153846153 1.8700787401574805 4.683986833704737 22
stats: session 20 49188.073669433594 27690.693657326166 133807.78784179688 12987.988037109375 59772.522085684315 216
stats: users_count 47 465
stats: finish_users_count 20 236
stats: request 1370 38.64319025861091 59.36069726653448 2087.717041015625 0.610107421875 31.213759329986633 12531
stats: connect 45 1.7905381944444445 0.8509022430108575 1033.819091796875 0.906005859375 5.956028404418361 418
stats: page 1254 42.223294831539 63.49237552385297 2087.717041015625 0.610107421875 34.04139490124245 11492
stats: 302 79 803
stats: 200 1124 11432
stats: size_rcv 6710589 64616216
stats: newphase 0 3
stats: size_sent 985286 10037507
stats: connected 24 224
stats: 204 155 1578
stats: max_repeat 33 319
stats: 400 12 88
# stats: dump at 1480496744
stats: users 248 248
stats: {load,"tsung_controller@ip-172-31-15-33"} 1 0.16015625 0.0 0.16015625 0.0 0.024116847826086956 23
stats: {freemem,"tsung_controller@ip-172-31-15-33"} 1 3097.1171875 0.0 3159.33984375 3097.1171875 3135.2800611413045 23
stats: {recvpackets,"tsung_controller@ip-172-31-15-33"} 1 6743.0 0.0 6743 245 2463.818181818182 22
stats: {sentpackets,"tsung_controller@ip-172-31-15-33"} 1 5499.0 0.0 5499 230 2095.3636363636365 22
stats: {cpu,"tsung_controller@ip-172-31-15-33"} 1 11.04594330400782 0.0 11.04594330400782 1.8700787401574805 4.910937238928277 23
stats: session 26 57772.58779672476 25229.948285562776 133807.78784179688 12987.988037109375 58875.53493176476 236
stats: users_count 45 510
stats: finish_users_count 26 262
stats: request 1590 36.94237605640715 72.5998148488192 2087.717041015625 0.610107421875 31.945959917873495 13901
stats: connect 43 1.7056969930959303 0.6710921603543463 1033.819091796875 0.906005859375 5.551175144269709 463
stats: page 1441 40.768636011233546 77.6872338031071 2087.717041015625 0.610107421875 34.84636136229626 12746
stats: 302 79 882
stats: 200 1332 12764
stats: size_rcv 7809279 72425495
stats: newphase 0 3
stats: size_sent 1161135 11198642
stats: connected 21 245
stats: 204 172 1750
stats: max_repeat 38 357
stats: 400 7 95
# stats: dump at 1480496754
stats: users 270 271
stats: {load,"tsung_controller@ip-172-31-15-33"} 1 0.12890625 0.0 0.16015625 0.0 0.02978515625 24
stats: {freemem,"tsung_controller@ip-172-31-15-33"} 1 3090.234375 0.0 3159.33984375 3090.234375 3133.68994140625 24
stats: {recvpackets,"tsung_controller@ip-172-31-15-33"} 1 7259.0 0.0 7259 245 2649.8695652173915 23
stats: {sentpackets,"tsung_controller@ip-172-31-15-33"} 1 5892.0 0.0 5892 230 2243.3478260869565 23
stats: {cpu,"tsung_controller@ip-172-31-15-33"} 1 12.047012732615084 0.0 12.047012732615084 1.8700787401574805 5.166562491639924 24
stats: session 27 65517.47413917824 26200.248471959174 133807.78784179688 12987.988037109375 58766.08216263866 262
stats: users_count 49 559
stats: finish_users_count 27 289
stats: request 1581 32.460036912950635 34.699483653922776 2087.717041015625 0.610107421875 32.45879328307061 15491
stats: connect 49 2.451062260841837 3.3680297583757057 1033.819091796875 0.906005859375 5.2243854990118574 506
stats: page 1436 35.67193008465357 39.475209905325876 2087.717041015625 0.610107421875 35.44789782307857 14187
stats: 302 85 967
stats: 200 1324 14088
stats: size_rcv 7466563 79892058
stats: newphase 1 4
stats: size_sent 1147983 12346625
stats: connected 22 267
stats: 204 164 1914
stats: max_repeat 39 396
stats: 400 8 103
# stats: dump at 1480496764
stats: users 305 307
stats: {load,"tsung_controller@ip-172-31-15-33"} 1 0.109375 0.0 0.16015625 0.0 0.03375 25
stats: {freemem,"tsung_controller@ip-172-31-15-33"} 1 3085.51171875 0.0 3159.33984375 3085.51171875 3131.95171875 25
stats: {recvpackets,"tsung_controller@ip-172-31-15-33"} 1 7355.0 0.0 7355 245 2841.9166666666665 24
stats: {sentpackets,"tsung_controller@ip-172-31-15-33"} 1 6174.0 0.0 6174 230 2395.375 24
stats: {cpu,"tsung_controller@ip-172-31-15-33"} 1 12.109375 0.0 12.109375 1.8700787401574805 5.44178050127893 25
stats: session 31 65814.70592867942 28471.697157857372 133807.78784179688 12987.988037109375 59396.83504626 289
stats: users_count 66 625
stats: finish_users_count 31 320
stats: request 1779 49.41381163487211 84.33828560656877 2087.717041015625 0.610107421875 32.458908452871476 17072
stats: connect 69 2.4023932857789854 3.428989516964816 1033.819091796875 0.906005859375 4.979533537443694 555
stats: page 1619 54.30952462095623 91.42324409940805 2087.717041015625 0.610107421875 35.468489919834745 15623
stats: 302 122 1089
stats: 200 1453 15541
stats: size_rcv 8623658 88515716
stats: newphase 0 4
stats: size_sent 1275531 13622156
stats: connected 38 305
stats: 204 193 2107
stats: max_repeat 37 433
stats: 400 11 114
# stats: dump at 1480496774
stats: users 325 326
stats: {load,"tsung_controller@ip-172-31-15-33"} 1 0.08984375 0.0 0.16015625 0.0 0.03665865384615385 26
stats: {freemem,"tsung_controller@ip-172-31-15-33"} 1 3078.625 0.0 3159.33984375 3078.625 3130.165564903846 26
stats: {recvpackets,"tsung_controller@ip-172-31-15-33"} 1 8555.0 0.0 8555 245 3022.44 25
stats: {sentpackets,"tsung_controller@ip-172-31-15-33"} 1 7076.0 0.0 7076 230 2546.52 25
stats: {cpu,"tsung_controller@ip-172-31-15-33"} 1 13.470993117010815 0.0 13.470993117010815 1.8700787401574805 5.698226443537433 26
stats: session 32 57966.174659729004 24870.591350606694 133807.78784179688 12987.988037109375 60018.566287994385 320
stats: users_count 52 677
stats: finish_users_count 32 352
stats: request 1920 43.96929181416831 60.129015596472165 2087.717041015625 0.610107421875 34.05897066499705 18851
stats: connect 48 1.9553324381510417 1.388504984895009 1033.819091796875 0.906005859375 4.694561298076923 624
stats: page 1751 48.273073589645186 65.35770429979767 2087.717041015625 0.610107421875 37.23763707104201 17242
stats: 302 89 1178
stats: 200 1607 17148
stats: size_rcv 9371859 97887575
stats: newphase 0 4
stats: size_sent 1395677 15017833
stats: connected 13 318
stats: 204 211 2318
stats: max_repeat 45 478
stats: 400 13 127
# stats: dump at 1480496784
stats: users 346 346
stats: {load,"tsung_controller@ip-172-31-15-33"} 1 0.078125 0.0 0.16015625 0.0 0.038628472222222224 27
stats: {freemem,"tsung_controller@ip-172-31-15-33"} 1 3070.6640625 0.0 3159.33984375 3070.6640625 3128.2566550925926 27
stats: {recvpackets,"tsung_controller@ip-172-31-15-33"} 1 8987.0 0.0 8987 245 3235.230769230769 26
stats: {sentpackets,"tsung_controller@ip-172-31-15-33"} 1 7246.0 0.0 7246 230 2720.730769230769 26
stats: {cpu,"tsung_controller@ip-172-31-15-33"} 1 14.8895292987512 0.0 14.8895292987512 1.8700787401574805 5.986106690703114 27
stats: session 30 68737.21735839844 22692.905747394885 133807.78784179688 12987.988037109375 59831.98523087935 352
stats: users_count 51 728
stats: finish_users_count 30 382
stats: request 1874 60.77778356790288 73.19831885536473 2087.717041015625 0.610107421875 34.97504676178627 20771
stats: connect 53 1.9047805498231132 0.9257527187353183 1033.819091796875 0.906005859375 4.498902093796503 672
stats: page 1714 66.46207003331942 79.25068201070268 2087.717041015625 0.610107421875 38.255014491358665 18993
stats: 302 87 1265
stats: 200 1580 18728
stats: size_rcv 9626306 107513881
stats: newphase 0 4
stats: size_sent 1347774 16365607
stats: connected 21 339
stats: 204 197 2515
stats: max_repeat 52 530
stats: 400 10 137
# stats: dump at 1480496794
stats: users 377 377
stats: {load,"tsung_controller@ip-172-31-15-33"} 1 0.0703125 0.0 0.16015625 0.0 0.0400390625 28
stats: {freemem,"tsung_controller@ip-172-31-15-33"} 1 3056.7890625 0.0 3159.33984375 3056.7890625 3126.199776785714 28
stats: {recvpackets,"tsung_controller@ip-172-31-15-33"} 1 9547.0 0.0 9547 245 3448.259259259259 27
stats: {sentpackets,"tsung_controller@ip-172-31-15-33"} 1 7371.0 0.0 7371 230 2888.3333333333335 27
stats: {cpu,"tsung_controller@ip-172-31-15-33"} 1 15.139826422372227 0.0 15.139826422372227 1.8700787401574805 6.304086069561974 28
stats: session 46 60929.34062393852 27295.114135235413 159661.06518554688 12987.988037109375 60531.34901052745 382
stats: users_count 77 805
stats: finish_users_count 46 428
stats: request 2154 58.46011304368327 56.69911660639449 2087.717041015625 0.610107421875 37.11036708745032 22645
stats: connect 76 1.9659327456825657 1.5828147605938863 1033.819091796875 0.906005859375 4.309262863685345 725
stats: page 1949 64.54298678809634 64.86924737293687 2087.717041015625 0.610107421875 40.589823647630496 20707
stats: 302 128 1393
stats: 200 1805 20533
stats: size_rcv 10495098 118008979
stats: newphase 0 4
stats: size_sent 1555380 17920987
stats: connected 34 373
stats: 204 208 2723
stats: max_repeat 55 585
stats: 400 13 150
# stats: dump at 1480496804
stats: users 386 388
stats: {load,"tsung_controller@ip-172-31-15-33"} 1 0.05859375 0.0 0.16015625 0.0 0.041082974137931036 29
stats: {freemem,"tsung_controller@ip-172-31-15-33"} 1 3053.78125 0.0 3159.33984375 3053.78125 3123.8063038793102 29
stats: {recvpackets,"tsung_controller@ip-172-31-15-33"} 1 10714.0 0.0 10714 245 3666.0714285714284 28
stats: {sentpackets,"tsung_controller@ip-172-31-15-33"} 1 8447.0 0.0 8447 230 3048.4285714285716 28
stats: {cpu,"tsung_controller@ip-172-31-15-33"} 1 17.307692307692307 0.0 17.307692307692307 1.8700787401574805 6.608766771383017 29
stats: session 48 65696.33650207521 26315.873071045735 159661.06518554688 12987.988037109375 60574.12381009966 428
stats: users_count 57 862
stats: finish_users_count 48 476
stats: request 2068 108.24543298835678 108.3164243902565 2087.717041015625 0.593994140625 38.96477060330684 24799
stats: connect 57 1.668028714364035 0.9053344813184001 1033.819091796875 0.89404296875 4.086924425522784 801
stats: page 1832 120.91425546704419 120.8441552907852 2087.717041015625 0.593994140625 42.6504131144723 22656
stats: 302 112 1505
stats: 200 1757 22290
stats: size_rcv 10594998 128603977
stats: newphase 0 4
stats: size_sent 1536884 19457871
stats: connected 10 383
stats: 204 187 2910
stats: max_repeat 71 656
stats: 400 12 162
# stats: dump at 1480496814
stats: users 449 450
stats: {load,"tsung_controller@ip-172-31-15-33"} 1 0.05078125 0.0 0.16015625 0.0 0.041666666666666664 30
stats: {freemem,"tsung_controller@ip-172-31-15-33"} 1 3050.64453125 0.0 3159.33984375 3050.64453125 3121.472135416667 30
stats: {recvpackets,"tsung_controller@ip-172-31-15-33"} 1 10773.0 0.0 10773 245 3909.103448275862 29
stats: {sentpackets,"tsung_controller@ip-172-31-15-33"} 1 8118.0 0.0 8447 230 3234.5862068965516 29
stats: {cpu,"tsung_controller@ip-172-31-15-33"} 1 16.47509578544061 0.0 17.307692307692307 1.8700787401574805 6.9653976225933265 30
stats: session 41 58444.66487828697 25735.186936688027 159661.06518554688 12987.988037109375 61090.64945971064 476
stats: users_count 104 966
stats: finish_users_count 41 517
stats: request 2187 158.80550721861422 142.0513883276767 2087.717041015625 0.593994140625 44.29742440954807 26867
stats: connect 106 2.073246793926887 2.973915800048167 1033.819091796875 0.89404296875 3.9262285565996504 858
stats: page 2010 173.9579768394356 163.2632592546997 2087.717041015625 0.593994140625 48.50549965440662 24488
stats: 302 168 1673
stats: 200 1806 24096
stats: size_rcv 10781859 139385836
stats: newphase 1 5
stats: size_sent 1528559 20986430
stats: connected 63 446
stats: 204 196 3106
stats: max_repeat 61 717
stats: 400 17 179
# stats: dump at 1480496824
stats: users 533 533
stats: {load,"tsung_controller@ip-172-31-15-33"} 1 0.0390625 0.0 0.16015625 0.0 0.04196068548387097 31
stats: {freemem,"tsung_controller@ip-172-31-15-33"} 1 3043.2421875 0.0 3159.33984375 3043.2421875 3119.1873739919356 31
stats: {recvpackets,"tsung_controller@ip-172-31-15-33"} 1 11498.0 0.0 11498 245 4137.9 30
stats: {sentpackets,"tsung_controller@ip-172-31-15-33"} 1 9049.0 0.0 9049 230 3397.366666666667 30
stats: {cpu,"tsung_controller@ip-172-31-15-33"} 1 18.72015281757402 0.0 18.72015281757402 1.8700787401574805 7.272162079459368 31
stats: session 30 71589.44202473959 29342.066972981058 160048.85498046875 12987.988037109375 60880.81315828246 517
stats: users_count 114 1080
stats: finish_users_count 30 547
stats: request 2107 433.80495133872944 415.71793737591344 2337.907958984375 0.593994140625 52.91686328555233 29054
stats: connect 112 1.8370295933314733 1.2470494968388843 1033.819091796875 0.89404296875 3.722477449915716 964
stats: page 1887 479.01523233079075 482.09630215053545 2882.633056640625 0.593994140625 58.0216698990254 26498
stats: 302 158 1831
stats: 200 1764 25860
stats: size_rcv 10659655 150045491
stats: newphase 0 5
stats: size_sent 1593055 22579485
stats: connected 84 530
stats: 204 180 3286
stats: max_repeat 52 769
stats: 400 5 184
# stats: dump at 1480496834
stats: users 592 592
stats: {load,"tsung_controller@ip-172-31-15-33"} 1 0.12109375 0.0 0.16015625 0.0 0.0418701171875 32
stats: {freemem,"tsung_controller@ip-172-31-15-33"} 1 3023.9375 0.0 3159.33984375 3023.9375 3116.8140869140625 32
stats: {recvpackets,"tsung_controller@ip-172-31-15-33"} 1 11448.0 0.0 11498 245 4375.322580645161 31
stats: {sentpackets,"tsung_controller@ip-172-31-15-33"} 1 8870.0 0.0 9049 230 3579.6774193548385 31
stats: {cpu,"tsung_controller@ip-172-31-15-33"} 1 17.18146718146718 0.0 18.72015281757402 1.8700787401574805 7.62991179002545 32
stats: session 39 71587.3642202524 27350.762855682962 160048.85498046875 12987.988037109375 61468.12369940442 547
stats: users_count 98 1178
stats: finish_users_count 39 586
stats: request 2296 603.4990651200457 443.98877950329677 2337.907958984375 0.593994140625 78.67121011421779 31161
stats: connect 100 1.9994116210937498 1.7548257809261505 1033.819091796875 0.89404296875 3.526222654434828 1076
stats: page 2031 675.4230444948998 544.6262418090563 2882.633056640625 0.593994140625 86.00880579152994 28385
stats: 302 145 1976
stats: 200 1936 27796
stats: size_rcv 11751159 161796650
stats: newphase 0 5
stats: size_sent 1690218 24269703
stats: connected 58 588
stats: 204 200 3486
stats: max_repeat 71 840
stats: 400 14 198
stats: 500 1 1
# stats: dump at 1480496844
stats: users 669 669
stats: {load,"tsung_controller@ip-172-31-15-33"} 1 0.1015625 0.0 0.16015625 0.0 0.044270833333333336 33
stats: {freemem,"tsung_controller@ip-172-31-15-33"} 1 3004.79296875 0.0 3159.33984375 3004.79296875 3113.9996448863635 33
stats: {recvpackets,"tsung_controller@ip-172-31-15-33"} 1 12279.0 0.0 12279 245 4596.34375 32
stats: {sentpackets,"tsung_controller@ip-172-31-15-33"} 1 9275.0 0.0 9275 230 3745.0 32
stats: {cpu,"tsung_controller@ip-172-31-15-33"} 1 17.22113502935421 0.0 18.72015281757402 1.8700787401574805 7.9193528624933816 33
stats: session 38 70063.39518657484 27301.80840787262 160048.85498046875 12987.988037109375 62141.58851222536 586
stats: users_count 115 1293
stats: finish_users_count 38 624
stats: request 2298 905.918491453166 638.9357001860049 2337.907958984375 0.593994140625 114.68773147277896 33457
stats: connect 115 1.770703125 1.0141568661135887 1033.819091796875 0.89404296875 3.396391784252763 1176
stats: page 2040 1011.3869539148667 818.0366697106289 3709.426025390625 0.593994140625 125.36639123361779 30416
stats: 302 153 2129
stats: 200 1896 29692
stats: size_rcv 11645196 173441846
stats: newphase 0 5
stats: size_sent 1660245 25929948
stats: connected 80 668
stats: 204 199 3685
stats: max_repeat 65 905
stats: 400 11 209
stats: 503 38 38
stats: 500 0 1
stats: 404 1 1
# stats: dump at 1480496854
stats: users 754 754
stats: {load,"tsung_controller@ip-172-31-15-33"} 1 0.078125 0.0 0.16015625 0.0 0.04595588235294118 34
stats: {freemem,"tsung_controller@ip-172-31-15-33"} 1 2990.26953125 0.0 3159.33984375 2990.26953125 3110.7876838235293 34
stats: {recvpackets,"tsung_controller@ip-172-31-15-33"} 1 11725.0 0.0 12279 245 4829.151515151515 33
stats: {sentpackets,"tsung_controller@ip-172-31-15-33"} 1 8955.0 0.0 9275 230 3912.5757575757575 33
stats: {cpu,"tsung_controller@ip-172-31-15-33"} 1 18.89838556505223 0.0 18.89838556505223 1.8700787401574805 8.192934690930466 34
stats: session 31 70192.93025453629 31932.966859787288 160048.85498046875 11644.043212890625 62624.00622636844 624
stats: users_count 116 1409
stats: finish_users_count 31 655
stats: request 2467 1056.9118545464185 781.6998472769819 2853.862060546875 0.593994140625 165.54071109618627 35755
stats: connect 117 1.6759857438568375 0.7016350866649548 1033.819091796875 0.8779296875 3.251578309571069 1291
stats: page 2178 1196.269317486834 994.328702807615 4329.843994140625 0.593994140625 181.0566163959837 32456
stats: 302 153 2282
stats: 200 1735 31427
stats: size_rcv 10875120 184316966
stats: newphase 0 5
stats: size_sent 1762444 27692392
stats: connected 82 750
stats: 204 168 3853
stats: max_repeat 61 966
stats: 400 10 219
stats: 503 393 431
stats: 500 7 8
stats: 404 1 2
# stats: dump at 1480496864
stats: users 759 772
stats: {load,"tsung_controller@ip-172-31-15-33"} 1 0.0703125 0.0 0.16015625 0.0 0.046875 35
stats: {freemem,"tsung_controller@ip-172-31-15-33"} 1 2977.9453125 0.0 3159.33984375 2977.9453125 3107.344308035714 35
stats: {recvpackets,"tsung_controller@ip-172-31-15-33"} 1 12066.0 0.0 12279 245 5031.970588235294 34
stats: {sentpackets,"tsung_controller@ip-172-31-15-33"} 1 9573.0 0.0 9573 230 4060.8823529411766 34
stats: {cpu,"tsung_controller@ip-172-31-15-33"} 1 19.689621726479146 0.0 19.689621726479146 1.8700787401574805 8.498804715905374 35
stats: session 56 68926.77091761997 27721.361698922065 160048.85498046875 11644.043212890625 62982.23011167104 655
stats: users_count 61 1470
stats: finish_users_count 56 711
stats: request 2722 961.9775411254076 894.3143737621418 3514.247802734375 0.583984375 223.0733522685928 38222
stats: connect 62 1.6480279737903225 0.678453938872281 1033.819091796875 0.8779296875 3.1206519386985083 1408
stats: page 2380 1093.024143251051 1101.9454023557807 5096.2900390625 0.583984375 244.89946628268092 34634
stats: 302 141 2423
stats: 200 1734 33161
stats: size_rcv 11051084 195368050
stats: newphase 0 5
stats: size_sent 1967740 29660132
stats: connected 7 757
stats: 204 190 4043
stats: max_repeat 91 1057
stats: 400 14 233
stats: 503 624 1055
stats: 500 14 22
stats: 404 5 7
# stats: dump at 1480496874
stats: users 842 842
stats: {load,"tsung_controller@ip-172-31-15-33"} 1 0.140625 0.0 0.16015625 0.0 0.047526041666666664 36
stats: {freemem,"tsung_controller@ip-172-31-15-33"} 1 2973.45703125 0.0 3159.33984375 2973.45703125 3103.7498914930557 36
stats: {recvpackets,"tsung_controller@ip-172-31-15-33"} 1 11985.0 0.0 12279 245 5232.942857142857 35
stats: {sentpackets,"tsung_controller@ip-172-31-15-33"} 1 9549.0 0.0 9573 230 4218.371428571429 35
stats: {cpu,"tsung_controller@ip-172-31-15-33"} 1 18.792599805258035 0.0 19.689621726479146 1.8700787401574805 8.809660743976869 36
stats: session 61 75810.40533347207 30330.948622215004 160048.85498046875 11644.043212890625 63450.43585728727 711
stats: users_count 144 1614
stats: finish_users_count 61 772
stats: request 2840 1024.098854086432 835.6958735256361 3514.247802734375 0.583984375 272.19647658639883 40944
stats: connect 136 2.0427533318014723 1.8063271997659616 1033.819091796875 0.8779296875 3.0585412680697277 1470
stats: page 2533 1144.7960442664632 1025.127904721726 5096.2900390625 0.583984375 299.4338784290234 37014
stats: 302 139 2562
stats: 200 1700 34861
stats: size_rcv 10579837 205947887
stats: newphase 1 6
stats: size_sent 1999955 31660087
stats: connected 75 832
stats: 204 159 4202
stats: max_repeat 107 1164
stats: 400 23 256
stats: 503 785 1840
stats: 500 21 43
stats: 404 13 20
# stats: dump at 1480496884
stats: users 948 949
stats: {load,"tsung_controller@ip-172-31-15-33"} 1 0.12109375 0.0 0.16015625 0.0 0.05004222972972973 37
stats: {freemem,"tsung_controller@ip-172-31-15-33"} 1 2965.16015625 0.0 3159.33984375 2965.16015625 3100.228462837838 37
stats: {recvpackets,"tsung_controller@ip-172-31-15-33"} 1 12088.0 0.0 12279 245 5420.5 36
stats: {sentpackets,"tsung_controller@ip-172-31-15-33"} 1 10131.0 0.0 10131 230 4366.444444444444 36
stats: {cpu,"tsung_controller@ip-172-31-15-33"} 1 21.20343839541547 0.0 21.20343839541547 1.8700787401574805 9.079469907795277 37
stats: session 51 68634.31800991886 35441.29770528451 184573.82690429688 11479.74609375 64427.06556978374 772
stats: users_count 157 1771
stats: finish_users_count 51 823
stats: request 3065 1032.3890993003163 945.1558620560845 3522.387939453125 0.5830078125 320.96778007854425 43784
stats: connect 165 2.146728515625 2.627244050286022 1033.819091796875 0.8779296875 2.9725218662437736 1606
stats: page 2726 1165.7653419007634 1145.3747749765948 5293.9580078125 0.5830078125 353.5796383113466 39547
stats: 302 169 2731
stats: 200 1608 36469
stats: size_rcv 10521508 216469395
stats: newphase 0 6
stats: size_sent 2134708 33794795
stats: connected 114 946
stats: 204 158 4360
stats: max_repeat 105 1269
stats: 400 17 273
stats: 503 1075 2915
stats: 500 35 78
stats: 404 4 24
# stats: dump at 1480496894
stats: users 1042 1042
stats: {load,"tsung_controller@ip-172-31-15-33"} 1 0.1015625 0.0 0.16015625 0.0 0.051912006578947366 38
stats: {freemem,"tsung_controller@ip-172-31-15-33"} 1 2952.59375 0.0 3159.33984375 2952.59375 3096.6740337171054 38
stats: {recvpackets,"tsung_controller@ip-172-31-15-33"} 1 12610.0 0.0 12610 245 5600.7027027027025 37
stats: {sentpackets,"tsung_controller@ip-172-31-15-33"} 1 10821.0 0.0 10821 230 4522.243243243243 37
stats: {cpu,"tsung_controller@ip-172-31-15-33"} 1 22.66536964980545 0.0 22.66536964980545 1.8700787401574805 9.39852171010107 38
stats: session 74 79839.26371806377 31762.453754161957 184573.82690429688 11479.74609375 64687.78230665724 823
stats: users_count 168 1939
stats: finish_users_count 74 897
stats: request 3341 985.8063641125411 920.9704912897618 4637.97998046875 0.5830078125 367.51106474662106 46849
stats: connect 163 1.7762159101802146 1.3302843179254464 1033.819091796875 0.8779296875 2.8955845975525834 1771
stats: page 2946 1119.2273256673532 1114.2775460532157 5293.9580078125 0.5830078125 405.9539251607481 42273
stats: 302 150 2881
stats: 200 1634 38103
stats: size_rcv 10648116 227117511
stats: newphase 0 6
stats: size_sent 2308487 36103282
stats: connected 88 1034
stats: 204 150 4510
stats: max_repeat 114 1383
stats: 400 24 297
stats: 503 1319 4234
stats: 500 55 133
stats: 404 8 32
# stats: dump at 1480496904
stats: users 1120 1120
stats: {load,"tsung_controller@ip-172-31-15-33"} 1 0.16015625 0.0 0.16015625 0.0 0.05318509615384615 39
stats: {freemem,"tsung_controller@ip-172-31-15-33"} 1 2943.0546875 0.0 3159.33984375 2943.0546875 3092.9796674679487 39
stats: {recvpackets,"tsung_controller@ip-172-31-15-33"} 1 13344.0 0.0 13344 245 5785.1578947368425 38
stats: {sentpackets,"tsung_controller@ip-172-31-15-33"} 1 11481.0 0.0 11481 230 4688.0 38
stats: {cpu,"tsung_controller@ip-172-31-15-33"} 1 24.497607655502392 0.0 24.497607655502392 1.8700787401574805 9.738697298298618 39
stats: session 66 71177.63610839844 31323.40425663205 184573.82690429688 11479.74609375 65937.73729488922 897
stats: users_count 144 2083
stats: finish_users_count 66 963
stats: request 3721 1001.1539998514556 953.0764747182394 4637.97998046875 0.5830078125 408.66915590385435 50190
stats: connect 147 1.8505045572916667 1.187165105648673 1033.819091796875 0.865966796875 2.8012427691959667 1934
stats: page 3241 1137.4095881202268 1149.2118812504225 5293.9580078125 0.5830078125 452.4234056422373 45219
stats: 302 167 3048
stats: 200 1674 39777
stats: size_rcv 11341152 238458663
stats: newphase 0 6
stats: size_sent 2561144 38664426
stats: connected 76 1110
stats: 204 140 4650
stats: max_repeat 126 1509
stats: 400 29 326
stats: 503 1631 5865
stats: 500 70 203
stats: 404 10 42
# stats: dump at 1480496914
stats: users 1182 1182
stats: {load,"tsung_controller@ip-172-31-15-33"} 1 0.140625 0.0 0.16015625 0.0 0.055859375 40
stats: {freemem,"tsung_controller@ip-172-31-15-33"} 1 2928.6171875 0.0 3159.33984375 2928.6171875 3089.23154296875 40
stats: {recvpackets,"tsung_controller@ip-172-31-15-33"} 1 13585.0 0.0 13585 245 5978.974358974359 39
stats: {sentpackets,"tsung_controller@ip-172-31-15-33"} 1 11630.0 0.0 11630 230 4862.179487179487 39
stats: {cpu,"tsung_controller@ip-172-31-15-33"} 1 25.04725897920605 0.0 25.04725897920605 1.8700787401574805 10.107670057228713 40
stats: session 91 76942.06074808982 42133.46546698823 245432.2080078125 9948.05810546875 66296.85808584624 963
stats: users_count 153 2236
stats: finish_users_count 91 1054
stats: request 3617 1065.2312600977143 918.378374571743 4637.97998046875 0.55908203125 449.5631497887577 53911
stats: connect 152 1.6743324681332241 1.053409058748915 1033.819091796875 0.847900390625 2.7340834625405455 2081
stats: page 3179 1215.069050172396 1139.2344175845724 5293.9580078125 0.55908203125 498.23521367796087 48460
stats: 302 165 3213
stats: 200 1701 41478
stats: size_rcv 11392019 249850682
stats: newphase 0 6
stats: size_sent 2499517 41163943
stats: connected 63 1173
stats: 204 157 4807
stats: max_repeat 134 1643
stats: 400 34 360
stats: 503 1440 7305
stats: 500 104 307
stats: 404 16 58
# stats: dump at 1480496924
stats: users 1244 1244
stats: {load,"tsung_controller@ip-172-31-15-33"} 1 0.12109375 0.0 0.16015625 0.0 0.057926829268292686 41
stats: {freemem,"tsung_controller@ip-172-31-15-33"} 1 2923.5234375 0.0 3159.33984375 2923.5234375 3085.3141196646343 41
stats: {recvpackets,"tsung_controller@ip-172-31-15-33"} 1 13514.0 0.0 13585 245 6169.125 40
stats: {sentpackets,"tsung_controller@ip-172-31-15-33"} 1 11677.0 0.0 11677 230 5031.375 40
stats: {cpu,"tsung_controller@ip-172-31-15-33"} 1 24.9031007751938 0.0 25.04725897920605 1.8700787401574805 10.472050274837917 41
stats: session 82 83561.99952362807 39844.64381717011 245432.2080078125 9948.05810546875 67215.94104814621 1054
stats: users_count 144 2380
stats: finish_users_count 82 1136
stats: request 3716 1082.6939697265652 978.2969407499279 4637.97998046875 0.55908203125 488.27250097405 57528
stats: connect 146 1.7139307309503422 1.0316092272266475 1033.819091796875 0.847900390625 2.6619463594729624 2233
stats: page 3296 1215.9940472945407 1196.9914389693924 5293.9580078125 0.55908203125 542.3649366821982 51639
stats: 302 159 3372
stats: 200 1641 43119
stats: size_rcv 11286049 261136731
stats: newphase 0 6
stats: size_sent 2532867 43696810
stats: connected 65 1238
stats: 204 129 4936
stats: max_repeat 138 1781
stats: 400 23 383
stats: 503 1620 8925
stats: 500 130 437
stats: 404 14 72
# stats: dump at 1480496934
stats: users 1317 1318
stats: {load,"tsung_controller@ip-172-31-15-33"} 1 0.171875 0.0 0.171875 0.0 0.05943080357142857 42
stats: {freemem,"tsung_controller@ip-172-31-15-33"} 1 2915.05078125 0.0 3159.33984375 2915.05078125 3081.461960565476 42
stats: {recvpackets,"tsung_controller@ip-172-31-15-33"} 1 13648.0 0.0 13648 245 6348.268292682927 41
stats: {sentpackets,"tsung_controller@ip-172-31-15-33"} 1 12010.0 0.0 12010 230 5193.463414634146 41
stats: {cpu,"tsung_controller@ip-172-31-15-33"} 1 25.48076923076923 0.0 25.48076923076923 1.8700787401574805 10.81564671532258 42
stats: session 108 79942.59251347295 36714.39660728588 245432.2080078125 9362.5458984375 68395.85019866515 1136
stats: users_count 181 2561
stats: finish_users_count 108 1244
stats: request 4030 1054.0948211291275 1080.624221799184 4637.97998046875 0.55908203125 524.3392206181678 61244
stats: connect 182 1.961797357915522 1.3463426858590952 1033.819091796875 0.847900390625 2.6037663335106664 2379
stats: page 3561 1199.3037990365451 1306.4207920622584 5293.9580078125 0.55908203125 582.7814570895574 54935
stats: 302 170 3542
stats: 200 1590 44709
stats: size_rcv 11389111 272525842
stats: newphase 1 7
stats: size_sent 2686145 46382955
stats: connected 72 1310
stats: 204 118 5054
stats: max_repeat 178 1959
stats: 400 35 418
stats: 503 1990 10915
stats: 500 113 550
stats: 404 14 86
# stats: dump at 1480496944
stats: users 1391 1395
stats: {load,"tsung_controller@ip-172-31-15-33"} 1 0.30078125 0.0 0.30078125 0.0 0.06204578488372093 43
stats: {freemem,"tsung_controller@ip-172-31-15-33"} 1 2906.26171875 0.0 3159.33984375 2906.26171875 3077.591933139535 43
stats: {recvpackets,"tsung_controller@ip-172-31-15-33"} 1 14372.0 0.0 14372 245 6522.071428571428 42
stats: {sentpackets,"tsung_controller@ip-172-31-15-33"} 1 13173.0 0.0 13173 230 5355.761904761904 42
stats: {cpu,"tsung_controller@ip-172-31-15-33"} 1 28.90995260663507 0.0 28.90995260663507 1.8700787401574805 11.156696076146922 43
stats: session 130 86200.29584021933 39877.381737693104 245432.2080078125 9362.5458984375 69398.3004960922 1244
stats: users_count 204 2765
stats: finish_users_count 130 1374
stats: request 4267 986.7569884181111 1038.0389394536414 4637.97998046875 0.55908203125 557.0461953716557 65274
stats: connect 203 2.1130599599753697 2.9732077602249447 1033.819091796875 0.847900390625 2.5581441728084737 2561
stats: page 3767 1112.8036534507073 1227.9698170159493 5293.9580078125 0.55908203125 620.3128448711701 58496
stats: 302 195 3737
stats: 200 1611 46320
stats: size_rcv 11298630 283824472
stats: newphase 0 7
stats: size_sent 2844056 49227011
stats: connected 76 1386
stats: 204 116 5170
stats: max_repeat 191 2150
stats: 400 35 453
stats: 503 2143 13058
stats: 500 158 708
stats: 404 9 95
# stats: dump at 1480496954
stats: users 1458 1458
stats: {load,"tsung_controller@ip-172-31-15-33"} 1 0.25 0.0 0.30078125 0.0 0.06747159090909091 44
stats: {freemem,"tsung_controller@ip-172-31-15-33"} 1 2900.609375 0.0 3159.33984375 2900.609375 3073.698064630682 44
stats: {recvpackets,"tsung_controller@ip-172-31-15-33"} 1 15023.0 0.0 15023 245 6704.627906976744 43
stats: {sentpackets,"tsung_controller@ip-172-31-15-33"} 1 13947.0 0.0 13947 230 5537.558139534883 43
stats: {cpu,"tsung_controller@ip-172-31-15-33"} 1 30.922930542340627 0.0 30.922930542340627 1.8700787401574805 11.560179179112561 44
stats: session 140 84075.29794921873 37427.57602150342 245432.2080078125 9362.5458984375 70988.00893476506 1374
stats: users_count 207 2972
stats: finish_users_count 140 1514
stats: request 4655 919.0264281833212 1001.6461605238385 4637.97998046875 0.55908203125 583.4130286632279 69541
stats: connect 207 1.7978291534571256 1.0137131777298676 1033.819091796875 0.847900390625 2.525455281634407 2764
stats: page 4063 1051.705678111253 1217.8356001869872 5293.9580078125 0.55908203125 650.1092388116984 62263
stats: 302 207 3944
stats: 200 1655 47975
stats: size_rcv 12068787 295893259
stats: newphase 0 7
stats: size_sent 3083823 52310834
stats: connected 64 1450
stats: 204 113 5283
stats: max_repeat 230 2380
stats: 400 38 491
stats: 503 2454 15512
stats: 500 178 886
stats: 404 11 106
# stats: dump at 1480496964
stats: users 1481 1493
stats: {load,"tsung_controller@ip-172-31-15-33"} 1 0.21875 0.0 0.30078125 0.0 0.07152777777777777 45
stats: {freemem,"tsung_controller@ip-172-31-15-33"} 1 2891.5390625 0.0 3159.33984375 2891.5390625 3069.8516493055554 45
stats: {recvpackets,"tsung_controller@ip-172-31-15-33"} 1 15621.0 0.0 15621 245 6893.681818181818 44
stats: {sentpackets,"tsung_controller@ip-172-31-15-33"} 1 14261.0 0.0 14261 230 5728.681818181817 44
stats: {cpu,"tsung_controller@ip-172-31-15-33"} 1 31.077216396568158 0.0 31.077216396568158 1.8700787401574805 11.990462542739852 45
stats: session 158 80776.75221426273 38823.30992901388 245432.2080078125 9362.5458984375 72198.19418048733 1514
stats: users_count 181 3153
stats: finish_users_count 158 1672
stats: request 4645 889.0405168317747 920.1901456684702 4637.97998046875 0.55908203125 604.4691553380626 74196
stats: connect 182 1.7643600296188187 0.8824183405765025 1033.819091796875 0.847900390625 2.474759014878198 2971
stats: page 4054 1022.0396954950944 1131.9975388738092 5293.9580078125 0.55908203125 674.710244946157 66326
stats: 302 200 4144
stats: 200 1761 49736
stats: size_rcv 12455042 308348301
stats: newphase 0 7
stats: size_sent 3086748 55397582
stats: connected 24 1474
stats: 204 109 5392
stats: max_repeat 191 2571
stats: 400 45 536
stats: 503 2303 17815
stats: 500 213 1099
stats: 404 13 119
# stats: dump at 1480496974
stats: users 1557 1557
stats: {load,"tsung_controller@ip-172-31-15-33"} 1 0.1796875 0.0 0.30078125 0.0 0.07472826086956522 46
stats: {freemem,"tsung_controller@ip-172-31-15-33"} 1 2881.97265625 0.0 3159.33984375 2881.97265625 3065.975288722826 46
stats: {recvpackets,"tsung_controller@ip-172-31-15-33"} 1 15568.0 0.0 15621 245 7087.622222222222 45
stats: {sentpackets,"tsung_controller@ip-172-31-15-33"} 1 14460.0 0.0 14460 230 5918.288888888887 45
stats: {cpu,"tsung_controller@ip-172-31-15-33"} 1 31.693472090823082 0.0 31.693472090823082 1.8700787401574805 12.405391974344814 46
stats: session 122 79777.51977539063 42013.14972737364 245432.2080078125 9362.5458984375 73008.847391813 1672
stats: users_count 198 3351
stats: finish_users_count 122 1794
stats: request 4776 833.1434653839668 1009.5461134344704 4637.97998046875 0.55908203125 621.2349748246024 78841
stats: connect 191 1.8271139254744764 1.4347466580837955 1033.819091796875 0.837158203125 2.4337527937182846 3153
stats: page 4188 948.4078042687067 1200.4401267478347 5293.9580078125 0.55908203125 694.7169740243808 70380
stats: 302 163 4307
stats: 200 1516 51252
stats: size_rcv 11445188 319793489
stats: newphase 0 7
stats: size_sent 3153142 58550724
stats: connected 77 1551
stats: 204 91 5483
stats: max_repeat 223 2794
stats: 400 36 572
stats: 503 2776 20591
stats: 500 179 1278
stats: 404 15 134
# stats: dump at 1480496984
stats: users 1601 1604
stats: {load,"tsung_controller@ip-172-31-15-33"} 1 0.1484375 0.0 0.30078125 0.0 0.07696143617021277 47
stats: {freemem,"tsung_controller@ip-172-31-15-33"} 1 2879.09375 0.0 3159.33984375 2879.09375 3062.060339095745 47
stats: {recvpackets,"tsung_controller@ip-172-31-15-33"} 1 15156.0 0.0 15621 245 7271.978260869565 46
stats: {sentpackets,"tsung_controller@ip-172-31-15-33"} 1 14609.0 0.0 14609 230 6103.978260869564 46
stats: {cpu,"tsung_controller@ip-172-31-15-33"} 1 33.524904214559385 0.0 33.524904214559385 1.8700787401574805 12.815776657674139 47
stats: session 159 81505.48533160129 40474.132226685935 245432.2080078125 9362.5458984375 73469.14729749666 1794
stats: users_count 203 3554
stats: finish_users_count 159 1953
stats: request 5096 836.7105819247025 1085.5081690819034 4683.06201171875 0.55908203125 633.3386732461139 83617
stats: connect 204 1.9059244791666667 2.9802097508358694 1033.819091796875 0.820068359375 2.399103265059622 3344
stats: page 4520 943.788828351856 1283.7729136501912 5834.72705078125 0.55908203125 708.9651394178906 74568
stats: 302 180 4487
stats: 200 1482 52734
stats: size_rcv 11246066 331039555
stats: newphase 0 7
stats: size_sent 3313482 61864206
stats: connected 39 1590
stats: 204 92 5575
stats: max_repeat 266 3060
stats: 400 53 625
stats: 503 3106 23697
stats: 500 171 1449
stats: 404 12 146
# stats: dump at 1480496994
stats: users 1652 1659
stats: {load,"tsung_controller@ip-172-31-15-33"} 1 0.19921875 0.0 0.30078125 0.0 0.07845052083333333 48
stats: {freemem,"tsung_controller@ip-172-31-15-33"} 1 2876.88671875 0.0 3159.33984375 2876.88671875 3058.24853515625 48
stats: {recvpackets,"tsung_controller@ip-172-31-15-33"} 1 15342.0 0.0 15621 245 7439.723404255319 47
stats: {sentpackets,"tsung_controller@ip-172-31-15-33"} 1 14979.0 0.0 14979 230 6284.936170212764 47
stats: {cpu,"tsung_controller@ip-172-31-15-33"} 1 32.21153846153847 0.0 33.524904214559385 1.8700787401574805 13.247216815109248 48
stats: session 183 79076.62168075482 41019.70179429197 265895.9318847656 8416.39697265625 74123.41137707816 1953
stats: users_count 234 3788
stats: finish_users_count 183 2136
stats: request 5324 783.9185182498322 1062.4439117930742 4683.06201171875 0.54296875 645.021101375318 88713
stats: connect 229 2.2698937295305677 5.0636764424318095 1033.819091796875 0.820068359375 2.3707468748899028 3548
stats: page 4729 888.3683181152857 1231.0206857184064 5834.72705078125 0.54296875 722.385671913105 79088
stats: 302 179 4666
stats: 200 1433 54167
stats: size_rcv 11413181 342452736
stats: newphase 1 8
stats: size_sent 3453234 65317440
stats: connected 57 1647
stats: 204 86 5661
stats: max_repeat 262 3322
stats: 400 47 672
stats: 503 3366 27063
stats: 500 200 1649
stats: 404 13 159
# stats: dump at 1480497004
stats: users 1671 1672
stats: {load,"tsung_controller@ip-172-31-15-33"} 1 0.171875 0.0 0.30078125 0.0 0.08091517857142858 49
stats: {freemem,"tsung_controller@ip-172-31-15-33"} 1 2876.78125 0.0 3159.33984375 2876.78125 3054.547273596939 49
stats: {recvpackets,"tsung_controller@ip-172-31-15-33"} 1 14544.0 0.0 15621 245 7604.354166666667 48
stats: {sentpackets,"tsung_controller@ip-172-31-15-33"} 1 14567.0 0.0 14979 230 6466.062499999999 48
stats: {cpu,"tsung_controller@ip-172-31-15-33"} 1 33.74407582938389 0.0 33.74407582938389 1.8700787401574805 13.634243787485353 49
stats: session 200 83732.37081665041 42385.69781146224 265895.9318847656 8416.39697265625 74547.77349579202 2136
stats: users_count 219 4007
stats: finish_users_count 200 2336
stats: request 5214 830.3379443321916 1134.473369296125 4782.239990234375 0.54296875 652.8849193133627 94037
stats: connect 218 3.6945532002580275 10.885844530581684 1033.819091796875 0.820068359375 2.364632135602826 3777
stats: page 4588 938.6998983314995 1308.8663589687492 5843.4169921875 0.54296875 731.7505016480051 83817
stats: 302 179 4845
stats: 200 1386 55553
stats: size_rcv 10716220 353168956
stats: newphase 0 8
stats: size_sent 3358635 68676075
stats: connected 15 1662
stats: 204 82 5743
stats: max_repeat 268 3590
stats: 400 55 727
stats: 503 3278 30341
stats: 500 219 1868
stats: 404 15 174
# stats: dump at 1480497014
stats: users 1735 1743
stats: {load,"tsung_controller@ip-172-31-15-33"} 1 0.37109375 0.0 0.37109375 0.0 0.082734375 50
stats: {freemem,"tsung_controller@ip-172-31-15-33"} 1 2874.984375 0.0 3159.33984375 2874.984375 3050.991953125 50
stats: {recvpackets,"tsung_controller@ip-172-31-15-33"} 1 17254.0 0.0 17254 245 7745.9795918367345 49
stats: {sentpackets,"tsung_controller@ip-172-31-15-33"} 1 16437.0 0.0 16437 230 6631.38775510204 49
stats: {cpu,"tsung_controller@ip-172-31-15-33"} 1 36.77172874880611 0.0 36.77172874880611 1.8700787401574805 14.036440428323324 50
stats: session 214 80653.16180705129 41895.781397515995 265895.9318847656 8416.39697265625 75334.12600613949 2336
stats: users_count 278 4285
stats: finish_users_count 214 2550
stats: request 5496 769.1535346462917 874.1611518506818 4782.239990234375 0.54296875 662.2071434969797 99251
stats: connect 285 2.280744586074562 3.6215039963103015 1033.819091796875 0.820068359375 2.437203547891896 3995
stats: page 4825 881.003713771049 1045.724517196678 5843.4169921875 0.54296875 742.4906615030345 88405
stats: 302 225 5070
stats: 200 1770 57323
stats: size_rcv 12894756 366063712
stats: newphase 0 8
stats: size_sent 3515250 72191325
stats: connected 72 1734
stats: 204 96 5839
stats: max_repeat 275 3865
stats: 400 54 781
stats: 503 3009 33350
stats: 500 317 2185
stats: 404 25 199
# stats: dump at 1480497024
stats: users 1769 1769
stats: {load,"tsung_controller@ip-172-31-15-33"} 1 0.46875 0.0 0.46875 0.0 0.08838848039215687 51
stats: {freemem,"tsung_controller@ip-172-31-15-33"} 1 2865.265625 0.0 3159.33984375 2865.265625 3047.540824142157 51
stats: {recvpackets,"tsung_controller@ip-172-31-15-33"} 1 17011.0 0.0 17254 245 7936.14 50
stats: {sentpackets,"tsung_controller@ip-172-31-15-33"} 1 16480.0 0.0 16480 230 6827.499999999999 50
stats: {cpu,"tsung_controller@ip-172-31-15-33"} 1 36.54024051803885 0.0 36.77172874880611 1.8700787401574805 14.482230395391614 51
stats: session 209 79423.29123640285 39871.052256497656 265895.9318847656 8416.39697265625 75780.50783413758 2550
stats: users_count 243 4528
stats: finish_users_count 209 2759
stats: request 5714 745.0050837563841 940.4426175569433 4782.239990234375 0.54296875 667.8185439739062 104747
stats: connect 242 1.8931481227401858 1.3835556789260708 1033.819091796875 0.820068359375 2.426785135714807 4280
stats: page 4973 851.5617789186609 1122.2350882982562 5843.4169921875 0.54296875 749.659228243281 93230
stats: 302 233 5303
stats: 200 1622 58945
stats: size_rcv 12205031 378268743
stats: newphase 0 8
stats: size_sent 3670399 75861724
stats: connected 24 1758
stats: 204 99 5938
stats: max_repeat 302 4167
stats: 400 53 834
stats: 503 3377 36727
stats: 500 304 2489
stats: 404 26 225
# stats: dump at 1480497034
stats: users 1812 1815
stats: {load,"tsung_controller@ip-172-31-15-33"} 1 0.390625 0.0 0.46875 0.0 0.095703125 52
stats: {freemem,"tsung_controller@ip-172-31-15-33"} 1 2856.66796875 0.0 3159.33984375 2856.66796875 3044.0355318509614 52
stats: {recvpackets,"tsung_controller@ip-172-31-15-33"} 1 17556.0 0.0 17556 245 8114.078431372549 51
stats: {sentpackets,"tsung_controller@ip-172-31-15-33"} 1 17047.0 0.0 17047 230 7016.764705882352 51
stats: {cpu,"tsung_controller@ip-172-31-15-33"} 1 36.97318007662835 0.0 36.97318007662835 1.8700787401574805 14.906422897750216 52
stats: session 205 79650.92371379575 42122.07191140968 265895.9318847656 8416.39697265625 76056.45626874194 2759
stats: users_count 248 4776
stats: finish_users_count 205 2964
stats: request 6039 696.7449341325657 899.8609051281304 4782.239990234375 0.54296875 671.8113005877073 110461
stats: connect 246 1.8942196233485773 1.5802452212122478 1033.819091796875 0.820068359375 2.39822694085858 4522
stats: page 5232 797.603513758482 1066.3381097149297 5843.4169921875 0.54296875 754.8195734924959 98203
stats: 302 221 5524
stats: 200 1676 60621
stats: size_rcv 12759351 391028094
stats: newphase 0 8
stats: size_sent 3917885 79779609
stats: connected 45 1803
stats: 204 85 6023
stats: max_repeat 318 4485
stats: 400 55 889
stats: 503 3682 40409
stats: 500 301 2790
stats: 404 19 244
# stats: dump at 1480497044
stats: users 1855 1872
stats: {load,"tsung_controller@ip-172-31-15-33"} 1 0.328125 0.0 0.46875 0.0 0.10126768867924528 53
stats: {freemem,"tsung_controller@ip-172-31-15-33"} 1 2851.6953125 0.0 3159.33984375 2851.6953125 3040.5002948113206 53
stats: {recvpackets,"tsung_controller@ip-172-31-15-33"} 1 17680.0 0.0 17680 245 8295.653846153846 52
stats: {sentpackets,"tsung_controller@ip-172-31-15-33"} 1 17264.0 0.0 17264 230 7209.653846153845 52
stats: {cpu,"tsung_controller@ip-172-31-15-33"} 1 38.18181818181819 0.0 38.18181818181819 1.8700787401574805 15.322776806785651 53
stats: session 226 73799.32209170173 38163.54090648486 265895.9318847656 5967.725830078125 76305.06147327501 2964
stats: users_count 269 5045
stats: finish_users_count 226 3190
stats: request 6119 670.5355529236554 916.6168939118843 4782.239990234375 0.54296875 673.1037831025347 116500
stats: connect 273 1.8922123612065018 1.423370688547914 1033.819091796875 0.820068359375 2.372223207614566 4768
stats: page 5300 780.3469893775784 1104.5379203286245 5843.4169921875 0.54296875 756.9836917839025 103435
stats: 302 217 5741
stats: 200 1594 62215
stats: size_rcv 12718694 403746788
stats: newphase 0 8
stats: size_sent 3962062 83741671
stats: connected 55 1858
stats: 204 74 6097
stats: max_repeat 342 4827
stats: 400 58 947
stats: 503 3880 44289
stats: 500 281 3071
stats: 404 15 259
# stats: dump at 1480497054
stats: users 1679 1872
stats: {load,"tsung_controller@ip-172-31-15-33"} 1 0.44140625 0.0 0.46875 0.0 0.10546875 54
stats: {freemem,"tsung_controller@ip-172-31-15-33"} 1 2853.57421875 0.0 3159.33984375 2851.6953125 3037.00390625 54
stats: {recvpackets,"tsung_controller@ip-172-31-15-33"} 1 15043.0 0.0 17680 245 8472.716981132075 53
stats: {sentpackets,"tsung_controller@ip-172-31-15-33"} 1 14821.0 0.0 17264 230 7399.358490566036 53
stats: {cpu,"tsung_controller@ip-172-31-15-33"} 1 33.460803059273424 0.0 38.18181818181819 1.8700787401574805 15.746092387804774 54
stats: session 211 79432.17520734592 39186.561585316726 265895.9318847656 5967.725830078125 76127.53887132028 3190
stats: users_count 35 5080
stats: finish_users_count 211 3401
stats: request 5536 772.0677275023702 1076.8169364948308 4782.239990234375 0.531005859375 672.9756218839261 122619
stats: connect 39 2.1316293569711546 1.971954151448589 1033.819091796875 0.820068359375 2.346227777924147 5041
stats: page 4822 878.6846660549144 1267.9420385781048 5843.4169921875 0.531005859375 758.1224739354313 108735
stats: 302 196 5937
stats: 200 1376 63591
stats: size_rcv 11194349 414941137
stats: newphase 0 8
stats: size_sent 3678477 87420148
stats: connected -190 1668
stats: 204 69 6166
stats: max_repeat 352 5179
stats: 400 70 1017
stats: 503 3544 47833
stats: 500 256 3327
stats: 404 25 284
# stats: dump at 1480497064
stats: users 1447 1872
stats: {load,"tsung_controller@ip-172-31-15-33"} 1 0.37109375 0.0 0.46875 0.0 0.11157670454545454 55
stats: {freemem,"tsung_controller@ip-172-31-15-33"} 1 2852.69140625 0.0 3159.33984375 2851.6953125 3033.668821022727 55
stats: {recvpackets,"tsung_controller@ip-172-31-15-33"} 1 13157.0 0.0 17680 245 8594.388888888889 54
stats: {sentpackets,"tsung_controller@ip-172-31-15-33"} 1 12416.0 0.0 17264 230 7536.796296296296 54
stats: {cpu,"tsung_controller@ip-172-31-15-33"} 1 28.61271676300578 0.0 38.18181818181819 1.8700787401574805 16.06817803637693 55
stats: session 232 74094.98576828526 38305.93183202879 265895.9318847656 5967.725830078125 76332.56041407284 3401
stats: users_count 0 5080
stats: finish_users_count 232 3633
stats: request 4336 973.834211173533 1213.3875162308086 4782.239990234375 0.531005859375 677.2561719733001 128155
stats: connect 0 0 0 1033.819091796875 0.820068359375 2.3445802703617127 5080
stats: page 3872 1101.3653475548629 1447.6475285034853 6441.51806640625 0.531005859375 763.2419372040995 113557
stats: 302 89 6026
stats: 200 1331 64922
stats: size_rcv 10188134 425129271
stats: newphase 0 8
stats: size_sent 2883251 90303399
stats: connected -224 1444
stats: 204 71 6237
stats: max_repeat 318 5497
stats: 400 62 1079
stats: 503 2515 50348
stats: 500 248 3575
stats: 404 20 304
# stats: dump at 1480497074
stats: users 1268 1872
stats: {load,"tsung_controller@ip-172-31-15-33"} 1 0.390625 0.0 0.46875 0.0 0.1162109375 56
stats: {freemem,"tsung_controller@ip-172-31-15-33"} 1 2853.55859375 0.0 3159.33984375 2851.6953125 3030.437081473214 56
stats: {recvpackets,"tsung_controller@ip-172-31-15-33"} 1 11367.0 0.0 17680 245 8677.345454545455 55
stats: {sentpackets,"tsung_controller@ip-172-31-15-33"} 1 10160.0 0.0 17264 230 7625.5090909090895 55
stats: {cpu,"tsung_controller@ip-172-31-15-33"} 1 23.13649564375605 0.0 38.18181818181819 1.8700787401574805 16.292187656495305 56
stats: session 179 84323.86198143986 40375.51585323094 265895.9318847656 5967.725830078125 76189.6709789441 3633
stats: users_count 0 5080
stats: finish_users_count 179 3812
stats: request 3405 1213.0187905108558 1263.7060805456451 4782.239990234375 0.531005859375 686.9622076887238 132491
stats: connect 0 0 0 1033.819091796875 0.820068359375 2.3445802703617127 5080
stats: page 3184 1304.4653895392514 1424.6996557176085 6549.653076171875 0.531005859375 774.3909195242943 117429
stats: 302 61 6087
stats: 200 1259 66181
stats: size_rcv 9456905 434586176
stats: newphase 0 8
stats: size_sent 2265749 92569148
stats: connected -177 1267
stats: 204 86 6323
stats: max_repeat 239 5736
stats: 400 47 1126
stats: 503 1677 52025
stats: 500 238 3813
stats: 404 37 341
# stats: dump at 1480497084
stats: users 1112 1872
stats: {load,"tsung_controller@ip-172-31-15-33"} 1 0.3984375 0.0 0.46875 0.0 0.12102521929824561 57
stats: {freemem,"tsung_controller@ip-172-31-15-33"} 1 2852.12890625 0.0 3159.33984375 2851.6953125 3027.3339501096493 57
stats: {recvpackets,"tsung_controller@ip-172-31-15-33"} 1 10355.0 0.0 17680 245 8725.375000000002 56
stats: {sentpackets,"tsung_controller@ip-172-31-15-33"} 1 8832.0 0.0 17264 230 7670.767857142856 56
stats: {cpu,"tsung_controller@ip-172-31-15-33"} 1 20.287081339712916 0.0 38.18181818181819 1.8700787401574805 16.41226323521918 57
stats: session 156 85688.88763897237 37479.31441663856 265895.9318847656 5967.725830078125 76571.62800660588 3812
stats: users_count 0 5080
stats: finish_users_count 156 3968
stats: request 2701 1533.7505121439433 1220.0133660015824 4782.239990234375 0.531005859375 700.143042036382 135896
stats: connect 0 0 0 1033.819091796875 0.820068359375 2.3445802703617127 5080
stats: page 2587 1609.1652441330739 1354.0453497791082 6549.653076171875 0.531005859375 788.3840803985586 120613
stats: 302 51 6138
stats: 200 1289 67470
stats: size_rcv 9027864 443614040
stats: newphase 0 8
stats: size_sent 1753134 94322282
stats: connected -160 1107
stats: 204 86 6409
stats: max_repeat 223 5959
stats: 400 37 1163
stats: 503 969 52994
stats: 500 243 4056
stats: 404 26 367
# stats: dump at 1480497094
stats: users 970 1872
stats: {load,"tsung_controller@ip-172-31-15-33"} 1 0.33984375 0.0 0.46875 0.0 0.1258081896551724 58
stats: {freemem,"tsung_controller@ip-172-31-15-33"} 1 2852.24609375 0.0 3159.33984375 2851.6953125 3024.3131734913795 58
stats: {recvpackets,"tsung_controller@ip-172-31-15-33"} 1 9256.0 0.0 17680 245 8753.964912280704 57
stats: {sentpackets,"tsung_controller@ip-172-31-15-33"} 1 7667.0 0.0 17264 230 7691.140350877192 57
stats: {cpu,"tsung_controller@ip-172-31-15-33"} 1 17.874396135265698 0.0 38.18181818181819 1.8700787401574805 16.479070443917347 58
stats: session 142 94707.0876120984 39777.19480663288 265895.9318847656 5967.725830078125 76930.06865747513 3968
stats: users_count 0 5080
stats: finish_users_count 142 4110
stats: request 2201 1842.419831916779 1078.6659319908156 4782.239990234375 0.531005859375 716.3885147144381 138597
stats: connect 0 0 0 1033.819091796875 0.820068359375 2.3445802703617127 5080
stats: page 2164 1889.447997257141 1138.637170580611 6549.653076171875 0.531005859375 805.6191524000293 123200
stats: 302 50 6188
stats: 200 1239 68709
stats: size_rcv 8149737 451763777
stats: newphase 0 8
stats: size_sent 1428218 95750500
stats: connected -136 971
stats: 204 102 6511
stats: max_repeat 172 6131
stats: 400 27 1190
stats: 503 485 53479
stats: 500 265 4321
stats: 404 33 400
# stats: dump at 1480497104
stats: users 834 1872
stats: {load,"tsung_controller@ip-172-31-15-33"} 1 0.37109375 0.0 0.46875 0.0 0.12943591101694915 59
stats: {freemem,"tsung_controller@ip-172-31-15-33"} 1 2852.19921875 0.0 3159.33984375 2851.6953125 3021.396782309322 59
stats: {recvpackets,"tsung_controller@ip-172-31-15-33"} 1 8545.0 0.0 17680 245 8762.620689655174 58
stats: {sentpackets,"tsung_controller@ip-172-31-15-33"} 1 6892.0 0.0 17264 230 7690.7241379310335 58
stats: {cpu,"tsung_controller@ip-172-31-15-33"} 1 15.18375241779497 0.0 38.18181818181819 1.8700787401574805 16.502720031906303 59
stats: session 136 97425.92809520048 37441.79270506402 265895.9318847656 5967.725830078125 77544.26249970299 4110
stats: users_count 0 5080
stats: finish_users_count 136 4246
stats: request 1809 2162.7862703355995 855.8827366740171 4782.239990234375 0.531005859375 733.991001462562 140798
stats: connect 0 0 0 1033.819091796875 0.820068359375 2.3445802703617127 5080
stats: page 1803 2171.250696944979 872.6006000856047 6549.653076171875 0.531005859375 824.3279174384039 125364
stats: 302 30 6218
stats: 200 1238 69947
stats: size_rcv 8033180 459796957
stats: newphase 0 8
stats: size_sent 1180102 96930602
stats: connected -143 828
stats: 204 119 6630
stats: max_repeat 144 6275
stats: 400 23 1213
stats: 503 182 53661
stats: 500 179 4500
stats: 404 38 438
# stats: dump at 1480497114
stats: users 705 1872
stats: {load,"tsung_controller@ip-172-31-15-33"} 1 0.30859375 0.0 0.46875 0.0 0.13346354166666666 60
stats: {freemem,"tsung_controller@ip-172-31-15-33"} 1 2851.98046875 0.0 3159.33984375 2851.6953125 3018.5768229166665 60
stats: {recvpackets,"tsung_controller@ip-172-31-15-33"} 1 7723.0 0.0 17680 245 8758.932203389833 59
stats: {sentpackets,"tsung_controller@ip-172-31-15-33"} 1 6098.0 0.0 17264 230 7677.186440677965 59
stats: {cpu,"tsung_controller@ip-172-31-15-33"} 1 14.437984496124031 0.0 38.18181818181819 1.8700787401574805 16.48073723833778 60
stats: session 129 105079.87115052689 36178.38007476294 265895.9318847656 5967.725830078125 78181.07515184328 4246
stats: users_count 0 5080
stats: finish_users_count 129 4375
stats: request 1574 2264.8239556861454 516.858050153652 4782.239990234375 0.531005859375 752.1155720754444 142607
stats: connect 0 0 0 1033.819091796875 0.820068359375 2.3445802703617127 5080
stats: page 1573 2267.883737068147 524.8198074159826 6549.653076171875 0.531005859375 843.4248668942403 127167
stats: 302 19 6237
stats: 200 1210 71157
stats: size_rcv 7454160 467251117
stats: newphase 0 8
stats: size_sent 1010692 97941294
stats: connected -126 702
stats: 204 135 6765
stats: max_repeat 125 6400
stats: 400 17 1230
stats: 503 3 53664
stats: 500 145 4645
stats: 404 45 483
# stats: dump at 1480497124
stats: users 580 1872
stats: {load,"tsung_controller@ip-172-31-15-33"} 0 0 0 0.46875 0.0 0.13633452868852458 61
stats: {freemem,"tsung_controller@ip-172-31-15-33"} 0 0 0 3159.33984375 2851.6953125 3015.8457351434427 61
stats: {recvpackets,"tsung_controller@ip-172-31-15-33"} 0 0 0 17680 245 8741.66666666667 60
stats: {sentpackets,"tsung_controller@ip-172-31-15-33"} 0 0 0 17264 230 7650.866666666666 60
stats: {cpu,"tsung_controller@ip-172-31-15-33"} 0 0 0 38.18181818181819 1.8700787401574805 16.447249488465424 61
stats: session 125 107574.41573828126 33658.59783834974 265895.9318847656 5967.725830078125 78974.20536529018 4375
stats: users_count 0 5080
stats: finish_users_count 125 4500
stats: request 1478 1881.7362295106886 673.4867060100271 4782.239990234375 0.531005859375 768.629557939069 144181
stats: connect 0 0 0 1033.819091796875 0.820068359375 2.3445802703617127 5080
stats: page 1478 1881.7362295106886 673.4867060100271 6549.653076171875 0.531005859375 860.8295103833156 128740
stats: 302 5 6242
stats: 200 1183 72340
stats: size_rcv 6931452 474182569
stats: newphase 0 8
stats: size_sent 948699 98889993
stats: connected -121 581
stats: 204 147 6912
stats: max_repeat 123 6523
stats: 400 19 1249
stats: 503 0 53664
stats: 500 90 4735
stats: 404 34 517
# stats: dump at 1480497134
stats: users 465 1872
stats: {load,"tsung_controller@ip-172-31-15-33"} 1 0.26171875 0.0 0.46875 0.0 0.13633452868852458 61
stats: {freemem,"tsung_controller@ip-172-31-15-33"} 1 2852.546875 0.0 3159.33984375 2851.6953125 3015.8457351434427 61
stats: {recvpackets,"tsung_controller@ip-172-31-15-33"} 1 7171.0 0.0 17680 245 8741.66666666667 60
stats: {sentpackets,"tsung_controller@ip-172-31-15-33"} 1 5729.0 0.0 17264 230 7650.866666666666 60
stats: {cpu,"tsung_controller@ip-172-31-15-33"} 1 12.78048780487805 0.0 38.18181818181819 1.8700787401574805 16.447249488465424 61
stats: session 115 115967.66311778194 33495.854159470706 265895.9318847656 5967.725830078125 79768.65565342882 4500
stats: users_count 0 5080
stats: finish_users_count 115 4615
stats: request 1565 1145.7689567005293 728.7692339764275 4782.239990234375 0.531005859375 779.9242370222897 145659
stats: connect 0 0 0 1033.819091796875 0.820068359375 2.3445802703617127 5080
stats: page 1565 1145.7689567005293 728.7692339764275 6549.653076171875 0.531005859375 872.4170031329375 130218
stats: 302 2 6244
stats: 200 1220 73560
stats: size_rcv 6363038 480545607
stats: newphase 0 8
stats: size_sent 1017120 99907113
stats: connected -118 463
stats: 204 217 7129
stats: max_repeat 95 6618
stats: 400 17 1266
stats: 503 0 53664
stats: 500 55 4790
stats: 404 54 571
# stats: dump at 1480497144
stats: users 378 1872
stats: {load,"tsung_controller@ip-172-31-15-33"} 1 0.21875 0.0 0.46875 0.0 0.1383568548387097 62
stats: {freemem,"tsung_controller@ip-172-31-15-33"} 1 2853.72265625 0.0 3159.33984375 2851.6953125 3013.211882560484 62
stats: {recvpackets,"tsung_controller@ip-172-31-15-33"} 1 6801.0 0.0 17680 245 8715.918032786889 61
stats: {sentpackets,"tsung_controller@ip-172-31-15-33"} 1 5503.0 0.0 17264 230 7619.360655737704 61
stats: {cpu,"tsung_controller@ip-172-31-15-33"} 1 12.438785504407443 0.0 38.18181818181819 1.8700787401574805 16.388108170988207 62
stats: session 87 127334.63369926365 35572.0507702877 265895.9318847656 5967.725830078125 80670.6894255633 4615
stats: users_count 0 5080
stats: finish_users_count 87 4702
stats: request 1424 754.1339083896597 505.7290757215125 4782.239990234375 0.531005859375 783.813188458852 147224
stats: connect 0 0 0 1033.819091796875 0.820068359375 2.3445802703617127 5080
stats: page 1424 754.1339083896597 505.7290757215125 6549.653076171875 0.531005859375 875.6632170401431 131783
stats: 302 0 6244
stats: 200 1135 74695
stats: size_rcv 5767596 486313203
stats: newphase 0 8
stats: size_sent 1002043 100909156
stats: connected -83 380
stats: 204 204 7333
stats: max_repeat 62 6680
stats: 400 2 1268
stats: 503 0 53664
stats: 500 25 4815
stats: 404 58 629
# stats: dump at 1480497154
stats: users 298 1872
stats: {load,"tsung_controller@ip-172-31-15-33"} 1 0.26171875 0.0 0.46875 0.0 0.1396329365079365 63
stats: {freemem,"tsung_controller@ip-172-31-15-33"} 1 2853.45703125 0.0 3159.33984375 2851.6953125 3010.6803075396824 63
stats: {recvpackets,"tsung_controller@ip-172-31-15-33"} 1 6275.0 0.0 17680 245 8685.03225806452 62
stats: {sentpackets,"tsung_controller@ip-172-31-15-33"} 1 4952.0 0.0 17264 230 7585.225806451612 62
stats: {cpu,"tsung_controller@ip-172-31-15-33"} 1 12.319538017324351 0.0 38.18181818181819 1.8700787401574805 16.32542050961391 63
stats: session 80 136941.53172302246 31009.186150504713 265895.9318847656 5967.725830078125 81534.10141021067 4702
stats: users_count 0 5080
stats: finish_users_count 80 4782
stats: request 1305 684.6959831851658 405.5877988228943 4782.239990234375 0.531005859375 783.5288705075944 148648
stats: connect 0 0 0 1033.819091796875 0.820068359375 2.3445802703617127 5080
stats: page 1305 684.6959831851658 405.5877988228943 6549.653076171875 0.531005859375 874.3640530658903 133207
stats: 302 0 6244
stats: 200 1025 75720
stats: size_rcv 4991683 491304886
stats: newphase 0 8
stats: size_sent 942007 101851163
stats: connected -80 300
stats: 204 207 7540
stats: max_repeat 59 6739
stats: 400 0 1268
stats: 503 0 53664
stats: 500 13 4828
stats: 404 60 689
# stats: dump at 1480497164
stats: users 246 1872
stats: {load,"tsung_controller@ip-172-31-15-33"} 1 0.21875 0.0 0.46875 0.0 0.14154052734375 64
stats: {freemem,"tsung_controller@ip-172-31-15-33"} 1 2853.828125 0.0 3159.33984375 2851.6953125 3008.2236938476563 64
stats: {recvpackets,"tsung_controller@ip-172-31-15-33"} 1 5574.0 0.0 17680 245 8646.777777777781 63
stats: {sentpackets,"tsung_controller@ip-172-31-15-33"} 1 4380.0 0.0 17264 230 7543.428571428571 63
stats: {cpu,"tsung_controller@ip-172-31-15-33"} 1 10.842207163601161 0.0 38.18181818181819 1.8700787401574805 16.262828595671884 64
stats: session 52 145430.27976168122 34469.025462221376 270201.6669921875 5967.725830078125 82461.03458148314 4782
stats: users_count 0 5080
stats: finish_users_count 52 4834
stats: request 1180 709.9773195428363 409.3060015177663 4782.239990234375 0.531005859375 782.6687548849942 149953
stats: connect 0 0 0 1033.819091796875 0.820068359375 2.3445802703617127 5080
stats: page 1180 709.9773195428363 409.3060015177663 6549.653076171875 0.531005859375 872.5239434013671 134512
stats: 302 0 6244
stats: 200 914 76634
stats: size_rcv 4570242 495875128
stats: newphase 0 8
stats: size_sent 843512 102694675
stats: connected -53 247
stats: 204 205 7745
stats: max_repeat 39 6778
stats: 400 0 1268
stats: 503 0 53664
stats: 500 3 4831
stats: 404 58 747
# stats: dump at 1480497174
stats: users 192 1872
stats: {load,"tsung_controller@ip-172-31-15-33"} 1 0.19140625 0.0 0.46875 0.0 0.1427283653846154 65
stats: {freemem,"tsung_controller@ip-172-31-15-33"} 1 2864.15625 0.0 3159.33984375 2851.6953125 3005.8483774038464 65
stats: {recvpackets,"tsung_controller@ip-172-31-15-33"} 1 4959.0 0.0 17680 245 8598.765625000004 64
stats: {sentpackets,"tsung_controller@ip-172-31-15-33"} 1 3741.0 0.0 17264 230 7493.999999999999 64
stats: {cpu,"tsung_controller@ip-172-31-15-33"} 1 8.878048780487804 0.0 38.18181818181819 1.8700787401574805 16.179434419793875 65
stats: session 54 157131.76496943715 30659.38839255751 270201.6669921875 5967.725830078125 83138.40337531232 4834
stats: users_count 0 5080
stats: finish_users_count 54 4888
stats: request 1147 548.3137200645704 387.046730431562 4782.239990234375 0.531005859375 782.101202505939 151133
stats: connect 0 0 0 1033.819091796875 0.820068359375 2.3445802703617127 5080
stats: page 1147 548.3137200645704 387.046730431562 6549.653076171875 0.531005859375 871.1104111654721 135692
stats: 302 0 6244
stats: 200 859 77493
stats: size_rcv 3973449 499848577
stats: newphase 0 8
stats: size_sent 826917 103521592
stats: connected -55 192
stats: 204 207 7952
stats: max_repeat 31 6809
stats: 400 0 1268
stats: 503 0 53664
stats: 500 4 4835
stats: 404 77 824
# stats: dump at 1480497184
stats: users 143 1872
stats: {load,"tsung_controller@ip-172-31-15-33"} 1 0.16015625 0.0 0.46875 0.0 0.1434659090909091 66
stats: {freemem,"tsung_controller@ip-172-31-15-33"} 1 2864.40625 0.0 3159.33984375 2851.6953125 3003.7015269886365 66
stats: {recvpackets,"tsung_controller@ip-172-31-15-33"} 1 4640.0 0.0 17680 245 8542.769230769234 65
stats: {sentpackets,"tsung_controller@ip-172-31-15-33"} 1 3491.0 0.0 17264 230 7436.261538461537 65
stats: {cpu,"tsung_controller@ip-172-31-15-33"} 1 8.780487804878048 0.0 38.18181818181819 1.8700787401574805 16.068807364652873 66
stats: session 49 171539.89176598375 30055.57914567107 270201.6669921875 5967.725830078125 83955.84231272696 4888
stats: users_count 0 5080
stats: finish_users_count 49 4937
stats: request 1051 319.16287385339854 266.3840034858437 4782.239990234375 0.531005859375 780.3402736750994 152280
stats: connect 0 0 0 1033.819091796875 0.820068359375 2.3445802703617127 5080
stats: page 1051 319.16287385339854 266.3840034858437 6549.653076171875 0.531005859375 868.4046927321838 136839
stats: 302 0 6244
stats: 200 794 78287
stats: size_rcv 3659753 503508330
stats: newphase 0 8
stats: size_sent 740266 104261858
stats: connected -49 143
stats: 204 192 8144
stats: max_repeat 10 6819
stats: 400 0 1268
stats: 503 0 53664
stats: 500 0 4835
stats: 404 65 889
# stats: dump at 1480497194
stats: users 100 1872
stats: {load,"tsung_controller@ip-172-31-15-33"} 1 0.12890625 0.0 0.46875 0.0 0.14371501865671643 67
stats: {freemem,"tsung_controller@ip-172-31-15-33"} 1 2874.53125 0.0 3159.33984375 2851.6953125 3001.6224930037315 67
stats: {recvpackets,"tsung_controller@ip-172-31-15-33"} 1 4171.0 0.0 17680 245 8483.636363636368 66
stats: {sentpackets,"tsung_controller@ip-172-31-15-33"} 1 3086.0 0.0 17264 230 7376.484848484848 66
stats: {cpu,"tsung_controller@ip-172-31-15-33"} 1 8.21917808219178 0.0 38.18181818181819 1.8700787401574805 15.96002647570101 67
stats: session 43 172813.702449355 23241.44964888277 270201.6669921875 5967.725830078125 84825.11888214352 4937
stats: users_count 0 5080
stats: finish_users_count 43 4980
stats: request 898 59.6584793464644 71.21296383378957 4782.239990234375 0.531005859375 777.1791552632153 153331
stats: connect 0 0 0 1033.819091796875 0.820068359375 2.3445802703617127 5080
stats: page 898 59.6584793464644 71.21296383378957 6549.653076171875 0.531005859375 864.2183619493743 137890
stats: 302 0 6244
stats: 200 681 78968
stats: size_rcv 3131817 506640147
stats: newphase 0 8
stats: size_sent 650696 104912554
stats: connected -42 101
stats: 204 162 8306
stats: max_repeat 7 6826
stats: 400 0 1268
stats: 503 0 53664
stats: 500 0 4835
stats: 404 55 944
# stats: dump at 1480497204
stats: users 61 1872
stats: {load,"tsung_controller@ip-172-31-15-33"} 1 0.19140625 0.0 0.46875 0.0 0.14349724264705882 68
stats: {freemem,"tsung_controller@ip-172-31-15-33"} 1 2894.43359375 0.0 3159.33984375 2851.6953125 2999.7535041360293 68
stats: {recvpackets,"tsung_controller@ip-172-31-15-33"} 1 3367.0 0.0 17680 245 8419.268656716422 67
stats: {sentpackets,"tsung_controller@ip-172-31-15-33"} 1 2662.0 0.0 17264 230 7312.44776119403 67
stats: {cpu,"tsung_controller@ip-172-31-15-33"} 1 6.41025641025641 0.0 38.18181818181819 1.8700787401574805 15.84619046991411 68
stats: session 39 179410.01863606772 25668.48234040673 270201.6669921875 5967.725830078125 85584.85966394877 4980
stats: users_count 0 5080
stats: finish_users_count 39 5019
stats: request 515 30.84936665655337 34.98158414654109 4782.239990234375 0.531005859375 773.001383463014 154229
stats: connect 0 0 0 1033.819091796875 0.820068359375 2.3445802703617127 5080
stats: page 515 30.84936665655337 34.98158414654109 6549.653076171875 0.531005859375 859.0126181200993 138788
stats: 302 0 6244
stats: 200 416 79384
stats: size_rcv 2037785 508677932
stats: newphase 0 8
stats: size_sent 379445 105291999
stats: connected -37 64
stats: 204 82 8388
stats: max_repeat 5 6831
stats: 400 0 1268
stats: 503 0 53664
stats: 500 0 4835
stats: 404 17 961
# stats: dump at 1480497214
stats: users 37 1872
stats: {load,"tsung_controller@ip-172-31-15-33"} 1 0.23828125 0.0 0.46875 0.0 0.1441915760869565 69
stats: {freemem,"tsung_controller@ip-172-31-15-33"} 1 2915.24609375 0.0 3159.33984375 2851.6953125 2998.2271286231885 69
stats: {recvpackets,"tsung_controller@ip-172-31-15-33"} 1 1873.0 0.0 17680 245 8344.970588235297 68
stats: {sentpackets,"tsung_controller@ip-172-31-15-33"} 1 1614.0 0.0 17264 230 7244.058823529412 68
stats: {cpu,"tsung_controller@ip-172-31-15-33"} 1 4.621435594886923 0.0 38.18181818181819 1.8700787401574805 15.709437802382839 69
stats: session 24 186153.9023030599 12325.113215873336 270201.6669921875 5967.725830078125 86313.92545392936 5019
stats: users_count 0 5080
stats: finish_users_count 24 5043
stats: request 345 22.382051064311593 18.24920589702873 4782.239990234375 0.531005859375 770.5314441525701 154744
stats: connect 0 0 0 1033.819091796875 0.820068359375 2.3445802703617127 5080
stats: page 345 22.382051064311593 18.24920589702873 6549.653076171875 0.531005859375 855.9509175500921 139303
stats: 302 0 6244
stats: 200 278 79662
stats: size_rcv 1437795 510115727
stats: newphase 0 8
stats: size_sent 253508 105545507
stats: connected -27 37
stats: 204 58 8446
stats: max_repeat 1 6832
stats: 400 0 1268
stats: 503 0 53664
stats: 500 0 4835
stats: 404 9 970
# stats: dump at 1480497224
stats: users 14 1872
stats: {load,"tsung_controller@ip-172-31-15-33"} 1 0.2109375 0.0 0.46875 0.0 0.1455357142857143 70
stats: {freemem,"tsung_controller@ip-172-31-15-33"} 1 2935.7421875 0.0 3159.33984375 2851.6953125 2997.0416852678572 70
stats: {recvpackets,"tsung_controller@ip-172-31-15-33"} 1 1154.0 0.0 17680 245 8251.173913043482 69
stats: {sentpackets,"tsung_controller@ip-172-31-15-33"} 1 1028.0 0.0 17264 230 7162.463768115942 69
stats: {cpu,"tsung_controller@ip-172-31-15-33"} 1 2.9702970297029703 0.0 38.18181818181819 1.8700787401574805 15.55103777084718 70
stats: session 23 192375.7210109545 17756.56375333416 270201.6669921875 5967.725830078125 86789.07109033213 5043
stats: users_count 0 5080
stats: finish_users_count 23 5066
stats: request 178 17.829009666871496 11.93275897513377 4782.239990234375 0.531005859375 768.8671640255757 155089
stats: connect 0 0 0 1033.819091796875 0.820068359375 2.3445802703617127 5080
stats: page 178 17.829009666871496 11.93275897513377 6549.653076171875 0.531005859375 853.8915879575623 139648
stats: 302 0 6244
stats: 200 148 79810
stats: size_rcv 490133 510605860
stats: newphase 0 8
stats: size_sent 131247 105676754
stats: connected -22 15
stats: 204 23 8469
stats: max_repeat 0 6832
stats: 400 0 1268
stats: 503 0 53664
stats: 500 0 4835
stats: 404 7 977
# stats: dump at 1480497234
stats: users 8 1872
stats: {load,"tsung_controller@ip-172-31-15-33"} 1 0.1796875 0.0 0.46875 0.0 0.1464568661971831 71
stats: {freemem,"tsung_controller@ip-172-31-15-33"} 1 2976.53515625 0.0 3159.33984375 2851.6953125 2996.1783120598593 71
stats: {recvpackets,"tsung_controller@ip-172-31-15-33"} 1 422.0 0.0 17680 245 8149.785714285717 70
stats: {sentpackets,"tsung_controller@ip-172-31-15-33"} 1 446.0 0.0 17264 230 7074.828571428571 70
stats: {cpu,"tsung_controller@ip-172-31-15-33"} 1 1.6815034619188922 0.0 38.18181818181819 1.6815034619188922 15.373844239281771 71
stats: session 6 198696.02897135416 21091.260696474725 270201.6669921875 5967.725830078125 87268.44198416836 5066
stats: users_count 0 5080
stats: finish_users_count 6 5072
stats: request 63 18.654052734375 13.287870688114475 4782.239990234375 0.531005859375 768.0061646408008 155267
stats: connect 0 0 0 1033.819091796875 0.820068359375 2.3445802703617127 5080
stats: page 63 18.654052734375 13.287870688114475 6549.653076171875 0.531005859375 852.8272713144792 139826
stats: 302 0 6244
stats: 200 53 79863
stats: size_rcv 224853 510830713
stats: newphase 0 8
stats: size_sent 46439 105723193
stats: connected -6 9
stats: 204 9 8478
stats: max_repeat 0 6832
stats: 400 0 1268
stats: 503 0 53664
stats: 500 0 4835
stats: 404 1 978
# stats: dump at 1480497244
stats: users 4 1872
stats: {load,"tsung_controller@ip-172-31-15-33"} 1 0.1484375 0.0 0.46875 0.0 0.1469184027777778 72
stats: {freemem,"tsung_controller@ip-172-31-15-33"} 1 3010.1796875 0.0 3159.33984375 2851.6953125 2995.9054904513887 72
stats: {recvpackets,"tsung_controller@ip-172-31-15-33"} 1 188.0 0.0 17680 188 8040.943661971834 71
stats: {sentpackets,"tsung_controller@ip-172-31-15-33"} 1 186.0 0.0 17264 186 6981.4647887323945 71
stats: {cpu,"tsung_controller@ip-172-31-15-33"} 1 1.4792899408284024 0.0 38.18181818181819 1.4792899408284024 15.183672839596177 72
stats: session 4 205039.12744140625 8818.333284365177 270201.6669921875 5967.725830078125 87400.25695300178 5072
stats: users_count 0 5080
stats: finish_users_count 4 5076
stats: request 32 25.44812774658203 40.0314774847837 4782.239990234375 0.531005859375 767.7022363394417 155330
stats: connect 0 0 0 1033.819091796875 0.820068359375 2.3445802703617127 5080
stats: page 32 25.44812774658203 40.0314774847837 6549.653076171875 0.531005859375 852.4515955088722 139889
stats: 302 0 6244
stats: 200 25 79888
stats: size_rcv 109975 510940688
stats: newphase 0 8
stats: size_sent 23540 105746733
stats: connected -5 4
stats: 204 5 8483
stats: max_repeat 0 6832
stats: 400 0 1268
stats: 503 0 53664
stats: 500 0 4835
stats: 404 2 980
# stats: dump at 1480497254
stats: users 1 1872
stats: {load,"tsung_controller@ip-172-31-15-33"} 1 0.12890625 0.0 0.46875 0.0 0.1469392123287671 73
stats: {freemem,"tsung_controller@ip-172-31-15-33"} 1 3025.12890625 0.0 3159.33984375 2851.6953125 2996.10102739726 73
stats: {recvpackets,"tsung_controller@ip-172-31-15-33"} 1 161.0 0.0 17680 161 7931.875000000004 72
stats: {sentpackets,"tsung_controller@ip-172-31-15-33"} 1 185.0 0.0 17264 185 6887.083333333333 72
stats: {cpu,"tsung_controller@ip-172-31-15-33"} 1 1.7733990147783252 0.0 38.18181818181819 1.4792899408284024 14.995941567010318 73
stats: session 3 208593.33032226563 4454.800703851617 270201.6669921875 5967.725830078125 87492.95897860336 5076
stats: users_count 0 5080
stats: finish_users_count 3 5079
stats: request 5 14.974169921875 4.7287492782426845 4782.239990234375 0.531005859375 767.5493538361593 155362
stats: connect 0 0 0 1033.819091796875 0.820068359375 2.3445802703617127 5080
stats: page 5 14.974169921875 4.7287492782426845 6549.653076171875 0.531005859375 852.2624594180181 139921
stats: 302 0 6244
stats: 200 5 79893
stats: size_rcv 904 510941592
stats: newphase 0 8
stats: size_sent 3702 105750435
stats: connected -3 1
stats: 204 0 8483
stats: max_repeat 0 6832
stats: 400 0 1268
stats: 503 0 53664
stats: 500 0 4835
stats: 404 0 980
# stats: dump at 1480497256
stats: users 0 1872
stats: {load,"tsung_controller@ip-172-31-15-33"} 1 0.109375 0.0 0.46875 0.0 0.14669552364864863 74
stats: {freemem,"tsung_controller@ip-172-31-15-33"} 1 3025.7421875 0.0 3159.33984375 2851.6953125 2996.4932960304054 74
stats: {recvpackets,"tsung_controller@ip-172-31-15-33"} 1 75.0 0.0 17680 75 7825.4246575342495 73
stats: {sentpackets,"tsung_controller@ip-172-31-15-33"} 1 142.0 0.0 17264 142 6795.273972602739 73
stats: {cpu,"tsung_controller@ip-172-31-15-33"} 1 1.7664376840039255 0.0 38.18181818181819 1.4792899408284024 14.817258559547723 74
stats: session 1 211175.48901367188 0.0 270201.6669921875 5967.725830078125 87564.48902665042 5079
stats: users_count 0 5080
stats: finish_users_count 1 5080
stats: request 1 14.38818359375 0.0 4782.239990234375 0.531005859375 767.5251345623136 155367
stats: connect 0 0 0 1033.819091796875 0.820068359375 2.3445802703617127 5080
stats: page 1 14.38818359375 0.0 6549.653076171875 0.531005859375 852.2325404505104 139926
stats: 302 0 6244
stats: 200 1 79894
stats: size_rcv 5533 510947125
stats: newphase 0 8
stats: size_sent 673 105751108
stats: connected -1 0
stats: 204 0 8483
stats: max_repeat 1 6833
stats: 400 0 1268
stats: 503 0 53664
stats: 500 0 4835
stats: 404 0 980
EndMonitor:{1480,497256,725654}
