# stats: dump at 1480458310
stats: users 11 11
stats: {freemem,"tsung_controller@ip-172-31-15-70"} 1 3159.69921875 0 3159.69921875 3159.69921875 0 0
stats: {cpu,"tsung_controller@ip-172-31-15-70"} 1 5.129262332593623 0 5.129262332593623 5.129262332593623 0 0
stats: {load,"tsung_controller@ip-172-31-15-70"} 1 0.0 0 0.0 0.0 0 0
stats: users_count 11 11
stats: finish_users_count 0 0
stats: request 24 38.403839111328125 39.01168211243346 131.837890625 5.113037109375 0 0
stats: connect 9 15.32400173611111 38.08867336442289 122.8349609375 0.697998046875 0 0
stats: page 20 46.09885253906249 43.09569010408863 131.837890625 5.113037109375 0 0
stats: 302 4 4
stats: 200 20 20
stats: size_rcv 109702 109702
stats: size_sent 10713 10713
stats: connected 9 9
# stats: dump at 1480458320
stats: users 18 18
stats: {freemem,"tsung_controller@ip-172-31-15-70"} 1 3160.3203125 0.0 3160.3203125 3159.69921875 3159.69921875 1
stats: {recvpackets,"tsung_controller@ip-172-31-15-70"} 1 124 0 124 124 0 0
stats: {sentpackets,"tsung_controller@ip-172-31-15-70"} 1 130 0 130 130 0 0
stats: {cpu,"tsung_controller@ip-172-31-15-70"} 1 2.0648967551622417 0.0 5.129262332593623 2.0648967551622417 5.129262332593623 1
stats: {load,"tsung_controller@ip-172-31-15-70"} 1 0.0 0.0 0.0 0.0 0.0 1
stats: users_count 7 18
stats: finish_users_count 0 0
stats: request 77 42.740310470779214 66.78236422375637 538.718017578125 4.54296875 38.403839111328125 24
stats: connect 8 0.95220947265625 0.052305348387140405 122.8349609375 0.697998046875 15.32400173611111 9
stats: page 54 60.97469979745368 79.10992984072621 547.989990234375 4.54296875 46.09885253906249 20
stats: 302 14 18
stats: 200 61 81
stats: size_rcv 335747 445449
stats: size_sent 45489 56202
stats: connected 8 17
stats: 204 2 2
stats: max_repeat 1 1
# stats: dump at 1480458330
stats: users 25 26
stats: {freemem,"tsung_controller@ip-172-31-15-70"} 1 3157.8046875 0.0 3160.3203125 3157.8046875 3160.009765625 2
stats: {recvpackets,"tsung_controller@ip-172-31-15-70"} 1 297.0 0.0 297 124 124.0 1
stats: {sentpackets,"tsung_controller@ip-172-31-15-70"} 1 249.0 0.0 249 130 130.0 1
stats: {cpu,"tsung_controller@ip-172-31-15-70"} 1 1.6699410609037328 0.0 5.129262332593623 1.6699410609037328 3.597079543877932 2
stats: {load,"tsung_controller@ip-172-31-15-70"} 1 0.0 0.0 0.0 0.0 0.0 2
stats: session 1 28187.93408203125 0 28187.93408203125 28187.93408203125 0 0
stats: users_count 8 26
stats: finish_users_count 1 1
stats: request 154 34.31262365564125 57.20884399732841 588.509033203125 0.369140625 41.70986183090965 101
stats: connect 8 1.02655029296875 0.25750982695179553 122.8349609375 0.692138671875 8.560805376838236 17
stats: page 119 44.42216222426471 65.97825768101356 588.509033203125 0.369140625 56.95420053842903 74
stats: 302 13 31
stats: 200 135 216
stats: size_rcv 684637 1130086
stats: size_sent 88900 145102
stats: connected 7 24
stats: 204 5 7
stats: max_repeat 8 9
stats: 400 1 1
# stats: dump at 1480458340
stats: users 40 40
stats: {freemem,"tsung_controller@ip-172-31-15-70"} 1 3155.2890625 0.0 3160.3203125 3155.2890625 3159.2747395833335 3
stats: {recvpackets,"tsung_controller@ip-172-31-15-70"} 1 451.0 0.0 451 124 210.5 2
stats: {sentpackets,"tsung_controller@ip-172-31-15-70"} 1 406.0 0.0 406 130 189.5 2
stats: {cpu,"tsung_controller@ip-172-31-15-70"} 1 1.5857284440039643 0.0 5.129262332593623 1.5857284440039643 2.954700049553199 3
stats: {load,"tsung_controller@ip-172-31-15-70"} 1 0.0 0.0 0.0 0.0 0.0 3
stats: session 1 22638.91015625 0.0 28187.93408203125 22638.91015625 28187.93408203125 1
stats: users_count 16 42
stats: finish_users_count 1 2
stats: request 174 34.40707222072559 65.04515816613119 732.27099609375 0.369140625 37.242510148590696 255
stats: connect 16 2.1300048828125 2.543675390409991 122.8349609375 0.692138671875 6.14984375 25
stats: page 142 41.292501100352105 75.21309666268196 757.4990234375 0.369140625 49.22719245871114 193
stats: 302 26 57
stats: 200 139 355
stats: size_rcv 712580 1842666
stats: size_sent 98513 243615
stats: connected 15 39
stats: 204 8 15
stats: max_repeat 2 11
stats: 400 1 2
# stats: dump at 1480458350
stats: users 48 48
stats: {freemem,"tsung_controller@ip-172-31-15-70"} 1 3150.71484375 0.0 3160.3203125 3150.71484375 3158.2783203125 4
stats: {recvpackets,"tsung_controller@ip-172-31-15-70"} 1 606.0 0.0 606 124 290.6666666666667 3
stats: {sentpackets,"tsung_controller@ip-172-31-15-70"} 1 578.0 0.0 578 130 261.6666666666667 3
stats: {cpu,"tsung_controller@ip-172-31-15-70"} 1 3.1280547409579667 0.0 5.129262332593623 1.5857284440039643 2.6124571481658903 4
stats: {load,"tsung_controller@ip-172-31-15-70"} 1 0.0 0.0 0.0 0.0 0.0 4
stats: session 0 0 0 28187.93408203125 22638.91015625 25413.422119140625 2
stats: users_count 8 50
stats: finish_users_count 0 2
stats: request 256 29.744221687316895 38.239356263929416 732.27099609375 0.369140625 36.09247238763841 429
stats: connect 9 2.337863498263889 2.472130229038471 122.8349609375 0.692138671875 4.581126143292683 41
stats: page 204 37.957706227022065 45.875735841518406 757.4990234375 0.369140625 45.86383074860075 335
stats: 302 21 78
stats: 200 223 578
stats: size_rcv 1082400 2925066
stats: size_sent 148741 392356
stats: connected 9 48
stats: 204 12 27
stats: max_repeat 10 21
stats: 400 0 2
# stats: dump at 1480458360
stats: users 51 51
stats: {freemem,"tsung_controller@ip-172-31-15-70"} 1 3146.73046875 0.0 3160.3203125 3146.73046875 3156.765625 5
stats: {recvpackets,"tsung_controller@ip-172-31-15-70"} 1 754.0 0.0 754 124 369.5 4
stats: {sentpackets,"tsung_controller@ip-172-31-15-70"} 1 716.0 0.0 716 130 340.75 4
stats: {cpu,"tsung_controller@ip-172-31-15-70"} 1 3.623898139079334 0.0 5.129262332593623 1.5857284440039643 2.7155766667243055 5
stats: {load,"tsung_controller@ip-172-31-15-70"} 1 0.0 0.0 0.0 0.0 0.0 5
stats: session 1 40930.981201171875 0.0 40930.981201171875 22638.91015625 25413.422119140625 2
stats: users_count 4 54
stats: finish_users_count 1 3
stats: request 269 22.07315052131737 31.440328402861066 732.27099609375 0.369140625 33.71998745437956 685
stats: connect 4 0.9283447265625 0.08361923328467853 122.8349609375 0.692138671875 4.1773388671875 50
stats: page 235 25.27523790724734 37.04337386368923 757.4990234375 0.369140625 42.87153130073052 539
stats: 302 17 95
stats: 200 226 804
stats: size_rcv 1031018 3956084
stats: size_sent 156634 548990
stats: connected 3 51
stats: 204 24 51
stats: max_repeat 12 33
stats: 400 1 3
stats: 404 1 1
# stats: dump at 1480458370
stats: users 67 67
stats: {freemem,"tsung_controller@ip-172-31-15-70"} 1 3145.09375 0.0 3160.3203125 3145.09375 3155.0930989583335 6
stats: {recvpackets,"tsung_controller@ip-172-31-15-70"} 1 790.0 0.0 790 124 446.4 5
stats: {sentpackets,"tsung_controller@ip-172-31-15-70"} 1 790.0 0.0 790 130 415.8 5
stats: {cpu,"tsung_controller@ip-172-31-15-70"} 1 2.857142857142857 0.0 5.129262332593623 1.5857284440039643 2.866963578783477 6
stats: {load,"tsung_controller@ip-172-31-15-70"} 1 0.0 0.0 0.0 0.0 0.0 6
stats: session 1 58390.366943359375 0.0 58390.366943359375 22638.91015625 30585.941813151043 3
stats: users_count 17 71
stats: finish_users_count 1 4
stats: request 271 15.924897478955252 22.481034263700856 732.27099609375 0.369140625 30.43592127514085 954
stats: connect 13 2.5274376502403846 2.6463427248421514 122.8349609375 0.692138671875 3.936672634548611 54
stats: page 252 17.130469912574426 25.753969563959195 757.4990234375 0.369140625 37.52898744095204 774
stats: 302 19 114
stats: 200 227 1031
stats: size_rcv 974487 4930571
stats: newphase 1 1
stats: size_sent 151757 700747
stats: connected 12 63
stats: 204 24 75
stats: max_repeat 4 37
stats: 400 0 3
stats: 404 1 2
# stats: dump at 1480458380
stats: users 77 77
stats: {freemem,"tsung_controller@ip-172-31-15-70"} 1 3141.46875 0.0 3160.3203125 3141.46875 3153.664620535714 7
stats: {recvpackets,"tsung_controller@ip-172-31-15-70"} 1 740.0 0.0 790 124 503.6666666666667 6
stats: {sentpackets,"tsung_controller@ip-172-31-15-70"} 1 811.0 0.0 811 130 478.1666666666667 6
stats: {cpu,"tsung_controller@ip-172-31-15-70"} 1 3.23846908734053 0.0 5.129262332593623 1.5857284440039643 2.865560618549103 7
stats: {load,"tsung_controller@ip-172-31-15-70"} 1 0.0 0.0 0.0 0.0 0.0 7
stats: session 1 71927.94604492188 0.0 71927.94604492188 22638.91015625 37537.048095703125 4
stats: users_count 11 82
stats: finish_users_count 1 5
stats: request 365 25.725862184289397 33.30154050583464 732.27099609375 0.369140625 27.22572743941326 1225
stats: connect 13 1.2079326923076923 1.073362988122516 122.8349609375 0.692138671875 3.6632389808768657 67
stats: page 318 29.537389599302262 38.528449581414804 757.4990234375 0.369140625 32.51882524099964 1026
stats: 302 23 137
stats: 200 310 1341
stats: size_rcv 1426915 6357486
stats: newphase 0 1
stats: size_sent 208312 909059
stats: connected 12 75
stats: 204 32 107
stats: max_repeat 8 45
stats: 400 0 3
stats: 404 0 2
# stats: dump at 1480458390
stats: users 83 83
stats: {freemem,"tsung_controller@ip-172-31-15-70"} 1 3140.578125 0.0 3160.3203125 3140.578125 3152.14013671875 8
stats: {recvpackets,"tsung_controller@ip-172-31-15-70"} 1 1143.0 0.0 1143 124 537.4285714285714 7
stats: {sentpackets,"tsung_controller@ip-172-31-15-70"} 1 1103.0 0.0 1103 130 525.7142857142857 7
stats: {cpu,"tsung_controller@ip-172-31-15-70"} 1 4.00390625 0.0 5.129262332593623 1.5857284440039643 2.912174177148031 8
stats: {load,"tsung_controller@ip-172-31-15-70"} 1 0.0 0.0 0.0 0.0 0.0 8
stats: session 4 48630.13751220703 16065.44270503092 71927.94604492188 22638.91015625 44415.22768554687 5
stats: users_count 10 92
stats: finish_users_count 4 9
stats: request 421 26.847952002301067 59.802034290314204 1003.218994140625 0.333984375 26.88141874877162 1590
stats: connect 11 1.6830388849431819 1.545474968357086 122.8349609375 0.692138671875 3.264251708984375 80
stats: page 383 29.51737223094811 65.09635646488063 1003.218994140625 0.333984375 31.81339627220517 1344
stats: 302 21 158
stats: 200 358 1699
stats: size_rcv 1672991 8030477
stats: newphase 0 1
stats: size_sent 237774 1146833
stats: connected 7 82
stats: 204 41 148
stats: max_repeat 10 55
stats: 400 1 4
stats: 404 0 2
# stats: dump at 1480458400
stats: users 98 98
stats: {freemem,"tsung_controller@ip-172-31-15-70"} 1 3137.19140625 0.0 3160.3203125 3137.19140625 3150.85546875 9
stats: {recvpackets,"tsung_controller@ip-172-31-15-70"} 1 1074.0 0.0 1143 124 613.125 8
stats: {sentpackets,"tsung_controller@ip-172-31-15-70"} 1 1148.0 0.0 1148 130 597.875 8
stats: {cpu,"tsung_controller@ip-172-31-15-70"} 1 4.105571847507331 0.0 5.129262332593623 1.5857284440039643 3.03347774079825 9
stats: {load,"tsung_controller@ip-172-31-15-70"} 1 0.0 0.0 0.0 0.0 0.0 9
stats: session 6 74815.50390625 11321.917415546837 89426.06201171875 22638.91015625 46288.52094184028 9
stats: users_count 21 113
stats: finish_users_count 6 15
stats: request 403 16.99241528380891 24.418569931785775 1003.218994140625 0.333984375 26.87441253282726 2011
stats: connect 18 1.2588433159722223 0.975964207988866 122.8349609375 0.692138671875 3.0731160928914836 91
stats: page 380 18.02458817331415 27.019755968343016 1003.218994140625 0.333984375 31.304202752922336 1727
stats: 302 27 185
stats: 200 336 2035
stats: size_rcv 1453944 9484421
stats: newphase 0 1
stats: size_sent 224405 1371238
stats: connected 12 94
stats: 204 40 188
stats: max_repeat 9 64
stats: 400 0 4
stats: 404 0 2
# stats: dump at 1480458410
stats: users 105 108
stats: {freemem,"tsung_controller@ip-172-31-15-70"} 1 3136.0078125 0.0 3160.3203125 3136.0078125 3149.4890625 10
stats: {recvpackets,"tsung_controller@ip-172-31-15-70"} 1 1161.0 0.0 1161 124 664.3333333333334 9
stats: {sentpackets,"tsung_controller@ip-172-31-15-70"} 1 1302.0 0.0 1302 130 659.0 9
stats: {cpu,"tsung_controller@ip-172-31-15-70"} 1 4.58984375 0.0 5.129262332593623 1.5857284440039643 3.140687151469158 10
stats: {load,"tsung_controller@ip-172-31-15-70"} 1 0.0 0.0 0.0 0.0 0.0 10
stats: session 9 80274.90757921006 13790.910997726076 100030.88012695313 22638.91015625 57699.314127604164 15
stats: users_count 16 129
stats: finish_users_count 9 24
stats: request 459 18.497350090209686 25.090585050830658 1003.218994140625 0.333984375 25.224683911719396 2414
stats: connect 18 0.9429117838541666 0.21566804296539818 122.8349609375 0.692138671875 2.773511414134174 109
stats: page 426 19.93492047663584 28.298079866190417 1003.218994140625 0.333984375 28.90920819181597 2107
stats: 302 23 208
stats: 200 395 2430
stats: size_rcv 1758803 11243224
stats: newphase 0 1
stats: size_sent 256450 1627688
stats: connected 10 104
stats: 204 41 229
stats: max_repeat 9 73
stats: 400 0 4
stats: 404 0 2
# stats: dump at 1480458420
stats: users 114 114
stats: {freemem,"tsung_controller@ip-172-31-15-70"} 1 3135.00390625 0.0 3160.3203125 3135.00390625 3148.263494318182 11
stats: {recvpackets,"tsung_controller@ip-172-31-15-70"} 1 1344.0 0.0 1344 124 714.0 10
stats: {sentpackets,"tsung_controller@ip-172-31-15-70"} 1 1471.0 0.0 1471 130 723.3 10
stats: {cpu,"tsung_controller@ip-172-31-15-70"} 1 4.518664047151278 0.0 5.129262332593623 1.5857284440039643 3.2724286604265074 11
stats: {load,"tsung_controller@ip-172-31-15-70"} 1 0.0 0.0 0.0 0.0 0.0 11
stats: session 5 86277.57758789063 10047.988130222726 105432.42797851563 22638.91015625 66165.16167195638 24
stats: users_count 14 143
stats: finish_users_count 5 29
stats: request 533 19.874398122361633 27.3478654354371 1003.218994140625 0.333984375 24.14990276863796 2873
stats: connect 15 1.2361979166666666 1.0874888981024717 122.8349609375 0.692138671875 2.5140563484251968 127
stats: page 499 21.232948807771788 31.081944987187413 1003.218994140625 0.333984375 27.39991227130009 2533
stats: 302 25 233
stats: 200 460 2890
stats: size_rcv 2124671 13367895
stats: newphase 0 1
stats: size_sent 298451 1926139
stats: connected 9 113
stats: 204 48 277
stats: max_repeat 15 88
stats: 400 0 4
stats: 404 0 2
# stats: dump at 1480458430
stats: users 137 137
stats: {freemem,"tsung_controller@ip-172-31-15-70"} 1 3131.0546875 0.0 3160.3203125 3131.0546875 3147.1585286458335 12
stats: {recvpackets,"tsung_controller@ip-172-31-15-70"} 1 1453.0 0.0 1453 124 771.2727272727273 11
stats: {sentpackets,"tsung_controller@ip-172-31-15-70"} 1 1543.0 0.0 1543 130 791.2727272727273 11
stats: {cpu,"tsung_controller@ip-172-31-15-70"} 1 5.004906771344456 0.0 5.129262332593623 1.5857284440039643 3.376281609320238 12
stats: {load,"tsung_controller@ip-172-31-15-70"} 1 0.0 0.0 0.0 0.0 0.0 12
stats: session 3 88791.09212239583 10741.135397823662 105432.42797851563 22638.91015625 69632.81958849677 29
stats: users_count 26 169
stats: finish_users_count 3 32
stats: request 539 21.153808140798933 30.639396111733877 1003.218994140625 0.333984375 23.480835247655786 3406
stats: connect 23 2.015550696331522 2.240406960155764 122.8349609375 0.692138671875 2.3790713028169015 142
stats: page 499 22.854607652805612 34.86361348969296 1003.218994140625 0.333984375 26.384966767243156 3032
stats: 302 28 261
stats: 200 464 3354
stats: size_rcv 2207306 15575201
stats: newphase 1 2
stats: size_sent 301229 2227368
stats: connected 20 133
stats: 204 47 324
stats: max_repeat 15 103
stats: 400 0 4
stats: 404 0 2
# stats: dump at 1480458440
stats: users 148 150
stats: {freemem,"tsung_controller@ip-172-31-15-70"} 1 3127.57421875 0.0 3160.3203125 3127.57421875 3145.9197716346152 13
stats: {recvpackets,"tsung_controller@ip-172-31-15-70"} 1 1677.0 0.0 1677 124 828.0833333333334 12
stats: {sentpackets,"tsung_controller@ip-172-31-15-70"} 1 1764.0 0.0 1764 130 853.9166666666666 12
stats: {cpu,"tsung_controller@ip-172-31-15-70"} 1 5.819592628516004 0.0 5.819592628516004 1.5857284440039643 3.5015604679374857 13
stats: {load,"tsung_controller@ip-172-31-15-70"} 1 0.0 0.0 0.0 0.0 0.0 13
stats: session 5 112668.04174804688 11372.721034520056 129461.89184570313 22638.91015625 71428.9076385498 32
stats: users_count 16 185
stats: finish_users_count 5 37
stats: request 565 32.676275580752225 63.31028334710688 1003.218994140625 0.333984375 23.162896689836813 3945
stats: connect 17 2.0351418887867645 2.5456022615241087 122.8349609375 0.692138671875 2.3283987334280303 165
stats: page 509 36.27745982471756 71.11805635577714 1003.218994140625 0.333984375 25.88605733702386 3531
stats: 302 24 285
stats: 200 492 3846
stats: size_rcv 2234127 17809328
stats: newphase 0 2
stats: size_sent 316706 2544074
stats: connected 12 145
stats: 204 49 373
stats: max_repeat 11 114
stats: 400 0 4
stats: 404 0 2
# stats: dump at 1480458450
stats: users 155 155
stats: {freemem,"tsung_controller@ip-172-31-15-70"} 1 3122.4453125 0.0 3160.3203125 3122.4453125 3144.609375 14
stats: {recvpackets,"tsung_controller@ip-172-31-15-70"} 1 1667.0 0.0 1677 124 893.3846153846154 13
stats: {sentpackets,"tsung_controller@ip-172-31-15-70"} 1 1734.0 0.0 1764 130 923.9230769230769 13
stats: {cpu,"tsung_controller@ip-172-31-15-70"} 1 4.729064039408867 0.0 5.819592628516004 1.5857284440039643 3.6671341936930943 14
stats: {load,"tsung_controller@ip-172-31-15-70"} 1 0.0 0.0 0.0 0.0 0.0 14
stats: session 11 97515.80690696022 20192.45956159862 139023.69287109375 22638.91015625 77001.76359929265 37
stats: users_count 18 203
stats: finish_users_count 11 48
stats: request 689 38.05005626927611 56.44349506779981 1003.218994140625 0.333984375 24.35470579701358 4510
stats: connect 18 1.0119493272569444 0.33249700924379816 122.8349609375 0.692138671875 2.301006610576923 182
stats: page 610 42.98470318903687 66.93249465111421 1003.218994140625 0.333984375 27.19527116530012 4040
stats: 302 34 319
stats: 200 596 4442
stats: size_rcv 2874445 20683773
stats: newphase 0 2
stats: size_sent 391861 2935935
stats: connected 7 152
stats: 204 59 432
stats: max_repeat 29 143
stats: 400 0 4
stats: 404 0 2
# stats: dump at 1480458460
stats: users 168 169
stats: {freemem,"tsung_controller@ip-172-31-15-70"} 1 3118.609375 0.0 3160.3203125 3118.609375 3143.131770833333 15
stats: {recvpackets,"tsung_controller@ip-172-31-15-70"} 1 2195.0 0.0 2195 124 948.6428571428571 14
stats: {sentpackets,"tsung_controller@ip-172-31-15-70"} 1 2174.0 0.0 2174 130 981.7857142857143 14
stats: {cpu,"tsung_controller@ip-172-31-15-70"} 1 6.316812439261418 0.0 6.316812439261418 1.5857284440039643 3.7379295167408126 15
stats: {load,"tsung_controller@ip-172-31-15-70"} 1 0.0 0.0 0.0 0.0 0.0 15
stats: session 6 109887.77482096355 35390.12603297207 158359.09301757813 22638.91015625 81702.89852396648 48
stats: users_count 19 222
stats: finish_users_count 6 54
stats: request 794 37.40763981816757 50.155179790690106 1003.218994140625 0.333984375 26.169688769775437 5199
stats: connect 21 1.15673828125 0.9656558982595715 122.8349609375 0.692138671875 2.1849914550781246 200
stats: page 727 40.86089055246301 57.49639583734758 1003.218994140625 0.333984375 29.266573000672036 4650
stats: 302 39 358
stats: 200 672 5114
stats: size_rcv 3481484 24165257
stats: newphase 0 2
stats: size_sent 451488 3387423
stats: connected 16 168
stats: 204 83 515
stats: max_repeat 17 160
stats: 400 0 4
stats: 404 0 2
# stats: dump at 1480458470
stats: users 166 171
stats: {freemem,"tsung_controller@ip-172-31-15-70"} 1 3116.79296875 0.0 3160.3203125 3116.79296875 3141.59912109375 16
stats: {recvpackets,"tsung_controller@ip-172-31-15-70"} 1 2464.0 0.0 2464 124 1031.7333333333333 15
stats: {sentpackets,"tsung_controller@ip-172-31-15-70"} 1 2435.0 0.0 2435 130 1061.2666666666667 15
stats: {cpu,"tsung_controller@ip-172-31-15-70"} 1 6.809338521400778 0.0 6.809338521400778 1.5857284440039643 3.8991096993983505 16
stats: {load,"tsung_controller@ip-172-31-15-70"} 1 0.0 0.0 0.0 0.0 0.0 16
stats: session 13 96133.31552358773 23961.64968451136 158359.09301757813 22638.91015625 84834.55144585503 54
stats: users_count 11 233
stats: finish_users_count 13 67
stats: request 761 51.404541015625 70.40623882206441 1003.218994140625 0.333984375 27.65858133316996 5993
stats: connect 10 1.0321044921875 0.21738682800587442 122.8349609375 0.692138671875 2.087284139917986 221
stats: page 681 57.174327878349864 86.06979774660257 1003.218994140625 0.333984375 30.83418855956213 5377
stats: 302 29 387
stats: 200 655 5769
stats: size_rcv 3285146 27450403
stats: newphase 0 2
stats: size_sent 437338 3824761
stats: connected -4 164
stats: 204 77 592
stats: max_repeat 35 195
stats: 400 0 4
stats: 404 0 2
# stats: dump at 1480458480
stats: users 181 181
stats: {freemem,"tsung_controller@ip-172-31-15-70"} 1 3113.5546875 0.0 3160.3203125 3113.5546875 3140.139935661765 17
stats: {recvpackets,"tsung_controller@ip-172-31-15-70"} 1 2585.0 0.0 2585 124 1121.25 16
stats: {sentpackets,"tsung_controller@ip-172-31-15-70"} 1 2441.0 0.0 2441 130 1147.125 16
stats: {cpu,"tsung_controller@ip-172-31-15-70"} 1 7.135969141755062 0.0 7.135969141755062 1.5857284440039643 4.070299630104376 17
stats: {load,"tsung_controller@ip-172-31-15-70"} 1 0.0 0.0 0.0 0.0 0.0 17
stats: session 10 101382.62895507812 10665.849541383423 158359.09301757813 22638.91015625 87026.84895347481 67
stats: users_count 25 258
stats: finish_users_count 10 77
stats: request 814 40.212748159647504 56.937650136471525 1003.218994140625 0.333984375 30.334132905326946 6754
stats: connect 25 1.81095703125 2.2378268357153206 122.8349609375 0.692138671875 2.0416053672889607 231
stats: page 750 43.9007337239583 66.13883813324134 1003.218994140625 0.333984375 33.79517153679792 6058
stats: 302 47 434
stats: 200 687 6456
stats: size_rcv 3414907 30865310
stats: newphase 0 2
stats: size_sent 460142 4284903
stats: connected 15 179
stats: 204 80 672
stats: max_repeat 19 214
stats: 400 0 4
stats: 404 0 2
# stats: dump at 1480458490
stats: users 225 225
stats: {freemem,"tsung_controller@ip-172-31-15-70"} 1 3111.265625 0.0 3160.3203125 3111.265625 3138.6629774305557 18
stats: {recvpackets,"tsung_controller@ip-172-31-15-70"} 1 2595.0 0.0 2595 124 1207.3529411764705 17
stats: {sentpackets,"tsung_controller@ip-172-31-15-70"} 1 2518.0 0.0 2518 130 1223.235294117647 17
stats: {cpu,"tsung_controller@ip-172-31-15-70"} 1 7.211538461538461 0.0 7.211538461538461 1.5857284440039643 4.240614602973859 18
stats: {load,"tsung_controller@ip-172-31-15-70"} 1 0.0 0.0 0.0 0.0 0.0 18
stats: session 5 100283.28481445313 14885.55072383502 158359.09301757813 22638.91015625 88891.23596667005 77
stats: users_count 49 307
stats: finish_users_count 5 82
stats: request 842 162.41558069514528 136.78412079801592 1003.218994140625 0.333984375 31.396658383262587 7568
stats: connect 46 1.124002207880435 1.1861089177357458 122.8349609375 0.633056640625 2.0190811157226563 256
stats: page 768 177.50216706593847 170.38069840845142 1003.218994140625 0.333984375 34.90844586705207 6808
stats: 302 52 486
stats: 200 720 7176
stats: size_rcv 4346517 35211827
stats: newphase 1 3
stats: size_sent 481673 4766576
stats: connected 41 220
stats: 204 71 743
stats: max_repeat 27 241
stats: 400 0 4
stats: 404 0 2
# stats: dump at 1480458500
stats: users 253 253
stats: {freemem,"tsung_controller@ip-172-31-15-70"} 1 3105.59765625 0.0 3160.3203125 3105.59765625 3137.221011513158 19
stats: {recvpackets,"tsung_controller@ip-172-31-15-70"} 1 3421.0 0.0 3421 124 1284.4444444444443 18
stats: {sentpackets,"tsung_controller@ip-172-31-15-70"} 1 3047.0 0.0 3047 130 1295.1666666666667 18
stats: {cpu,"tsung_controller@ip-172-31-15-70"} 1 8.38150289017341 0.0 8.38150289017341 1.5857284440039643 4.396979016582523 19
stats: {load,"tsung_controller@ip-172-31-15-70"} 1 0.078125 0.0 0.078125 0.0 0.0 19
stats: session 17 99079.79549632352 21450.905761425754 158359.09301757813 22638.91015625 89585.87309153487 82
stats: users_count 45 352
stats: finish_users_count 17 99
stats: request 1015 124.28676132427653 112.24186864562307 1003.218994140625 0.333984375 44.514129558839905 8410
stats: connect 44 1.4853349165482954 1.6042443376917292 122.8349609375 0.633056640625 1.8827445933360927 302
stats: page 949 130.407139093783 129.3728108263868 1003.218994140625 0.333984375 49.363564383517854 7576
stats: 302 61 547
stats: 200 843 8019
stats: size_rcv 4613747 39825574
stats: newphase 0 3
stats: size_sent 579614 5346190
stats: connected 27 247
stats: 204 110 853
stats: max_repeat 16 257
stats: 400 0 4
stats: 404 0 2
# stats: dump at 1480458510
stats: users 271 271
stats: {freemem,"tsung_controller@ip-172-31-15-70"} 1 3101.62109375 0.0 3160.3203125 3101.62109375 3135.63984375 20
stats: {recvpackets,"tsung_controller@ip-172-31-15-70"} 1 3748.0 0.0 3748 124 1396.8947368421052 19
stats: {sentpackets,"tsung_controller@ip-172-31-15-70"} 1 3255.0 0.0 3255 130 1387.3684210526317 19
stats: {cpu,"tsung_controller@ip-172-31-15-70"} 1 8.565928777670837 0.0 8.565928777670837 1.5857284440039643 4.596205210262068 20
stats: {load,"tsung_controller@ip-172-31-15-70"} 1 0.0703125 0.0 0.078125 0.0 0.00390625 20
stats: session 14 111561.40870884487 32990.032406548686 180269.29907226563 22638.91015625 91216.14259538747 99
stats: users_count 32 384
stats: finish_users_count 14 113
stats: request 878 562.4848335283505 131.18628391786896 1003.218994140625 0.333984375 53.10502836434846 9425
stats: connect 35 1.6399204799107143 1.7053995732611906 122.8349609375 0.633056640625 1.8322069465769508 346
stats: page 781 626.3590930347709 263.808760143008 1601.864013671875 0.333984375 58.38530660053153 8525
stats: 302 39 586
stats: 200 774 8793
stats: size_rcv 4413617 44239191
stats: newphase 0 3
stats: size_sent 506217 5852407
stats: connected 21 268
stats: 204 65 918
stats: max_repeat 24 281
stats: 400 0 4
stats: 404 0 2
# stats: dump at 1480458520
stats: users 298 298
stats: {freemem,"tsung_controller@ip-172-31-15-70"} 1 3094.99609375 0.0 3160.3203125 3094.99609375 3134.0199032738096 21
stats: {recvpackets,"tsung_controller@ip-172-31-15-70"} 1 3469.0 0.0 3748 124 1514.45 20
stats: {sentpackets,"tsung_controller@ip-172-31-15-70"} 1 2931.0 0.0 3255 130 1480.75 20
stats: {cpu,"tsung_controller@ip-172-31-15-70"} 1 9.230769230769232 0.0 9.230769230769232 1.5857284440039643 4.785239665852961 21
stats: {load,"tsung_controller@ip-172-31-15-70"} 1 0.05859375 0.0 0.078125 0.0 0.007068452380952381 21
stats: session 9 95210.71234809028 33004.33594374165 180269.29907226563 22638.91015625 93736.7950342229 113
stats: users_count 36 420
stats: finish_users_count 9 122
stats: request 872 747.289628615073 154.6481802589628 1221.947021484375 0.333984375 96.51330449110705 10303
stats: connect 31 1.1531549269153225 0.7655486454590614 122.8349609375 0.633056640625 1.8145428354658792 381
stats: page 777 836.2945039766329 343.86546174575494 2030.708984375 0.333984375 106.0521373769275 9306
stats: 302 39 625
stats: 200 759 9552
stats: size_rcv 4158587 48397778
stats: newphase 0 3
stats: size_sent 495713 6348120
stats: connected 23 291
stats: 204 74 992
stats: max_repeat 28 309
stats: 400 0 4
stats: 404 0 2
# stats: dump at 1480458530
stats: users 318 323
stats: {freemem,"tsung_controller@ip-172-31-15-70"} 1 3087.75 0.0 3160.3203125 3087.75 3132.24609375 22
stats: {recvpackets,"tsung_controller@ip-172-31-15-70"} 1 3483.0 0.0 3748 124 1607.5238095238096 21
stats: {sentpackets,"tsung_controller@ip-172-31-15-70"} 1 2971.0 0.0 3255 130 1549.8095238095239 21
stats: {cpu,"tsung_controller@ip-172-31-15-70"} 1 8.357348703170029 0.0 9.230769230769232 1.5857284440039643 4.987309191530973 22
stats: {load,"tsung_controller@ip-172-31-15-70"} 1 0.05078125 0.0 0.078125 0.0 0.009410511363636364 22
stats: session 17 102834.89912683824 23636.937342888104 180269.29907226563 22638.91015625 93845.52663934426 122
stats: users_count 37 457
stats: finish_users_count 17 139
stats: request 926 941.5330103962776 165.33749627152417 1421.52197265625 0.333984375 147.29424002901294 11175
stats: connect 41 1.1944967130335367 0.9040167566898346 122.8349609375 0.633056640625 1.7647782112788228 412
stats: page 829 1044.9801359648295 384.42602499029186 2388.1669921875 0.333984375 162.3249052880622 10083
stats: 302 53 678
stats: 200 801 10353
stats: size_rcv 4651924 53049702
stats: newphase 0 3
stats: size_sent 520183 6868303
stats: connected 25 316
stats: 204 68 1060
stats: max_repeat 40 349
stats: 400 0 4
stats: 503 4 4
stats: 404 0 2
# stats: dump at 1480458540
stats: users 338 339
stats: {freemem,"tsung_controller@ip-172-31-15-70"} 1 3082.45703125 0.0 3160.3203125 3082.45703125 3130.311480978261 23
stats: {recvpackets,"tsung_controller@ip-172-31-15-70"} 1 3576.0 0.0 3748 124 1692.7727272727273 22
stats: {sentpackets,"tsung_controller@ip-172-31-15-70"} 1 3061.0 0.0 3255 130 1614.409090909091 22
stats: {cpu,"tsung_controller@ip-172-31-15-70"} 1 7.938044530493708 0.0 9.230769230769232 1.5857284440039643 5.133832648558759 23
stats: {load,"tsung_controller@ip-172-31-15-70"} 1 0.0390625 0.0 0.078125 0.0 0.011209239130434782 23
stats: session 19 102098.92856959293 38034.977373316215 180269.29907226563 22638.91015625 94944.94629608814 139
stats: users_count 39 496
stats: finish_users_count 19 158
stats: request 998 976.9233630835893 426.2685433757544 1740.132080078125 0.333984375 208.0714569003531 12101
stats: connect 35 1.131061662946428 0.9246523485231742 122.8349609375 0.633056640625 1.7131633295391833 453
stats: page 889 1093.2704896873247 623.5211421087555 2889.22607421875 0.333984375 229.38146560982176 10912
stats: 302 54 732
stats: 200 734 11087
stats: size_rcv 4742283 57791985
stats: newphase 0 3
stats: size_sent 558831 7427134
stats: connected 14 330
stats: 204 72 1132
stats: max_repeat 34 383
stats: 400 3 7
stats: 503 135 139
stats: 404 0 2
# stats: dump at 1480458550
stats: users 380 380
stats: {freemem,"tsung_controller@ip-172-31-15-70"} 1 3076.64453125 0.0 3160.3203125 3076.64453125 3128.3175455729165 24
stats: {recvpackets,"tsung_controller@ip-172-31-15-70"} 1 3530.0 0.0 3748 124 1774.6521739130435 23
stats: {sentpackets,"tsung_controller@ip-172-31-15-70"} 1 3106.0 0.0 3255 130 1677.304347826087 23
stats: {cpu,"tsung_controller@ip-172-31-15-70"} 1 8.653846153846153 0.0 9.230769230769232 1.5857284440039643 5.250674810306049 24
stats: {load,"tsung_controller@ip-172-31-15-70"} 1 0.0390625 0.0 0.078125 0.0 0.012369791666666666 24
stats: session 18 93794.01264105903 34640.82649275822 180269.29907226563 22638.91015625 95805.2353036615 158
stats: users_count 60 556
stats: finish_users_count 18 176
stats: request 1110 913.6125167159345 513.5882913411245 1740.132080078125 0.333984375 266.6495317435373 13099
stats: connect 57 1.4176046806469298 1.7321226648204067 122.8349609375 0.633056640625 1.6714142345991292 488
stats: page 987 1036.9315006213585 714.1595961056561 2947.303955078125 0.333984375 294.4604709826631 11801
stats: 302 57 789
stats: 200 738 11825
stats: size_rcv 4684989 62476974
stats: newphase 1 4
stats: size_sent 616794 8043928
stats: connected 40 370
stats: 204 65 1197
stats: max_repeat 38 421
stats: 400 1 8
stats: 503 245 384
stats: 404 0 2
stats: 500 5 5
# stats: dump at 1480458560
stats: users 423 423
stats: {freemem,"tsung_controller@ip-172-31-15-70"} 1 3070.359375 0.0 3160.3203125 3070.359375 3126.250625 25
stats: {recvpackets,"tsung_controller@ip-172-31-15-70"} 1 3.7e3 0.0 3748 124 1847.7916666666667 24
stats: {sentpackets,"tsung_controller@ip-172-31-15-70"} 1 3507.0 0.0 3507 130 1736.8333333333333 24
stats: {cpu,"tsung_controller@ip-172-31-15-70"} 1 9.971236816874402 0.0 9.971236816874402 1.5857284440039643 5.3868016640476535 25
stats: {load,"tsung_controller@ip-172-31-15-70"} 1 0.03125 0.0 0.078125 0.0 0.0134375 25
stats: session 20 90127.62774658205 32474.510020192447 180269.29907226563 22638.91015625 95599.54207680443 176
stats: users_count 63 619
stats: finish_users_count 20 196
stats: request 1271 803.4810450063928 648.0573703231702 1754.4658203125 0.333984375 317.1899577636204 14209
stats: connect 67 1.5113361415578361 1.9185952155003054 122.8349609375 0.633056640625 1.644869015194954 545
stats: page 1114 904.5038422562274 837.0650606146581 3012.734130859375 0.333984375 351.7656716593438 12788
stats: 302 76 865
stats: 200 651 12476
stats: size_rcv 3939259 66416233
stats: newphase 0 4
stats: size_sent 700737 8744665
stats: connected 47 417
stats: 204 41 1238
stats: max_repeat 42 463
stats: 400 1 9
stats: 503 488 872
stats: 404 2 4
stats: 500 11 16
# stats: dump at 1480458570
stats: users 441 441
stats: {freemem,"tsung_controller@ip-172-31-15-70"} 1 3065.765625 0.0 3160.3203125 3065.765625 3124.1009615384614 26
stats: {recvpackets,"tsung_controller@ip-172-31-15-70"} 1 3762.0 0.0 3762 124 1921.88 25
stats: {sentpackets,"tsung_controller@ip-172-31-15-70"} 1 3546.0 0.0 3546 130 1807.64 25
stats: {cpu,"tsung_controller@ip-172-31-15-70"} 1 9.68054211035818 0.0 9.971236816874402 1.5857284440039643 5.563126093002529 26
stats: {load,"tsung_controller@ip-172-31-15-70"} 1 0.03125 0.0 0.078125 0.0 0.014122596153846154 26
stats: session 30 90365.41890462239 41422.60769821923 180269.29907226563 22638.91015625 95041.18347167969 196
stats: users_count 48 667
stats: finish_users_count 30 226
stats: request 1485 705.2118879221906 653.2040805569756 1754.4658203125 0.333984375 357.1173461283209 15480
stats: connect 50 1.1050634765625 1.2300144120763774 122.8349609375 0.633056640625 1.6302502202052696 612
stats: page 1284 813.0979256793347 830.4641321766643 3072.072021484375 0.333984375 396.05788299907397 13902
stats: 302 62 927
stats: 200 663 13139
stats: size_rcv 4196694 70612927
stats: newphase 0 4
stats: size_sent 815503 9560168
stats: connected 18 435
stats: 204 60 1298
stats: max_repeat 45 508
stats: 400 4 13
stats: 503 673 1545
stats: 404 5 9
stats: 500 18 34
# stats: dump at 1480458580
stats: users 477 477
stats: {freemem,"tsung_controller@ip-172-31-15-70"} 1 3064.26953125 0.0 3160.3203125 3064.26953125 3121.9403935185187 27
stats: {recvpackets,"tsung_controller@ip-172-31-15-70"} 1 4232.0 0.0 4232 124 1992.6538461538462 26
stats: {sentpackets,"tsung_controller@ip-172-31-15-70"} 1 4175.0 0.0 4175 130 1874.5 26
stats: {cpu,"tsung_controller@ip-172-31-15-70"} 1 9.922178988326849 0.0 9.971236816874402 1.5857284440039643 5.71562298253422 27
stats: {load,"tsung_controller@ip-172-31-15-70"} 1 0.01953125 0.0 0.078125 0.0 0.014756944444444444 27
stats: session 30 102214.04794108073 41436.10216783412 180269.29907226563 22638.91015625 94420.50675923846 226
stats: users_count 66 733
stats: finish_users_count 30 256
stats: request 1545 693.9004503564939 653.0102199281557 1768.285888671875 0.333984375 387.5871601314978 16965
stats: connect 57 0.9291692365679824 0.344566149230151 122.8349609375 0.633056640625 1.590583547724698 662
stats: page 1332 817.0184683584948 866.170432344266 3079.9638671875 0.333984375 431.319269460384 15186
stats: 302 63 990
stats: 200 676 13815
stats: size_rcv 3974130 74587057
stats: newphase 0 4
stats: size_sent 840839 10401007
stats: connected 27 462
stats: 204 48 1346
stats: max_repeat 68 576
stats: 400 2 15
stats: 503 712 2257
stats: 404 11 20
stats: 500 33 67
# stats: dump at 1480458590
stats: users 502 502
stats: {freemem,"tsung_controller@ip-172-31-15-70"} 1 3057.83203125 0.0 3160.3203125 3057.83203125 3119.8807198660716 28
stats: {recvpackets,"tsung_controller@ip-172-31-15-70"} 1 4259.0 0.0 4259 124 2075.5925925925926 27
stats: {sentpackets,"tsung_controller@ip-172-31-15-70"} 1 4088.0 0.0 4175 130 1959.7037037037037 27
stats: {cpu,"tsung_controller@ip-172-31-15-70"} 1 11.516314779270633 0.0 11.516314779270633 1.5857284440039643 5.865857125598241 28
stats: {load,"tsung_controller@ip-172-31-15-70"} 1 0.1015625 0.0 0.1015625 0.0 0.014927455357142858 28
stats: session 35 93130.03125 45704.668064574085 201814.56005859375 22638.91015625 95333.8123664856 256
stats: users_count 60 793
stats: finish_users_count 35 291
stats: request 1606 648.4173539899201 559.4764446433397 1768.285888671875 0.324951171875 413.15463897523733 18510
stats: connect 67 1.369257229477612 2.3731207126163545 122.8349609375 0.633056640625 1.538148755324235 719
stats: page 1421 730.173479868106 693.2702259901981 3079.9638671875 0.324951171875 462.42178386480845 16518
stats: 302 59 1049
stats: 200 759 14574
stats: size_rcv 4030464 78617521
stats: newphase 0 4
stats: size_sent 852332 11253339
stats: connected 34 496
stats: 204 60 1406
stats: max_repeat 63 639
stats: 400 1 16
stats: 503 668 2925
stats: 404 17 37
stats: 500 42 109
# stats: dump at 1480458600
stats: users 525 529
stats: {freemem,"tsung_controller@ip-172-31-15-70"} 1 3054.6171875 0.0 3160.3203125 3054.6171875 3117.741109913793 29
stats: {recvpackets,"tsung_controller@ip-172-31-15-70"} 1 4566.0 0.0 4566 124 2153.5714285714284 28
stats: {sentpackets,"tsung_controller@ip-172-31-15-70"} 1 4503.0 0.0 4503 130 2035.7142857142858 28
stats: {cpu,"tsung_controller@ip-172-31-15-70"} 1 11.719500480307397 0.0 11.719500480307397 1.5857284440039643 6.060700492966255 29
stats: {load,"tsung_controller@ip-172-31-15-70"} 1 0.078125 0.0 0.1015625 0.0 0.017914870689655173 29
stats: session 36 100401.04419623481 43640.64598787794 201814.56005859375 22638.91015625 95068.75278202856 291
stats: users_count 59 852
stats: finish_users_count 36 327
stats: request 1571 667.0911547431962 610.4868480435463 1768.285888671875 0.324951171875 431.9372955825937 20116
stats: connect 58 1.2379529229525863 1.346537932563589 122.8349609375 0.6328125 1.5237521494314568 786
stats: page 1386 759.0711846069512 758.6297085341695 3079.9638671875 0.324951171875 483.63116900448654 17939
stats: 302 66 1115
stats: 200 673 15247
stats: size_rcv 4455912 83073433
stats: newphase 0 4
stats: size_sent 836380 12089719
stats: connected 21 517
stats: 204 56 1462
stats: max_repeat 56 695
stats: 400 0 16
stats: 503 697 3622
stats: 404 21 58
stats: 500 58 167
# stats: dump at 1480458610
stats: users 605 606
stats: {freemem,"tsung_controller@ip-172-31-15-70"} 1 3052.75390625 0.0 3160.3203125 3052.75390625 3115.6369791666666 30
stats: {recvpackets,"tsung_controller@ip-172-31-15-70"} 1 4586.0 0.0 4586 124 2236.7586206896553 29
stats: {sentpackets,"tsung_controller@ip-172-31-15-70"} 1 4516.0 0.0 4516 130 2120.793103448276 29
stats: {cpu,"tsung_controller@ip-172-31-15-70"} 1 11.47695202257761 0.0 11.719500480307397 1.5857284440039643 6.24932715921096 30
stats: {load,"tsung_controller@ip-172-31-15-70"} 1 0.140625 0.0 0.140625 0.0 0.019921875 30
stats: session 31 83102.00797788559 33062.83324700611 201814.56005859375 22638.91015625 95655.79403863843 327
stats: users_count 111 963
stats: finish_users_count 31 358
stats: request 1818 567.6218273804919 625.4131499970823 1768.285888671875 0.324951171875 448.9717730456502 21687
stats: connect 103 2.714199029126214 10.683864747967908 122.8349609375 0.615966796875 1.5041119182279326 844
stats: page 1620 627.1626035337102 747.348717091757 3079.9638671875 0.324951171875 503.3858837069453 19325
stats: 302 68 1183
stats: 200 639 15886
stats: size_rcv 4053826 87127259
stats: newphase 1 5
stats: size_sent 936936 13026655
stats: connected 72 589
stats: 204 48 1510
stats: max_repeat 73 768
stats: 400 4 20
stats: 503 986 4608
stats: 404 19 77
stats: 500 54 221
# stats: dump at 1480458620
stats: users 651 653
stats: {freemem,"tsung_controller@ip-172-31-15-70"} 1 3051.5390625 0.0 3160.3203125 3051.5390625 3113.6084929435483 31
stats: {recvpackets,"tsung_controller@ip-172-31-15-70"} 1 4911.0 0.0 4911 124 2315.0666666666666 30
stats: {sentpackets,"tsung_controller@ip-172-31-15-70"} 1 5095.0 0.0 5095 130 2200.633333333333 30
stats: {cpu,"tsung_controller@ip-172-31-15-70"} 1 11.844660194174757 0.0 11.844660194174757 1.5857284440039643 6.4179602193195615 31
stats: {load,"tsung_controller@ip-172-31-15-70"} 1 0.12109375 0.0 0.140625 0.0 0.023815524193548387 31
stats: session 62 82604.61271027598 47005.71197807048 248476.18798828125 16687.1220703125 94568.73435181346 358
stats: users_count 108 1071
stats: finish_users_count 62 420
stats: request 2085 510.56503660352877 600.2754190229547 1938.169921875 0.324951171875 458.1487906495958 23505
stats: connect 105 1.083377511160714 0.9064867428356621 122.8349609375 0.615966796875 1.6357264614407339 947
stats: page 1874 571.5759661663313 734.2797576809809 3338.174072265625 0.324951171875 512.9594471406698 20945
stats: 302 93 1276
stats: 200 656 16542
stats: size_rcv 3830994 90958253
stats: newphase 0 5
stats: size_sent 1046009 14072664
stats: connected 45 634
stats: 204 52 1562
stats: max_repeat 85 853
stats: 400 10 30
stats: 503 1164 5772
stats: 404 22 99
stats: 500 88 309
# stats: dump at 1480458630
stats: users 709 709
stats: {freemem,"tsung_controller@ip-172-31-15-70"} 1 3049.69140625 0.0 3160.3203125 3049.69140625 3111.6688232421875 32
stats: {recvpackets,"tsung_controller@ip-172-31-15-70"} 1 5069.0 0.0 5069 124 2398.8064516129034 31
stats: {sentpackets,"tsung_controller@ip-172-31-15-70"} 1 5411.0 0.0 5411 130 2294.0 31
stats: {cpu,"tsung_controller@ip-172-31-15-70"} 1 13.746369796708615 0.0 13.746369796708615 1.5857284440039643 6.587544593533787 32
stats: {load,"tsung_controller@ip-172-31-15-70"} 1 0.1015625 0.0 0.140625 0.0 0.02685546875 32
stats: session 44 89529.66648171165 35631.57392083501 248476.18798828125 16687.1220703125 92802.60210949126 420
stats: users_count 102 1173
stats: finish_users_count 44 464
stats: request 2134 492.3659805254943 592.0486425978326 1938.169921875 0.324951171875 462.41951643365013 25590
stats: connect 98 1.0231086575255097 0.7985927619757835 122.8349609375 0.615966796875 1.580596575718869 1052
stats: page 1844 569.851145183705 736.678517606788 3338.174072265625 0.324951171875 517.7733021147742 22819
stats: 302 90 1366
stats: 200 626 17168
stats: size_rcv 3496104 94454357
stats: newphase 0 5
stats: size_sent 1081724 15154388
stats: connected 51 685
stats: 204 45 1607
stats: max_repeat 74 927
stats: 400 3 33
stats: 503 1247 7019
stats: 404 26 125
stats: 500 97 406
# stats: dump at 1480458640
stats: users 739 741
stats: {freemem,"tsung_controller@ip-172-31-15-70"} 1 3048.1953125 0.0 3160.3203125 3048.1953125 3109.7907196969695 33
stats: {recvpackets,"tsung_controller@ip-172-31-15-70"} 1 5223.0 0.0 5223 124 2482.25 32
stats: {sentpackets,"tsung_controller@ip-172-31-15-70"} 1 5850.0 0.0 5850 130 2391.40625 32
stats: {cpu,"tsung_controller@ip-172-31-15-70"} 1 13.996138996138995 0.0 13.996138996138995 1.5857284440039643 6.804478690599691 33
stats: {load,"tsung_controller@ip-172-31-15-70"} 1 0.08984375 0.0 0.140625 0.0 0.02911931818181818 33
stats: session 65 86973.71653019829 37641.90507388202 248476.18798828125 16687.1220703125 92492.23752409837 464
stats: users_count 95 1268
stats: finish_users_count 65 529
stats: request 2332 460.4901385822591 604.744464944823 1938.169921875 0.324951171875 464.7245862061215 27724
stats: connect 107 1.2628687207943927 1.236888284546514 122.8349609375 0.56494140625 1.533088909646739 1150
stats: page 2005 534.4056184002887 753.7265490001664 3338.174072265625 0.324951171875 521.6670515620883 24663
stats: 302 83 1449
stats: 200 650 17818
stats: size_rcv 3673737 98128094
stats: newphase 0 5
stats: size_sent 1169758 16324146
stats: connected 43 728
stats: 204 33 1640
stats: max_repeat 107 1034
stats: 400 3 36
stats: 503 1459 8478
stats: 404 19 144
stats: 500 85 491
# stats: dump at 1480458650
stats: users 763 764
stats: {freemem,"tsung_controller@ip-172-31-15-70"} 1 3043.69921875 0.0 3160.3203125 3043.69921875 3107.9790900735293 34
stats: {recvpackets,"tsung_controller@ip-172-31-15-70"} 1 5244.0 0.0 5244 124 2565.3030303030305 33
stats: {sentpackets,"tsung_controller@ip-172-31-15-70"} 1 5892.0 0.0 5892 130 2496.212121212121 33
stats: {cpu,"tsung_controller@ip-172-31-15-70"} 1 13.82667964946446 0.0 13.996138996138995 1.5857284440039643 7.0159981113508465 34
stats: {load,"tsung_controller@ip-172-31-15-70"} 1 0.23046875 0.0 0.23046875 0.0 0.030905330882352942 34
stats: session 76 87796.87928852282 44593.31183860312 248476.18798828125 16687.1220703125 91814.15838496131 529
stats: users_count 100 1368
stats: finish_users_count 76 605
stats: request 2407 436.65273780331466 590.8726150647954 1938.169921875 0.324951171875 464.3960417604585 30056
stats: connect 96 0.9814834594726563 0.7706794590514917 122.8349609375 0.56494140625 1.5100868728868337 1257
stats: page 2057 513.5820192625414 746.1337059145771 3338.174072265625 0.324951171875 522.6247846695801 26668
stats: 302 96 1545
stats: 200 617 18435
stats: size_rcv 3655041 101783135
stats: newphase 0 5
stats: size_sent 1226837 17550983
stats: connected 21 749
stats: 204 38 1678
stats: max_repeat 120 1154
stats: 400 6 42
stats: 503 1539 10017
stats: 404 18 162
stats: 500 93 584
# stats: dump at 1480458660
stats: users 764 773
stats: {freemem,"tsung_controller@ip-172-31-15-70"} 1 3041.80859375 0.0 3160.3203125 3041.80859375 3106.1425223214287 35
stats: {recvpackets,"tsung_controller@ip-172-31-15-70"} 1 5403.0 0.0 5403 124 2644.0882352941176 34
stats: {sentpackets,"tsung_controller@ip-172-31-15-70"} 1 5998.0 0.0 5998 130 2596.0882352941176 34
stats: {cpu,"tsung_controller@ip-172-31-15-70"} 1 13.45595353339787 0.0 13.996138996138995 1.5857284440039643 7.210589012439807 35
stats: {load,"tsung_controller@ip-172-31-15-70"} 1 0.26953125 0.0 0.26953125 0.0 0.03660714285714286 35
stats: session 82 83162.86265601181 45853.74225969349 248476.18798828125 16687.1220703125 91309.50844887977 605
stats: users_count 83 1451
stats: finish_users_count 82 687
stats: request 2462 435.41435473494005 568.1003040595351 1938.169921875 0.324951171875 462.33898811092376 32463
stats: connect 84 1.356962658110119 1.436872906964719 122.8349609375 0.56494140625 1.472580643997136 1353
stats: page 2152 499.5120873433507 698.1438403213299 3338.174072265625 0.324951171875 521.977231373069 28725
stats: 302 86 1631
stats: 200 658 19093
stats: size_rcv 3964434 105747569
stats: newphase 0 5
stats: size_sent 1241457 18792440
stats: connected 0 749
stats: 204 29 1707
stats: max_repeat 139 1293
stats: 400 8 50
stats: 503 1525 11542
stats: 404 17 179
stats: 500 139 723
# stats: dump at 1480458670
stats: users 813 816
stats: {freemem,"tsung_controller@ip-172-31-15-70"} 1 3040.85546875 0.0 3160.3203125 3040.85546875 3104.35546875 36
stats: {recvpackets,"tsung_controller@ip-172-31-15-70"} 1 5904.0 0.0 5904 124 2722.9142857142856 35
stats: {sentpackets,"tsung_controller@ip-172-31-15-70"} 1 6407.0 0.0 6407 130 2693.285714285714 35
stats: {cpu,"tsung_controller@ip-172-31-15-70"} 1 14.829268292682926 0.0 14.829268292682926 1.5857284440039643 7.3840713602441985 36
stats: {load,"tsung_controller@ip-172-31-15-70"} 1 0.23046875 0.0 0.26953125 0.0 0.04307725694444445 36
stats: session 99 84380.98368450128 41192.5662546807 248476.18798828125 16687.1220703125 90337.12860169612 687
stats: users_count 148 1599
stats: finish_users_count 99 786
stats: request 2572 406.72241011600266 581.4709174396957 1938.169921875 0.324951171875 460.4409652799525 34925
stats: connect 144 1.2110375298394098 1.320756231795946 122.8349609375 0.56494140625 1.4658221813565588 1437
stats: page 2266 456.1873250289607 701.8167191913025 3338.174072265625 0.324951171875 520.4115031626874 30877
stats: 302 88 1719
stats: 200 620 19713
stats: size_rcv 3867985 109615554
stats: newphase 1 6
stats: size_sent 1230037 20022477
stats: connected 46 795
stats: 204 36 1743
stats: max_repeat 119 1412
stats: 400 10 60
stats: 503 1709 13251
stats: 404 18 197
stats: 500 92 815
# stats: dump at 1480458680
stats: users 867 868
stats: {freemem,"tsung_controller@ip-172-31-15-70"} 1 3040.47265625 0.0 3160.3203125 3040.47265625 3102.6392525337837 37
stats: {recvpackets,"tsung_controller@ip-172-31-15-70"} 1 5949.0 0.0 5949 124 2811.277777777778 36
stats: {sentpackets,"tsung_controller@ip-172-31-15-70"} 1 6829.0 0.0 6829 130 2796.4444444444443 36
stats: {cpu,"tsung_controller@ip-172-31-15-70"} 1 16.588124410933084 0.0 16.588124410933084 1.5857284440039643 7.585292898958758 37
stats: {load,"tsung_controller@ip-172-31-15-70"} 1 0.19921875 0.0 0.26953125 0.0 0.04814189189189189 37
stats: session 99 77483.80401672983 38032.0787596802 248476.18798828125 16687.1220703125 89586.92714266013 786
stats: users_count 153 1752
stats: finish_users_count 99 885
stats: request 2851 370.44906700773885 567.0682856747045 1938.169921875 0.324951171875 456.7562938693949 37497
stats: connect 157 1.2176505896695862 1.477518510452721 122.8349609375 0.56494140625 1.442615989188014 1581
stats: page 2486 426.07002534505693 692.9991599294356 3338.174072265625 0.324951171875 516.0204707380117 33143
stats: 302 90 1809
stats: 200 585 20298
stats: size_rcv 3890012 113505566
stats: newphase 0 6
stats: size_sent 1351240 21373717
stats: connected 58 853
stats: 204 36 1779
stats: max_repeat 126 1538
stats: 400 7 67
stats: 503 1981 15232
stats: 404 23 220
stats: 500 129 944
# stats: dump at 1480458690
stats: users 922 923
stats: {freemem,"tsung_controller@ip-172-31-15-70"} 1 3039.1015625 0.0 3160.3203125 3039.1015625 3101.003289473684 38
stats: {recvpackets,"tsung_controller@ip-172-31-15-70"} 1 5830.0 0.0 5949 124 2896.0810810810813 37
stats: {sentpackets,"tsung_controller@ip-172-31-15-70"} 1 7116.0 0.0 7116 130 2905.4324324324325 37
stats: {cpu,"tsung_controller@ip-172-31-15-70"} 1 16.097560975609756 0.0 16.588124410933084 1.5857284440039643 7.822209517694924 38
stats: {load,"tsung_controller@ip-172-31-15-70"} 1 0.171875 0.0 0.26953125 0.0 0.05211759868421053 38
stats: session 92 81264.69785740068 43359.25221490819 248476.18798828125 16687.1220703125 88233.01845399673 885
stats: users_count 147 1899
stats: finish_users_count 92 977
stats: request 3023 353.2051126099644 585.5307257937516 1938.169921875 0.324951171875 450.65780314414 40348
stats: connect 143 1.1501020951704546 1.1904364054680927 122.8349609375 0.56494140625 1.4222940284720225 1738
stats: page 2603 411.44019736466976 718.6838755032003 3364.544189453125 0.324951171875 509.74421243026 35629
stats: 302 103 1912
stats: 200 526 20824
stats: size_rcv 3760727 117266293
stats: newphase 0 6
stats: size_sent 1428855 22802572
stats: connected 51 904
stats: 204 24 1803
stats: max_repeat 167 1705
stats: 400 11 78
stats: 503 2191 17423
stats: 404 26 246
stats: 500 141 1085
# stats: dump at 1480458700
stats: users 968 975
stats: {freemem,"tsung_controller@ip-172-31-15-70"} 1 3036.734375 0.0 3160.3203125 3036.734375 3099.4160657051284 39
stats: {recvpackets,"tsung_controller@ip-172-31-15-70"} 1 6580.0 0.0 6580 124 2973.2894736842104 38
stats: {sentpackets,"tsung_controller@ip-172-31-15-70"} 1 7817.0 0.0 7817 130 3016.2368421052633 38
stats: {cpu,"tsung_controller@ip-172-31-15-70"} 1 17.943743937924346 0.0 17.943743937924346 1.5857284440039643 8.034398016615818 39
stats: {load,"tsung_controller@ip-172-31-15-70"} 1 0.140625 0.0 0.26953125 0.0 0.05518830128205128 39
stats: session 111 73224.67124155407 34973.46110756374 248476.18798828125 14105.47900390625 87576.84087478809 977
stats: users_count 157 2056
stats: finish_users_count 111 1088
stats: request 2989 389.19101843478126 590.0859339862112 3066.558837890625 0.324951171875 443.8652578146615 43371
stats: connect 228 0.9353573447779605 0.9311011741972326 122.8349609375 0.530029296875 1.401601074478336 1881
stats: page 2609 450.30152574322074 718.3298141379375 3730.989013671875 0.324951171875 503.05124969705923 38232
stats: 302 100 2012
stats: 200 598 21422
stats: size_rcv 4060876 121327169
stats: newphase 0 6
stats: size_sent 1420134 24222706
stats: connected 34 938
stats: 204 28 1831
stats: max_repeat 157 1862
stats: 400 14 92
stats: 503 1986 19409
stats: 404 14 260
stats: 500 249 1334
# stats: dump at 1480458710
stats: users 1008 1012
stats: {freemem,"tsung_controller@ip-172-31-15-70"} 1 3036.1328125 0.0 3160.3203125 3036.1328125 3097.8490234375004 40
stats: {recvpackets,"tsung_controller@ip-172-31-15-70"} 1 6295.0 0.0 6580 124 3065.769230769231 39
stats: {sentpackets,"tsung_controller@ip-172-31-15-70"} 1 7260.0 0.0 7817 130 3139.3333333333335 39
stats: {cpu,"tsung_controller@ip-172-31-15-70"} 1 16.30859375 0.0 17.943743937924346 1.5857284440039643 8.282131664648531 40
stats: {load,"tsung_controller@ip-172-31-15-70"} 1 0.19140625 0.0 0.26953125 0.0 0.05732421875 40
stats: session 116 79974.91394253432 39845.6824878107 248476.18798828125 14105.47900390625 86112.60298022103 1088
stats: users_count 156 2212
stats: finish_users_count 116 1204
stats: request 2813 528.5588060386491 822.734465831588 4753.626953125 0.324951171875 440.3402081704324 46360
stats: connect 195 1.2544558794070522 1.6024799426618952 122.8349609375 0.530029296875 1.3511963469431603 2109
stats: page 2448 601.3420098996631 929.5293016697879 4753.626953125 0.324951171875 499.68149798197965 40841
stats: 302 88 2100
stats: 200 575 21997
stats: size_rcv 3912837 125240006
stats: newphase 0 6
stats: size_sent 1322506 25545212
stats: connected 45 983
stats: 204 27 1858
stats: max_repeat 158 2020
stats: 400 6 98
stats: 503 1878 21287
stats: 404 25 285
stats: 500 214 1548
# stats: dump at 1480458720
stats: users 1032 1034
stats: {freemem,"tsung_controller@ip-172-31-15-70"} 1 3035.0546875 0.0 3160.3203125 3035.0546875 3096.3437500000005 41
stats: {recvpackets,"tsung_controller@ip-172-31-15-70"} 1 6497.0 0.0 6580 124 3146.5 40
stats: {sentpackets,"tsung_controller@ip-172-31-15-70"} 1 7245.0 0.0 7817 130 3242.35 40
stats: {cpu,"tsung_controller@ip-172-31-15-70"} 1 17.101449275362317 0.0 17.943743937924346 1.5857284440039643 8.477899032583933 41
stats: {load,"tsung_controller@ip-172-31-15-70"} 1 0.23828125 0.0 0.26953125 0.0 0.06059451219512195 41
stats: session 120 79448.59316609702 34678.56592548423 248476.18798828125 14105.47900390625 85521.2641692811 1204
stats: users_count 144 2356
stats: finish_users_count 120 1324
stats: request 2838 659.6276778905952 1255.2869653655177 7181.05419921875 0.324951171875 445.38685807593527 49173
stats: connect 172 1.4062343863553777 3.2571045749719603 122.8349609375 0.530029296875 1.3430086771647136 2304
stats: page 2492 752.0904864315818 1377.1347151326986 9671.8359375 0.324951171875 505.4304164872463 43289
stats: 302 87 2187
stats: 200 590 22587
stats: size_rcv 4028754 129268760
stats: newphase 0 6
stats: size_sent 1295204 26840416
stats: connected 20 1003
stats: 204 22 1880
stats: max_repeat 158 2178
stats: 400 11 109
stats: 503 1874 23161
stats: 404 11 296
stats: 500 243 1791
# stats: dump at 1480458730
stats: users 928 1036
stats: {freemem,"tsung_controller@ip-172-31-15-70"} 1 3034.2734375 0.0 3160.3203125 3034.2734375 3094.884486607143 42
stats: {recvpackets,"tsung_controller@ip-172-31-15-70"} 1 6124.0 0.0 6580 124 3228.2195121951218 41
stats: {sentpackets,"tsung_controller@ip-172-31-15-70"} 1 6963.0 0.0 7817 130 3339.9756097560976 41
stats: {cpu,"tsung_controller@ip-172-31-15-70"} 1 17.004830917874397 0.0 17.943743937924346 1.5857284440039643 8.68322165741199 42
stats: {load,"tsung_controller@ip-172-31-15-70"} 1 0.19921875 0.0 0.26953125 0.0 0.06482514880952381 42
stats: session 122 72659.58061843627 32586.9096490373 248476.18798828125 14105.47900390625 84970.87102699856 1324
stats: users_count 18 2374
stats: finish_users_count 122 1446
stats: request 2880 703.5680211385074 1484.745321751189 8537.682861328125 0.324951171875 457.07698990639426 52011
stats: connect 69 1.1868454200634058 1.00788813838932 122.8349609375 0.530029296875 1.3474007700487176 2476
stats: page 2512 810.7713900037643 1605.858440737861 9671.8359375 0.324951171875 518.8568793059109 45781
stats: 302 102 2289
stats: 200 598 23185
stats: size_rcv 4039326 133308086
stats: newphase 0 6
stats: size_sent 1289941 28130357
stats: connected -87 916
stats: 204 25 1905
stats: max_repeat 161 2339
stats: 400 10 119
stats: 503 1901 25062
stats: 404 15 311
stats: 500 229 2020
# stats: dump at 1480458740
stats: users 823 1036
stats: {freemem,"tsung_controller@ip-172-31-15-70"} 1 3033.48828125 0.0 3160.3203125 3033.48828125 3093.4749273255816 43
stats: {recvpackets,"tsung_controller@ip-172-31-15-70"} 1 5463.0 0.0 6580 124 3297.1666666666665 42
stats: {sentpackets,"tsung_controller@ip-172-31-15-70"} 1 6342.0 0.0 7817 130 3426.2380952380954 42
stats: {cpu,"tsung_controller@ip-172-31-15-70"} 1 14.577259475218659 0.0 17.943743937924346 1.5857284440039643 8.87674745416693 43
stats: {load,"tsung_controller@ip-172-31-15-70"} 1 0.171875 0.0 0.26953125 0.0 0.06795058139534883 43
stats: session 105 73252.86364397324 35561.09321717267 248476.18798828125 14105.47900390625 83932.1591114767 1446
stats: users_count 0 2374
stats: finish_users_count 105 1551
stats: request 2533 461.65669394461827 726.6156003392698 8668.097900390625 0.324951171875 470.00978708532136 54891
stats: connect 13 1.76171875 2.273194798485736 122.8349609375 0.530029296875 1.343047795923379 2545
stats: page 2167 535.5077337485935 863.8879483732123 9671.8359375 0.324951171875 534.0410519784102 48293
stats: 302 82 2371
stats: 200 562 23747
stats: size_rcv 3772700 137080786
stats: newphase 0 6
stats: size_sent 1189329 29319686
stats: connected -95 821
stats: 204 27 1932
stats: max_repeat 169 2508
stats: 400 6 125
stats: 503 1640 26702
stats: 404 15 326
stats: 500 201 2221
# stats: dump at 1480458750
stats: users 715 1036
stats: {freemem,"tsung_controller@ip-172-31-15-70"} 1 3035.04296875 0.0 3160.3203125 3033.48828125 3092.1115944602275 44
stats: {recvpackets,"tsung_controller@ip-172-31-15-70"} 1 5283.0 0.0 6580 124 3347.5348837209303 43
stats: {sentpackets,"tsung_controller@ip-172-31-15-70"} 1 5647.0 0.0 7817 130 3494.046511627907 43
stats: {cpu,"tsung_controller@ip-172-31-15-70"} 1 12.95387634936212 0.0 17.943743937924346 1.5857284440039643 9.00630454555447 44
stats: {load,"tsung_controller@ip-172-31-15-70"} 1 0.1484375 0.0 0.26953125 0.0 0.0703125 44
stats: session 108 75557.54425953054 31271.2475380969 248476.18798828125 14105.47900390625 83209.18939897646 1551
stats: users_count 0 2374
stats: finish_users_count 108 1659
stats: request 1949 512.6823165525589 523.3969395104713 8668.097900390625 0.324951171875 469.641328167005 57424
stats: connect 0 0 0 122.8349609375 0.530029296875 1.3451755216477714 2558
stats: page 1726 584.091494316022 651.574217251584 9671.8359375 0.324951171875 534.1040384904195 50460
stats: 302 52 2423
stats: 200 650 24397
stats: size_rcv 3907047 140987833
stats: newphase 0 6
stats: size_sent 949236 30268922
stats: connected -107 714
stats: 204 31 1963
stats: max_repeat 158 2666
stats: 400 5 130
stats: 503 965 27667
stats: 404 20 346
stats: 500 226 2447
# stats: dump at 1480458760
stats: users 595 1036
stats: {freemem,"tsung_controller@ip-172-31-15-70"} 1 3035.71484375 0.0 3160.3203125 3033.48828125 3090.8434027777776 45
stats: {recvpackets,"tsung_controller@ip-172-31-15-70"} 1 5361.0 0.0 6580 124 3391.5227272727275 44
stats: {sentpackets,"tsung_controller@ip-172-31-15-70"} 1 5180.0 0.0 7817 130 3542.9772727272725 44
stats: {cpu,"tsung_controller@ip-172-31-15-70"} 1 12.560856864654331 0.0 17.943743937924346 1.5857284440039643 9.094028363416863 45
stats: {load,"tsung_controller@ip-172-31-15-70"} 1 0.19921875 0.0 0.26953125 0.0 0.0720486111111111 45
stats: session 120 80180.57623494469 31019.528242924735 248476.18798828125 14105.47900390625 82711.07145138143 1659
stats: users_count 0 2374
stats: finish_users_count 120 1779
stats: request 1738 594.5352762132288 350.7992682371923 8668.097900390625 0.324951171875 471.0542075290626 59373
stats: connect 1 1.5361328125 0.0 122.8349609375 0.530029296875 1.3451755216477714 2558
stats: page 1617 642.2713900101932 438.4235160064644 9671.8359375 0.324951171875 535.757323830453 52186
stats: 302 54 2477
stats: 200 917 25314
stats: size_rcv 4732673 145720506
stats: newphase 0 6
stats: size_sent 822958 31091880
stats: connected -113 601
stats: 204 63 2026
stats: max_repeat 141 2807
stats: 400 5 135
stats: 503 395 28062
stats: 404 36 382
stats: 500 268 2715
# stats: dump at 1480458770
stats: users 493 1036
stats: {freemem,"tsung_controller@ip-172-31-15-70"} 1 3031.12109375 0.0 3160.3203125 3031.12109375 3089.6449558423915 46
stats: {recvpackets,"tsung_controller@ip-172-31-15-70"} 1 4998.0 0.0 6580 124 3435.288888888889 45
stats: {sentpackets,"tsung_controller@ip-172-31-15-70"} 1 4669.0 0.0 7817 130 3579.3555555555554 45
stats: {cpu,"tsung_controller@ip-172-31-15-70"} 1 13.085004775549189 0.0 17.943743937924346 1.5857284440039643 9.169394200400285 46
stats: {load,"tsung_controller@ip-172-31-15-70"} 1 0.171875 0.0 0.26953125 0.0 0.07481317934782608 46
stats: session 102 87150.58532954195 27593.07632976964 248476.18798828125 14105.47900390625 82540.38037438739 1779
stats: users_count 0 2374
stats: finish_users_count 102 1881
stats: request 1538 415.443941947232 232.7837876584516 8668.097900390625 0.324951171875 474.56601550754567 61111
stats: connect 0 0 0 122.8349609375 0.530029296875 1.3452501434886672 2559
stats: page 1468 438.05419489473314 285.427394908848 9671.8359375 0.324951171875 538.9585067572904 53803
stats: 302 58 2535
stats: 200 1099 26413
stats: size_rcv 4881149 150601655
stats: newphase 0 6
stats: size_sent 720656 31812536
stats: connected -102 499
stats: 204 90 2116
stats: max_repeat 124 2931
stats: 400 0 135
stats: 503 0 28062
stats: 404 37 419
stats: 500 256 2971
# stats: dump at 1480458780
stats: users 393 1036
stats: {freemem,"tsung_controller@ip-172-31-15-70"} 1 3034.60546875 0.0 3160.3203125 3031.12109375 3088.399767287234 47
stats: {recvpackets,"tsung_controller@ip-172-31-15-70"} 1 4296.0 0.0 6580 124 3469.2608695652175 46
stats: {sentpackets,"tsung_controller@ip-172-31-15-70"} 1 4563.0 0.0 7817 130 3603.0434782608695 46
stats: {cpu,"tsung_controller@ip-172-31-15-70"} 1 12.918660287081341 0.0 17.943743937924346 1.5857284440039643 9.252705063701326 47
stats: {load,"tsung_controller@ip-172-31-15-70"} 1 0.30078125 0.0 0.30078125 0.0 0.0768783244680851 47
stats: session 100 93614.3883154297 30652.564197261796 248476.18798828125 14105.47900390625 82790.37553941969 1881
stats: users_count 0 2374
stats: finish_users_count 100 1981
stats: request 1361 23.062382862727308 23.053050463680233 8668.097900390625 0.324951171875 473.1145996966666 62649
stats: connect 0 0 0 122.8349609375 0.530029296875 1.3452501434886672 2559
stats: page 1343 23.37251732798534 24.896686539869908 9671.8359375 0.324951171875 536.2784841448131 55271
stats: 302 28 2563
stats: 200 992 27405
stats: size_rcv 3882045 154483700
stats: newphase 0 6
stats: size_sent 672333 32484869
stats: connected -104 395
stats: 204 119 2235
stats: max_repeat 106 3037
stats: 400 0 135
stats: 503 0 28062
stats: 404 57 476
stats: 500 163 3134
# stats: dump at 1480458790
stats: users 313 1036
stats: {freemem,"tsung_controller@ip-172-31-15-70"} 1 3035.49609375 0.0 3160.3203125 3031.12109375 3087.279052734375 48
stats: {recvpackets,"tsung_controller@ip-172-31-15-70"} 1 3070.0 0.0 6580 124 3486.851063829787 47
stats: {sentpackets,"tsung_controller@ip-172-31-15-70"} 1 3.7e3 0.0 7817 130 3623.468085106383 47
stats: {cpu,"tsung_controller@ip-172-31-15-70"} 1 11.003861003861005 0.0 17.943743937924346 1.5857284440039643 9.329079130855076 48
stats: {load,"tsung_controller@ip-172-31-15-70"} 1 0.25 0.0 0.30078125 0.0 0.08154296874999999 48
stats: session 80 96292.56680603026 23395.52033862776 248476.18798828125 14105.47900390625 83336.76689610873 1981
stats: users_count 0 2374
stats: finish_users_count 80 2061
stats: request 1142 15.253182165676977 12.721669736356432 8668.097900390625 0.324951171875 463.5454532021971 64010
stats: connect 0 0 0 122.8349609375 0.530029296875 1.3452501434886672 2559
stats: page 1140 15.280062277275219 12.797210863542315 9671.8359375 0.324951171875 524.1113044112666 56614
stats: 302 9 2572
stats: 200 879 28284
stats: size_rcv 2997681 157481381
stats: newphase 0 6
stats: size_sent 582403 33067272
stats: connected -80 315
stats: 204 108 2343
stats: max_repeat 82 3119
stats: 400 0 135
stats: 503 0 28062
stats: 404 49 525
stats: 500 97 3231
# stats: dump at 1480458800
stats: users 240 1036
stats: {freemem,"tsung_controller@ip-172-31-15-70"} 1 3036.48828125 0.0 3160.3203125 3031.12109375 3086.222257653061 49
stats: {recvpackets,"tsung_controller@ip-172-31-15-70"} 1 2539.0 0.0 6580 124 3478.1666666666665 48
stats: {sentpackets,"tsung_controller@ip-172-31-15-70"} 1 3.3e3 0.0 7817 130 3625.0625 48
stats: {cpu,"tsung_controller@ip-172-31-15-70"} 1 10.028929604628736 0.0 17.943743937924346 1.5857284440039643 9.363258352753157 49
stats: {load,"tsung_controller@ip-172-31-15-70"} 1 0.2109375 0.0 0.30078125 0.0 0.08498086734693876 49
stats: session 73 103285.16699887627 24926.36166615449 248476.18798828125 14105.47900390625 83839.66063351471 2061
stats: users_count 0 2374
stats: finish_users_count 73 2134
stats: request 1049 13.403816739528725 10.111405384720387 8668.097900390625 0.324951171875 455.68767794550956 65152
stats: connect 0 0 0 122.8349609375 0.530029296875 1.3452501434886672 2559
stats: page 1048 13.41665905668536 10.140009111036001 9671.8359375 0.324951171875 514.0675391996318 57754
stats: 302 2 2574
stats: 200 821 29105
stats: size_rcv 2472274 159953655
stats: newphase 0 6
stats: size_sent 555317 33622589
stats: connected -69 246
stats: 204 120 2463
stats: max_repeat 49 3168
stats: 400 0 135
stats: 503 0 28062
stats: 404 66 591
stats: 500 40 3271
# stats: dump at 1480458810
stats: users 188 1036
stats: {freemem,"tsung_controller@ip-172-31-15-70"} 1 3037.3203125 0.0 3160.3203125 3031.12109375 3085.227578125 50
stats: {recvpackets,"tsung_controller@ip-172-31-15-70"} 1 2.0e3 0.0 6580 124 3459.0 49
stats: {sentpackets,"tsung_controller@ip-172-31-15-70"} 1 2606.0 0.0 7817 130 3618.4285714285716 49
stats: {cpu,"tsung_controller@ip-172-31-15-70"} 1 7.774538386783285 0.0 17.943743937924346 1.5857284440039643 9.376571777790668 50
stats: {load,"tsung_controller@ip-172-31-15-70"} 1 0.1796875 0.0 0.30078125 0.0 0.08749999999999998 50
stats: session 52 109009.26289719802 20354.655405711546 248476.18798828125 14105.47900390625 84504.85368162689 2134
stats: users_count 0 2374
stats: finish_users_count 52 2186
stats: request 806 12.081320334309094 8.382806131191938 8668.097900390625 0.324951171875 448.6793884875698 66201
stats: connect 0 0 0 122.8349609375 0.530029296875 1.3452501434886672 2559
stats: page 806 12.081320334309094 8.382806131191938 9671.8359375 0.324951171875 505.1446773515687 58802
stats: 302 0 2574
stats: 200 662 29767
stats: size_rcv 1878529 161832184
stats: newphase 0 6
stats: size_sent 436481 34059070
stats: connected -56 190
stats: 204 93 2556
stats: max_repeat 43 3211
stats: 400 0 135
stats: 503 0 28062
stats: 404 39 630
stats: 500 12 3283
# stats: dump at 1480458820
stats: users 121 1036
stats: {freemem,"tsung_controller@ip-172-31-15-70"} 1 3038.2421875 0.0 3160.3203125 3031.12109375 3084.2882199754904 51
stats: {recvpackets,"tsung_controller@ip-172-31-15-70"} 1 1510.0 0.0 6580 124 3429.82 50
stats: {sentpackets,"tsung_controller@ip-172-31-15-70"} 1 2045.0 0.0 7817 130 3598.18 50
stats: {cpu,"tsung_controller@ip-172-31-15-70"} 1 6.048780487804878 0.0 17.943743937924346 1.5857284440039643 9.34515935835915 51
stats: {load,"tsung_controller@ip-172-31-15-70"} 1 0.1484375 0.0 0.30078125 0.0 0.08930759803921567 51
stats: session 67 111120.43915068214 15589.173935916384 248476.18798828125 14105.47900390625 85087.758200936 2186
stats: users_count 0 2374
stats: finish_users_count 67 2253
stats: request 652 9.763416500910658 5.065232378412198 8668.097900390625 0.324951171875 443.42772757256796 67007
stats: connect 0 0 0 122.8349609375 0.530029296875 1.3452501434886672 2559
stats: page 652 9.763416500910658 5.065232378412198 9671.8359375 0.324951171875 498.4776349116963 59608
stats: 302 0 2574
stats: 200 519 30286
stats: size_rcv 1356010 163188194
stats: newphase 0 6
stats: size_sent 355348 34414418
stats: connected -68 122
stats: 204 80 2636
stats: max_repeat 53 3264
stats: 400 0 135
stats: 503 0 28062
stats: 404 45 675
stats: 500 8 3291
# stats: dump at 1480458830
stats: users 68 1036
stats: {freemem,"tsung_controller@ip-172-31-15-70"} 1 3039.77734375 0.0 3160.3203125 3031.12109375 3083.4027193509614 52
stats: {recvpackets,"tsung_controller@ip-172-31-15-70"} 1 1172.0 0.0 6580 124 3392.176470588235 51
stats: {sentpackets,"tsung_controller@ip-172-31-15-70"} 1 1588.0 0.0 7817 130 3567.725490196078 51
stats: {cpu,"tsung_controller@ip-172-31-15-70"} 1 4.6966731898238745 0.0 17.943743937924346 1.5857284440039643 9.281767457002337 52
stats: {load,"tsung_controller@ip-172-31-15-70"} 1 0.12890625 0.0 0.30078125 0.0 0.09044471153846152 52
stats: session 53 125973.077747273 18025.801498843226 248476.18798828125 14105.47900390625 85861.92137165637 2253
stats: users_count 0 2374
stats: finish_users_count 53 2306
stats: request 470 8.528882355385635 3.465841936987875 8668.097900390625 0.324951171875 439.2486955026479 67659
stats: connect 0 0 0 122.8349609375 0.530029296875 1.3452501434886672 2559
stats: page 470 8.528882355385635 3.465841936987875 9671.8359375 0.324951171875 493.18985412172236 60260
stats: 302 0 2574
stats: 200 379 30665
stats: size_rcv 809254 163997448
stats: newphase 0 6
stats: size_sent 261650 34676068
stats: connected -53 69
stats: 204 62 2698
stats: max_repeat 32 3296
stats: 400 0 135
stats: 503 0 28062
stats: 404 29 704
stats: 500 0 3291
# stats: dump at 1480458840
stats: users 37 1036
stats: {freemem,"tsung_controller@ip-172-31-15-70"} 1 3070.8671875 0.0 3160.3203125 3031.12109375 3082.579599056604 53
stats: {recvpackets,"tsung_controller@ip-172-31-15-70"} 1 631.0 0.0 6580 124 3349.480769230769 52
stats: {sentpackets,"tsung_controller@ip-172-31-15-70"} 1 876.0 0.0 7817 130 3529.653846153846 52
stats: {cpu,"tsung_controller@ip-172-31-15-70"} 1 3.143418467583497 0.0 17.943743937924346 1.5857284440039643 9.195256244414063 53
stats: {load,"tsung_controller@ip-172-31-15-70"} 1 0.109375 0.0 0.30078125 0.0 0.09117040094339621 53
stats: session 31 129745.70610981603 13472.201109338861 248476.18798828125 14105.47900390625 86783.81698653394 2306
stats: users_count 0 2374
stats: finish_users_count 31 2337
stats: request 237 8.470237506592825 3.3055972393033994 8668.097900390625 0.324951171875 436.27729841507556 68129
stats: connect 0 0 0 122.8349609375 0.530029296875 1.3452501434886672 2559
stats: page 237 8.470237506592825 3.3055972393033994 9671.8359375 0.324951171875 489.4389788256549 60730
stats: 302 0 2574
stats: 200 189 30854
stats: size_rcv 430715 164428163
stats: newphase 0 6
stats: size_sent 132045 34808113
stats: connected -30 39
stats: 204 31 2729
stats: max_repeat 22 3318
stats: 400 0 135
stats: 503 0 28062
stats: 404 17 721
stats: 500 0 3291
# stats: dump at 1480458850
stats: users 17 1036
stats: {freemem,"tsung_controller@ip-172-31-15-70"} 1 3076.58984375 0.0 3160.3203125 3031.12109375 3082.362702546296 54
stats: {recvpackets,"tsung_controller@ip-172-31-15-70"} 1 313.0 0.0 6580 124 3298.188679245283 53
stats: {sentpackets,"tsung_controller@ip-172-31-15-70"} 1 451.0 0.0 7817 130 3479.5849056603774 53
stats: {cpu,"tsung_controller@ip-172-31-15-70"} 1 2.0689655172413794 0.0 17.943743937924346 1.5857284440039643 9.083185174472757 54
stats: {load,"tsung_controller@ip-172-31-15-70"} 1 0.08984375 0.0 0.30078125 0.0 0.09150752314814813 54
stats: session 20 134979.82646484376 12295.755417072109 248476.18798828125 14105.47900390625 87353.7008388325 2337
stats: users_count 0 2374
stats: finish_users_count 20 2357
stats: request 134 7.722381136310634 2.395209920909681 8668.097900390625 0.324951171875 434.79424728680556 68366
stats: connect 0 0 0 122.8349609375 0.530029296875 1.3452501434886672 2559
stats: page 134 7.722381136310634 2.395209920909681 9671.8359375 0.324951171875 487.5692855212013 60967
stats: 302 0 2574
stats: 200 113 30967
stats: size_rcv 197863 164626026
stats: newphase 0 6
stats: size_sent 75085 34883198
stats: connected -21 18
stats: 204 14 2743
stats: max_repeat 13 3331
stats: 400 0 135
stats: 503 0 28062
stats: 404 7 728
stats: 500 0 3291
# stats: dump at 1480458860
stats: users 2 1036
stats: {freemem,"tsung_controller@ip-172-31-15-70"} 1 3086.16015625 0.0 3160.3203125 3031.12109375 3082.2577414772727 55
stats: {recvpackets,"tsung_controller@ip-172-31-15-70"} 1 171.0 0.0 6580 124 3242.9074074074074 54
stats: {sentpackets,"tsung_controller@ip-172-31-15-70"} 1 251.0 0.0 7817 130 3423.5 54
stats: {cpu,"tsung_controller@ip-172-31-15-70"} 1 1.6748768472906401 0.0 17.943743937924346 1.5857284440039643 8.955653907977641 55
stats: {load,"tsung_controller@ip-172-31-15-70"} 1 0.078125 0.0 0.30078125 0.0 0.09147727272727271 55
stats: session 15 146578.03287760416 11650.102669403082 248476.18798828125 14105.47900390625 87757.82579111092 2357
stats: users_count 0 2374
stats: finish_users_count 15 2372
stats: request 62 8.196584393901205 2.4878389747690064 8668.097900390625 0.324951171875 433.9588074318542 68500
stats: connect 0 0 0 122.8349609375 0.530029296875 1.3452501434886672 2559
stats: page 62 8.196584393901205 2.4878389747690064 9671.8359375 0.324951171875 486.51693801154397 61101
stats: 302 0 2574
stats: 200 48 31015
stats: size_rcv 72037 164698063
stats: newphase 0 6
stats: size_sent 34892 34918090
stats: connected -16 2
stats: 204 7 2750
stats: max_repeat 7 3338
stats: 400 0 135
stats: 503 0 28062
stats: 404 7 735
stats: 500 0 3291
# stats: dump at 1480458866
stats: users 0 1036
stats: {freemem,"tsung_controller@ip-172-31-15-70"} 0 0 0 3160.3203125 3031.12109375 3082.3274274553573 56
stats: {recvpackets,"tsung_controller@ip-172-31-15-70"} 0 0 0 6580 124 3187.0545454545454 55
stats: {sentpackets,"tsung_controller@ip-172-31-15-70"} 0 0 0 7817 130 3365.818181818182 55
stats: {cpu,"tsung_controller@ip-172-31-15-70"} 0 0 0 17.943743937924346 1.5857284440039643 8.825640031893945 56
stats: {load,"tsung_controller@ip-172-31-15-70"} 0 0 0 0.30078125 0.0 0.09123883928571427 56
stats: session 2 161490.9998779297 8639.443969726563 248476.18798828125 14105.47900390625 88129.79168752635 2372
stats: users_count 0 2374
stats: finish_users_count 2 2374
stats: request 11 7.167036576704546 1.523442318846657 8668.097900390625 0.324951171875 433.57379448257683 68562
stats: connect 0 0 0 122.8349609375 0.530029296875 1.3452501434886672 2559
stats: page 11 7.167036576704546 1.523442318846657 9671.8359375 0.324951171875 486.03207196631575 61163
stats: 302 0 2574
stats: 200 9 31024
stats: size_rcv 2719 164700782
stats: newphase 0 6
stats: size_sent 6311 34924401
stats: connected -2 0
stats: 204 1 2751
stats: max_repeat 0 3338
stats: 400 0 135
stats: 503 0 28062
stats: 404 1 736
stats: 500 0 3291
EndMonitor:{1480,458866,944640}
