# stats: dump at 1480493303
stats: users 9 9
stats: {load,"tsung_controller@ip-172-31-15-33"} 1 0.0 0 0.0 0.0 0 0
stats: {freemem,"tsung_controller@ip-172-31-15-33"} 1 3158.60546875 0 3158.60546875 3158.60546875 0 0
stats: {cpu,"tsung_controller@ip-172-31-15-33"} 1 4.166171769060981 0 4.166171769060981 4.166171769060981 0 0
stats: users_count 9 9
stats: finish_users_count 0 0
stats: request 29 61.200793036099135 97.8785424397713 399.609130859375 8.02490234375 0 0
stats: connect 8 17.05364990234375 40.15551227970852 123.240966796875 1.2890625 0 0
stats: page 27 65.74058702256946 100.84386671396267 399.609130859375 8.02490234375 0 0
stats: 302 6 6
stats: 200 22 22
stats: size_rcv 135830 135830
stats: size_sent 17206 17206
stats: connected 8 8
stats: 204 1 1
# stats: dump at 1480493313
stats: users 20 20
stats: {load,"tsung_controller@ip-172-31-15-33"} 1 0.0 0.0 0.0 0.0 0.0 1
stats: {freemem,"tsung_controller@ip-172-31-15-33"} 1 3159.265625 0.0 3159.265625 3158.60546875 3158.60546875 1
stats: {recvpackets,"tsung_controller@ip-172-31-15-33"} 1 163 0 163 163 0 0
stats: {sentpackets,"tsung_controller@ip-172-31-15-33"} 1 145 0 145 145 0 0
stats: {cpu,"tsung_controller@ip-172-31-15-33"} 1 2.167487684729064 0.0 4.166171769060981 2.167487684729064 4.166171769060981 1
stats: users_count 11 20
stats: finish_users_count 0 0
stats: request 100 40.008398437500006 62.647455935692 560.611083984375 6.07080078125 61.200793036099135 29
stats: connect 11 1.4560102982954546 0.7656309012090539 123.240966796875 0.93798828125 17.05364990234375 8
stats: page 80 50.02886047363281 71.85784440269224 572.93505859375 6.07080078125 65.74058702256946 27
stats: 302 15 21
stats: 200 78 100
stats: size_rcv 472141 607971
stats: size_sent 70655 87861
stats: connected 11 19
stats: 204 7 8
stats: max_repeat 2 2
# stats: dump at 1480493323
stats: users 30 30
stats: {load,"tsung_controller@ip-172-31-15-33"} 1 0.0 0.0 0.0 0.0 0.0 2
stats: {freemem,"tsung_controller@ip-172-31-15-33"} 1 3156.37890625 0.0 3159.265625 3156.37890625 3158.935546875 2
stats: {recvpackets,"tsung_controller@ip-172-31-15-33"} 1 488.0 0.0 488 163 163.0 1
stats: {sentpackets,"tsung_controller@ip-172-31-15-33"} 1 393.0 0.0 393 145 145.0 1
stats: {cpu,"tsung_controller@ip-172-31-15-33"} 1 1.6798418972332017 0.0 4.166171769060981 1.6798418972332017 3.1668297268950227 2
stats: users_count 10 30
stats: finish_users_count 0 0
stats: request 186 29.512300224714373 43.63887016546865 560.611083984375 5.98291015625 44.77258016896803 129
stats: connect 10 1.426611328125 0.43751595604273924 123.240966796875 0.93798828125 8.0234375 19
stats: page 159 34.534714033018865 49.72765620333647 572.93505859375 5.98291015625 53.99350175233645 107
stats: 302 22 43
stats: 200 144 244
stats: size_rcv 833514 1441485
stats: size_sent 135425 223286
stats: connected 10 29
stats: 204 20 28
stats: max_repeat 2 4
# stats: dump at 1480493333
stats: users 40 41
stats: {load,"tsung_controller@ip-172-31-15-33"} 1 0.0 0.0 0.0 0.0 0.0 3
stats: {freemem,"tsung_controller@ip-172-31-15-33"} 1 3151.67578125 0.0 3159.265625 3151.67578125 3158.0833333333335 3
stats: {recvpackets,"tsung_controller@ip-172-31-15-33"} 1 830.0 0.0 830 163 325.5 2
stats: {sentpackets,"tsung_controller@ip-172-31-15-33"} 1 700.0 0.0 700 145 269.0 2
stats: {cpu,"tsung_controller@ip-172-31-15-33"} 1 2.3645320197044337 0.0 4.166171769060981 1.6798418972332017 2.6711671170077493 3
stats: session 2 26380.93359375 1779.978515625 28160.912109375 24600.955078125 0 0
stats: users_count 12 42
stats: finish_users_count 2 2
stats: request 252 35.18652731274802 58.48908953335495 585.919921875 0.68896484375 35.76174820188491 315
stats: connect 13 1.2501502403846156 0.11377745157893204 123.240966796875 0.93798828125 5.748669854525862 29
stats: page 214 41.44669862551112 64.79222414044423 598.805908203125 0.68896484375 42.3621211231203 266
stats: 302 21 64
stats: 200 210 454
stats: size_rcv 1284658 2726143
stats: size_sent 181079 404365
stats: connected 11 40
stats: 204 19 47
stats: max_repeat 7 11
stats: 400 2 2
# stats: dump at 1480493343
stats: users 48 48
stats: {load,"tsung_controller@ip-172-31-15-33"} 1 0.0 0.0 0.0 0.0 0.0 4
stats: {freemem,"tsung_controller@ip-172-31-15-33"} 1 3149.40234375 0.0 3159.265625 3149.40234375 3156.4814453125 4
stats: {recvpackets,"tsung_controller@ip-172-31-15-33"} 1 1171.0 0.0 1171 163 493.6666666666667 3
stats: {sentpackets,"tsung_controller@ip-172-31-15-33"} 1 922.0 0.0 922 145 412.6666666666667 3
stats: {cpu,"tsung_controller@ip-172-31-15-33"} 1 2.955665024630542 0.0 4.166171769060981 1.6798418972332017 2.5945083426819204 4
stats: session 0 0 0 28160.912109375 24600.955078125 26380.93359375 2
stats: users_count 8 50
stats: finish_users_count 0 2
stats: request 262 27.2604160454437 40.172113276182124 585.919921875 0.68896484375 35.506094473379626 567
stats: connect 8 1.29351806640625 0.08610957431233693 123.240966796875 0.93798828125 4.356270926339286 42
stats: page 235 30.39990338264628 47.89466788709024 598.805908203125 0.68896484375 41.95399525960287 480
stats: 302 18 82
stats: 200 210 664
stats: size_rcv 1109580 3835723
stats: size_sent 193015 597380
stats: connected 8 48
stats: 204 34 81
stats: max_repeat 5 16
stats: 400 0 2
# stats: dump at 1480493353
stats: users 54 54
stats: {load,"tsung_controller@ip-172-31-15-33"} 1 0.0 0.0 0.0 0.0 0.0 5
stats: {freemem,"tsung_controller@ip-172-31-15-33"} 1 3148.45703125 0.0 3159.265625 3148.45703125 3155.065625 5
stats: {recvpackets,"tsung_controller@ip-172-31-15-33"} 1 1021.0 0.0 1171 163 663.0 4
stats: {sentpackets,"tsung_controller@ip-172-31-15-33"} 1 866.0 0.0 922 145 540.0 4
stats: {cpu,"tsung_controller@ip-172-31-15-33"} 1 2.766798418972332 0.0 4.166171769060981 1.6798418972332017 2.6667396790716444 5
stats: session 4 34025.61199951172 9031.529266094472 47049.464111328125 22482.98095703125 26380.93359375 2
stats: users_count 10 60
stats: finish_users_count 4 6
stats: request 342 26.001050090232084 27.2991757088772 585.919921875 0.68896484375 32.90010201485223 829
stats: connect 10 1.2833251953125 0.0905110827082806 123.240966796875 0.93798828125 3.86623046875 50
stats: page 314 28.3250732421875 30.602602421052552 598.805908203125 0.68896484375 38.156496530812944 715
stats: 302 26 108
stats: 200 275 939
stats: size_rcv 1653332 5489055
stats: size_sent 248141 845521
stats: connected 6 54
stats: 204 38 119
stats: max_repeat 8 24
stats: 400 3 5
# stats: dump at 1480493363
stats: users 58 58
stats: {load,"tsung_controller@ip-172-31-15-33"} 1 0.0 0.0 0.0 0.0 0.0 6
stats: {freemem,"tsung_controller@ip-172-31-15-33"} 1 3145.5625 0.0 3159.265625 3145.5625 3153.9641927083335 6
stats: {recvpackets,"tsung_controller@ip-172-31-15-33"} 1 1557.0 0.0 1557 163 734.6 5
stats: {sentpackets,"tsung_controller@ip-172-31-15-33"} 1 1210.0 0.0 1210 145 605.2 5
stats: {cpu,"tsung_controller@ip-172-31-15-33"} 1 3.260869565217391 0.0 4.166171769060981 1.6798418972332017 2.683416135721759 6
stats: session 7 48791.78072684152 8141.688349909884 59717.947021484375 22482.98095703125 31477.385864257813 6
stats: users_count 11 71
stats: finish_users_count 7 13
stats: request 391 23.236667798913043 24.16085233351764 585.919921875 0.654052734375 30.88517822474114 1171
stats: connect 11 4.278187144886363 6.309404897134729 123.240966796875 0.93798828125 3.435746256510417 60
stats: page 357 25.455301749606093 28.040402951623054 598.805908203125 0.654052734375 35.15643150396319 1029
stats: 302 24 132
stats: 200 320 1259
stats: size_rcv 1736612 7225667
stats: newphase 1 1
stats: size_sent 281952 1127473
stats: connected 4 58
stats: 204 45 164
stats: max_repeat 8 32
stats: 400 2 7
# stats: dump at 1480493373
stats: users 69 70
stats: {load,"tsung_controller@ip-172-31-15-33"} 1 0.0 0.0 0.0 0.0 0.0 7
stats: {freemem,"tsung_controller@ip-172-31-15-33"} 1 3144.015625 0.0 3159.265625 3144.015625 3152.7639508928573 7
stats: {recvpackets,"tsung_controller@ip-172-31-15-33"} 1 1610.0 0.0 1610 163 871.6666666666666 6
stats: {sentpackets,"tsung_controller@ip-172-31-15-33"} 1 1330.0 0.0 1330 145 706.0 6
stats: {cpu,"tsung_controller@ip-172-31-15-33"} 1 3.740157480314961 0.0 4.166171769060981 1.6798418972332017 2.7659094827925634 7
stats: session 3 53525.04646809896 26183.746367021296 78120.9130859375 17254.93408203125 40800.521559495195 13
stats: users_count 14 85
stats: finish_users_count 3 16
stats: request 388 23.54683095401097 26.983415092177 585.919921875 0.654052734375 28.970602311489678 1562
stats: connect 13 1.20556640625 0.13138576933096838 123.240966796875 0.93798828125 3.5662652673855635 71
stats: page 360 25.38363172743055 30.075961740750028 598.805908203125 0.654052734375 32.65765565814394 1386
stats: 302 25 157
stats: 200 319 1578
stats: size_rcv 1761341 8987008
stats: newphase 0 1
stats: size_sent 280001 1407474
stats: connected 10 68
stats: 204 43 207
stats: max_repeat 9 41
stats: 400 1 8
# stats: dump at 1480493383
stats: users 74 74
stats: {load,"tsung_controller@ip-172-31-15-33"} 1 0.0 0.0 0.0 0.0 0.0 8
stats: {freemem,"tsung_controller@ip-172-31-15-33"} 1 3142.12109375 0.0 3159.265625 3142.12109375 3151.67041015625 8
stats: {recvpackets,"tsung_controller@ip-172-31-15-33"} 1 1530.0 0.0 1610 163 977.1428571428571 7
stats: {sentpackets,"tsung_controller@ip-172-31-15-33"} 1 1294.0 0.0 1330 145 795.1428571428571 7
stats: {cpu,"tsung_controller@ip-172-31-15-33"} 1 3.736479842674533 0.0 4.166171769060981 1.6798418972332017 2.8876904824828635 8
stats: session 11 56488.487903941765 11598.631201819091 78120.9130859375 17254.93408203125 43186.3699798584 16
stats: users_count 16 101
stats: finish_users_count 11 27
stats: request 475 23.181281352796052 36.890610193475446 616.815185546875 0.60302734375 27.89141088241186 1950
stats: connect 17 1.3059800091911764 0.21325069743267044 123.240966796875 0.93798828125 3.2009190150669644 84
stats: page 441 24.973198784722232 40.05750467047994 626.403076171875 0.60302734375 31.15785690954324 1746
stats: 302 26 183
stats: 200 386 1964
stats: size_rcv 2122341 11109349
stats: newphase 0 1
stats: size_sent 341469 1748943
stats: connected 6 74
stats: 204 60 267
stats: max_repeat 9 50
stats: 400 3 11
# stats: dump at 1480493393
stats: users 82 82
stats: {load,"tsung_controller@ip-172-31-15-33"} 1 0.0 0.0 0.0 0.0 0.0 9
stats: {freemem,"tsung_controller@ip-172-31-15-33"} 1 3140.9453125 0.0 3159.265625 3140.9453125 3150.609375 9
stats: {recvpackets,"tsung_controller@ip-172-31-15-33"} 1 1843.0 0.0 1843 163 1046.25 8
stats: {sentpackets,"tsung_controller@ip-172-31-15-33"} 1 1572.0 0.0 1572 145 857.5 8
stats: {cpu,"tsung_controller@ip-172-31-15-33"} 1 4.236453201970444 0.0 4.236453201970444 1.6798418972332017 2.982000411393049 9
stats: session 5 57617.00395507812 11184.111995278365 78120.9130859375 17254.93408203125 48605.751356336805 27
stats: users_count 13 114
stats: finish_users_count 5 32
stats: request 453 27.086865557740076 70.9721480217002 1427.324951171875 0.60302734375 26.968808191043816 2425
stats: connect 13 1.2527794471153846 0.13294225847498267 123.240966796875 0.93798828125 2.881968885365099 101
stats: page 419 29.289564765438545 74.59992403535048 1427.324951171875 0.60302734375 29.910744777377687 2187
stats: 302 27 210
stats: 200 371 2335
stats: size_rcv 2032362 13141711
stats: newphase 0 1
stats: size_sent 325784 2074727
stats: connected 6 80
stats: 204 52 319
stats: max_repeat 7 57
stats: 400 3 14
# stats: dump at 1480493403
stats: users 79 83
stats: {load,"tsung_controller@ip-172-31-15-33"} 1 0.0 0.0 0.0 0.0 0.0 10
stats: {freemem,"tsung_controller@ip-172-31-15-33"} 1 3138.55078125 0.0 3159.265625 3138.55078125 3149.64296875 10
stats: {recvpackets,"tsung_controller@ip-172-31-15-33"} 1 1799.0 0.0 1843 163 1134.7777777777778 9
stats: {sentpackets,"tsung_controller@ip-172-31-15-33"} 1 1493.0 0.0 1572 145 936.8888888888889 9
stats: {cpu,"tsung_controller@ip-172-31-15-33"} 1 3.482587064676617 0.0 4.236453201970444 1.6798418972332017 3.1074456904507888 10
stats: session 10 60598.83369140625 26000.624185383553 99490.27783203125 16645.9140625 50013.75957489014 32
stats: users_count 7 121
stats: finish_users_count 10 42
stats: request 505 36.45725943688118 61.2512715568223 1427.324951171875 0.60302734375 26.987390535419568 2878
stats: connect 5 1.180126953125 0.12518843752452358 123.240966796875 0.93798828125 2.696184124862939 114
stats: page 460 40.029318104619534 68.74927264628357 1427.324951171875 0.60302734375 29.810869710224 2606
stats: 302 14 224
stats: 200 430 2765
stats: size_rcv 2263118 15404829
stats: newphase 0 1
stats: size_sent 371589 2446316
stats: connected -2 78
stats: 204 59 378
stats: max_repeat 17 74
stats: 400 2 16
# stats: dump at 1480493413
stats: users 81 83
stats: {load,"tsung_controller@ip-172-31-15-33"} 1 0.0 0.0 0.0 0.0 0.0 11
stats: {freemem,"tsung_controller@ip-172-31-15-33"} 1 3135.30078125 0.0 3159.265625 3135.30078125 3148.634588068182 11
stats: {recvpackets,"tsung_controller@ip-172-31-15-33"} 1 2235.0 0.0 2235 163 1201.2 10
stats: {sentpackets,"tsung_controller@ip-172-31-15-33"} 1 1804.0 0.0 1804 145 992.5 10
stats: {cpu,"tsung_controller@ip-172-31-15-33"} 1 3.869047619047619 0.0 4.236453201970444 1.6798418972332017 3.141549451744046 11
stats: session 12 59281.327962239586 17731.88582653957 99490.27783203125 16645.9140625 52534.01531691778 42
stats: users_count 14 135
stats: finish_users_count 12 54
stats: request 521 25.031623005638195 30.054952334881474 1427.324951171875 0.60302734375 28.401012703683865 3383
stats: connect 16 1.2269439697265625 0.11360765880813353 123.240966796875 0.93798828125 2.632484243697479 119
stats: page 493 26.456480571754568 33.61334086257778 1427.324951171875 0.60302734375 31.34397025210983 3066
stats: 302 29 253
stats: 200 424 3189
stats: size_rcv 2463458 17868287
stats: newphase 0 1
stats: size_sent 371326 2817642
stats: connected 2 80
stats: 204 63 441
stats: max_repeat 10 84
stats: 400 5 21
# stats: dump at 1480493423
stats: users 83 91
stats: {load,"tsung_controller@ip-172-31-15-33"} 1 0.078125 0.0 0.078125 0.0 0.0 12
stats: {freemem,"tsung_controller@ip-172-31-15-33"} 1 3135.01953125 0.0 3159.265625 3135.01953125 3147.5234375 12
stats: {recvpackets,"tsung_controller@ip-172-31-15-33"} 1 2105.0 0.0 2235 163 1295.1818181818182 11
stats: {sentpackets,"tsung_controller@ip-172-31-15-33"} 1 1772.0 0.0 1804 145 1066.2727272727273 11
stats: {cpu,"tsung_controller@ip-172-31-15-33"} 1 4.150197628458498 0.0 4.236453201970444 1.6798418972332017 3.202174299019344 12
stats: session 18 77087.96846516927 26730.155503391397 119023.6669921875 13543.001953125 54033.418126989294 54
stats: users_count 20 155
stats: finish_users_count 18 72
stats: request 577 22.523778112137126 29.649520631016607 1427.324951171875 0.60302734375 27.95135798219775 3904
stats: connect 19 2.341334292763158 4.847515090973368 123.240966796875 0.93798828125 2.4659016927083335 135
stats: page 532 24.433523077713822 32.89976507849754 1427.324951171875 0.60302734375 30.66694512920588 3559
stats: 302 38 291
stats: 200 469 3658
stats: size_rcv 2562459 20430746
stats: newphase 1 2
stats: size_sent 417179 3234821
stats: connected 2 82
stats: 204 69 510
stats: max_repeat 16 100
stats: 400 1 22
# stats: dump at 1480493433
stats: users 89 91
stats: {load,"tsung_controller@ip-172-31-15-33"} 1 0.0703125 0.0 0.078125 0.0 0.006009615384615385 13
stats: {freemem,"tsung_controller@ip-172-31-15-33"} 1 3134.53515625 0.0 3159.265625 3134.53515625 3146.5615985576924 13
stats: {recvpackets,"tsung_controller@ip-172-31-15-33"} 1 2291.0 0.0 2291 163 1362.6666666666667 12
stats: {sentpackets,"tsung_controller@ip-172-31-15-33"} 1 1986.0 0.0 1986 145 1125.0833333333333 12
stats: {cpu,"tsung_controller@ip-172-31-15-33"} 1 4.639684106614018 0.0 4.639684106614018 1.6798418972332017 3.2750991705146637 13
stats: session 7 67630.35989815848 16380.505756747827 119023.6669921875 13543.001953125 59797.05571153429 72
stats: users_count 13 168
stats: finish_users_count 7 79
stats: request 467 21.256951472999194 24.745143289113557 1427.324951171875 0.60302734375 27.2524707728639 4481
stats: connect 13 1.3484637920673077 0.1965932174361252 123.240966796875 0.93798828125 2.450532987520292 154
stats: page 434 22.877292896745384 27.854842834775802 1427.324951171875 0.60302734375 29.85634123495172 4091
stats: 302 17 308
stats: 200 390 4048
stats: size_rcv 2100401 22531147
stats: newphase 0 2
stats: size_sent 338920 3573741
stats: connected 6 88
stats: 204 58 568
stats: max_repeat 9 109
stats: 400 2 24
# stats: dump at 1480493443
stats: users 94 96
stats: {load,"tsung_controller@ip-172-31-15-33"} 1 0.05859375 0.0 0.078125 0.0 0.010602678571428572 14
stats: {freemem,"tsung_controller@ip-172-31-15-33"} 1 3134.328125 0.0 3159.265625 3134.328125 3145.702566964286 14
stats: {recvpackets,"tsung_controller@ip-172-31-15-33"} 1 1903.0 0.0 2291 163 1434.076923076923 13
stats: {sentpackets,"tsung_controller@ip-172-31-15-33"} 1 1658.0 0.0 1986 145 1191.3076923076924 13
stats: {cpu,"tsung_controller@ip-172-31-15-33"} 1 4.330708661417323 0.0 4.639684106614018 1.6798418972332017 3.372569523093189 14
stats: session 10 59857.87348632813 23302.867692316395 119023.6669921875 13543.001953125 60491.14595591871 79
stats: users_count 15 183
stats: finish_users_count 10 89
stats: request 558 27.081560469870073 72.00563190542282 1590.77099609375 0.60302734375 26.686604258507224 4948
stats: connect 16 1.7656707763671875 1.9321685108635525 123.240966796875 0.93798828125 2.3647431699101795 167
stats: page 504 29.989218575613833 76.68355592832212 1590.77099609375 0.60302734375 29.186969526933694 4525
stats: 302 36 344
stats: 200 465 4513
stats: size_rcv 2604990 25136137
stats: newphase 0 2
stats: size_sent 404259 3978000
stats: connected 4 92
stats: 204 54 622
stats: max_repeat 11 120
stats: 400 3 27
# stats: dump at 1480493453
stats: users 98 98
stats: {load,"tsung_controller@ip-172-31-15-33"} 1 0.05078125 0.0 0.078125 0.0 0.013802083333333333 15
stats: {freemem,"tsung_controller@ip-172-31-15-33"} 1 3133.61328125 0.0 3159.265625 3133.61328125 3144.944270833333 15
stats: {recvpackets,"tsung_controller@ip-172-31-15-33"} 1 2458.0 0.0 2458 163 1467.5714285714287 14
stats: {sentpackets,"tsung_controller@ip-172-31-15-33"} 1 2025.0 0.0 2025 145 1224.642857142857 14
stats: {cpu,"tsung_controller@ip-172-31-15-33"} 1 4.743083003952568 0.0 4.743083003952568 1.6798418972332017 3.4364454656481316 15
stats: session 16 57170.9796295166 18682.814290731472 119023.6669921875 13543.001953125 60419.991745852356 89
stats: users_count 20 203
stats: finish_users_count 16 105
stats: request 601 30.27363817465681 77.3419398770109 1718.008056640625 0.60302734375 26.726630696200736 5506
stats: connect 20 1.64056396484375 1.8061609155060137 123.240966796875 0.93798828125 2.3123652557206285 183
stats: page 539 33.60016741071427 82.45677151325306 1718.008056640625 0.60302734375 29.267369908825682 5029
stats: 302 31 375
stats: 200 505 5018
stats: size_rcv 2834467 27970604
stats: newphase 0 2
stats: size_sent 435096 4413096
stats: connected 6 98
stats: 204 62 684
stats: max_repeat 21 141
stats: 400 3 30
# stats: dump at 1480493463
stats: users 109 110
stats: {load,"tsung_controller@ip-172-31-15-33"} 1 0.0390625 0.0 0.078125 0.0 0.01611328125 16
stats: {freemem,"tsung_controller@ip-172-31-15-33"} 1 3133.1953125 0.0 3159.265625 3133.1953125 3144.236083984375 16
stats: {recvpackets,"tsung_controller@ip-172-31-15-33"} 1 2649.0 0.0 2649 163 1533.6 15
stats: {sentpackets,"tsung_controller@ip-172-31-15-33"} 1 2104.0 0.0 2104 145 1278.0 15
stats: {cpu,"tsung_controller@ip-172-31-15-33"} 1 4.554455445544554 0.0 4.743083003952568 1.6798418972332017 3.518110311792159 16
stats: session 10 49387.07673339844 20347.12999406054 119023.6669921875 13543.001953125 59924.90418526786 105
stats: users_count 21 224
stats: finish_users_count 10 115
stats: request 681 35.28052116315621 47.99222062542618 1718.008056640625 0.547119140625 27.07569758576224 6107
stats: connect 21 1.4526250930059523 0.8771699075744633 123.240966796875 0.93798828125 2.2461779364224137 203
stats: page 624 38.649681286934104 52.3773533231753 1718.008056640625 0.547119140625 29.686798402632785 5568
stats: 302 34 409
stats: 200 567 5585
stats: size_rcv 3481673 31452277
stats: newphase 0 2
stats: size_sent 488728 4901824
stats: connected 11 109
stats: 204 74 758
stats: max_repeat 15 156
stats: 400 6 36
# stats: dump at 1480493473
stats: users 117 117
stats: {load,"tsung_controller@ip-172-31-15-33"} 1 0.12109375 0.0 0.12109375 0.0 0.017463235294117647 17
stats: {freemem,"tsung_controller@ip-172-31-15-33"} 1 3132.9921875 0.0 3159.265625 3132.9921875 3143.586626838235 17
stats: {recvpackets,"tsung_controller@ip-172-31-15-33"} 1 3149.0 0.0 3149 163 1603.3125 16
stats: {sentpackets,"tsung_controller@ip-172-31-15-33"} 1 2382.0 0.0 2382 145 1329.625 16
stats: {cpu,"tsung_controller@ip-172-31-15-33"} 1 5.143422354104846 0.0 5.143422354104846 1.6798418972332017 3.5790717902481823 17
stats: session 13 61231.81342022236 27251.707341982245 119023.6669921875 13543.001953125 59008.571363366165 115
stats: users_count 21 245
stats: finish_users_count 13 128
stats: request 730 43.83608364993576 141.54315234936556 2219.43603515625 0.547119140625 27.898839137943337 6788
stats: connect 21 1.1682012648809523 0.06361085322709616 123.240966796875 0.93798828125 2.1717823573521207 224
stats: page 667 47.981689819152905 148.3390162265752 2219.43603515625 0.547119140625 30.590034662291057 6192
stats: 302 42 451
stats: 200 605 6190
stats: size_rcv 3772523 35224800
stats: newphase 0 2
stats: size_sent 522368 5424192
stats: connected 7 116
stats: 204 76 834
stats: max_repeat 25 181
stats: 400 7 43
# stats: dump at 1480493483
stats: users 143 143
stats: {load,"tsung_controller@ip-172-31-15-33"} 1 0.1015625 0.0 0.12109375 0.0 0.023220486111111112 18
stats: {freemem,"tsung_controller@ip-172-31-15-33"} 1 3128.66015625 0.0 3159.265625 3128.66015625 3142.998046875 18
stats: {recvpackets,"tsung_controller@ip-172-31-15-33"} 1 3307.0 0.0 3307 163 1694.235294117647 17
stats: {sentpackets,"tsung_controller@ip-172-31-15-33"} 1 2610.0 0.0 2610 145 1391.5294117647059 17
stats: {cpu,"tsung_controller@ip-172-31-15-33"} 1 5.742574257425743 0.0 5.742574257425743 1.6798418972332017 3.6659801549068853 18
stats: session 13 64869.45952899639 27540.464761316223 119023.6669921875 13543.001953125 59234.369384765625 128
stats: users_count 39 284
stats: finish_users_count 13 141
stats: request 758 22.237621297307903 23.068362004718896 2219.43603515625 0.547119140625 29.4463502437899 7518
stats: connect 39 2.260723407451923 3.835228966008997 123.240966796875 0.905029296875 2.085761120854592 245
stats: page 711 23.71089732496044 26.284905545069567 2219.43603515625 0.547119140625 32.2812774075348 6859
stats: 302 54 505
stats: 200 606 6796
stats: size_rcv 3410427 38635227
stats: newphase 1 3
stats: size_sent 537399 5961591
stats: connected 26 142
stats: 204 94 928
stats: max_repeat 15 196
stats: 400 4 47
# stats: dump at 1480493493
stats: users 169 169
stats: {load,"tsung_controller@ip-172-31-15-33"} 1 0.078125 0.0 0.12109375 0.0 0.02734375 19
stats: {freemem,"tsung_controller@ip-172-31-15-33"} 1 3124.9609375 0.0 3159.265625 3124.9609375 3142.2434210526317 19
stats: {recvpackets,"tsung_controller@ip-172-31-15-33"} 1 3037.0 0.0 3307 163 1783.8333333333333 18
stats: {sentpackets,"tsung_controller@ip-172-31-15-33"} 1 2683.0 0.0 2683 145 1459.2222222222222 18
stats: {cpu,"tsung_controller@ip-172-31-15-33"} 1 5.974534769833497 0.0 5.974534769833497 1.6798418972332017 3.7752745813552466 19
stats: session 14 57299.07577078683 22022.436515966245 119023.6669921875 13543.001953125 59753.91670302804 141
stats: users_count 40 324
stats: finish_users_count 14 155
stats: request 958 27.28828191259459 28.651095744143596 2219.43603515625 0.547119140625 28.78610174917495 8276
stats: connect 40 1.3524108886718749 0.6853465556236049 123.240966796875 0.822021484375 2.1097876320422535 284
stats: page 881 29.677649022772417 32.12090624062217 2219.43603515625 0.547119140625 31.47631832712392 7570
stats: 302 81 586
stats: 200 773 7569
stats: size_rcv 4657269 43292496
stats: newphase 0 3
stats: size_sent 686101 6647692
stats: connected 26 168
stats: 204 99 1027
stats: max_repeat 17 213
stats: 400 5 52
# stats: dump at 1480493503
stats: users 189 191
stats: {load,"tsung_controller@ip-172-31-15-33"} 1 0.0703125 0.0 0.12109375 0.0 0.0298828125 20
stats: {freemem,"tsung_controller@ip-172-31-15-33"} 1 3118.296875 0.0 3159.265625 3118.296875 3141.379296875 20
stats: {recvpackets,"tsung_controller@ip-172-31-15-33"} 1 4159.0 0.0 4159 163 1849.7894736842106 19
stats: {sentpackets,"tsung_controller@ip-172-31-15-33"} 1 3326.0 0.0 3326 145 1523.6315789473683 19
stats: {cpu,"tsung_controller@ip-172-31-15-33"} 1 7.5289575289575295 0.0 7.5289575289575295 1.6798418972332017 3.885237590779159 20
stats: session 20 68077.6400390625 26457.75532945666 119023.6669921875 13543.001953125 59532.189134954635 155
stats: users_count 40 364
stats: finish_users_count 20 175
stats: request 1061 27.111048088109683 55.182096022658875 2219.43603515625 0.547119140625 28.630707401823425 9234
stats: connect 40 1.2384582519531246 0.33046400994537994 123.240966796875 0.822021484375 2.0162843303915894 324
stats: page 968 29.720642342055122 59.17111092830529 2219.43603515625 0.547119140625 31.28881061713295 8451
stats: 302 59 645
stats: 200 881 8450
stats: size_rcv 4819744 48112240
stats: newphase 0 3
stats: size_sent 762465 7410157
stats: connected 20 188
stats: 204 117 1144
stats: max_repeat 20 233
stats: 400 4 56
# stats: dump at 1480493513
stats: users 229 229
stats: {load,"tsung_controller@ip-172-31-15-33"} 1 0.05859375 0.0 0.12109375 0.0 0.03180803571428571 21
stats: {freemem,"tsung_controller@ip-172-31-15-33"} 1 3113.8203125 0.0 3159.265625 3113.8203125 3140.2801339285716 21
stats: {recvpackets,"tsung_controller@ip-172-31-15-33"} 1 5060.0 0.0 5060 163 1965.25 20
stats: {sentpackets,"tsung_controller@ip-172-31-15-33"} 1 4202.0 0.0 4202 145 1613.75 20
stats: {cpu,"tsung_controller@ip-172-31-15-33"} 1 8.860759493670885 0.0 8.860759493670885 1.6798418972332017 4.058748064025748 21
stats: session 10 65016.841552734375 36160.039167349896 124164.93310546875 13543.001953125 60508.81209542411 175
stats: users_count 50 414
stats: finish_users_count 10 185
stats: request 1221 27.088475082859848 28.995064473371347 2219.43603515625 0.547119140625 28.474091711502854 10295
stats: connect 45 1.4394314236111112 1.1678127356964136 123.240966796875 0.822021484375 1.9308089371565933 364
stats: page 1101 30.047142202046434 33.78136651466742 2219.43603515625 0.547119140625 31.127648403492934 9419
stats: 302 81 726
stats: 200 993 9443
stats: size_rcv 5621924 53734164
stats: newphase 0 3
stats: size_sent 885727 8295884
stats: connected 35 223
stats: 204 142 1286
stats: max_repeat 24 257
stats: 400 5 61
# stats: dump at 1480493523
stats: users 239 247
stats: {load,"tsung_controller@ip-172-31-15-33"} 1 0.05078125 0.0 0.12109375 0.0 0.033025568181818184 22
stats: {freemem,"tsung_controller@ip-172-31-15-33"} 1 3105.0859375 0.0 3159.265625 3105.0859375 3139.0774147727275 22
stats: {recvpackets,"tsung_controller@ip-172-31-15-33"} 1 5729.0 0.0 5729 163 2112.6190476190477 21
stats: {sentpackets,"tsung_controller@ip-172-31-15-33"} 1 4589.0 0.0 4589 145 1737.0 21
stats: {cpu,"tsung_controller@ip-172-31-15-33"} 1 9.941520467836257 0.0 9.941520467836257 1.6798418972332017 4.2770213108277995 22
stats: session 25 60732.59254882813 26877.763458397214 124164.93310546875 13543.001953125 60752.48936338683 185
stats: users_count 35 449
stats: finish_users_count 25 210
stats: request 1531 38.44161164067604 50.1249977029494 2219.43603515625 0.547119140625 28.32717977128289 11516
stats: connect 39 1.3216458834134615 0.49541165667149956 123.240966796875 0.822021484375 1.8767453965464547 409
stats: page 1372 42.90293417171557 56.58772705134103 2219.43603515625 0.547119140625 31.014565007314932 10520
stats: 302 82 808
stats: 200 1276 10719
stats: size_rcv 7186101 60920265
stats: newphase 0 3
stats: size_sent 1111502 9407386
stats: connected 19 242
stats: 204 167 1453
stats: max_repeat 42 299
stats: 400 6 67
# stats: dump at 1480493533
stats: users 256 260
stats: {load,"tsung_controller@ip-172-31-15-33"} 1 0.0390625 0.0 0.12109375 0.0 0.03379755434782609 23
stats: {freemem,"tsung_controller@ip-172-31-15-33"} 1 3097.36328125 0.0 3159.265625 3097.36328125 3137.5995244565215 23
stats: {recvpackets,"tsung_controller@ip-172-31-15-33"} 1 6676.0 0.0 6676 163 2277.0 22
stats: {sentpackets,"tsung_controller@ip-172-31-15-33"} 1 5366.0 0.0 5366 145 1866.6363636363637 22
stats: {cpu,"tsung_controller@ip-172-31-15-33"} 1 11.023622047244094 0.0 11.023622047244094 1.6798418972332017 4.523303882871645 23
stats: session 21 60620.186732700895 30331.895862643487 128021.80297851563 13543.001953125 60750.12069498698 210
stats: users_count 38 487
stats: finish_users_count 21 231
stats: request 1520 40.237274491159404 74.93319948134504 2219.43603515625 0.547119140625 29.514057612322276 13047
stats: connect 39 1.4787347255608974 0.8136190664501938 123.240966796875 0.822021484375 1.8284220014299666 448
stats: page 1422 43.01394417249031 78.72101243869176 2219.43603515625 0.547119140625 32.38614611171769 11892
stats: 302 84 892
stats: 200 1254 11973
stats: size_rcv 7356841 68277106
stats: newphase 0 3
stats: size_sent 1100297 10507683
stats: connected 15 257
stats: 204 173 1626
stats: max_repeat 48 347
stats: 400 9 76
# stats: dump at 1480493543
stats: users 279 279
stats: {load,"tsung_controller@ip-172-31-15-33"} 1 0.0390625 0.0 0.12109375 0.0 0.034016927083333336 24
stats: {freemem,"tsung_controller@ip-172-31-15-33"} 1 3093.65625 0.0 3159.265625 3093.65625 3135.9230143229165 24
stats: {recvpackets,"tsung_controller@ip-172-31-15-33"} 1 7223.0 0.0 7223 163 2468.2608695652175 23
stats: {sentpackets,"tsung_controller@ip-172-31-15-33"} 1 5467.0 0.0 5467 145 2018.7826086956522 23
stats: {cpu,"tsung_controller@ip-172-31-15-33"} 1 12.147716229348884 0.0 12.147716229348884 1.6798418972332017 4.79415047305383 24
stats: session 31 59354.87745715726 32184.221753680773 158748.18798828125 13543.001953125 60738.30851659733 231
stats: users_count 54 541
stats: finish_users_count 31 262
stats: request 1626 35.746992235547495 37.87769970440067 2219.43603515625 0.547119140625 30.63297637773948 14567
stats: connect 49 2.529486208545918 8.195743639066558 123.240966796875 0.822021484375 1.8004182976129364 487
stats: page 1517 38.31935589362225 41.88228508399173 2219.43603515625 0.547119140625 33.52124667070963 13314
stats: 302 70 962
stats: 200 1341 13314
stats: size_rcv 7870489 76147595
stats: newphase 1 4
stats: size_sent 1159906 11667589
stats: connected 16 273
stats: 204 200 1826
stats: max_repeat 32 379
stats: 400 15 91
# stats: dump at 1480493553
stats: users 311 311
stats: {load,"tsung_controller@ip-172-31-15-33"} 1 0.03125 0.0 0.12109375 0.0 0.03421875 25
stats: {freemem,"tsung_controller@ip-172-31-15-33"} 1 3087.22265625 0.0 3159.265625 3087.22265625 3134.23234375 25
stats: {recvpackets,"tsung_controller@ip-172-31-15-33"} 1 7315.0 0.0 7315 163 2666.375 24
stats: {sentpackets,"tsung_controller@ip-172-31-15-33"} 1 5939.0 0.0 5939 145 2162.4583333333335 24
stats: {cpu,"tsung_controller@ip-172-31-15-33"} 1 13.570741097208854 0.0 13.570741097208854 1.6798418972332017 5.088293103305633 25
stats: session 29 60401.15374966325 20267.24913007903 158748.18798828125 13543.001953125 60574.62010880099 262
stats: users_count 61 602
stats: finish_users_count 29 291
stats: request 1783 52.224854063332465 54.594238290283016 2219.43603515625 0.547119140625 31.14649393376961 16193
stats: connect 66 1.608957001657197 1.8596111245620908 123.240966796875 0.822021484375 1.8670681626049441 536
stats: page 1624 57.34625244140626 61.10249815573241 2219.43603515625 0.547119140625 34.01202488466408 14831
stats: 302 110 1072
stats: 200 1482 14796
stats: size_rcv 8718474 84866069
stats: newphase 0 4
stats: size_sent 1291539 12959128
stats: connected 36 309
stats: 204 183 2009
stats: max_repeat 42 421
stats: 400 8 99
# stats: dump at 1480493563
stats: users 333 334
stats: {load,"tsung_controller@ip-172-31-15-33"} 1 0.109375 0.0 0.12109375 0.0 0.034104567307692304 26
stats: {freemem,"tsung_controller@ip-172-31-15-33"} 1 3079.85546875 0.0 3159.265625 3079.85546875 3132.424278846154 26
stats: {recvpackets,"tsung_controller@ip-172-31-15-33"} 1 8952.0 0.0 8952 163 2852.32 25
stats: {sentpackets,"tsung_controller@ip-172-31-15-33"} 1 6611.0 0.0 6611 145 2313.52 25
stats: {cpu,"tsung_controller@ip-172-31-15-33"} 1 13.91304347826087 0.0 13.91304347826087 1.6798418972332017 5.414541103071141 26
stats: session 39 60706.56896033654 33096.03663904126 188143.68920898438 13543.001953125 60557.33308331991 291
stats: users_count 61 663
stats: finish_users_count 39 330
stats: request 1857 58.19143293850128 87.24799866777771 2219.43603515625 0.531005859375 33.23721022832961 17976
stats: connect 60 1.39522705078125 1.1228166797178638 123.240966796875 0.822021484375 1.8387702612385797 602
stats: page 1691 63.20965962378955 95.30914810604574 2219.43603515625 0.531005859375 36.31495928467316 16455
stats: 302 97 1169
stats: 200 1544 16340
stats: size_rcv 9170628 94036697
stats: newphase 0 4
stats: size_sent 1341886 14301014
stats: connected 22 331
stats: 204 200 2209
stats: max_repeat 43 464
stats: 400 13 112
stats: 500 1 1
stats: 404 2 2
# stats: dump at 1480493573
stats: users 339 340
stats: {load,"tsung_controller@ip-172-31-15-33"} 1 0.23828125 0.0 0.23828125 0.0 0.036892361111111105 27
stats: {freemem,"tsung_controller@ip-172-31-15-33"} 1 3074.328125 0.0 3159.265625 3074.328125 3130.4772858796296 27
stats: {recvpackets,"tsung_controller@ip-172-31-15-33"} 1 9.5e3 0.0 9500 163 3086.923076923077 26
stats: {sentpackets,"tsung_controller@ip-172-31-15-33"} 1 6986.0 0.0 6986 145 2478.8076923076924 26
stats: {cpu,"tsung_controller@ip-172-31-15-33"} 1 14.66275659824047 0.0 14.66275659824047 1.6798418972332017 5.72930045030039 27
stats: session 40 60831.27352294922 27647.15381576743 188143.68920898438 13543.001953125 60574.97005060369 330
stats: users_count 46 709
stats: finish_users_count 40 370
stats: request 1970 117.68661427764125 112.37048589026189 2219.43603515625 0.531005859375 35.57371966072959 19833
stats: connect 46 1.5891856317934783 1.372609429354512 123.240966796875 0.822021484375 1.798569970260574 662
stats: page 1798 129.6096443965519 131.42375078155513 2219.43603515625 0.531005859375 38.82123825929268 18146
stats: 302 92 1261
stats: 200 1651 17991
stats: size_rcv 9621378 103658075
stats: newphase 0 4
stats: size_sent 1409462 15710476
stats: connected 6 337
stats: 204 211 2420
stats: max_repeat 56 520
stats: 400 15 127
stats: 500 0 1
stats: 404 1 3
# stats: dump at 1480493583
stats: users 356 357
stats: {load,"tsung_controller@ip-172-31-15-33"} 1 0.2109375 0.0 0.23828125 0.0 0.04408482142857142 28
stats: {freemem,"tsung_controller@ip-172-31-15-33"} 1 3070.27734375 0.0 3159.265625 3070.27734375 3128.4719587053573 28
stats: {recvpackets,"tsung_controller@ip-172-31-15-33"} 1 9865.0 0.0 9865 163 3324.4444444444443 27
stats: {sentpackets,"tsung_controller@ip-172-31-15-33"} 1 7137.0 0.0 7137 145 2645.740740740741 27
stats: {cpu,"tsung_controller@ip-172-31-15-33"} 1 15.561959654178676 0.0 15.561959654178676 1.6798418972332017 6.048352455583965 28
stats: session 40 71816.90238647461 25517.811625517457 188143.68920898438 13543.001953125 60602.67853410051 370
stats: users_count 57 766
stats: finish_users_count 40 410
stats: request 1926 179.43785556305988 137.0088855949847 2219.43603515625 0.531005859375 42.992992347759625 21803
stats: connect 56 1.3627493722098216 0.4166153183485507 123.240966796875 0.822021484375 1.784965903072034 708
stats: page 1795 192.12386729630873 157.89046068258 2219.43603515625 0.531005859375 47.00603339741903 19944
stats: 302 97 1358
stats: 200 1601 19592
stats: size_rcv 9467918 113125993
stats: newphase 0 4
stats: size_sent 1395147 17105623
stats: connected 17 354
stats: 204 218 2638
stats: max_repeat 50 570
stats: 400 10 137
stats: 500 0 1
stats: 404 1 4
# stats: dump at 1480493593
stats: users 389 390
stats: {load,"tsung_controller@ip-172-31-15-33"} 1 0.171875 0.0 0.23828125 0.0 0.04983836206896551 29
stats: {freemem,"tsung_controller@ip-172-31-15-33"} 1 3066.18359375 0.0 3159.265625 3066.18359375 3126.4652478448274 29
stats: {recvpackets,"tsung_controller@ip-172-31-15-33"} 1 9910.0 0.0 9910 163 3558.035714285714 28
stats: {sentpackets,"tsung_controller@ip-172-31-15-33"} 1 7051.0 0.0 7137 145 2806.1428571428573 28
stats: {cpu,"tsung_controller@ip-172-31-15-33"} 1 15.13671875 0.0 15.561959654178676 1.6798418972332017 6.376407876225161 29
stats: session 37 70478.1952003273 32879.38284086484 188143.68920898438 13543.001953125 61696.74915384432 410
stats: users_count 70 836
stats: finish_users_count 37 447
stats: request 1973 225.98694794273501 165.76193670117175 2324.373046875 0.531005859375 54.067745036565235 23729
stats: connect 71 7.971686564700704 31.609239258520812 228.85205078125 0.822021484375 1.7540180945271597 764
stats: page 1788 248.85297641284797 198.13725334133224 2324.373046875 0.531005859375 58.98848483715899 21739
stats: 302 108 1466
stats: 200 1663 21255
stats: size_rcv 9886446 123012439
stats: newphase 0 4
stats: size_sent 1437680 18543303
stats: connected 34 388
stats: 204 188 2826
stats: max_repeat 52 622
stats: 400 13 150
stats: 500 0 1
stats: 404 0 4
# stats: dump at 1480493603
stats: users 433 436
stats: {load,"tsung_controller@ip-172-31-15-33"} 1 0.1484375 0.0 0.23828125 0.0 0.053906249999999996 30
stats: {freemem,"tsung_controller@ip-172-31-15-33"} 1 3060.38671875 0.0 3159.265625 3060.38671875 3124.455859375 30
stats: {recvpackets,"tsung_controller@ip-172-31-15-33"} 1 10342.0 0.0 10342 163 3777.0689655172414 29
stats: {sentpackets,"tsung_controller@ip-172-31-15-33"} 1 7219.0 0.0 7219 145 2952.5172413793102 29
stats: {cpu,"tsung_controller@ip-172-31-15-33"} 1 15.088757396449704 0.0 15.561959654178676 1.6798418972332017 6.668418238684323 30
stats: session 42 67501.04592168899 33982.32880903704 188143.68920898438 13543.001953125 62423.625001092354 447
stats: users_count 86 922
stats: finish_users_count 42 489
stats: request 2020 289.47480251198994 155.86248077567114 2324.373046875 0.531005859375 67.26502880179258 25702
stats: connect 86 2.3584523755450566 6.336915510949373 228.85205078125 0.822021484375 2.282706072230539 835
stats: page 1860 314.95561247794853 191.44914665891199 2324.373046875 0.531005859375 73.41776655337151 23527
stats: 302 109 1575
stats: 200 1688 22943
stats: size_rcv 10309388 133321827
stats: newphase 1 5
stats: size_sent 1422209 19965512
stats: connected 43 431
stats: 204 206 3032
stats: max_repeat 56 678
stats: 400 17 167
stats: 500 0 1
stats: 404 0 4
# stats: dump at 1480493613
stats: users 491 492
stats: {load,"tsung_controller@ip-172-31-15-33"} 1 0.12109375 0.0 0.23828125 0.0 0.056955645161290314 31
stats: {freemem,"tsung_controller@ip-172-31-15-33"} 1 3051.97265625 0.0 3159.265625 3051.97265625 3122.389112903226 31
stats: {recvpackets,"tsung_controller@ip-172-31-15-33"} 1 11515.0 0.0 11515 163 3995.9 30
stats: {sentpackets,"tsung_controller@ip-172-31-15-33"} 1 8190.0 0.0 8190 145 3094.733333333333 30
stats: {cpu,"tsung_controller@ip-172-31-15-33"} 1 17.69825918762089 0.0 17.69825918762089 1.6798418972332017 6.940042082483206 31
stats: session 42 68898.35617792036 29070.990084900684 188143.68920898438 13543.001953125 62859.722503474884 489
stats: users_count 100 1022
stats: finish_users_count 42 531
stats: request 2364 211.72049926138192 130.1284240962899 2425.304931640625 0.531005859375 83.45663629384217 27722
stats: connect 99 1.7115490845959596 1.8458034701148422 228.85205078125 0.822021484375 2.28977901694829 921
stats: page 2135 233.89370791861825 162.70415911809283 2425.304931640625 0.531005859375 91.1142408677731 25387
stats: 302 178 1753
stats: 200 1935 24878
stats: size_rcv 11362321 144684148
stats: newphase 0 5
stats: size_sent 1712918 21678430
stats: connected 57 488
stats: 204 238 3270
stats: max_repeat 52 730
stats: 400 11 178
stats: 500 1 2
stats: 404 1 5
# stats: dump at 1480493623
stats: users 564 564
stats: {load,"tsung_controller@ip-172-31-15-33"} 1 0.1796875 0.0 0.23828125 0.0 0.05895996093749999 32
stats: {freemem,"tsung_controller@ip-172-31-15-33"} 1 3035.921875 0.0 3159.265625 3035.921875 3120.1885986328125 32
stats: {recvpackets,"tsung_controller@ip-172-31-15-33"} 1 12432.0 0.0 12432 163 4238.451612903225 31
stats: {sentpackets,"tsung_controller@ip-172-31-15-33"} 1 9065.0 0.0 9065 145 3259.0967741935483 31
stats: {cpu,"tsung_controller@ip-172-31-15-33"} 1 19.961795606494746 0.0 19.961795606494746 1.6798418972332017 7.276236367018758 32
stats: session 38 77529.96166992186 26422.837706413437 188143.68920898438 13543.001953125 63337.35454552142 531
stats: users_count 111 1133
stats: finish_users_count 38 569
stats: request 2338 421.0316733302366 145.8110843309406 2425.304931640625 0.531005859375 93.53493756537257 30086
stats: connect 110 1.4749023437499997 1.278841055083624 228.85205078125 0.822021484375 2.233656699984681 1020
stats: page 2066 473.31210152846666 228.02366137573333 2425.304931640625 0.531005859375 102.1902586772911 27522
stats: 302 147 1900
stats: 200 1964 26842
stats: size_rcv 11466560 156150708
stats: newphase 0 5
stats: size_sent 1713805 23392235
stats: connected 70 558
stats: 204 216 3486
stats: max_repeat 57 787
stats: 400 8 186
stats: 500 0 2
stats: 404 3 8
# stats: dump at 1480493633
stats: users 621 623
stats: {load,"tsung_controller@ip-172-31-15-33"} 1 0.1484375 0.0 0.23828125 0.0 0.06261837121212122 33
stats: {freemem,"tsung_controller@ip-172-31-15-33"} 1 3023.76171875 0.0 3159.265625 3023.76171875 3117.6350615530305 33
stats: {recvpackets,"tsung_controller@ip-172-31-15-33"} 1 11911.0 0.0 12432 163 4494.5 32
stats: {sentpackets,"tsung_controller@ip-172-31-15-33"} 1 8721.0 0.0 9065 145 3440.53125 32
stats: {cpu,"tsung_controller@ip-172-31-15-33"} 1 18.19066147859922 0.0 19.961795606494746 1.6798418972332017 7.660647253063486 33
stats: session 41 72767.46117568598 28862.19777686309 188143.68920898438 5683.6728515625 64285.191225182614 569
stats: users_count 98 1231
stats: finish_users_count 41 610
stats: request 2286 787.9617204374108 371.3893110742467 2943.56494140625 0.531005859375 117.14977127553333 32424
stats: connect 99 1.5542953953598482 1.161276731883739 228.85205078125 0.822021484375 2.1597956564574115 1130
stats: page 2036 873.7735492578895 488.634065830449 2943.56494140625 0.531005859375 128.10406587380754 29588
stats: 302 136 2036
stats: 200 1690 28532
stats: size_rcv 10541749 166692457
stats: newphase 0 5
stats: size_sent 1683436 25075671
stats: connected 60 618
stats: 204 180 3666
stats: max_repeat 69 856
stats: 400 7 193
stats: 503 269 269
stats: 500 2 4
stats: 404 2 10
# stats: dump at 1480493643
stats: users 653 656
stats: {load,"tsung_controller@ip-172-31-15-33"} 1 0.12890625 0.0 0.23828125 0.0 0.06514246323529412 34
stats: {freemem,"tsung_controller@ip-172-31-15-33"} 1 3008.40234375 0.0 3159.265625 3008.40234375 3114.874080882353 34
stats: {recvpackets,"tsung_controller@ip-172-31-15-33"} 1 11178.0 0.0 12432 163 4719.242424242424 33
stats: {sentpackets,"tsung_controller@ip-172-31-15-33"} 1 8321.0 0.0 9065 145 3600.5454545454545 33
stats: {cpu,"tsung_controller@ip-172-31-15-33"} 1 18.635926993275696 0.0 19.961795606494746 1.6798418972332017 7.970353553814537 34
stats: session 52 63241.38650277945 35523.412617995215 188143.68920898438 5683.6728515625 64855.31100874103 610
stats: users_count 84 1315
stats: finish_users_count 52 662
stats: request 2472 826.5405923294013 505.868212672087 3023.674072265625 0.531005859375 161.3294346516224 34710
stats: connect 85 1.3912281709558825 0.6824069005666069 228.85205078125 0.822021484375 2.111020615083401 1229
stats: page 2175 943.2621216100928 659.2143583783768 3023.674072265625 0.531005859375 176.11137260824944 31624
stats: 302 120 2156
stats: 200 1561 30093
stats: size_rcv 9868045 176560502
stats: newphase 0 5
stats: size_sent 1767694 26843365
stats: connected 34 652
stats: 204 142 3808
stats: max_repeat 88 944
stats: 400 19 212
stats: 503 611 880
stats: 500 15 19
stats: 404 4 14
# stats: dump at 1480493653
stats: users 703 705
stats: {load,"tsung_controller@ip-172-31-15-33"} 1 0.19140625 0.0 0.23828125 0.0 0.06696428571428571 35
stats: {freemem,"tsung_controller@ip-172-31-15-33"} 1 3002.6328125 0.0 3159.265625 3002.6328125 3111.83203125 35
stats: {recvpackets,"tsung_controller@ip-172-31-15-33"} 1 11356.0 0.0 12432 163 4909.205882352941 34
stats: {sentpackets,"tsung_controller@ip-172-31-15-33"} 1 8510.0 0.0 9065 145 3739.3823529411766 34
stats: {cpu,"tsung_controller@ip-172-31-15-33"} 1 18.6960690316395 0.0 19.961795606494746 1.6798418972332017 8.275084223513426 35
stats: session 53 65914.16023455923 31138.148913609028 188143.68920898438 5683.6728515625 64728.537482593 662
stats: users_count 103 1418
stats: finish_users_count 53 715
stats: request 2872 721.7594183706634 542.3262062718269 3023.674072265625 0.531005859375 205.5551885588751 37182
stats: connect 104 1.3771855280949516 0.5483781867981399 228.85205078125 0.822021484375 2.064458698986872 1314
stats: page 2560 807.8140912055949 660.811338667861 3023.674072265625 0.531005859375 225.4783029635561 33799
stats: 302 137 2293
stats: 200 1547 31640
stats: size_rcv 10249951 186810453
stats: newphase 0 5
stats: size_sent 2012351 28855716
stats: connected 48 700
stats: 204 149 3957
stats: max_repeat 97 1041
stats: 400 25 237
stats: 503 988 1868
stats: 500 22 41
stats: 404 4 18
# stats: dump at 1480493663
stats: users 790 790
stats: {load,"tsung_controller@ip-172-31-15-33"} 1 0.16015625 0.0 0.23828125 0.0 0.07042100694444445 36
stats: {freemem,"tsung_controller@ip-172-31-15-33"} 1 2998.30078125 0.0 3159.265625 2998.30078125 3108.7987196180557 36
stats: {recvpackets,"tsung_controller@ip-172-31-15-33"} 1 11621.0 0.0 12432 163 5093.4 35
stats: {sentpackets,"tsung_controller@ip-172-31-15-33"} 1 9246.0 0.0 9246 145 3875.6857142857143 35
stats: {cpu,"tsung_controller@ip-172-31-15-33"} 1 21.67630057803468 0.0 21.67630057803468 1.6798418972332017 8.56455602373915 36
stats: session 64 66462.20023727417 33742.96146607594 188143.68920898438 5683.6728515625 64816.42280546602 715
stats: users_count 151 1569
stats: finish_users_count 64 779
stats: request 3007 707.2567103353886 561.3082112907985 3165.224853515625 0.531005859375 242.56868404046133 40054
stats: connect 147 1.4227917729591835 2.1101070162473183 228.85205078125 0.822021484375 2.0140522040836566 1418
stats: page 2699 787.5375556846849 680.9644539792113 3165.224853515625 0.531005859375 266.4799701683642 36359
stats: 302 130 2423
stats: 200 1521 33161
stats: size_rcv 10147267 196957720
stats: newphase 1 6
stats: size_sent 2058767 30914483
stats: connected 77 777
stats: 204 157 4114
stats: max_repeat 118 1159
stats: 400 29 266
stats: 503 1116 2984
stats: 500 48 89
stats: 404 6 24
# stats: dump at 1480493673
stats: users 859 860
stats: {load,"tsung_controller@ip-172-31-15-33"} 1 0.21875 0.0 0.23828125 0.0 0.07284628378378379 37
stats: {freemem,"tsung_controller@ip-172-31-15-33"} 1 2993.55078125 0.0 3159.265625 2993.55078125 3105.8122888513512 37
stats: {recvpackets,"tsung_controller@ip-172-31-15-33"} 1 12304.0 0.0 12432 163 5274.722222222223 36
stats: {sentpackets,"tsung_controller@ip-172-31-15-33"} 1 9956.0 0.0 9956 145 4024.8611111111113 36
stats: {cpu,"tsung_controller@ip-172-31-15-33"} 1 23.295454545454543 0.0 23.295454545454543 1.6798418972332017 8.91892749817957 37
stats: session 78 66651.58061648638 35795.073670508114 188143.68920898438 5683.6728515625 64951.634301789156 779
stats: users_count 147 1716
stats: finish_users_count 78 857
stats: request 3292 635.8519897460936 539.0882114672223 3165.224853515625 0.531005859375 275.0183924789288 43061
stats: connect 150 1.438123372395834 1.088096878173569 228.85205078125 0.822021484375 1.9585152817991214 1565
stats: page 2941 707.0224689897409 644.9668444732614 3165.224853515625 0.531005859375 302.48627933187873 39058
stats: 302 163 2586
stats: 200 1579 34740
stats: size_rcv 10182982 207140702
stats: newphase 0 6
stats: size_sent 2265586 33180069
stats: connected 76 853
stats: 204 133 4247
stats: max_repeat 91 1250
stats: 400 23 289
stats: 503 1329 4313
stats: 500 58 147
stats: 404 7 31
# stats: dump at 1480493683
stats: users 936 936
stats: {load,"tsung_controller@ip-172-31-15-33"} 1 0.1796875 0.0 0.23828125 0.0 0.0766858552631579 38
stats: {freemem,"tsung_controller@ip-172-31-15-33"} 1 2985.52734375 0.0 3159.265625 2985.52734375 3102.858038651316 38
stats: {recvpackets,"tsung_controller@ip-172-31-15-33"} 1 13083.0 0.0 13083 163 5464.7027027027025 37
stats: {sentpackets,"tsung_controller@ip-172-31-15-33"} 1 10903.0 0.0 10903 145 4185.1621621621625 37
stats: {cpu,"tsung_controller@ip-172-31-15-33"} 1 26.27599243856333 0.0 26.27599243856333 1.6798418972332017 9.297257157318386 38
stats: session 80 65533.8764984131 34384.428637306264 188143.68920898438 5683.6728515625 65106.35520324351 857
stats: users_count 157 1873
stats: finish_users_count 80 937
stats: request 3679 573.4816635061331 505.25287419011795 3165.224853515625 0.531005859375 300.64487193448736 46353
stats: connect 155 1.4205991683467734 0.9582925316976074 228.85205078125 0.822021484375 1.912999954446064 1715
stats: page 3244 659.8695486800148 628.5216795991302 3165.224853515625 0.531005859375 330.8141188943391 41999
stats: 302 168 2754
stats: 200 1636 36376
stats: size_rcv 10754716 217895418
stats: newphase 0 6
stats: size_sent 2523040 35703109
stats: connected 81 934
stats: 204 147 4394
stats: max_repeat 141 1391
stats: 400 31 320
stats: 503 1558 5871
stats: 500 109 256
stats: 404 30 61
# stats: dump at 1480493693
stats: users 992 993
stats: {load,"tsung_controller@ip-172-31-15-33"} 1 0.23046875 0.0 0.23828125 0.0 0.07932692307692307 39
stats: {freemem,"tsung_controller@ip-172-31-15-33"} 1 2980.56640625 0.0 3159.265625 2980.56640625 3099.8495592948716 39
stats: {recvpackets,"tsung_controller@ip-172-31-15-33"} 1 13030.0 0.0 13083 163 5665.184210526316 38
stats: {sentpackets,"tsung_controller@ip-172-31-15-33"} 1 11289.0 0.0 11289 145 4361.9473684210525 38
stats: {cpu,"tsung_controller@ip-172-31-15-33"} 1 26.36625119846596 0.0 26.36625119846596 1.6798418972332017 9.732609344016975 39
stats: session 99 63350.63540926846 37438.872326910365 188143.68920898438 5683.6728515625 65142.856487783065 937
stats: users_count 155 2028
stats: finish_users_count 99 1036
stats: request 3933 538.0288187119594 587.6051423549465 3218.194091796875 0.530029296875 320.7073630640062 50032
stats: connect 156 1.4740694486177885 0.9873182519395789 228.85205078125 0.822021484375 1.872185985544786 1870
stats: page 3487 599.6709291738733 697.1298293673234 3218.194091796875 0.530029296875 354.4079525089255 45243
stats: 302 171 2925
stats: 200 1430 37806
stats: size_rcv 10074077 227969495
stats: newphase 0 6
stats: size_sent 2663754 38366863
stats: connected 48 982
stats: 204 108 4502
stats: max_repeat 147 1538
stats: 400 40 360
stats: 503 2064 7935
stats: 500 99 355
stats: 404 21 82
# stats: dump at 1480493703
stats: users 1031 1036
stats: {load,"tsung_controller@ip-172-31-15-33"} 1 0.28125 0.0 0.28125 0.0 0.08310546875 40
stats: {freemem,"tsung_controller@ip-172-31-15-33"} 1 2974.0078125 0.0 3159.265625 2974.0078125 3096.86748046875 40
stats: {recvpackets,"tsung_controller@ip-172-31-15-33"} 1 13433.0 0.0 13433 163 5854.025641025641 39
stats: {sentpackets,"tsung_controller@ip-172-31-15-33"} 1 11320.0 0.0 11320 145 4539.5641025641025 39
stats: {cpu,"tsung_controller@ip-172-31-15-33"} 1 25.238095238095237 0.0 26.36625119846596 1.6798418972332017 10.148450390378198 40
stats: session 114 69086.95683208265 36435.12589591683 188143.68920898438 5683.6728515625 64971.59211831111 1036
stats: users_count 153 2181
stats: finish_users_count 114 1150
stats: request 3791 555.1666808132101 561.0445776781606 3218.194091796875 0.530029296875 336.54587478574064 53965
stats: connect 153 1.9650017233455883 2.8458530672720177 228.85205078125 0.822021484375 1.8415314052088474 2026
stats: page 3383 627.7674801945136 669.3916551409656 3218.194091796875 0.530029296875 371.95837318675586 48730
stats: 302 163 3088
stats: 200 1533 39339
stats: size_rcv 10326320 238295815
stats: newphase 0 6
stats: size_sent 2552835 40919698
stats: connected 43 1025
stats: 204 125 4627
stats: max_repeat 145 1683
stats: 400 37 397
stats: 503 1765 9700
stats: 500 144 499
stats: 404 24 106
# stats: dump at 1480493713
stats: users 1098 1099
stats: {load,"tsung_controller@ip-172-31-15-33"} 1 0.23828125 0.0 0.28125 0.0 0.08793826219512195 41
stats: {freemem,"tsung_controller@ip-172-31-15-33"} 1 2968.5859375 0.0 3159.265625 2968.5859375 3093.8709032012193 41
stats: {recvpackets,"tsung_controller@ip-172-31-15-33"} 1 13627.0 0.0 13627 163 6043.5 40
stats: {sentpackets,"tsung_controller@ip-172-31-15-33"} 1 11774.0 0.0 11774 145 4709.075 40
stats: {cpu,"tsung_controller@ip-172-31-15-33"} 1 27.931363203050523 0.0 27.931363203050523 1.6798418972332017 10.516490508615199 41
stats: session 101 71485.37310730587 38932.50057951318 188143.68920898438 4808.6708984375 65379.55001167629 1150
stats: users_count 168 2349
stats: finish_users_count 101 1251
stats: request 3947 529.6478759827495 468.3451798281676 3218.194091796875 0.530029296875 350.89575143319087 57756
stats: connect 169 1.872013972355769 2.7324210218072156 228.85205078125 0.822021484375 1.8502009594424047 2179
stats: page 3499 596.5292956888348 573.3897931597949 3218.194091796875 0.530029296875 388.56463667201376 52113
stats: 302 204 3292
stats: 200 1701 41040
stats: size_rcv 11132077 249427892
stats: newphase 0 6
stats: size_sent 2645488 43565186
stats: connected 69 1094
stats: 204 131 4758
stats: max_repeat 144 1827
stats: 400 26 423
stats: 503 1646 11346
stats: 500 201 700
stats: 404 38 144
# stats: dump at 1480493723
stats: users 1138 1138
stats: {load,"tsung_controller@ip-172-31-15-33"} 1 0.28125 0.0 0.28125 0.0 0.09151785714285714 42
stats: {freemem,"tsung_controller@ip-172-31-15-33"} 1 2963.953125 0.0 3159.265625 2963.953125 3090.8879278273807 42
stats: {recvpackets,"tsung_controller@ip-172-31-15-33"} 1 14096.0 0.0 14096 163 6228.463414634146 41
stats: {sentpackets,"tsung_controller@ip-172-31-15-33"} 1 12387.0 0.0 12387 145 4881.390243902439 41
stats: {cpu,"tsung_controller@ip-172-31-15-33"} 1 28.32699619771863 0.0 28.32699619771863 1.6798418972332017 10.931130334673183 42
stats: session 118 76977.88026350636 35642.146348209324 188143.68920898438 3935.47412109375 65872.50615289019 1251
stats: users_count 158 2507
stats: finish_users_count 118 1369
stats: request 4229 497.2331821227866 508.5856538432368 3801.126953125 0.530029296875 362.3301166277051 61703
stats: connect 159 1.4213191578223268 0.9120212608746366 228.85205078125 0.822021484375 1.851770976129951 2348
stats: page 3768 559.3485425556272 609.6432976531212 3801.126953125 0.530029296875 401.64937273437187 55612
stats: 302 167 3459
stats: 200 1620 42660
stats: size_rcv 10851601 260279493
stats: newphase 1 7
stats: size_sent 2820235 46385421
stats: connected 39 1133
stats: 204 114 4872
stats: max_repeat 179 2006
stats: 400 32 455
stats: 503 2039 13385
stats: 500 220 920
stats: 404 37 181
# stats: dump at 1480493733
stats: users 1201 1202
stats: {load,"tsung_controller@ip-172-31-15-33"} 1 0.3203125 0.0 0.3203125 0.0 0.09593023255813954 43
stats: {freemem,"tsung_controller@ip-172-31-15-33"} 1 2959.26953125 0.0 3159.265625 2959.26953125 3087.9359556686045 43
stats: {recvpackets,"tsung_controller@ip-172-31-15-33"} 1 14257.0 0.0 14257 163 6415.785714285715 42
stats: {sentpackets,"tsung_controller@ip-172-31-15-33"} 1 12678.0 0.0 12678 145 5060.0952380952385 42
stats: {cpu,"tsung_controller@ip-172-31-15-33"} 1 29.118773946360154 0.0 29.118773946360154 1.6798418972332017 11.335685354744008 43
stats: session 140 78058.12323172433 38721.65137243774 188143.68920898438 3935.47412109375 66829.72612736258 1369
stats: users_count 203 2710
stats: finish_users_count 140 1509
stats: request 4305 496.41237637013626 505.2903310742268 3801.126953125 0.530029296875 370.9830478898949 65932
stats: connect 203 1.4473750673491386 1.2450090575141661 228.85205078125 0.822021484375 1.824470681311079 2507
stats: page 3804 561.201865211271 601.862262925727 3801.126953125 0.530029296875 411.65628536297555 59380
stats: 302 195 3654
stats: 200 1604 44264
stats: size_rcv 10972845 271252338
stats: newphase 0 7
stats: size_sent 2836186 49221607
stats: connected 59 1192
stats: 204 126 4998
stats: max_repeat 186 2192
stats: 400 34 489
stats: 503 2074 15459
stats: 500 231 1151
stats: 404 42 223
# stats: dump at 1480493743
stats: users 1270 1270
stats: {load,"tsung_controller@ip-172-31-15-33"} 1 0.33984375 0.0 0.33984375 0.0 0.10102982954545454 44
stats: {freemem,"tsung_controller@ip-172-31-15-33"} 1 2946.24609375 0.0 3159.265625 2946.24609375 3085.01171875 44
stats: {recvpackets,"tsung_controller@ip-172-31-15-33"} 1 14963.0 0.0 14963 163 6598.139534883721 43
stats: {sentpackets,"tsung_controller@ip-172-31-15-33"} 1 13501.0 0.0 13501 145 5237.255813953489 43
stats: {cpu,"tsung_controller@ip-172-31-15-33"} 1 31.647940074906366 0.0 31.647940074906366 1.6798418972332017 11.73984645909892 44
stats: session 119 69472.56325704105 33922.41700641045 188143.68920898438 3935.47412109375 67871.45945712444 1509
stats: users_count 188 2898
stats: finish_users_count 119 1628
stats: request 4534 460.6922374804425 479.3747919118573 3801.126953125 0.530029296875 378.67092264404783 70237
stats: connect 187 1.5165153952205883 2.206787647092149 228.85205078125 0.81982421875 1.7962232976821955 2710
stats: page 3961 526.2562409641464 577.3248992017986 3801.126953125 0.530029296875 420.65969422824077 63184
stats: 302 204 3858
stats: 200 1684 45948
stats: size_rcv 11315336 282567674
stats: newphase 0 7
stats: size_sent 3017782 52239389
stats: connected 70 1262
stats: 204 91 5089
stats: max_repeat 189 2381
stats: 400 29 518
stats: 503 2251 17710
stats: 500 233 1384
stats: 404 41 264
# stats: dump at 1480493753
stats: users 1308 1311
stats: {load,"tsung_controller@ip-172-31-15-33"} 1 0.2890625 0.0 0.33984375 0.0 0.10633680555555555 45
stats: {freemem,"tsung_controller@ip-172-31-15-33"} 1 2935.21875 0.0 3159.265625 2935.21875 3081.9280381944445 45
stats: {recvpackets,"tsung_controller@ip-172-31-15-33"} 1 15293.0 0.0 15293 163 6788.25 44
stats: {sentpackets,"tsung_controller@ip-172-31-15-33"} 1 13590.0 0.0 13590 145 5425.068181818183 44
stats: {cpu,"tsung_controller@ip-172-31-15-33"} 1 32.045240339302545 0.0 32.045240339302545 1.6798418972332017 12.182248539450198 45
stats: session 149 70379.1292978581 35325.398067723436 188143.68920898438 3935.47412109375 67988.4934572412 1628
stats: users_count 187 3085
stats: finish_users_count 149 1777
stats: request 4665 428.18501274869357 497.2177011542007 3801.126953125 0.530029296875 383.64457073579746 74771
stats: connect 181 1.49577002762431 1.211284227862159 228.85205078125 0.81982421875 1.7781682829219883 2897
stats: page 4095 485.2367272159266 594.0773669715171 3801.126953125 0.530029296875 426.8890176569536 67145
stats: 302 168 4026
stats: 200 1507 47455
stats: size_rcv 10746114 293313788
stats: newphase 0 7
stats: size_sent 3085919 55325308
stats: connected 37 1299
stats: 204 89 5178
stats: max_repeat 225 2606
stats: 400 44 562
stats: 503 2595 20305
stats: 500 223 1607
stats: 404 39 303
# stats: dump at 1480493763
stats: users 1333 1338
stats: {load,"tsung_controller@ip-172-31-15-33"} 1 0.3203125 0.0 0.33984375 0.0 0.11030910326086957 46
stats: {freemem,"tsung_controller@ip-172-31-15-33"} 1 2934.6484375 0.0 3159.265625 2934.6484375 3078.7387058423915 46
stats: {recvpackets,"tsung_controller@ip-172-31-15-33"} 1 14340.0 0.0 15293 163 6977.2444444444445 45
stats: {sentpackets,"tsung_controller@ip-172-31-15-33"} 1 13321.0 0.0 13590 145 5606.511111111113 45
stats: {cpu,"tsung_controller@ip-172-31-15-33"} 1 32.22433460076046 0.0 32.22433460076046 1.6798418972332017 12.614052709012205 46
stats: session 167 77013.51579750657 37997.92958987972 194323.59692382813 3935.47412109375 68188.94632176113 1777
stats: users_count 192 3277
stats: finish_users_count 167 1944
stats: request 4878 434.0002083553553 577.3473001118444 3801.126953125 0.530029296875 386.2602759826649 79436
stats: connect 189 1.6310570126488095 2.03988032737944 228.85205078125 0.81982421875 1.7615620177469136 3078
stats: page 4254 498.3847920247855 691.6324360163555 3801.126953125 0.530029296875 430.242946217369 71240
stats: 302 174 4200
stats: 200 1346 48801
stats: size_rcv 10267201 303580989
stats: newphase 0 7
stats: size_sent 3195280 58520588
stats: connected 22 1321
stats: 204 87 5265
stats: max_repeat 245 2851
stats: 400 44 606
stats: 503 3010 23315
stats: 500 188 1795
stats: 404 29 332
# stats: dump at 1480493773
stats: users 1337 1344
stats: {load,"tsung_controller@ip-172-31-15-33"} 1 0.390625 0.0 0.390625 0.0 0.11477726063829788 47
stats: {freemem,"tsung_controller@ip-172-31-15-33"} 1 2933.80078125 0.0 3159.265625 2933.80078125 3075.6729554521276 47
stats: {recvpackets,"tsung_controller@ip-172-31-15-33"} 1 14654.0 0.0 15293 163 7137.304347826087 46
stats: {sentpackets,"tsung_controller@ip-172-31-15-33"} 1 13721.0 0.0 13721 145 5774.217391304351 46
stats: {cpu,"tsung_controller@ip-172-31-15-33"} 1 33.30179754020814 0.0 33.30179754020814 1.6798418972332017 13.031292749262168 47
stats: session 179 69814.87722317991 35915.918360400436 194323.59692382813 3935.47412109375 68947.0240493586 1944
stats: users_count 183 3460
stats: finish_users_count 179 2123
stats: request 5064 417.8944265356559 555.5301049628931 3801.126953125 0.530029296875 389.0222774309888 84314
stats: connect 188 1.8167633705950794 2.0599482675292067 228.85205078125 0.81982421875 1.754012141418924 3267
stats: page 4461 476.1613008267834 660.9747531562641 3801.126953125 0.530029296875 434.0826607915703 75494
stats: 302 149 4349
stats: 200 1389 50190
stats: size_rcv 10747983 314328972
stats: newphase 0 7
stats: size_sent 3291139 61811727
stats: connected 4 1325
stats: 204 65 5330
stats: max_repeat 272 3123
stats: 400 61 667
stats: 503 3158 26473
stats: 500 216 2011
stats: 404 26 358
# stats: dump at 1480493783
stats: users 1405 1405
stats: {load,"tsung_controller@ip-172-31-15-33"} 1 0.48046875 0.0 0.48046875 0.0 0.12052408854166667 48
stats: {freemem,"tsung_controller@ip-172-31-15-33"} 1 2933.875 0.0 3159.265625 2933.80078125 3072.71728515625 48
stats: {recvpackets,"tsung_controller@ip-172-31-15-33"} 1 15020.0 0.0 15293 163 7297.234042553191 47
stats: {sentpackets,"tsung_controller@ip-172-31-15-33"} 1 13932.0 0.0 13932 145 5943.297872340428 47
stats: {cpu,"tsung_controller@ip-172-31-15-33"} 1 34.64052287581699 0.0 34.64052287581699 1.6798418972332017 13.453594932406874 48
stats: session 179 72300.03645060444 35220.85981628658 194323.59692382813 3935.47412109375 69020.19678516361 2123
stats: users_count 247 3707
stats: finish_users_count 179 2302
stats: request 4903 435.978330590009 502.6785799373812 3801.126953125 0.530029296875 390.6581225278363 89378
stats: connect 240 1.4604410807291666 1.3738432076442462 228.85205078125 0.80908203125 1.7574266800832128 3455
stats: page 4325 495.5926870709894 596.809483345032 3801.126953125 0.530029296875 436.4303915550883 79955
stats: 302 221 4570
stats: 200 1545 51735
stats: size_rcv 11376616 325705588
stats: newphase 1 8
stats: size_sent 3153438 64965165
stats: connected 63 1388
stats: 204 80 5410
stats: max_repeat 272 3395
stats: 400 51 718
stats: 503 2710 29183
stats: 500 266 2277
stats: 404 30 388
# stats: dump at 1480493793
stats: users 1460 1461
stats: {load,"tsung_controller@ip-172-31-15-33"} 1 0.41015625 0.0 0.48046875 0.0 0.1278698979591837 49
stats: {freemem,"tsung_controller@ip-172-31-15-33"} 1 2931.84765625 0.0 3159.265625 2931.84765625 3069.883769132653 49
stats: {recvpackets,"tsung_controller@ip-172-31-15-33"} 1 16237.0 0.0 16237 163 7458.125 48
stats: {sentpackets,"tsung_controller@ip-172-31-15-33"} 1 15235.0 0.0 15235 145 6109.729166666669 48
stats: {cpu,"tsung_controller@ip-172-31-15-33"} 1 35.14018691588785 0.0 35.14018691588785 1.6798418972332017 13.885981216966265 49
stats: session 183 71480.96920092647 36076.18005752663 194323.59692382813 3935.47412109375 69275.23210232865 2302
stats: users_count 238 3945
stats: finish_users_count 183 2485
stats: request 5303 397.61874828737876 472.2856408448338 3801.126953125 0.530029296875 393.0149598559176 94281
stats: connect 242 1.6519755213713847 2.041984346043685 228.85205078125 0.80908203125 1.7381366817489852 3695
stats: page 4647 451.97707195376404 564.586554961998 3801.126953125 0.530029296875 439.4664253484708 84280
stats: 302 226 4796
stats: 200 1611 53346
stats: size_rcv 11976254 337681842
stats: newphase 0 8
stats: size_sent 3430992 68396157
stats: connected 57 1445
stats: 204 74 5484
stats: max_repeat 263 3658
stats: 400 54 772
stats: 503 3026 32209
stats: 500 287 2564
stats: 404 26 414
# stats: dump at 1480493803
stats: users 1540 1543
stats: {load,"tsung_controller@ip-172-31-15-33"} 1 0.3515625 0.0 0.48046875 0.0 0.13351562500000003 50
stats: {freemem,"tsung_controller@ip-172-31-15-33"} 1 2929.1953125 0.0 3159.265625 2929.1953125 3067.123046875 50
stats: {recvpackets,"tsung_controller@ip-172-31-15-33"} 1 16324.0 0.0 16324 163 7637.285714285715 49
stats: {sentpackets,"tsung_controller@ip-172-31-15-33"} 1 15414.0 0.0 15414 145 6295.959183673472 49
stats: {cpu,"tsung_controller@ip-172-31-15-33"} 1 37.4412041392286 0.0 37.4412041392286 1.6798418972332017 14.311065330944695 50
stats: session 179 68477.59745439075 35590.064804138136 194323.59692382813 3935.47412109375 69437.66666532398 2485
stats: users_count 259 4204
stats: finish_users_count 179 2664
stats: request 5411 397.2627178721586 479.89347012240313 3801.126953125 0.530029296875 393.2601186168836 99584
stats: connect 260 1.4918663611778846 1.4885104011741053 228.85205078125 0.80908203125 1.7328405169505652 3937
stats: page 4737 453.8136825642051 574.992444288098 3801.126953125 0.530029296875 440.12018601480156 88927
stats: 302 218 5014
stats: 200 1624 54970
stats: size_rcv 11835824 349517666
stats: newphase 0 8
stats: size_sent 3487273 71883430
stats: connected 86 1531
stats: 204 88 5572
stats: max_repeat 264 3922
stats: 400 46 818
stats: 503 3103 35312
stats: 500 300 2864
stats: 404 31 445
# stats: dump at 1480493813
stats: users 1555 1577
stats: {load,"tsung_controller@ip-172-31-15-33"} 1 0.37109375 0.0 0.48046875 0.0 0.13779105392156865 51
stats: {freemem,"tsung_controller@ip-172-31-15-33"} 1 2922.99609375 0.0 3159.265625 2922.99609375 3064.418581495098 51
stats: {recvpackets,"tsung_controller@ip-172-31-15-33"} 1 16979.0 0.0 16979 163 7811.02 50
stats: {sentpackets,"tsung_controller@ip-172-31-15-33"} 1 16216.0 0.0 16216 145 6478.320000000002 50
stats: {cpu,"tsung_controller@ip-172-31-15-33"} 1 37.75322283609576 0.0 37.75322283609576 1.6798418972332017 14.764597464440458 51
stats: session 215 68081.20643509268 34070.49863972075 194323.59692382813 3935.47412109375 69373.15751038514 2664
stats: users_count 230 4434
stats: finish_users_count 215 2879
stats: request 5751 370.13551799924716 465.3258121019169 3801.126953125 0.530029296875 393.46639572122467 104995
stats: connect 231 1.5446153781114718 1.0834688103598793 228.85205078125 0.80908203125 1.7179124062760602 4197
stats: page 4967 428.06930167818575 563.9608452746451 3801.126953125 0.530029296875 440.81272629873695 93664
stats: 302 228 5242
stats: 200 1609 56579
stats: size_rcv 12355283 361872949
stats: newphase 0 8
stats: size_sent 3722968 75606398
stats: connected 13 1544
stats: 204 58 5630
stats: max_repeat 313 4235
stats: 400 60 878
stats: 503 3452 38764
stats: 500 321 3185
stats: 404 23 468
# stats: dump at 1480493823
stats: users 1590 1594
stats: {load,"tsung_controller@ip-172-31-15-33"} 1 0.390625 0.0 0.48046875 0.0 0.14227764423076925 52
stats: {freemem,"tsung_controller@ip-172-31-15-33"} 1 2921.3203125 0.0 3159.265625 2921.3203125 3061.698918269231 52
stats: {recvpackets,"tsung_controller@ip-172-31-15-33"} 1 16899.0 0.0 16979 163 7990.78431372549 51
stats: {sentpackets,"tsung_controller@ip-172-31-15-33"} 1 16285.0 0.0 16285 145 6669.254901960787 51
stats: {cpu,"tsung_controller@ip-172-31-15-33"} 1 38.294010889292196 0.0 38.294010889292196 1.6798418972332017 15.206686413895369 52
stats: session 213 70455.44000673972 35637.55379402404 194323.59692382813 3935.47412109375 69276.67627343207 2879
stats: users_count 248 4682
stats: finish_users_count 213 3092
stats: request 5637 372.73574170242256 483.42705316984564 3801.126953125 0.530029296875 392.25483162158145 110746
stats: connect 245 1.682286352040817 1.733705406180272 228.85205078125 0.80908203125 1.708871843153653 4428
stats: page 4900 430.7393678750802 577.7546947086406 3801.126953125 0.530029296875 440.17097482009154 98631
stats: 302 253 5495
stats: 200 1552 58131
stats: size_rcv 11791363 373664312
stats: newphase 0 8
stats: size_sent 3623183 79229581
stats: connected 26 1570
stats: 204 57 5687
stats: max_repeat 303 4538
stats: 400 47 925
stats: 503 3396 42160
stats: 500 306 3491
stats: 404 26 494
# stats: dump at 1480493833
stats: users 1633 1643
stats: {load,"tsung_controller@ip-172-31-15-33"} 1 0.48828125 0.0 0.48828125 0.0 0.14696344339622644 53
stats: {freemem,"tsung_controller@ip-172-31-15-33"} 1 2920.79296875 0.0 3159.265625 2920.79296875 3059.0502653301887 53
stats: {recvpackets,"tsung_controller@ip-172-31-15-33"} 1 16501.0 0.0 16979 163 8162.096153846154 52
stats: {sentpackets,"tsung_controller@ip-172-31-15-33"} 1 16094.0 0.0 16285 145 6854.173076923079 52
stats: {cpu,"tsung_controller@ip-172-31-15-33"} 1 38.33955223880597 0.0 38.33955223880597 1.6798418972332017 15.642296309657572 53
stats: session 205 69920.99295445887 35249.28979439984 194323.59692382813 3935.47412109375 69357.87830292576 3092
stats: users_count 248 4930
stats: finish_users_count 205 3297
stats: request 5621 377.56446350564636 481.2007204076835 3801.126953125 0.530029296875 391.3094262799568 116383
stats: connect 249 1.5233982806224895 1.048796667955333 228.85205078125 0.80908203125 1.7074779965192328 4673
stats: page 4883 435.7013600177753 575.1694688903189 3801.126953125 0.530029296875 439.7245879984578 103531
stats: 302 221 5716
stats: 200 1538 59669
stats: size_rcv 11964666 385628978
stats: newphase 0 8
stats: size_sent 3591489 82821070
stats: connected 50 1620
stats: 204 64 5751
stats: max_repeat 317 4855
stats: 400 55 980
stats: 503 3411 45571
stats: 500 297 3788
stats: 404 35 529
# stats: dump at 1480493843
stats: users 1479 1644
stats: {load,"tsung_controller@ip-172-31-15-33"} 1 0.41015625 0.0 0.48828125 0.0 0.15328414351851852 54
stats: {freemem,"tsung_controller@ip-172-31-15-33"} 1 2924.8203125 0.0 3159.265625 2920.79296875 3056.4899450231483 54
stats: {recvpackets,"tsung_controller@ip-172-31-15-33"} 1 15603.0 0.0 16979 163 8319.433962264151 53
stats: {sentpackets,"tsung_controller@ip-172-31-15-33"} 1 14473.0 0.0 16285 145 7028.5094339622665 53
stats: {cpu,"tsung_controller@ip-172-31-15-33"} 1 34.995383194829174 0.0 38.33955223880597 1.6798418972332017 16.062615863901062 54
stats: session 186 69652.9650773899 33504.254309854325 194323.59692382813 3935.47412109375 69392.8914978194 3297
stats: users_count 32 4962
stats: finish_users_count 186 3483
stats: request 5254 404.03462740255935 491.064291138908 3801.126953125 0.530029296875 390.6761647823469 122004
stats: connect 40 1.7205566406249997 1.648179988544098 228.85205078125 0.80908203125 1.6981655525415227 4922
stats: page 4565 464.9013313017698 590.2143961070772 3801.126953125 0.530029296875 439.5433805692543 108414
stats: 302 192 5908
stats: 200 1558 61227
stats: size_rcv 11766966 397395944
stats: newphase 0 8
stats: size_sent 3476191 86297261
stats: connected -151 1469
stats: 204 59 5810
stats: max_repeat 324 5179
stats: 400 56 1036
stats: 503 3040 48611
stats: 500 326 4114
stats: 404 23 552
# stats: dump at 1480493853
stats: users 1257 1644
stats: {load,"tsung_controller@ip-172-31-15-33"} 1 0.3515625 0.0 0.48828125 0.0 0.15795454545454546 55
stats: {freemem,"tsung_controller@ip-172-31-15-33"} 1 2924.87109375 0.0 3159.265625 2920.79296875 3054.0959517045453 55
stats: {recvpackets,"tsung_controller@ip-172-31-15-33"} 1 13392.0 0.0 16979 163 8454.314814814816 54
stats: {sentpackets,"tsung_controller@ip-172-31-15-33"} 1 12322.0 0.0 16285 145 7166.370370370372 54
stats: {cpu,"tsung_controller@ip-172-31-15-33"} 1 30.047393364928908 0.0 38.33955223880597 1.6798418972332017 16.406847997190663 55
stats: session 222 70993.64597299942 34201.916753789665 194323.59692382813 3935.47412109375 69406.78000938991 3483
stats: users_count 0 4962
stats: finish_users_count 222 3705
stats: request 4309 481.80978555739085 572.8759395032328 3801.126953125 0.530029296875 391.22768502159784 127258
stats: connect 0 0 0 228.85205078125 0.80908203125 1.6983460530500554 4962
stats: page 3919 528.1410908544509 659.4526037977528 3801.126953125 0.530029296875 440.56798731116146 112979
stats: 302 88 5996
stats: 200 1363 62590
stats: size_rcv 10331869 407727813
stats: newphase 0 8
stats: size_sent 2860513 89157774
stats: connected -218 1251
stats: 204 63 5873
stats: max_repeat 323 5502
stats: 400 58 1094
stats: 503 2445 51056
stats: 500 263 4377
stats: 404 29 581
# stats: dump at 1480493863
stats: users 1069 1644
stats: {load,"tsung_controller@ip-172-31-15-33"} 1 0.30078125 0.0 0.48828125 0.0 0.16141183035714285 56
stats: {freemem,"tsung_controller@ip-172-31-15-33"} 1 2923.8125 0.0 3159.265625 2920.79296875 3051.7883649553573 56
stats: {recvpackets,"tsung_controller@ip-172-31-15-33"} 1 11326.0 0.0 16979 163 8544.09090909091 55
stats: {sentpackets,"tsung_controller@ip-172-31-15-33"} 1 9859.0 0.0 16285 145 7260.109090909093 55
stats: {cpu,"tsung_controller@ip-172-31-15-33"} 1 25.754716981132077 0.0 38.33955223880597 1.6798418972332017 16.650429164471703 56
stats: session 188 72771.85730240191 32235.84522855515 194323.59692382813 3935.47412109375 69501.86347603535 3705
stats: users_count 0 4962
stats: finish_users_count 188 3893
stats: request 3351 625.67693069991 639.3249680957416 3801.126953125 0.52392578125 394.1943732580761 131567
stats: connect 0 0 0 228.85205078125 0.80908203125 1.6983460530500554 4962
stats: page 3221 654.4525827516214 696.0682877954405 3801.126953125 0.52392578125 443.50387152463094 116898
stats: 302 55 6051
stats: 200 1251 63841
stats: size_rcv 9221244 416949057
stats: newphase 0 8
stats: size_sent 2198433 91356207
stats: connected -190 1061
stats: 204 79 5952
stats: max_repeat 257 5759
stats: 400 45 1139
stats: 503 1650 52706
stats: 500 241 4618
stats: 404 31 612
# stats: dump at 1480493873
stats: users 884 1644
stats: {load,"tsung_controller@ip-172-31-15-33"} 1 0.25 0.0 0.48828125 0.0 0.16385690789473684 57
stats: {freemem,"tsung_controller@ip-172-31-15-33"} 1 2924.3359375 0.0 3159.265625 2920.79296875 3049.5431743421054 57
stats: {recvpackets,"tsung_controller@ip-172-31-15-33"} 1 9593.0 0.0 16979 163 8593.767857142859 56
stats: {sentpackets,"tsung_controller@ip-172-31-15-33"} 1 7967.0 0.0 16285 145 7306.51785714286 56
stats: {cpu,"tsung_controller@ip-172-31-15-33"} 1 20.88122605363985 0.0 38.33955223880597 1.6798418972332017 16.810153512132413 57
stats: session 185 74675.29501425257 27716.31054720716 194323.59692382813 3935.47412109375 69659.77738288273 3893
stats: users_count 0 4962
stats: finish_users_count 185 4078
stats: request 2453 845.1185141002412 599.7064414204787 3801.126953125 0.52392578125 399.94377696986834 134918
stats: connect 0 0 0 228.85205078125 0.80908203125 1.6983460530500554 4962
stats: page 2417 860.6437662019684 623.1764389937739 3801.126953125 0.52392578125 449.16047704800474 120119
stats: 302 46 6097
stats: 200 1245 65086
stats: size_rcv 8381772 425330829
stats: newphase 0 8
stats: size_sent 1574874 92931081
stats: connected -182 879
stats: 204 102 6054
stats: max_repeat 194 5953
stats: 400 42 1181
stats: 503 711 53417
stats: 500 257 4875
stats: 404 49 661
# stats: dump at 1480493883
stats: users 729 1644
stats: {load,"tsung_controller@ip-172-31-15-33"} 1 0.2109375 0.0 0.48828125 0.0 0.16534213362068967 58
stats: {freemem,"tsung_controller@ip-172-31-15-33"} 1 2923.68359375 0.0 3159.265625 2920.79296875 3047.3844288793102 58
stats: {recvpackets,"tsung_controller@ip-172-31-15-33"} 1 8668.0 0.0 16979 163 8611.298245614038 57
stats: {sentpackets,"tsung_controller@ip-172-31-15-33"} 1 7082.0 0.0 16285 145 7318.105263157897 57
stats: {cpu,"tsung_controller@ip-172-31-15-33"} 1 16.912487708947886 0.0 38.33955223880597 1.6798418972332017 16.88034441802047 58
stats: session 155 79176.28823242188 27667.72043251704 194323.59692382813 3935.47412109375 69887.30822197137 4078
stats: users_count 0 4962
stats: finish_users_count 155 4233
stats: request 2055 989.197553841621 513.3168575679862 3801.126953125 0.52392578125 407.89315223961813 137371
stats: connect 0 0 0 228.85205078125 0.80908203125 1.6983460530500554 4962
stats: page 2050 992.1005847465701 518.3739032111396 3801.126953125 0.52392578125 457.2769090344016 122536
stats: 302 17 6114
stats: 200 1269 66355
stats: size_rcv 7643952 432974781
stats: newphase 0 8
stats: size_sent 1339596 94270677
stats: connected -155 724
stats: 204 120 6174
stats: max_repeat 181 6134
stats: 400 23 1204
stats: 503 369 53786
stats: 500 205 5080
stats: 404 52 713
# stats: dump at 1480493893
stats: users 575 1644
stats: {load,"tsung_controller@ip-172-31-15-33"} 1 0.1796875 0.0 0.48828125 0.0 0.16611493644067796 59
stats: {freemem,"tsung_controller@ip-172-31-15-33"} 1 2924.25390625 0.0 3159.265625 2920.79296875 3045.2878045550847 59
stats: {recvpackets,"tsung_controller@ip-172-31-15-33"} 1 8565.0 0.0 16979 163 8612.27586206897 58
stats: {sentpackets,"tsung_controller@ip-172-31-15-33"} 1 6796.0 0.0 16285 145 7314.034482758622 58
stats: {cpu,"tsung_controller@ip-172-31-15-33"} 1 15.984405458089668 0.0 38.33955223880597 1.6798418972332017 16.880889219561613 59
stats: session 154 90410.02087560878 25607.821092488597 194323.59692382813 3935.47412109375 70227.44332748042 4233
stats: users_count 0 4962
stats: finish_users_count 154 4387
stats: request 1890 836.7252394903273 239.66706821777242 3801.126953125 0.52392578125 416.4609985903139 139426
stats: connect 0 0 0 228.85205078125 0.80908203125 1.6983460530500554 4962
stats: page 1889 837.1682172848978 241.3534418913423 3801.126953125 0.52392578125 466.0771637597315 124586
stats: 302 8 6122
stats: 200 1437 67792
stats: size_rcv 8032595 441007376
stats: newphase 0 8
stats: size_sent 1229177 95499854
stats: connected -149 575
stats: 204 196 6370
stats: max_repeat 149 6283
stats: 400 10 1214
stats: 503 17 53803
stats: 500 159 5239
stats: 404 63 776
# stats: dump at 1480493903
stats: users 449 1644
stats: {load,"tsung_controller@ip-172-31-15-33"} 1 0.1484375 0.0 0.48828125 0.0 0.16634114583333334 60
stats: {freemem,"tsung_controller@ip-172-31-15-33"} 1 2923.83203125 0.0 3159.265625 2920.79296875 3043.270572916667 60
stats: {recvpackets,"tsung_controller@ip-172-31-15-33"} 1 7401.0 0.0 16979 163 8611.47457627119 59
stats: {sentpackets,"tsung_controller@ip-172-31-15-33"} 1 5819.0 0.0 16285 145 7305.254237288137 59
stats: {cpu,"tsung_controller@ip-172-31-15-33"} 1 14.285714285714285 0.0 38.33955223880597 1.6798418972332017 16.86594782353708 60
stats: session 126 98060.21956573971 26744.774172204467 201995.171875 3935.47412109375 70935.92678825356 4387
stats: users_count 0 4962
stats: finish_users_count 126 4513
stats: request 1700 626.0849711339608 213.92049677297686 3801.126953125 0.52392578125 422.0817309582059 141316
stats: connect 0 0 0 228.85205078125 0.80908203125 1.6983460530500554 4962
stats: page 1700 626.0849711339608 213.92049677297686 3801.126953125 0.52392578125 471.61968995154047 126475
stats: 302 3 6125
stats: 200 1311 69103
stats: size_rcv 6894903 447902279
stats: newphase 0 8
stats: size_sent 1128977 96628831
stats: connected -126 449
stats: 204 223 6593
stats: max_repeat 109 6392
stats: 400 7 1221
stats: 503 0 53803
stats: 500 88 5327
stats: 404 68 844
# stats: dump at 1480493913
stats: users 351 1644
stats: {load,"tsung_controller@ip-172-31-15-33"} 1 0.12890625 0.0 0.48828125 0.0 0.16604764344262296 61
stats: {freemem,"tsung_controller@ip-172-31-15-33"} 1 2924.29296875 0.0 3159.265625 2920.79296875 3041.3125640368853 61
stats: {recvpackets,"tsung_controller@ip-172-31-15-33"} 1 6363.0 0.0 16979 163 8591.300000000005 60
stats: {sentpackets,"tsung_controller@ip-172-31-15-33"} 1 4969.0 0.0 16285 145 7280.483333333335 60
stats: {cpu,"tsung_controller@ip-172-31-15-33"} 1 11.10009910802775 0.0 38.33955223880597 1.6798418972332017 16.82364891308097 61
stats: session 98 107500.86878437897 30978.49676015809 228047.34399414063 3935.47412109375 71693.21925223833 4513
stats: users_count 0 4962
stats: finish_users_count 98 4611
stats: request 1499 469.19313819890357 192.1729416427233 3801.126953125 0.52392578125 424.5066729807683 143016
stats: connect 0 0 0 228.85205078125 0.80908203125 1.6983460530500554 4962
stats: page 1499 469.19313819890357 192.1729416427233 3801.126953125 0.52392578125 473.668381022421 128175
stats: 302 0 6125
stats: 200 1191 70294
stats: size_rcv 5777707 453679986
stats: newphase 0 8
stats: size_sent 1071979 97700810
stats: connected -96 353
stats: 204 211 6804
stats: max_repeat 85 6477
stats: 400 1 1222
stats: 503 0 53803
stats: 500 38 5365
stats: 404 58 902
# stats: dump at 1480493923
stats: users 286 1644
stats: {load,"tsung_controller@ip-172-31-15-33"} 0 0 0 0.48828125 0.0 0.1654485887096774 62
stats: {freemem,"tsung_controller@ip-172-31-15-33"} 0 0 0 3159.265625 2920.79296875 3039.4251512096776 62
stats: {recvpackets,"tsung_controller@ip-172-31-15-33"} 0 0 0 16979 163 8554.770491803283 61
stats: {sentpackets,"tsung_controller@ip-172-31-15-33"} 0 0 0 16285 145 7242.590163934428 61
stats: {cpu,"tsung_controller@ip-172-31-15-33"} 0 0 0 38.33955223880597 1.6798418972332017 16.731333593644628 62
stats: session 65 109216.7719951923 19731.194037470435 228047.34399414063 3935.47412109375 72454.2579974454 4611
stats: users_count 0 4962
stats: finish_users_count 65 4676
stats: request 1300 485.415703125 146.00727116458538 3801.126953125 0.52392578125 424.9701889573935 144515
stats: connect 0 0 0 228.85205078125 0.80908203125 1.6983460530500554 4962
stats: page 1300 485.415703125 146.00727116458538 3801.126953125 0.52392578125 473.61664830042236 129674
stats: 302 0 6125
stats: 200 1026 71320
stats: size_rcv 5347361 459027347
stats: newphase 0 8
stats: size_sent 921964 98622774
stats: connected -67 286
stats: 204 211 7015
stats: max_repeat 55 6532
stats: 400 0 1222
stats: 503 0 53803
stats: 500 16 5381
stats: 404 47 949
# stats: dump at 1480493933
stats: users 232 1644
stats: {load,"tsung_controller@ip-172-31-15-33"} 1 0.109375 0.0 0.48828125 0.0 0.1654485887096774 62
stats: {freemem,"tsung_controller@ip-172-31-15-33"} 1 2925.0703125 0.0 3159.265625 2920.79296875 3039.4251512096776 62
stats: {recvpackets,"tsung_controller@ip-172-31-15-33"} 1 5717.0 0.0 16979 163 8554.770491803283 61
stats: {sentpackets,"tsung_controller@ip-172-31-15-33"} 1 4210.0 0.0 16285 145 7242.590163934428 61
stats: {cpu,"tsung_controller@ip-172-31-15-33"} 1 10.577864838393731 0.0 38.33955223880597 1.6798418972332017 16.731333593644628 62
stats: session 54 124827.80952510127 24176.94813056861 228047.34399414063 3935.47412109375 72965.28524506163 4676
stats: users_count 0 4962
stats: finish_users_count 54 4730
stats: request 1243 448.1599390178751 171.92614121747346 3801.126953125 0.52392578125 425.5090852877977 145815
stats: connect 0 0 0 228.85205078125 0.80908203125 1.6983460530500554 4962
stats: page 1243 448.1599390178751 171.92614121747346 3801.126953125 0.52392578125 473.7337614012817 130974
stats: 302 0 6125
stats: 200 970 72290
stats: size_rcv 4789367 463816714
stats: newphase 0 8
stats: size_sent 877936 99500710
stats: connected -54 232
stats: 204 211 7226
stats: max_repeat 37 6569
stats: 400 0 1222
stats: 503 0 53803
stats: 500 9 5390
stats: 404 53 1002
# stats: dump at 1480493943
stats: users 171 1644
stats: {load,"tsung_controller@ip-172-31-15-33"} 1 0.08984375 0.0 0.48828125 0.0 0.16455853174603174 63
stats: {freemem,"tsung_controller@ip-172-31-15-33"} 1 2925.75 0.0 3159.265625 2920.79296875 3037.6099950396824 63
stats: {recvpackets,"tsung_controller@ip-172-31-15-33"} 1 5296.0 0.0 16979 163 8509.000000000004 62
stats: {sentpackets,"tsung_controller@ip-172-31-15-33"} 1 3810.0 0.0 16285 145 7193.677419354841 62
stats: {cpu,"tsung_controller@ip-172-31-15-33"} 1 9.30460333006856 0.0 38.33955223880597 1.6798418972332017 16.63365948641842 63
stats: session 61 131578.19918673154 24885.812444323634 228047.34399414063 3935.47412109375 73557.37326009803 4730
stats: users_count 0 4962
stats: finish_users_count 61 4791
stats: request 1112 223.78771665284953 172.19911663696263 3801.126953125 0.52392578125 425.70054043601465 147058
stats: connect 0 0 0 228.85205078125 0.80908203125 1.6983460530500554 4962
stats: page 1112 223.78771665284953 172.19911663696263 3801.126953125 0.52392578125 473.49333648449664 132217
stats: 302 0 6125
stats: 200 866 73156
stats: size_rcv 4451144 468267858
stats: newphase 0 8
stats: size_sent 785448 100286158
stats: connected -61 171
stats: 204 199 7425
stats: max_repeat 34 6603
stats: 400 0 1222
stats: 503 0 53803
stats: 500 2 5392
stats: 404 45 1047
# stats: dump at 1480493953
stats: users 121 1644
stats: {load,"tsung_controller@ip-172-31-15-33"} 1 0.078125 0.0 0.48828125 0.0 0.16339111328125 64
stats: {freemem,"tsung_controller@ip-172-31-15-33"} 1 2926.18359375 0.0 3159.265625 2920.79296875 3035.8621826171875 64
stats: {recvpackets,"tsung_controller@ip-172-31-15-33"} 1 4707.0 0.0 16979 163 8458.000000000004 63
stats: {sentpackets,"tsung_controller@ip-172-31-15-33"} 1 3381.0 0.0 16285 145 7139.968253968256 63
stats: {cpu,"tsung_controller@ip-172-31-15-33"} 1 8.4396467124632 0.0 38.33955223880597 1.6798418972332017 16.519142983975456 64
stats: session 50 140350.21709960935 18711.525833876894 228047.34399414063 3935.47412109375 74296.10638085041 4791
stats: users_count 0 4962
stats: finish_users_count 50 4841
stats: request 973 124.03202683388979 135.64048649607037 3801.126953125 0.52392578125 424.1852062924844 148170
stats: connect 0 0 0 228.85205078125 0.80908203125 1.6983460530500554 4962
stats: page 973 124.03202683388979 135.64048649607037 3801.126953125 0.52392578125 471.41072393019266 133329
stats: 302 0 6125
stats: 200 768 73924
stats: size_rcv 4274217 472542075
stats: newphase 0 8
stats: size_sent 711851 100998009
stats: connected -50 121
stats: 204 177 7602
stats: max_repeat 17 6620
stats: 400 0 1222
stats: 503 0 53803
stats: 500 0 5392
stats: 404 28 1075
# stats: dump at 1480493963
stats: users 74 1644
stats: {load,"tsung_controller@ip-172-31-15-33"} 1 0.0703125 0.0 0.48828125 0.0 0.16207932692307692 65
stats: {freemem,"tsung_controller@ip-172-31-15-33"} 1 2937.171875 0.0 3159.265625 2920.79296875 3034.1748197115385 65
stats: {recvpackets,"tsung_controller@ip-172-31-15-33"} 1 4361.0 0.0 16979 163 8399.390625000004 64
stats: {sentpackets,"tsung_controller@ip-172-31-15-33"} 1 3075.0 0.0 16285 145 7081.234375000002 64
stats: {cpu,"tsung_controller@ip-172-31-15-33"} 1 8.560311284046692 0.0 38.33955223880597 1.6798418972332017 16.394843041336806 65
stats: session 47 141672.41431702956 14731.115101706167 228047.34399414063 3935.47412109375 74978.34259980061 4841
stats: users_count 0 4962
stats: finish_users_count 47 4888
stats: request 727 36.86582239457964 44.81596133714142 3801.126953125 0.52392578125 422.22702492551974 149143
stats: connect 0 0 0 228.85205078125 0.80908203125 1.6983460530500554 4962
stats: page 727 36.86582239457964 44.81596133714142 3801.126953125 0.52392578125 468.89401180174553 134302
stats: 302 0 6125
stats: 200 581 74505
stats: size_rcv 2850947 475393022
stats: newphase 0 8
stats: size_sent 531004 101529013
stats: connected -47 74
stats: 204 124 7726
stats: max_repeat 8 6628
stats: 400 0 1222
stats: 503 0 53803
stats: 500 1 5393
stats: 404 21 1096
# stats: dump at 1480493973
stats: users 42 1644
stats: {load,"tsung_controller@ip-172-31-15-33"} 1 0.05859375 0.0 0.48828125 0.0 0.16068892045454544 66
stats: {freemem,"tsung_controller@ip-172-31-15-33"} 1 2937.7578125 0.0 3159.265625 2920.79296875 3032.705078125 66
stats: {recvpackets,"tsung_controller@ip-172-31-15-33"} 1 2631.0 0.0 16979 163 8337.261538461542 65
stats: {sentpackets,"tsung_controller@ip-172-31-15-33"} 1 2092.0 0.0 16285 145 7019.600000000002 65
stats: {cpu,"tsung_controller@ip-172-31-15-33"} 1 5.697445972495088 0.0 38.33955223880597 1.6798418972332017 16.276138014711197 66
stats: session 32 157688.1890258789 19507.73510542614 228047.34399414063 3935.47412109375 75619.63175092782 4888
stats: users_count 0 4962
stats: finish_users_count 32 4920
stats: request 419 27.395898787104713 27.60518126545818 3801.126953125 0.52392578125 420.3576875381841 149870
stats: connect 0 0 0 228.85205078125 0.80908203125 1.6983460530500554 4962
stats: page 419 27.395898787104713 27.60518126545818 3801.126953125 0.52392578125 466.5679596670263 135029
stats: 302 0 6125
stats: 200 337 74842
stats: size_rcv 1683870 477076892
stats: newphase 0 8
stats: size_sent 307944 101836957
stats: connected -28 46
stats: 204 72 7798
stats: max_repeat 2 6630
stats: 400 0 1222
stats: 503 0 53803
stats: 500 0 5393
stats: 404 10 1106
# stats: dump at 1480493983
stats: users 20 1644
stats: {load,"tsung_controller@ip-172-31-15-33"} 1 0.05078125 0.0 0.48828125 0.0 0.1591651119402985 67
stats: {freemem,"tsung_controller@ip-172-31-15-33"} 1 2968.3828125 0.0 3159.265625 2920.79296875 3031.2879547574626 67
stats: {recvpackets,"tsung_controller@ip-172-31-15-33"} 1 1540.0 0.0 16979 163 8250.803030303034 66
stats: {sentpackets,"tsung_controller@ip-172-31-15-33"} 1 1258.0 0.0 16285 145 6944.939393939396 66
stats: {cpu,"tsung_controller@ip-172-31-15-33"} 1 3.8461538461538463 0.0 38.33955223880597 1.6798418972332017 16.118247088707975 67
stats: session 22 161115.58881170096 13441.213353201829 228047.34399414063 3935.47412109375 76153.41098523643 4920
stats: users_count 0 4962
stats: finish_users_count 22 4942
stats: request 212 19.238988336527125 14.383508155380612 3801.126953125 0.52392578125 419.26212505865 150289
stats: connect 0 0 0 228.85205078125 0.80908203125 1.6983460530500554 4962
stats: page 212 19.238988336527125 14.383508155380612 3801.126953125 0.52392578125 465.20940809366465 135448
stats: 302 0 6125
stats: 200 171 75013
stats: size_rcv 807332 477884224
stats: newphase 0 8
stats: size_sent 155707 101992664
stats: connected -25 21
stats: 204 35 7833
stats: max_repeat 2 6632
stats: 400 0 1222
stats: 503 0 53803
stats: 500 0 5393
stats: 404 6 1112
# stats: dump at 1480493993
stats: users 13 1644
stats: {load,"tsung_controller@ip-172-31-15-33"} 1 0.0390625 0.0 0.48828125 0.0 0.15757123161764705 68
stats: {freemem,"tsung_controller@ip-172-31-15-33"} 1 2981.68359375 0.0 3159.265625 2920.79296875 3030.3628791360293 68
stats: {recvpackets,"tsung_controller@ip-172-31-15-33"} 1 701.0 0.0 16979 163 8150.64179104478 67
stats: {sentpackets,"tsung_controller@ip-172-31-15-33"} 1 630.0 0.0 16285 145 6860.059701492539 67
stats: {cpu,"tsung_controller@ip-172-31-15-33"} 1 2.3692003948667324 0.0 38.33955223880597 1.6798418972332017 15.937775129258648 68
stats: session 7 157560.09880719866 4165.982345392578 228047.34399414063 3935.47412109375 76531.63193063956 4942
stats: users_count 0 4962
stats: finish_users_count 7 4949
stats: request 100 18.632658691406256 13.249352243426994 3801.126953125 0.52392578125 418.69864106196496 150501
stats: connect 0 0 0 228.85205078125 0.80908203125 1.6983460530500554 4962
stats: page 100 18.632658691406256 13.249352243426994 3801.126953125 0.52392578125 464.51247658114426 135660
stats: 302 0 6125
stats: 200 84 75097
stats: size_rcv 339731 478223955
stats: newphase 0 8
stats: size_sent 73543 102066207
stats: connected -8 13
stats: 204 14 7847
stats: max_repeat 1 6633
stats: 400 0 1222
stats: 503 0 53803
stats: 500 0 5393
stats: 404 2 1114
# stats: dump at 1480494003
stats: users 6 1644
stats: {load,"tsung_controller@ip-172-31-15-33"} 1 0.03125 0.0 0.48828125 0.0 0.15585371376811594 69
stats: {freemem,"tsung_controller@ip-172-31-15-33"} 1 2998.6796875 0.0 3159.265625 2920.79296875 3029.657382246377 69
stats: {recvpackets,"tsung_controller@ip-172-31-15-33"} 1 344.0 0.0 16979 163 8041.088235294121 68
stats: {sentpackets,"tsung_controller@ip-172-31-15-33"} 1 286.0 0.0 16285 145 6768.44117647059 68
stats: {cpu,"tsung_controller@ip-172-31-15-33"} 1 1.6765285996055226 0.0 38.33955223880597 1.6765285996055226 15.741129118615287 69
stats: session 7 182990.93436104912 13110.03382621179 228047.34399414063 3935.47412109375 76646.24079467995 4949
stats: users_count 0 4962
stats: finish_users_count 7 4956
stats: request 72 41.52463107638889 94.65310534646844 3801.126953125 0.52392578125 418.4329947632216 150601
stats: connect 0 0 0 228.85205078125 0.80908203125 1.6983460530500554 4962
stats: page 72 41.52463107638889 94.65310534646844 3801.126953125 0.52392578125 464.184044187295 135760
stats: 302 0 6125
stats: 200 58 75155
stats: size_rcv 279798 478503753
stats: newphase 0 8
stats: size_sent 52936 102119143
stats: connected -7 6
stats: 204 12 7859
stats: max_repeat 0 6633
stats: 400 0 1222
stats: 503 0 53803
stats: 500 0 5393
stats: 404 2 1116
# stats: dump at 1480494013
stats: users 4 1644
stats: {load,"tsung_controller@ip-172-31-15-33"} 1 0.03125 0.0 0.48828125 0.0 0.15407366071428572 70
stats: {freemem,"tsung_controller@ip-172-31-15-33"} 1 3029.05859375 0.0 3159.265625 2920.79296875 3029.21484375 70
stats: {recvpackets,"tsung_controller@ip-172-31-15-33"} 1 196.0 0.0 16979 163 7929.536231884062 69
stats: {sentpackets,"tsung_controller@ip-172-31-15-33"} 1 179.0 0.0 16285 145 6674.49275362319 69
stats: {cpu,"tsung_controller@ip-172-31-15-33"} 1 1.2858555885262115 0.0 38.33955223880597 1.2858555885262115 15.540206254058006 70
stats: session 2 184959.93090820313 6420.52587890625 228047.34399414063 3935.47412109375 76796.44516412397 4956
stats: users_count 0 4962
stats: finish_users_count 2 4958
stats: request 29 17.604820514547416 11.49394887903806 3801.126953125 0.52392578125 418.2528868328993 150673
stats: connect 0 0 0 228.85205078125 0.80908203125 1.6983460530500554 4962
stats: page 29 17.604820514547416 11.49394887903806 3801.126953125 0.52392578125 463.96000656917863 135832
stats: 302 0 6125
stats: 200 24 75179
stats: size_rcv 77510 478581263
stats: newphase 0 8
stats: size_sent 21325 102140468
stats: connected -2 4
stats: 204 4 7863
stats: max_repeat 0 6633
stats: 400 0 1222
stats: 503 0 53803
stats: 500 0 5393
stats: 404 1 1117
# stats: dump at 1480494023
stats: users 2 1644
stats: {load,"tsung_controller@ip-172-31-15-33"} 1 0.01953125 0.0 0.48828125 0.0 0.15234375 71
stats: {freemem,"tsung_controller@ip-172-31-15-33"} 1 3053.71875 0.0 3159.265625 2920.79296875 3029.2126430457747 71
stats: {recvpackets,"tsung_controller@ip-172-31-15-33"} 1 64.0 0.0 16979 64 7819.057142857147 70
stats: {sentpackets,"tsung_controller@ip-172-31-15-33"} 1 72.0 0.0 16285 72 6581.700000000002 70
stats: {cpu,"tsung_controller@ip-172-31-15-33"} 1 1.085883514313919 0.0 38.33955223880597 1.085883514313919 15.33944075172657 71
stats: session 2 187944.43408203125 4417.175048828125 228047.34399414063 3935.47412109375 76840.07706640073 4958
stats: users_count 0 4962
stats: finish_users_count 2 4960
stats: request 15 15.998649088541667 7.561821750495035 3801.126953125 0.52392578125 418.1757890244878 150702
stats: connect 0 0 0 228.85205078125 0.80908203125 1.6983460530500554 4962
stats: page 15 15.998649088541667 7.561821750495035 3801.126953125 0.52392578125 463.8647305120645 135861
stats: 302 0 6125
stats: 200 12 75191
stats: size_rcv 36144 478617407
stats: newphase 0 8
stats: size_sent 11012 102151480
stats: connected -2 2
stats: 204 2 7865
stats: max_repeat 0 6633
stats: 400 0 1222
stats: 503 0 53803
stats: 500 0 5393
stats: 404 1 1118
# stats: dump at 1480494033
stats: users 2 1644
stats: {load,"tsung_controller@ip-172-31-15-33"} 1 0.01953125 0.0 0.48828125 0.0 0.15049913194444445 72
stats: {freemem,"tsung_controller@ip-172-31-15-33"} 1 3054.140625 0.0 3159.265625 2920.79296875 3029.5530056423613 72
stats: {recvpackets,"tsung_controller@ip-172-31-15-33"} 1 34.0 0.0 16979 34 7709.830985915496 71
stats: {sentpackets,"tsung_controller@ip-172-31-15-33"} 1 41.0 0.0 16285 41 6490.014084507044 71
stats: {cpu,"tsung_controller@ip-172-31-15-33"} 1 0.9871668311944718 0.0 38.33955223880597 0.9871668311944718 15.141474678984729 72
stats: session 0 0 0 228047.34399414063 3935.47412109375 76884.87721035864 4960
stats: users_count 0 4962
stats: finish_users_count 0 4960
stats: request 16 16.933883666992188 7.531898017175564 3801.126953125 0.52392578125 418.13576263662816 150717
stats: connect 0 0 0 228.85205078125 0.80908203125 1.6983460530500554 4962
stats: page 16 16.933883666992188 7.531898017175564 3801.126953125 0.52392578125 463.81528843825197 135876
stats: 302 0 6125
stats: 200 11 75202
stats: size_rcv 38691 478656098
stats: newphase 0 8
stats: size_sent 11713 102163193
stats: connected 0 2
stats: 204 3 7868
stats: max_repeat 0 6633
stats: 400 0 1222
stats: 503 0 53803
stats: 500 0 5393
stats: 404 2 1120
# stats: dump at 1480494043
stats: users 0 1644
stats: {load,"tsung_controller@ip-172-31-15-33"} 1 0.01953125 0.0 0.48828125 0.0 0.148705051369863 73
stats: {freemem,"tsung_controller@ip-172-31-15-33"} 1 3054.2421875 0.0 3159.265625 2920.79296875 3029.8898223458905 73
stats: {recvpackets,"tsung_controller@ip-172-31-15-33"} 1 33.0 0.0 16979 33 7603.222222222225 72
stats: {sentpackets,"tsung_controller@ip-172-31-15-33"} 1 34.0 0.0 16285 34 6400.444444444446 72
stats: {cpu,"tsung_controller@ip-172-31-15-33"} 1 0.8866995073891626 0.0 38.33955223880597 0.8866995073891626 14.947580050932807 73
stats: session 2 206727.4539794922 581.0728759765625 228047.34399414063 3935.47412109375 76884.87721035864 4960
stats: users_count 0 4962
stats: finish_users_count 2 4962
stats: request 8 11.980010986328125 0.610051286457302 3801.126953125 0.52392578125 418.09317587683756 150733
stats: connect 0 0 0 228.85205078125 0.80908203125 1.6983460530500554 4962
stats: page 8 11.980010986328125 0.610051286457302 3801.126953125 0.52392578125 463.76267237199096 135892
stats: 302 0 6125
stats: 200 8 75210
stats: size_rcv 6976 478663074
stats: newphase 0 8
stats: size_sent 5876 102169069
stats: connected -2 0
stats: 204 0 7868
stats: max_repeat 0 6633
stats: 400 0 1222
stats: 503 0 53803
stats: 500 0 5393
stats: 404 0 1120
# stats: dump at 1480494045
stats: users 0 1644
stats: {load,"tsung_controller@ip-172-31-15-33"} 1 0.01171875 0.0 0.48828125 0.0 0.14695945945945946 74
stats: {freemem,"tsung_controller@ip-172-31-15-33"} 1 3076.44140625 0.0 3159.265625 2920.79296875 3030.2189083614867 74
stats: {recvpackets,"tsung_controller@ip-172-31-15-33"} 1 8.0 0.0 16979 8 7499.520547945209 73
stats: {sentpackets,"tsung_controller@ip-172-31-15-33"} 1 16.0 0.0 16285 16 6313.23287671233 73
stats: {cpu,"tsung_controller@ip-172-31-15-33"} 1 0.9881422924901186 0.0 38.33955223880597 0.8866995073891626 14.757568151695732 74
stats: session 0 0 0 228047.34399414063 3935.47412109375 76937.21198535628 4962
stats: users_count 0 4962
stats: finish_users_count 0 4962
stats: request 0 0 0 3801.126953125 0.52392578125 418.07162297935696 150741
stats: connect 0 0 0 228.85205078125 0.80908203125 1.6983460530500554 4962
stats: page 0 0 0 3801.126953125 0.52392578125 463.73607736616987 135900
stats: 302 0 6125
stats: 200 0 75210
stats: size_rcv 0 478663074
stats: newphase 0 8
stats: size_sent 0 102169069
stats: connected 0 0
stats: 204 0 7868
stats: max_repeat 0 6633
stats: 400 0 1222
stats: 503 0 53803
stats: 500 0 5393
stats: 404 0 1120
EndMonitor:{1480,494045,138599}
