# stats: dump at 1480582883
stats: users 6 6
stats: {load,"tsung_controller@ip-172-31-6-161"} 1 0.0 0 0.0 0.0 0 0
stats: {freemem,"tsung_controller@ip-172-31-6-161"} 1 3162.84375 0 3162.84375 3162.84375 0 0
stats: {cpu,"tsung_controller@ip-172-31-6-161"} 1 4.1671353519441245 0 4.1671353519441245 4.1671353519441245 0 0
stats: session 2 4753.3973388671875 1238.5474853515625 5991.94482421875 3514.849853515625 0 0
stats: users_count 8 8
stats: finish_users_count 2 2
stats: request 15 132.54557291666666 200.93356935873103 801.2490234375 5.77685546875 0 0
stats: connect 8 14.687957763671875 33.875732434287784 104.2041015625 0.760986328125 0 0
stats: page 15 132.54557291666666 200.93356935873103 801.2490234375 5.77685546875 0 0
stats: 200 15 15
stats: size_rcv 112878 112878
stats: size_sent 5431 5431
stats: connected 6 6
# stats: dump at 1480582893
stats: users 6 11
stats: {load,"tsung_controller@ip-172-31-6-161"} 1 0.0 0.0 0.0 0.0 0.0 1
stats: {freemem,"tsung_controller@ip-172-31-6-161"} 1 3161.6640625 0.0 3162.84375 3161.6640625 3162.84375 1
stats: {recvpackets,"tsung_controller@ip-172-31-6-161"} 1 159 0 159 159 0 0
stats: {sentpackets,"tsung_controller@ip-172-31-6-161"} 1 146 0 146 146 0 0
stats: {cpu,"tsung_controller@ip-172-31-6-161"} 1 2.259332023575639 0.0 4.1671353519441245 2.259332023575639 4.1671353519441245 1
stats: session 7 8411.0830078125 1968.5670412772752 12465.967041015625 3514.849853515625 4753.3973388671875 2
stats: users_count 7 15
stats: finish_users_count 7 9
stats: request 32 1065.8525009155273 1152.9217085976818 4076.02783203125 5.77685546875 132.54557291666666 15
stats: connect 7 2.6100027901785716 2.5640145649339767 104.2041015625 0.72705078125 14.687957763671875 8
stats: page 32 1065.8525009155273 1152.9217085976818 4076.02783203125 5.77685546875 132.54557291666666 15
stats: 200 32 47
stats: size_rcv 264532 377410
stats: size_sent 13469 18900
stats: connected 0 6
# stats: dump at 1480582903
stats: users 5 11
stats: {load,"tsung_controller@ip-172-31-6-161"} 1 0.0 0.0 0.0 0.0 0.0 2
stats: {freemem,"tsung_controller@ip-172-31-6-161"} 1 3160.59375 0.0 3162.84375 3160.59375 3162.25390625 2
stats: {recvpackets,"tsung_controller@ip-172-31-6-161"} 1 330.0 0.0 330 159 159.0 1
stats: {sentpackets,"tsung_controller@ip-172-31-6-161"} 1 266.0 0.0 266 146 146.0 1
stats: {cpu,"tsung_controller@ip-172-31-6-161"} 1 1.5779092702169626 0.0 4.1671353519441245 1.5779092702169626 3.2132336877598817 2
stats: session 8 9296.193481445313 3941.1986999804963 17210.893798828125 3514.849853515625 7598.263970269098 9
stats: users_count 7 22
stats: finish_users_count 8 17
stats: request 32 385.7809600830078 1177.8739954911564 6784.97607421875 5.37890625 767.9885877244016 47
stats: connect 7 1.4690987723214286 1.1217948263853728 104.2041015625 0.72705078125 9.051578776041667 15
stats: page 32 385.7809600830078 1177.8739954911564 6784.97607421875 5.37890625 767.9885877244016 47
stats: 200 32 79
stats: size_rcv 284592 662002
stats: size_sent 11545 30445
stats: connected -1 5
# stats: dump at 1480582913
stats: users 6 11
stats: {load,"tsung_controller@ip-172-31-6-161"} 1 0.0 0.0 0.0 0.0 0.0 3
stats: {freemem,"tsung_controller@ip-172-31-6-161"} 1 3160.6015625 0.0 3162.84375 3160.59375 3161.7005208333335 3
stats: {recvpackets,"tsung_controller@ip-172-31-6-161"} 1 279.0 0.0 330 159 244.5 2
stats: {sentpackets,"tsung_controller@ip-172-31-6-161"} 1 210.0 0.0 266 146 206.0 2
stats: {cpu,"tsung_controller@ip-172-31-6-161"} 1 1.5732546705998034 0.0 4.1671353519441245 1.5732546705998034 2.668125548578909 3
stats: session 8 7435.544708251953 3057.868611394844 17210.893798828125 1799.2021484375 8397.289622587316 17
stats: users_count 9 31
stats: finish_users_count 8 25
stats: request 33 146.14234138257578 280.108163769045 6784.97607421875 5.37890625 613.1703081734573 79
stats: connect 9 0.7828776041666666 0.03364419624117238 104.2041015625 0.7109375 6.638971502130682 22
stats: page 33 146.14234138257578 280.108163769045 6784.97607421875 5.37890625 613.1703081734573 79
stats: 200 33 112
stats: size_rcv 267769 929771
stats: size_sent 12784 43229
stats: connected 1 6
# stats: dump at 1480582923
stats: users 6 11
stats: {load,"tsung_controller@ip-172-31-6-161"} 1 0.0 0.0 0.0 0.0 0.0 4
stats: {freemem,"tsung_controller@ip-172-31-6-161"} 1 3160.58984375 0.0 3162.84375 3160.58984375 3161.42578125 4
stats: {recvpackets,"tsung_controller@ip-172-31-6-161"} 1 354.0 0.0 354 159 256.0 3
stats: {sentpackets,"tsung_controller@ip-172-31-6-161"} 1 285.0 0.0 285 146 207.33333333333334 3
stats: {cpu,"tsung_controller@ip-172-31-6-161"} 1 1.6765285996055226 0.0 4.1671353519441245 1.5732546705998034 2.3944078290841326 4
stats: session 13 5994.6650390625 3601.2012400193985 17210.893798828125 1715.9140625 8089.53125 25
stats: users_count 13 44
stats: finish_users_count 13 38
stats: request 49 98.49538624043367 86.17262580562208 6784.97607421875 5.37890625 475.56385367257263 112
stats: connect 12 1.333984375 1.4011244436246992 104.2041015625 0.7109375 4.938815209173387 31
stats: page 49 98.49538624043367 86.17262580562208 6784.97607421875 5.37890625 475.56385367257263 112
stats: 200 49 161
stats: size_rcv 391770 1321541
stats: size_sent 19452 62681
stats: connected -1 5
# stats: dump at 1480582933
stats: users 8 11
stats: {load,"tsung_controller@ip-172-31-6-161"} 1 0.0 0.0 0.0 0.0 0.0 5
stats: {freemem,"tsung_controller@ip-172-31-6-161"} 1 3160.37890625 0.0 3162.84375 3160.37890625 3161.25859375 5
stats: {recvpackets,"tsung_controller@ip-172-31-6-161"} 1 467.0 0.0 467 159 280.5 4
stats: {sentpackets,"tsung_controller@ip-172-31-6-161"} 1 372.0 0.0 372 146 226.75 4
stats: {cpu,"tsung_controller@ip-172-31-6-161"} 1 1.7751479289940828 0.0 4.1671353519441245 1.5732546705998034 2.2508319831884105 5
stats: session 11 7445.230735085227 5004.016362376979 19099.636962890625 1715.9140625 7372.866493626645 38
stats: users_count 13 57
stats: finish_users_count 11 49
stats: request 50 237.43029296875 328.7892013285206 6784.97607421875 5.286865234375 360.8038853236608 161
stats: connect 14 2.0151192801339284 2.1142216229626136 104.2041015625 0.593994140625 3.932815906613372 43
stats: page 50 237.43029296875 328.7892013285206 6784.97607421875 5.286865234375 360.8038853236608 161
stats: 200 50 211
stats: size_rcv 432978 1754519
stats: size_sent 19723 82404
stats: connected 3 8
# stats: dump at 1480582943
stats: users 9 13
stats: {load,"tsung_controller@ip-172-31-6-161"} 1 0.0 0.0 0.0 0.0 0.0 6
stats: {freemem,"tsung_controller@ip-172-31-6-161"} 1 3159.5390625 0.0 3162.84375 3159.5390625 3161.1119791666665 6
stats: {recvpackets,"tsung_controller@ip-172-31-6-161"} 1 479.0 0.0 479 159 317.8 5
stats: {sentpackets,"tsung_controller@ip-172-31-6-161"} 1 388.0 0.0 388 146 255.8 5
stats: {cpu,"tsung_controller@ip-172-31-6-161"} 1 1.8682399213372665 0.0 4.1671353519441245 1.5732546705998034 2.1715513074893558 6
stats: session 9 6312.981743706598 3132.50659497106 19099.636962890625 1685.35595703125 7389.111527423469 49
stats: users_count 10 67
stats: finish_users_count 9 58
stats: request 39 122.85547501001602 104.86238274954967 6784.97607421875 5.286865234375 331.5684368983264 211
stats: connect 10 0.783740234375 0.031064014113920842 104.2041015625 0.593994140625 3.461802700109649 57
stats: page 39 122.85547501001602 104.86238274954967 6784.97607421875 5.286865234375 331.5684368983264 211
stats: 200 39 250
stats: size_rcv 314575 2069094
stats: newphase 1 1
stats: size_sent 17250 99654
stats: connected 2 10
# stats: dump at 1480582953
stats: users 13 13
stats: {load,"tsung_controller@ip-172-31-6-161"} 1 0.0 0.0 0.0 0.0 0.0 7
stats: {freemem,"tsung_controller@ip-172-31-6-161"} 1 3160.15234375 0.0 3162.84375 3159.5390625 3160.887276785714 7
stats: {recvpackets,"tsung_controller@ip-172-31-6-161"} 1 396.0 0.0 479 159 344.6666666666667 6
stats: {sentpackets,"tsung_controller@ip-172-31-6-161"} 1 324.0 0.0 388 146 277.8333333333333 6
stats: {cpu,"tsung_controller@ip-172-31-6-161"} 1 1.7716535433070866 0.0 4.1671353519441245 1.5732546705998034 2.1282211094676287 7
stats: session 13 6906.432692307692 3854.2188285769903 19099.636962890625 816.505126953125 7222.125871329472 58
stats: users_count 17 84
stats: finish_users_count 13 71
stats: request 62 198.56487446446573 227.9751300685913 6784.97607421875 5.286865234375 299.00921484375 250
stats: connect 17 1.6432531020220589 1.9929177914062832 104.2041015625 0.593994140625 3.062091884328358 67
stats: page 62 198.56487446446573 227.9751300685913 6784.97607421875 5.286865234375 299.00921484375 250
stats: 200 62 312
stats: size_rcv 495682 2564776
stats: newphase 0 1
stats: size_sent 22545 122199
stats: connected 3 13
# stats: dump at 1480582963
stats: users 8 15
stats: {load,"tsung_controller@ip-172-31-6-161"} 1 0.0 0.0 0.0 0.0 0.0 8
stats: {freemem,"tsung_controller@ip-172-31-6-161"} 1 3159.07421875 0.0 3162.84375 3159.07421875 3160.79541015625 8
stats: {recvpackets,"tsung_controller@ip-172-31-6-161"} 1 572.0 0.0 572 159 352.0 7
stats: {sentpackets,"tsung_controller@ip-172-31-6-161"} 1 455.0 0.0 455 146 284.42857142857144 7
stats: {cpu,"tsung_controller@ip-172-31-6-161"} 1 1.7769002961500493 0.0 4.1671353519441245 1.5732546705998034 2.083650163697561 8
stats: session 18 7704.008395724826 3956.7266276385703 19099.636962890625 816.505126953125 7164.3228948888645 71
stats: users_count 13 97
stats: finish_users_count 18 89
stats: request 57 164.48760879248903 181.5918396398463 6784.97607421875 5.286865234375 279.0491215632512 312
stats: connect 12 2.08740234375 2.3277136121313493 104.2041015625 0.593994140625 2.7749459402901784 84
stats: page 57 164.48760879248903 181.5918396398463 6784.97607421875 5.286865234375 279.0491215632512 312
stats: 200 57 369
stats: size_rcv 457535 3022311
stats: newphase 0 1
stats: size_sent 22338 144537
stats: connected -6 7
# stats: dump at 1480582973
stats: users 10 15
stats: {load,"tsung_controller@ip-172-31-6-161"} 1 0.0 0.0 0.0 0.0 0.0 9
stats: {freemem,"tsung_controller@ip-172-31-6-161"} 1 3158.9609375 0.0 3162.84375 3158.9609375 3160.6041666666665 9
stats: {recvpackets,"tsung_controller@ip-172-31-6-161"} 1 517.0 0.0 572 159 379.5 8
stats: {sentpackets,"tsung_controller@ip-172-31-6-161"} 1 415.0 0.0 455 146 305.75 8
stats: {cpu,"tsung_controller@ip-172-31-6-161"} 1 1.673228346456693 0.0 4.1671353519441245 1.5732546705998034 2.049566845081171 9
stats: session 8 6609.003753662109 2116.8911138623685 19099.636962890625 816.505126953125 7273.47277146243 89
stats: users_count 10 107
stats: finish_users_count 8 97
stats: request 41 135.5167980659299 139.30093518815914 6784.97607421875 5.286865234375 261.35262772061316 369
stats: connect 11 3.270751953125 3.4609266735387436 104.2041015625 0.593994140625 2.6890029907226563 96
stats: page 41 135.5167980659299 139.30093518815914 6784.97607421875 5.286865234375 261.35262772061316 369
stats: 200 41 410
stats: size_rcv 347495 3369806
stats: newphase 0 1
stats: size_sent 15944 160481
stats: connected 3 10
# stats: dump at 1480582983
stats: users 13 15
stats: {load,"tsung_controller@ip-172-31-6-161"} 1 0.0 0.0 0.0 0.0 0.0 10
stats: {freemem,"tsung_controller@ip-172-31-6-161"} 1 3159.0 0.0 3162.84375 3158.9609375 3160.43984375 10
stats: {recvpackets,"tsung_controller@ip-172-31-6-161"} 1 398.0 0.0 572 159 394.77777777777777 9
stats: {sentpackets,"tsung_controller@ip-172-31-6-161"} 1 327.0 0.0 455 146 317.8888888888889 9
stats: {cpu,"tsung_controller@ip-172-31-6-161"} 1 1.477832512315271 0.0 4.1671353519441245 1.477832512315271 2.011932995218723 10
stats: session 13 7701.255577674279 4669.457167269497 22382.77294921875 816.505126953125 7218.671202984053 97
stats: users_count 16 123
stats: finish_users_count 13 110
stats: request 55 105.26718306107955 78.75854994599594 6784.97607421875 4.541015625 248.76904475514482 410
stats: connect 15 2.235953776041667 3.043596088435442 104.2041015625 0.5390625 2.7488089588200935 107
stats: page 55 105.26718306107955 78.75854994599594 6784.97607421875 4.541015625 248.76904475514482 410
stats: 200 55 465
stats: size_rcv 414644 3784450
stats: newphase 0 1
stats: size_sent 21791 182272
stats: connected 2 12
# stats: dump at 1480582993
stats: users 8 15
stats: {load,"tsung_controller@ip-172-31-6-161"} 1 0.0 0.0 0.0 0.0 0.0 11
stats: {freemem,"tsung_controller@ip-172-31-6-161"} 1 3158.85546875 0.0 3162.84375 3158.85546875 3160.3089488636365 11
stats: {recvpackets,"tsung_controller@ip-172-31-6-161"} 1 508.0 0.0 572 159 395.1 10
stats: {sentpackets,"tsung_controller@ip-172-31-6-161"} 1 399.0 0.0 455 146 318.8 10
stats: {cpu,"tsung_controller@ip-172-31-6-161"} 1 1.8700787401574805 0.0 4.1671353519441245 1.477832512315271 1.9633784058638637 11
stats: session 14 8888.165858677456 4664.607351905404 22382.77294921875 816.505126953125 7275.70390181108 110
stats: users_count 9 132
stats: finish_users_count 14 124
stats: request 51 163.90182674632354 143.06790681724607 6784.97607421875 4.541015625 231.7957062752016 465
stats: connect 10 0.7522705078125 0.06949616736540608 104.2041015625 0.5390625 2.6857529937243854 122
stats: page 51 163.90182674632354 143.06790681724607 6784.97607421875 4.541015625 231.7957062752016 465
stats: 200 51 516
stats: size_rcv 422653 4207103
stats: newphase 0 1
stats: size_sent 21098 203370
stats: connected -4 8
# stats: dump at 1480583003
stats: users 11 15
stats: {load,"tsung_controller@ip-172-31-6-161"} 1 0.0 0.0 0.0 0.0 0.0 12
stats: {freemem,"tsung_controller@ip-172-31-6-161"} 1 3158.77734375 0.0 3162.84375 3158.77734375 3160.1878255208335 12
stats: {recvpackets,"tsung_controller@ip-172-31-6-161"} 1 542.0 0.0 572 159 405.3636363636364 11
stats: {sentpackets,"tsung_controller@ip-172-31-6-161"} 1 466.0 0.0 466 146 326.09090909090907 11
stats: {cpu,"tsung_controller@ip-172-31-6-161"} 1 1.7786561264822136 0.0 4.1671353519441245 1.477832512315271 1.955603433721665 12
stats: session 15 5103.616731770833 2067.017172239501 22382.77294921875 816.505126953125 7457.756058231477 124
stats: users_count 18 150
stats: finish_users_count 15 139
stats: request 57 110.12748852110745 130.70412064858272 6784.97607421875 4.541015625 225.08526469385902 516
stats: connect 17 1.6522863051470589 2.208481884151261 104.2041015625 0.5390625 2.5392770478219697 132
stats: page 57 110.12748852110745 130.70412064858272 6784.97607421875 4.541015625 225.08526469385902 516
stats: 200 57 573
stats: size_rcv 454589 4661692
stats: newphase 1 2
stats: size_sent 22063 225433
stats: connected 2 10
# stats: dump at 1480583013
stats: users 14 15
stats: {load,"tsung_controller@ip-172-31-6-161"} 1 0.0 0.0 0.0 0.0 0.0 13
stats: {freemem,"tsung_controller@ip-172-31-6-161"} 1 3158.77734375 0.0 3162.84375 3158.77734375 3160.079326923077 13
stats: {recvpackets,"tsung_controller@ip-172-31-6-161"} 1 499.0 0.0 572 159 416.75 12
stats: {sentpackets,"tsung_controller@ip-172-31-6-161"} 1 400.0 0.0 466 146 337.74999999999994 12
stats: {cpu,"tsung_controller@ip-172-31-6-161"} 1 1.9646365422396856 0.0 4.1671353519441245 1.477832512315271 1.9419921023955535 13
stats: session 12 8112.956563313802 4271.806497893928 22382.77294921875 816.505126953125 7203.712246023494 139
stats: users_count 15 165
stats: finish_users_count 12 151
stats: request 51 146.22475298713235 152.7819881447936 6784.97607421875 4.541015625 213.64967439395178 573
stats: connect 16 2.5763092041015625 3.3310692427791655 104.2041015625 0.5390625 2.4380767617449663 149
stats: page 51 146.22475298713235 152.7819881447936 6784.97607421875 4.541015625 213.64967439395178 573
stats: 200 51 624
stats: size_rcv 417266 5078958
stats: newphase 0 2
stats: size_sent 20002 245435
stats: connected 5 15
# stats: dump at 1480583023
stats: users 20 23
stats: {load,"tsung_controller@ip-172-31-6-161"} 1 0.0 0.0 0.0 0.0 0.0 14
stats: {freemem,"tsung_controller@ip-172-31-6-161"} 1 3158.640625 0.0 3162.84375 3158.640625 3159.986328125 14
stats: {recvpackets,"tsung_controller@ip-172-31-6-161"} 1 491.0 0.0 572 159 423.0769230769231 13
stats: {sentpackets,"tsung_controller@ip-172-31-6-161"} 1 384.0 0.0 466 146 342.5384615384615 13
stats: {cpu,"tsung_controller@ip-172-31-6-161"} 1 2.3506366307541624 0.0 4.1671353519441245 1.477832512315271 1.94360956238442 14
stats: session 14 10738.685738699776 4279.011255928426 22382.77294921875 816.505126953125 7275.970072563121 151
stats: users_count 20 185
stats: finish_users_count 14 165
stats: request 73 952.3460609749571 667.3725637158933 6784.97607421875 4.4189453125 208.13898370204828 624
stats: connect 20 2.62191162109375 2.4763280730803054 104.2041015625 0.529052734375 2.4514811197916666 165
stats: page 73 952.3460609749571 667.3725637158933 6784.97607421875 4.4189453125 208.13898370204828 624
stats: 200 73 697
stats: size_rcv 600061 5679019
stats: newphase 0 2
stats: size_sent 31129 276564
stats: connected 5 20
# stats: dump at 1480583033
stats: users 9 23
stats: {load,"tsung_controller@ip-172-31-6-161"} 1 0.0 0.0 0.0 0.0 0.0 15
stats: {freemem,"tsung_controller@ip-172-31-6-161"} 1 3158.41015625 0.0 3162.84375 3158.41015625 3159.8966145833333 15
stats: {recvpackets,"tsung_controller@ip-172-31-6-161"} 1 742.0 0.0 742 159 427.92857142857144 14
stats: {sentpackets,"tsung_controller@ip-172-31-6-161"} 1 627.0 0.0 627 146 345.49999999999994 14
stats: {cpu,"tsung_controller@ip-172-31-6-161"} 1 2.167487684729064 0.0 4.1671353519441245 1.477832512315271 1.9707447002757363 15
stats: session 23 8391.97789996603 2761.4540043529596 22382.77294921875 816.505126953125 7569.776250295928 165
stats: users_count 12 197
stats: finish_users_count 23 188
stats: request 71 840.1838103818221 508.2597812172461 6784.97607421875 4.4189453125 286.0831969601865 697
stats: connect 12 2.6122639973958335 2.580572465167496 104.2041015625 0.529052734375 2.4699060388513514 185
stats: page 71 840.1838103818221 508.2597812172461 6784.97607421875 4.4189453125 286.0831969601865 697
stats: 200 71 768
stats: size_rcv 591521 6270540
stats: newphase 0 2
stats: size_sent 28108 304672
stats: connected -10 10
# stats: dump at 1480583043
stats: users 16 24
stats: {load,"tsung_controller@ip-172-31-6-161"} 1 0.0 0.0 0.0 0.0 0.0 16
stats: {freemem,"tsung_controller@ip-172-31-6-161"} 1 3158.2890625 0.0 3162.84375 3158.2890625 3159.8037109375 16
stats: {recvpackets,"tsung_controller@ip-172-31-6-161"} 1 676.0 0.0 742 159 448.8666666666667 15
stats: {sentpackets,"tsung_controller@ip-172-31-6-161"} 1 584.0 0.0 627 146 364.2666666666666 15
stats: {cpu,"tsung_controller@ip-172-31-6-161"} 1 2.073050345508391 0.0 4.1671353519441245 1.477832512315271 1.9830411368040692 16
stats: session 19 9123.993986430922 6555.526879798291 28317.197998046875 816.505126953125 7670.3647499896115 188
stats: users_count 26 223
stats: finish_users_count 19 207
stats: request 88 1054.3963179154825 3044.0511878411676 23261.14501953125 4.4189453125 337.30864429473877 768
stats: connect 26 3.4335561899038463 3.633427156138971 104.2041015625 0.529052734375 2.4785775896256346 197
stats: page 88 1054.3963179154825 3044.0511878411676 23261.14501953125 4.4189453125 337.30864429473877 768
stats: 200 88 856
stats: size_rcv 734147 7004687
stats: newphase 0 2
stats: size_sent 31961 336633
stats: connected 7 17
# stats: dump at 1480583053
stats: users 23 25
stats: {load,"tsung_controller@ip-172-31-6-161"} 1 0.0 0.0 0.0 0.0 0.0 17
stats: {freemem,"tsung_controller@ip-172-31-6-161"} 1 3157.20703125 0.0 3162.84375 3157.20703125 3159.7146139705883 17
stats: {recvpackets,"tsung_controller@ip-172-31-6-161"} 1 851.0 0.0 851 159 463.0625 16
stats: {sentpackets,"tsung_controller@ip-172-31-6-161"} 1 664.0 0.0 664 146 377.99999999999994 16
stats: {cpu,"tsung_controller@ip-172-31-6-161"} 1 2.1696252465483234 0.0 4.1671353519441245 1.477832512315271 1.9883357961396175 17
stats: session 14 8860.602242606026 4235.327179798331 28317.197998046875 816.505126953125 7803.789655749924 207
stats: users_count 21 244
stats: finish_users_count 14 221
stats: request 71 986.3759009132923 569.656489429206 23261.14501953125 4.4189453125 411.0279378445349 856
stats: connect 21 2.674746558779762 2.4012123671051957 104.2041015625 0.529052734375 2.5899203860706277 223
stats: page 71 986.3759009132923 569.656489429206 23261.14501953125 4.4189453125 411.0279378445349 856
stats: 200 71 927
stats: size_rcv 557639 7562326
stats: newphase 0 2
stats: size_sent 32712 369345
stats: connected 6 23
# stats: dump at 1480583063
stats: users 21 25
stats: {load,"tsung_controller@ip-172-31-6-161"} 1 0.0 0.0 0.0 0.0 0.0 18
stats: {freemem,"tsung_controller@ip-172-31-6-161"} 1 3157.21484375 0.0 3162.84375 3157.20703125 3159.5753038194443 18
stats: {recvpackets,"tsung_controller@ip-172-31-6-161"} 1 621.0 0.0 851 159 485.88235294117646 17
stats: {sentpackets,"tsung_controller@ip-172-31-6-161"} 1 525.0 0.0 664 146 394.82352941176464 17
stats: {cpu,"tsung_controller@ip-172-31-6-161"} 1 1.7786561264822136 0.0 4.1671353519441245 1.477832512315271 1.9984074322734342 18
stats: session 20 11115.4634765625 4152.416912336613 28317.197998046875 816.505126953125 7870.737059442166 221
stats: users_count 18 262
stats: finish_users_count 20 241
stats: request 62 1345.474877142137 650.9034977106393 23261.14501953125 4.4189453125 455.09450243771914 927
stats: connect 18 3.8288981119791665 3.417502512543322 104.2041015625 0.529052734375 2.5972209992955944 244
stats: page 62 1345.474877142137 650.9034977106393 23261.14501953125 4.4189453125 455.09450243771914 927
stats: 200 62 989
stats: size_rcv 491151 8053477
stats: newphase 1 3
stats: size_sent 23165 392510
stats: connected -1 22
# stats: dump at 1480583073
stats: users 42 43
stats: {load,"tsung_controller@ip-172-31-6-161"} 1 0.0 0.0 0.0 0.0 0.0 19
stats: {freemem,"tsung_controller@ip-172-31-6-161"} 1 3156.98828125 0.0 3162.84375 3156.98828125 3159.4510690789475 19
stats: {recvpackets,"tsung_controller@ip-172-31-6-161"} 1 686.0 0.0 851 159 493.3888888888889 18
stats: {sentpackets,"tsung_controller@ip-172-31-6-161"} 1 579.0 0.0 664 146 402.0555555555555 18
stats: {cpu,"tsung_controller@ip-172-31-6-161"} 1 2.2571148184494603 0.0 4.1671353519441245 1.477832512315271 1.9868415740738963 19
stats: session 16 12165.63850402832 7970.7730112362415 31006.0380859375 816.505126953125 8140.008961277878 241
stats: users_count 37 299
stats: finish_users_count 16 257
stats: request 109 1826.7037902272075 3237.6984694888756 23261.14501953125 4.4189453125 510.9120790117069 989
stats: connect 37 3.6080883129222974 3.87814050085127 104.2041015625 0.529052734375 2.6818400375715647 262
stats: page 109 1826.7037902272075 3237.6984694888756 23261.14501953125 4.4189453125 510.9120790117069 989
stats: 200 109 1098
stats: size_rcv 889989 8943466
stats: newphase 0 3
stats: size_sent 44541 437051
stats: connected 20 42
# stats: dump at 1480583083
stats: users 65 65
stats: {load,"tsung_controller@ip-172-31-6-161"} 1 0.078125 0.0 0.078125 0.0 0.0 20
stats: {freemem,"tsung_controller@ip-172-31-6-161"} 1 3155.65234375 0.0 3162.84375 3155.65234375 3159.3279296875 20
stats: {recvpackets,"tsung_controller@ip-172-31-6-161"} 1 1084.0 0.0 1084 159 503.5263157894737 19
stats: {sentpackets,"tsung_controller@ip-172-31-6-161"} 1 914.0 0.0 914 146 411.3684210526315 19
stats: {cpu,"tsung_controller@ip-172-31-6-161"} 1 2.8599605522682445 0.0 4.1671353519441245 1.477832512315271 2.000355236292674 20
stats: session 20 13269.779089355468 3371.865350742818 31006.0380859375 816.505126953125 8390.631812188412 257
stats: users_count 43 342
stats: finish_users_count 20 277
stats: request 108 2589.0879154911754 820.9826973517231 23261.14501953125 4.4189453125 641.5325676478541 1098
stats: connect 43 3.642566769622093 3.7544769646265728 104.2041015625 0.529052734375 2.7964593893708196 299
stats: page 108 2589.0879154911754 820.9826973517231 23261.14501953125 4.4189453125 641.5325676478541 1098
stats: 200 108 1206
stats: size_rcv 840955 9784421
stats: newphase 0 3
stats: size_sent 51621 488672
stats: connected 23 65
# stats: dump at 1480583093
stats: users 75 79
stats: {load,"tsung_controller@ip-172-31-6-161"} 1 0.0703125 0.0 0.078125 0.0 0.003720238095238095 21
stats: {freemem,"tsung_controller@ip-172-31-6-161"} 1 3153.71484375 0.0 3162.84375 3153.71484375 3159.152901785714 21
stats: {recvpackets,"tsung_controller@ip-172-31-6-161"} 1 995.0 0.0 1084 159 532.55 20
stats: {sentpackets,"tsung_controller@ip-172-31-6-161"} 1 874.0 0.0 914 146 436.4999999999999 20
stats: {cpu,"tsung_controller@ip-172-31-6-161"} 1 2.371541501976284 0.0 4.1671353519441245 1.477832512315271 2.0412888227677013 21
stats: session 23 17205.872165845787 3269.7109185277636 31006.0380859375 816.505126953125 8742.916814149932 277
stats: users_count 33 375
stats: finish_users_count 23 300
stats: request 103 4514.998912033527 789.255951851507 23261.14501953125 4.4189453125 815.9405092457633 1206
stats: connect 31 2.860871345766129 3.5798153524415297 104.2041015625 0.529052734375 2.902841311449196 342
stats: page 103 4514.998912033527 789.255951851507 23261.14501953125 4.4189453125 815.9405092457633 1206
stats: 200 103 1309
stats: size_rcv 837776 10622197
stats: newphase 0 3
stats: size_sent 38419 527091
stats: connected 9 74
# stats: dump at 1480583103
stats: users 114 114
stats: {load,"tsung_controller@ip-172-31-6-161"} 1 0.05859375 0.0 0.078125 0.0 0.006747159090909091 22
stats: {freemem,"tsung_controller@ip-172-31-6-161"} 1 3151.5546875 0.0 3162.84375 3151.5546875 3158.9057173295455 22
stats: {recvpackets,"tsung_controller@ip-172-31-6-161"} 1 982.0 0.0 1084 159 554.5714285714286 21
stats: {sentpackets,"tsung_controller@ip-172-31-6-161"} 1 828.0 0.0 914 146 457.33333333333326 21
stats: {cpu,"tsung_controller@ip-172-31-6-161"} 1 3.155818540433925 0.0 4.1671353519441245 1.477832512315271 2.056300308186273 22
stats: session 12 23397.260009765625 3009.904437607297 31006.0380859375 816.505126953125 9391.743391113281 300
stats: users_count 51 426
stats: finish_users_count 12 312
stats: request 85 6234.923828125003 897.771427502618 23261.14501953125 4.4189453125 1107.0046922000333 1309
stats: connect 52 3.2180645282451925 3.0040187431284253 104.2041015625 0.529052734375 2.8993531909768766 373
stats: page 85 6234.923828125003 897.771427502618 23261.14501953125 4.4189453125 1107.0046922000333 1309
stats: 200 85 1394
stats: size_rcv 683774 11305971
stats: newphase 0 3
stats: size_sent 45168 572259
stats: connected 39 113
# stats: dump at 1480583113
stats: users 137 139
stats: {load,"tsung_controller@ip-172-31-6-161"} 1 0.05078125 0.0 0.078125 0.0 0.009001358695652174 23
stats: {freemem,"tsung_controller@ip-172-31-6-161"} 1 3149.6015625 0.0 3162.84375 3149.6015625 3158.5861073369565 23
stats: {recvpackets,"tsung_controller@ip-172-31-6-161"} 1 806.0 0.0 1084 159 574.0 22
stats: {sentpackets,"tsung_controller@ip-172-31-6-161"} 1 696.0 0.0 914 146 474.1818181818181 22
stats: {cpu,"tsung_controller@ip-172-31-6-161"} 1 2.649656526005888 0.0 4.1671353519441245 1.477832512315271 2.10410544871878 23
stats: session 25 27300.355537109375 4421.825404805897 36871.329833984375 816.505126953125 9930.417107215295 312
stats: users_count 48 474
stats: finish_users_count 25 337
stats: request 131 5630.894046696088 4922.606215212818 23261.14501953125 0.60009765625 1419.6826882930193 1394
stats: connect 45 3.3203450520833337 3.2402154469743594 104.2041015625 0.509033203125 2.938348460477941 425
stats: page 131 5630.894046696088 4922.606215212818 23261.14501953125 0.60009765625 1419.6826882930193 1394
stats: 200 75 1469
stats: size_rcv 580395 11886366
stats: newphase 0 3
stats: size_sent 43517 615776
stats: connected 23 136
stats: 503 56 56
# stats: dump at 1480583123
stats: users 142 146
stats: {load,"tsung_controller@ip-172-31-6-161"} 1 0.0390625 0.0 0.078125 0.0 0.0107421875 24
stats: {freemem,"tsung_controller@ip-172-31-6-161"} 1 3148.47265625 0.0 3162.84375 3148.47265625 3158.2117513020835 24
stats: {recvpackets,"tsung_controller@ip-172-31-6-161"} 1 873.0 0.0 1084 159 584.0869565217391 23
stats: {sentpackets,"tsung_controller@ip-172-31-6-161"} 1 849.0 0.0 914 146 483.82608695652164 23
stats: {cpu,"tsung_controller@ip-172-31-6-161"} 1 3.3366045142296366 0.0 4.1671353519441245 1.477832512315271 2.1268367436057427 24
stats: session 40 21485.684411621096 13997.11514599582 40965.21484375 816.505126953125 11218.988207355806 337
stats: users_count 45 519
stats: finish_users_count 40 377
stats: request 205 4507.473006383389 6980.664829776933 27217.77197265625 0.60009765625 1781.4326476050205 1525
stats: connect 47 3.8540194896941498 3.309916095462628 104.2041015625 0.509033203125 2.9749226022273936 470
stats: page 205 4507.473006383389 6980.664829776933 27217.77197265625 0.60009765625 1781.4326476050205 1525
stats: 200 62 1531
stats: size_rcv 635415 12521781
stats: newphase 1 4
stats: size_sent 62333 678109
stats: connected 4 140
stats: 503 143 199
# stats: dump at 1480583133
stats: users 147 153
stats: {load,"tsung_controller@ip-172-31-6-161"} 1 0.0390625 0.0 0.078125 0.0 0.011875 25
stats: {freemem,"tsung_controller@ip-172-31-6-161"} 1 3147.14453125 0.0 3162.84375 3147.14453125 3157.8221875 25
stats: {recvpackets,"tsung_controller@ip-172-31-6-161"} 1 1062.0 0.0 1084 159 596.125 24
stats: {sentpackets,"tsung_controller@ip-172-31-6-161"} 1 1044.0 0.0 1044 146 499.0416666666666 24
stats: {cpu,"tsung_controller@ip-172-31-6-161"} 1 4.117647058823529 0.0 4.1671353519441245 1.477832512315271 2.1752274544306984 25
stats: session 67 27301.161898029386 11956.271443470358 51863.790771484375 816.505126953125 12308.29284441313 377
stats: users_count 72 591
stats: finish_users_count 67 444
stats: request 270 5033.289335575811 6559.418339028249 31093.077880859375 0.598876953125 2104.4605513908964 1730
stats: connect 71 3.4999484209947185 3.6058258808141423 104.2041015625 0.509033203125 3.0548405010880075 517
stats: page 270 5033.289335575811 6559.418339028249 31093.077880859375 0.598876953125 2104.4605513908964 1730
stats: 200 104 1635
stats: size_rcv 902252 13424033
stats: newphase 0 4
stats: size_sent 81399 759508
stats: connected 6 146
stats: 503 166 365
# stats: dump at 1480583143
stats: users 139 154
stats: {load,"tsung_controller@ip-172-31-6-161"} 1 0.03125 0.0 0.078125 0.0 0.012920673076923076 26
stats: {freemem,"tsung_controller@ip-172-31-6-161"} 1 3146.375 0.0 3162.84375 3146.375 3157.4115084134614 26
stats: {recvpackets,"tsung_controller@ip-172-31-6-161"} 1 1301.0 0.0 1301 159 614.76 25
stats: {sentpackets,"tsung_controller@ip-172-31-6-161"} 1 1336.0 0.0 1336 146 520.8399999999999 25
stats: {cpu,"tsung_controller@ip-172-31-6-161"} 1 4.715127701375246 0.0 4.715127701375246 1.477832512315271 2.2499359007534996 26
stats: session 63 22516.27219742063 14113.171063257234 52325.81689453125 816.505126953125 14570.73029169306 444
stats: users_count 55 646
stats: finish_users_count 63 507
stats: request 262 3442.523742209863 5261.065364803579 31093.077880859375 0.586181640625 2499.85243725586 2000
stats: connect 54 3.5311595775462963 3.3171551921486886 104.2041015625 0.509033203125 3.1085865254304847 588
stats: page 262 3442.523742209863 5261.065364803579 31093.077880859375 0.586181640625 2499.85243725586 2000
stats: 200 79 1714
stats: size_rcv 773246 14197279
stats: newphase 0 4
stats: size_sent 72708 832216
stats: connected -9 137
stats: 503 183 548
# stats: dump at 1480583153
stats: users 140 154
stats: {load,"tsung_controller@ip-172-31-6-161"} 1 0.03125 0.0 0.078125 0.0 0.013599537037037037 27
stats: {freemem,"tsung_controller@ip-172-31-6-161"} 1 3146.1171875 0.0 3162.84375 3146.1171875 3157.0027488425926 27
stats: {recvpackets,"tsung_controller@ip-172-31-6-161"} 1 1083.0 0.0 1301 159 641.1538461538462 26
stats: {sentpackets,"tsung_controller@ip-172-31-6-161"} 1 1138.0 0.0 1336 146 552.1923076923076 26
stats: {cpu,"tsung_controller@ip-172-31-6-161"} 1 4.035433070866142 0.0 4.715127701375246 1.477832512315271 2.341239300776527 27
stats: session 62 24055.13859311996 12472.236612140963 52325.81689453125 816.505126953125 15558.046149801221 507
stats: users_count 63 709
stats: finish_users_count 62 569
stats: request 233 4895.152999681467 6480.268273896698 31093.077880859375 0.5859375 2609.038945610391 2262
stats: connect 66 3.415875059185605 3.168030599021829 104.2041015625 0.509033203125 3.1441300531785434 642
stats: page 233 4895.152999681467 6480.268273896698 31093.077880859375 0.5859375 2609.038945610391 2262
stats: 200 86 1800
stats: size_rcv 798391 14995670
stats: newphase 0 4
stats: size_sent 66588 898804
stats: connected 6 143
stats: 503 147 695
# stats: dump at 1480583163
stats: users 140 154
stats: {load,"tsung_controller@ip-172-31-6-161"} 1 0.01953125 0.0 0.078125 0.0 0.014229910714285714 28
stats: {freemem,"tsung_controller@ip-172-31-6-161"} 1 3146.125 0.0 3162.84375 3146.1171875 3156.6139787946427 28
stats: {recvpackets,"tsung_controller@ip-172-31-6-161"} 1 1166.0 0.0 1301 159 657.5185185185185 27
stats: {sentpackets,"tsung_controller@ip-172-31-6-161"} 1 1140.0 0.0 1336 146 573.8888888888888 27
stats: {cpu,"tsung_controller@ip-172-31-6-161"} 1 3.721841332027424 0.0 4.715127701375246 1.477832512315271 2.4017462211368708 28
stats: session 63 24982.869888547866 13103.05284157714 56208.390869140625 816.505126953125 16483.915625171627 569
stats: users_count 63 772
stats: finish_users_count 63 632
stats: request 232 4367.666233457366 5808.926449372612 31093.077880859375 0.5859375 2822.531761080756 2495
stats: connect 59 3.786724543167374 3.4384402971924692 104.2041015625 0.509033203125 3.169462214755473 708
stats: page 232 4367.666233457366 5808.926449372612 31093.077880859375 0.5859375 2822.531761080756 2495
stats: 200 84 1884
stats: size_rcv 794922 15790592
stats: newphase 0 4
stats: size_sent 65501 964305
stats: connected -6 137
stats: 503 148 843
# stats: dump at 1480583173
stats: users 152 154
stats: {load,"tsung_controller@ip-172-31-6-161"} 1 0.01953125 0.0 0.078125 0.0 0.01441271551724138 29
stats: {freemem,"tsung_controller@ip-172-31-6-161"} 1 3148.15234375 0.0 3162.84375 3146.1171875 3156.2522898706898 29
stats: {recvpackets,"tsung_controller@ip-172-31-6-161"} 1 1122.0 0.0 1301 159 675.6785714285714 28
stats: {sentpackets,"tsung_controller@ip-172-31-6-161"} 1 1153.0 0.0 1336 146 594.1071428571429 28
stats: {cpu,"tsung_controller@ip-172-31-6-161"} 1 3.9138943248532287 0.0 4.715127701375246 1.477832512315271 2.447266742202062 29
stats: session 53 20706.978667637093 11110.545766568364 56208.390869140625 816.505126953125 17331.121509020842 632
stats: users_count 65 837
stats: finish_users_count 53 685
stats: request 253 3902.8699299808536 5908.9652378762985 31093.077880859375 0.572998046875 2953.9843454560305 2727
stats: connect 68 3.204672420726103 2.9738673917231915 104.2041015625 0.509033203125 3.2169439323256195 767
stats: page 253 3902.8699299808536 5908.9652378762985 31093.077880859375 0.572998046875 2953.9843454560305 2727
stats: 200 77 1961
stats: size_rcv 763323 16553915
stats: newphase 0 4
stats: size_sent 72224 1036529
stats: connected 15 152
stats: 503 176 1019
# stats: dump at 1480583183
stats: users 154 159
stats: {load,"tsung_controller@ip-172-31-6-161"} 1 0.01953125 0.0 0.078125 0.0 0.014583333333333334 30
stats: {freemem,"tsung_controller@ip-172-31-6-161"} 1 3148.15625 0.0 3162.84375 3146.1171875 3155.9822916666667 30
stats: {recvpackets,"tsung_controller@ip-172-31-6-161"} 1 1163.0 0.0 1301 159 691.0689655172414 29
stats: {sentpackets,"tsung_controller@ip-172-31-6-161"} 1 1179.0 0.0 1336 146 613.3793103448276 29
stats: {cpu,"tsung_controller@ip-172-31-6-161"} 1 4.203323558162268 0.0 4.715127701375246 1.477832512315271 2.4961543282904346 30
stats: session 62 25894.60669732863 12516.630782165937 71741.50415039063 816.505126953125 17592.31921618385 685
stats: users_count 64 901
stats: finish_users_count 62 747
stats: request 247 5047.7182300891955 6058.0566198897695 32834.419189453125 0.571044921875 3034.5440947462253 2980
stats: connect 62 3.5185468119959675 3.0272371769838577 104.2041015625 0.509033203125 3.2159445756923652 835
stats: page 247 5047.7182300891955 6058.0566198897695 32834.419189453125 0.571044921875 3034.5440947462253 2980
stats: 200 105 2066
stats: size_rcv 884391 17438306
stats: newphase 1 5
stats: size_sent 75605 1112134
stats: connected 2 154
stats: 503 142 1161
# stats: dump at 1480583193
stats: users 149 167
stats: {load,"tsung_controller@ip-172-31-6-161"} 1 0.01171875 0.0 0.078125 0.0 0.014742943548387098 31
stats: {freemem,"tsung_controller@ip-172-31-6-161"} 1 3148.1328125 0.0 3162.84375 3146.1171875 3155.7298387096776 31
stats: {recvpackets,"tsung_controller@ip-172-31-6-161"} 1 1305.0 0.0 1305 159 706.8 30
stats: {sentpackets,"tsung_controller@ip-172-31-6-161"} 1 1425.0 0.0 1425 146 632.2333333333333 30
stats: {cpu,"tsung_controller@ip-172-31-6-161"} 1 4.887585532746823 0.0 4.887585532746823 1.477832512315271 2.5512243034475905 31
stats: session 100 14995.289079589842 12562.080323162176 71741.50415039063 816.505126953125 18281.397962945528 747
stats: users_count 95 996
stats: finish_users_count 100 847
stats: request 374 1787.2095927682153 4235.767728861205 32834.419189453125 0.571044921875 3188.6358243494833 3227
stats: connect 95 2.7570132606907896 2.95621403458494 104.2041015625 0.5029296875 3.2368602263621793 897
stats: page 374 1787.2095927682153 4235.767728861205 32834.419189453125 0.571044921875 3188.6358243494833 3227
stats: 200 57 2123
stats: size_rcv 663470 18101776
stats: newphase 0 5
stats: size_sent 85505 1197639
stats: connected -2 152
stats: 503 317 1478
# stats: dump at 1480583203
stats: users 168 171
stats: {load,"tsung_controller@ip-172-31-6-161"} 1 0.01171875 0.0 0.078125 0.0 0.0146484375 32
stats: {freemem,"tsung_controller@ip-172-31-6-161"} 1 3148.08203125 0.0 3162.84375 3146.1171875 3155.492431640625 32
stats: {recvpackets,"tsung_controller@ip-172-31-6-161"} 1 1310.0 0.0 1310 159 726.0967741935484 31
stats: {sentpackets,"tsung_controller@ip-172-31-6-161"} 1 1574.0 0.0 1574 146 657.8064516129032 31
stats: {cpu,"tsung_controller@ip-172-31-6-161"} 1 5.744888023369036 0.0 5.744888023369036 1.477832512315271 2.6242355918631914 32
stats: session 84 19494.60118756976 15238.602421533698 71741.50415039063 816.505126953125 17893.427610719355 847
stats: users_count 103 1099
stats: finish_users_count 84 931
stats: request 387 3844.3901026526173 6646.536166467683 32834.419189453125 0.571044921875 3043.0836414526784 3601
stats: connect 104 3.1962867149939904 3.114235078727002 104.2041015625 0.5029296875 3.1909071399319555 992
stats: page 387 3844.3901026526173 6646.536166467683 32834.419189453125 0.571044921875 3043.0836414526784 3601
stats: 200 101 2224
stats: size_rcv 966014 19067790
stats: newphase 0 5
stats: size_sent 92044 1289683
stats: connected 14 166
stats: 503 287 1765
# stats: dump at 1480583213
stats: users 172 175
stats: {load,"tsung_controller@ip-172-31-6-161"} 1 0.01171875 0.0 0.078125 0.0 0.01455965909090909 33
stats: {freemem,"tsung_controller@ip-172-31-6-161"} 1 3148.06640625 0.0 3162.84375 3146.1171875 3155.2678740530305 33
stats: {recvpackets,"tsung_controller@ip-172-31-6-161"} 1 1593.0 0.0 1593 159 744.34375 32
stats: {sentpackets,"tsung_controller@ip-172-31-6-161"} 1 1710.0 0.0 1710 146 686.4375 32
stats: {cpu,"tsung_controller@ip-172-31-6-161"} 1 5.258033106134373 0.0 5.744888023369036 1.477832512315271 2.718800817060338 33
stats: session 90 18652.12924804687 11846.700229809208 71741.50415039063 816.505126953125 18037.89439960811 931
stats: users_count 94 1193
stats: finish_users_count 90 1021
stats: request 398 2709.9092398025277 4299.000455966176 32834.419189453125 0.571044921875 3120.843320611248 3988
stats: connect 95 3.6595703125 3.6038526986985113 104.2041015625 0.5029296875 3.1914176105582803 1096
stats: page 398 2709.9092398025277 4299.000455966176 32834.419189453125 0.571044921875 3120.843320611248 3988
stats: 200 113 2337
stats: size_rcv 1056296 20124086
stats: newphase 0 5
stats: size_sent 113115 1402798
stats: connected 6 172
stats: 503 284 2049
# stats: dump at 1480583223
stats: users 167 175
stats: {load,"tsung_controller@ip-172-31-6-161"} 1 0.01171875 0.0 0.078125 0.0 0.014476102941176471 34
stats: {freemem,"tsung_controller@ip-172-31-6-161"} 1 3147.640625 0.0 3162.84375 3146.1171875 3155.0560661764707 34
stats: {recvpackets,"tsung_controller@ip-172-31-6-161"} 1 1655.0 0.0 1655 159 770.060606060606 33
stats: {sentpackets,"tsung_controller@ip-172-31-6-161"} 1 1814.0 0.0 1814 146 717.4545454545455 33
stats: {cpu,"tsung_controller@ip-172-31-6-161"} 1 5.6751467710371815 0.0 5.744888023369036 1.477832512315271 2.7934841196801625 34
stats: session 96 16467.11712392172 11284.00232487646 71741.50415039063 816.505126953125 18092.038509656584 1021
stats: users_count 91 1284
stats: finish_users_count 96 1117
stats: request 389 2412.5306443555187 4245.941319285412 32834.419189453125 0.571044921875 3083.553816698373 4386
stats: connect 92 3.6538192085597827 3.733211386689807 104.2041015625 0.5029296875 3.2287597656250004 1191
stats: page 389 2412.5306443555187 4245.941319285412 32834.419189453125 0.571044921875 3083.553816698373 4386
stats: 200 95 2432
stats: size_rcv 920368 21044454
stats: newphase 0 5
stats: size_sent 96035 1498833
stats: connected -5 167
stats: 503 294 2343
# stats: dump at 1480583233
stats: users 173 177
stats: {load,"tsung_controller@ip-172-31-6-161"} 1 0.01171875 0.0 0.078125 0.0 0.014397321428571428 35
stats: {freemem,"tsung_controller@ip-172-31-6-161"} 1 3147.37109375 0.0 3162.84375 3146.1171875 3154.8441964285716 35
stats: {recvpackets,"tsung_controller@ip-172-31-6-161"} 1 1340.0 0.0 1655 159 796.0882352941177 34
stats: {sentpackets,"tsung_controller@ip-172-31-6-161"} 1 1499.0 0.0 1814 146 749.7058823529412 34
stats: {cpu,"tsung_controller@ip-172-31-6-161"} 1 4.630541871921182 0.0 5.744888023369036 1.477832512315271 2.875817338290363 35
stats: session 95 18574.672653680096 12715.883033507136 71741.50415039063 816.505126953125 17952.385463075967 1117
stats: users_count 101 1385
stats: finish_users_count 95 1212
stats: request 369 2684.2887799849705 4980.954618686452 32834.419189453125 0.571044921875 3028.888264019552 4775
stats: connect 100 2.64419677734375 2.8049932596171154 104.2041015625 0.49609375 3.2592394762641272 1283
stats: page 369 2684.2887799849705 4980.954618686452 32834.419189453125 0.571044921875 3028.888264019552 4775
stats: 200 83 2515
stats: size_rcv 829892 21874346
stats: newphase 0 5
stats: size_sent 89190 1588023
stats: connected 5 172
stats: 503 286 2629
# stats: dump at 1480583243
stats: users 177 179
stats: {load,"tsung_controller@ip-172-31-6-161"} 1 0.01171875 0.0 0.078125 0.0 0.014322916666666666 36
stats: {freemem,"tsung_controller@ip-172-31-6-161"} 1 3147.703125 0.0 3162.84375 3146.1171875 3154.636610243056 36
stats: {recvpackets,"tsung_controller@ip-172-31-6-161"} 1 1382.0 0.0 1655 159 811.6285714285714 35
stats: {sentpackets,"tsung_controller@ip-172-31-6-161"} 1 1657.0 0.0 1814 146 771.1142857142858 35
stats: {cpu,"tsung_controller@ip-172-31-6-161"} 1 5.46875 0.0 5.744888023369036 1.477832512315271 2.9245596864467744 36
stats: session 111 16300.891962274774 11200.426240245184 71741.50415039063 816.505126953125 18001.16209930319 1212
stats: users_count 115 1500
stats: finish_users_count 111 1323
stats: request 422 2689.1189196256664 5365.751811163996 32834.419189453125 0.571044921875 3004.168744266683 5144
stats: connect 115 3.1679623811141315 3.5170656813744205 104.2041015625 0.49609375 3.2147678422134853 1383
stats: page 422 2689.1189196256664 5365.751811163996 32834.419189453125 0.571044921875 3004.168744266683 5144
stats: 200 86 2601
stats: size_rcv 870362 22744708
stats: newphase 1 6
stats: size_sent 101388 1689411
stats: connected 6 178
stats: 503 336 2965
# stats: dump at 1480583253
stats: users 198 204
stats: {load,"tsung_controller@ip-172-31-6-161"} 1 0.0 0.0 0.078125 0.0 0.014252533783783784 37
stats: {freemem,"tsung_controller@ip-172-31-6-161"} 1 3147.39453125 0.0 3162.84375 3146.1171875 3154.4492187500005 37
stats: {recvpackets,"tsung_controller@ip-172-31-6-161"} 1 1779.0 0.0 1779 159 827.4722222222222 36
stats: {sentpackets,"tsung_controller@ip-172-31-6-161"} 1 2141.0 0.0 2141 146 795.7222222222222 36
stats: {cpu,"tsung_controller@ip-172-31-6-161"} 1 7.053140096618357 0.0 7.053140096618357 1.477832512315271 2.9933215868130776 37
stats: session 139 13971.974305516524 11236.336079004092 71741.50415039063 816.505126953125 17858.509049257722 1323
stats: users_count 160 1660
stats: finish_users_count 139 1462
stats: request 595 1637.9742823496579 4344.89805331971 32834.419189453125 0.548095703125 2980.2824657904866 5566
stats: connect 160 3.282884216308594 3.361772657786743 104.2041015625 0.48486328125 3.2111746325830275 1498
stats: page 595 1637.9742823496579 4344.89805331971 32834.419189453125 0.548095703125 2980.2824657904866 5566
stats: 200 76 2677
stats: size_rcv 919934 23664642
stats: newphase 0 6
stats: size_sent 124540 1813951
stats: connected 18 196
stats: 503 519 3484
# stats: dump at 1480583263
stats: users 207 210
stats: {load,"tsung_controller@ip-172-31-6-161"} 1 0.0 0.0 0.078125 0.0 0.013877467105263159 38
stats: {freemem,"tsung_controller@ip-172-31-6-161"} 1 3146.75 0.0 3162.84375 3146.1171875 3154.263569078948 38
stats: {recvpackets,"tsung_controller@ip-172-31-6-161"} 1 1927.0 0.0 1927 159 853.1891891891892 37
stats: {sentpackets,"tsung_controller@ip-172-31-6-161"} 1 2359.0 0.0 2359 146 832.081081081081 37
stats: {cpu,"tsung_controller@ip-172-31-6-161"} 1 7.879377431906614 0.0 7.879377431906614 1.477832512315271 3.1001589160184797 38
stats: session 143 12993.63778409091 9024.146419604831 71741.50415039063 805.627197265625 17488.995828067553 1462
stats: users_count 152 1812
stats: finish_users_count 143 1605
stats: request 613 1808.804503100148 4276.131569226786 32834.419189453125 0.548095703125 2850.648742507368 6161
stats: connect 152 3.2085635536595394 3.567206324861488 104.2041015625 0.484130859375 3.2180947371645052 1658
stats: page 613 1808.804503100148 4276.131569226786 32834.419189453125 0.548095703125 2850.648742507368 6161
stats: 200 93 2770
stats: size_rcv 999941 24664583
stats: newphase 0 6
stats: size_sent 141568 1955519
stats: connected 12 208
stats: 503 520 4004
# stats: dump at 1480583273
stats: users 192 210
stats: {load,"tsung_controller@ip-172-31-6-161"} 1 0.0 0.0 0.078125 0.0 0.013521634615384616 39
stats: {freemem,"tsung_controller@ip-172-31-6-161"} 1 3146.58984375 0.0 3162.84375 3146.1171875 3154.070913461539 39
stats: {recvpackets,"tsung_controller@ip-172-31-6-161"} 1 1891.0 0.0 1927 159 881.4473684210526 38
stats: {sentpackets,"tsung_controller@ip-172-31-6-161"} 1 2374.0 0.0 2374 146 872.2631578947369 38
stats: {cpu,"tsung_controller@ip-172-31-6-161"} 1 7.662463627546072 0.0 7.879377431906614 1.477832512315271 3.2227029805284317 39
stats: session 152 14211.092529296875 9880.54715120213 71741.50415039063 451.7900390625 17088.474831002968 1605
stats: users_count 137 1949
stats: finish_users_count 152 1757
stats: request 582 2032.1438315480013 4518.784349850377 33396.501953125 0.548095703125 2756.369067462103 6774
stats: connect 138 2.9502837692481885 3.200306543097936 104.2041015625 0.47607421875 3.217294328383978 1810
stats: page 582 2032.1438315480013 4518.784349850377 33396.501953125 0.548095703125 2756.369067462103 6774
stats: 200 101 2871
stats: size_rcv 1049149 25713732
stats: newphase 0 6
stats: size_sent 132888 2088407
stats: connected -14 194
stats: 503 481 4485
# stats: dump at 1480583283
stats: users 213 215
stats: {load,"tsung_controller@ip-172-31-6-161"} 1 0.0 0.0 0.078125 0.0 0.01318359375 40
stats: {freemem,"tsung_controller@ip-172-31-6-161"} 1 3146.43359375 0.0 3162.84375 3146.1171875 3153.8838867187505 40
stats: {recvpackets,"tsung_controller@ip-172-31-6-161"} 1 2076.0 0.0 2076 159 907.3333333333334 39
stats: {sentpackets,"tsung_controller@ip-172-31-6-161"} 1 2510.0 0.0 2510 146 910.7692307692307 39
stats: {cpu,"tsung_controller@ip-172-31-6-161"} 1 9.33589990375361 0.0 9.33589990375361 1.477832512315271 3.3336969967038725 40
stats: session 162 14098.51200659481 9497.103597785808 71741.50415039063 451.7900390625 16839.549327383545 1757
stats: users_count 183 2132
stats: finish_users_count 162 1919
stats: request 661 1603.1942938315522 3639.1722260022793 33396.501953125 0.548095703125 2699.0690284052775 7356
stats: connect 182 3.0464940333104398 3.192242476137859 104.2041015625 0.47607421875 3.1983787959606005 1948
stats: page 661 1603.1942938315522 3639.1722260022793 33396.501953125 0.548095703125 2699.0690284052775 7356
stats: 200 107 2978
stats: size_rcv 1117267 26830999
stats: newphase 0 6
stats: size_sent 152635 2241042
stats: connected 20 214
stats: 503 554 5039
# stats: dump at 1480583293
stats: users 218 220
stats: {load,"tsung_controller@ip-172-31-6-161"} 1 0.0 0.0 0.078125 0.0 0.012862042682926829 41
stats: {freemem,"tsung_controller@ip-172-31-6-161"} 1 3145.5078125 0.0 3162.84375 3145.5078125 3153.7021722560985 41
stats: {recvpackets,"tsung_controller@ip-172-31-6-161"} 1 2110.0 0.0 2110 159 936.55 40
stats: {sentpackets,"tsung_controller@ip-172-31-6-161"} 1 2622.0 0.0 2622 146 950.75 40
stats: {cpu,"tsung_controller@ip-172-31-6-161"} 1 9.344894026974952 0.0 9.344894026974952 1.477832512315271 3.480092189558744 41
stats: session 164 10368.424971417688 7194.743713915192 71741.50415039063 451.7900390625 16608.153784930302 1919
stats: users_count 169 2301
stats: finish_users_count 164 2083
stats: request 709 1411.5797014115399 3489.3510796081127 33396.501953125 0.548095703125 2608.7143820845554 8017
stats: connect 169 3.3371437569341715 3.3499154135437026 104.2041015625 0.47607421875 3.1854008491050467 2130
stats: page 709 1411.5797014115399 3489.3510796081127 33396.501953125 0.548095703125 2608.7143820845554 8017
stats: 200 99 3077
stats: size_rcv 1062058 27893057
stats: newphase 0 6
stats: size_sent 159386 2400428
stats: connected 2 216
stats: 503 610 5649
# stats: dump at 1480583303
stats: users 141 220
stats: {load,"tsung_controller@ip-172-31-6-161"} 1 0.0 0.0 0.078125 0.0 0.012555803571428572 42
stats: {freemem,"tsung_controller@ip-172-31-6-161"} 1 3145.2265625 0.0 3162.84375 3145.2265625 3153.5070684523826 42
stats: {recvpackets,"tsung_controller@ip-172-31-6-161"} 1 1776.0 0.0 2110 159 965.170731707317 41
stats: {sentpackets,"tsung_controller@ip-172-31-6-161"} 1 2403.0 0.0 2622 146 991.5121951219512 41
stats: {cpu,"tsung_controller@ip-172-31-6-161"} 1 8.670520231213873 0.0 9.344894026974952 1.477832512315271 3.6197303285448443 42
stats: session 147 11415.396065848212 8694.90910612985 71741.50415039063 451.7900390625 16116.883729521724 2083
stats: users_count 70 2371
stats: finish_users_count 147 2230
stats: request 472 1580.9862603656316 4507.052421157547 33396.501953125 0.548095703125 2511.4454743837564 8726
stats: connect 72 3.8161417643229165 3.573112628563392 104.2041015625 0.47607421875 3.1965555039215414 2299
stats: page 472 1580.9862603656316 4507.052421157547 33396.501953125 0.548095703125 2511.4454743837564 8726
stats: 200 53 3130
stats: size_rcv 646708 28539765
stats: newphase 0 6
stats: size_sent 105873 2506301
stats: connected -75 141
stats: 503 419 6068
# stats: dump at 1480583313
stats: users 107 220
stats: {load,"tsung_controller@ip-172-31-6-161"} 1 0.0 0.0 0.078125 0.0 0.012263808139534883 43
stats: {freemem,"tsung_controller@ip-172-31-6-161"} 1 3145.1171875 0.0 3162.84375 3145.1171875 3153.314498546513 43
stats: {recvpackets,"tsung_controller@ip-172-31-6-161"} 1 761.0 0.0 2110 159 984.4761904761905 42
stats: {sentpackets,"tsung_controller@ip-172-31-6-161"} 1 783.0 0.0 2622 146 1025.1190476190477 42
stats: {cpu,"tsung_controller@ip-172-31-6-161"} 1 2.644466209598433 0.0 9.344894026974952 1.477832512315271 3.737190558839473 43
stats: session 34 24449.806245691638 9310.87738354984 71741.50415039063 451.7900390625 15806.965035997056 2230
stats: users_count 0 2371
stats: finish_users_count 34 2264
stats: request 103 10828.286343768963 8835.633252427906 33396.501953125 0.548095703125 2463.698491450885 9198
stats: connect 0 0 0 104.2041015625 0.47607421875 3.2153704388641393 2371
stats: page 103 10828.286343768963 8835.633252427906 33396.501953125 0.548095703125 2463.698491450885 9198
stats: 200 63 3193
stats: size_rcv 570832 29110597
stats: newphase 0 6
stats: size_sent 35117 2541418
stats: connected -34 107
stats: 503 40 6108
# stats: dump at 1480583323
stats: users 66 220
stats: {load,"tsung_controller@ip-172-31-6-161"} 1 0.0 0.0 0.078125 0.0 0.011985085227272728 44
stats: {freemem,"tsung_controller@ip-172-31-6-161"} 1 3145.1484375 0.0 3162.84375 3145.1171875 3153.1281960227284 44
stats: {recvpackets,"tsung_controller@ip-172-31-6-161"} 1 759.0 0.0 2110 159 979.2790697674419 43
stats: {sentpackets,"tsung_controller@ip-172-31-6-161"} 1 621.0 0.0 2622 146 1019.4883720930233 43
stats: {cpu,"tsung_controller@ip-172-31-6-161"} 1 2.06286836935167 0.0 9.344894026974952 1.477832512315271 3.71235591453854 44
stats: session 41 28891.93837533346 10043.740398509888 71741.50415039063 451.7900390625 15936.760354517206 2264
stats: users_count 0 2371
stats: finish_users_count 41 2305
stats: request 73 15371.149972575984 2389.9706045204816 33396.501953125 0.548095703125 2556.3285902347534 9301
stats: connect 0 0 0 104.2041015625 0.47607421875 3.2153704388641393 2371
stats: page 73 15371.149972575984 2389.9706045204816 33396.501953125 0.548095703125 2556.3285902347534 9301
stats: 200 73 3266
stats: size_rcv 645881 29756478
stats: newphase 0 6
stats: size_sent 22120 2563538
stats: connected -39 68
stats: 503 0 6108
# stats: dump at 1480583333
stats: users 33 220
stats: {load,"tsung_controller@ip-172-31-6-161"} 1 0.0 0.0 0.078125 0.0 0.01171875 45
stats: {freemem,"tsung_controller@ip-172-31-6-161"} 1 3145.19921875 0.0 3162.84375 3145.1171875 3152.950868055557 45
stats: {recvpackets,"tsung_controller@ip-172-31-6-161"} 1 663.0 0.0 2110 159 974.2727272727273 44
stats: {sentpackets,"tsung_controller@ip-172-31-6-161"} 1 530.0 0.0 2622 146 1010.4318181818181 44
stats: {cpu,"tsung_controller@ip-172-31-6-161"} 1 1.8682399213372665 0.0 9.344894026974952 1.477832512315271 3.6757006357566095 45
stats: session 33 41798.55727687028 8321.921585465552 71741.50415039063 451.7900390625 16167.199529724783 2305
stats: users_count 0 2371
stats: finish_users_count 33 2338
stats: request 66 11577.21639737216 1749.8556188386394 33396.501953125 0.548095703125 2656.1239775732333 9374
stats: connect 0 0 0 104.2041015625 0.47607421875 3.2153704388641393 2371
stats: page 66 11577.21639737216 1749.8556188386394 33396.501953125 0.548095703125 2656.1239775732333 9374
stats: 200 66 3332
stats: size_rcv 637123 30393601
stats: newphase 0 6
stats: size_sent 15870 2579408
stats: connected -35 33
stats: 503 0 6108
# stats: dump at 1480583343
stats: users 1 220
stats: {load,"tsung_controller@ip-172-31-6-161"} 1 0.0 0.0 0.078125 0.0 0.011463994565217392 46
stats: {freemem,"tsung_controller@ip-172-31-6-161"} 1 3145.48828125 0.0 3162.84375 3145.1171875 3152.782353940219 46
stats: {recvpackets,"tsung_controller@ip-172-31-6-161"} 1 640.0 0.0 2110 159 967.3555555555556 45
stats: {sentpackets,"tsung_controller@ip-172-31-6-161"} 1 519.0 0.0 2622 146 999.7555555555556 45
stats: {cpu,"tsung_controller@ip-172-31-6-161"} 1 1.7664376840039255 0.0 9.344894026974952 1.477832512315271 3.636408011530102 46
stats: session 32 44288.68772125244 4091.1450031938675 71741.50415039063 451.7900390625 16528.976606566444 2338
stats: users_count 0 2371
stats: finish_users_count 32 2370
stats: request 42 6176.123134068081 4359.57327458802 33396.501953125 0.548095703125 2718.4960220336916 9440
stats: connect 0 0 0 104.2041015625 0.47607421875 3.2153704388641393 2371
stats: page 42 6176.123134068081 4359.57327458802 33396.501953125 0.548095703125 2718.4960220336916 9440
stats: 200 42 3374
stats: size_rcv 393630 30787231
stats: newphase 0 6
stats: size_sent 5771 2585179
stats: connected -32 1
stats: 503 0 6108
# stats: dump at 1480583349
stats: users 0 220
stats: {load,"tsung_controller@ip-172-31-6-161"} 0 0 0 0.078125 0.0 0.011220079787234043 47
stats: {freemem,"tsung_controller@ip-172-31-6-161"} 0 0 0 3162.84375 3145.1171875 3152.6271609042565 47
stats: {recvpackets,"tsung_controller@ip-172-31-6-161"} 0 0 0 2110 159 960.2391304347826 46
stats: {sentpackets,"tsung_controller@ip-172-31-6-161"} 0 0 0 2622 146 989.304347826087 46
stats: {cpu,"tsung_controller@ip-172-31-6-161"} 0 0 0 9.344894026974952 1.477832512315271 3.5966214088167794 47
stats: session 1 54473.14892578125 0.0 71741.50415039063 451.7900390625 16903.791271406084 2370
stats: users_count 0 2371
stats: finish_users_count 1 2371
stats: request 2 213.6470947265625 134.5989990234375 33396.501953125 0.548095703125 2733.811392072232 9482
stats: connect 0 0 0 104.2041015625 0.47607421875 3.2153704388641393 2371
stats: page 2 213.6470947265625 134.5989990234375 33396.501953125 0.548095703125 2733.811392072232 9482
stats: 200 2 3376
stats: size_rcv 25917 30813148
stats: newphase 0 6
stats: size_sent 481 2585660
stats: connected -1 0
stats: 503 0 6108
EndMonitor:{1480,583349,441430}
