# stats: dump at 1480607966
stats: users 4 5
stats: {load,"tsung_controller@ip-172-31-1-178"} 1 0.0 0 0.0 0.0 0 0
stats: {freemem,"tsung_controller@ip-172-31-1-178"} 1 3166.91015625 0 3166.91015625 3166.91015625 0 0
stats: {cpu,"tsung_controller@ip-172-31-1-178"} 1 10.657985757884028 0 10.657985757884028 10.657985757884028 0 0
stats: session 1 7141.440185546875 0 7141.440185546875 7141.440185546875 0 0
stats: users_count 5 5
stats: finish_users_count 1 1
stats: request 9 2077.4917805989585 1572.4467354115861 4024.47802734375 20.846923828125 0 0
stats: connect 5 26.22236328125 49.98636342497649 126.195068359375 1.177001953125 0 0
stats: page 9 2077.4917805989585 1572.4467354115861 4024.47802734375 20.846923828125 0 0
stats: 200 9 9
stats: size_rcv 83169 83169
stats: size_sent 3551 3551
stats: connected 5 5
# stats: dump at 1480607976
stats: users 8 10
stats: {load,"tsung_controller@ip-172-31-1-178"} 1 0.0 0.0 0.0 0.0 0.0 1
stats: {freemem,"tsung_controller@ip-172-31-1-178"} 1 3165.3515625 0.0 3166.91015625 3165.3515625 3166.91015625 1
stats: {recvpackets,"tsung_controller@ip-172-31-1-178"} 1 100 0 100 100 0 0
stats: {sentpackets,"tsung_controller@ip-172-31-1-178"} 1 64 0 64 64 0 0
stats: {cpu,"tsung_controller@ip-172-31-1-178"} 1 1.9704433497536946 0.0 10.657985757884028 1.9704433497536946 10.657985757884028 1
stats: session 5 8863.826611328124 2018.0551577836286 12376.801025390625 6477.243896484375 7141.440185546875 1
stats: users_count 9 14
stats: finish_users_count 5 6
stats: request 26 1027.7183462289663 1409.4847949011798 7008.26806640625 15.263916015625 2077.4917805989585 9
stats: connect 9 1.2481011284722223 0.052469194671221075 126.195068359375 1.150146484375 26.22236328125 5
stats: page 26 1027.7183462289663 1409.4847949011798 7008.26806640625 15.263916015625 2077.4917805989585 9
stats: 200 26 35
stats: size_rcv 228964 312133
stats: size_sent 15594 19145
stats: connected 5 10
# stats: dump at 1480607986
stats: users 9 10
stats: {load,"tsung_controller@ip-172-31-1-178"} 1 0.0 0.0 0.0 0.0 0.0 2
stats: {freemem,"tsung_controller@ip-172-31-1-178"} 1 3163.6171875 0.0 3166.91015625 3163.6171875 3166.130859375 2
stats: {recvpackets,"tsung_controller@ip-172-31-1-178"} 1 281.0 0.0 281 100 100.0 1
stats: {sentpackets,"tsung_controller@ip-172-31-1-178"} 1 174.0 0.0 174 64 64.0 1
stats: {cpu,"tsung_controller@ip-172-31-1-178"} 1 1.0901883052527255 0.0 10.657985757884028 1.0901883052527255 6.314214553818861 2
stats: session 9 9193.405219184027 4703.255235250249 18586.488037109375 5304.911865234375 8576.76220703125 6
stats: users_count 10 24
stats: finish_users_count 9 15
stats: request 42 819.4493698846726 1840.7529607606546 11192.268798828125 7.7919921875 1297.6600864955358 35
stats: connect 8 1.252899169921875 0.05703237316906835 126.195068359375 1.150146484375 10.16748046875 14
stats: page 42 819.4493698846726 1840.7529607606546 11192.268798828125 7.7919921875 1297.6600864955358 35
stats: 200 42 77
stats: size_rcv 380271 692404
stats: size_sent 22090 41235
stats: connected -2 8
# stats: dump at 1480607996
stats: users 5 10
stats: {load,"tsung_controller@ip-172-31-1-178"} 1 0.0 0.0 0.0 0.0 0.0 3
stats: {freemem,"tsung_controller@ip-172-31-1-178"} 1 3163.3046875 0.0 3166.91015625 3163.3046875 3165.29296875 3
stats: {recvpackets,"tsung_controller@ip-172-31-1-178"} 1 381.0 0.0 381 100 190.5 2
stats: {sentpackets,"tsung_controller@ip-172-31-1-178"} 1 220.0 0.0 220 64 119.0 2
stats: {cpu,"tsung_controller@ip-172-31-1-178"} 1 0.9930486593843099 0.0 10.657985757884028 0.9930486593843099 4.572872470963483 3
stats: session 11 8275.571067116478 3456.0724613628663 18586.488037109375 3710.06689453125 8946.748014322917 15
stats: users_count 7 31
stats: finish_users_count 11 26
stats: request 38 369.69628906250006 348.6775482452882 11192.268798828125 7.7919921875 1036.817877435065 77
stats: connect 9 1.2681477864583333 0.04322537937962463 126.195068359375 1.150146484375 6.925814541903409 22
stats: page 38 369.69628906250006 348.6775482452882 11192.268798828125 7.7919921875 1036.817877435065 77
stats: 200 38 115
stats: size_rcv 337327 1029731
stats: size_sent 20266 61501
stats: connected -3 5
# stats: dump at 1480608006
stats: users 3 10
stats: {load,"tsung_controller@ip-172-31-1-178"} 1 0.0 0.0 0.0 0.0 0.0 4
stats: {freemem,"tsung_controller@ip-172-31-1-178"} 1 3163.40234375 0.0 3166.91015625 3163.3046875 3164.7958984375 4
stats: {recvpackets,"tsung_controller@ip-172-31-1-178"} 1 324.0 0.0 381 100 254.0 3
stats: {sentpackets,"tsung_controller@ip-172-31-1-178"} 1 204.0 0.0 220 64 152.66666666666666 3
stats: {cpu,"tsung_controller@ip-172-31-1-178"} 1 1.0912698412698412 0.0 10.657985757884028 0.9930486593843099 3.67791651806869 4
stats: session 10 7847.112573242188 2855.366939412613 18586.488037109375 3710.06689453125 8662.788536658654 26
stats: users_count 8 39
stats: finish_users_count 10 36
stats: request 34 428.26817411534927 484.21492766704097 11192.268798828125 7.7919921875 816.3777004076087 115
stats: connect 8 1.809844970703125 1.3849082326564104 126.195068359375 1.150146484375 5.283266129032258 31
stats: page 34 428.26817411534927 484.21492766704097 11192.268798828125 7.7919921875 816.3777004076087 115
stats: 200 34 149
stats: size_rcv 290090 1319821
stats: size_sent 19423 80924
stats: connected -2 3
# stats: dump at 1480608016
stats: users 5 10
stats: {load,"tsung_controller@ip-172-31-1-178"} 1 0.0 0.0 0.0 0.0 0.0 5
stats: {freemem,"tsung_controller@ip-172-31-1-178"} 1 3163.6484375 0.0 3166.91015625 3163.3046875 3164.5171875 5
stats: {recvpackets,"tsung_controller@ip-172-31-1-178"} 1 316.0 0.0 381 100 271.5 4
stats: {sentpackets,"tsung_controller@ip-172-31-1-178"} 1 206.0 0.0 220 64 165.5 4
stats: {cpu,"tsung_controller@ip-172-31-1-178"} 1 1.0901883052527255 0.0 10.657985757884028 0.9930486593843099 3.1605871827089205 5
stats: session 8 5260.9283447265625 1939.3664181434817 18586.488037109375 2172.557861328125 8436.21188015408 36
stats: users_count 10 49
stats: finish_users_count 8 44
stats: request 35 281.1335658482143 302.9129498864862 11192.268798828125 7.689208984375 727.8157950791737 149
stats: connect 10 1.2654541015625 0.046381199558581714 126.195068359375 1.150146484375 4.570769481169871 39
stats: page 35 281.1335658482143 302.9129498864862 11192.268798828125 7.689208984375 727.8157950791737 149
stats: 200 35 184
stats: size_rcv 324827 1644648
stats: size_sent 20441 101365
stats: connected 5 8
# stats: dump at 1480608026
stats: users 13 15
stats: {load,"tsung_controller@ip-172-31-1-178"} 1 0.0 0.0 0.0 0.0 0.0 6
stats: {freemem,"tsung_controller@ip-172-31-1-178"} 1 3164.01171875 0.0 3166.91015625 3163.3046875 3164.3723958333335 6
stats: {recvpackets,"tsung_controller@ip-172-31-1-178"} 1 378.0 0.0 381 100 280.4 5
stats: {sentpackets,"tsung_controller@ip-172-31-1-178"} 1 268.0 0.0 268 64 173.6 5
stats: {cpu,"tsung_controller@ip-172-31-1-178"} 1 0.9930486593843099 0.0 10.657985757884028 0.9930486593843099 2.8155207031328877 6
stats: session 10 5285.909692382813 1755.960732137872 18586.488037109375 2172.557861328125 7858.88760098544 44
stats: users_count 18 67
stats: finish_users_count 10 54
stats: request 60 325.80924886067714 297.4561159303568 11192.268798828125 7.18408203125 642.8490666928499 184
stats: connect 17 4.596593520220588 13.562150008886618 126.195068359375 1.0458984375 3.896215322066326 49
stats: page 60 325.80924886067714 297.4561159303568 11192.268798828125 7.18408203125 642.8490666928499 184
stats: 200 60 244
stats: size_rcv 484153 2128801
stats: newphase 1 1
stats: size_sent 31685 133050
stats: connected 4 12
# stats: dump at 1480608036
stats: users 8 15
stats: {load,"tsung_controller@ip-172-31-1-178"} 1 0.0 0.0 0.0 0.0 0.0 7
stats: {freemem,"tsung_controller@ip-172-31-1-178"} 1 3162.31640625 0.0 3166.91015625 3162.31640625 3164.320870535714 7
stats: {recvpackets,"tsung_controller@ip-172-31-1-178"} 1 508.0 0.0 508 100 296.6666666666667 6
stats: {sentpackets,"tsung_controller@ip-172-31-1-178"} 1 380.0 0.0 380 64 189.33333333333334 6
stats: {cpu,"tsung_controller@ip-172-31-1-178"} 1 1.2896825396825395 0.0 10.657985757884028 0.9930486593843099 2.555167554025948 7
stats: session 22 6358.5009654651985 2276.750976601111 18586.488037109375 1636.98291015625 7382.410210503473 54
stats: users_count 17 84
stats: finish_users_count 22 76
stats: request 71 488.3354423415493 987.3372009453414 11192.268798828125 7.18408203125 564.8884557505123 244
stats: connect 18 1.1845160590277777 0.059160308157935076 126.195068359375 1.0458984375 4.076615767045454 66
stats: page 71 488.3354423415493 987.3372009453414 11192.268798828125 7.18408203125 564.8884557505123 244
stats: 200 71 315
stats: size_rcv 605180 2733981
stats: newphase 0 1
stats: size_sent 37201 170251
stats: connected -3 9
# stats: dump at 1480608046
stats: users 14 15
stats: {load,"tsung_controller@ip-172-31-1-178"} 1 0.0 0.0 0.0 0.0 0.0 8
stats: {freemem,"tsung_controller@ip-172-31-1-178"} 1 3161.7109375 0.0 3166.91015625 3161.7109375 3164.0703125 8
stats: {recvpackets,"tsung_controller@ip-172-31-1-178"} 1 607.0 0.0 607 100 326.85714285714283 7
stats: {sentpackets,"tsung_controller@ip-172-31-1-178"} 1 422.0 0.0 422 64 216.57142857142858 7
stats: {cpu,"tsung_controller@ip-172-31-1-178"} 1 1.3902681231380336 0.0 10.657985757884028 0.9930486593843099 2.396981927233022 8
stats: session 13 5840.468787560096 2505.3911616075434 18586.488037109375 1636.98291015625 7086.015429045025 76
stats: users_count 19 103
stats: finish_users_count 13 89
stats: request 59 276.9469387248411 301.0481533955506 11192.268798828125 7.18408203125 547.6336495535714 315
stats: connect 17 1.3384650735294117 0.11378179436181149 126.195068359375 1.0458984375 3.456880115327381 84
stats: page 59 276.9469387248411 301.0481533955506 11192.268798828125 7.18408203125 547.6336495535714 315
stats: 200 59 374
stats: size_rcv 493721 3227702
stats: newphase 0 1
stats: size_sent 32353 202604
stats: connected 3 12
# stats: dump at 1480608056
stats: users 5 16
stats: {load,"tsung_controller@ip-172-31-1-178"} 1 0.0 0.0 0.0 0.0 0.0 9
stats: {freemem,"tsung_controller@ip-172-31-1-178"} 1 3161.10546875 0.0 3166.91015625 3161.10546875 3163.808159722222 9
stats: {recvpackets,"tsung_controller@ip-172-31-1-178"} 1 577.0 0.0 607 100 361.875 8
stats: {sentpackets,"tsung_controller@ip-172-31-1-178"} 1 392.0 0.0 422 64 242.25 8
stats: {cpu,"tsung_controller@ip-172-31-1-178"} 1 1.294820717131474 0.0 10.657985757884028 0.9930486593843099 2.2851248378891342 9
stats: session 19 7068.950914884868 2777.200763368105 18586.488037109375 1636.98291015625 6904.0816499517205 89
stats: users_count 10 113
stats: finish_users_count 19 108
stats: request 67 556.7174564190765 548.6989999672917 11192.268798828125 7.18408203125 504.93173527845084 374
stats: connect 12 1.2650960286458333 0.09760994555160343 126.195068359375 1.036865234375 3.10031520730198 101
stats: page 67 556.7174564190765 548.6989999672917 11192.268798828125 7.18408203125 504.93173527845084 374
stats: 200 67 441
stats: size_rcv 610748 3838450
stats: newphase 0 1
stats: size_sent 38802 241406
stats: connected -6 6
# stats: dump at 1480608066
stats: users 9 16
stats: {load,"tsung_controller@ip-172-31-1-178"} 1 0.0 0.0 0.0 0.0 0.0 10
stats: {freemem,"tsung_controller@ip-172-31-1-178"} 1 3161.3359375 0.0 3166.91015625 3161.10546875 3163.537890625 10
stats: {recvpackets,"tsung_controller@ip-172-31-1-178"} 1 556.0 0.0 607 100 385.77777777777777 9
stats: {sentpackets,"tsung_controller@ip-172-31-1-178"} 1 362.0 0.0 422 64 258.8888888888889 9
stats: {cpu,"tsung_controller@ip-172-31-1-178"} 1 1.1904761904761905 0.0 10.657985757884028 0.9930486593843099 2.1860944258133683 10
stats: session 8 7119.350128173828 3707.6163689406458 18586.488037109375 1636.98291015625 6933.086428041811 108
stats: users_count 12 125
stats: finish_users_count 8 116
stats: request 39 397.87293419471155 413.8418492796081 11192.268798828125 7.18408203125 512.7994071977749 441
stats: connect 12 1.2540690104166667 0.1346028153812637 126.195068359375 1.036865234375 2.90542467505531 113
stats: page 39 397.87293419471155 413.8418492796081 11192.268798828125 7.18408203125 512.7994071977749 441
stats: 200 39 480
stats: size_rcv 350779 4189229
stats: newphase 0 1
stats: size_sent 18795 260201
stats: connected 3 9
# stats: dump at 1480608076
stats: users 16 16
stats: {load,"tsung_controller@ip-172-31-1-178"} 1 0.0 0.0 0.0 0.0 0.0 11
stats: {freemem,"tsung_controller@ip-172-31-1-178"} 1 3160.9921875 0.0 3166.91015625 3160.9921875 3163.337713068182 11
stats: {recvpackets,"tsung_controller@ip-172-31-1-178"} 1 370.0 0.0 607 100 402.8 10
stats: {sentpackets,"tsung_controller@ip-172-31-1-178"} 1 280.0 0.0 422 64 269.2 10
stats: {cpu,"tsung_controller@ip-172-31-1-178"} 1 1.3888888888888888 0.0 10.657985757884028 0.9930486593843099 2.0955836771463523 11
stats: session 10 8438.706298828125 4165.417181109054 18586.488037109375 1636.98291015625 6945.932200464709 116
stats: users_count 17 142
stats: finish_users_count 10 126
stats: request 55 234.01902965198863 269.5880001412695 11192.268798828125 7.18408203125 503.461631266276 480
stats: connect 17 1.178079044117647 0.05909514827698655 126.195068359375 1.036865234375 2.74689453125 125
stats: page 55 234.01902965198863 269.5880001412695 11192.268798828125 7.18408203125 503.461631266276 480
stats: 200 55 535
stats: size_rcv 447494 4636723
stats: newphase 0 1
stats: size_sent 27686 287887
stats: connected 7 16
# stats: dump at 1480608086
stats: users 11 17
stats: {load,"tsung_controller@ip-172-31-1-178"} 1 0.0 0.0 0.0 0.0 0.0 12
stats: {freemem,"tsung_controller@ip-172-31-1-178"} 1 3160.9453125 0.0 3166.91015625 3160.9453125 3163.1422526041665 12
stats: {recvpackets,"tsung_controller@ip-172-31-1-178"} 1 523.0 0.0 607 100 399.8181818181818 11
stats: {sentpackets,"tsung_controller@ip-172-31-1-178"} 1 386.0 0.0 422 64 270.1818181818182 11
stats: {cpu,"tsung_controller@ip-172-31-1-178"} 1 1.2922465208747516 0.0 10.657985757884028 0.9930486593843099 2.0366924447915635 12
stats: session 15 7541.105322265625 2786.9376465448554 18586.488037109375 1636.98291015625 7064.406335255457 126
stats: users_count 10 152
stats: finish_users_count 15 141
stats: request 46 371.8114915930706 315.7043025564972 11192.268798828125 7.18115234375 475.7619245582652 535
stats: connect 10 3.4630859375 6.594759923239628 126.195068359375 1.036865234375 2.559078592649648 142
stats: page 46 371.8114915930706 315.7043025564972 11192.268798828125 7.18115234375 475.7619245582652 535
stats: 200 46 581
stats: size_rcv 418189 5054912
stats: newphase 1 2
stats: size_sent 25777 313664
stats: connected -5 11
# stats: dump at 1480608096
stats: users 14 17
stats: {load,"tsung_controller@ip-172-31-1-178"} 1 0.0 0.0 0.0 0.0 0.0 13
stats: {freemem,"tsung_controller@ip-172-31-1-178"} 1 3160.94921875 0.0 3166.91015625 3160.9453125 3162.9732572115386 13
stats: {recvpackets,"tsung_controller@ip-172-31-1-178"} 1 390.0 0.0 607 100 410.0833333333333 12
stats: {sentpackets,"tsung_controller@ip-172-31-1-178"} 1 262.0 0.0 422 64 279.8333333333333 12
stats: {cpu,"tsung_controller@ip-172-31-1-178"} 1 1.2858555885262115 0.0 10.657985757884028 0.9930486593843099 1.9794273737210395 13
stats: session 11 8799.934126420454 2580.0100337781246 18586.488037109375 1636.98291015625 7115.118993448027 141
stats: users_count 14 166
stats: finish_users_count 11 152
stats: request 51 366.85442038143384 333.7813391715726 11192.268798828125 7.18115234375 467.5317697968212 581
stats: connect 13 1.3068096454326923 0.10114629140994816 126.195068359375 1.036865234375 2.6185527600740133 152
stats: page 51 366.85442038143384 333.7813391715726 11192.268798828125 7.18115234375 467.5317697968212 581
stats: 200 51 632
stats: size_rcv 439020 5493932
stats: newphase 0 2
stats: size_sent 29644 343308
stats: connected 3 14
# stats: dump at 1480608106
stats: users 17 20
stats: {load,"tsung_controller@ip-172-31-1-178"} 1 0.0 0.0 0.0 0.0 0.0 14
stats: {freemem,"tsung_controller@ip-172-31-1-178"} 1 3160.70703125 0.0 3166.91015625 3160.70703125 3162.828683035714 14
stats: {recvpackets,"tsung_controller@ip-172-31-1-178"} 1 575.0 0.0 607 100 408.53846153846155 13
stats: {sentpackets,"tsung_controller@ip-172-31-1-178"} 1 421.0 0.0 422 64 278.46153846153845 13
stats: {cpu,"tsung_controller@ip-172-31-1-178"} 1 1.1964107676969093 0.0 10.657985757884028 0.9930486593843099 1.9298865319214087 14
stats: session 19 9500.830258018092 4942.817480610427 21599.119873046875 1636.98291015625 7237.046404386821 152
stats: users_count 22 188
stats: finish_users_count 19 171
stats: request 85 695.5792250689339 632.9295003261509 11192.268798828125 7.18115234375 459.40749001804784 632
stats: connect 23 1.327286430027174 0.3786678672399135 126.195068359375 1.03515625 2.5152033025568183 165
stats: page 85 695.5792250689339 632.9295003261509 11192.268798828125 7.18115234375 459.40749001804784 632
stats: 200 85 717
stats: size_rcv 732607 6226539
stats: newphase 0 2
stats: size_sent 45414 388722
stats: connected 3 17
# stats: dump at 1480608116
stats: users 17 20
stats: {load,"tsung_controller@ip-172-31-1-178"} 1 0.0 0.0 0.0 0.0 0.0 15
stats: {freemem,"tsung_controller@ip-172-31-1-178"} 1 3160.48828125 0.0 3166.91015625 3160.48828125 3162.6872395833334 15
stats: {recvpackets,"tsung_controller@ip-172-31-1-178"} 1 701.0 0.0 701 100 420.42857142857144 14
stats: {sentpackets,"tsung_controller@ip-172-31-1-178"} 1 495.0 0.0 495 64 288.64285714285717 14
stats: {cpu,"tsung_controller@ip-172-31-1-178"} 1 1.1976047904191618 0.0 10.657985757884028 0.9930486593843099 1.8809881476397756 15
stats: session 18 7958.884060329861 2534.6792354413938 21599.119873046875 1636.98291015625 7488.5779436791845 171
stats: users_count 18 206
stats: finish_users_count 18 189
stats: request 73 925.7208168343321 1361.0121325468028 11715.432861328125 7.18115234375 487.40553392226724 717
stats: connect 18 1.2221001519097223 0.064577531326077 126.195068359375 1.03515625 2.369873046875 188
stats: page 73 925.7208168343321 1361.0121325468028 11715.432861328125 7.18115234375 487.40553392226724 717
stats: 200 73 790
stats: size_rcv 621354 6847893
stats: newphase 0 2
stats: size_sent 41199 429921
stats: connected 0 17
# stats: dump at 1480608126
stats: users 17 20
stats: {load,"tsung_controller@ip-172-31-1-178"} 1 0.0 0.0 0.0 0.0 0.0 16
stats: {freemem,"tsung_controller@ip-172-31-1-178"} 1 3160.73828125 0.0 3166.91015625 3160.48828125 3162.5498046875 16
stats: {recvpackets,"tsung_controller@ip-172-31-1-178"} 1 669.0 0.0 701 100 439.1333333333333 15
stats: {sentpackets,"tsung_controller@ip-172-31-1-178"} 1 479.0 0.0 495 64 302.4 15
stats: {cpu,"tsung_controller@ip-172-31-1-178"} 1 1.8774703557312251 0.0 10.657985757884028 0.9930486593843099 1.8382766878134873 16
stats: session 14 11262.201817103794 4361.31717039919 21599.119873046875 1636.98291015625 7533.3690024078205 189
stats: users_count 14 220
stats: finish_users_count 14 203
stats: request 50 1020.992177734375 1695.4936728801567 11813.873046875 7.18115234375 527.9080853812302 790
stats: connect 14 1.272495814732143 0.09556876477959135 126.195068359375 1.03515625 2.269582211392597 206
stats: page 50 1020.992177734375 1695.4936728801567 11813.873046875 7.18115234375 527.9080853812302 790
stats: 200 51 841
stats: size_rcv 459736 7307629
stats: newphase 0 2
stats: size_sent 31152 461073
stats: connected 1 18
# stats: dump at 1480608136
stats: users 16 20
stats: {load,"tsung_controller@ip-172-31-1-178"} 1 0.0 0.0 0.0 0.0 0.0 17
stats: {freemem,"tsung_controller@ip-172-31-1-178"} 1 3160.140625 0.0 3166.91015625 3160.140625 3162.443244485294 17
stats: {recvpackets,"tsung_controller@ip-172-31-1-178"} 1 545.0 0.0 701 100 453.5 16
stats: {sentpackets,"tsung_controller@ip-172-31-1-178"} 1 400.0 0.0 495 64 313.4375 16
stats: {cpu,"tsung_controller@ip-172-31-1-178"} 1 1.0956175298804782 0.0 10.657985757884028 0.9930486593843099 1.8405821976910013 17
stats: session 19 9180.373136821547 4250.669027988448 21599.119873046875 1636.98291015625 7790.5298861799565 203
stats: users_count 18 238
stats: finish_users_count 19 222
stats: request 79 684.7443445905855 1312.0457996850794 11813.873046875 7.18115234375 557.2583289736793 840
stats: connect 18 1.2183159722222223 0.12056473210709943 126.195068359375 0.99609375 2.206131258877841 220
stats: page 79 684.7443445905855 1312.0457996850794 11813.873046875 7.18115234375 557.2583289736793 840
stats: 200 78 919
stats: size_rcv 667310 7974939
stats: newphase 0 2
stats: size_sent 37200 498273
stats: connected -2 16
# stats: dump at 1480608146
stats: users 25 26
stats: {load,"tsung_controller@ip-172-31-1-178"} 1 0.0 0.0 0.0 0.0 0.0 18
stats: {freemem,"tsung_controller@ip-172-31-1-178"} 1 3159.4140625 0.0 3166.91015625 3159.4140625 3162.3153211805557 18
stats: {recvpackets,"tsung_controller@ip-172-31-1-178"} 1 659.0 0.0 701 100 458.88235294117646 17
stats: {sentpackets,"tsung_controller@ip-172-31-1-178"} 1 456.0 0.0 495 64 318.52941176470586 17
stats: {cpu,"tsung_controller@ip-172-31-1-178"} 1 1.5873015873015872 0.0 10.657985757884028 0.9930486593843099 1.799195271701528 18
stats: session 16 8833.573425292969 2814.280161686291 21599.119873046875 1636.98291015625 7909.480434658291 222
stats: users_count 25 263
stats: finish_users_count 16 238
stats: request 74 847.7431409681164 678.4923899038794 11813.873046875 7.18115234375 568.217409750323 919
stats: connect 25 2.159755859375 4.716895266628739 126.195068359375 0.98486328125 2.1314225397190127 238
stats: page 74 847.7431409681164 678.4923899038794 11813.873046875 7.18115234375 568.217409750323 919
stats: 200 74 993
stats: size_rcv 618824 8593763
stats: newphase 1 3
stats: size_sent 44436 542709
stats: connected 9 25
# stats: dump at 1480608156
stats: users 42 42
stats: {load,"tsung_controller@ip-172-31-1-178"} 1 0.0 0.0 0.0 0.0 0.0 19
stats: {freemem,"tsung_controller@ip-172-31-1-178"} 1 3158.1875 0.0 3166.91015625 3158.1875 3162.1626233552633 19
stats: {recvpackets,"tsung_controller@ip-172-31-1-178"} 1 776.0 0.0 776 100 470.0 18
stats: {sentpackets,"tsung_controller@ip-172-31-1-178"} 1 566.0 0.0 566 64 326.1666666666667 18
stats: {cpu,"tsung_controller@ip-172-31-1-178"} 1 1.5920398009950247 0.0 10.657985757884028 0.9930486593843099 1.788042972522584 19
stats: session 20 10309.906579589844 3635.1768698770766 21599.119873046875 1636.98291015625 7971.604333188354 238
stats: users_count 37 300
stats: finish_users_count 20 258
stats: request 119 1073.9645072872902 1493.6034510642617 11813.873046875 7.18115234375 589.0481288944485 993
stats: connect 37 1.2342166385135136 0.31481621244900637 126.195068359375 0.9501953125 2.134115821055133 263
stats: page 119 1073.9645072872902 1493.6034510642617 11813.873046875 7.18115234375 589.0481288944485 993
stats: 200 119 1112
stats: size_rcv 986862 9580625
stats: newphase 0 3
stats: size_sent 65896 608605
stats: connected 17 42
# stats: dump at 1480608166
stats: users 40 46
stats: {load,"tsung_controller@ip-172-31-1-178"} 1 0.0 0.0 0.0 0.0 0.0 20
stats: {freemem,"tsung_controller@ip-172-31-1-178"} 1 3155.7265625 0.0 3166.91015625 3155.7265625 3161.9638671875 20
stats: {recvpackets,"tsung_controller@ip-172-31-1-178"} 1 1081.0 0.0 1081 100 486.10526315789474 19
stats: {sentpackets,"tsung_controller@ip-172-31-1-178"} 1 775.0 0.0 775 64 338.7894736842105 19
stats: {cpu,"tsung_controller@ip-172-31-1-178"} 1 1.998001998001998 0.0 10.657985757884028 0.9930486593843099 1.7782428139462059 20
stats: session 40 11566.524102783205 4254.372802374322 21599.119873046875 1636.98291015625 8152.868073219477 258
stats: users_count 38 338
stats: finish_users_count 40 298
stats: request 152 1361.6050222296465 1520.348749646292 11813.873046875 7.18115234375 640.9411585965602 1112
stats: connect 38 1.3508622018914471 1.1266847805046871 126.195068359375 0.846923828125 2.0231282552083334 300
stats: page 152 1361.6050222296465 1520.348749646292 11813.873046875 7.18115234375 640.9411585965602 1112
stats: 200 152 1264
stats: size_rcv 1347209 10927834
stats: newphase 0 3
stats: size_sent 74085 682690
stats: connected -2 40
# stats: dump at 1480608176
stats: users 35 46
stats: {load,"tsung_controller@ip-172-31-1-178"} 1 0.0 0.0 0.0 0.0 0.0 21
stats: {freemem,"tsung_controller@ip-172-31-1-178"} 1 3154.625 0.0 3166.91015625 3154.625 3161.6668526785716 21
stats: {recvpackets,"tsung_controller@ip-172-31-1-178"} 1 1522.0 0.0 1522 100 515.85 20
stats: {sentpackets,"tsung_controller@ip-172-31-1-178"} 1 1124.0 0.0 1124 64 360.6 20
stats: {cpu,"tsung_controller@ip-172-31-1-178"} 1 2.1 0.0 10.657985757884028 0.9930486593843099 1.7887075369964816 21
stats: session 40 8763.935632324215 4029.4487258215804 21599.119873046875 1636.98291015625 8611.076936248164 298
stats: users_count 35 373
stats: finish_users_count 40 338
stats: request 145 716.8684705010776 766.7734377868813 11813.873046875 7.18115234375 727.6032687802857 1264
stats: connect 34 1.1672506893382353 0.12722907051181157 126.195068359375 0.846923828125 1.9475480480306953 338
stats: page 145 716.8684705010776 766.7734377868813 11813.873046875 7.18115234375 727.6032687802857 1264
stats: 200 145 1409
stats: size_rcv 1249130 12176964
stats: newphase 0 3
stats: size_sent 86041 768731
stats: connected -5 35
# stats: dump at 1480608186
stats: users 59 59
stats: {load,"tsung_controller@ip-172-31-1-178"} 1 0.0 0.0 0.0 0.0 0.0 22
stats: {freemem,"tsung_controller@ip-172-31-1-178"} 1 3154.2578125 0.0 3166.91015625 3154.2578125 3161.346768465909 22
stats: {recvpackets,"tsung_controller@ip-172-31-1-178"} 1 1327.0 0.0 1522 100 563.7619047619048 21
stats: {sentpackets,"tsung_controller@ip-172-31-1-178"} 1 938.0 0.0 1124 64 396.95238095238096 21
stats: {cpu,"tsung_controller@ip-172-31-1-178"} 1 1.8054162487462388 0.0 10.657985757884028 0.9930486593843099 1.8028571944057326 22
stats: session 28 9590.39830671038 4196.843991367411 21599.119873046875 1636.98291015625 8629.166722766042 338
stats: users_count 52 425
stats: finish_users_count 28 366
stats: request 142 1446.6764380226673 1846.6338812906383 15553.44677734375 7.18115234375 726.4985521369322 1409
stats: connect 50 1.2306249999999996 0.22650162903829352 126.195068359375 0.846923828125 1.8762305475050403 372
stats: page 142 1446.6764380226673 1846.6338812906383 15553.44677734375 7.18115234375 726.4985521369322 1409
stats: 200 142 1551
stats: size_rcv 1270404 13447368
stats: newphase 0 3
stats: size_sent 82203 850934
stats: connected 22 57
# stats: dump at 1480608196
stats: users 58 62
stats: {load,"tsung_controller@ip-172-31-1-178"} 1 0.0 0.0 0.0 0.0 0.0 23
stats: {freemem,"tsung_controller@ip-172-31-1-178"} 1 3151.5546875 0.0 3166.91015625 3151.5546875 3161.0385529891305 23
stats: {recvpackets,"tsung_controller@ip-172-31-1-178"} 1 1463.0 0.0 1522 100 598.4545454545455 22
stats: {sentpackets,"tsung_controller@ip-172-31-1-178"} 1 1042.0 0.0 1124 64 421.54545454545456 22
stats: {cpu,"tsung_controller@ip-172-31-1-178"} 1 2.1105527638190953 0.0 10.657985757884028 0.9930486593843099 1.8029684576379286 23
stats: session 41 13775.938208603278 5299.165627259094 32123.19580078125 1636.98291015625 8702.703565253587 366
stats: users_count 40 465
stats: finish_users_count 41 407
stats: request 179 1923.8022406380946 1378.6021273455606 15622.39208984375 7.18115234375 792.4336003611581 1551
stats: connect 39 1.2104366987179487 0.1280451702886782 126.195068359375 0.846923828125 1.7997369992224526 422
stats: page 179 1923.8022406380946 1378.6021273455606 15622.39208984375 7.18115234375 792.4336003611581 1551
stats: 200 179 1730
stats: size_rcv 1542277 14989645
stats: newphase 0 3
stats: size_sent 94264 945198
stats: connected -1 56
# stats: dump at 1480608206
stats: users 64 67
stats: {load,"tsung_controller@ip-172-31-1-178"} 1 0.0 0.0 0.0 0.0 0.0 24
stats: {freemem,"tsung_controller@ip-172-31-1-178"} 1 3150.203125 0.0 3166.91015625 3150.203125 3160.6433919270835 24
stats: {recvpackets,"tsung_controller@ip-172-31-1-178"} 1 1654.0 0.0 1654 100 636.0434782608696 23
stats: {sentpackets,"tsung_controller@ip-172-31-1-178"} 1 1154.0 0.0 1154 64 448.5217391304348 23
stats: {cpu,"tsung_controller@ip-172-31-1-178"} 1 2.6026026026026026 0.0 10.657985757884028 0.9930486593843099 1.815784470395477 24
stats: session 44 12399.715670498934 3811.2129419610164 32123.19580078125 1636.98291015625 9213.766514583654 407
stats: users_count 50 515
stats: finish_users_count 44 451
stats: request 175 1810.8997502790178 1354.8084072009397 15857.571044921875 7.18115234375 909.4942862626447 1730
stats: connect 51 2.2787176393995106 7.9818441659119586 126.195068359375 0.846923828125 1.7498829607849784 461
stats: page 175 1810.8997502790178 1354.8084072009397 15857.571044921875 7.18115234375 909.4942862626447 1730
stats: 200 175 1905
stats: size_rcv 1494211 16483856
stats: newphase 1 4
stats: size_sent 100392 1045590
stats: connected 6 62
# stats: dump at 1480608216
stats: users 103 103
stats: {load,"tsung_controller@ip-172-31-1-178"} 1 0.0 0.0 0.0 0.0 0.0 25
stats: {freemem,"tsung_controller@ip-172-31-1-178"} 1 3148.90625 0.0 3166.91015625 3148.90625 3160.22578125 25
stats: {recvpackets,"tsung_controller@ip-172-31-1-178"} 1 1742.0 0.0 1742 100 678.4583333333334 24
stats: {sentpackets,"tsung_controller@ip-172-31-1-178"} 1 1306.0 0.0 1306 64 477.9166666666667 24
stats: {cpu,"tsung_controller@ip-172-31-1-178"} 1 2.3115577889447234 0.0 10.657985757884028 0.9930486593843099 1.847257195683762 25
stats: session 34 13437.752498851103 5108.501055216251 32123.19580078125 1636.98291015625 9524.590822477827 451
stats: users_count 73 588
stats: finish_users_count 34 485
stats: request 195 2228.344608874198 1591.300075436666 15857.571044921875 7.18115234375 992.3005624846212 1905
stats: connect 72 1.1264919704861105 0.27363599371198966 126.195068359375 0.77294921875 1.8025598526000977 512
stats: page 195 2228.344608874198 1591.300075436666 15857.571044921875 7.18115234375 992.3005624846212 1905
stats: 200 195 2100
stats: size_rcv 1616205 18100061
stats: newphase 0 4
stats: size_sent 110109 1155699
stats: connected 37 99
# stats: dump at 1480608226
stats: users 131 134
stats: {load,"tsung_controller@ip-172-31-1-178"} 1 0.0 0.0 0.0 0.0 0.0 26
stats: {freemem,"tsung_controller@ip-172-31-1-178"} 1 3146.484375 0.0 3166.91015625 3146.484375 3159.7904146634614 26
stats: {recvpackets,"tsung_controller@ip-172-31-1-178"} 1 1921.0 0.0 1921 100 721.0 25
stats: {sentpackets,"tsung_controller@ip-172-31-1-178"} 1 1465.0 0.0 1465 64 511.04 25
stats: {cpu,"tsung_controller@ip-172-31-1-178"} 1 3.3966033966033966 0.0 10.657985757884028 0.9930486593843099 1.8651149108091838 26
stats: session 38 16454.25062962582 5602.1164063337055 32123.19580078125 1636.98291015625 9798.915558553479 485
stats: users_count 66 654
stats: finish_users_count 38 523
stats: request 175 4056.3200864955356 1900.914892359292 17750.0048828125 7.18115234375 1107.076081077939 2100
stats: connect 68 1.139504825367647 0.6509700919981397 126.195068359375 0.75390625 1.7192090178189212 584
stats: page 175 4056.3200864955356 1900.914892359292 17750.0048828125 7.18115234375 1107.076081077939 2100
stats: 200 175 2275
stats: size_rcv 1459363 19559424
stats: newphase 0 4
stats: size_sent 110735 1266434
stats: connected 32 131
# stats: dump at 1480608236
stats: users 161 161
stats: {load,"tsung_controller@ip-172-31-1-178"} 1 0.0 0.0 0.0 0.0 0.0 27
stats: {freemem,"tsung_controller@ip-172-31-1-178"} 1 3144.39453125 0.0 3166.91015625 3144.39453125 3159.2975983796296 27
stats: {recvpackets,"tsung_controller@ip-172-31-1-178"} 1 1593.0 0.0 1921 100 767.1538461538462 26
stats: {sentpackets,"tsung_controller@ip-172-31-1-178"} 1 1232.0 0.0 1465 64 547.7307692307693 26
stats: {cpu,"tsung_controller@ip-172-31-1-178"} 1 2.3023023023023024 0.0 10.657985757884028 0.9930486593843099 1.9218367065793398 27
stats: session 39 19813.798258463543 5264.347643858659 32123.19580078125 1636.98291015625 10282.477188956442 523
stats: users_count 69 723
stats: finish_users_count 39 562
stats: request 173 5667.842969596729 3140.256363852397 18882.06494140625 7.18115234375 1333.9410045716004 2275
stats: connect 66 1.1191295276988635 0.11891470072089022 126.195068359375 0.75390625 1.658749071366948 652
stats: page 173 5667.842969596729 3140.256363852397 18882.06494140625 7.18115234375 1333.9410045716004 2275
stats: 200 173 2448
stats: size_rcv 1428775 20988199
stats: newphase 0 4
stats: size_sent 103052 1369486
stats: connected 25 156
# stats: dump at 1480608246
stats: users 190 191
stats: {load,"tsung_controller@ip-172-31-1-178"} 1 0.078125 0.0 0.078125 0.0 0.0 28
stats: {freemem,"tsung_controller@ip-172-31-1-178"} 1 3140.23828125 0.0 3166.91015625 3140.23828125 3158.7653459821427 28
stats: {recvpackets,"tsung_controller@ip-172-31-1-178"} 1 1547.0 0.0 1921 100 797.7407407407408 27
stats: {sentpackets,"tsung_controller@ip-172-31-1-178"} 1 1151.0 0.0 1465 64 573.0740740740741 27
stats: {cpu,"tsung_controller@ip-172-31-1-178"} 1 2.694610778443114 0.0 10.657985757884028 0.9930486593843099 1.9354247635694455 28
stats: session 28 25249.788190569197 6743.807329103271 36636.300048828125 1636.98291015625 10943.903384171346 562
stats: users_count 57 780
stats: finish_users_count 28 590
stats: request 166 7823.1104177452 3773.271593914777 22367.704833984375 3.842041015625 1640.21757317836 2448
stats: connect 59 1.1839123742055084 0.1436768554028839 126.195068359375 0.75390625 1.6091461606676531 718
stats: page 166 7823.1104177452 3773.271593914777 22367.704833984375 3.842041015625 1640.21757317836 2448
stats: 200 164 2612
stats: size_rcv 1346603 22334802
stats: newphase 0 4
stats: size_sent 97142 1466628
stats: connected 32 188
stats: 503 2 2
# stats: dump at 1480608256
stats: users 203 209
stats: {load,"tsung_controller@ip-172-31-1-178"} 1 0.0703125 0.0 0.078125 0.0 0.0026939655172413795 29
stats: {freemem,"tsung_controller@ip-172-31-1-178"} 1 3134.2421875 0.0 3166.91015625 3134.2421875 3158.1264816810344 29
stats: {recvpackets,"tsung_controller@ip-172-31-1-178"} 1 1577.0 0.0 1921 100 824.5 28
stats: {sentpackets,"tsung_controller@ip-172-31-1-178"} 1 1217.0 0.0 1465 64 593.7142857142857 28
stats: {cpu,"tsung_controller@ip-172-31-1-178"} 1 2.6052104208416833 0.0 10.657985757884028 0.9930486593843099 1.9616035916685375 29
stats: session 44 32105.31083540483 7054.445178879417 45455.8310546875 1636.98291015625 11622.82673091565 590
stats: users_count 57 837
stats: finish_users_count 44 634
stats: request 230 7485.292195991848 4119.883606157927 24781.425048828125 1.669921875 2032.8572871026504 2614
stats: connect 60 1.1743733723958332 0.2571407558944629 126.195068359375 0.75390625 1.5768568512709138 777
stats: page 230 7485.292195991848 4119.883606157927 24781.425048828125 1.669921875 2032.8572871026504 2614
stats: 200 198 2810
stats: size_rcv 1696299 24031101
stats: newphase 0 4
stats: size_sent 127613 1594241
stats: connected 18 206
stats: 503 33 35
# stats: dump at 1480608266
stats: users 222 222
stats: {load,"tsung_controller@ip-172-31-1-178"} 1 0.05859375 0.0 0.078125 0.0 0.0049479166666666664 30
stats: {freemem,"tsung_controller@ip-172-31-1-178"} 1 3130.9765625 0.0 3166.91015625 3130.9765625 3157.3303385416666 30
stats: {recvpackets,"tsung_controller@ip-172-31-1-178"} 1 2071.0 0.0 2071 100 850.448275862069 29
stats: {sentpackets,"tsung_controller@ip-172-31-1-178"} 1 1491.0 0.0 1491 64 615.2068965517242 29
stats: {cpu,"tsung_controller@ip-172-31-1-178"} 1 3.0 0.0 10.657985757884028 0.9930486593843099 1.9830571526409757 30
stats: session 54 34056.5995053892 9507.959147570391 50223.134033203125 1636.98291015625 13044.324050470106 634
stats: users_count 73 910
stats: finish_users_count 54 688
stats: request 247 6524.049271927191 3444.965133716396 24781.425048828125 1.43896484375 2473.8066644038163 2844
stats: connect 69 3.0856296705163047 10.097907219006492 126.195068359375 0.75390625 1.5480049889859617 837
stats: page 247 6524.049271927191 3444.965133716396 24781.425048828125 1.43896484375 2473.8066644038163 2844
stats: 200 217 3027
stats: size_rcv 1884126 25915227
stats: newphase 1 5
stats: size_sent 136490 1730731
stats: connected 14 220
stats: 503 30 65
# stats: dump at 1480608276
stats: users 246 246
stats: {load,"tsung_controller@ip-172-31-1-178"} 1 0.05078125 0.0 0.078125 0.0 0.006678427419354839 31
stats: {freemem,"tsung_controller@ip-172-31-1-178"} 1 3127.2421875 0.0 3166.91015625 3127.2421875 3156.4802167338707 31
stats: {recvpackets,"tsung_controller@ip-172-31-1-178"} 1 2217.0 0.0 2217 100 891.1333333333333 30
stats: {sentpackets,"tsung_controller@ip-172-31-1-178"} 1 1709.0 0.0 1709 64 644.4 30
stats: {cpu,"tsung_controller@ip-172-31-1-178"} 1 3.6363636363636362 0.0 10.657985757884028 0.9930486593843099 2.0158617606202993 31
stats: session 69 34349.35579427085 8722.146060912615 50247.617919921875 1636.98291015625 14693.543344896892 688
stats: users_count 93 1003
stats: finish_users_count 69 757
stats: request 274 6345.867284621634 3114.317056483443 24781.425048828125 1.385009765625 2797.459179466344 3091
stats: connect 91 1.2188868260645604 0.8745311016725209 126.195068359375 0.712890625 1.665108855460127 906
stats: page 274 6345.867284621634 3114.317056483443 24781.425048828125 1.385009765625 2797.459179466344 3091
stats: 200 226 3253
stats: size_rcv 1787548 27702775
stats: newphase 0 5
stats: size_sent 151082 1881813
stats: connected 21 241
stats: 503 48 113
# stats: dump at 1480608286
stats: users 272 272
stats: {load,"tsung_controller@ip-172-31-1-178"} 1 0.0390625 0.0 0.078125 0.0 0.008056640625 32
stats: {freemem,"tsung_controller@ip-172-31-1-178"} 1 3125.1484375 0.0 3166.91015625 3125.1484375 3155.5665283203125 32
stats: {recvpackets,"tsung_controller@ip-172-31-1-178"} 1 1977.0 0.0 2217 100 933.9032258064516 31
stats: {sentpackets,"tsung_controller@ip-172-31-1-178"} 1 1642.0 0.0 1709 64 678.741935483871 31
stats: {cpu,"tsung_controller@ip-172-31-1-178"} 1 3.6072144288577155 0.0 10.657985757884028 0.9930486593843099 2.066502444237279 32
stats: session 69 31955.029187188633 10209.834683145602 57852.76611328125 1636.98291015625 16485.15636868395 757
stats: users_count 95 1098
stats: finish_users_count 69 826
stats: request 303 6077.839137111953 5228.486975303444 24781.425048828125 1.06396484375 3086.393450138721 3365
stats: connect 96 1.3339589436848955 1.1985058355717841 126.195068359375 0.712890625 1.6243804656155967 997
stats: page 303 6077.839137111953 5228.486975303444 24781.425048828125 1.06396484375 3086.393450138721 3365
stats: 200 177 3430
stats: size_rcv 1591870 29294645
stats: newphase 0 5
stats: size_sent 143647 2025460
stats: connected 28 269
stats: 503 125 238
# stats: dump at 1480608296
stats: users 289 297
stats: {load,"tsung_controller@ip-172-31-1-178"} 1 0.0390625 0.0 0.078125 0.0 0.008996212121212122 33
stats: {freemem,"tsung_controller@ip-172-31-1-178"} 1 3122.98828125 0.0 3166.91015625 3122.98828125 3154.644767992424 33
stats: {recvpackets,"tsung_controller@ip-172-31-1-178"} 1 2295.0 0.0 2295 100 966.5 32
stats: {sentpackets,"tsung_controller@ip-172-31-1-178"} 1 1945.0 0.0 1945 64 708.84375 32
stats: {cpu,"tsung_controller@ip-172-31-1-178"} 1 3.6511156186612577 0.0 10.657985757884028 0.9930486593843099 2.1131906861954737 33
stats: session 104 24936.801030085637 11759.389138320144 57852.76611328125 207.73193359375 17777.433880157103 826
stats: users_count 121 1219
stats: finish_users_count 104 930
stats: request 498 4459.551878412088 5150.483602863304 24781.425048828125 0.9599609375 3333.505784695125 3668
stats: connect 125 1.275015625 0.9115002899043909 126.195068359375 0.712890625 1.5988722624085088 1093
stats: page 498 4459.551878412088 5150.483602863304 24781.425048828125 0.9599609375 3333.505784695125 3668
stats: 200 218 3648
stats: size_rcv 1921992 31216637
stats: newphase 0 5
stats: size_sent 245036 2270496
stats: connected 21 290
stats: 503 280 518
# stats: dump at 1480608306
stats: users 273 297
stats: {load,"tsung_controller@ip-172-31-1-178"} 1 0.03125 0.0 0.078125 0.0 0.009880514705882353 34
stats: {freemem,"tsung_controller@ip-172-31-1-178"} 1 3122.30859375 0.0 3166.91015625 3122.30859375 3153.713694852941 34
stats: {recvpackets,"tsung_controller@ip-172-31-1-178"} 1 2420.0 0.0 2420 100 1006.7575757575758 33
stats: {sentpackets,"tsung_controller@ip-172-31-1-178"} 1 2336.0 0.0 2336 64 746.3030303030303 33
stats: {cpu,"tsung_controller@ip-172-31-1-178"} 1 4.757085020242915 0.0 10.657985757884028 0.9930486593843099 2.1584237724444675 34
stats: session 114 24866.035070586626 11793.842465346224 57852.76611328125 207.73193359375 18578.05128186954 930
stats: users_count 98 1317
stats: finish_users_count 114 1044
stats: request 438 3844.4723329587614 5327.981769908359 24781.425048828125 0.9599609375 3468.112350866764 4166
stats: connect 97 1.2049975837628861 0.21909493489372295 126.195068359375 0.712890625 1.5656357437910509 1218
stats: page 438 3844.4723329587614 5327.981769908359 24781.425048828125 0.9599609375 3468.112350866764 4166
stats: 200 153 3801
stats: size_rcv 1466609 32683246
stats: newphase 0 5
stats: size_sent 209736 2480232
stats: connected -16 274
stats: 503 285 803
# stats: dump at 1480608316
stats: users 263 297
stats: {load,"tsung_controller@ip-172-31-1-178"} 1 0.03125 0.0 0.078125 0.0 0.010491071428571428 35
stats: {freemem,"tsung_controller@ip-172-31-1-178"} 1 3122.02734375 0.0 3166.91015625 3122.02734375 3152.81640625 35
stats: {recvpackets,"tsung_controller@ip-172-31-1-178"} 1 2099.0 0.0 2420 100 1048.3235294117646 34
stats: {sentpackets,"tsung_controller@ip-172-31-1-178"} 1 1974.0 0.0 2336 64 793.0588235294117 34
stats: {cpu,"tsung_controller@ip-172-31-1-178"} 1 4.431017119838873 0.0 10.657985757884028 0.9930486593843099 2.23267123666728 35
stats: session 108 25978.253558123553 11684.862000117872 57852.76611328125 207.73193359375 19264.670201327153 1044
stats: users_count 98 1415
stats: finish_users_count 108 1152
stats: request 398 5242.997349417984 6757.9877814353995 24781.425048828125 0.9599609375 3503.9172318737783 4604
stats: connect 99 1.3114050662878782 0.8636842123873335 126.195068359375 0.712890625 1.539033537309886 1315
stats: page 398 5242.997349417984 6757.9877814353995 24781.425048828125 0.9599609375 3503.9172318737783 4604
stats: 200 156 3957
stats: size_rcv 1486513 34169759
stats: newphase 0 5
stats: size_sent 181293 2661525
stats: connected -12 262
stats: 503 242 1045
# stats: dump at 1480608326
stats: users 299 301
stats: {load,"tsung_controller@ip-172-31-1-178"} 1 0.01953125 0.0 0.078125 0.0 0.011067708333333332 36
stats: {freemem,"tsung_controller@ip-172-31-1-178"} 1 3121.89453125 0.0 3166.91015625 3121.89453125 3151.9611545138887 36
stats: {recvpackets,"tsung_controller@ip-172-31-1-178"} 1 2027.0 0.0 2420 100 1078.3428571428572 35
stats: {sentpackets,"tsung_controller@ip-172-31-1-178"} 1 1807.0 0.0 2336 64 826.8 35
stats: {cpu,"tsung_controller@ip-172-31-1-178"} 1 3.733602421796166 0.0 10.657985757884028 0.9930486593843099 2.2937364000887133 36
stats: session 92 26147.67126730214 12391.164900271697 68794.9169921875 207.73193359375 19894.068641026814 1152
stats: users_count 128 1543
stats: finish_users_count 92 1244
stats: request 442 5640.475898017713 6670.958786280326 27350.77294921875 0.9599609375 3642.292659059423 5002
stats: connect 127 1.3468277097687007 1.947933093600821 126.195068359375 0.712890625 1.5230963246994342 1414
stats: page 442 5640.475898017713 6670.958786280326 27350.77294921875 0.9599609375 3642.292659059423 5002
stats: 200 192 4149
stats: size_rcv 1737935 35907694
stats: newphase 1 6
stats: size_sent 196751 2858276
stats: connected 35 297
stats: 503 251 1296
# stats: dump at 1480608336
stats: users 307 312
stats: {load,"tsung_controller@ip-172-31-1-178"} 1 0.01953125 0.0 0.078125 0.0 0.011296452702702702 37
stats: {freemem,"tsung_controller@ip-172-31-1-178"} 1 3121.11328125 0.0 3166.91015625 3121.11328125 3151.148543074324 37
stats: {recvpackets,"tsung_controller@ip-172-31-1-178"} 1 2483.0 0.0 2483 100 1104.6944444444443 36
stats: {sentpackets,"tsung_controller@ip-172-31-1-178"} 1 2359.0 0.0 2359 64 854.0277777777778 36
stats: {cpu,"tsung_controller@ip-172-31-1-178"} 1 4.405737704918033 0.0 10.657985757884028 0.9930486593843099 2.332651697972698 37
stats: session 138 23546.752475019817 13679.293800054662 68794.9169921875 207.73193359375 20356.55372271277 1244
stats: users_count 146 1689
stats: finish_users_count 138 1382
stats: request 562 3860.733397134258 5424.333993666619 32532.321044921875 0.9599609375 3804.525758181312 5444
stats: connect 145 1.355020878232759 1.0672795451219173 126.195068359375 0.712890625 1.5085693200945003 1541
stats: page 562 3860.733397134258 5424.333993666619 32532.321044921875 0.9599609375 3804.525758181312 5444
stats: 200 194 4343
stats: size_rcv 1833635 37741329
stats: newphase 0 6
stats: size_sent 249346 3107622
stats: connected 9 306
stats: 503 367 1663
# stats: dump at 1480608346
stats: users 318 318
stats: {load,"tsung_controller@ip-172-31-1-178"} 1 0.08984375 0.0 0.08984375 0.0 0.011513157894736841 38
stats: {freemem,"tsung_controller@ip-172-31-1-178"} 1 3120.76953125 0.0 3166.91015625 3120.76953125 3150.3581414473683 38
stats: {recvpackets,"tsung_controller@ip-172-31-1-178"} 1 2754.0 0.0 2754 100 1141.945945945946 37
stats: {sentpackets,"tsung_controller@ip-172-31-1-178"} 1 2723.0 0.0 2723 64 894.7027027027027 37
stats: {cpu,"tsung_controller@ip-172-31-1-178"} 1 5.241521068859199 0.0 10.657985757884028 0.9930486593843099 2.3872065928923125 38
stats: session 150 20776.959554036457 13140.288571977431 68794.9169921875 207.73193359375 20675.111919397557 1382
stats: users_count 161 1850
stats: finish_users_count 150 1532
stats: request 606 3374.3347744076164 5209.942735235673 32532.321044921875 0.9599609375 3809.7852808405787 6006
stats: connect 161 1.232682696040373 0.3348210878342128 126.195068359375 0.712890625 1.4953637898038998 1686
stats: page 606 3374.3347744076164 5209.942735235673 32532.321044921875 0.9599609375 3809.7852808405787 6006
stats: 200 188 4531
stats: size_rcv 1828721 39570050
stats: newphase 0 6
stats: size_sent 262690 3370312
stats: connected 9 315
stats: 503 418 2081
# stats: dump at 1480608356
stats: users 311 325
stats: {load,"tsung_controller@ip-172-31-1-178"} 1 0.16015625 0.0 0.16015625 0.0 0.013521634615384616 39
stats: {freemem,"tsung_controller@ip-172-31-1-178"} 1 3120.546875 0.0 3166.91015625 3120.546875 3149.5994591346152 39
stats: {recvpackets,"tsung_controller@ip-172-31-1-178"} 1 2838.0 0.0 2838 100 1184.3684210526317 38
stats: {sentpackets,"tsung_controller@ip-172-31-1-178"} 1 2868.0 0.0 2868 64 942.8157894736842 38
stats: {cpu,"tsung_controller@ip-172-31-1-178"} 1 6.237218813905931 0.0 10.657985757884028 0.9930486593843099 2.4603941435581302 39
stats: session 164 20062.640681569173 12517.10627813365 68794.9169921875 207.73193359375 20685.08394628779 1532
stats: users_count 157 2007
stats: finish_users_count 164 1696
stats: request 688 2917.3975684587313 4849.722777405208 32532.321044921875 0.9599609375 3769.8755701783925 6612
stats: connect 159 1.2408854166666659 0.6555599554060155 126.195068359375 0.712890625 1.4724663040995534 1847
stats: page 688 2917.3975684587313 4849.722777405208 32532.321044921875 0.9599609375 3769.8755701783925 6612
stats: 200 186 4717
stats: size_rcv 1845177 41415227
stats: newphase 0 6
stats: size_sent 296749 3667061
stats: connected -4 311
stats: 503 502 2583
# stats: dump at 1480608366
stats: users 318 325
stats: {load,"tsung_controller@ip-172-31-1-178"} 1 0.12890625 0.0 0.16015625 0.0 0.0171875 40
stats: {freemem,"tsung_controller@ip-172-31-1-178"} 1 3120.53125 0.0 3166.91015625 3120.53125 3148.87314453125 40
stats: {recvpackets,"tsung_controller@ip-172-31-1-178"} 1 2770.0 0.0 2838 100 1226.7692307692307 39
stats: {sentpackets,"tsung_controller@ip-172-31-1-178"} 1 2782.0 0.0 2868 64 992.1794871794872 39
stats: {cpu,"tsung_controller@ip-172-31-1-178"} 1 5.828220858895705 0.0 10.657985757884028 0.9930486593843099 2.554814760316825 40
stats: session 170 18195.669584386476 10780.817519648484 68794.9169921875 207.73193359375 20624.894857010753 1696
stats: users_count 177 2184
stats: finish_users_count 170 1866
stats: request 704 3016.168176130819 5287.701995282665 32532.321044921875 0.9599609375 3689.532437961526 7300
stats: connect 174 1.2307760304418103 0.35139816134208296 126.195068359375 0.712890625 1.4541106903897683 2006
stats: page 704 3016.168176130819 5287.701995282665 32532.321044921875 0.9599609375 3689.532437961526 7300
stats: 200 178 4895
stats: size_rcv 1752354 43167581
stats: newphase 0 6
stats: size_sent 303731 3970792
stats: connected 4 315
stats: 503 526 3109
# stats: dump at 1480608376
stats: users 305 325
stats: {load,"tsung_controller@ip-172-31-1-178"} 1 0.109375 0.0 0.16015625 0.0 0.01991234756097561 41
stats: {freemem,"tsung_controller@ip-172-31-1-178"} 1 3120.71484375 0.0 3166.91015625 3120.53125 3148.181878810976 41
stats: {recvpackets,"tsung_controller@ip-172-31-1-178"} 1 2792.0 0.0 2838 100 1265.35 40
stats: {sentpackets,"tsung_controller@ip-172-31-1-178"} 1 2916.0 0.0 2916 64 1036.925 40
stats: {cpu,"tsung_controller@ip-172-31-1-178"} 1 5.834186284544525 0.0 10.657985757884028 0.9930486593843099 2.634653933452895 41
stats: session 166 20161.057453936835 11855.469240951936 68794.9169921875 207.73193359375 20403.58280109107 1866
stats: users_count 153 2337
stats: finish_users_count 166 2032
stats: request 624 3710.020316882012 5576.512490051899 32532.321044921875 0.9599609375 3630.3059961413337 8004
stats: connect 155 1.2494187878024186 1.0211923509300795 126.195068359375 0.712890625 1.4362848964306192 2180
stats: page 624 3710.020316882012 5576.512490051899 32532.321044921875 0.9599609375 3630.3059961413337 8004
stats: 200 195 5090
stats: size_rcv 1872986 45040567
stats: newphase 0 6
stats: size_sent 262741 4233533
stats: connected -12 303
stats: 503 429 3538
# stats: dump at 1480608386
stats: users 241 325
stats: {load,"tsung_controller@ip-172-31-1-178"} 1 0.08984375 0.0 0.16015625 0.0 0.022042410714285716 42
stats: {freemem,"tsung_controller@ip-172-31-1-178"} 1 3120.5703125 0.0 3166.91015625 3120.53125 3147.527901785714 42
stats: {recvpackets,"tsung_controller@ip-172-31-1-178"} 1 2871.0 0.0 2871 100 1302.5853658536585 41
stats: {sentpackets,"tsung_controller@ip-172-31-1-178"} 1 2675.0 0.0 2916 64 1082.7560975609756 41
stats: {cpu,"tsung_controller@ip-172-31-1-178"} 1 5.386178861788618 0.0 10.657985757884028 0.9930486593843099 2.710833275145553 42
stats: session 116 21921.57288649987 11012.957818506937 68794.9169921875 207.73193359375 20383.770198912134 2032
stats: users_count 52 2389
stats: finish_users_count 116 2148
stats: request 444 5254.257717373132 4648.260913115248 32532.321044921875 0.9599609375 3636.0711486844702 8628
stats: connect 54 1.1904296875 0.21418194291239004 126.195068359375 0.712890625 1.423880508063437 2335
stats: page 444 5254.257717373132 4648.260913115248 32532.321044921875 0.9599609375 3636.0711486844702 8628
stats: 200 253 5343
stats: size_rcv 2198102 47238669
stats: newphase 0 6
stats: size_sent 221294 4454827
stats: connected -60 243
stats: 503 191 3729
# stats: dump at 1480608396
stats: users 181 325
stats: {load,"tsung_controller@ip-172-31-1-178"} 1 0.078125 0.0 0.16015625 0.0 0.023619186046511628 43
stats: {freemem,"tsung_controller@ip-172-31-1-178"} 1 3120.21484375 0.0 3166.91015625 3120.21484375 3146.9009811046512 43
stats: {recvpackets,"tsung_controller@ip-172-31-1-178"} 1 2041.0 0.0 2871 100 1339.9285714285713 42
stats: {sentpackets,"tsung_controller@ip-172-31-1-178"} 1 1444.0 0.0 2916 64 1120.6666666666667 42
stats: {cpu,"tsung_controller@ip-172-31-1-178"} 1 2.991026919242273 0.0 10.657985757884028 0.9930486593843099 2.7730506143698106 43
stats: session 60 26649.58876546224 9725.134521708462 68794.9169921875 207.73193359375 20466.817271426182 2148
stats: users_count 0 2389
stats: finish_users_count 60 2208
stats: request 172 9305.75985220976 1053.3229938326251 32532.321044921875 0.9599609375 3715.2681103795503 9072
stats: connect 0 0 0 126.195068359375 0.712890625 1.4186036791348366 2389
stats: page 172 9305.75985220976 1053.3229938326251 32532.321044921875 0.9599609375 3715.2681103795503 9072
stats: 200 172 5515
stats: size_rcv 1594494 48833163
stats: newphase 0 6
stats: size_sent 90143 4544970
stats: connected -62 181
stats: 503 0 3729
# stats: dump at 1480608406
stats: users 134 325
stats: {load,"tsung_controller@ip-172-31-1-178"} 1 0.0703125 0.0 0.16015625 0.0 0.024857954545454544 44
stats: {freemem,"tsung_controller@ip-172-31-1-178"} 1 3119.01171875 0.0 3166.91015625 3119.01171875 3146.2944779829545 44
stats: {recvpackets,"tsung_controller@ip-172-31-1-178"} 1 1274.0 0.0 2871 100 1356.2325581395346 43
stats: {sentpackets,"tsung_controller@ip-172-31-1-178"} 1 808.0 0.0 2916 64 1128.1860465116279 43
stats: {cpu,"tsung_controller@ip-172-31-1-178"} 1 1.3972055888223553 0.0 10.657985757884028 0.9930486593843099 2.7780046212987304 44
stats: session 47 33667.50873711768 6672.849231902805 68794.9169921875 207.73193359375 20634.827366372814 2208
stats: users_count 0 2389
stats: finish_users_count 47 2255
stats: request 116 12081.531929805362 927.300123317434 32532.321044921875 0.9599609375 3819.2885105953437 9244
stats: connect 0 0 0 126.195068359375 0.712890625 1.4186036791348366 2389
stats: page 116 12081.531929805362 927.300123317434 32532.321044921875 0.9599609375 3819.2885105953437 9244
stats: 200 116 5631
stats: size_rcv 1062540 49895703
stats: newphase 0 6
stats: size_sent 54683 4599653
stats: connected -47 134
stats: 503 0 3729
# stats: dump at 1480608416
stats: users 74 325
stats: {load,"tsung_controller@ip-172-31-1-178"} 1 0.05859375 0.0 0.16015625 0.0 0.025868055555555554 45
stats: {freemem,"tsung_controller@ip-172-31-1-178"} 1 3118.90234375 0.0 3166.91015625 3118.90234375 3145.6881944444444 45
stats: {recvpackets,"tsung_controller@ip-172-31-1-178"} 1 909.0 0.0 2871 100 1354.363636363636 44
stats: {sentpackets,"tsung_controller@ip-172-31-1-178"} 1 611.0 0.0 2916 64 1120.909090909091 44
stats: {cpu,"tsung_controller@ip-172-31-1-178"} 1 1.4910536779324055 0.0 10.657985757884028 0.9930486593843099 2.747320198354811 45
stats: session 60 42177.614998372395 7196.0874591143875 68794.9169921875 207.73193359375 20906.461967004747 2255
stats: users_count 0 2389
stats: finish_users_count 60 2315
stats: request 102 13281.900539024204 3685.031501797447 32532.321044921875 0.9599609375 3921.683835021451 9360
stats: connect 0 0 0 126.195068359375 0.712890625 1.4186036791348366 2389
stats: page 102 13281.900539024204 3685.031501797447 32532.321044921875 0.9599609375 3921.683835021451 9360
stats: 200 102 5733
stats: size_rcv 1003293 50898996
stats: newphase 0 6
stats: size_sent 34679 4634332
stats: connected -56 78
stats: 503 0 3729
# stats: dump at 1480608426
stats: users 2 325
stats: {load,"tsung_controller@ip-172-31-1-178"} 1 0.05078125 0.0 0.16015625 0.0 0.026579483695652172 46
stats: {freemem,"tsung_controller@ip-172-31-1-178"} 1 3120.56640625 0.0 3166.91015625 3118.90234375 3145.1058933423915 46
stats: {recvpackets,"tsung_controller@ip-172-31-1-178"} 1 1183.0 0.0 2871 100 1344.4666666666662 45
stats: {sentpackets,"tsung_controller@ip-172-31-1-178"} 1 829.0 0.0 2916 64 1109.5777777777778 45
stats: {cpu,"tsung_controller@ip-172-31-1-178"} 1 1.4910536779324055 0.0 10.657985757884028 0.9930486593843099 2.720010056606498 46
stats: session 72 44942.08552042643 4000.9474632804936 68794.9169921875 207.73193359375 21457.766149243216 2315
stats: users_count 0 2389
stats: finish_users_count 72 2387
stats: request 92 8458.086587657093 4894.772428554632 32532.321044921875 0.9599609375 4022.586614963142 9462
stats: connect 0 0 0 126.195068359375 0.712890625 1.4186036791348366 2389
stats: page 92 8458.086587657093 4894.772428554632 32532.321044921875 0.9599609375 4022.586614963142 9462
stats: 200 92 5825
stats: size_rcv 888397 51787393
stats: newphase 0 6
stats: size_sent 12670 4647002
stats: connected -76 2
stats: 503 0 3729
# stats: dump at 1480608430
stats: users 0 325
stats: {load,"tsung_controller@ip-172-31-1-178"} 0 0 0 0.16015625 0.0 0.02709441489361702 47
stats: {freemem,"tsung_controller@ip-172-31-1-178"} 0 0 0 3166.91015625 3118.90234375 3144.583776595745 47
stats: {recvpackets,"tsung_controller@ip-172-31-1-178"} 0 0 0 2871 100 1340.95652173913 46
stats: {sentpackets,"tsung_controller@ip-172-31-1-178"} 0 0 0 2916 64 1103.4782608695652 46
stats: {cpu,"tsung_controller@ip-172-31-1-178"} 0 0 0 10.657985757884028 0.9930486593843099 2.6938620485496023 47
stats: session 2 59091.656005859375 2876.754150390625 68794.9169921875 207.73193359375 22166.132715948366 2387
stats: users_count 0 2389
stats: finish_users_count 2 2389
stats: request 2 12126.5830078125 11474.77099609375 32532.321044921875 0.9599609375 4065.2981491360374 9554
stats: connect 0 0 0 126.195068359375 0.712890625 1.4186036791348366 2389
stats: page 2 12126.5830078125 11474.77099609375 32532.321044921875 0.9599609375 4065.2981491360374 9554
stats: 200 2 5827
stats: size_rcv 28839 51816232
stats: newphase 0 6
stats: size_sent 667 4647669
stats: connected -2 0
stats: 503 0 3729
EndMonitor:{1480,608430,79477}
