Could not find/open font when opening font "arial", using internal non-scalable font

	title is " rate", offset at ((character units) 0, 0, 0)


	title is " mean", offset at ((character units) 0, 0, 0)


	title is " stddev", offset at ((character units) 0, 0, 0)


	title is " max_sample", offset at ((character units) 0, 0, 0)


	title is " min_sample", offset at ((character units) 0, 0, 0)

Could not find/open font when opening font "arial", using internal non-scalable font

	title is " rate", offset at ((character units) 0, 0, 0)


	title is " mean", offset at ((character units) 0, 0, 0)


	title is " stddev", offset at ((character units) 0, 0, 0)


	title is " max_sample", offset at ((character units) 0, 0, 0)


	title is " min_sample", offset at ((character units) 0, 0, 0)

Could not find/open font when opening font "arial", using internal non-scalable font

	title is " HTTP Code Response rate", offset at ((character units) 0, 0, 0)


	title is " total", offset at ((character units) 0, 0, 0)

Could not find/open font when opening font "arial", using internal non-scalable font

	title is " HTTP Code Response rate", offset at ((character units) 0, 0, 0)


	title is " total", offset at ((character units) 0, 0, 0)

Could not find/open font when opening font "arial", using internal non-scalable font

	title is " Request and tcp/udp connection rate", offset at ((character units) 0, 0, 0)


	title is " Mean request (and connection) duration", offset at ((character units) 0, 0, 0)


	title is " stddev", offset at ((character units) 0, 0, 0)


	title is " max_sample", offset at ((character units) 0, 0, 0)


	title is " min_sample", offset at ((character units) 0, 0, 0)

Could not find/open font when opening font "arial", using internal non-scalable font

	title is " Request and tcp/udp connection rate", offset at ((character units) 0, 0, 0)


	title is " Mean request (and connection) duration", offset at ((character units) 0, 0, 0)


	title is " stddev", offset at ((character units) 0, 0, 0)


	title is " max_sample", offset at ((character units) 0, 0, 0)


	title is " min_sample", offset at ((character units) 0, 0, 0)

Could not find/open font when opening font "arial", using internal non-scalable font

	title is " Transaction and page rate", offset at ((character units) 0, 0, 0)


	title is " Mean transaction and page duration", offset at ((character units) 0, 0, 0)


	title is " stddev", offset at ((character units) 0, 0, 0)


	title is " max_sample", offset at ((character units) 0, 0, 0)


	title is " min_sample", offset at ((character units) 0, 0, 0)

Could not find/open font when opening font "arial", using internal non-scalable font

	title is " Transaction and page rate", offset at ((character units) 0, 0, 0)


	title is " Mean transaction and page duration", offset at ((character units) 0, 0, 0)


	title is " stddev", offset at ((character units) 0, 0, 0)


	title is " max_sample", offset at ((character units) 0, 0, 0)


	title is " min_sample", offset at ((character units) 0, 0, 0)

Could not find/open font when opening font "arial", using internal non-scalable font

	title is " rate", offset at ((character units) 0, 0, 0)


	title is " total", offset at ((character units) 0, 0, 0)

Could not find/open font when opening font "arial", using internal non-scalable font

	title is " rate", offset at ((character units) 0, 0, 0)


	title is " total", offset at ((character units) 0, 0, 0)

Could not find/open font when opening font "arial", using internal non-scalable font

	title is " Simultaneous users and opened TCP/UDP connections", offset at ((character units) 0, 0, 0)


	title is " maximum_simultaneous", offset at ((character units) 0, 0, 0)

Could not find/open font when opening font "arial", using internal non-scalable font

	title is " Simultaneous users and opened TCP/UDP connections", offset at ((character units) 0, 0, 0)


	title is " maximum_simultaneous", offset at ((character units) 0, 0, 0)

Could not find/open font when opening font "arial", using internal non-scalable font

	title is " Users arrival/departure rate", offset at ((character units) 0, 0, 0)


	title is " Total users", offset at ((character units) 0, 0, 0)

Could not find/open font when opening font "arial", using internal non-scalable font

	title is " Users arrival/departure rate", offset at ((character units) 0, 0, 0)


	title is " Total users", offset at ((character units) 0, 0, 0)

Could not find/open font when opening font "arial", using internal non-scalable font

	title is " Network throughput", offset at ((character units) 0, 0, 0)


	title is " Total send/receive bytes", offset at ((character units) 0, 0, 0)

Could not find/open font when opening font "arial", using internal non-scalable font

	title is " Network throughput", offset at ((character units) 0, 0, 0)


	title is " Total send/receive bytes", offset at ((character units) 0, 0, 0)

Could not find/open font when opening font "arial", using internal non-scalable font

	title is " rate", offset at ((character units) 0, 0, 0)

Warning: empty y range [0.1:0.1], adjusting to [0.099:0.101]

	title is " mean", offset at ((character units) 0, 0, 0)


	title is " stddev", offset at ((character units) 0, 0, 0)

Warning: empty y range [0:0], adjusting to [-1:1]

	title is " max_sample", offset at ((character units) 0, 0, 0)

Warning: empty y range [7.78424:7.78424], adjusting to [7.7064:7.86208]

	title is " min_sample", offset at ((character units) 0, 0, 0)

Could not find/open font when opening font "arial", using internal non-scalable font

	title is " rate", offset at ((character units) 0, 0, 0)

Warning: empty y range [0.1:0.1], adjusting to [0.099:0.101]

	title is " mean", offset at ((character units) 0, 0, 0)


	title is " stddev", offset at ((character units) 0, 0, 0)

Warning: empty y range [0:0], adjusting to [-1:1]

	title is " max_sample", offset at ((character units) 0, 0, 0)

Warning: empty y range [7.78424:7.78424], adjusting to [7.7064:7.86208]

	title is " min_sample", offset at ((character units) 0, 0, 0)

Could not find/open font when opening font "arial", using internal non-scalable font

	title is " rate", offset at ((character units) 0, 0, 0)

Warning: empty y range [0.1:0.1], adjusting to [0.099:0.101]

	title is " mean", offset at ((character units) 0, 0, 0)


	title is " stddev", offset at ((character units) 0, 0, 0)

Warning: empty y range [0:0], adjusting to [-1:1]

	title is " max_sample", offset at ((character units) 0, 0, 0)

Warning: empty y range [3164.45:3164.45], adjusting to [3132.8:3196.09]

	title is " min_sample", offset at ((character units) 0, 0, 0)

Could not find/open font when opening font "arial", using internal non-scalable font

	title is " rate", offset at ((character units) 0, 0, 0)

Warning: empty y range [0.1:0.1], adjusting to [0.099:0.101]

	title is " mean", offset at ((character units) 0, 0, 0)


	title is " stddev", offset at ((character units) 0, 0, 0)

Warning: empty y range [0:0], adjusting to [-1:1]

	title is " max_sample", offset at ((character units) 0, 0, 0)

Warning: empty y range [3164.45:3164.45], adjusting to [3132.8:3196.09]

	title is " min_sample", offset at ((character units) 0, 0, 0)

Could not find/open font when opening font "arial", using internal non-scalable font

	title is " rate", offset at ((character units) 0, 0, 0)

Warning: empty y range [0.1:0.1], adjusting to [0.099:0.101]

	title is " mean", offset at ((character units) 0, 0, 0)


	title is " stddev", offset at ((character units) 0, 0, 0)

Warning: empty y range [0:0], adjusting to [-1:1]

	title is " max_sample", offset at ((character units) 0, 0, 0)

Warning: empty y range [0.191406:0.191406], adjusting to [0.189492:0.19332]

	title is " min_sample", offset at ((character units) 0, 0, 0)

Could not find/open font when opening font "arial", using internal non-scalable font

	title is " rate", offset at ((character units) 0, 0, 0)

Warning: empty y range [0.1:0.1], adjusting to [0.099:0.101]

	title is " mean", offset at ((character units) 0, 0, 0)


	title is " stddev", offset at ((character units) 0, 0, 0)

Warning: empty y range [0:0], adjusting to [-1:1]

	title is " max_sample", offset at ((character units) 0, 0, 0)

Warning: empty y range [0.191406:0.191406], adjusting to [0.189492:0.19332]

	title is " min_sample", offset at ((character units) 0, 0, 0)

Could not find/open font when opening font "arial", using internal non-scalable font

	title is " rate", offset at ((character units) 0, 0, 0)

Warning: empty y range [0.1:0.1], adjusting to [0.099:0.101]

	title is " mean", offset at ((character units) 0, 0, 0)


	title is " stddev", offset at ((character units) 0, 0, 0)

Warning: empty y range [0:0], adjusting to [-1:1]

	title is " max_sample", offset at ((character units) 0, 0, 0)


	title is " min_sample", offset at ((character units) 0, 0, 0)

Warning: empty y range [255:255], adjusting to [252.45:257.55]
Could not find/open font when opening font "arial", using internal non-scalable font

	title is " rate", offset at ((character units) 0, 0, 0)

Warning: empty y range [0.1:0.1], adjusting to [0.099:0.101]

	title is " mean", offset at ((character units) 0, 0, 0)


	title is " stddev", offset at ((character units) 0, 0, 0)

Warning: empty y range [0:0], adjusting to [-1:1]

	title is " max_sample", offset at ((character units) 0, 0, 0)


	title is " min_sample", offset at ((character units) 0, 0, 0)

Warning: empty y range [255:255], adjusting to [252.45:257.55]
Could not find/open font when opening font "arial", using internal non-scalable font

	title is " rate", offset at ((character units) 0, 0, 0)

Warning: empty y range [0.1:0.1], adjusting to [0.099:0.101]

	title is " mean", offset at ((character units) 0, 0, 0)


	title is " stddev", offset at ((character units) 0, 0, 0)

Warning: empty y range [0:0], adjusting to [-1:1]

	title is " max_sample", offset at ((character units) 0, 0, 0)


	title is " min_sample", offset at ((character units) 0, 0, 0)

Could not find/open font when opening font "arial", using internal non-scalable font

	title is " rate", offset at ((character units) 0, 0, 0)

Warning: empty y range [0.1:0.1], adjusting to [0.099:0.101]

	title is " mean", offset at ((character units) 0, 0, 0)


	title is " stddev", offset at ((character units) 0, 0, 0)

Warning: empty y range [0:0], adjusting to [-1:1]

	title is " max_sample", offset at ((character units) 0, 0, 0)


	title is " min_sample", offset at ((character units) 0, 0, 0)

