# stats: dump at 1480608605
stats: users 6 8
stats: {load,"tsung_controller@ip-172-31-1-178"} 1 0.19140625 0 0.19140625 0.19140625 0 0
stats: {freemem,"tsung_controller@ip-172-31-1-178"} 1 3164.4453125 0 3164.4453125 3164.4453125 0 0
stats: {cpu,"tsung_controller@ip-172-31-1-178"} 1 7.7842382463317605 0 7.7842382463317605 7.7842382463317605 0 0
stats: session 2 3255.4693603515625 1300.2574462890625 4555.726806640625 1955.2119140625 0 0
stats: users_count 8 8
stats: finish_users_count 2 2
stats: request 22 320.12080522017044 336.50780436579026 917.788818359375 7.841064453125 0 0
stats: connect 8 16.787811279296875 41.462456557912226 126.487060546875 1.02783203125 0 0
stats: page 22 320.12080522017044 336.50780436579026 917.788818359375 7.841064453125 0 0
stats: 200 22 22
stats: size_rcv 200331 200331
stats: size_sent 12084 12084
stats: connected 7 7
# stats: dump at 1480608615
stats: users 15 15
stats: {load,"tsung_controller@ip-172-31-1-178"} 1 0.16015625 0.0 0.19140625 0.16015625 0.19140625 1
stats: {freemem,"tsung_controller@ip-172-31-1-178"} 1 3161.171875 0.0 3164.4453125 3161.171875 3164.4453125 1
stats: {recvpackets,"tsung_controller@ip-172-31-1-178"} 1 255 0 255 255 0 0
stats: {sentpackets,"tsung_controller@ip-172-31-1-178"} 1 191 0 191 191 0 0
stats: {cpu,"tsung_controller@ip-172-31-1-178"} 1 2.167487684729064 0.0 7.7842382463317605 2.167487684729064 7.7842382463317605 1
stats: session 10 6071.949194335937 2909.806434837406 12433.375 1955.2119140625 3255.4693603515625 2
stats: users_count 19 27
stats: finish_users_count 10 12
stats: request 49 278.0964205994898 302.47144579245787 1043.10302734375 7.65380859375 320.12080522017044 22
stats: connect 17 1.1567670036764706 0.12297113853080395 126.487060546875 0.966796875 16.787811279296875 8
stats: page 49 278.0964205994898 302.47144579245787 1043.10302734375 7.65380859375 320.12080522017044 22
stats: 200 49 71
stats: size_rcv 409506 609837
stats: size_sent 24352 36436
stats: connected 6 13
# stats: dump at 1480608625
stats: users 6 18
stats: {load,"tsung_controller@ip-172-31-1-178"} 1 0.12890625 0.0 0.19140625 0.12890625 0.17578125 2
stats: {freemem,"tsung_controller@ip-172-31-1-178"} 1 3159.36328125 0.0 3164.4453125 3159.36328125 3162.80859375 2
stats: {recvpackets,"tsung_controller@ip-172-31-1-178"} 1 432.0 0.0 432 255 255.0 1
stats: {sentpackets,"tsung_controller@ip-172-31-1-178"} 1 314.0 0.0 314 191 191.0 1
stats: {cpu,"tsung_controller@ip-172-31-1-178"} 1 1.1928429423459244 0.0 7.7842382463317605 1.1928429423459244 4.975862965530412 2
stats: session 16 8834.327850341797 2833.025482159802 13406.383056640625 1955.2119140625 5602.535888671875 12
stats: users_count 7 34
stats: finish_users_count 16 28
stats: request 50 374.7652099609375 338.6850324892695 1292.864990234375 7.65380859375 291.1180609044894 71
stats: connect 9 1.1384819878472223 0.07912565288051518 126.487060546875 0.966796875 6.158701171875 25
stats: page 50 374.7652099609375 338.6850324892695 1292.864990234375 7.65380859375 291.1180609044894 71
stats: 200 50 121
stats: size_rcv 453130 1062967
stats: size_sent 30937 67373
stats: connected -5 8
# stats: dump at 1480608635
stats: users 10 18
stats: {load,"tsung_controller@ip-172-31-1-178"} 1 0.109375 0.0 0.19140625 0.109375 0.16015625 3
stats: {freemem,"tsung_controller@ip-172-31-1-178"} 1 3156.94921875 0.0 3164.4453125 3156.94921875 3161.66015625 3
stats: {recvpackets,"tsung_controller@ip-172-31-1-178"} 1 465.0 0.0 465 255 343.5 2
stats: {sentpackets,"tsung_controller@ip-172-31-1-178"} 1 283.0 0.0 314 191 252.5 2
stats: {cpu,"tsung_controller@ip-172-31-1-178"} 1 1.2871287128712872 0.0 7.7842382463317605 1.1928429423459244 3.714856291135583 3
stats: session 7 10385.715122767857 5269.349851209736 18137.963134765625 1955.2119140625 7449.274152483259 28
stats: users_count 11 45
stats: finish_users_count 7 35
stats: request 39 441.2078387920673 667.8005384510739 4103.759033203125 7.2958984375 325.68299853112086 121
stats: connect 11 1.2731045809659092 0.21625551239599428 126.487060546875 0.966796875 4.8298196231617645 34
stats: page 39 441.2078387920673 667.8005384510739 4103.759033203125 7.2958984375 325.68299853112086 121
stats: 200 39 160
stats: size_rcv 352552 1415519
stats: size_sent 18617 85990
stats: connected 3 11
# stats: dump at 1480608645
stats: users 8 18
stats: {load,"tsung_controller@ip-172-31-1-178"} 1 0.1015625 0.0 0.19140625 0.1015625 0.1474609375 4
stats: {freemem,"tsung_controller@ip-172-31-1-178"} 1 3158.75390625 0.0 3164.4453125 3156.94921875 3160.482421875 4
stats: {recvpackets,"tsung_controller@ip-172-31-1-178"} 1 358.0 0.0 465 255 384.0 3
stats: {sentpackets,"tsung_controller@ip-172-31-1-178"} 1 242.0 0.0 314 191 262.6666666666667 3
stats: {cpu,"tsung_controller@ip-172-31-1-178"} 1 1.1892963330029733 0.0 7.7842382463317605 1.1892963330029733 3.107924396569509 4
stats: session 12 5858.1129150390625 3277.4536644962727 18137.963134765625 1955.2119140625 8036.562346540179 35
stats: users_count 10 55
stats: finish_users_count 12 47
stats: request 39 239.8964092548078 285.95119136958164 4103.759033203125 7.2958984375 353.84217834472656 160
stats: connect 9 1.2309299045138888 0.07243382071977218 126.487060546875 0.966796875 3.960400390625 45
stats: page 39 239.8964092548078 285.95119136958164 4103.759033203125 7.2958984375 353.84217834472656 160
stats: 200 39 199
stats: size_rcv 326521 1742040
stats: size_sent 21602 107592
stats: connected -4 7
# stats: dump at 1480608655
stats: users 5 18
stats: {load,"tsung_controller@ip-172-31-1-178"} 1 0.078125 0.0 0.19140625 0.078125 0.13828125 5
stats: {freemem,"tsung_controller@ip-172-31-1-178"} 1 3160.86328125 0.0 3164.4453125 3156.94921875 3160.13671875 5
stats: {recvpackets,"tsung_controller@ip-172-31-1-178"} 1 293.0 0.0 465 255 377.5 4
stats: {sentpackets,"tsung_controller@ip-172-31-1-178"} 1 198.0 0.0 314 191 257.5 4
stats: {cpu,"tsung_controller@ip-172-31-1-178"} 1 1.0912698412698412 0.0 7.7842382463317605 1.0912698412698412 2.7241987838562016 5
stats: session 8 9964.375885009766 4825.665984003237 21610.583984375 1955.2119140625 7480.36249168883 47
stats: users_count 5 60
stats: finish_users_count 8 55
stats: request 28 345.04835728236606 328.60941753526276 4103.759033203125 7.2958984375 331.51109797032035 199
stats: connect 6 1.2537841796875 0.1273487480134483 126.487060546875 0.966796875 3.505488642939815 54
stats: page 28 345.04835728236606 328.60941753526276 4103.759033203125 7.2958984375 331.51109797032035 199
stats: 200 28 227
stats: size_rcv 259723 2001763
stats: size_sent 15732 123324
stats: connected -1 6
# stats: dump at 1480608665
stats: users 7 18
stats: {load,"tsung_controller@ip-172-31-1-178"} 1 0.0703125 0.0 0.19140625 0.0703125 0.12825520833333334 6
stats: {freemem,"tsung_controller@ip-172-31-1-178"} 1 3159.640625 0.0 3164.4453125 3156.94921875 3160.2578125 6
stats: {recvpackets,"tsung_controller@ip-172-31-1-178"} 1 284.0 0.0 465 255 360.6 5
stats: {sentpackets,"tsung_controller@ip-172-31-1-178"} 1 184.0 0.0 314 184 245.6 5
stats: {cpu,"tsung_controller@ip-172-31-1-178"} 1 1.0901883052527255 0.0 7.7842382463317605 1.0901883052527255 2.4520439600918085 6
stats: session 9 6818.041802300348 3835.315275135378 21610.583984375 1955.2119140625 7841.673530717329 55
stats: users_count 11 71
stats: finish_users_count 9 64
stats: request 39 353.2877666766827 327.45272239112165 4103.759033203125 7.2958984375 333.18089207048456 227
stats: connect 11 6.423273259943182 16.6209681104363 126.487060546875 0.966796875 3.280318196614583 60
stats: page 39 353.2877666766827 327.45272239112165 4103.759033203125 7.2958984375 333.18089207048456 227
stats: 200 39 266
stats: size_rcv 342000 2343763
stats: newphase 1 1
stats: size_sent 21287 144611
stats: connected 2 8
# stats: dump at 1480608675
stats: users 14 18
stats: {load,"tsung_controller@ip-172-31-1-178"} 1 0.05859375 0.0 0.19140625 0.05859375 0.11997767857142858 7
stats: {freemem,"tsung_controller@ip-172-31-1-178"} 1 3159.890625 0.0 3164.4453125 3156.94921875 3160.1696428571427 7
stats: {recvpackets,"tsung_controller@ip-172-31-1-178"} 1 403.0 0.0 465 255 347.8333333333333 6
stats: {sentpackets,"tsung_controller@ip-172-31-1-178"} 1 289.0 0.0 314 184 235.33333333333334 6
stats: {cpu,"tsung_controller@ip-172-31-1-178"} 1 1.4807502467917077 0.0 7.7842382463317605 1.0901883052527255 2.257493152257654 7
stats: session 13 6321.517352764423 3307.7193097331774 21610.583984375 1194.717041015625 7697.725318908691 64
stats: users_count 20 91
stats: finish_users_count 13 77
stats: request 68 311.77182186351104 310.59273033100925 4103.759033203125 7.2958984375 336.1288924826715 266
stats: connect 20 1.16396484375 0.09909283916496284 126.487060546875 0.966796875 3.7672548965669015 71
stats: page 68 311.77182186351104 310.59273033100925 4103.759033203125 7.2958984375 336.1288924826715 266
stats: 200 68 334
stats: size_rcv 579614 2923377
stats: newphase 0 1
stats: size_sent 34216 178827
stats: connected 6 14
# stats: dump at 1480608685
stats: users 14 18
stats: {load,"tsung_controller@ip-172-31-1-178"} 1 0.05078125 0.0 0.19140625 0.05078125 0.1123046875 8
stats: {freemem,"tsung_controller@ip-172-31-1-178"} 1 3158.5703125 0.0 3164.4453125 3156.94921875 3160.134765625 8
stats: {recvpackets,"tsung_controller@ip-172-31-1-178"} 1 576.0 0.0 576 255 355.7142857142857 7
stats: {sentpackets,"tsung_controller@ip-172-31-1-178"} 1 407.0 0.0 407 184 243.0 7
stats: {cpu,"tsung_controller@ip-172-31-1-178"} 1 1.3902681231380336 0.0 7.7842382463317605 1.0901883052527255 2.1604002890744107 8
stats: session 13 9400.31308218149 2741.02934815278 21610.583984375 1194.717041015625 7465.378519429789 77
stats: users_count 13 104
stats: finish_users_count 13 90
stats: request 53 721.9315116450474 983.9292804735294 5287.22607421875 7.244873046875 331.1699679254772 334
stats: connect 12 1.2979736328125 0.13143299832981406 126.487060546875 0.966796875 3.195103236607143 91
stats: page 53 721.9315116450474 983.9292804735294 5287.22607421875 7.244873046875 331.1699679254772 334
stats: 200 53 387
stats: size_rcv 516064 3439441
stats: newphase 0 1
stats: size_sent 32127 210954
stats: connected -1 13
# stats: dump at 1480608695
stats: users 10 18
stats: {load,"tsung_controller@ip-172-31-1-178"} 1 0.0390625 0.0 0.19140625 0.0390625 0.10546875 9
stats: {freemem,"tsung_controller@ip-172-31-1-178"} 1 3155.90234375 0.0 3164.4453125 3155.90234375 3159.9609375 9
stats: {recvpackets,"tsung_controller@ip-172-31-1-178"} 1 995.0 0.0 995 255 383.25 8
stats: {sentpackets,"tsung_controller@ip-172-31-1-178"} 1 665.0 0.0 665 184 263.5 8
stats: {cpu,"tsung_controller@ip-172-31-1-178"} 1 1.3958125623130608 0.0 7.7842382463317605 1.0901883052527255 2.074830048414813 9
stats: session 20 7920.990026855468 4082.078256960982 21610.583984375 1194.717041015625 7744.869067382812 90
stats: users_count 16 120
stats: finish_users_count 20 110
stats: request 70 374.5896065848214 702.9601806461335 5539.118896484375 7.244873046875 384.6851147397852 387
stats: connect 17 1.3073586856617647 0.4065979073777559 126.487060546875 0.927001953125 2.9740784283980584 103
stats: page 70 374.5896065848214 702.9601806461335 5539.118896484375 7.244873046875 384.6851147397852 387
stats: 200 70 457
stats: size_rcv 620801 4060242
stats: newphase 0 1
stats: size_sent 37023 247977
stats: connected -2 11
# stats: dump at 1480608705
stats: users 17 18
stats: {load,"tsung_controller@ip-172-31-1-178"} 1 0.0390625 0.0 0.19140625 0.0390625 0.098828125 10
stats: {freemem,"tsung_controller@ip-172-31-1-178"} 1 3158.78125 0.0 3164.4453125 3155.90234375 3159.555078125 10
stats: {recvpackets,"tsung_controller@ip-172-31-1-178"} 1 1169.0 0.0 1169 255 451.22222222222223 9
stats: {sentpackets,"tsung_controller@ip-172-31-1-178"} 1 795.0 0.0 795 184 308.1111111111111 9
stats: {cpu,"tsung_controller@ip-172-31-1-178"} 1 1.3972055888223553 0.0 7.7842382463317605 1.0901883052527255 2.006928299804638 10
stats: session 12 6744.827250162761 2665.777679918455 21610.583984375 1194.717041015625 7776.891060014204 110
stats: users_count 19 139
stats: finish_users_count 12 122
stats: request 68 295.97996251723345 287.8445135707506 5539.118896484375 7.244873046875 383.13875681670544 457
stats: connect 19 1.1136924342105265 0.11661496903335512 126.487060546875 0.822021484375 2.737959798177083 120
stats: page 68 295.97996251723345 287.8445135707506 5539.118896484375 7.244873046875 383.13875681670544 457
stats: 200 68 525
stats: size_rcv 576541 4636783
stats: newphase 0 1
stats: size_sent 36709 284686
stats: connected 7 18
# stats: dump at 1480608715
stats: users 6 18
stats: {load,"tsung_controller@ip-172-31-1-178"} 1 0.03125 0.0 0.19140625 0.03125 0.09339488636363637 11
stats: {freemem,"tsung_controller@ip-172-31-1-178"} 1 3157.71875 0.0 3164.4453125 3155.90234375 3159.4847301136365 11
stats: {recvpackets,"tsung_controller@ip-172-31-1-178"} 1 655.0 0.0 1169 255 523.0 10
stats: {sentpackets,"tsung_controller@ip-172-31-1-178"} 1 444.0 0.0 795 184 356.8 10
stats: {cpu,"tsung_controller@ip-172-31-1-178"} 1 1.4866204162537164 0.0 7.7842382463317605 1.0901883052527255 1.9514989624426122 11
stats: session 20 8542.015661621093 4070.811427106406 21610.583984375 1194.717041015625 7675.3765869140625 122
stats: users_count 9 148
stats: finish_users_count 20 142
stats: request 56 332.816650390625 300.4300940552754 5539.118896484375 7.244873046875 371.84961774553574 525
stats: connect 9 1.1315646701388888 0.12437832441016158 126.487060546875 0.822021484375 2.5159376405125897 139
stats: page 56 332.816650390625 300.4300940552754 5539.118896484375 7.244873046875 371.84961774553574 525
stats: 200 56 581
stats: size_rcv 495705 5132488
stats: newphase 0 1
stats: size_sent 32273 316959
stats: connected -11 7
# stats: dump at 1480608725
stats: users 20 20
stats: {load,"tsung_controller@ip-172-31-1-178"} 1 0.1015625 0.0 0.19140625 0.03125 0.08821614583333333 12
stats: {freemem,"tsung_controller@ip-172-31-1-178"} 1 3158.953125 0.0 3164.4453125 3155.90234375 3159.3375651041665 12
stats: {recvpackets,"tsung_controller@ip-172-31-1-178"} 1 401.0 0.0 1169 255 535.0 11
stats: {sentpackets,"tsung_controller@ip-172-31-1-178"} 1 285.0 0.0 795 184 364.72727272727275 11
stats: {cpu,"tsung_controller@ip-172-31-1-178"} 1 1.2845849802371543 0.0 7.7842382463317605 1.0901883052527255 1.9127590835935377 12
stats: session 7 7951.730922154018 2643.1199108663054 21610.583984375 1194.717041015625 7797.438428422095 142
stats: users_count 21 169
stats: finish_users_count 7 149
stats: request 49 255.05739297672193 285.60934906920426 5539.118896484375 7.244873046875 368.08740402458045 581
stats: connect 19 2.3298468338815788 4.776453466043425 126.487060546875 0.822021484375 2.4317527977195947 148
stats: page 49 255.05739297672193 285.60934906920426 5539.118896484375 7.244873046875 368.08740402458045 581
stats: 200 49 630
stats: size_rcv 386126 5518614
stats: newphase 1 2
stats: size_sent 24704 341663
stats: connected 11 18
# stats: dump at 1480608735
stats: users 21 25
stats: {load,"tsung_controller@ip-172-31-1-178"} 1 0.078125 0.0 0.19140625 0.03125 0.08924278846153846 13
stats: {freemem,"tsung_controller@ip-172-31-1-178"} 1 3157.7421875 0.0 3164.4453125 3155.90234375 3159.3079927884614 13
stats: {recvpackets,"tsung_controller@ip-172-31-1-178"} 1 625.0 0.0 1169 255 523.8333333333334 12
stats: {sentpackets,"tsung_controller@ip-172-31-1-178"} 1 488.0 0.0 795 184 358.0833333333333 12
stats: {cpu,"tsung_controller@ip-172-31-1-178"} 1 1.3916500994035785 0.0 7.7842382463317605 1.0901883052527255 1.8644379987199697 13
stats: session 27 6363.156521267361 3308.6511901425583 21610.583984375 1194.717041015625 7804.6870690672185 149
stats: users_count 28 197
stats: finish_users_count 27 176
stats: request 116 496.8352366480335 636.7947484383378 5569.380859375 7.19091796875 359.29618094308034 630
stats: connect 30 1.4283772786458333 1.4463011657405316 126.487060546875 0.822021484375 2.420158706025449 167
stats: page 116 496.8352366480335 636.7947484383378 5569.380859375 7.19091796875 359.29618094308034 630
stats: 200 116 746
stats: size_rcv 1068026 6586640
stats: newphase 0 2
stats: size_sent 61990 403653
stats: connected 4 22
# stats: dump at 1480608745
stats: users 12 25
stats: {load,"tsung_controller@ip-172-31-1-178"} 1 0.0703125 0.0 0.19140625 0.03125 0.08844866071428571 14
stats: {freemem,"tsung_controller@ip-172-31-1-178"} 1 3155.9375 0.0 3164.4453125 3155.90234375 3159.1961495535716 14
stats: {recvpackets,"tsung_controller@ip-172-31-1-178"} 1 1037.0 0.0 1169 255 531.6153846153846 13
stats: {sentpackets,"tsung_controller@ip-172-31-1-178"} 1 713.0 0.0 795 184 368.0769230769231 13
stats: {cpu,"tsung_controller@ip-172-31-1-178"} 1 1.8905472636815919 0.0 7.7842382463317605 1.0901883052527255 1.8306674344830844 14
stats: session 29 7198.743206155711 3640.3958481624563 21610.583984375 1194.717041015625 7583.543178211559 176
stats: users_count 20 217
stats: finish_users_count 29 205
stats: request 97 359.8693973501933 335.04106114853874 5569.380859375 7.19091796875 380.6829509990784 746
stats: connect 20 1.1544189453125 0.09973371636222363 126.487060546875 0.822021484375 2.2691260013483503 197
stats: page 97 359.8693973501933 335.04106114853874 5569.380859375 7.19091796875 380.6829509990784 746
stats: 200 97 843
stats: size_rcv 846326 7432966
stats: newphase 0 2
stats: size_sent 53559 457212
stats: connected -10 12
# stats: dump at 1480608755
stats: users 13 25
stats: {load,"tsung_controller@ip-172-31-1-178"} 1 0.05859375 0.0 0.19140625 0.03125 0.08723958333333333 15
stats: {freemem,"tsung_controller@ip-172-31-1-178"} 1 3158.8515625 0.0 3164.4453125 3155.90234375 3158.97890625 15
stats: {recvpackets,"tsung_controller@ip-172-31-1-178"} 1 786.0 0.0 1169 255 567.7142857142857 14
stats: {sentpackets,"tsung_controller@ip-172-31-1-178"} 1 537.0 0.0 795 184 392.7142857142857 14
stats: {cpu,"tsung_controller@ip-172-31-1-178"} 1 1.4910536779324055 0.0 7.7842382463317605 1.0901883052527255 1.8346594230963182 15
stats: session 16 8130.559844970704 3804.8173076010353 21610.583984375 1194.717041015625 7529.108060213414 205
stats: users_count 17 234
stats: finish_users_count 16 221
stats: request 65 398.605908203125 535.7440880901958 5569.380859375 7.19091796875 378.28803438704773 843
stats: connect 17 1.1719898897058825 0.11719650885109142 126.487060546875 0.822021484375 2.1663880238335254 217
stats: page 65 398.605908203125 535.7440880901958 5569.380859375 7.19091796875 378.28803438704773 843
stats: 200 65 908
stats: size_rcv 554577 7987543
stats: newphase 0 2
stats: size_sent 34354 491566
stats: connected 1 13
# stats: dump at 1480608765
stats: users 15 25
stats: {load,"tsung_controller@ip-172-31-1-178"} 1 0.05078125 0.0 0.19140625 0.03125 0.08544921875 16
stats: {freemem,"tsung_controller@ip-172-31-1-178"} 1 3156.65234375 0.0 3164.4453125 3155.90234375 3158.970947265625 16
stats: {recvpackets,"tsung_controller@ip-172-31-1-178"} 1 560.0 0.0 1169 255 582.2666666666667 15
stats: {sentpackets,"tsung_controller@ip-172-31-1-178"} 1 381.0 0.0 795 184 402.3333333333333 15
stats: {cpu,"tsung_controller@ip-172-31-1-178"} 1 1.2909632571996028 0.0 7.7842382463317605 1.0901883052527255 1.8131840640235737 16
stats: session 20 7326.139672851563 3227.007343641754 21610.583984375 1194.717041015625 7572.652080829327 221
stats: users_count 22 256
stats: finish_users_count 20 241
stats: request 88 437.7956376509233 651.3452251126018 5569.380859375 7.19091796875 379.7425077329123 908
stats: connect 22 1.1658158735795454 0.1176876984196092 126.487060546875 0.822021484375 2.0941454243456197 234
stats: page 88 437.7956376509233 651.3452251126018 5569.380859375 7.19091796875 379.7425077329123 908
stats: 200 88 996
stats: size_rcv 787999 8775542
stats: newphase 0 2
stats: size_sent 49908 541474
stats: connected 2 15
# stats: dump at 1480608775
stats: users 4 25
stats: {load,"tsung_controller@ip-172-31-1-178"} 1 0.0390625 0.0 0.19140625 0.03125 0.08340992647058823 17
stats: {freemem,"tsung_controller@ip-172-31-1-178"} 1 3155.55078125 0.0 3164.4453125 3155.55078125 3158.8345588235293 17
stats: {recvpackets,"tsung_controller@ip-172-31-1-178"} 1 892.0 0.0 1169 255 580.875 16
stats: {sentpackets,"tsung_controller@ip-172-31-1-178"} 1 597.0 0.0 795 184 401.0 16
stats: {cpu,"tsung_controller@ip-172-31-1-178"} 1 1.3 0.0 7.7842382463317605 1.0901883052527255 1.7824651930339284 17
stats: session 25 6892.40142578125 3284.0549971907835 21610.583984375 1194.717041015625 7552.194619586359 241
stats: users_count 14 270
stats: finish_users_count 25 266
stats: request 73 333.7679928296234 290.3423581092575 5569.380859375 7.19091796875 384.8716999345036 996
stats: connect 14 1.1974748883928572 0.12753434013758436 126.487060546875 0.822021484375 2.01436710357666 256
stats: page 73 333.7679928296234 290.3423581092575 5569.380859375 7.19091796875 384.8716999345036 996
stats: 200 73 1069
stats: size_rcv 614528 9390070
stats: newphase 0 2
stats: size_sent 41160 582634
stats: connected -10 5
# stats: dump at 1480608785
stats: users 27 28
stats: {load,"tsung_controller@ip-172-31-1-178"} 1 0.0390625 0.0 0.19140625 0.03125 0.08094618055555555 18
stats: {freemem,"tsung_controller@ip-172-31-1-178"} 1 3155.58984375 0.0 3164.4453125 3155.55078125 3158.6521267361113 18
stats: {recvpackets,"tsung_controller@ip-172-31-1-178"} 1 474.0 0.0 1169 255 599.1764705882352 17
stats: {sentpackets,"tsung_controller@ip-172-31-1-178"} 1 299.0 0.0 795 184 412.52941176470586 17
stats: {cpu,"tsung_controller@ip-172-31-1-178"} 1 1.3875123885034688 0.0 7.7842382463317605 1.0901883052527255 1.7556615711987102 18
stats: session 7 8691.720145089286 4799.158445718685 21610.583984375 1194.717041015625 7490.183981070842 266
stats: users_count 30 300
stats: finish_users_count 7 273
stats: request 82 383.0524009146341 555.0757425113454 5569.380859375 7.19091796875 381.38192386466613 1069
stats: connect 30 3.1070800781250005 10.327873138919493 126.487060546875 0.745849609375 1.9720097294560186 270
stats: page 82 383.0524009146341 555.0757425113454 5569.380859375 7.19091796875 381.38192386466613 1069
stats: 200 82 1151
stats: size_rcv 651843 10041913
stats: newphase 1 3
stats: size_sent 40657 623291
stats: connected 22 27
# stats: dump at 1480608795
stats: users 35 39
stats: {load,"tsung_controller@ip-172-31-1-178"} 1 0.03125 0.0 0.19140625 0.03125 0.07874177631578948 19
stats: {freemem,"tsung_controller@ip-172-31-1-178"} 1 3156.30078125 0.0 3164.4453125 3155.55078125 3158.4909539473683 19
stats: {recvpackets,"tsung_controller@ip-172-31-1-178"} 1 972.0 0.0 1169 255 592.2222222222222 18
stats: {sentpackets,"tsung_controller@ip-172-31-1-178"} 1 706.0 0.0 795 184 406.22222222222223 18
stats: {cpu,"tsung_controller@ip-172-31-1-178"} 1 1.9940179461615155 0.0 7.7842382463317605 1.0901883052527255 1.7362852984252763 19
stats: session 37 6934.8750659839525 2476.9598663828483 21610.583984375 1194.717041015625 7520.992600661058 273
stats: users_count 45 345
stats: finish_users_count 37 310
stats: request 161 479.8470951814829 666.4079987712626 6944.885986328125 7.19091796875 381.5009326553676 1151
stats: connect 45 1.1842664930555555 0.09718055195390653 126.487060546875 0.745849609375 2.0855167643229167 300
stats: page 161 479.8470951814829 666.4079987712626 6944.885986328125 7.19091796875 381.5009326553676 1151
stats: 200 161 1312
stats: size_rcv 1331670 11373583
stats: newphase 0 3
stats: size_sent 89331 712622
stats: connected 8 35
# stats: dump at 1480608805
stats: users 47 48
stats: {load,"tsung_controller@ip-172-31-1-178"} 1 0.03125 0.0 0.19140625 0.03125 0.0763671875 20
stats: {freemem,"tsung_controller@ip-172-31-1-178"} 1 3153.5078125 0.0 3164.4453125 3153.5078125 3158.3814453125 20
stats: {recvpackets,"tsung_controller@ip-172-31-1-178"} 1 1598.0 0.0 1598 255 612.2105263157895 19
stats: {sentpackets,"tsung_controller@ip-172-31-1-178"} 1 1101.0 0.0 1101 184 422.0 19
stats: {cpu,"tsung_controller@ip-172-31-1-178"} 1 2.108433734939759 0.0 7.7842382463317605 1.0901883052527255 1.749171930812088 20
stats: session 32 8014.488670349121 3067.5640839065304 21610.583984375 1194.717041015625 7451.0366368447585 310
stats: users_count 44 389
stats: finish_users_count 32 342
stats: request 151 944.2466192182326 975.9460227765516 7337.844970703125 7.19091796875 393.569326075112 1312
stats: connect 44 1.1564497514204541 0.09952390914451546 126.487060546875 0.745849609375 1.9679623811141305 345
stats: page 151 944.2466192182326 975.9460227765516 7337.844970703125 7.19091796875 393.569326075112 1312
stats: 200 151 1463
stats: size_rcv 1292922 12666505
stats: newphase 0 3
stats: size_sent 85143 797765
stats: connected 12 47
# stats: dump at 1480608815
stats: users 25 48
stats: {load,"tsung_controller@ip-172-31-1-178"} 1 0.01953125 0.0 0.19140625 0.01953125 0.07421875 21
stats: {freemem,"tsung_controller@ip-172-31-1-178"} 1 3151.078125 0.0 3164.4453125 3151.078125 3158.149367559524 21
stats: {recvpackets,"tsung_controller@ip-172-31-1-178"} 1 1347.0 0.0 1598 255 661.5 20
stats: {sentpackets,"tsung_controller@ip-172-31-1-178"} 1 977.0 0.0 1101 184 455.95 20
stats: {cpu,"tsung_controller@ip-172-31-1-178"} 1 2.1 0.0 7.7842382463317605 1.0901883052527255 1.7662796357705486 21
stats: session 54 9512.620795355902 3852.208021620873 21610.583984375 1194.717041015625 7503.757294950429 342
stats: users_count 32 421
stats: finish_users_count 54 396
stats: request 160 835.8534179687504 1348.280556242537 12833.97607421875 7.19091796875 450.406148538961 1463
stats: connect 30 1.2087483723958334 0.10043656666428903 126.487060546875 0.745849609375 1.8761717494778278 389
stats: page 160 835.8534179687504 1348.280556242537 12833.97607421875 7.19091796875 450.406148538961 1463
stats: 200 160 1623
stats: size_rcv 1416371 14082876
stats: newphase 0 3
stats: size_sent 84006 881771
stats: connected -21 26
# stats: dump at 1480608825
stats: users 21 48
stats: {load,"tsung_controller@ip-172-31-1-178"} 1 0.01953125 0.0 0.19140625 0.01953125 0.07173295454545454 22
stats: {freemem,"tsung_controller@ip-172-31-1-178"} 1 3150.8203125 0.0 3164.4453125 3150.8203125 3157.827947443182 22
stats: {recvpackets,"tsung_controller@ip-172-31-1-178"} 1 1485.0 0.0 1598 255 694.1428571428571 21
stats: {sentpackets,"tsung_controller@ip-172-31-1-178"} 1 1070.0 0.0 1101 184 480.76190476190476 21
stats: {cpu,"tsung_controller@ip-172-31-1-178"} 1 1.710261569416499 0.0 7.7842382463317605 1.0901883052527255 1.7814487432355237 22
stats: session 33 8455.763782848011 3270.796065119509 21610.583984375 1194.717041015625 7777.693226823903 396
stats: users_count 29 450
stats: finish_users_count 33 429
stats: request 128 430.740852355957 403.75188232006633 12833.97607421875 6.932861328125 488.4046470656192 1623
stats: connect 30 1.1312418619791667 0.14363876521789787 126.487060546875 0.745849609375 1.8283848728371122 419
stats: page 128 430.740852355957 403.75188232006633 12833.97607421875 6.932861328125 488.4046470656192 1623
stats: 200 128 1751
stats: size_rcv 1119514 15202390
stats: newphase 0 3
stats: size_sent 67997 949768
stats: connected -5 21
# stats: dump at 1480608835
stats: users 33 48
stats: {load,"tsung_controller@ip-172-31-1-178"} 1 0.01953125 0.0 0.19140625 0.01953125 0.06946331521739131 23
stats: {freemem,"tsung_controller@ip-172-31-1-178"} 1 3150.87890625 0.0 3164.4453125 3150.8203125 3157.5232676630435 23
stats: {recvpackets,"tsung_controller@ip-172-31-1-178"} 1 1025.0 0.0 1598 255 730.0909090909091 22
stats: {sentpackets,"tsung_controller@ip-172-31-1-178"} 1 735.0 0.0 1101 184 507.54545454545456 22
stats: {cpu,"tsung_controller@ip-172-31-1-178"} 1 2.0895522388059704 0.0 7.7842382463317605 1.0901883052527255 1.7783536487216534 23
stats: session 32 8222.317985534664 3376.2206982537637 21610.583984375 1194.717041015625 7829.852500364219 429
stats: users_count 44 494
stats: finish_users_count 32 461
stats: request 152 759.2197361996301 1003.7911926420668 12833.97607421875 6.932861328125 484.1893611016919 1751
stats: connect 44 1.0834849964488635 0.12053991119907746 126.487060546875 0.73193359375 1.781805161643931 449
stats: page 152 759.2197361996301 1003.7911926420668 12833.97607421875 6.932861328125 484.1893611016919 1751
stats: 200 152 1903
stats: size_rcv 1333695 16536085
stats: newphase 0 3
stats: size_sent 84477 1034245
stats: connected 14 35
# stats: dump at 1480608845
stats: users 53 53
stats: {load,"tsung_controller@ip-172-31-1-178"} 1 0.01171875 0.0 0.19140625 0.01171875 0.06738281250000001 24
stats: {freemem,"tsung_controller@ip-172-31-1-178"} 1 3150.2421875 0.0 3164.4453125 3150.2421875 3157.2464192708335 24
stats: {recvpackets,"tsung_controller@ip-172-31-1-178"} 1 1639.0 0.0 1639 255 742.9130434782609 23
stats: {sentpackets,"tsung_controller@ip-172-31-1-178"} 1 1201.0 0.0 1201 184 517.4347826086956 23
stats: {cpu,"tsung_controller@ip-172-31-1-178"} 1 2.4875621890547266 0.0 7.7842382463317605 1.0901883052527255 1.7913202566418331 24
stats: session 39 7514.222825270433 3181.9449816327765 21610.583984375 1194.717041015625 7857.095223846766 461
stats: users_count 59 553
stats: finish_users_count 39 500
stats: request 190 365.324908768503 373.9778656536244 12833.97607421875 6.77587890625 506.1571051977962 1903
stats: connect 54 1.8685167100694444 3.6814685558839764 126.487060546875 0.73193359375 1.719480441018002 493
stats: page 190 365.324908768503 373.9778656536244 12833.97607421875 6.77587890625 506.1571051977962 1903
stats: 200 190 2093
stats: size_rcv 1568888 18104973
stats: newphase 1 4
stats: size_sent 97595 1131840
stats: connected 12 47
# stats: dump at 1480608855
stats: users 69 72
stats: {load,"tsung_controller@ip-172-31-1-178"} 1 0.01171875 0.0 0.19140625 0.01171875 0.06515625000000001 25
stats: {freemem,"tsung_controller@ip-172-31-1-178"} 1 3149.26171875 0.0 3164.4453125 3149.26171875 3156.96625 25
stats: {recvpackets,"tsung_controller@ip-172-31-1-178"} 1 1737.0 0.0 1737 255 780.25 24
stats: {sentpackets,"tsung_controller@ip-172-31-1-178"} 1 1352.0 0.0 1352 184 545.9166666666666 24
stats: {cpu,"tsung_controller@ip-172-31-1-178"} 1 2.6078234704112337 0.0 7.7842382463317605 1.0901883052527255 1.819169933938349 25
stats: session 38 10631.94886538857 3770.635655914849 21610.583984375 1194.717041015625 7830.351176757813 500
stats: users_count 54 607
stats: finish_users_count 38 538
stats: request 170 1584.0068818933828 1125.2184836813767 12833.97607421875 6.77587890625 493.37252931553843 2093
stats: connect 59 1.129973847987288 0.12824468536714165 126.487060546875 0.73193359375 1.7341933450925502 547
stats: page 170 1584.0068818933828 1125.2184836813767 12833.97607421875 6.77587890625 493.37252931553843 2093
stats: 200 170 2263
stats: size_rcv 1415327 19520300
stats: newphase 0 4
stats: size_sent 105800 1237640
stats: connected 21 68
# stats: dump at 1480608865
stats: users 100 103
stats: {load,"tsung_controller@ip-172-31-1-178"} 1 0.01171875 0.0 0.19140625 0.01171875 0.06310096153846155 26
stats: {freemem,"tsung_controller@ip-172-31-1-178"} 1 3148.04296875 0.0 3164.4453125 3148.04296875 3156.669921875 26
stats: {recvpackets,"tsung_controller@ip-172-31-1-178"} 1 1379.0 0.0 1737 255 818.52 25
stats: {sentpackets,"tsung_controller@ip-172-31-1-178"} 1 1046.0 0.0 1352 184 578.16 25
stats: {cpu,"tsung_controller@ip-172-31-1-178"} 1 1.9095477386934674 0.0 7.7842382463317605 1.0901883052527255 1.8495027622642293 26
stats: session 29 14061.930041082975 3433.2601483281155 21755.158935546875 1194.717041015625 8028.233541382289 538
stats: users_count 60 667
stats: finish_users_count 29 567
stats: request 120 3584.7515889485667 2386.29122213969 15605.81005859375 6.77587890625 575.302639761068 2263
stats: connect 59 1.2358853614936445 0.41053275985351895 126.487060546875 0.73193359375 1.6753666943842822 606
stats: page 120 3584.7515889485667 2386.29122213969 15605.81005859375 6.77587890625 575.302639761068 2263
stats: 200 120 2383
stats: size_rcv 1081479 20601779
stats: newphase 0 4
stats: size_sent 81130 1318770
stats: connected 34 102
# stats: dump at 1480608875
stats: users 124 124
stats: {load,"tsung_controller@ip-172-31-1-178"} 1 0.01171875 0.0 0.19140625 0.01171875 0.06119791666666668 27
stats: {freemem,"tsung_controller@ip-172-31-1-178"} 1 3145.8046875 0.0 3164.4453125 3145.8046875 3156.3504050925926 27
stats: {recvpackets,"tsung_controller@ip-172-31-1-178"} 1 1632.0 0.0 1737 255 840.0769230769231 26
stats: {sentpackets,"tsung_controller@ip-172-31-1-178"} 1 1212.0 0.0 1352 184 596.1538461538462 26
stats: {cpu,"tsung_controller@ip-172-31-1-178"} 1 2.414486921529175 0.0 7.7842382463317605 1.0901883052527255 1.8517266502801268 27
stats: session 29 19781.421479323817 3983.4497049387414 28068.6669921875 1194.717041015625 8336.835302389909 567
stats: users_count 53 720
stats: finish_users_count 29 596
stats: request 184 4388.086709727414 1778.6071438027022 16930.592041015625 6.77587890625 726.8485373282102 2383
stats: connect 53 1.3802697523584904 0.9009231323976884 126.487060546875 0.73193359375 1.636375117481203 665
stats: page 184 4388.086709727414 1778.6071438027022 16930.592041015625 6.77587890625 726.8485373282102 2383
stats: 200 185 2568
stats: size_rcv 1547280 22149059
stats: newphase 0 4
stats: size_sent 107410 1426180
stats: connected 20 122
# stats: dump at 1480608885
stats: users 130 141
stats: {load,"tsung_controller@ip-172-31-1-178"} 1 0.01171875 0.0 0.19140625 0.01171875 0.05943080357142858 28
stats: {freemem,"tsung_controller@ip-172-31-1-178"} 1 3139.59375 0.0 3164.4453125 3139.59375 3155.9737723214284 28
stats: {recvpackets,"tsung_controller@ip-172-31-1-178"} 1 1535.0 0.0 1737 255 869.4074074074074 27
stats: {sentpackets,"tsung_controller@ip-172-31-1-178"} 1 1078.0 0.0 1352 184 618.9629629629629 27
stats: {cpu,"tsung_controller@ip-172-31-1-178"} 1 2.112676056338028 0.0 7.7842382463317605 1.0901883052527255 1.8718252313961643 28
stats: session 39 22996.153526893027 5016.682842699537 42437.9609375 1194.717041015625 8893.702750596423 596
stats: users_count 45 765
stats: finish_users_count 39 635
stats: request 191 5376.423828125001 1502.5934409712315 17429.43896484375 6.77587890625 989.2824382715112 2567
stats: connect 47 1.2148073886303192 0.22050430043855868 126.487060546875 0.73193359375 1.6174704038997214 718
stats: page 191 5376.423828125001 1502.5934409712315 17429.43896484375 6.77587890625 989.2824382715112 2567
stats: 200 190 2758
stats: size_rcv 1671992 23821051
stats: newphase 0 4
stats: size_sent 107685 1533865
stats: connected 10 132
# stats: dump at 1480608895
stats: users 135 141
stats: {load,"tsung_controller@ip-172-31-1-178"} 1 0.01171875 0.0 0.19140625 0.01171875 0.0577855603448276 29
stats: {freemem,"tsung_controller@ip-172-31-1-178"} 1 3136.93359375 0.0 3164.4453125 3136.93359375 3155.408943965517 29
stats: {recvpackets,"tsung_controller@ip-172-31-1-178"} 1 1852.0 0.0 1852 255 893.1785714285714 28
stats: {sentpackets,"tsung_controller@ip-172-31-1-178"} 1 1295.0 0.0 1352 184 635.3571428571429 28
stats: {cpu,"tsung_controller@ip-172-31-1-178"} 1 2.3138832997987926 0.0 7.7842382463317605 1.0901883052527255 1.8801304322562284 29
stats: session 48 25754.36249287923 3390.4851374530595 42437.9609375 1194.717041015625 9759.837522683933 635
stats: users_count 53 818
stats: finish_users_count 48 683
stats: request 186 5384.193298996132 736.2597544673717 17429.43896484375 6.77587890625 1293.1055004404802 2758
stats: connect 52 1.2006084735576925 0.10919349973027244 126.487060546875 0.73193359375 1.5927316304125816 765
stats: page 186 5384.193298996132 736.2597544673717 17429.43896484375 6.77587890625 1293.1055004404802 2758
stats: 200 186 2944
stats: size_rcv 1600000 25421051
stats: newphase 0 4
stats: size_sent 105239 1639104
stats: connected 3 135
# stats: dump at 1480608905
stats: users 187 187
stats: {load,"tsung_controller@ip-172-31-1-178"} 1 0.078125 0.0 0.19140625 0.01171875 0.05625000000000001 30
stats: {freemem,"tsung_controller@ip-172-31-1-178"} 1 3134.8203125 0.0 3164.4453125 3134.8203125 3154.7930989583333 30
stats: {recvpackets,"tsung_controller@ip-172-31-1-178"} 1 1654.0 0.0 1852 255 926.2413793103449 29
stats: {sentpackets,"tsung_controller@ip-172-31-1-178"} 1 1193.0 0.0 1352 184 658.1034482758621 29
stats: {cpu,"tsung_controller@ip-172-31-1-178"} 1 2.3255813953488373 0.0 7.7842382463317605 1.0901883052527255 1.8945888611743138 30
stats: session 41 28348.78093440358 3861.83816843493 42437.9609375 1194.717041015625 10883.903699213031 683
stats: users_count 93 911
stats: finish_users_count 41 724
stats: request 194 6512.274935063628 1506.8226669832043 18367.427978515625 6.77587890625 1551.5777594524882 2944
stats: connect 88 2.174641002308239 4.675056953580722 126.487060546875 0.73193359375 1.567773975386322 817
stats: page 194 6512.274935063628 1506.8226669832043 18367.427978515625 6.77587890625 1551.5777594524882 2944
stats: 200 194 3138
stats: size_rcv 1571510 26992561
stats: newphase 1 5
stats: size_sent 108946 1748050
stats: connected 48 183
# stats: dump at 1480608915
stats: users 250 252
stats: {load,"tsung_controller@ip-172-31-1-178"} 1 0.0703125 0.0 0.19140625 0.01171875 0.05695564516129033 31
stats: {freemem,"tsung_controller@ip-172-31-1-178"} 1 3129.875 0.0 3164.4453125 3129.875 3154.1488155241937 31
stats: {recvpackets,"tsung_controller@ip-172-31-1-178"} 1 2144.0 0.0 2144 255 950.5 30
stats: {sentpackets,"tsung_controller@ip-172-31-1-178"} 1 1601.0 0.0 1601 184 675.9333333333333 30
stats: {cpu,"tsung_controller@ip-172-31-1-178"} 1 3.2323232323232323 0.0 7.7842382463317605 1.0901883052527255 1.9084918461476854 31
stats: session 42 30418.418352399553 3609.961153830804 42437.9609375 1194.717041015625 11872.936802310838 724
stats: users_count 105 1016
stats: finish_users_count 42 766
stats: request 247 6004.81315927853 1308.390485553238 18367.427978515625 3.3271484375 1858.2620335342476 3138
stats: connect 108 1.2613095883969914 0.26796629663034416 126.487060546875 0.73193359375 1.6267842498273481 905
stats: page 247 6004.81315927853 1308.390485553238 18367.427978515625 3.3271484375 1858.2620335342476 3138
stats: 200 245 3383
stats: size_rcv 1899657 28892218
stats: newphase 0 5
stats: size_sent 149828 1897878
stats: connected 67 250
stats: 503 2 2
# stats: dump at 1480608925
stats: users 261 268
stats: {load,"tsung_controller@ip-172-31-1-178"} 1 0.05859375 0.0 0.19140625 0.01171875 0.05737304687500001 32
stats: {freemem,"tsung_controller@ip-172-31-1-178"} 1 3122.56640625 0.0 3164.4453125 3122.56640625 3153.3902587890625 32
stats: {recvpackets,"tsung_controller@ip-172-31-1-178"} 1 2104.0 0.0 2144 255 989.0 31
stats: {sentpackets,"tsung_controller@ip-172-31-1-178"} 1 1650.0 0.0 1650 184 705.7741935483871 31
stats: {cpu,"tsung_controller@ip-172-31-1-178"} 1 3.5496957403651117 0.0 7.7842382463317605 1.0901883052527255 1.9498615769656713 32
stats: session 73 23353.521006126924 9626.090264102028 42437.9609375 1194.717041015625 12889.790882080715 766
stats: users_count 84 1100
stats: finish_users_count 73 839
stats: request 355 4339.837048855633 4717.377546711137 21613.1669921875 1.0849609375 2160.8316430051004 3385
stats: connect 85 1.1719496783088237 0.14279073387320046 126.487060546875 0.73193359375 1.5878195277794915 1013
stats: page 355 4339.837048855633 4717.377546711137 21613.1669921875 1.0849609375 2160.8316430051004 3385
stats: 200 172 3555
stats: size_rcv 1557335 30449553
stats: newphase 0 5
stats: size_sent 176666 2074544
stats: connected 12 262
stats: 503 183 185
# stats: dump at 1480608935
stats: users 258 271
stats: {load,"tsung_controller@ip-172-31-1-178"} 1 0.05078125 0.0 0.19140625 0.01171875 0.05741003787878789 33
stats: {freemem,"tsung_controller@ip-172-31-1-178"} 1 3120.01953125 0.0 3164.4453125 3120.01953125 3152.456202651515 33
stats: {recvpackets,"tsung_controller@ip-172-31-1-178"} 1 2119.0 0.0 2144 255 1023.84375 32
stats: {sentpackets,"tsung_controller@ip-172-31-1-178"} 1 1822.0 0.0 1822 184 735.28125 32
stats: {cpu,"tsung_controller@ip-172-31-1-178"} 1 3.343465045592705 0.0 7.7842382463317605 1.0901883052527255 1.9983414000989879 33
stats: session 95 24619.181296258223 10680.983196540941 51147.677978515625 1194.717041015625 13800.222704554342 839
stats: users_count 92 1192
stats: finish_users_count 95 934
stats: request 391 4715.854110054349 5903.702770095801 22380.037841796875 1.0849609375 2367.6623700310197 3740
stats: connect 93 1.2380896127352155 0.18150899375551302 126.487060546875 0.73193359375 1.5556255958987932 1098
stats: page 391 4715.854110054349 5903.702770095801 22380.037841796875 1.0849609375 2367.6623700310197 3740
stats: 200 155 3710
stats: size_rcv 1449319 31898872
stats: newphase 0 5
stats: size_sent 193516 2268060
stats: connected -2 260
stats: 503 236 421
# stats: dump at 1480608945
stats: users 265 271
stats: {load,"tsung_controller@ip-172-31-1-178"} 1 0.0390625 0.0 0.19140625 0.01171875 0.05721507352941177 34
stats: {freemem,"tsung_controller@ip-172-31-1-178"} 1 3120.21875 0.0 3164.4453125 3120.01953125 3151.5021829044117 34
stats: {recvpackets,"tsung_controller@ip-172-31-1-178"} 1 1769.0 0.0 2144 255 1057.030303030303 33
stats: {sentpackets,"tsung_controller@ip-172-31-1-178"} 1 1740.0 0.0 1822 184 768.2121212121212 33
stats: {cpu,"tsung_controller@ip-172-31-1-178"} 1 3.451776649746193 0.0 7.7842382463317605 1.0901883052527255 2.0379038602605677 34
stats: session 78 26158.42396271534 14434.28640998738 58799.566162109375 943.406005859375 14900.652111633432 934
stats: users_count 85 1277
stats: finish_users_count 78 1012
stats: request 335 5433.71339421059 7362.7284966597335 27413.43603515625 1.0849609375 2589.9192013912525 4131
stats: connect 85 1.2007151884191174 0.3766288253630933 126.487060546875 0.73193359375 1.5308305946945844 1191
stats: page 335 5433.71339421059 7362.7284966597335 27413.43603515625 1.0849609375 2589.9192013912525 4131
stats: 200 125 3835
stats: size_rcv 1204697 33103569
stats: newphase 0 5
stats: size_sent 147499 2415559
stats: connected 4 264
stats: 503 212 633
# stats: dump at 1480608955
stats: users 269 275
stats: {load,"tsung_controller@ip-172-31-1-178"} 1 0.03125 0.0 0.19140625 0.01171875 0.05669642857142858 35
stats: {freemem,"tsung_controller@ip-172-31-1-178"} 1 3119.734375 0.0 3164.4453125 3119.734375 3150.608370535714 35
stats: {recvpackets,"tsung_controller@ip-172-31-1-178"} 1 1795.0 0.0 2144 255 1077.9705882352941 34
stats: {sentpackets,"tsung_controller@ip-172-31-1-178"} 1 1556.0 0.0 1822 184 796.7941176470588 34
stats: {cpu,"tsung_controller@ip-172-31-1-178"} 1 3.1313131313131315 0.0 7.7842382463317605 1.0901883052527255 2.0783002256744427 35
stats: session 99 31612.829017716216 12121.314197635083 58799.566162109375 943.406005859375 15768.345989483618 1012
stats: users_count 103 1380
stats: finish_users_count 99 1111
stats: request 382 7617.427228198626 7954.055879744458 30642.409912109375 1.0849609375 2803.235604121767 4466
stats: connect 103 1.1162204186893199 0.12593658229646396 126.487060546875 0.73193359375 1.5088401483517828 1276
stats: page 382 7617.427228198626 7954.055879744458 30642.409912109375 1.0849609375 2803.235604121767 4466
stats: 200 196 4031
stats: size_rcv 1799603 34903172
stats: newphase 0 5
stats: size_sent 178607 2594166
stats: connected 6 270
stats: 503 184 817
# stats: dump at 1480608965
stats: users 304 305
stats: {load,"tsung_controller@ip-172-31-1-178"} 1 0.03125 0.0 0.19140625 0.01171875 0.055989583333333336 36
stats: {freemem,"tsung_controller@ip-172-31-1-178"} 1 3118.453125 0.0 3164.4453125 3118.453125 3149.7507595486113 36
stats: {recvpackets,"tsung_controller@ip-172-31-1-178"} 1 2444.0 0.0 2444 255 1098.4571428571428 35
stats: {sentpackets,"tsung_controller@ip-172-31-1-178"} 1 2105.0 0.0 2105 184 818.4857142857143 35
stats: {cpu,"tsung_controller@ip-172-31-1-178"} 1 3.9553752535496955 0.0 7.7842382463317605 1.0901883052527255 2.1075505841644064 36
stats: session 98 27926.592447086256 13007.561581706892 58799.566162109375 943.406005859375 17180.23061576177 1111
stats: users_count 133 1513
stats: finish_users_count 98 1209
stats: request 473 3565.9720941587966 5082.003046963859 30642.409912109375 1.013916015625 3182.5716603093415 4848
stats: connect 130 1.496099384014423 2.3163998722301624 126.487060546875 0.73193359375 1.4795146718070158 1379
stats: page 473 3565.9720941587966 5082.003046963859 30642.409912109375 1.013916015625 3182.5716603093415 4848
stats: 200 157 4188
stats: size_rcv 1502459 36405631
stats: newphase 1 6
stats: size_sent 208254 2802420
stats: connected 33 303
stats: 503 316 1133
# stats: dump at 1480608975
stats: users 293 320
stats: {load,"tsung_controller@ip-172-31-1-178"} 1 0.01953125 0.0 0.19140625 0.01171875 0.05532094594594594 37
stats: {freemem,"tsung_controller@ip-172-31-1-178"} 1 3118.3359375 0.0 3164.4453125 3118.3359375 3148.9048775337837 37
stats: {recvpackets,"tsung_controller@ip-172-31-1-178"} 1 2222.0 0.0 2444 255 1135.8333333333333 36
stats: {sentpackets,"tsung_controller@ip-172-31-1-178"} 1 2368.0 0.0 2368 184 854.2222222222222 36
stats: {cpu,"tsung_controller@ip-172-31-1-178"} 1 4.200819672131147 0.0 7.7842382463317605 1.0901883052527255 2.1574917914450897 37
stats: session 169 19017.30990979798 14849.085884386353 60776.822998046875 943.406005859375 18051.317017308338 1209
stats: users_count 158 1671
stats: finish_users_count 169 1378
stats: request 632 2574.7265354591045 5380.2777091520065 30642.409912109375 1.013916015625 3216.6533000783306 5321
stats: connect 161 1.1027801703222047 0.1266406387291664 126.487060546875 0.73193359375 1.480943440916998 1509
stats: page 632 2574.7265354591045 5380.2777091520065 30642.409912109375 1.013916015625 3216.6533000783306 5321
stats: 200 122 4310
stats: size_rcv 1336906 37742537
stats: newphase 0 6
stats: size_sent 253543 3055963
stats: connected -8 295
stats: 503 510 1643
# stats: dump at 1480608985
stats: users 325 326
stats: {load,"tsung_controller@ip-172-31-1-178"} 1 0.01953125 0.0 0.19140625 0.01171875 0.05437911184210526 38
stats: {freemem,"tsung_controller@ip-172-31-1-178"} 1 3117.63671875 0.0 3164.4453125 3117.63671875 3148.1004317434213 38
stats: {recvpackets,"tsung_controller@ip-172-31-1-178"} 1 2428.0 0.0 2444 255 1165.1891891891892 37
stats: {sentpackets,"tsung_controller@ip-172-31-1-178"} 1 2552.0 0.0 2552 184 895.1351351351351 37
stats: {cpu,"tsung_controller@ip-172-31-1-178"} 1 4.312114989733059 0.0 7.7842382463317605 1.0901883052527255 2.2112635777789333 38
stats: session 125 24399.793048828127 13370.551926801083 66597.701171875 943.406005859375 18169.787843745748 1378
stats: users_count 157 1828
stats: finish_users_count 125 1503
stats: request 596 4985.537955674551 7373.3275022458465 30642.409912109375 0.992919921875 3148.503171531488 5953
stats: connect 155 1.3267105594758062 3.223084272963193 126.487060546875 0.722900390625 1.4444857842907934 1670
stats: page 596 4985.537955674551 7373.3275022458465 30642.409912109375 0.992919921875 3148.503171531488 5953
stats: 200 201 4511
stats: size_rcv 1899837 39642374
stats: newphase 0 6
stats: size_sent 256009 3311972
stats: connected 29 324
stats: 503 395 2038
# stats: dump at 1480608995
stats: users 303 330
stats: {load,"tsung_controller@ip-172-31-1-178"} 1 0.01953125 0.0 0.19140625 0.01171875 0.05348557692307692 39
stats: {freemem,"tsung_controller@ip-172-31-1-178"} 1 3117.421875 0.0 3164.4453125 3117.421875 3147.3193108974365 39
stats: {recvpackets,"tsung_controller@ip-172-31-1-178"} 1 2974.0 0.0 2974 255 1198.421052631579 38
stats: {sentpackets,"tsung_controller@ip-172-31-1-178"} 1 3093.0 0.0 3093 184 938.7368421052631 38
stats: {cpu,"tsung_controller@ip-172-31-1-178"} 1 5.930470347648262 0.0 7.7842382463317605 1.0901883052527255 2.265131562700834 39
stats: session 172 21254.329571391256 13473.465960278956 66597.701171875 515.716064453125 18687.91868249179 1503
stats: users_count 150 1978
stats: finish_users_count 172 1675
stats: request 666 3165.424265451974 4809.652213252992 30642.409912109375 0.992919921875 3315.6848376407056 6549
stats: connect 153 1.184090009701798 0.8855231213040153 126.487060546875 0.715087890625 1.4344829569777398 1825
stats: page 666 3165.424265451974 4809.652213252992 30642.409912109375 0.992919921875 3315.6848376407056 6549
stats: 200 205 4716
stats: size_rcv 1990629 41633003
stats: newphase 0 6
stats: size_sent 290087 3602059
stats: connected -21 303
stats: 503 461 2499
# stats: dump at 1480609005
stats: users 291 330
stats: {load,"tsung_controller@ip-172-31-1-178"} 1 0.01171875 0.0 0.19140625 0.01171875 0.05263671875 40
stats: {freemem,"tsung_controller@ip-172-31-1-178"} 1 3117.54296875 0.0 3164.4453125 3117.421875 3146.5718750000005 40
stats: {recvpackets,"tsung_controller@ip-172-31-1-178"} 1 2682.0 0.0 2974 255 1243.948717948718 39
stats: {sentpackets,"tsung_controller@ip-172-31-1-178"} 1 2664.0 0.0 3093 184 993.974358974359 39
stats: {cpu,"tsung_controller@ip-172-31-1-178"} 1 5.53877139979859 0.0 7.7842382463317605 1.0901883052527255 2.35676503232452 40
stats: session 153 21087.00759229473 11593.25818485864 66597.701171875 515.716064453125 18951.454606605646 1675
stats: users_count 141 2119
stats: finish_users_count 153 1828
stats: request 557 3869.8916677478414 5115.72149662269 30642.409912109375 0.992919921875 3301.8146309771305 7215
stats: connect 139 1.0739166479316546 0.17572829996150943 126.487060546875 0.715087890625 1.415114847304727 1978
stats: page 557 3869.8916677478414 5115.72149662269 30642.409912109375 0.992919921875 3301.8146309771305 7215
stats: 200 205 4921
stats: size_rcv 1929401 43562404
stats: newphase 0 6
stats: size_sent 252250 3854309
stats: connected -14 289
stats: 503 352 2851
# stats: dump at 1480609015
stats: users 310 330
stats: {load,"tsung_controller@ip-172-31-1-178"} 1 0.1484375 0.0 0.19140625 0.01171875 0.05163871951219512 41
stats: {freemem,"tsung_controller@ip-172-31-1-178"} 1 3120.609375 0.0 3164.4453125 3117.421875 3145.863852896342 41
stats: {recvpackets,"tsung_controller@ip-172-31-1-178"} 1 2955.0 0.0 2974 255 1279.9 40
stats: {sentpackets,"tsung_controller@ip-172-31-1-178"} 1 2976.0 0.0 3093 184 1035.725 40
stats: {cpu,"tsung_controller@ip-172-31-1-178"} 1 5.117707267144319 0.0 7.7842382463317605 1.0901883052527255 2.434374943726327 41
stats: session 161 19132.41238687646 10536.534764738924 66597.701171875 515.716064453125 19130.196185823603 1828
stats: users_count 180 2299
stats: finish_users_count 161 1989
stats: request 662 3075.1438961893414 4702.223415684677 30642.409912109375 0.992919921875 3342.527305897522 7772
stats: connect 180 1.0564114040798613 0.24574960420129832 126.487060546875 0.701904296875 1.3927121313326642 2117
stats: page 662 3075.1438961893414 4702.223415684677 30642.409912109375 0.992919921875 3342.527305897522 7772
stats: 200 203 5124
stats: size_rcv 1910892 45473296
stats: newphase 0 6
stats: size_sent 280056 4134365
stats: connected 20 309
stats: 503 459 3310
# stats: dump at 1480609025
stats: users 237 330
stats: {load,"tsung_controller@ip-172-31-1-178"} 1 0.12109375 0.0 0.19140625 0.01171875 0.053943452380952384 42
stats: {freemem,"tsung_controller@ip-172-31-1-178"} 1 3120.59375 0.0 3164.4453125 3117.421875 3145.262555803572 42
stats: {recvpackets,"tsung_controller@ip-172-31-1-178"} 1 2640.0 0.0 2974 255 1320.7560975609756 41
stats: {sentpackets,"tsung_controller@ip-172-31-1-178"} 1 2721.0 0.0 3093 184 1083.0487804878048 41
stats: {cpu,"tsung_controller@ip-172-31-1-178"} 1 5.8232931726907635 0.0 7.7842382463317605 1.0901883052527255 2.4982638085696127 42
stats: session 117 19804.042282234906 10564.509836558804 66597.701171875 515.716064453125 19130.375576657945 1989
stats: users_count 44 2343
stats: finish_users_count 117 2106
stats: request 447 5079.452680412824 5596.265145160865 30642.409912109375 0.992919921875 3321.5398957449474 8434
stats: connect 46 0.9994586447010868 0.11339727762868844 126.487060546875 0.701904296875 1.366358569771713 2297
stats: page 447 5079.452680412824 5596.265145160865 30642.409912109375 0.992919921875 3321.5398957449474 8434
stats: 200 208 5332
stats: size_rcv 1832801 47306097
stats: newphase 0 6
stats: size_sent 224394 4358759
stats: connected -72 237
stats: 503 239 3549
# stats: dump at 1480609035
stats: users 170 330
stats: {load,"tsung_controller@ip-172-31-1-178"} 1 0.109375 0.0 0.19140625 0.01171875 0.05550508720930233 43
stats: {freemem,"tsung_controller@ip-172-31-1-178"} 1 3120.0859375 0.0 3164.4453125 3117.421875 3144.6888626453497 43
stats: {recvpackets,"tsung_controller@ip-172-31-1-178"} 1 1973.0 0.0 2974 255 1352.1666666666667 42
stats: {sentpackets,"tsung_controller@ip-172-31-1-178"} 1 1467.0 0.0 3093 184 1122.047619047619 42
stats: {cpu,"tsung_controller@ip-172-31-1-178"} 1 1.903807615230461 0.0 7.7842382463317605 1.0901883052527255 2.5755900728515 43
stats: session 67 27838.792812062733 9493.429786517592 66597.701171875 515.716064453125 19167.801504745556 2106
stats: users_count 0 2343
stats: finish_users_count 67 2173
stats: request 184 9660.036913001017 726.7075982036641 30642.409912109375 0.992919921875 3410.019460517669 8881
stats: connect 0 0 0 126.487060546875 0.701904296875 1.3591552421774968 2343
stats: page 184 9660.036913001017 726.7075982036641 30642.409912109375 0.992919921875 3410.019460517669 8881
stats: 200 184 5516
stats: size_rcv 1638262 48944359
stats: newphase 0 6
stats: size_sent 88447 4447206
stats: connected -67 170
stats: 503 0 3549
# stats: dump at 1480609045
stats: users 104 330
stats: {load,"tsung_controller@ip-172-31-1-178"} 1 0.08984375 0.0 0.19140625 0.01171875 0.05672940340909091 44
stats: {freemem,"tsung_controller@ip-172-31-1-178"} 1 3119.8515625 0.0 3164.4453125 3117.421875 3144.1297052556824 44
stats: {recvpackets,"tsung_controller@ip-172-31-1-178"} 1 1436.0 0.0 2974 255 1366.6046511627908 43
stats: {sentpackets,"tsung_controller@ip-172-31-1-178"} 1 979.0 0.0 3093 184 1130.0697674418604 43
stats: {cpu,"tsung_controller@ip-172-31-1-178"} 1 1.691542288557214 0.0 7.7842382463317605 1.0901883052527255 2.560322289723749 44
stats: session 66 35483.930845318435 8137.377022370697 66597.701171875 515.716064453125 19435.153744777886 2173
stats: users_count 0 2343
stats: finish_users_count 66 2239
stats: request 157 10306.798602644802 1210.79900855076 30642.409912109375 0.992919921875 3536.8813701985223 9065
stats: connect 0 0 0 126.487060546875 0.701904296875 1.3591552421774968 2343
stats: page 157 10306.798602644802 1210.79900855076 30642.409912109375 0.992919921875 3536.8813701985223 9065
stats: 200 157 5673
stats: size_rcv 1478831 50423190
stats: newphase 0 6
stats: size_sent 65052 4512258
stats: connected -66 104
stats: 503 0 3549
# stats: dump at 1480609055
stats: users 41 330
stats: {load,"tsung_controller@ip-172-31-1-178"} 1 0.078125 0.0 0.19140625 0.01171875 0.057465277777777775 45
stats: {freemem,"tsung_controller@ip-172-31-1-178"} 1 3119.13671875 0.0 3164.4453125 3117.421875 3143.590190972223 45
stats: {recvpackets,"tsung_controller@ip-172-31-1-178"} 1 1233.0 0.0 2974 255 1368.1818181818182 44
stats: {sentpackets,"tsung_controller@ip-172-31-1-178"} 1 876.0 0.0 3093 184 1126.6363636363637 44
stats: {cpu,"tsung_controller@ip-172-31-1-178"} 1 1.294820717131474 0.0 7.7842382463317605 1.0901883052527255 2.5410160674756037 45
stats: session 63 37567.74593874008 4661.167294907957 66597.701171875 515.716064453125 19908.23069369958 2239
stats: users_count 0 2343
stats: finish_users_count 63 2302
stats: request 105 7984.528869047619 4061.3266068946887 30642.409912109375 0.992919921875 3652.135870902715 9222
stats: connect 0 0 0 126.487060546875 0.701904296875 1.3591552421774968 2343
stats: page 105 7984.528869047619 4061.3266068946887 30642.409912109375 0.992919921875 3652.135870902715 9222
stats: 200 105 5778
stats: size_rcv 1017321 51440511
stats: newphase 0 6
stats: size_sent 36009 4548267
stats: connected -63 41
stats: 503 0 3549
# stats: dump at 1480609065
stats: users 0 330
stats: {load,"tsung_controller@ip-172-31-1-178"} 1 0.05859375 0.0 0.19140625 0.01171875 0.05791440217391304 46
stats: {freemem,"tsung_controller@ip-172-31-1-178"} 1 3120.4140625 0.0 3164.4453125 3117.421875 3143.0585937500005 46
stats: {recvpackets,"tsung_controller@ip-172-31-1-178"} 1 717.0 0.0 2974 255 1365.1777777777777 45
stats: {sentpackets,"tsung_controller@ip-172-31-1-178"} 1 540.0 0.0 3093 184 1121.0666666666668 45
stats: {cpu,"tsung_controller@ip-172-31-1-178"} 1 1.188118811881188 0.0 7.7842382463317605 1.0901883052527255 2.513924864207253 46
stats: session 41 47533.46615972751 4259.8898044562675 66597.701171875 515.716064453125 20391.527592238916 2302
stats: users_count 0 2343
stats: finish_users_count 41 2343
stats: request 45 8948.332969835068 5187.308224228266 30642.409912109375 0.992919921875 3700.9083877682897 9327
stats: connect 0 0 0 126.487060546875 0.701904296875 1.3591552421774968 2343
stats: page 45 8948.332969835068 5187.308224228266 30642.409912109375 0.992919921875 3700.9083877682897 9327
stats: 200 45 5823
stats: size_rcv 474365 51914876
stats: newphase 0 6
stats: size_sent 5335 4553602
stats: connected -41 0
stats: 503 0 3549
# stats: dump at 1480609068
stats: users 0 330
stats: {load,"tsung_controller@ip-172-31-1-178"} 0 0 0 0.19140625 0.01171875 0.057928856382978726 47
stats: {freemem,"tsung_controller@ip-172-31-1-178"} 0 0 0 3164.4453125 3117.421875 3142.5767952127667 47
stats: {recvpackets,"tsung_controller@ip-172-31-1-178"} 0 0 0 2974 255 1351.086956521739 46
stats: {sentpackets,"tsung_controller@ip-172-31-1-178"} 0 0 0 3093 184 1108.4347826086957 46
stats: {cpu,"tsung_controller@ip-172-31-1-178"} 0 0 0 7.7842382463317605 1.0901883052527255 2.48571622479606 47
stats: session 0 0 0 66597.701171875 515.716064453125 20866.482556501414 2343
stats: users_count 0 2343
stats: finish_users_count 0 2343
stats: request 0 0 0 30642.409912109375 0.992919921875 3726.104088386408 9372
stats: connect 0 0 0 126.487060546875 0.701904296875 1.3591552421774968 2343
stats: page 0 0 0 30642.409912109375 0.992919921875 3726.104088386408 9372
stats: 200 0 5823
stats: size_rcv 0 51914876
stats: newphase 0 6
stats: size_sent 0 4553602
stats: connected 0 0
stats: 503 0 3549
EndMonitor:{1480,609068,704387}
