# stats: dump at 1480585320
stats: users 6 6
stats: {load,"tsung_controller@ip-172-31-6-161"} 1 0.0390625 0 0.0390625 0.0390625 0 0
stats: {freemem,"tsung_controller@ip-172-31-6-161"} 1 3162.1796875 0 3162.1796875 3162.1796875 0 0
stats: {cpu,"tsung_controller@ip-172-31-6-161"} 1 4.01001902832881 0 4.01001902832881 4.01001902832881 0 0
stats: session 3 3254.56201171875 1383.523963241543 5094.989990234375 1759.1728515625 0 0
stats: users_count 9 9
stats: finish_users_count 3 3
stats: request 25 76.360947265625 104.55151604365695 433.822021484375 5.858154296875 0 0
stats: connect 9 13.91748046875 34.1344172785709 110.329833984375 0.7568359375 0 0
stats: page 25 76.360947265625 104.55151604365695 433.822021484375 5.858154296875 0 0
stats: 200 25 25
stats: size_rcv 266675 266675
stats: size_sent 8936 8936
stats: connected 6 6
# stats: dump at 1480585330
stats: users 6 6
stats: {load,"tsung_controller@ip-172-31-6-161"} 1 0.03125 0.0 0.0390625 0.03125 0.0390625 1
stats: {freemem,"tsung_controller@ip-172-31-6-161"} 1 3160.03125 0.0 3162.1796875 3160.03125 3162.1796875 1
stats: {recvpackets,"tsung_controller@ip-172-31-6-161"} 1 311 0 311 311 0 0
stats: {sentpackets,"tsung_controller@ip-172-31-6-161"} 1 224 0 224 224 0 0
stats: {cpu,"tsung_controller@ip-172-31-6-161"} 1 2.455795677799607 0.0 4.01001902832881 2.455795677799607 4.01001902832881 1
stats: session 7 6262.40398297991 2330.815329625654 10392.75 1759.1728515625 3254.56201171875 3
stats: users_count 7 16
stats: finish_users_count 7 10
stats: request 24 95.50528971354167 119.53028763281146 433.822021484375 5.858154296875 76.360947265625 25
stats: connect 7 1.1322544642857142 0.7593887264426848 110.329833984375 0.7568359375 13.91748046875 9
stats: page 24 95.50528971354167 119.53028763281146 433.822021484375 5.858154296875 76.360947265625 25
stats: 200 24 49
stats: size_rcv 305169 571844
stats: size_sent 9140 18076
stats: connected 0 6
# stats: dump at 1480585340
stats: users 11 12
stats: {load,"tsung_controller@ip-172-31-6-161"} 1 0.03125 0.0 0.0390625 0.03125 0.03515625 2
stats: {freemem,"tsung_controller@ip-172-31-6-161"} 1 3159.859375 0.0 3162.1796875 3159.859375 3161.10546875 2
stats: {recvpackets,"tsung_controller@ip-172-31-6-161"} 1 333.0 0.0 333 311 311.0 1
stats: {sentpackets,"tsung_controller@ip-172-31-6-161"} 1 214.0 0.0 224 214 224.0 1
stats: {cpu,"tsung_controller@ip-172-31-6-161"} 1 1.673228346456693 0.0 4.01001902832881 1.673228346456693 3.2329073530642085 2
stats: session 9 5237.249321831598 2127.1353978440616 10392.75 1759.1728515625 5360.0513916015625 10
stats: users_count 14 30
stats: finish_users_count 9 19
stats: request 44 254.0209073153409 507.6284758045546 2168.2060546875 5.858154296875 85.73776805644133 49
stats: connect 13 2.7122333233173075 3.9504540710164147 110.329833984375 0.75390625 8.323944091796875 16
stats: page 44 254.0209073153409 507.6284758045546 2168.2060546875 5.858154296875 85.73776805644133 49
stats: 200 44 93
stats: size_rcv 496325 1068169
stats: size_sent 18623 36699
stats: connected 5 11
# stats: dump at 1480585350
stats: users 8 12
stats: {load,"tsung_controller@ip-172-31-6-161"} 1 0.01953125 0.0 0.0390625 0.01953125 0.033854166666666664 3
stats: {freemem,"tsung_controller@ip-172-31-6-161"} 1 3159.69921875 0.0 3162.1796875 3159.69921875 3160.6901041666665 3
stats: {recvpackets,"tsung_controller@ip-172-31-6-161"} 1 554.0 0.0 554 311 322.0 2
stats: {sentpackets,"tsung_controller@ip-172-31-6-161"} 1 404.0 0.0 404 214 219.0 2
stats: {cpu,"tsung_controller@ip-172-31-6-161"} 1 2.06286836935167 0.0 4.01001902832881 1.673228346456693 2.7130143508617035 3
stats: session 13 6889.6111403245195 3183.3444334087676 16347.722900390625 1759.1728515625 5301.881990131579 19
stats: users_count 10 40
stats: finish_users_count 13 32
stats: request 49 340.86002770248723 1102.425256007161 7823.677001953125 5.547119140625 165.35559738323252 93
stats: connect 11 2.6604447798295454 4.070368614226899 110.329833984375 0.694091796875 5.808349609375 29
stats: page 49 340.86002770248723 1102.425256007161 7823.677001953125 5.547119140625 165.35559738323252 93
stats: 200 49 142
stats: size_rcv 922921 1991090
stats: size_sent 17870 54569
stats: connected -2 9
# stats: dump at 1480585360
stats: users 4 12
stats: {load,"tsung_controller@ip-172-31-6-161"} 1 0.01953125 0.0 0.0390625 0.01953125 0.0302734375 4
stats: {freemem,"tsung_controller@ip-172-31-6-161"} 1 3159.3125 0.0 3162.1796875 3159.3125 3160.4423828125 4
stats: {recvpackets,"tsung_controller@ip-172-31-6-161"} 1 825.0 0.0 825 311 399.3333333333333 3
stats: {sentpackets,"tsung_controller@ip-172-31-6-161"} 1 546.0 0.0 546 214 280.6666666666667 3
stats: {cpu,"tsung_controller@ip-172-31-6-161"} 1 1.678183613030602 0.0 4.01001902832881 1.673228346456693 2.5504778554841954 4
stats: session 11 6653.310968572443 3731.048662018875 16347.722900390625 1759.1728515625 5946.896957397461 32
stats: users_count 7 47
stats: finish_users_count 11 43
stats: request 33 132.45986476089018 151.65981387856746 7823.677001953125 5.033203125 225.91698531029928 142
stats: connect 6 2.7996012369791665 4.460719149260518 110.329833984375 0.656982421875 4.94267578125 40
stats: page 33 132.45986476089018 151.65981387856746 7823.677001953125 5.033203125 225.91698531029928 142
stats: 200 33 175
stats: size_rcv 381528 2372618
stats: size_sent 13812 68381
stats: connected -6 3
# stats: dump at 1480585370
stats: users 6 12
stats: {load,"tsung_controller@ip-172-31-6-161"} 1 0.01953125 0.0 0.0390625 0.01953125 0.028125 5
stats: {freemem,"tsung_controller@ip-172-31-6-161"} 1 3159.95703125 0.0 3162.1796875 3159.3125 3160.21640625 5
stats: {recvpackets,"tsung_controller@ip-172-31-6-161"} 1 403.0 0.0 825 311 505.75 4
stats: {sentpackets,"tsung_controller@ip-172-31-6-161"} 1 304.0 0.0 546 214 347.0 4
stats: {cpu,"tsung_controller@ip-172-31-6-161"} 1 2.446183953033268 0.0 4.01001902832881 1.673228346456693 2.3760190069934763 5
stats: session 9 4633.852864583333 2326.0376646472732 16347.722900390625 1584.5361328125 6127.607518395712 43
stats: users_count 11 58
stats: finish_users_count 9 52
stats: request 41 204.6836175685976 698.6068459608092 7823.677001953125 5.033203125 208.293642578125 175
stats: connect 11 2.128684303977273 2.143077449046405 110.329833984375 0.656982421875 4.663144318953805 46
stats: page 41 204.6836175685976 698.6068459608092 7823.677001953125 5.033203125 208.293642578125 175
stats: 200 41 216
stats: size_rcv 811103 3183721
stats: size_sent 15945 84326
stats: connected 2 5
# stats: dump at 1480585380
stats: users 17 19
stats: {load,"tsung_controller@ip-172-31-6-161"} 1 0.01171875 0.0 0.0390625 0.01171875 0.026692708333333332 6
stats: {freemem,"tsung_controller@ip-172-31-6-161"} 1 3159.84765625 0.0 3162.1796875 3159.3125 3160.1731770833335 6
stats: {recvpackets,"tsung_controller@ip-172-31-6-161"} 1 769.0 0.0 825 311 485.2 5
stats: {sentpackets,"tsung_controller@ip-172-31-6-161"} 1 499.0 0.0 546 214 338.4 5
stats: {cpu,"tsung_controller@ip-172-31-6-161"} 1 2.73972602739726 0.0 4.01001902832881 1.673228346456693 2.387713164666775 6
stats: session 10 5838.924780273437 2341.5865009638733 16347.722900390625 1584.5361328125 5869.073059082031 52
stats: users_count 21 79
stats: finish_users_count 10 62
stats: request 62 170.6922174269154 210.71671487925946 7823.677001953125 4.599853515625 207.6084063494647 216
stats: connect 22 2.2648481889204546 2.266870367607746 110.329833984375 0.616943359375 4.174038000274122 57
stats: page 62 170.6922174269154 210.71671487925946 7823.677001953125 4.599853515625 207.6084063494647 216
stats: 200 62 278
stats: size_rcv 540724 3724445
stats: newphase 1 1
stats: size_sent 25638 109964
stats: connected 14 19
# stats: dump at 1480585390
stats: users 22 23
stats: {load,"tsung_controller@ip-172-31-6-161"} 1 0.01171875 0.0 0.0390625 0.01171875 0.024553571428571428 7
stats: {freemem,"tsung_controller@ip-172-31-6-161"} 1 3157.88671875 0.0 3162.1796875 3157.88671875 3160.1266741071427 7
stats: {recvpackets,"tsung_controller@ip-172-31-6-161"} 1 785.0 0.0 825 311 532.5 6
stats: {sentpackets,"tsung_controller@ip-172-31-6-161"} 1 618.0 0.0 618 214 365.1666666666667 6
stats: {cpu,"tsung_controller@ip-172-31-6-161"} 1 1.6848364717542121 0.0 4.01001902832881 1.673228346456693 2.4380007164854156 7
stats: session 20 8167.2794921875 3352.738317537852 16347.722900390625 1584.5361328125 5864.2104334677415 62
stats: users_count 25 104
stats: finish_users_count 20 82
stats: request 88 654.8908691406248 528.8152061816684 7823.677001953125 4.599853515625 199.3752994674573 278
stats: connect 22 3.0767378373579546 2.8364374930778453 110.329833984375 0.594970703125 3.6423648882515822 79
stats: page 88 654.8908691406248 528.8152061816684 7823.677001953125 4.599853515625 199.3752994674573 278
stats: 200 89 367
stats: size_rcv 832935 4557380
stats: newphase 0 1
stats: size_sent 33814 143778
stats: connected 0 19
# stats: dump at 1480585400
stats: users 16 23
stats: {load,"tsung_controller@ip-172-31-6-161"} 1 0.01171875 0.0 0.0390625 0.01171875 0.02294921875 8
stats: {freemem,"tsung_controller@ip-172-31-6-161"} 1 3157.29296875 0.0 3162.1796875 3157.29296875 3159.8466796875 8
stats: {recvpackets,"tsung_controller@ip-172-31-6-161"} 1 900.0 0.0 900 311 568.5714285714286 7
stats: {sentpackets,"tsung_controller@ip-172-31-6-161"} 1 715.0 0.0 715 214 401.2857142857143 7
stats: {cpu,"tsung_controller@ip-172-31-6-161"} 1 2.0792079207920793 0.0 4.01001902832881 1.673228346456693 2.3438551858940153 8
stats: session 23 10303.691406250002 5081.1543617774905 23024.56103515625 1584.5361328125 6425.934594131098 82
stats: users_count 17 121
stats: finish_users_count 23 105
stats: request 84 986.2769949776788 2614.683342414655 17918.77001953125 4.599853515625 308.8981686784921 366
stats: connect 20 3.13909912109375 3.373735194280637 110.329833984375 0.535888671875 3.519158995977723 101
stats: page 84 986.2769949776788 2614.683342414655 17918.77001953125 4.599853515625 308.8981686784921 366
stats: 200 83 450
stats: size_rcv 1852669 6410049
stats: newphase 0 1
stats: size_sent 31614 175392
stats: connected -3 16
# stats: dump at 1480585410
stats: users 9 23
stats: {load,"tsung_controller@ip-172-31-6-161"} 1 0.01171875 0.0 0.0390625 0.01171875 0.021701388888888888 9
stats: {freemem,"tsung_controller@ip-172-31-6-161"} 1 3157.15234375 0.0 3162.1796875 3157.15234375 3159.562934027778 9
stats: {recvpackets,"tsung_controller@ip-172-31-6-161"} 1 1552.0 0.0 1552 311 610.0 8
stats: {sentpackets,"tsung_controller@ip-172-31-6-161"} 1 961.0 0.0 961 214 440.5 8
stats: {cpu,"tsung_controller@ip-172-31-6-161"} 1 2.357563850687623 0.0 4.01001902832881 1.673228346456693 2.3144499342160225 9
stats: session 19 8590.820659436678 4102.656289599787 23024.56103515625 1584.5361328125 7275.347991071429 105
stats: users_count 12 133
stats: finish_users_count 19 124
stats: request 63 272.83241877480157 717.6651535027095 17918.77001953125 4.599853515625 435.34221625434026 450
stats: connect 11 2.0966131036931817 2.137540233855266 110.329833984375 0.535888671875 3.456339181947314 121
stats: page 63 272.83241877480157 717.6651535027095 17918.77001953125 4.599853515625 435.34221625434026 450
stats: 200 63 513
stats: size_rcv 1075372 7485421
stats: newphase 0 1
stats: size_sent 26525 201917
stats: connected -8 8
# stats: dump at 1480585420
stats: users 13 23
stats: {load,"tsung_controller@ip-172-31-6-161"} 1 0.01171875 0.0 0.0390625 0.01171875 0.020703125 10
stats: {freemem,"tsung_controller@ip-172-31-6-161"} 1 3157.12890625 0.0 3162.1796875 3157.12890625 3159.321875 10
stats: {recvpackets,"tsung_controller@ip-172-31-6-161"} 1 1006.0 0.0 1552 311 714.6666666666666 9
stats: {sentpackets,"tsung_controller@ip-172-31-6-161"} 1 717.0 0.0 961 214 498.3333333333333 9
stats: {cpu,"tsung_controller@ip-172-31-6-161"} 1 2.5540275049115913 0.0 4.01001902832881 1.673228346456693 2.3187613258631825 10
stats: session 13 5103.948580228365 2842.881044706517 23024.56103515625 1565.159912109375 7476.912351546749 124
stats: users_count 17 150
stats: finish_users_count 13 137
stats: request 57 84.63221285635964 70.55101806209626 17918.77001953125 4.599853515625 415.3848727042215 513
stats: connect 17 3.4422104779411766 3.8061124515769773 110.329833984375 0.535888671875 3.3430286754261362 132
stats: page 57 84.63221285635964 70.55101806209626 17918.77001953125 4.599853515625 415.3848727042215 513
stats: 200 57 570
stats: size_rcv 425908 7911329
stats: newphase 0 1
stats: size_sent 21584 223501
stats: connected 4 12
# stats: dump at 1480585430
stats: users 0 23
stats: {load,"tsung_controller@ip-172-31-6-161"} 1 0.01171875 0.0 0.0390625 0.01171875 0.019886363636363636 11
stats: {freemem,"tsung_controller@ip-172-31-6-161"} 1 3157.13671875 0.0 3162.1796875 3157.12890625 3159.1225142045455 11
stats: {recvpackets,"tsung_controller@ip-172-31-6-161"} 1 811.0 0.0 1552 311 743.8 10
stats: {sentpackets,"tsung_controller@ip-172-31-6-161"} 1 536.0 0.0 961 214 520.2 10
stats: {cpu,"tsung_controller@ip-172-31-6-161"} 1 1.678183613030602 0.0 4.01001902832881 1.673228346456693 2.3401491603221287 11
stats: session 13 9544.25567157452 4066.0146504441786 23024.56103515625 1565.159912109375 7251.740606823107 137
stats: users_count 0 150
stats: finish_users_count 13 150
stats: request 30 294.75244140625 926.9098205958506 17918.77001953125 4.599853515625 382.3096067194353 570
stats: connect 1 0.746826171875 0.0 110.329833984375 0.535888671875 3.354344720008389 149
stats: page 30 294.75244140625 926.9098205958506 17918.77001953125 4.599853515625 382.3096067194353 570
stats: 200 30 600
stats: size_rcv 787362 8698691
stats: newphase 0 1
stats: size_sent 13604 237105
stats: connected -12 0
# stats: dump at 1480585440
stats: users 24 24
stats: {load,"tsung_controller@ip-172-31-6-161"} 1 0.01171875 0.0 0.0390625 0.01171875 0.019205729166666668 12
stats: {freemem,"tsung_controller@ip-172-31-6-161"} 1 3156.99609375 0.0 3162.1796875 3156.99609375 3158.95703125 12
stats: {recvpackets,"tsung_controller@ip-172-31-6-161"} 1 228.0 0.0 1552 228 749.9090909090909 11
stats: {sentpackets,"tsung_controller@ip-172-31-6-161"} 1 171.0 0.0 961 171 521.6363636363636 11
stats: {cpu,"tsung_controller@ip-172-31-6-161"} 1 1.282051282051282 0.0 4.01001902832881 1.282051282051282 2.2849853647145015 12
stats: session 4 4118.9869384765625 1542.9949651384743 23024.56103515625 1565.159912109375 7450.42524576823 150
stats: users_count 28 178
stats: finish_users_count 4 154
stats: request 67 101.12774749300372 153.95166770288884 17918.77001953125 4.599853515625 377.93174845377604 600
stats: connect 27 1.7236508969907407 2.3567375699930895 110.329833984375 0.535888671875 3.336961263020833 150
stats: page 67 101.12774749300372 153.95166770288884 17918.77001953125 4.599853515625 377.93174845377604 600
stats: 200 67 667
stats: size_rcv 566902 9265593
stats: newphase 1 2
stats: size_sent 23926 261031
stats: connected 23 23
# stats: dump at 1480585450
stats: users 22 24
stats: {load,"tsung_controller@ip-172-31-6-161"} 1 0.0 0.0 0.0390625 0.0 0.018629807692307692 13
stats: {freemem,"tsung_controller@ip-172-31-6-161"} 1 3156.82421875 0.0 3162.1796875 3156.82421875 3158.806189903846 13
stats: {recvpackets,"tsung_controller@ip-172-31-6-161"} 1 885.0 0.0 1552 228 706.4166666666666 12
stats: {sentpackets,"tsung_controller@ip-172-31-6-161"} 1 701.0 0.0 961 171 492.4166666666667 12
stats: {cpu,"tsung_controller@ip-172-31-6-161"} 1 2.263779527559055 0.0 4.01001902832881 1.282051282051282 2.2078365891250233 13
stats: session 30 6943.831998697917 2653.968899075701 23024.56103515625 1565.159912109375 7363.89438064377 154
stats: users_count 28 206
stats: finish_users_count 30 184
stats: request 110 428.9872469815341 531.1446276489612 17918.77001953125 4.599853515625 350.12684880704177 667
stats: connect 28 4.655465262276786 3.595235387506709 110.329833984375 0.535888671875 3.0908630715925143 177
stats: page 110 428.9872469815341 531.1446276489612 17918.77001953125 4.599853515625 350.12684880704177 667
stats: 200 110 777
stats: size_rcv 1126556 10392149
stats: newphase 0 2
stats: size_sent 43780 304811
stats: connected -2 21
# stats: dump at 1480585460
stats: users 25 25
stats: {load,"tsung_controller@ip-172-31-6-161"} 1 0.0 0.0 0.0390625 0.0 0.017299107142857144 14
stats: {freemem,"tsung_controller@ip-172-31-6-161"} 1 3156.73828125 0.0 3162.1796875 3156.73828125 3158.664620535714 14
stats: {recvpackets,"tsung_controller@ip-172-31-6-161"} 1 1226.0 0.0 1552 228 720.1538461538462 13
stats: {sentpackets,"tsung_controller@ip-172-31-6-161"} 1 918.0 0.0 961 171 508.46153846153845 13
stats: {cpu,"tsung_controller@ip-172-31-6-161"} 1 2.6522593320235757 0.0 4.01001902832881 1.282051282051282 2.2118325132988828 14
stats: session 24 7408.893625895183 4367.322143058784 23024.56103515625 1565.159912109375 7295.405948804772 184
stats: users_count 27 233
stats: finish_users_count 24 208
stats: request 103 145.30408070388341 153.1775673790717 17918.77001953125 4.599853515625 361.2911265408824 777
stats: connect 28 2.885419573102678 3.2791791330510534 110.329833984375 0.535888671875 3.304564834222561 205
stats: page 103 145.30408070388341 153.1775673790717 17918.77001953125 4.599853515625 361.2911265408824 777
stats: 200 103 880
stats: size_rcv 818214 11210363
stats: newphase 0 2
stats: size_sent 39938 344749
stats: connected 4 25
# stats: dump at 1480585470
stats: users 15 25
stats: {load,"tsung_controller@ip-172-31-6-161"} 1 0.0 0.0 0.0390625 0.0 0.016145833333333335 15
stats: {freemem,"tsung_controller@ip-172-31-6-161"} 1 3156.265625 0.0 3162.1796875 3156.265625 3158.536197916667 15
stats: {recvpackets,"tsung_controller@ip-172-31-6-161"} 1 987.0 0.0 1552 228 756.2857142857143 14
stats: {sentpackets,"tsung_controller@ip-172-31-6-161"} 1 759.0 0.0 961 171 537.7142857142857 14
stats: {cpu,"tsung_controller@ip-172-31-6-161"} 1 2.8543307086614176 0.0 4.01001902832881 1.282051282051282 2.241194301213862 15
stats: session 33 7165.032100793087 3393.0205291509646 23024.56103515625 1565.159912109375 7308.500680776743 208
stats: users_count 23 256
stats: finish_users_count 33 241
stats: request 107 236.98264548043218 246.86027679682095 17918.77001953125 4.599853515625 336.0108245849609 880
stats: connect 23 2.252982761548913 2.3904154404172253 110.329833984375 0.535888671875 3.2541954466201717 233
stats: page 107 236.98264548043218 246.86027679682095 17918.77001953125 4.599853515625 336.0108245849609 880
stats: 200 107 987
stats: size_rcv 947079 12157442
stats: newphase 0 2
stats: size_sent 42614 387363
stats: connected -10 15
# stats: dump at 1480585480
stats: users 14 25
stats: {load,"tsung_controller@ip-172-31-6-161"} 1 0.0 0.0 0.0390625 0.0 0.015136718750000002 16
stats: {freemem,"tsung_controller@ip-172-31-6-161"} 1 3156.79296875 0.0 3162.1796875 3156.265625 3158.394287109375 16
stats: {recvpackets,"tsung_controller@ip-172-31-6-161"} 1 992.0 0.0 1552 228 771.6666666666666 15
stats: {sentpackets,"tsung_controller@ip-172-31-6-161"} 1 757.0 0.0 961 171 552.4666666666667 15
stats: {cpu,"tsung_controller@ip-172-31-6-161"} 1 2.559055118110236 0.0 4.01001902832881 1.282051282051282 2.279515326679334 16
stats: session 12 7511.034077962239 4877.178925347716 23024.56103515625 1565.159912109375 7288.855605509271 241
stats: users_count 11 267
stats: finish_users_count 12 253
stats: request 53 249.517333984375 353.2998418884165 17918.77001953125 4.599853515625 325.2752469110151 987
stats: connect 11 5.305242365056818 3.664834015557572 110.329833984375 0.535888671875 3.164242744445801 256
stats: page 53 249.517333984375 353.2998418884165 17918.77001953125 4.599853515625 325.2752469110151 987
stats: 200 53 1040
stats: size_rcv 575191 12732633
stats: newphase 0 2
stats: size_sent 22193 409556
stats: connected -1 14
# stats: dump at 1480585490
stats: users 2 25
stats: {load,"tsung_controller@ip-172-31-6-161"} 1 0.0 0.0 0.0390625 0.0 0.014246323529411766 17
stats: {freemem,"tsung_controller@ip-172-31-6-161"} 1 3156.87890625 0.0 3162.1796875 3156.265625 3158.300091911765 17
stats: {recvpackets,"tsung_controller@ip-172-31-6-161"} 1 501.0 0.0 1552 228 785.4375 16
stats: {sentpackets,"tsung_controller@ip-172-31-6-161"} 1 380.0 0.0 961 171 565.25 16
stats: {cpu,"tsung_controller@ip-172-31-6-161"} 1 1.4792899408284024 0.0 4.01001902832881 1.282051282051282 2.2959588438223286 17
stats: session 15 10410.685872395834 4580.306572644198 23024.56103515625 1565.159912109375 7299.393714874629 253
stats: users_count 3 270
stats: finish_users_count 15 268
stats: request 38 1049.3688643606085 2357.392852851418 17918.77001953125 4.599853515625 321.4145071176382 1040
stats: connect 3 3.2932942708333335 3.1956798732970517 110.329833984375 0.535888671875 3.2524487213249063 267
stats: page 38 1049.3688643606085 2357.392852851418 17918.77001953125 4.599853515625 321.4145071176382 1040
stats: 200 38 1078
stats: size_rcv 1395856 14128489
stats: newphase 0 2
stats: size_sent 16283 425839
stats: connected -12 2
# stats: dump at 1480585500
stats: users 27 27
stats: {load,"tsung_controller@ip-172-31-6-161"} 1 0.0 0.0 0.0390625 0.0 0.013454861111111112 18
stats: {freemem,"tsung_controller@ip-172-31-6-161"} 1 3156.89453125 0.0 3162.1796875 3156.265625 3158.221137152778 18
stats: {recvpackets,"tsung_controller@ip-172-31-6-161"} 1 1035.0 0.0 1552 228 768.7058823529412 17
stats: {sentpackets,"tsung_controller@ip-172-31-6-161"} 1 559.0 0.0 961 171 554.3529411764706 17
stats: {cpu,"tsung_controller@ip-172-31-6-161"} 1 1.4807502467917077 0.0 4.01001902832881 1.282051282051282 2.250588349211555 18
stats: session 9 6726.492431640625 5602.408802884828 23024.56103515625 1565.159912109375 7473.533201303055 268
stats: users_count 34 304
stats: finish_users_count 9 277
stats: request 75 205.50827473958336 311.62007915673814 17918.77001953125 4.597900390625 347.0752358516205 1078
stats: connect 33 2.059577710700758 2.8854818670508675 110.329833984375 0.535888671875 3.252902560763889 270
stats: page 75 205.50827473958336 311.62007915673814 17918.77001953125 4.597900390625 347.0752358516205 1078
stats: 200 75 1153
stats: size_rcv 664508 14792997
stats: newphase 1 3
stats: size_sent 29081 454920
stats: connected 24 26
# stats: dump at 1480585510
stats: users 32 36
stats: {load,"tsung_controller@ip-172-31-6-161"} 1 0.0 0.0 0.0390625 0.0 0.01274671052631579 19
stats: {freemem,"tsung_controller@ip-172-31-6-161"} 1 3156.765625 0.0 3162.1796875 3156.265625 3158.1513157894738 19
stats: {recvpackets,"tsung_controller@ip-172-31-6-161"} 1 1044.0 0.0 1552 228 783.5 18
stats: {sentpackets,"tsung_controller@ip-172-31-6-161"} 1 821.0 0.0 961 171 554.6111111111111 18
stats: {cpu,"tsung_controller@ip-172-31-6-161"} 1 3.045186640471513 0.0 4.01001902832881 1.282051282051282 2.2100705543473524 19
stats: session 28 8928.52778843471 2812.5983738004 23024.56103515625 1565.159912109375 7449.261118534239 277
stats: users_count 33 337
stats: finish_users_count 28 305
stats: request 115 1310.4095533288043 685.3723215451336 17918.77001953125 4.597900390625 337.8666304020084 1153
stats: connect 34 3.9272748161764706 3.8255922150929416 110.329833984375 0.535888671875 3.122936487984736 303
stats: page 115 1310.4095533288043 685.3723215451336 17918.77001953125 4.597900390625 337.8666304020084 1153
stats: 200 115 1268
stats: size_rcv 1117613 15910610
stats: newphase 0 3
stats: size_sent 47012 501932
stats: connected 6 32
# stats: dump at 1480585520
stats: users 65 65
stats: {load,"tsung_controller@ip-172-31-6-161"} 1 0.0 0.0 0.0390625 0.0 0.012109375 20
stats: {freemem,"tsung_controller@ip-172-31-6-161"} 1 3156.16796875 0.0 3162.1796875 3156.16796875 3158.08203125 20
stats: {recvpackets,"tsung_controller@ip-172-31-6-161"} 1 1215.0 0.0 1552 228 797.2105263157895 19
stats: {sentpackets,"tsung_controller@ip-172-31-6-161"} 1 969.0 0.0 969 171 568.6315789473684 19
stats: {cpu,"tsung_controller@ip-172-31-6-161"} 1 3.045186640471513 0.0 4.01001902832881 1.282051282051282 2.2518263586535605 20
stats: session 20 10572.85703125 1946.3895382032285 23024.56103515625 1565.159912109375 7585.062648885758 305
stats: users_count 53 390
stats: finish_users_count 20 325
stats: request 122 1829.4237180616035 655.3909887074135 17918.77001953125 4.597900390625 426.07044438984866 1268
stats: connect 53 2.559058999115566 3.1235874057650492 110.329833984375 0.51904296875 3.2040863489892435 337
stats: page 122 1829.4237180616035 655.3909887074135 17918.77001953125 4.597900390625 426.07044438984866 1268
stats: 200 122 1390
stats: size_rcv 1146154 17056764
stats: newphase 0 3
stats: size_sent 53485 555417
stats: connected 33 65
# stats: dump at 1480585530
stats: users 87 87
stats: {load,"tsung_controller@ip-172-31-6-161"} 1 0.0 0.0 0.0390625 0.0 0.011532738095238096 21
stats: {freemem,"tsung_controller@ip-172-31-6-161"} 1 3153.1328125 0.0 3162.1796875 3153.1328125 3157.9908854166665 21
stats: {recvpackets,"tsung_controller@ip-172-31-6-161"} 1 1369.0 0.0 1552 228 818.1 20
stats: {sentpackets,"tsung_controller@ip-172-31-6-161"} 1 1212.0 0.0 1212 171 588.65 20
stats: {cpu,"tsung_controller@ip-172-31-6-161"} 1 4.368932038834951 0.0 4.368932038834951 1.282051282051282 2.2896054196925104 21
stats: session 18 14710.567626953125 2993.6057706057704 23024.56103515625 1565.159912109375 7768.926918569711 325
stats: users_count 40 430
stats: finish_users_count 18 343
stats: request 117 3504.9600673577725 2519.7665325054722 27811.5380859375 4.597900390625 549.2424583380171 1390
stats: connect 40 3.67376708984375 3.8257440943215566 110.329833984375 0.51904296875 3.1164287860576922 390
stats: page 117 3504.9600673577725 2519.7665325054722 27811.5380859375 4.597900390625 549.2424583380171 1390
stats: 200 117 1507
stats: size_rcv 1587270 18644034
stats: newphase 0 3
stats: size_sent 53609 609026
stats: connected 22 87
# stats: dump at 1480585540
stats: users 104 106
stats: {load,"tsung_controller@ip-172-31-6-161"} 1 0.0 0.0 0.0390625 0.0 0.011008522727272728 22
stats: {freemem,"tsung_controller@ip-172-31-6-161"} 1 3151.2265625 0.0 3162.1796875 3151.2265625 3157.7700639204545 22
stats: {recvpackets,"tsung_controller@ip-172-31-6-161"} 1 1538.0 0.0 1552 228 844.3333333333334 21
stats: {sentpackets,"tsung_controller@ip-172-31-6-161"} 1 1147.0 0.0 1212 171 618.3333333333334 21
stats: {cpu,"tsung_controller@ip-172-31-6-161"} 1 4.1910331384015596 0.0 4.368932038834951 1.282051282051282 2.3841202660171668 22
stats: session 26 20504.995661808895 3993.763385977008 36227.631103515625 1565.159912109375 8133.211270613156 343
stats: users_count 43 473
stats: finish_users_count 26 369
stats: request 122 5254.50117867892 645.920214644816 27811.5380859375 4.597900390625 778.717548089385 1507
stats: connect 43 4.377061001090118 3.4673548718695275 110.329833984375 0.492919921875 3.1682742096656975 430
stats: page 122 5254.50117867892 645.920214644816 27811.5380859375 4.597900390625 778.717548089385 1507
stats: 200 123 1630
stats: size_rcv 1116703 19760737
stats: newphase 0 3
stats: size_sent 53543 662569
stats: connected 17 104
# stats: dump at 1480585550
stats: users 126 126
stats: {load,"tsung_controller@ip-172-31-6-161"} 1 0.0 0.0 0.0390625 0.0 0.010529891304347826 23
stats: {freemem,"tsung_controller@ip-172-31-6-161"} 1 3148.69921875 0.0 3162.1796875 3148.69921875 3157.4855638586955 23
stats: {recvpackets,"tsung_controller@ip-172-31-6-161"} 1 1275.0 0.0 1552 228 875.8636363636364 22
stats: {sentpackets,"tsung_controller@ip-172-31-6-161"} 1 1055.0 0.0 1212 171 642.3636363636364 22
stats: {cpu,"tsung_controller@ip-172-31-6-161"} 1 3.3235581622678394 0.0 4.368932038834951 1.282051282051282 2.4626816952512707 23
stats: session 14 24099.92606026786 2228.692563654808 36227.631103515625 1565.159912109375 9004.935916063263 369
stats: users_count 36 509
stats: finish_users_count 14 383
stats: request 101 6553.059826539295 1440.532379758613 27811.5380859375 0.787109375 1113.9204964822168 1629
stats: connect 32 4.267616271972655 4.0688003593640225 110.329833984375 0.492919921875 3.2781639179770083 473
stats: page 101 6553.059826539295 1440.532379758613 27811.5380859375 0.787109375 1113.9204964822168 1629
stats: 200 98 1728
stats: size_rcv 1029810 20790547
stats: newphase 0 3
stats: size_sent 46256 708825
stats: connected 18 122
stats: 503 2 2
# stats: dump at 1480585560
stats: users 130 131
stats: {load,"tsung_controller@ip-172-31-6-161"} 1 0.0 0.0 0.0390625 0.0 0.010091145833333334 24
stats: {freemem,"tsung_controller@ip-172-31-6-161"} 1 3146.17578125 0.0 3162.1796875 3146.17578125 3157.1194661458335 24
stats: {recvpackets,"tsung_controller@ip-172-31-6-161"} 1 1243.0 0.0 1552 228 893.2173913043479 23
stats: {sentpackets,"tsung_controller@ip-172-31-6-161"} 1 1005.0 0.0 1212 171 660.304347826087 23
stats: {cpu,"tsung_controller@ip-172-31-6-161"} 1 6.130268199233716 0.0 6.130268199233716 1.282051282051282 2.498551548043628 24
stats: session 34 32963.56325396369 4658.727153507665 43053.3662109375 1565.159912109375 9556.711012718262 383
stats: users_count 38 547
stats: finish_users_count 34 417
stats: request 144 7771.147177802191 4428.215042243439 29499.660888671875 0.658935546875 1431.465625 1730
stats: connect 40 3.175103759765625 3.169083882545268 110.329833984375 0.492919921875 3.3408618889232673 505
stats: page 144 7771.147177802191 4428.215042243439 29499.660888671875 0.658935546875 1431.465625 1730
stats: 200 113 1841
stats: size_rcv 1633492 22424039
stats: newphase 1 4
stats: size_sent 50525 759350
stats: connected 7 129
stats: 503 31 33
# stats: dump at 1480585570
stats: users 144 144
stats: {load,"tsung_controller@ip-172-31-6-161"} 1 0.0 0.0 0.0390625 0.0 0.0096875 25
stats: {freemem,"tsung_controller@ip-172-31-6-161"} 1 3144.84375 0.0 3162.1796875 3144.84375 3156.68171875 25
stats: {recvpackets,"tsung_controller@ip-172-31-6-161"} 1 1696.0 0.0 1696 228 907.7916666666666 24
stats: {sentpackets,"tsung_controller@ip-172-31-6-161"} 1 1317.0 0.0 1317 171 674.6666666666666 24
stats: {cpu,"tsung_controller@ip-172-31-6-161"} 1 3.3106134371957157 0.0 6.130268199233716 1.282051282051282 2.6438202140912312 25
stats: session 48 28672.428654988606 9581.619936574743 43168.698974609375 1565.159912109375 11465.183377711895 417
stats: users_count 62 609
stats: finish_users_count 48 465
stats: request 201 4360.626715057529 4986.582882051372 29499.660888671875 0.618896484375 1918.61298017797 1874
stats: connect 58 2.625585095635776 2.9902244713045705 110.329833984375 0.492919921875 3.3286961546731653 545
stats: page 201 4360.626715057529 4986.582882051372 29499.660888671875 0.618896484375 1918.61298017797 1874
stats: 200 88 1929
stats: size_rcv 1022823 23446862
stats: newphase 0 4
stats: size_sent 62710 822060
stats: connected 10 139
stats: 503 113 146
# stats: dump at 1480585580
stats: users 145 149
stats: {load,"tsung_controller@ip-172-31-6-161"} 1 0.078125 0.0 0.078125 0.0 0.009314903846153846 26
stats: {freemem,"tsung_controller@ip-172-31-6-161"} 1 3144.6953125 0.0 3162.1796875 3144.6953125 3156.2264122596152 26
stats: {recvpackets,"tsung_controller@ip-172-31-6-161"} 1 1357.0 0.0 1696 228 939.32 25
stats: {sentpackets,"tsung_controller@ip-172-31-6-161"} 1 1283.0 0.0 1317 171 700.36 25
stats: {cpu,"tsung_controller@ip-172-31-6-161"} 1 4.305283757338552 0.0 6.130268199233716 1.282051282051282 2.6694661072875574 26
stats: session 61 23028.670946465165 14057.14055070722 45794.7939453125 1165.407958984375 13241.41514826949 465
stats: users_count 62 671
stats: finish_users_count 61 526
stats: request 266 4456.980029113311 5585.305004601702 29499.660888671875 0.593994140625 2155.1646720867852 2075
stats: connect 64 3.1671142578125 3.186123821150216 110.329833984375 0.492919921875 3.2610668985800166 603
stats: page 266 4456.980029113311 5585.305004601702 29499.660888671875 0.593994140625 2155.1646720867852 2075
stats: 200 104 2033
stats: size_rcv 1214476 24661338
stats: newphase 0 4
stats: size_sent 77807 899867
stats: connected 5 144
stats: 503 162 308
# stats: dump at 1480585590
stats: users 140 149
stats: {load,"tsung_controller@ip-172-31-6-161"} 1 0.0703125 0.0 0.078125 0.0 0.011863425925925927 27
stats: {freemem,"tsung_controller@ip-172-31-6-161"} 1 3144.6796875 0.0 3162.1796875 3144.6796875 3155.799334490741 27
stats: {recvpackets,"tsung_controller@ip-172-31-6-161"} 1 1885.0 0.0 1885 228 955.3846153846154 26
stats: {sentpackets,"tsung_controller@ip-172-31-6-161"} 1 1546.0 0.0 1546 171 722.7692307692307 26
stats: {cpu,"tsung_controller@ip-172-31-6-161"} 1 3.823529411764706 0.0 6.130268199233716 1.282051282051282 2.7300519461783352 27
stats: session 61 26475.818839651638 12178.479481804705 62286.637939453125 1165.407958984375 14376.439109657202 526
stats: users_count 56 727
stats: finish_users_count 61 587
stats: request 241 4489.243604731265 5043.344740630003 34804.610107421875 0.590087890625 2416.7122521675437 2341
stats: connect 59 2.854984606726695 3.142852147117257 110.329833984375 0.492919921875 3.252051952539355 667
stats: page 241 4489.243604731265 5043.344740630003 34804.610107421875 0.590087890625 2416.7122521675437 2341
stats: 200 114 2147
stats: size_rcv 1688131 26349469
stats: newphase 0 4
stats: size_sent 81898 981765
stats: connected -3 141
stats: 503 127 435
# stats: dump at 1480585600
stats: users 139 149
stats: {load,"tsung_controller@ip-172-31-6-161"} 1 0.05859375 0.0 0.078125 0.0 0.013950892857142858 28
stats: {freemem,"tsung_controller@ip-172-31-6-161"} 1 3144.5625 0.0 3162.1796875 3144.5625 3155.4022042410716 28
stats: {recvpackets,"tsung_controller@ip-172-31-6-161"} 1 1478.0 0.0 1885 228 989.8148148148148 27
stats: {sentpackets,"tsung_controller@ip-172-31-6-161"} 1 1366.0 0.0 1546 171 753.2592592592592 27
stats: {cpu,"tsung_controller@ip-172-31-6-161"} 1 3.9138943248532287 0.0 6.130268199233716 1.282051282051282 2.76910471280642 28
stats: session 62 24894.096171717494 10490.04056303759 62286.637939453125 1165.407958984375 15633.785214477746 587
stats: users_count 61 788
stats: finish_users_count 62 649
stats: request 235 4162.857106050536 4416.402012156552 34804.610107421875 0.590087890625 2610.1592142000213 2582
stats: connect 62 2.592218214465726 2.878637586459617 110.329833984375 0.492919921875 3.2197833941330924 726
stats: page 235 4162.857106050536 4416.402012156552 34804.610107421875 0.590087890625 2610.1592142000213 2582
stats: 200 111 2258
stats: size_rcv 1084113 27433582
stats: newphase 0 4
stats: size_sent 72662 1054427
stats: connected 1 142
stats: 503 124 559
# stats: dump at 1480585610
stats: users 143 149
stats: {load,"tsung_controller@ip-172-31-6-161"} 1 0.05078125 0.0 0.078125 0.0 0.015490301724137932 29
stats: {freemem,"tsung_controller@ip-172-31-6-161"} 1 3144.5703125 0.0 3162.1796875 3144.5625 3155.028421336207 29
stats: {recvpackets,"tsung_controller@ip-172-31-6-161"} 1 1327.0 0.0 1885 228 1007.25 28
stats: {sentpackets,"tsung_controller@ip-172-31-6-161"} 1 1288.0 0.0 1546 171 775.1428571428571 28
stats: {cpu,"tsung_controller@ip-172-31-6-161"} 1 3.9177277179236047 0.0 6.130268199233716 1.282051282051282 2.8085802166701033 29
stats: session 58 23793.132580987338 9556.923828807998 62286.637939453125 1165.407958984375 16518.437416864286 649
stats: users_count 62 850
stats: finish_users_count 58 707
stats: request 234 4097.530225444045 5237.985779319222 34804.610107421875 0.590087890625 2739.688502302567 2817
stats: connect 61 3.4407098488729506 3.7652946678716295 110.329833984375 0.489013671875 3.1704064383724617 788
stats: page 234 4097.530225444045 5237.985779319222 34804.610107421875 0.590087890625 2739.688502302567 2817
stats: 200 89 2347
stats: size_rcv 913636 28347218
stats: newphase 0 4
stats: size_sent 70780 1125207
stats: connected 2 144
stats: 503 145 704
# stats: dump at 1480585620
stats: users 164 170
stats: {load,"tsung_controller@ip-172-31-6-161"} 1 0.0390625 0.0 0.078125 0.0 0.016666666666666666 30
stats: {freemem,"tsung_controller@ip-172-31-6-161"} 1 3144.890625 0.0 3162.1796875 3144.5625 3154.6798177083333 30
stats: {recvpackets,"tsung_controller@ip-172-31-6-161"} 1 1130.0 0.0 1885 228 1018.2758620689655 29
stats: {sentpackets,"tsung_controller@ip-172-31-6-161"} 1 1182.0 0.0 1546 171 792.8275862068965 29
stats: {cpu,"tsung_controller@ip-172-31-6-161"} 1 4.585365853658536 0.0 6.130268199233716 1.282051282051282 2.8455518000452202 30
stats: session 73 18662.34676998609 12316.435509263692 62286.637939453125 933.538818359375 17115.229948008753 707
stats: users_count 94 944
stats: finish_users_count 73 780
stats: request 325 2979.3190129206732 5671.795039597365 34804.610107421875 0.55322265625 2843.829755404863 3051
stats: connect 93 3.5050481980846775 3.475810594751107 110.329833984375 0.489013671875 3.189827531470848 849
stats: page 325 2979.3190129206732 5671.795039597365 34804.610107421875 0.55322265625 2843.829755404863 3051
stats: 200 74 2421
stats: size_rcv 1264387 29611605
stats: newphase 1 5
stats: size_sent 79804 1205011
stats: connected 23 167
stats: 503 252 956
# stats: dump at 1480585630
stats: users 165 174
stats: {load,"tsung_controller@ip-172-31-6-161"} 1 0.0390625 0.0 0.078125 0.0 0.017389112903225805 31
stats: {freemem,"tsung_controller@ip-172-31-6-161"} 1 3147.484375 0.0 3162.1796875 3144.5625 3154.3640372983873 31
stats: {recvpackets,"tsung_controller@ip-172-31-6-161"} 1 1943.0 0.0 1943 228 1022.0 30
stats: {sentpackets,"tsung_controller@ip-172-31-6-161"} 1 1855.0 0.0 1855 171 805.8 30
stats: {cpu,"tsung_controller@ip-172-31-6-161"} 1 5.658536585365854 0.0 6.130268199233716 1.282051282051282 2.9016748340327463 31
stats: session 105 13711.598318917411 11957.996306687517 62286.637939453125 341.947021484375 17260.02421468099 780
stats: users_count 106 1050
stats: finish_users_count 105 885
stats: request 408 1279.7921962364037 4422.9655219852975 34804.610107421875 0.55322265625 2856.8730044251947 3376
stats: connect 106 3.579693488354952 3.7655313399907704 110.329833984375 0.489013671875 3.220948043142914 942
stats: page 408 1279.7921962364037 4422.9655219852975 34804.610107421875 0.55322265625 2856.8730044251947 3376
stats: 200 33 2454
stats: size_rcv 975815 30587420
stats: newphase 0 5
stats: size_sent 87237 1292248
stats: connected 2 169
stats: 503 375 1331
# stats: dump at 1480585640
stats: users 162 174
stats: {load,"tsung_controller@ip-172-31-6-161"} 1 0.03125 0.0 0.078125 0.0 0.01806640625 32
stats: {freemem,"tsung_controller@ip-172-31-6-161"} 1 3147.44140625 0.0 3162.1796875 3144.5625 3154.1490478515625 32
stats: {recvpackets,"tsung_controller@ip-172-31-6-161"} 1 1481.0 0.0 1943 228 1051.7096774193549 31
stats: {sentpackets,"tsung_controller@ip-172-31-6-161"} 1 1613.0 0.0 1855 171 839.6451612903226 31
stats: {cpu,"tsung_controller@ip-172-31-6-161"} 1 5.571847507331378 0.0 6.130268199233716 1.282051282051282 2.987826763761906 32
stats: session 92 14739.81627621858 13572.186364812189 62286.637939453125 341.947021484375 16839.024532132767 885
stats: users_count 89 1139
stats: finish_users_count 92 977
stats: request 362 2560.524469365073 6993.160432865441 34929.588134765625 0.55322265625 2686.828350688137 3784
stats: connect 86 3.2602482285610463 3.553122142486371 110.329833984375 0.489013671875 3.25723336489146 1048
stats: page 362 2560.524469365073 6993.160432865441 34929.588134765625 0.55322265625 2686.828350688137 3784
stats: 200 42 2496
stats: size_rcv 1102240 31689660
stats: newphase 0 5
stats: size_sent 74331 1366579
stats: connected -7 162
stats: 503 319 1650
# stats: dump at 1480585650
stats: users 165 174
stats: {load,"tsung_controller@ip-172-31-6-161"} 1 0.03125 0.0 0.078125 0.0 0.018465909090909092 33
stats: {freemem,"tsung_controller@ip-172-31-6-161"} 1 3147.4765625 0.0 3162.1796875 3144.5625 3153.9457859848485 33
stats: {recvpackets,"tsung_controller@ip-172-31-6-161"} 1 1454.0 0.0 1943 228 1065.125 32
stats: {sentpackets,"tsung_controller@ip-172-31-6-161"} 1 1546.0 0.0 1855 171 863.8125 32
stats: {cpu,"tsung_controller@ip-172-31-6-161"} 1 5.3501945525291825 0.0 6.130268199233716 1.282051282051282 3.0661304226579507 33
stats: session 94 20387.406535696467 14578.166090120905 66094.69897460938 341.947021484375 16641.350878556408 977
stats: users_count 97 1236
stats: finish_users_count 94 1071
stats: request 392 4533.548697958189 9234.665841824644 40034.9990234375 0.55322265625 2675.800370698038 4146
stats: connect 100 3.3350390625 3.6704838544877347 110.329833984375 0.489013671875 3.25746200534612 1134
stats: page 392 4533.548697958189 9234.665841824644 40034.9990234375 0.55322265625 2675.800370698038 4146
stats: 200 79 2575
stats: size_rcv 2248069 33937729
stats: newphase 0 5
stats: size_sent 94418 1460997
stats: connected 4 166
stats: 503 313 1963
# stats: dump at 1480585660
stats: users 174 188
stats: {load,"tsung_controller@ip-172-31-6-161"} 1 0.01953125 0.0 0.078125 0.0 0.01884191176470588 34
stats: {freemem,"tsung_controller@ip-172-31-6-161"} 1 3147.14453125 0.0 3162.1796875 3144.5625 3153.7555147058824 34
stats: {recvpackets,"tsung_controller@ip-172-31-6-161"} 1 2405.0 0.0 2405 228 1076.909090909091 33
stats: {sentpackets,"tsung_controller@ip-172-31-6-161"} 1 2051.0 0.0 2051 171 884.4848484848485 33
stats: {cpu,"tsung_controller@ip-172-31-6-161"} 1 5.680705190989226 0.0 6.130268199233716 1.282051282051282 3.1333087794188694 34
stats: session 98 17105.15468550702 13152.959741284554 66094.69897460938 341.947021484375 16970.13634239503 1071
stats: users_count 107 1343
stats: finish_users_count 98 1169
stats: request 454 2569.466617264936 5194.659299330895 46091.2509765625 0.55322265625 2836.2757660893953 4538
stats: connect 107 3.609790267231308 3.2500568540577284 110.329833984375 0.489013671875 3.2637486388269856 1234
stats: page 454 2569.466617264936 5194.659299330895 46091.2509765625 0.55322265625 2836.2757660893953 4538
stats: 200 123 2698
stats: size_rcv 1755551 35693280
stats: newphase 0 5
stats: size_sent 117960 1578957
stats: connected 9 175
stats: 503 331 2294
# stats: dump at 1480585670
stats: users 160 188
stats: {load,"tsung_controller@ip-172-31-6-161"} 1 0.01953125 0.0 0.078125 0.0 0.018861607142857142 35
stats: {freemem,"tsung_controller@ip-172-31-6-161"} 1 3146.38671875 0.0 3162.1796875 3144.5625 3153.5666294642856 35
stats: {recvpackets,"tsung_controller@ip-172-31-6-161"} 1 2040.0 0.0 2405 228 1115.9705882352941 34
stats: {sentpackets,"tsung_controller@ip-172-31-6-161"} 1 2033.0 0.0 2051 171 918.7941176470588 34
stats: {cpu,"tsung_controller@ip-172-31-6-161"} 1 6.956521739130435 0.0 6.956521739130435 1.282051282051282 3.2060915340351652 35
stats: session 106 20410.939197468302 13242.392879219015 66094.69897460938 341.947021484375 16981.45524541041 1169
stats: users_count 92 1435
stats: finish_users_count 106 1275
stats: request 368 2682.8022573719836 4933.905353691926 46091.2509765625 0.55322265625 2812.0106712243505 4992
stats: connect 92 2.7229056980298916 3.2226688984816465 110.329833984375 0.489013671875 3.2913597158137584 1341
stats: page 368 2682.8022573719836 4933.905353691926 46091.2509765625 0.55322265625 2812.0106712243505 4992
stats: 200 84 2782
stats: size_rcv 1048156 36741436
stats: newphase 0 5
stats: size_sent 91594 1670551
stats: connected -15 160
stats: 503 284 2578
# stats: dump at 1480585680
stats: users 202 202
stats: {load,"tsung_controller@ip-172-31-6-161"} 1 0.01953125 0.0 0.078125 0.0 0.018880208333333332 36
stats: {freemem,"tsung_controller@ip-172-31-6-161"} 1 3146.3984375 0.0 3162.1796875 3144.5625 3153.3671875 36
stats: {recvpackets,"tsung_controller@ip-172-31-6-161"} 1 1624.0 0.0 2405 228 1142.3714285714286 35
stats: {sentpackets,"tsung_controller@ip-172-31-6-161"} 1 1676.0 0.0 2051 171 950.6285714285714 35
stats: {cpu,"tsung_controller@ip-172-31-6-161"} 1 5.463414634146342 0.0 6.956521739130435 1.282051282051282 3.310270150843367 36
stats: session 97 17160.780645940722 12310.314673298166 66094.69897460938 341.947021484375 17266.57312691483 1275
stats: users_count 139 1574
stats: finish_users_count 97 1372
stats: request 464 2496.058845783103 4652.627704084889 46091.2509765625 0.55322265625 2803.1396457956803 5360
stats: connect 139 3.296848653889389 3.4154803379590786 110.329833984375 0.489013671875 3.254864412508723 1433
stats: page 464 2496.058845783103 4652.627704084889 46091.2509765625 0.55322265625 2803.1396457956803 5360
stats: 200 104 2886
stats: size_rcv 1246255 37987691
stats: newphase 1 6
stats: size_sent 109273 1779824
stats: connected 42 202
stats: 503 360 2938
# stats: dump at 1480585690
stats: users 201 214
stats: {load,"tsung_controller@ip-172-31-6-161"} 1 0.01171875 0.0 0.078125 0.0 0.018897804054054054 37
stats: {freemem,"tsung_controller@ip-172-31-6-161"} 1 3145.453125 0.0 3162.1796875 3144.5625 3153.1788429054054 37
stats: {recvpackets,"tsung_controller@ip-172-31-6-161"} 1 2311.0 0.0 2405 228 1155.75 36
stats: {sentpackets,"tsung_controller@ip-172-31-6-161"} 1 2450.0 0.0 2450 171 970.7777777777778 36
stats: {cpu,"tsung_controller@ip-172-31-6-161"} 1 8.817829457364342 0.0 8.817829457364342 1.282051282051282 3.3684632449866907 37
stats: session 165 12405.371209161933 9592.742654225165 66094.69897460938 341.947021484375 17259.09362935325 1372
stats: users_count 164 1738
stats: finish_users_count 165 1537
stats: request 658 1376.3701272054277 4066.2291075094204 46091.2509765625 0.55322265625 2778.6744172232493 5824
stats: connect 163 3.2497348902415646 3.2397884066294256 110.329833984375 0.489013671875 3.258576759551924 1572
stats: page 658 1376.3701272054277 4066.2291075094204 46091.2509765625 0.55322265625 2778.6744172232493 5824
stats: 200 72 2958
stats: size_rcv 1582092 39569783
stats: newphase 0 6
stats: size_sent 140481 1920305
stats: connected 3 205
stats: 503 587 3525
# stats: dump at 1480585700
stats: users 194 218
stats: {load,"tsung_controller@ip-172-31-6-161"} 1 0.01171875 0.0 0.078125 0.0 0.01870888157894737 38
stats: {freemem,"tsung_controller@ip-172-31-6-161"} 1 3144.77734375 0.0 3162.1796875 3144.5625 3152.9755345394738 38
stats: {recvpackets,"tsung_controller@ip-172-31-6-161"} 1 2261.0 0.0 2405 228 1186.972972972973 37
stats: {sentpackets,"tsung_controller@ip-172-31-6-161"} 1 2690.0 0.0 2690 171 1010.7567567567568 37
stats: {cpu,"tsung_controller@ip-172-31-6-161"} 1 9.33589990375361 0.0 9.33589990375361 1.282051282051282 3.511867618996629 38
stats: session 163 12528.208398737059 8864.382989238416 66094.69897460938 341.947021484375 16738.036895890942 1537
stats: users_count 156 1894
stats: finish_users_count 163 1700
stats: request 656 1828.9252103479896 4165.899387163613 46091.2509765625 0.55322265625 2636.3238737441184 6482
stats: connect 156 3.521720690604968 3.5550079620900483 110.329833984375 0.489013671875 3.2577460824927953 1735
stats: page 656 1828.9252103479896 4165.899387163613 46091.2509765625 0.55322265625 2636.3238737441184 6482
stats: 200 107 3065
stats: size_rcv 1297886 40867669
stats: newphase 0 6
stats: size_sent 148361 2068666
stats: connected -13 192
stats: 503 548 4073
# stats: dump at 1480585710
stats: users 202 218
stats: {load,"tsung_controller@ip-172-31-6-161"} 1 0.01171875 0.0 0.078125 0.0 0.018529647435897436 39
stats: {freemem,"tsung_controller@ip-172-31-6-161"} 1 3144.625 0.0 3162.1796875 3144.5625 3152.765324519231 39
stats: {recvpackets,"tsung_controller@ip-172-31-6-161"} 1 1844.0 0.0 2405 228 1215.2368421052631 38
stats: {sentpackets,"tsung_controller@ip-172-31-6-161"} 1 2211.0 0.0 2690 171 1054.9473684210527 38
stats: {cpu,"tsung_controller@ip-172-31-6-161"} 1 7.468477206595538 0.0 9.33589990375361 1.282051282051282 3.661201780144244 39
stats: session 146 12724.430058727527 10178.761381267403 66094.69897460938 341.947021484375 16334.388634105011 1700
stats: users_count 154 2048
stats: finish_users_count 146 1846
stats: request 597 1545.4094598153524 4279.169905776876 46091.2509765625 0.55322265625 2562.1219231714285 7138
stats: connect 155 2.502362651209677 2.669171229325894 110.329833984375 0.489013671875 3.2795229406977127 1891
stats: page 597 1545.4094598153524 4279.169905776876 46091.2509765625 0.55322265625 2562.1219231714285 7138
stats: 200 72 3137
stats: size_rcv 1555254 42422923
stats: newphase 0 6
stats: size_sent 125793 2194459
stats: connected 10 202
stats: 503 525 4598
# stats: dump at 1480585720
stats: users 195 218
stats: {load,"tsung_controller@ip-172-31-6-161"} 1 0.01171875 0.0 0.078125 0.0 0.018359375 40
stats: {freemem,"tsung_controller@ip-172-31-6-161"} 1 3144.45703125 0.0 3162.1796875 3144.45703125 3152.56181640625 40
stats: {recvpackets,"tsung_controller@ip-172-31-6-161"} 1 2158.0 0.0 2405 228 1231.3589743589744 39
stats: {sentpackets,"tsung_controller@ip-172-31-6-161"} 1 2442.0 0.0 2690 171 1084.5897435897436 39
stats: {cpu,"tsung_controller@ip-172-31-6-161"} 1 8.405797101449275 0.0 9.33589990375361 1.282051282051282 3.7563836658055267 40
stats: session 166 12517.662128494456 9268.346460871213 66094.69897460938 341.947021484375 16048.877284156413 1846
stats: users_count 159 2207
stats: finish_users_count 166 2012
stats: request 646 1505.040793782049 4413.99812336762 46091.2509765625 0.55322265625 2483.650385922097 7735
stats: connect 160 3.3326156616210936 3.4314536009611247 110.329833984375 0.489013671875 3.2206471611910437 2046
stats: page 646 1505.040793782049 4413.99812336762 46091.2509765625 0.55322265625 2483.650385922097 7735
stats: 200 67 3204
stats: size_rcv 882965 43305888
stats: newphase 0 6
stats: size_sent 131702 2326161
stats: connected -4 198
stats: 503 579 5177
# stats: dump at 1480585730
stats: users 186 218
stats: {load,"tsung_controller@ip-172-31-6-161"} 1 0.01171875 0.0 0.078125 0.0 0.018197408536585365 41
stats: {freemem,"tsung_controller@ip-172-31-6-161"} 1 3144.42578125 0.0 3162.1796875 3144.42578125 3152.364138719512 41
stats: {recvpackets,"tsung_controller@ip-172-31-6-161"} 1 2126.0 0.0 2405 228 1254.525 40
stats: {sentpackets,"tsung_controller@ip-172-31-6-161"} 1 2364.0 0.0 2690 171 1118.525 40
stats: {cpu,"tsung_controller@ip-172-31-6-161"} 1 7.744433688286543 0.0 9.33589990375361 1.282051282051282 3.869783993504155 41
stats: session 156 11997.65311373197 9465.183988601028 66094.69897460938 341.947021484375 15757.53448304315 2012
stats: users_count 147 2354
stats: finish_users_count 156 2168
stats: request 601 1865.1128928998528 5086.14659056409 46091.2509765625 0.55322265625 2408.2200319640406 8381
stats: connect 146 2.8738093964041083 3.0954231654736337 110.329833984375 0.489013671875 3.228768176634746 2206
stats: page 601 1865.1128928998528 5086.14659056409 46091.2509765625 0.55322265625 2408.2200319640406 8381
stats: 200 73 3277
stats: size_rcv 1481293 44787181
stats: newphase 0 6
stats: size_sent 126274 2452435
stats: connected -14 184
stats: 503 528 5705
# stats: dump at 1480585740
stats: users 125 218
stats: {load,"tsung_controller@ip-172-31-6-161"} 1 0.01171875 0.0 0.078125 0.0 0.01804315476190476 42
stats: {freemem,"tsung_controller@ip-172-31-6-161"} 1 3144.4375 0.0 3162.1796875 3144.42578125 3152.1751302083335 42
stats: {recvpackets,"tsung_controller@ip-172-31-6-161"} 1 2384.0 0.0 2405 228 1275.780487804878 41
stats: {sentpackets,"tsung_controller@ip-172-31-6-161"} 1 2328.0 0.0 2690 171 1148.9024390243903 41
stats: {cpu,"tsung_controller@ip-172-31-6-161"} 1 6.73828125 0.0 9.33589990375361 1.282051282051282 3.96203755766564 42
stats: session 94 15038.226970266789 9675.875470957588 66094.69897460938 341.947021484375 15486.989513664668 2168
stats: users_count 33 2387
stats: finish_users_count 94 2262
stats: request 317 3968.9835848161483 6249.22725213185 46091.2509765625 0.55322265625 2371.8798637857312 8982
stats: connect 35 3.8612513950892864 3.1997148506868474 110.329833984375 0.489013671875 3.206734170719069 2352
stats: page 317 3968.9835848161483 6249.22725213185 46091.2509765625 0.55322265625 2371.8798637857312 8982
stats: 200 100 3377
stats: size_rcv 1999576 46786757
stats: newphase 0 6
stats: size_sent 91303 2543738
stats: connected -57 127
stats: 503 217 5922
# stats: dump at 1480585750
stats: users 96 218
stats: {load,"tsung_controller@ip-172-31-6-161"} 1 0.0 0.0 0.078125 0.0 0.017896075581395346 43
stats: {freemem,"tsung_controller@ip-172-31-6-161"} 1 3144.4609375 0.0 3162.1796875 3144.42578125 3151.9951853197676 43
stats: {recvpackets,"tsung_controller@ip-172-31-6-161"} 1 1095.0 0.0 2405 228 1302.1666666666667 42
stats: {sentpackets,"tsung_controller@ip-172-31-6-161"} 1 861.0 0.0 2690 171 1176.9761904761904 42
stats: {cpu,"tsung_controller@ip-172-31-6-161"} 1 2.9440628066732093 0.0 9.33589990375361 1.282051282051282 4.026601364464113 43
stats: session 29 26985.25387257543 9313.52119823218 66094.69897460938 341.947021484375 15468.340672338672 2262
stats: users_count 0 2387
stats: finish_users_count 29 2291
stats: request 96 10673.016840616861 1658.2596307518895 46091.2509765625 0.55322265625 2426.324629843011 9299
stats: connect 0 0 0 110.329833984375 0.489013671875 3.2163311974693656 2387
stats: page 96 10673.016840616861 1658.2596307518895 46091.2509765625 0.55322265625 2426.324629843011 9299
stats: 200 94 3471
stats: size_rcv 927652 47714409
stats: newphase 0 6
stats: size_sent 33200 2576938
stats: connected -31 96
stats: 503 2 5924
# stats: dump at 1480585760
stats: users 64 218
stats: {load,"tsung_controller@ip-172-31-6-161"} 1 0.0 0.0 0.078125 0.0 0.01748934659090909 44
stats: {freemem,"tsung_controller@ip-172-31-6-161"} 1 3146.78125 0.0 3162.1796875 3144.42578125 3151.8239524147725 44
stats: {recvpackets,"tsung_controller@ip-172-31-6-161"} 1 850.0 0.0 2405 228 1297.3488372093022 43
stats: {sentpackets,"tsung_controller@ip-172-31-6-161"} 1 651.0 0.0 2690 171 1169.627906976744 43
stats: {cpu,"tsung_controller@ip-172-31-6-161"} 1 1.968503937007874 0.0 9.33589990375361 1.282051282051282 4.001998215423411 44
stats: session 32 32392.06406402588 8629.924799127373 66094.69897460938 341.947021484375 15614.124383734075 2291
stats: users_count 0 2387
stats: finish_users_count 32 2323
stats: request 70 11900.564393833705 2794.8968473534433 46091.2509765625 0.55322265625 2510.5909898466602 9395
stats: connect 0 0 0 110.329833984375 0.489013671875 3.2163311974693656 2387
stats: page 70 11900.564393833705 2794.8968473534433 46091.2509765625 0.55322265625 2510.5909898466602 9395
stats: 200 70 3541
stats: size_rcv 1369151 49083560
stats: newphase 0 6
stats: size_sent 22123 2599061
stats: connected -32 64
stats: 503 0 5924
# stats: dump at 1480585770
stats: users 1 218
stats: {load,"tsung_controller@ip-172-31-6-161"} 1 0.0 0.0 0.078125 0.0 0.017100694444444443 45
stats: {freemem,"tsung_controller@ip-172-31-6-161"} 1 3146.8671875 0.0 3162.1796875 3144.42578125 3151.711892361111 45
stats: {recvpackets,"tsung_controller@ip-172-31-6-161"} 1 1396.0 0.0 2405 228 1287.1818181818182 44
stats: {sentpackets,"tsung_controller@ip-172-31-6-161"} 1 906.0 0.0 2690 171 1157.840909090909 44
stats: {cpu,"tsung_controller@ip-172-31-6-161"} 1 1.6798418972332017 0.0 9.33589990375361 1.282051282051282 3.9568094536808434 45
stats: session 63 39518.424289279516 5964.574996831783 66094.69897460938 341.947021484375 15845.245378038568 2323
stats: users_count 0 2387
stats: finish_users_count 63 2386
stats: request 82 7714.640488043058 4109.280733330773 46091.2509765625 0.55322265625 2580.0361180325126 9465
stats: connect 0 0 0 110.329833984375 0.489013671875 3.2163311974693656 2387
stats: page 82 7714.640488043058 4109.280733330773 46091.2509765625 0.55322265625 2580.0361180325126 9465
stats: 200 82 3623
stats: size_rcv 1011956 50095516
stats: newphase 0 6
stats: size_sent 12025 2611086
stats: connected -63 1
stats: 503 0 5924
# stats: dump at 1480585772
stats: users 0 218
stats: {load,"tsung_controller@ip-172-31-6-161"} 0 0 0 0.078125 0.0 0.0167289402173913 46
stats: {freemem,"tsung_controller@ip-172-31-6-161"} 0 0 0 3162.1796875 3144.42578125 3151.6065726902175 46
stats: {recvpackets,"tsung_controller@ip-172-31-6-161"} 0 0 0 2405 228 1289.6 45
stats: {sentpackets,"tsung_controller@ip-172-31-6-161"} 0 0 0 2690 171 1152.2444444444445 45
stats: {cpu,"tsung_controller@ip-172-31-6-161"} 0 0 0 9.33589990375361 1.282051282051282 3.9073101589754597 46
stats: session 1 38305.405029296875 0.0 66094.69897460938 341.947021484375 16470.312549626236 2386
stats: users_count 0 2387
stats: finish_users_count 1 2387
stats: request 1 82.3388671875 0.0 46091.2509765625 0.55322265625 2624.137674368625 9547
stats: connect 0 0 0 110.329833984375 0.489013671875 3.2163311974693656 2387
stats: page 1 82.3388671875 0.0 46091.2509765625 0.55322265625 2624.137674368625 9547
stats: 200 1 3624
stats: size_rcv 8211 50103727
stats: newphase 0 6
stats: size_sent 481 2611567
stats: connected -1 0
stats: 503 0 5924
EndMonitor:{1480,585772,803416}
