# stats: dump at 1480609925
stats: users 11 11
stats: {load,"tsung_controller@ip-172-31-6-161"} 1 0.0 0 0.0 0.0 0 0
stats: {freemem,"tsung_controller@ip-172-31-6-161"} 1 3158.88671875 0 3158.88671875 3158.88671875 0 0
stats: {cpu,"tsung_controller@ip-172-31-6-161"} 1 3.206986114668184 0 3.206986114668184 3.206986114668184 0 0
stats: users_count 11 11
stats: finish_users_count 0 0
stats: request 35 88.23021065848214 80.12757729701235 288.992919921875 10.156005859375 0 0
stats: connect 11 14.030184659090908 37.36685698090408 132.135009765625 1.369140625 0 0
stats: page 30 102.950244140625 89.66741092711725 349.841064453125 10.156005859375 0 0
stats: 302 12 12
stats: 200 23 23
stats: size_rcv 146080 146080
stats: size_sent 20716 20716
stats: connected 11 11
# stats: dump at 1480609935
stats: users 21 21
stats: {load,"tsung_controller@ip-172-31-6-161"} 1 0.0 0.0 0.0 0.0 0.0 1
stats: {freemem,"tsung_controller@ip-172-31-6-161"} 1 3158.296875 0.0 3158.88671875 3158.296875 3158.88671875 1
stats: {recvpackets,"tsung_controller@ip-172-31-6-161"} 1 214 0 214 214 0 0
stats: {sentpackets,"tsung_controller@ip-172-31-6-161"} 1 187 0 187 187 0 0
stats: {cpu,"tsung_controller@ip-172-31-6-161"} 1 2.747791952894995 0.0 3.206986114668184 2.747791952894995 3.206986114668184 1
stats: users_count 10 21
stats: finish_users_count 0 0
stats: request 89 66.21272603581464 78.20478433767268 421.052001953125 8.782958984375 88.23021065848214 35
stats: connect 9 1.8324381510416667 0.2833816842355278 132.135009765625 1.369140625 14.030184659090908 11
stats: page 77 76.54284509435874 86.81107228863794 434.551025390625 8.782958984375 102.950244140625 30
stats: 302 11 23
stats: 200 70 93
stats: size_rcv 396004 542084
stats: size_sent 64265 84981
stats: connected 9 20
stats: 204 8 8
# stats: dump at 1480609945
stats: users 28 28
stats: {load,"tsung_controller@ip-172-31-6-161"} 1 0.0 0.0 0.0 0.0 0.0 2
stats: {freemem,"tsung_controller@ip-172-31-6-161"} 1 3156.984375 0.0 3158.88671875 3156.984375 3158.591796875 2
stats: {recvpackets,"tsung_controller@ip-172-31-6-161"} 1 515.0 0.0 515 214 214.0 1
stats: {sentpackets,"tsung_controller@ip-172-31-6-161"} 1 399.0 0.0 399 187 187.0 1
stats: {cpu,"tsung_controller@ip-172-31-6-161"} 1 2.0710059171597637 0.0 3.206986114668184 2.0710059171597637 2.9773890337815896 2
stats: users_count 7 28
stats: finish_users_count 0 0
stats: request 132 53.382707075639196 71.20628617724137 421.052001953125 8.2861328125 72.42733863092239 124
stats: connect 8 1.969207763671875 0.5833408476389539 132.135009765625 1.369140625 8.54119873046875 20
stats: page 118 56.267381571106995 72.84258652249528 434.551025390625 8.2861328125 83.9467887521904 107
stats: 302 19 42
stats: 200 99 192
stats: size_rcv 486693 1028777
stats: size_sent 95793 180774
stats: connected 8 28
stats: 204 15 23
stats: max_repeat 3 3
# stats: dump at 1480609955
stats: users 38 38
stats: {load,"tsung_controller@ip-172-31-6-161"} 1 0.0 0.0 0.0 0.0 0.0 3
stats: {freemem,"tsung_controller@ip-172-31-6-161"} 1 3154.21484375 0.0 3158.88671875 3154.21484375 3158.0559895833335 3
stats: {recvpackets,"tsung_controller@ip-172-31-6-161"} 1 581.0 0.0 581 214 364.5 2
stats: {sentpackets,"tsung_controller@ip-172-31-6-161"} 1 461.0 0.0 461 187 293.0 2
stats: {cpu,"tsung_controller@ip-172-31-6-161"} 1 2.171767028627838 0.0 3.206986114668184 2.0710059171597637 2.6752613282409805 3
stats: users_count 10 38
stats: finish_users_count 0 0
stats: request 214 82.56978428920854 112.94928408920882 534.5 7.736083984375 62.60745048522949 256
stats: connect 10 1.756787109375 0.3562059207884685 132.135009765625 1.26806640625 6.663487025669643 28
stats: page 179 99.66722268898394 134.79000136806835 569.967041015625 7.736083984375 69.43047743055554 225
stats: 302 15 57
stats: 200 175 367
stats: size_rcv 856202 1884979
stats: size_sent 155941 336715
stats: connected 10 38
stats: 204 23 46
stats: max_repeat 3 6
# stats: dump at 1480609965
stats: users 44 44
stats: {load,"tsung_controller@ip-172-31-6-161"} 1 0.0 0.0 0.0 0.0 0.0 4
stats: {freemem,"tsung_controller@ip-172-31-6-161"} 1 3150.71875 0.0 3158.88671875 3150.71875 3157.095703125 4
stats: {recvpackets,"tsung_controller@ip-172-31-6-161"} 1 1152.0 0.0 1152 214 436.6666666666667 3
stats: {sentpackets,"tsung_controller@ip-172-31-6-161"} 1 807.0 0.0 807 187 349.0 3
stats: {cpu,"tsung_controller@ip-172-31-6-161"} 1 3.7254901960784315 0.0 3.7254901960784315 2.0710059171597637 2.5493877533376947 4
stats: session 4 28530.69952392578 9096.697305313732 42629.89697265625 17384.001953125 0 0
stats: users_count 10 48
stats: finish_users_count 4 4
stats: request 341 152.6769325054985 235.05911597882522 1812.076904296875 0.98193359375 71.69668332363698 470
stats: connect 9 1.5843370225694444 0.3179727321547463 132.135009765625 1.26806640625 5.372250205592105 38
stats: page 315 166.04478314112097 261.53755721572713 1812.076904296875 0.98193359375 82.82745119604733 404
stats: 302 18 75
stats: 200 281 648
stats: size_rcv 1650064 3535043
stats: size_sent 241277 577992
stats: connected 4 42
stats: 204 37 83
stats: max_repeat 10 16
stats: 400 5 5
# stats: dump at 1480609975
stats: users 47 47
stats: {load,"tsung_controller@ip-172-31-6-161"} 1 0.0 0.0 0.0 0.0 0.0 5
stats: {freemem,"tsung_controller@ip-172-31-6-161"} 1 3149.52734375 0.0 3158.88671875 3149.52734375 3155.8203125 5
stats: {recvpackets,"tsung_controller@ip-172-31-6-161"} 1 1862.0 0.0 1862 214 615.5 4
stats: {sentpackets,"tsung_controller@ip-172-31-6-161"} 1 1218.0 0.0 1218 187 463.5 4
stats: {cpu,"tsung_controller@ip-172-31-6-161"} 1 3.564356435643564 0.0 3.7254901960784315 2.0710059171597637 2.7846082418858424 5
stats: session 4 33545.69970703125 8492.949429221882 46004.923828125 17384.001953125 28530.69952392578 4
stats: users_count 7 55
stats: finish_users_count 4 8
stats: request 297 73.07520517676764 127.90069732452791 1812.076904296875 0.85498046875 105.74633186989442 811
stats: connect 8 1.70654296875 0.32259209020369256 132.135009765625 1.118896484375 4.646905127992022 47
stats: page 275 78.92713778409086 138.55251883517903 1812.076904296875 0.85498046875 119.28567033749127 719
stats: 302 14 89
stats: 200 246 894
stats: size_rcv 1273692 4808735
stats: size_sent 211637 789629
stats: connected 5 47
stats: 204 34 117
stats: max_repeat 7 23
stats: 400 3 8
# stats: dump at 1480609985
stats: users 55 56
stats: {load,"tsung_controller@ip-172-31-6-161"} 1 0.0 0.0 0.0 0.0 0.0 6
stats: {freemem,"tsung_controller@ip-172-31-6-161"} 1 3145.80859375 0.0 3158.88671875 3145.80859375 3154.771484375 6
stats: {recvpackets,"tsung_controller@ip-172-31-6-161"} 1 1509.0 0.0 1862 214 864.8 5
stats: {sentpackets,"tsung_controller@ip-172-31-6-161"} 1 1076.0 0.0 1218 187 614.4 5
stats: {cpu,"tsung_controller@ip-172-31-6-161"} 1 4.031465093411996 0.0 4.031465093411996 2.0710059171597637 2.914566274178796 6
stats: session 7 44008.952427455355 12552.866618809603 58839.440185546875 17384.001953125 31038.199615478516 8
stats: users_count 15 70
stats: finish_users_count 7 15
stats: request 404 112.69689216236075 178.74423713746532 1812.076904296875 0.85498046875 96.98881866785592 1108
stats: connect 15 2.4275553385416666 2.326104344959783 132.135009765625 1.118896484375 4.2192160866477275 55
stats: page 374 121.7417168438753 207.58486801001038 1812.076904296875 0.85498046875 108.12008034535333 994
stats: 302 20 109
stats: 200 328 1222
stats: size_rcv 1739010 6547745
stats: newphase 1 1
stats: size_sent 290088 1079717
stats: connected 8 55
stats: 204 53 170
stats: max_repeat 10 33
stats: 400 3 11
# stats: dump at 1480609995
stats: users 67 68
stats: {load,"tsung_controller@ip-172-31-6-161"} 1 0.0 0.0 0.0 0.0 0.0 7
stats: {freemem,"tsung_controller@ip-172-31-6-161"} 1 3143.890625 0.0 3158.88671875 3143.890625 3153.4910714285716 7
stats: {recvpackets,"tsung_controller@ip-172-31-6-161"} 1 1944.0 0.0 1944 214 972.1666666666666 6
stats: {sentpackets,"tsung_controller@ip-172-31-6-161"} 1 1410.0 0.0 1410 187 691.3333333333334 6
stats: {cpu,"tsung_controller@ip-172-31-6-161"} 1 4.4422507403751235 0.0 4.4422507403751235 2.0710059171597637 3.0741232483549674 7
stats: session 5 62849.42778320312 11611.973980850968 75346.75317382813 17384.001953125 37091.217594401045 15
stats: users_count 17 87
stats: finish_users_count 5 20
stats: request 360 144.80790879991318 229.09439103557884 1812.076904296875 0.85498046875 101.18594941638763 1512
stats: connect 17 1.7453756893382353 0.3800602692844226 132.135009765625 1.118896484375 3.835288783482143 70
stats: page 321 157.3642578125 249.6909543905902 1812.076904296875 0.85498046875 111.84412424187907 1368
stats: 302 22 131
stats: 200 300 1522
stats: size_rcv 1494353 8042098
stats: newphase 0 1
stats: size_sent 263884 1343601
stats: connected 13 68
stats: 204 37 207
stats: max_repeat 4 37
stats: 400 1 12
# stats: dump at 1480610005
stats: users 74 78
stats: {load,"tsung_controller@ip-172-31-6-161"} 1 0.0 0.0 0.0 0.0 0.0 8
stats: {freemem,"tsung_controller@ip-172-31-6-161"} 1 3143.06640625 0.0 3158.88671875 3143.06640625 3152.291015625 8
stats: {recvpackets,"tsung_controller@ip-172-31-6-161"} 1 2036.0 0.0 2036 214 1111.0 7
stats: {sentpackets,"tsung_controller@ip-172-31-6-161"} 1 1532.0 0.0 1532 187 794.0 7
stats: {cpu,"tsung_controller@ip-172-31-6-161"} 1 4.54096742349457 0.0 4.54096742349457 2.0710059171597637 3.2451391848574866 8
stats: session 8 53569.87088012695 22354.77893106246 78997.46801757813 17384.001953125 43530.77014160156 20
stats: users_count 15 102
stats: finish_users_count 8 28
stats: request 457 326.8724907472307 365.92244957521103 2812.424072265625 0.85498046875 109.57478775937332 1872
stats: connect 15 1.9297688802083333 0.9893227806402496 132.135009765625 1.118896484375 3.4269149604885056 87
stats: page 425 355.29922277113985 426.91068871527574 2812.424072265625 0.85498046875 120.49537520467914 1689
stats: 302 25 156
stats: 200 377 1899
stats: size_rcv 2047594 10089692
stats: newphase 0 1
stats: size_sent 322724 1666325
stats: connected 6 74
stats: 204 51 258
stats: max_repeat 13 50
stats: 400 4 16
# stats: dump at 1480610015
stats: users 79 79
stats: {load,"tsung_controller@ip-172-31-6-161"} 1 0.0 0.0 0.0 0.0 0.0 9
stats: {freemem,"tsung_controller@ip-172-31-6-161"} 1 3141.76171875 0.0 3158.88671875 3141.76171875 3151.266059027778 9
stats: {recvpackets,"tsung_controller@ip-172-31-6-161"} 1 2588.0 0.0 2588 214 1226.625 8
stats: {sentpackets,"tsung_controller@ip-172-31-6-161"} 1 1799.0 0.0 1799 187 886.25 8
stats: {cpu,"tsung_controller@ip-172-31-6-161"} 1 5.577299412915851 0.0 5.577299412915851 2.0710059171597637 3.389120100261607 9
stats: session 9 52014.232937282984 15442.094395641669 78997.46801757813 17384.001953125 46399.084638323104 28
stats: users_count 14 116
stats: finish_users_count 9 37
stats: request 447 270.265275447427 323.5803649442642 2812.424072265625 0.7470703125 152.21328078876397 2329
stats: connect 14 2.359898158482143 1.3966416272723898 132.135009765625 1.118896484375 3.2067464192708335 102
stats: page 400 299.6136120605469 380.33357200423063 2812.424072265625 0.7470703125 167.70050066151254 2114
stats: 302 25 181
stats: 200 367 2266
stats: size_rcv 1865172 11954864
stats: newphase 0 1
stats: size_sent 328972 1995297
stats: connected 5 79
stats: 204 51 309
stats: max_repeat 13 63
stats: 400 4 20
# stats: dump at 1480610025
stats: users 82 83
stats: {load,"tsung_controller@ip-172-31-6-161"} 1 0.0 0.0 0.0 0.0 0.0 10
stats: {freemem,"tsung_controller@ip-172-31-6-161"} 1 3141.30078125 0.0 3158.88671875 3141.30078125 3150.315625 10
stats: {recvpackets,"tsung_controller@ip-172-31-6-161"} 1 2585.0 0.0 2588 214 1377.888888888889 9
stats: {sentpackets,"tsung_controller@ip-172-31-6-161"} 1 1860.0 0.0 1860 187 987.6666666666666 9
stats: {cpu,"tsung_controller@ip-172-31-6-161"} 1 5.413385826771654 0.0 5.577299412915851 2.0710059171597637 3.6079380315270315 10
stats: session 7 68124.25516183036 24173.490694377655 103741.81494140625 17384.001953125 47764.93152185388 37
stats: users_count 10 126
stats: finish_users_count 7 44
stats: request 490 417.54459452726394 428.97938185334436 3306.510009765625 0.7470703125 171.22237358862793 2776
stats: connect 10 1.8154052734375 0.6256097818213869 132.135009765625 1.118896484375 3.104540594692888 116
stats: page 444 455.7655133771467 513.5878960561193 3306.510009765625 0.7470703125 188.68906253884498 2514
stats: 302 24 205
stats: 200 406 2672
stats: size_rcv 2009807 13964671
stats: newphase 0 1
stats: size_sent 349151 2344448
stats: connected 3 82
stats: 204 58 367
stats: max_repeat 8 71
stats: 400 2 22
# stats: dump at 1480610035
stats: users 86 88
stats: {load,"tsung_controller@ip-172-31-6-161"} 1 0.0 0.0 0.0 0.0 0.0 11
stats: {freemem,"tsung_controller@ip-172-31-6-161"} 1 3139.2421875 0.0 3158.88671875 3139.2421875 3149.49609375 11
stats: {recvpackets,"tsung_controller@ip-172-31-6-161"} 1 2653.0 0.0 2653 214 1498.6 10
stats: {sentpackets,"tsung_controller@ip-172-31-6-161"} 1 1821.0 0.0 1860 187 1074.9 10
stats: {cpu,"tsung_controller@ip-172-31-6-161"} 1 5.99803343166175 0.0 5.99803343166175 2.0710059171597637 3.7720696492765424 11
stats: session 7 59764.957763671875 20072.929102245038 106699.71508789063 17384.001953125 51003.914828213776 44
stats: users_count 11 137
stats: finish_users_count 7 51
stats: request 459 501.04729573035814 401.83904906280736 3306.510009765625 0.7470703125 208.1782487447613 3266
stats: connect 11 2.3043323863636362 1.9405988940367511 132.135009765625 1.118896484375 3.002228267609127 126
stats: page 417 551.2132495175737 523.2292634167728 3306.510009765625 0.7470703125 228.77761702573002 2958
stats: 302 24 229
stats: 200 382 3054
stats: size_rcv 1912378 15877049
stats: newphase 0 1
stats: size_sent 339372 2683820
stats: connected 4 86
stats: 204 50 417
stats: max_repeat 11 82
stats: 400 3 25
# stats: dump at 1480610045
stats: users 89 89
stats: {load,"tsung_controller@ip-172-31-6-161"} 1 0.0 0.0 0.0 0.0 0.0 12
stats: {freemem,"tsung_controller@ip-172-31-6-161"} 1 3138.3125 0.0 3158.88671875 3138.3125 3148.6416015625 12
stats: {recvpackets,"tsung_controller@ip-172-31-6-161"} 1 2697.0 0.0 2697 214 1603.5454545454545 11
stats: {sentpackets,"tsung_controller@ip-172-31-6-161"} 1 1831.0 0.0 1860 187 1142.7272727272727 11
stats: {cpu,"tsung_controller@ip-172-31-6-161"} 1 5.703048180924287 0.0 5.99803343166175 2.0710059171597637 3.9575666311419764 12
stats: session 10 62083.304956054686 23241.75421329596 106699.71508789063 17384.001953125 52206.4109173943 51
stats: users_count 13 150
stats: finish_users_count 10 61
stats: request 528 290.7504337195195 349.62764204452634 3358.11181640625 0.7470703125 244.26600513842277 3725
stats: connect 13 3.987567608173077 7.432151467604821 132.135009765625 1.118896484375 2.9461928318886863 137
stats: page 498 313.865362328219 421.2851049383052 3358.11181640625 0.7470703125 268.6163307291667 3375
stats: 302 21 250
stats: 200 436 3490
stats: size_rcv 2156849 18033898
stats: newphase 1 2
stats: size_sent 376294 3060114
stats: connected 2 88
stats: 204 66 483
stats: max_repeat 14 96
stats: 400 5 30
# stats: dump at 1480610055
stats: users 102 103
stats: {load,"tsung_controller@ip-172-31-6-161"} 1 0.0 0.0 0.0 0.0 0.0 13
stats: {freemem,"tsung_controller@ip-172-31-6-161"} 1 3138.20703125 0.0 3158.88671875 3138.20703125 3147.8470552884614 13
stats: {recvpackets,"tsung_controller@ip-172-31-6-161"} 1 2698.0 0.0 2698 214 1694.6666666666667 12
stats: {sentpackets,"tsung_controller@ip-172-31-6-161"} 1 1939.0 0.0 1939 187 1200.0833333333333 12
stats: {cpu,"tsung_controller@ip-172-31-6-161"} 1 6.2745098039215685 0.0 6.2745098039215685 2.0710059171597637 4.091834442663693 13
stats: session 6 57475.091959635414 13262.702163599373 106699.71508789063 17384.001953125 53825.573874551745 61
stats: users_count 19 169
stats: finish_users_count 6 67
stats: request 445 551.9769931750352 548.4852394850184 3575.45703125 0.7470703125 250.0369381952812 4253
stats: connect 18 2.205295138888889 1.8040797633488732 132.135009765625 1.118896484375 3.0364453125 150
stats: page 415 576.2863169474772 640.3505110630441 3575.45703125 0.7470703125 274.43456407187983 3873
stats: 302 28 278
stats: 200 363 3853
stats: size_rcv 1771864 19805762
stats: newphase 0 2
stats: size_sent 328854 3388968
stats: connected 13 101
stats: 204 52 535
stats: max_repeat 7 103
stats: 400 2 32
# stats: dump at 1480610065
stats: users 113 113
stats: {load,"tsung_controller@ip-172-31-6-161"} 1 0.0 0.0 0.0 0.0 0.0 14
stats: {freemem,"tsung_controller@ip-172-31-6-161"} 1 3137.6875 0.0 3158.88671875 3137.6875 3147.1584821428573 14
stats: {recvpackets,"tsung_controller@ip-172-31-6-161"} 1 2437.0 0.0 2698 214 1771.8461538461538 13
stats: {sentpackets,"tsung_controller@ip-172-31-6-161"} 1 1839.0 0.0 1939 187 1256.923076923077 13
stats: {cpu,"tsung_controller@ip-172-31-6-161"} 1 4.935834155972359 0.0 6.2745098039215685 2.0710059171597637 4.247739825610684 14
stats: session 13 82743.24348332331 25229.445323564796 127342.95703125 17384.001953125 54152.39638963386 67
stats: users_count 24 193
stats: finish_users_count 13 80
stats: request 470 860.4638438123334 893.4342390950457 12220.568115234375 0.738037109375 278.6370498312945 4698
stats: connect 24 1.6163533528645833 0.3144543090282024 132.135009765625 1.118896484375 2.9473935081845237 168
stats: page 437 928.06339276137 1026.5310887746289 12220.568115234375 0.738037109375 303.6482948189351 4288
stats: 302 35 313
stats: 200 381 4234
stats: size_rcv 1851971 21657733
stats: newphase 0 2
stats: size_sent 333014 3721982
stats: connected 11 112
stats: 204 51 586
stats: max_repeat 9 112
stats: 400 3 35
# stats: dump at 1480610075
stats: users 126 126
stats: {load,"tsung_controller@ip-172-31-6-161"} 1 0.0 0.0 0.0 0.0 0.0 15
stats: {freemem,"tsung_controller@ip-172-31-6-161"} 1 3135.90625 0.0 3158.88671875 3135.90625 3146.5270833333334 15
stats: {recvpackets,"tsung_controller@ip-172-31-6-161"} 1 2754.0 0.0 2754 214 1819.357142857143 14
stats: {sentpackets,"tsung_controller@ip-172-31-6-161"} 1 2071.0 0.0 2071 187 1298.5 14
stats: {cpu,"tsung_controller@ip-172-31-6-161"} 1 5.413385826771654 0.0 6.2745098039215685 2.0710059171597637 4.29361278096813 15
stats: session 6 69160.0987141927 19837.840612817025 127342.95703125 17384.001953125 58798.4090423584 80
stats: users_count 19 212
stats: finish_users_count 6 86
stats: request 513 820.3699867888035 683.3923669140621 12220.568115234375 0.738037109375 331.55086429938433 5168
stats: connect 19 1.803479646381579 0.9091162433446863 132.135009765625 1.078857421875 2.7810134887695313 192
stats: page 466 881.5031198657122 835.3387179560953 12220.568115234375 0.738037109375 361.39843191964286 4725
stats: 302 32 345
stats: 200 420 4654
stats: size_rcv 1966928 23624661
stats: newphase 0 2
stats: size_sent 380110 4102092
stats: connected 14 126
stats: 204 61 647
stats: max_repeat 9 121
stats: 400 2 37
# stats: dump at 1480610085
stats: users 140 143
stats: {load,"tsung_controller@ip-172-31-6-161"} 1 0.0 0.0 0.0 0.0 0.0 16
stats: {freemem,"tsung_controller@ip-172-31-6-161"} 1 3132.8671875 0.0 3158.88671875 3132.8671875 3145.86328125 16
stats: {recvpackets,"tsung_controller@ip-172-31-6-161"} 1 3037.0 0.0 3037 214 1881.6666666666667 15
stats: {sentpackets,"tsung_controller@ip-172-31-6-161"} 1 2226.0 0.0 2226 187 1350.0 15
stats: {cpu,"tsung_controller@ip-172-31-6-161"} 1 5.899705014749262 0.0 6.2745098039215685 2.0710059171597637 4.36359859633085 16
stats: session 7 84800.58932059152 19672.382509575513 127342.95703125 17384.001953125 59521.31762411428 86
stats: users_count 21 233
stats: finish_users_count 7 93
stats: request 515 1122.541996454034 783.4894856915892 12220.568115234375 0.68701171875 375.69172151414796 5681
stats: connect 22 2.291281960227273 1.8877600192043453 132.135009765625 1.078857421875 2.692989114336493 211
stats: page 467 1239.7758794290346 1026.187244762148 12220.568115234375 0.68701171875 408.08862351719023 5191
stats: 302 28 373
stats: 200 421 5075
stats: size_rcv 2108999 25733660
stats: newphase 0 2
stats: size_sent 381283 4483375
stats: connected 13 139
stats: 204 61 708
stats: max_repeat 9 130
stats: 400 4 41
# stats: dump at 1480610095
stats: users 149 149
stats: {load,"tsung_controller@ip-172-31-6-161"} 1 0.078125 0.0 0.078125 0.0 0.0 17
stats: {freemem,"tsung_controller@ip-172-31-6-161"} 1 3127.30078125 0.0 3158.88671875 3127.30078125 3145.098805147059 17
stats: {recvpackets,"tsung_controller@ip-172-31-6-161"} 1 2676.0 0.0 3037 214 1953.875 16
stats: {sentpackets,"tsung_controller@ip-172-31-6-161"} 1 1940.0 0.0 2226 187 1404.75 16
stats: {cpu,"tsung_controller@ip-172-31-6-161"} 1 5.99803343166175 0.0 6.2745098039215685 2.0710059171597637 4.453957797414286 17
stats: session 7 83300.79485212054 21496.197912486834 127342.95703125 17384.001953125 61424.058504494285 93
stats: users_count 16 249
stats: finish_users_count 7 100
stats: request 491 1557.239945980779 953.8356139679817 12220.568115234375 0.68701171875 437.76852777529086 6196
stats: connect 16 1.6357574462890625 0.3865715620350816 132.135009765625 1.078857421875 2.6550596834763946 233
stats: page 444 1714.386308549761 1242.5017422222184 12220.568115234375 0.68701171875 476.7344256576695 5658
stats: 302 32 405
stats: 200 412 5487
stats: size_rcv 2017286 27750946
stats: newphase 0 2
stats: size_sent 355206 4838581
stats: connected 9 148
stats: 204 45 753
stats: max_repeat 13 143
stats: 400 1 42
# stats: dump at 1480610105
stats: users 179 179
stats: {load,"tsung_controller@ip-172-31-6-161"} 1 0.0703125 0.0 0.078125 0.0 0.004340277777777778 18
stats: {freemem,"tsung_controller@ip-172-31-6-161"} 1 3124.78515625 0.0 3158.88671875 3124.78515625 3144.1100260416665 18
stats: {recvpackets,"tsung_controller@ip-172-31-6-161"} 1 2762.0 0.0 3037 214 1996.3529411764705 17
stats: {sentpackets,"tsung_controller@ip-172-31-6-161"} 1 1952.0 0.0 2226 187 1436.235294117647 17
stats: {cpu,"tsung_controller@ip-172-31-6-161"} 1 5.610236220472441 0.0 6.2745098039215685 2.0710059171597637 4.539739777094701 18
stats: session 7 76275.22171456473 20491.02527856187 127342.95703125 17384.001953125 62955.43004882812 100
stats: users_count 37 286
stats: finish_users_count 7 107
stats: request 412 2155.7642259320014 1205.1885233856187 12220.568115234375 0.68701171875 519.9668927130649 6687
stats: connect 37 3.583205764358108 9.313493294719814 132.135009765625 1.078857421875 2.5895623509663657 249
stats: page 364 2387.123233334048 1623.1798180406008 12220.568115234375 0.68701171875 566.7897249044883 6102
stats: 302 23 428
stats: 200 337 5824
stats: size_rcv 1810763 29561709
stats: newphase 1 3
stats: size_sent 313052 5151633
stats: connected 31 179
stats: 204 50 803
stats: max_repeat 12 155
stats: 400 2 44
# stats: dump at 1480610115
stats: users 201 201
stats: {load,"tsung_controller@ip-172-31-6-161"} 1 0.05859375 0.0 0.078125 0.0 0.0078125 19
stats: {freemem,"tsung_controller@ip-172-31-6-161"} 1 3120.828125 0.0 3158.88671875 3120.828125 3143.0929276315787 19
stats: {recvpackets,"tsung_controller@ip-172-31-6-161"} 1 2484.0 0.0 3037 214 2038.888888888889 18
stats: {sentpackets,"tsung_controller@ip-172-31-6-161"} 1 1837.0 0.0 2226 187 1464.888888888889 18
stats: {cpu,"tsung_controller@ip-172-31-6-161"} 1 5.593719332679097 0.0 6.2745098039215685 2.0710059171597637 4.596081695167213 19
stats: session 3 99495.8729654948 37150.826444606144 135158.81079101563 17384.001953125 63826.81828864267 107
stats: users_count 25 311
stats: finish_users_count 3 110
stats: request 412 2844.651422889486 1642.3814243855547 24013.81689453125 0.68701171875 614.9025880625792 7099
stats: connect 25 1.813125 0.48088870707590925 132.135009765625 1.078857421875 2.718110624726836 286
stats: page 365 3152.1976763163552 2112.5434010983777 24013.81689453125 0.68701171875 669.264422873613 6466
stats: 302 43 471
stats: 200 333 6157
stats: size_rcv 1699477 31261186
stats: newphase 0 3
stats: size_sent 301439 5453072
stats: connected 22 201
stats: 204 35 838
stats: max_repeat 7 162
stats: 400 1 45
# stats: dump at 1480610125
stats: users 239 239
stats: {load,"tsung_controller@ip-172-31-6-161"} 1 0.05078125 0.0 0.078125 0.0 0.0103515625 20
stats: {freemem,"tsung_controller@ip-172-31-6-161"} 1 3116.8203125 0.0 3158.88671875 3116.8203125 3141.9796874999997 20
stats: {recvpackets,"tsung_controller@ip-172-31-6-161"} 1 2461.0 0.0 3037 214 2062.315789473684 19
stats: {sentpackets,"tsung_controller@ip-172-31-6-161"} 1 1791.0 0.0 2226 187 1484.4736842105262 19
stats: {cpu,"tsung_controller@ip-172-31-6-161"} 1 5.128205128205128 0.0 6.2745098039215685 2.0710059171597637 4.645963577042808 20
stats: session 5 104075.90083007813 16208.123491286198 135158.81079101563 17384.001953125 64799.61068892045 110
stats: users_count 43 354
stats: finish_users_count 5 115
stats: request 417 3415.183688595997 1058.3455550571866 24013.81689453125 0.68701171875 737.2107387680361 7511
stats: connect 43 2.4454317314680236 2.350675658589051 132.135009765625 1.06005859375 2.645362584153939 311
stats: page 367 3794.4720023256555 1685.666290367844 24013.81689453125 0.68701171875 801.9346962606135 6831
stats: 302 43 514
stats: 200 342 6499
stats: size_rcv 1750025 33011211
stats: newphase 0 3
stats: size_sent 318993 5772065
stats: connected 36 237
stats: 204 28 866
stats: max_repeat 9 171
stats: 400 3 48
stats: 503 1 1
# stats: dump at 1480610135
stats: users 282 282
stats: {load,"tsung_controller@ip-172-31-6-161"} 1 0.0390625 0.0 0.078125 0.0 0.012276785714285714 21
stats: {freemem,"tsung_controller@ip-172-31-6-161"} 1 3111.65234375 0.0 3158.88671875 3111.65234375 3140.7816220238096 21
stats: {recvpackets,"tsung_controller@ip-172-31-6-161"} 1 2383.0 0.0 3037 214 2082.25 20
stats: {sentpackets,"tsung_controller@ip-172-31-6-161"} 1 1815.0 0.0 2226 187 1499.8 20
stats: {cpu,"tsung_controller@ip-172-31-6-161"} 1 5.853658536585367 0.0 6.2745098039215685 2.0710059171597637 4.668927460431489 21
stats: session 6 108637.22184244792 27739.07220476677 144203.3681640625 17384.001953125 66507.27547766644 115
stats: users_count 49 403
stats: finish_users_count 6 121
stats: request 452 3880.975628608095 1664.4260123729252 24013.81689453125 0.68701171875 878.0677922592394 7928
stats: connect 49 1.8282545440051021 0.912121695176408 132.135009765625 1.06005859375 2.62107719809322 354
stats: page 393 4433.613862093475 2386.197491011804 24013.81689453125 0.68701171875 954.5133557946327 7198
stats: 302 40 554
stats: 200 334 6833
stats: size_rcv 1777357 34788568
stats: newphase 0 3
stats: size_sent 332440 6104505
stats: connected 45 282
stats: 204 25 891
stats: max_repeat 6 177
stats: 400 0 48
stats: 503 51 52
stats: 500 2 2
# stats: dump at 1480610145
stats: users 309 309
stats: {load,"tsung_controller@ip-172-31-6-161"} 1 0.0390625 0.0 0.078125 0.0 0.013494318181818182 22
stats: {freemem,"tsung_controller@ip-172-31-6-161"} 1 3105.55859375 0.0 3158.88671875 3105.55859375 3139.4575639204545 22
stats: {recvpackets,"tsung_controller@ip-172-31-6-161"} 1 2589.0 0.0 3037 214 2096.5714285714284 21
stats: {sentpackets,"tsung_controller@ip-172-31-6-161"} 1 1985.0 0.0 2226 187 1514.8095238095239 21
stats: {cpu,"tsung_controller@ip-172-31-6-161"} 1 5.346534653465347 0.0 6.2745098039215685 2.0710059171597637 4.722778872983938 22
stats: session 11 82134.48555131392 46575.07001707718 144203.3681640625 17384.001953125 68596.36372715974 121
stats: users_count 38 441
stats: finish_users_count 11 132
stats: request 526 3426.6377101651615 2547.9372553159646 24013.81689453125 0.68701171875 1040.0384774656454 8380
stats: connect 36 1.7855699327256944 0.4248076605932986 132.135009765625 1.06005859375 2.5246794064050864 403
stats: page 442 3907.282284559709 3147.880214063141 24013.81689453125 0.68701171875 1134.6327733911871 7591
stats: 302 50 604
stats: 200 270 7103
stats: size_rcv 1576880 36365448
stats: newphase 0 3
stats: size_sent 362325 6466830
stats: connected 24 306
stats: 204 23 914
stats: max_repeat 11 188
stats: 400 4 52
stats: 503 175 227
stats: 500 4 6
# stats: dump at 1480610155
stats: users 340 340
stats: {load,"tsung_controller@ip-172-31-6-161"} 1 0.03125 0.0 0.078125 0.0 0.014605978260869566 23
stats: {freemem,"tsung_controller@ip-172-31-6-161"} 1 3102.0078125 0.0 3158.88671875 3102.0078125 3137.983695652174 23
stats: {recvpackets,"tsung_controller@ip-172-31-6-161"} 1 2585.0 0.0 3037 214 2118.9545454545455 22
stats: {sentpackets,"tsung_controller@ip-172-31-6-161"} 1 2129.0 0.0 2226 187 1536.1818181818182 22
stats: {cpu,"tsung_controller@ip-172-31-6-161"} 1 6.666666666666667 0.0 6.666666666666667 2.0710059171597637 4.749898689526608 23
stats: session 15 94276.77711588542 54490.8255994102 187930.57592773438 17384.001953125 69724.54054583925 132
stats: users_count 46 487
stats: finish_users_count 15 147
stats: request 740 2801.9457120328357 2997.1220100630867 24013.81689453125 0.68701171875 1180.9941473960234 8906
stats: connect 48 1.7786000569661458 0.6358223594308365 132.135009765625 1.0068359375 2.464069062322038 439
stats: page 622 3332.586969013765 3829.528898964583 24013.81689453125 0.68701171875 1287.1923506271496 8033
stats: 302 41 645
stats: 200 285 7388
stats: size_rcv 1649588 38015036
stats: newphase 0 3
stats: size_sent 507856 6974686
stats: connected 33 339
stats: 204 29 943
stats: max_repeat 22 210
stats: 400 2 54
stats: 503 372 599
stats: 500 11 17
# stats: dump at 1480610165
stats: users 370 370
stats: {load,"tsung_controller@ip-172-31-6-161"} 1 0.03125 0.0 0.078125 0.0 0.015299479166666666 24
stats: {freemem,"tsung_controller@ip-172-31-6-161"} 1 3099.6328125 0.0 3158.88671875 3099.6328125 3136.4847005208335 24
stats: {recvpackets,"tsung_controller@ip-172-31-6-161"} 1 2620.0 0.0 3037 214 2139.217391304348 23
stats: {sentpackets,"tsung_controller@ip-172-31-6-161"} 1 2366.0 0.0 2366 187 1561.9565217391305 23
stats: {cpu,"tsung_controller@ip-172-31-6-161"} 1 7.71484375 0.0 7.71484375 2.0710059171597637 4.829764021907445 24
stats: session 16 63393.558837890625 33859.52207943815 187930.57592773438 17384.001953125 72229.87080808886 147
stats: users_count 46 533
stats: finish_users_count 16 163
stats: request 791 2644.2386818751997 3351.454923010322 26118.09912109375 0.68701171875 1305.346641469343 9646
stats: connect 43 2.525941360828488 4.077440347329197 132.135009765625 1.0068359375 2.3965074355107796 487
stats: page 647 3065.59869960213 4173.535403895684 26118.09912109375 0.68701171875 1434.1866259173257 8655
stats: 302 50 695
stats: 200 239 7627
stats: size_rcv 1483683 39498719
stats: newphase 1 4
stats: size_sent 536307 7510993
stats: connected 26 365
stats: 204 18 961
stats: max_repeat 20 230
stats: 400 9 63
stats: 503 466 1065
stats: 500 9 26
# stats: dump at 1480610175
stats: users 399 399
stats: {load,"tsung_controller@ip-172-31-6-161"} 1 0.01953125 0.0 0.078125 0.0 0.0159375 25
stats: {freemem,"tsung_controller@ip-172-31-6-161"} 1 3097.5390625 0.0 3158.88671875 3097.5390625 3135.010625 25
stats: {recvpackets,"tsung_controller@ip-172-31-6-161"} 1 2704.0 0.0 3037 214 2159.25 24
stats: {sentpackets,"tsung_controller@ip-172-31-6-161"} 1 2471.0 0.0 2471 187 1595.4583333333333 24
stats: {cpu,"tsung_controller@ip-172-31-6-161"} 1 8.3984375 0.0 8.3984375 2.0710059171597637 4.945167211031147 25
stats: session 17 90315.37634995405 48148.58926015846 187930.57592773438 17384.001953125 71362.50276193443 163
stats: users_count 46 579
stats: finish_users_count 17 180
stats: request 973 2270.6554987594727 2963.601611874806 26118.09912109375 0.68701171875 1406.8186740420203 10437
stats: connect 46 1.6891452955163044 0.30962346751825953 132.135009765625 1.0068359375 2.4070086785082543 530
stats: page 818 2790.7808011155253 4045.5196863130955 26118.09912109375 0.68701171875 1547.6593857188811 9302
stats: 302 44 739
stats: 200 285 7912
stats: size_rcv 1881656 41380375
stats: newphase 0 4
stats: size_sent 660419 8171412
stats: connected 30 395
stats: 204 22 983
stats: max_repeat 32 262
stats: 400 6 69
stats: 503 604 1669
stats: 500 11 37
stats: 404 1 1
# stats: dump at 1480610185
stats: users 435 437
stats: {load,"tsung_controller@ip-172-31-6-161"} 1 0.01953125 0.0 0.078125 0.0 0.016075721153846152 26
stats: {freemem,"tsung_controller@ip-172-31-6-161"} 1 3092.81640625 0.0 3158.88671875 3092.81640625 3133.5694110576924 26
stats: {recvpackets,"tsung_controller@ip-172-31-6-161"} 1 3224.0 0.0 3224 214 2181.04 25
stats: {sentpackets,"tsung_controller@ip-172-31-6-161"} 1 3035.0 0.0 3035 187 1630.48 25
stats: {cpu,"tsung_controller@ip-172-31-6-161"} 1 10.321324245374878 0.0 10.321324245374878 2.0710059171597637 5.07798529906841 26
stats: session 24 77509.64203898112 42302.07678742165 187930.57592773438 17384.001953125 73152.49637858073 180
stats: users_count 60 639
stats: finish_users_count 24 204
stats: request 1214 1715.8928063783867 2741.8280790054278 26118.09912109375 0.68701171875 1480.4832867019747 11410
stats: connect 61 1.8892081839139345 0.9185271623450502 132.135009765625 1.0068359375 2.349679311116536 576
stats: page 1038 2035.2480774513788 3472.4532448363307 26118.09912109375 0.68701171875 1648.1409388606257 10120
stats: 302 45 784
stats: 200 249 8161
stats: size_rcv 1841581 43221956
stats: newphase 0 4
stats: size_sent 796794 8968206
stats: connected 38 433
stats: 204 26 1009
stats: max_repeat 41 303
stats: 400 9 78
stats: 503 862 2531
stats: 500 23 60
stats: 404 0 1
# stats: dump at 1480610195
stats: users 480 481
stats: {load,"tsung_controller@ip-172-31-6-161"} 1 0.01953125 0.0 0.078125 0.0 0.016203703703703703 27
stats: {freemem,"tsung_controller@ip-172-31-6-161"} 1 3091.140625 0.0 3158.88671875 3091.140625 3132.060040509259 27
stats: {recvpackets,"tsung_controller@ip-172-31-6-161"} 1 3316.0 0.0 3316 214 2221.153846153846 26
stats: {sentpackets,"tsung_controller@ip-172-31-6-161"} 1 3261.0 0.0 3261 187 1684.5 26
stats: {cpu,"tsung_controller@ip-172-31-6-161"} 1 10.981535471331389 0.0 10.981535471331389 2.0710059171597637 5.2721830378205015 27
stats: session 22 75735.79797363281 39280.893971070196 187930.57592773438 17384.001953125 73665.10175039254 204
stats: users_count 67 706
stats: finish_users_count 22 226
stats: request 1169 1863.5310056505298 2718.929010509722 26118.09912109375 0.68701171875 1503.1216863286513 12624
stats: connect 68 1.8620784983915442 0.8793035402789028 132.135009765625 1.0068359375 2.3055839598459573 637
stats: page 1005 2172.0294030336618 3406.1626736726766 26118.09912109375 0.68701171875 1684.1525188800917 11158
stats: 302 45 829
stats: 200 285 8446
stats: size_rcv 1891490 45113446
stats: newphase 0 4
stats: size_sent 752480 9720686
stats: connected 46 479
stats: 204 20 1029
stats: max_repeat 48 351
stats: 400 12 90
stats: 503 781 3312
stats: 500 24 84
stats: 404 2 3
# stats: dump at 1480610205
stats: users 508 510
stats: {load,"tsung_controller@ip-172-31-6-161"} 1 0.01171875 0.0 0.078125 0.0 0.016322544642857144 28
stats: {freemem,"tsung_controller@ip-172-31-6-161"} 1 3089.4296875 0.0 3158.88671875 3089.4296875 3130.5986328125 28
stats: {recvpackets,"tsung_controller@ip-172-31-6-161"} 1 3539.0 0.0 3539 214 2261.703703703704 27
stats: {sentpackets,"tsung_controller@ip-172-31-6-161"} 1 3508.0 0.0 3508 187 1742.888888888889 27
stats: {cpu,"tsung_controller@ip-172-31-6-161"} 1 11.673151750972762 0.0 11.673151750972762 2.0710059171597637 5.476088481874462 28
stats: session 30 94433.28094889323 38250.69917450534 187930.57592773438 17384.001953125 73866.67394911505 226
stats: users_count 58 764
stats: finish_users_count 30 256
stats: request 1399 1493.8730009786557 2574.0717673046097 26118.09912109375 0.679931640625 1533.6675062581282 13793
stats: connect 57 1.7420547217653508 0.6879650746408732 132.135009765625 1.0068359375 2.2628061281028367 705
stats: page 1195 1764.7407990651159 3160.4085120669097 26118.09912109375 0.679931640625 1724.464635017092 12163
stats: 302 43 872
stats: 200 263 8709
stats: size_rcv 2012690 47126136
stats: newphase 0 4
stats: size_sent 888768 10609454
stats: connected 26 505
stats: 204 21 1050
stats: max_repeat 52 403
stats: 400 11 101
stats: 503 1029 4341
stats: 500 29 113
stats: 404 3 6
# stats: dump at 1480610215
stats: users 542 543
stats: {load,"tsung_controller@ip-172-31-6-161"} 1 0.01171875 0.0 0.078125 0.0 0.016163793103448277 29
stats: {freemem,"tsung_controller@ip-172-31-6-161"} 1 3088.13671875 0.0 3158.88671875 3088.13671875 3129.1790140086205 29
stats: {recvpackets,"tsung_controller@ip-172-31-6-161"} 1 3589.0 0.0 3589 214 2307.321428571429 28
stats: {sentpackets,"tsung_controller@ip-172-31-6-161"} 1 3772.0 0.0 3772 187 1805.9285714285713 28
stats: {cpu,"tsung_controller@ip-172-31-6-161"} 1 13.429951690821257 0.0 13.429951690821257 2.0710059171597637 5.68978031873992 29
stats: session 31 96713.18939799647 46905.8860189042 223620.03393554688 17384.001953125 76276.82320690155 256
stats: users_count 65 829
stats: finish_users_count 31 287
stats: request 1575 1327.0609937686006 2510.016740973846 26118.09912109375 0.679931640625 1530.002912202969 15192
stats: connect 65 1.6867149939903847 0.3624728652863973 132.135009765625 1.0068359375 2.2238522827468827 762
stats: page 1350 1543.0045853226277 2994.3201838185846 26118.09912109375 0.679931640625 1728.067720511731 13358
stats: 302 45 917
stats: 200 238 8947
stats: size_rcv 2043121 49169257
stats: newphase 0 4
stats: size_sent 995827 11605281
stats: connected 33 538
stats: 204 19 1069
stats: max_repeat 62 465
stats: 400 15 116
stats: 503 1215 5556
stats: 500 39 152
stats: 404 5 11
# stats: dump at 1480610225
stats: users 586 587
stats: {load,"tsung_controller@ip-172-31-6-161"} 1 0.01171875 0.0 0.078125 0.0 0.016015625000000002 30
stats: {freemem,"tsung_controller@ip-172-31-6-161"} 1 3084.796875 0.0 3158.88671875 3084.796875 3127.8109375 30
stats: {recvpackets,"tsung_controller@ip-172-31-6-161"} 1 3799.0 0.0 3799 214 2351.5172413793102 29
stats: {sentpackets,"tsung_controller@ip-172-31-6-161"} 1 4002.0 0.0 4002 187 1873.7241379310344 29
stats: {cpu,"tsung_controller@ip-172-31-6-161"} 1 14.533205004812318 0.0 14.533205004812318 2.0710059171597637 5.947786031142631 30
stats: session 45 83229.27830403646 42214.96731361579 223620.03393554688 17384.001953125 78484.23558294316 287
stats: users_count 89 918
stats: finish_users_count 45 332
stats: request 1696 1263.4741000769268 2426.3073325068117 26118.09912109375 0.679931640625 1510.939661679075 16767
stats: connect 86 2.177779796511628 3.1461353032128385 132.135009765625 1.0068359375 2.18163472075272 827
stats: page 1505 1481.1072364579004 2962.6864817911355 26118.09912109375 0.679931640625 1711.081370735739 14708
stats: 302 36 953
stats: 200 247 9194
stats: size_rcv 2229183 51398440
stats: newphase 1 5
stats: size_sent 1039050 12644331
stats: connected 43 581
stats: 204 18 1087
stats: max_repeat 75 540
stats: 400 19 135
stats: 503 1310 6866
stats: 500 61 213
stats: 404 4 15
# stats: dump at 1480610235
stats: users 645 646
stats: {load,"tsung_controller@ip-172-31-6-161"} 1 0.078125 0.0 0.078125 0.0 0.01587701612903226 31
stats: {freemem,"tsung_controller@ip-172-31-6-161"} 1 3083.48046875 0.0 3158.88671875 3083.48046875 3126.423387096774 31
stats: {recvpackets,"tsung_controller@ip-172-31-6-161"} 1 3941.0 0.0 3941 214 2399.766666666667 30
stats: {sentpackets,"tsung_controller@ip-172-31-6-161"} 1 4433.0 0.0 4433 187 1944.6666666666667 30
stats: {cpu,"tsung_controller@ip-172-31-6-161"} 1 15.804878048780488 0.0 15.804878048780488 2.0710059171597637 6.2247350302932665 31
stats: session 45 94446.8805609809 48930.704356808645 223620.03393554688 12917.90185546875 79127.38896381424 332
stats: users_count 104 1022
stats: finish_users_count 45 377
stats: request 1874 1090.2784552803155 2564.5473463704084 26118.09912109375 0.679931640625 1488.2076250394584 18463
stats: connect 103 1.7539986915958738 0.8694880838259467 132.135009765625 1.0068359375 2.1812716063116095 913
stats: page 1640 1203.5877136230465 2857.4732401894103 26118.09912109375 0.679931640625 1689.7336206532036 16213
stats: 302 43 996
stats: 200 191 9385
stats: size_rcv 2022228 53420668
stats: newphase 0 5
stats: size_sent 1090226 13734557
stats: connected 54 635
stats: 204 12 1099
stats: max_repeat 82 622
stats: 400 19 154
stats: 503 1560 8426
stats: 500 43 256
stats: 404 7 22
# stats: dump at 1480610245
stats: users 697 699
stats: {load,"tsung_controller@ip-172-31-6-161"} 1 0.140625 0.0 0.140625 0.0 0.017822265625000003 32
stats: {freemem,"tsung_controller@ip-172-31-6-161"} 1 3079.9296875 0.0 3158.88671875 3079.9296875 3125.0814208984375 32
stats: {recvpackets,"tsung_controller@ip-172-31-6-161"} 1 4320.0 0.0 4320 214 2449.483870967742 31
stats: {sentpackets,"tsung_controller@ip-172-31-6-161"} 1 4841.0 0.0 4841 187 2024.9354838709678 31
stats: {cpu,"tsung_controller@ip-172-31-6-161"} 1 16.18217054263566 0.0 16.18217054263566 2.0710059171597637 6.5241144996209925 32
stats: session 55 95564.88896928263 47985.872517295786 223620.03393554688 12917.90185546875 80955.97549398002 377
stats: users_count 107 1129
stats: finish_users_count 55 432
stats: request 1979 1129.1224694003806 2492.6603008147626 29909.19091796875 0.679931640625 1451.5395194128353 20337
stats: connect 112 1.6271318708147322 0.47604987558820755 132.135009765625 0.951904296875 2.1379555529496796 1016
stats: page 1743 1290.1519037926275 2911.674339113002 29909.19091796875 0.679931640625 1645.0756198953782 17853
stats: 302 47 1043
stats: 200 221 9606
stats: size_rcv 2265401 55686069
stats: newphase 0 5
stats: size_sent 1152790 14887347
stats: connected 53 688
stats: 204 20 1119
stats: max_repeat 86 708
stats: 400 23 177
stats: 503 1603 10029
stats: 500 56 312
stats: 404 8 30
# stats: dump at 1480610255
stats: users 720 721
stats: {load,"tsung_controller@ip-172-31-6-161"} 1 0.19140625 0.0 0.19140625 0.0 0.021543560606060608 33
stats: {freemem,"tsung_controller@ip-172-31-6-161"} 1 3077.859375 0.0 3158.88671875 3077.859375 3123.7131865530305 33
stats: {recvpackets,"tsung_controller@ip-172-31-6-161"} 1 4278.0 0.0 4320 214 2507.9375 32
stats: {sentpackets,"tsung_controller@ip-172-31-6-161"} 1 5.0e3 0.0 5000 187 2112.9375 32
stats: {cpu,"tsung_controller@ip-172-31-6-161"} 1 17.85028790786948 0.0 17.85028790786948 2.0710059171597637 6.816782864560832 33
stats: session 73 88467.62832098138 47442.43752542485 268202.19677734375 12917.90185546875 82815.90660773384 432
stats: users_count 96 1225
stats: finish_users_count 73 505
stats: request 2005 1160.5249856316245 2378.178593787907 29909.19091796875 0.679931640625 1422.947328071437 22316
stats: connect 90 1.550735134548611 0.3302910411244671 132.135009765625 0.946044921875 2.0872354710355716 1128
stats: page 1737 1373.7529954663191 2901.5060556709823 29909.19091796875 0.679931640625 1613.5063181415971 19596
stats: 302 45 1088
stats: 200 255 9861
stats: size_rcv 2433151 58119220
stats: newphase 0 5
stats: size_sent 1143927 16031274
stats: connected 22 710
stats: 204 14 1133
stats: max_repeat 85 793
stats: 400 23 200
stats: 503 1588 11617
stats: 500 75 387
stats: 404 5 35
# stats: dump at 1480610265
stats: users 745 745
stats: {load,"tsung_controller@ip-172-31-6-161"} 1 0.16015625 0.0 0.19140625 0.0 0.02653952205882353 34
stats: {freemem,"tsung_controller@ip-172-31-6-161"} 1 3077.23046875 0.0 3158.88671875 3077.23046875 3122.364545036765 34
stats: {recvpackets,"tsung_controller@ip-172-31-6-161"} 1 4630.0 0.0 4630 214 2561.5757575757575 33
stats: {sentpackets,"tsung_controller@ip-172-31-6-161"} 1 5142.0 0.0 5142 187 2200.4242424242425 33
stats: {cpu,"tsung_controller@ip-172-31-6-161"} 1 18.312559923298178 0.0 18.312559923298178 2.0710059171597637 7.141297718775792 34
stats: session 70 87764.15911690849 51097.38382496527 268202.19677734375 12917.90185546875 83632.8881623221 505
stats: users_count 95 1320
stats: finish_users_count 70 575
stats: request 2115 933.3943654883265 2171.860559147855 29909.19091796875 0.679931640625 1401.3134809191067 24321
stats: connect 100 1.6701342773437498 0.5218244067298132 132.135009765625 0.946044921875 2.047592589029146 1218
stats: page 1822 1044.5593553829922 2470.3931735301476 29909.19091796875 0.679931640625 1593.9848480489259 21333
stats: 302 57 1145
stats: 200 203 10064
stats: size_rcv 2232528 60351748
stats: newphase 0 5
stats: size_sent 1227463 17258737
stats: connected 30 740
stats: 204 8 1141
stats: max_repeat 112 905
stats: 400 19 219
stats: 503 1751 13368
stats: 500 73 460
stats: 404 4 39
# stats: dump at 1480610275
stats: users 754 754
stats: {load,"tsung_controller@ip-172-31-6-161"} 1 0.140625 0.0 0.19140625 0.0 0.030357142857142857 35
stats: {freemem,"tsung_controller@ip-172-31-6-161"} 1 3076.7578125 0.0 3158.88671875 3076.7578125 3121.075 35
stats: {recvpackets,"tsung_controller@ip-172-31-6-161"} 1 4453.0 0.0 4630 214 2622.4117647058824 34
stats: {sentpackets,"tsung_controller@ip-172-31-6-161"} 1 5241.0 0.0 5241 187 2286.9411764705883 34
stats: {cpu,"tsung_controller@ip-172-31-6-161"} 1 18.19941916747338 0.0 18.312559923298178 2.0710059171597637 7.460476638905003 35
stats: session 97 85479.72567654637 47596.022147106385 268202.19677734375 12917.90185546875 84135.82549592391 575
stats: users_count 106 1426
stats: finish_users_count 97 672
stats: request 2163 889.5971444915193 2191.6584471989327 29909.19091796875 0.668212890625 1363.8778276759497 26436
stats: connect 102 1.5566047219669117 0.3710719136950764 132.135009765625 0.946044921875 2.0189538703883727 1318
stats: page 1851 1034.33722573419 2585.8724082604144 29909.19091796875 0.668212890625 1550.7521446312048 23155
stats: 302 41 1186
stats: 200 202 10266
stats: size_rcv 2223824 62575572
stats: newphase 0 5
stats: size_sent 1215566 18474303
stats: connected 2 742
stats: 204 8 1149
stats: max_repeat 130 1035
stats: 400 28 247
stats: 503 1825 15193
stats: 500 56 516
stats: 404 3 42
# stats: dump at 1480610285
stats: users 792 793
stats: {load,"tsung_controller@ip-172-31-6-161"} 1 0.12109375 0.0 0.19140625 0.0 0.03342013888888889 36
stats: {freemem,"tsung_controller@ip-172-31-6-161"} 1 3076.32421875 0.0 3158.88671875 3076.32421875 3119.8439670138887 36
stats: {recvpackets,"tsung_controller@ip-172-31-6-161"} 1 4545.0 0.0 4630 214 2674.714285714286 35
stats: {sentpackets,"tsung_controller@ip-172-31-6-161"} 1 5375.0 0.0 5375 187 2371.342857142857 35
stats: {cpu,"tsung_controller@ip-172-31-6-161"} 1 18.155339805825243 0.0 18.312559923298178 2.0710059171597637 7.758780598031901 36
stats: session 84 84500.64202590214 44649.601006026205 268202.19677734375 12917.90185546875 84329.8110874721 672
stats: users_count 122 1548
stats: finish_users_count 84 756
stats: request 2334 987.5593491842744 2375.515095613693 29909.19091796875 0.668212890625 1328.0070238811345 28599
stats: connect 123 2.14773485137195 2.962703996207909 132.135009765625 0.946044921875 1.9857428752200703 1420
stats: page 1971 1195.33683181523 2942.297837370879 29909.19091796875 0.668212890625 1512.5259583207842 25006
stats: 302 48 1234
stats: 200 231 10497
stats: size_rcv 2509811 65085383
stats: newphase 1 6
stats: size_sent 1314713 19789016
stats: connected 42 784
stats: 204 8 1157
stats: max_repeat 128 1163
stats: 400 25 272
stats: 503 1942 17135
stats: 500 74 590
stats: 404 6 48
# stats: dump at 1480610295
stats: users 847 848
stats: {load,"tsung_controller@ip-172-31-6-161"} 1 0.1015625 0.0 0.19140625 0.0 0.03578969594594594 37
stats: {freemem,"tsung_controller@ip-172-31-6-161"} 1 3073.8671875 0.0 3158.88671875 3073.8671875 3118.6677576013512 37
stats: {recvpackets,"tsung_controller@ip-172-31-6-161"} 1 5323.0 0.0 5323 214 2726.6666666666665 36
stats: {sentpackets,"tsung_controller@ip-172-31-6-161"} 1 6249.0 0.0 6249 187 2454.777777777778 36
stats: {cpu,"tsung_controller@ip-172-31-6-161"} 1 22.28626320845341 0.0 22.28626320845341 2.0710059171597637 8.039768684729019 37
stats: session 107 92333.49597510223 49164.54182321808 268202.19677734375 12917.90185546875 84348.79230285321 756
stats: users_count 162 1710
stats: finish_users_count 107 863
stats: request 2657 827.0002719820279 2155.17459622287 29909.19091796875 0.668212890625 1302.3190895474947 30933
stats: connect 163 1.8218117930406441 1.0075911118064147 132.135009765625 0.946044921875 1.9986560398776734 1543
stats: page 2269 969.0007113326011 2499.8922671997857 29909.19091796875 0.668212890625 1489.3514108046613 26977
stats: 302 58 1292
stats: 200 205 10702
stats: size_rcv 2552933 67638316
stats: newphase 0 6
stats: size_sent 1472191 21261207
stats: connected 55 839
stats: 204 7 1164
stats: max_repeat 175 1338
stats: 400 32 304
stats: 503 2287 19422
stats: 500 61 651
stats: 404 7 55
# stats: dump at 1480610305
stats: users 866 874
stats: {load,"tsung_controller@ip-172-31-6-161"} 1 0.16015625 0.0 0.19140625 0.0 0.037520559210526314 38
stats: {freemem,"tsung_controller@ip-172-31-6-161"} 1 3071.00390625 0.0 3158.88671875 3071.00390625 3117.4887952302633 38
stats: {recvpackets,"tsung_controller@ip-172-31-6-161"} 1 5695.0 0.0 5695 214 2796.837837837838 37
stats: {sentpackets,"tsung_controller@ip-172-31-6-161"} 1 6684.0 0.0 6684 187 2557.324324324324 37
stats: {cpu,"tsung_controller@ip-172-31-6-161"} 1 23.062200956937797 0.0 23.062200956937797 2.0710059171597637 8.414676435353345 38
stats: session 118 77406.36897096799 43596.495557293 268202.19677734375 12917.90185546875 85338.78453104632 863
stats: users_count 137 1847
stats: finish_users_count 118 981
stats: request 2764 743.2850445141466 1917.2360323577097 29909.19091796875 0.668212890625 1264.7209324093155 33590
stats: connect 139 1.7530754693120503 0.5975514272832265 132.135009765625 0.946044921875 1.9817594324717906 1706
stats: page 2356 865.1074514081398 2238.429023016878 29909.19091796875 0.668212890625 1448.9809075870555 29246
stats: 302 53 1345
stats: 200 214 10916
stats: size_rcv 2650148 70288464
stats: newphase 0 6
stats: size_sent 1523029 22784236
stats: connected 19 858
stats: 204 2 1166
stats: max_repeat 165 1503
stats: 400 36 340
stats: 503 2367 21789
stats: 500 88 739
stats: 404 4 59
# stats: dump at 1480610315
stats: users 913 913
stats: {load,"tsung_controller@ip-172-31-6-161"} 1 0.12890625 0.0 0.19140625 0.0 0.040665064102564104 39
stats: {freemem,"tsung_controller@ip-172-31-6-161"} 1 3071.0859375 0.0 3158.88671875 3071.00390625 3116.296875 39
stats: {recvpackets,"tsung_controller@ip-172-31-6-161"} 1 5244.0 0.0 5695 214 2873.1052631578946 38
stats: {sentpackets,"tsung_controller@ip-172-31-6-161"} 1 6380.0 0.0 6684 187 2665.9210526315787 38
stats: {cpu,"tsung_controller@ip-172-31-6-161"} 1 21.179883945841393 0.0 23.062200956937797 2.0710059171597637 8.790253987188843 39
stats: session 96 71247.10414886476 40436.498501802314 268202.19677734375 12917.90185546875 84384.63056969132 981
stats: users_count 143 1990
stats: finish_users_count 96 1077
stats: request 2624 840.2285700542171 2096.12862188153 29909.19091796875 0.668212890625 1225.076084685757 36354
stats: connect 144 1.9000362820095487 1.2780843175874774 132.135009765625 0.946044921875 1.964530667767615 1845
stats: page 2219 983.6539517334351 2506.8457504390612 29909.19091796875 0.668212890625 1405.4518314919499 31602
stats: 302 65 1410
stats: 200 214 11130
stats: size_rcv 2587801 72876265
stats: newphase 0 6
stats: size_sent 1443217 24227453
stats: connected 49 907
stats: 204 4 1170
stats: max_repeat 150 1653
stats: 400 27 367
stats: 503 2217 24006
stats: 500 87 826
stats: 404 11 70
# stats: dump at 1480610325
stats: users 982 983
stats: {load,"tsung_controller@ip-172-31-6-161"} 1 0.109375 0.0 0.19140625 0.0 0.04287109375 40
stats: {freemem,"tsung_controller@ip-172-31-6-161"} 1 3070.40625 0.0 3158.88671875 3070.40625 3115.1666015625 40
stats: {recvpackets,"tsung_controller@ip-172-31-6-161"} 1 5225.0 0.0 5695 214 2933.897435897436 39
stats: {sentpackets,"tsung_controller@ip-172-31-6-161"} 1 6481.0 0.0 6684 187 2761.1538461538457 39
stats: {cpu,"tsung_controller@ip-172-31-6-161"} 1 22.848948374760994 0.0 23.062200956937797 2.0710059171597637 9.099994736155157 40
stats: session 92 80000.58996847403 35584.59374280955 268202.19677734375 12917.90185546875 83213.59757396305 1077
stats: users_count 161 2151
stats: finish_users_count 92 1169
stats: request 2768 802.3298040842044 2090.4581930243776 29909.19091796875 0.668212890625 1199.168139732369 38978
stats: connect 160 1.765875244140625 0.9919029424584329 132.135009765625 0.946044921875 1.959861390970651 1989
stats: page 2341 948.1619759893275 2496.1173023338033 29909.19091796875 0.668212890625 1377.7776203454982 33821
stats: 302 43 1453
stats: 200 224 11354
stats: size_rcv 2741780 75618045
stats: newphase 0 6
stats: size_sent 1499098 25726551
stats: connected 67 974
stats: 204 4 1174
stats: max_repeat 159 1812
stats: 400 25 392
stats: 503 2391 26397
stats: 500 76 902
stats: 404 4 74
# stats: dump at 1480610335
stats: users 1055 1058
stats: {load,"tsung_controller@ip-172-31-6-161"} 1 0.25 0.0 0.25 0.0 0.04449314024390244 41
stats: {freemem,"tsung_controller@ip-172-31-6-161"} 1 3063.27734375 0.0 3158.88671875 3063.27734375 3114.074885670732 41
stats: {recvpackets,"tsung_controller@ip-172-31-6-161"} 1 5778.0 0.0 5778 214 2991.175 40
stats: {sentpackets,"tsung_controller@ip-172-31-6-161"} 1 7029.0 0.0 7029 187 2854.1499999999996 40
stats: {cpu,"tsung_controller@ip-172-31-6-161"} 1 24.30355427473583 0.0 24.30355427473583 2.0710059171597637 9.43533506880408 41
stats: session 106 73304.98005877806 38743.514266414175 268202.19677734375 12917.90185546875 82960.73469996391 1169
stats: users_count 179 2330
stats: finish_users_count 106 1275
stats: request 3057 657.9315692276424 1841.8522365615784 29909.19091796875 0.668212890625 1172.8554747327494 41746
stats: connect 179 1.782330219972067 0.7158134239869934 132.135009765625 0.946044921875 1.9454184949758608 2149
stats: page 2597 778.2393499410392 2196.5239284328713 29909.19091796875 0.668212890625 1349.9658227834773 36162
stats: 302 49 1502
stats: 200 198 11552
stats: size_rcv 2746755 78364800
stats: newphase 0 6
stats: size_sent 1607233 27333784
stats: connected 75 1049
stats: 204 1 1175
stats: max_repeat 163 1975
stats: 400 33 425
stats: 503 2676 29073
stats: 500 93 995
stats: 404 7 81
# stats: dump at 1480610345
stats: users 1121 1121
stats: {load,"tsung_controller@ip-172-31-6-161"} 1 0.2109375 0.0 0.25 0.0 0.04938616071428571 42
stats: {freemem,"tsung_controller@ip-172-31-6-161"} 1 3059.390625 0.0 3158.88671875 3059.390625 3112.8654203869046 42
stats: {recvpackets,"tsung_controller@ip-172-31-6-161"} 1 6159.0 0.0 6159 214 3059.1463414634145 41
stats: {sentpackets,"tsung_controller@ip-172-31-6-161"} 1 7873.0 0.0 7873 187 2955.975609756097 41
stats: {cpu,"tsung_controller@ip-172-31-6-161"} 1 27.677725118483416 0.0 27.677725118483416 2.0710059171597637 9.78934028799293 42
stats: session 119 78956.79610564932 36425.56705420321 268202.19677734375 12917.90185546875 82157.98176508884 1275
stats: users_count 185 2515
stats: finish_users_count 119 1394
stats: request 3499 643.1627792790117 1881.0628603077641 29909.19091796875 0.668212890625 1137.7211672281378 44803
stats: connect 184 2.537671959918477 3.7365306565768197 132.135009765625 0.946044921875 1.932878631906411 2328
stats: page 2960 775.5864226470121 2247.948487658765 29909.19091796875 0.668212890625 1311.6579807346163 38759
stats: 302 64 1566
stats: 200 199 11751
stats: size_rcv 3055081 81419881
stats: newphase 1 7
stats: size_sent 1894940 29228724
stats: connected 62 1111
stats: 204 4 1179
stats: max_repeat 211 2186
stats: 400 35 460
stats: 503 3094 32167
stats: 500 91 1086
stats: 404 12 93
# stats: dump at 1480610355
stats: users 1164 1165
stats: {load,"tsung_controller@ip-172-31-6-161"} 1 0.1796875 0.0 0.25 0.0 0.05314316860465116 43
stats: {freemem,"tsung_controller@ip-172-31-6-161"} 1 3055.75390625 0.0 3158.88671875 3055.75390625 3111.621820494186 43
stats: {recvpackets,"tsung_controller@ip-172-31-6-161"} 1 6861.0 0.0 6861 214 3132.9523809523807 42
stats: {sentpackets,"tsung_controller@ip-172-31-6-161"} 1 8386.0 0.0 8386 187 3073.047619047619 42
stats: {cpu,"tsung_controller@ip-172-31-6-161"} 1 29.206049149338376 0.0 29.206049149338376 2.0710059171597637 10.20534923753922 43
stats: session 137 70073.91220916969 35343.22047587586 268202.19677734375 12917.90185546875 81884.70981855133 1394
stats: users_count 180 2695
stats: finish_users_count 137 1531
stats: request 3665 557.1391976599808 1746.723030965966 29909.19091796875 0.668212890625 1101.895325659797 48302
stats: connect 182 1.8907658503605769 0.9260386786679441 132.135009765625 0.946044921875 1.9771787801365943 2512
stats: page 3099 647.4041327753157 2032.3443199100943 29909.19091796875 0.668212890625 1273.6232288963818 41719
stats: 302 59 1625
stats: 200 192 11943
stats: size_rcv 3064528 84484409
stats: newphase 0 7
stats: size_sent 1955702 31184426
stats: connected 39 1150
stats: 204 0 1179
stats: max_repeat 239 2425
stats: 400 51 511
stats: 503 3280 35447
stats: 500 78 1164
stats: 404 5 98
# stats: dump at 1480610365
stats: users 1220 1221
stats: {load,"tsung_controller@ip-172-31-6-161"} 1 0.1484375 0.0 0.25 0.0 0.05601917613636364 44
stats: {freemem,"tsung_controller@ip-172-31-6-161"} 1 3051.9140625 0.0 3158.88671875 3051.9140625 3110.3520951704545 44
stats: {recvpackets,"tsung_controller@ip-172-31-6-161"} 1 6656.0 0.0 6861 214 3219.6511627906975 43
stats: {sentpackets,"tsung_controller@ip-172-31-6-161"} 1 8799.0 0.0 8799 187 3196.6046511627906 43
stats: {cpu,"tsung_controller@ip-172-31-6-161"} 1 29.569377990430624 0.0 29.569377990430624 2.0710059171597637 10.637183326443745 44
stats: session 147 65857.73897879464 28173.176426862123 268202.19677734375 12917.90185546875 80827.83243613117 1531
stats: users_count 203 2898
stats: finish_users_count 147 1678
stats: request 3763 584.1791233749045 1890.7116849451652 29909.19091796875 0.668212890625 1063.4761132919612 51967
stats: connect 204 1.9903708065257353 2.2554936070481553 132.135009765625 0.946044921875 1.9713409355860245 2694
stats: page 3188 694.7597731299496 2227.746769291334 29909.19091796875 0.668212890625 1230.3224796688573 44818
stats: 302 50 1675
stats: 200 196 12139
stats: size_rcv 3106617 87591026
stats: newphase 0 7
stats: size_sent 1974031 33158457
stats: connected 66 1216
stats: 204 3 1182
stats: max_repeat 235 2660
stats: 400 40 551
stats: 503 3399 38846
stats: 500 71 1235
stats: 404 4 102
# stats: dump at 1480610375
stats: users 1258 1258
stats: {load,"tsung_controller@ip-172-31-6-161"} 1 0.2109375 0.0 0.25 0.0 0.05807291666666667 45
stats: {freemem,"tsung_controller@ip-172-31-6-161"} 1 3049.484375 0.0 3158.88671875 3049.484375 3109.0534722222224 45
stats: {recvpackets,"tsung_controller@ip-172-31-6-161"} 1 6915.0 0.0 6915 214 3297.75 44
stats: {sentpackets,"tsung_controller@ip-172-31-6-161"} 1 9057.0 0.0 9057 187 3323.931818181818 44
stats: {cpu,"tsung_controller@ip-172-31-6-161"} 1 31.060606060606062 0.0 31.060606060606062 2.0710059171597637 11.057898763421232 45
stats: session 160 69516.72333831794 31847.49593206283 268202.19677734375 12917.90185546875 79516.38801525603 1678
stats: users_count 198 3096
stats: finish_users_count 160 1838
stats: request 4069 549.1882383618895 1808.4273164454248 29909.19091796875 0.668212890625 1031.1130310551428 55730
stats: connect 198 1.6236732559974751 0.5415257909415653 132.135009765625 0.946044921875 1.9726805124223603 2898
stats: page 3436 645.851509493916 2111.5449507354297 29909.19091796875 0.668212890625 1194.7566356400687 48006
stats: 302 69 1744
stats: 200 188 12327
stats: size_rcv 3212237 90803263
stats: newphase 0 7
stats: size_sent 2127317 35285774
stats: connected 34 1250
stats: 204 1 1183
stats: max_repeat 249 2909
stats: 400 46 597
stats: 503 3678 42524
stats: 500 79 1314
stats: 404 8 110
# stats: dump at 1480610385
stats: users 1307 1308
stats: {load,"tsung_controller@ip-172-31-6-161"} 1 0.26171875 0.0 0.26171875 0.0 0.061396059782608696 46
stats: {freemem,"tsung_controller@ip-172-31-6-161"} 1 3048.46875 0.0 3158.88671875 3048.46875 3107.758491847826 46
stats: {recvpackets,"tsung_controller@ip-172-31-6-161"} 1 7175.0 0.0 7175 214 3378.133333333333 45
stats: {sentpackets,"tsung_controller@ip-172-31-6-161"} 1 9344.0 0.0 9344 187 3451.3333333333335 45
stats: {cpu,"tsung_controller@ip-172-31-6-161"} 1 31.779257849666987 0.0 31.779257849666987 2.0710059171597637 11.49274022640351 46
stats: session 152 69602.05840582596 31796.262325857915 268202.19677734375 12917.90185546875 78645.90578004924 1838
stats: users_count 201 3297
stats: finish_users_count 152 1990
stats: request 3941 514.3333045477447 1745.091301172126 29909.19091796875 0.668212890625 998.320643532461 59799
stats: connect 189 1.757127872850529 0.744753316678166 132.135009765625 0.946044921875 1.9503602809068152 3096
stats: page 3375 603.0535436921282 2055.6773179373085 29909.19091796875 0.668212890625 1158.0932474856777 51442
stats: 302 55 1799
stats: 200 182 12509
stats: size_rcv 3169650 93972913
stats: newphase 0 7
stats: size_sent 2066838 37352612
stats: connected 40 1290
stats: 204 1 1184
stats: max_repeat 254 3163
stats: 400 48 645
stats: 503 3574 46098
stats: 500 77 1391
stats: 404 4 114
# stats: dump at 1480610395
stats: users 1330 1331
stats: {load,"tsung_controller@ip-172-31-6-161"} 1 0.21875 0.0 0.26171875 0.0 0.06565824468085106 47
stats: {freemem,"tsung_controller@ip-172-31-6-161"} 1 3046.421875 0.0 3158.88671875 3046.421875 3106.4970079787236 47
stats: {recvpackets,"tsung_controller@ip-172-31-6-161"} 1 7278.0 0.0 7278 214 3460.6739130434785 46
stats: {sentpackets,"tsung_controller@ip-172-31-6-161"} 1 9576.0 0.0 9576 187 3579.4347826086955 46
stats: {cpu,"tsung_controller@ip-172-31-6-161"} 1 33.459357277882795 0.0 33.459357277882795 2.0710059171597637 11.924368260941032 47
stats: session 165 66399.68931551845 32853.72786572389 268202.19677734375 12917.90185546875 77955.11944794776 1990
stats: users_count 188 3485
stats: finish_users_count 165 2155
stats: request 4100 485.21657470703116 1662.1792279784902 29909.19091796875 0.668212890625 968.3960419802369 63740
stats: connect 189 1.7890482907572751 0.8067467116099301 132.135009765625 0.946044921875 1.9392427998953576 3285
stats: page 3516 576.6373823597729 1932.7130454658086 29909.19091796875 0.668212890625 1123.920290185876 54817
stats: 302 59 1858
stats: 200 163 12672
stats: size_rcv 3092756 97065669
stats: newphase 0 7
stats: size_sent 2117375 39469987
stats: connected 24 1314
stats: 204 3 1187
stats: max_repeat 261 3424
stats: 400 52 697
stats: 503 3739 49837
stats: 500 78 1469
stats: 404 6 120
# stats: dump at 1480610405
stats: users 1229 1334
stats: {load,"tsung_controller@ip-172-31-6-161"} 1 0.1796875 0.0 0.26171875 0.0 0.06884765625 48
stats: {freemem,"tsung_controller@ip-172-31-6-161"} 1 3044.1171875 0.0 3158.88671875 3044.1171875 3105.2454427083335 48
stats: {recvpackets,"tsung_controller@ip-172-31-6-161"} 1 6570.0 0.0 7278 214 3541.8936170212764 47
stats: {sentpackets,"tsung_controller@ip-172-31-6-161"} 1 8821.0 0.0 9576 187 3707.021276595745 47
stats: {cpu,"tsung_controller@ip-172-31-6-161"} 1 31.4638783269962 0.0 33.459357277882795 2.0710059171597637 12.373013865460651 48
stats: session 185 68889.81920001053 29589.319433643977 268202.19677734375 11514.989013671875 77070.36493664807 2155
stats: users_count 84 3569
stats: finish_users_count 185 2340
stats: request 3821 587.8440301131897 2092.373261570557 29909.19091796875 0.668212890625 939.1944527140201 67840
stats: connect 95 1.8276649876644737 1.1356709521884463 132.135009765625 0.946044921875 1.9310715960303324 3474
stats: page 3212 674.0730749678938 2338.478746789003 29909.19091796875 0.668212890625 1090.933015334307 58333
stats: 302 35 1893
stats: 200 158 12830
stats: size_rcv 2936748 100002417
stats: newphase 0 7
stats: size_sent 1935712 41405699
stats: connected -90 1224
stats: 204 2 1189
stats: max_repeat 261 3685
stats: 400 51 748
stats: 503 3485 53322
stats: 500 85 1554
stats: 404 5 125
# stats: dump at 1480610415
stats: users 1059 1334
stats: {load,"tsung_controller@ip-172-31-6-161"} 1 0.23046875 0.0 0.26171875 0.0 0.07110969387755102 49
stats: {freemem,"tsung_controller@ip-172-31-6-161"} 1 3043.703125 0.0 3158.88671875 3043.703125 3103.9979272959185 49
stats: {recvpackets,"tsung_controller@ip-172-31-6-161"} 1 5735.0 0.0 7278 214 3604.9791666666665 48
stats: {sentpackets,"tsung_controller@ip-172-31-6-161"} 1 7163.0 0.0 9576 187 3813.5625 48
stats: {cpu,"tsung_controller@ip-172-31-6-161"} 1 26.52671755725191 0.0 33.459357277882795 2.0710059171597637 12.7626233442675 49
stats: session 170 71112.2339901195 27363.967571774974 268202.19677734375 11514.989013671875 76423.6123890934 2340
stats: users_count 0 3569
stats: finish_users_count 170 2510
stats: request 3074 743.3500386463326 2082.8830010092993 29909.19091796875 0.668212890625 920.4602742242172 71661
stats: connect 0 0 0 132.135009765625 0.946044921875 1.9283191085563183 3569
stats: page 2675 862.8508409389595 2456.4705731379668 29909.19091796875 0.668212890625 1069.177322289268 61545
stats: 302 45 1938
stats: 200 188 13018
stats: size_rcv 2799835 102802252
stats: newphase 0 7
stats: size_sent 1635422 43041121
stats: connected -165 1059
stats: 204 2 1191
stats: max_repeat 254 3939
stats: 400 32 780
stats: 503 2676 55998
stats: 500 120 1674
stats: 404 12 137
# stats: dump at 1480610425
stats: users 872 1334
stats: {load,"tsung_controller@ip-172-31-6-161"} 1 0.19140625 0.0 0.26171875 0.0 0.074296875 50
stats: {freemem,"tsung_controller@ip-172-31-6-161"} 1 3043.53125 0.0 3158.88671875 3043.53125 3102.79203125 50
stats: {recvpackets,"tsung_controller@ip-172-31-6-161"} 1 5381.0 0.0 7278 214 3648.4489795918366 49
stats: {sentpackets,"tsung_controller@ip-172-31-6-161"} 1 6117.0 0.0 9576 187 3881.918367346939 49
stats: {cpu,"tsung_controller@ip-172-31-6-161"} 1 23.260247855100094 0.0 33.459357277882795 2.0710059171597637 13.037905228527189 50
stats: session 187 72271.29039156502 28372.768179062543 268202.19677734375 11514.989013671875 76063.87759713102 2510
stats: users_count 0 3569
stats: finish_users_count 187 2697
stats: request 2370 943.1028384180515 2183.0297661808986 31677.420166015625 0.668212890625 913.1753760618245 74735
stats: connect 0 0 0 132.135009765625 0.946044921875 1.9283191085563183 3569
stats: page 2185 1041.1389470779118 2511.045141931568 31677.420166015625 0.668212890625 1060.5830629057102 64220
stats: 302 29 1967
stats: 200 224 13242
stats: size_rcv 2776806 105579058
stats: newphase 0 7
stats: size_sent 1288487 44329608
stats: connected -186 873
stats: 204 1 1192
stats: max_repeat 240 4179
stats: 400 36 816
stats: 503 1896 57894
stats: 500 171 1845
stats: 404 12 149
# stats: dump at 1480610435
stats: users 756 1334
stats: {load,"tsung_controller@ip-172-31-6-161"} 1 0.16015625 0.0 0.26171875 0.0 0.07659313725490197 51
stats: {freemem,"tsung_controller@ip-172-31-6-161"} 1 3043.625 0.0 3158.88671875 3043.53125 3101.630055147059 51
stats: {recvpackets,"tsung_controller@ip-172-31-6-161"} 1 4737.0 0.0 7278 214 3683.1 50
stats: {sentpackets,"tsung_controller@ip-172-31-6-161"} 1 4768.0 0.0 9576 187 3926.62 50
stats: {cpu,"tsung_controller@ip-172-31-6-161"} 1 18.602455146364495 0.0 33.459357277882795 2.0710059171597637 13.238343319244304 51
stats: session 116 73624.25577097923 25312.87495167237 268202.19677734375 11514.989013671875 75800.91363441657 2697
stats: users_count 0 3569
stats: finish_users_count 116 2813
stats: request 1649 1391.576827160872 2136.962115256016 31677.420166015625 0.668212890625 914.0952656381718 77105
stats: connect 0 0 0 132.135009765625 0.946044921875 1.9283191085563183 3569
stats: page 1576 1473.9684307272682 2425.3398486384367 31677.420166015625 0.668212890625 1059.9432708255395 66405
stats: 302 22 1989
stats: 200 292 13534
stats: size_rcv 2849832 108428890
stats: newphase 0 7
stats: size_sent 902230 45231838
stats: connected -117 756
stats: 204 3 1195
stats: max_repeat 172 4351
stats: 400 20 836
stats: 503 1068 58962
stats: 500 226 2071
stats: 404 18 167
# stats: dump at 1480610445
stats: users 630 1334
stats: {load,"tsung_controller@ip-172-31-6-161"} 1 0.140625 0.0 0.26171875 0.0 0.0782001201923077 52
stats: {freemem,"tsung_controller@ip-172-31-6-161"} 1 3043.5546875 0.0 3158.88671875 3043.53125 3100.5145733173076 52
stats: {recvpackets,"tsung_controller@ip-172-31-6-161"} 1 4342.0 0.0 7278 214 3703.764705882353 51
stats: {sentpackets,"tsung_controller@ip-172-31-6-161"} 1 4061.0 0.0 9576 187 3943.1176470588234 51
stats: {cpu,"tsung_controller@ip-172-31-6-161"} 1 15.110683349374398 0.0 33.459357277882795 2.0710059171597637 13.341499315919693 52
stats: session 126 78123.83884974885 24719.30157748659 268202.19677734375 11514.989013671875 75711.15454726452 2813
stats: users_count 0 3569
stats: finish_users_count 126 2939
stats: request 1206 1769.5302072401653 1924.3707466118774 31677.420166015625 0.668212890625 924.093070130019 78754
stats: connect 0 0 0 132.135009765625 0.946044921875 1.9283191085563183 3569
stats: page 1159 1874.718115950577 2167.5783280246897 31677.420166015625 0.668212890625 1069.5415946513897 67981
stats: 302 25 2014
stats: 200 294 13828
stats: size_rcv 2601812 111030702
stats: newphase 0 7
stats: size_sent 653839 45885677
stats: connected -124 632
stats: 204 2 1197
stats: max_repeat 122 4473
stats: 400 20 856
stats: 503 594 59556
stats: 500 262 2333
stats: 404 9 176
# stats: dump at 1480610455
stats: users 532 1334
stats: {load,"tsung_controller@ip-172-31-6-161"} 1 0.12109375 0.0 0.26171875 0.0 0.07937794811320754 53
stats: {freemem,"tsung_controller@ip-172-31-6-161"} 1 3043.61328125 0.0 3158.88671875 3043.53125 3099.439858490566 53
stats: {recvpackets,"tsung_controller@ip-172-31-6-161"} 1 4196.0 0.0 7278 214 3716.0384615384614 52
stats: {sentpackets,"tsung_controller@ip-172-31-6-161"} 1 3685.0 0.0 9576 187 3945.3846153846152 52
stats: {cpu,"tsung_controller@ip-172-31-6-161"} 1 12.716763005780345 0.0 33.459357277882795 2.0710059171597637 13.374880146739594 53
stats: session 98 86772.7181122449 23943.27735715772 268202.19677734375 11514.989013671875 75814.59048537716 2939
stats: users_count 0 3569
stats: finish_users_count 98 3037
stats: request 960 2126.811231231691 1880.4532303379099 31677.420166015625 0.668212890625 936.8444106422106 79960
stats: connect 0 0 0 132.135009765625 0.946044921875 1.9283191085563183 3569
stats: page 945 2185.992576833247 2015.6389240107508 31677.420166015625 0.668212890625 1083.0388406477125 69140
stats: 302 15 2029
stats: 200 307 14135
stats: size_rcv 2593527 113624229
stats: newphase 0 7
stats: size_sent 511298 46396975
stats: connected -98 534
stats: 204 6 1203
stats: max_repeat 114 4587
stats: 400 7 863
stats: 503 315 59871
stats: 500 308 2641
stats: 404 2 178
# stats: dump at 1480610465
stats: users 396 1334
stats: {load,"tsung_controller@ip-172-31-6-161"} 1 0.328125 0.0 0.328125 0.0 0.08015046296296297 54
stats: {freemem,"tsung_controller@ip-172-31-6-161"} 1 3043.359375 0.0 3158.88671875 3043.359375 3098.4060329861113 54
stats: {recvpackets,"tsung_controller@ip-172-31-6-161"} 1 4569.0 0.0 7278 214 3725.0943396226417 53
stats: {sentpackets,"tsung_controller@ip-172-31-6-161"} 1 3744.0 0.0 9576 187 3940.4716981132074 53
stats: {cpu,"tsung_controller@ip-172-31-6-161"} 1 11.445198836081474 0.0 33.459357277882795 2.0710059171597637 13.362692792277384 54
stats: session 136 93192.37328024472 24995.458247268394 268202.19677734375 11514.989013671875 76168.19486714636 3037
stats: users_count 0 3569
stats: finish_users_count 136 3173
stats: request 958 1932.8827847219952 1567.375082100499 31677.420166015625 0.668212890625 950.9616640748094 80920
stats: connect 0 0 0 132.135009765625 0.946044921875 1.9283191085563183 3569
stats: page 950 1955.2302685546927 1627.4959058484455 31677.420166015625 0.668212890625 1097.910657451527 70085
stats: 302 22 2051
stats: 200 442 14577
stats: size_rcv 3417588 117041817
stats: newphase 0 7
stats: size_sent 473048 46870023
stats: connected -136 398
stats: 204 14 1217
stats: max_repeat 137 4724
stats: 400 17 880
stats: 503 71 59942
stats: 500 391 3032
stats: 404 1 179
# stats: dump at 1480610475
stats: users 269 1334
stats: {load,"tsung_controller@ip-172-31-6-161"} 1 0.28125 0.0 0.328125 0.0 0.0846590909090909 55
stats: {freemem,"tsung_controller@ip-172-31-6-161"} 1 3043.65234375 0.0 3158.88671875 3043.359375 3097.405184659091 55
stats: {recvpackets,"tsung_controller@ip-172-31-6-161"} 1 4757.0 0.0 7278 214 3740.722222222222 54
stats: {sentpackets,"tsung_controller@ip-172-31-6-161"} 1 3995.0 0.0 9576 187 3936.8333333333335 54
stats: {cpu,"tsung_controller@ip-172-31-6-161"} 1 10.500490677134446 0.0 33.459357277882795 2.0710059171597637 13.327829265801094 55
stats: session 127 98379.14873546691 22385.451903164347 268202.19677734375 11514.989013671875 76897.87916093186 3173
stats: users_count 0 3569
stats: finish_users_count 127 3300
stats: request 863 595.1767858193618 558.4715551806385 31677.420166015625 0.668212890625 962.4504697806157 81878
stats: connect 0 0 0 132.135009765625 0.946044921875 1.9283191085563183 3569
stats: page 862 595.8673007903141 559.7500566043976 31677.420166015625 0.668212890625 1109.3761833267715 71035
stats: 302 12 2063
stats: 200 474 15051
stats: size_rcv 3181266 120223083
stats: newphase 0 7
stats: size_sent 455631 47325654
stats: connected -127 271
stats: 204 21 1238
stats: max_repeat 122 4846
stats: 400 13 893
stats: 503 0 59942
stats: 500 338 3370
stats: 404 5 184
# stats: dump at 1480610485
stats: users 174 1334
stats: {load,"tsung_controller@ip-172-31-6-161"} 1 0.23828125 0.0 0.328125 0.0 0.08816964285714286 56
stats: {freemem,"tsung_controller@ip-172-31-6-161"} 1 3043.80859375 0.0 3158.88671875 3043.359375 3096.4453125 56
stats: {recvpackets,"tsung_controller@ip-172-31-6-161"} 1 3017.0 0.0 7278 214 3759.2 55
stats: {sentpackets,"tsung_controller@ip-172-31-6-161"} 1 2801.0 0.0 9576 187 3937.890909090909 55
stats: {cpu,"tsung_controller@ip-172-31-6-161"} 1 7.8277886497064575 0.0 33.459357277882795 2.0710059171597637 13.27734107671776 56
stats: session 95 105002.27838969983 23132.075038529903 268202.19677734375 11514.989013671875 77724.58256577002 3300
stats: users_count 0 3569
stats: finish_users_count 95 3395
stats: request 632 103.72313835047468 242.28377007892402 31677.420166015625 0.668212890625 958.6197547873408 82741
stats: connect 0 0 0 132.135009765625 0.946044921875 1.9283191085563183 3569
stats: page 632 103.72313835047468 242.28377007892402 31677.420166015625 0.668212890625 1103.2195334422643 71897
stats: 302 4 2067
stats: 200 367 15418
stats: size_rcv 2226632 122449715
stats: newphase 0 7
stats: size_sent 364519 47690173
stats: connected -95 176
stats: 204 43 1281
stats: max_repeat 78 4924
stats: 400 6 899
stats: 503 0 59942
stats: 500 210 3580
stats: 404 2 186
# stats: dump at 1480610495
stats: users 109 1334
stats: {load,"tsung_controller@ip-172-31-6-161"} 1 0.19921875 0.0 0.328125 0.0 0.0908031798245614 57
stats: {freemem,"tsung_controller@ip-172-31-6-161"} 1 3044.203125 0.0 3158.88671875 3043.359375 3095.5218612938597 57
stats: {recvpackets,"tsung_controller@ip-172-31-6-161"} 1 1748.0 0.0 7278 214 3745.9464285714284 56
stats: {sentpackets,"tsung_controller@ip-172-31-6-161"} 1 1721.0 0.0 9576 187 3917.589285714286 56
stats: {cpu,"tsung_controller@ip-172-31-6-161"} 1 6.627680311890838 0.0 33.459357277882795 2.0710059171597637 13.181734893787738 57
stats: session 65 111076.866800631 17908.33891607815 268202.19677734375 11514.989013671875 78487.87596879604 3395
stats: users_count 0 3569
stats: finish_users_count 65 3460
stats: request 418 20.320913506466805 22.00900144342486 31677.420166015625 0.668212890625 952.1393035430758 83373
stats: connect 0 0 0 132.135009765625 0.946044921875 1.9283191085563183 3569
stats: page 418 20.320913506466805 22.00900144342486 31677.420166015625 0.668212890625 1094.5101658555332 72529
stats: 302 0 2067
stats: 200 291 15709
stats: size_rcv 1520540 123970255
stats: newphase 0 7
stats: size_sent 268801 47958974
stats: connected -66 110
stats: 204 35 1316
stats: max_repeat 58 4982
stats: 400 1 900
stats: 503 0 59942
stats: 500 87 3667
stats: 404 4 190
# stats: dump at 1480610505
stats: users 67 1334
stats: {load,"tsung_controller@ip-172-31-6-161"} 1 0.171875 0.0 0.328125 0.0 0.09267241379310345 58
stats: {freemem,"tsung_controller@ip-172-31-6-161"} 1 3044.515625 0.0 3158.88671875 3043.359375 3094.6370554956898 58
stats: {recvpackets,"tsung_controller@ip-172-31-6-161"} 1 1222.0 0.0 7278 214 3710.8947368421054 57
stats: {sentpackets,"tsung_controller@ip-172-31-6-161"} 1 1255.0 0.0 9576 187 3879.0526315789475 57
stats: {cpu,"tsung_controller@ip-172-31-6-161"} 1 4.892367906066536 0.0 33.459357277882795 2.0710059171597637 13.06873395272055 58
stats: session 42 120372.98266020275 15094.359749527515 268202.19677734375 11514.989013671875 79100.09689482763 3460
stats: users_count 0 3569
stats: finish_users_count 42 3502
stats: request 292 17.87663206335616 15.373176568762485 31677.420166015625 0.668212890625 947.4908319048891 83791
stats: connect 0 0 0 132.135009765625 0.946044921875 1.9283191085563183 3569
stats: page 292 17.87663206335616 15.373176568762485 31677.420166015625 0.668212890625 1088.3548598459383 72947
stats: 302 0 2067
stats: 200 220 15929
stats: size_rcv 1103908 125074163
stats: newphase 0 7
stats: size_sent 196985 48155959
stats: connected -42 68
stats: 204 25 1341
stats: max_repeat 33 5015
stats: 400 0 900
stats: 503 0 59942
stats: 500 45 3712
stats: 404 2 192
# stats: dump at 1480610515
stats: users 45 1334
stats: {load,"tsung_controller@ip-172-31-6-161"} 1 0.140625 0.0 0.328125 0.0 0.09401483050847458 59
stats: {freemem,"tsung_controller@ip-172-31-6-161"} 1 3049.5 0.0 3158.88671875 3043.359375 3093.787539724576 59
stats: {recvpackets,"tsung_controller@ip-172-31-6-161"} 1 806.0 0.0 7278 214 3667.9827586206898 58
stats: {sentpackets,"tsung_controller@ip-172-31-6-161"} 1 787.0 0.0 9576 187 3833.810344827586 58
stats: {cpu,"tsung_controller@ip-172-31-6-161"} 1 2.952755905511811 0.0 33.459357277882795 2.0710059171597637 12.930151477353531 59
stats: session 22 133005.66380726208 20654.0491883469 268202.19677734375 11514.989013671875 79595.08867156827 3502
stats: users_count 0 3569
stats: finish_users_count 22 3524
stats: request 197 18.337290807423855 16.459901628596764 31677.420166015625 0.668212890625 944.262505770549 84083
stats: connect 0 0 0 132.135009765625 0.946044921875 1.9283191085563183 3569
stats: page 197 18.337290807423855 16.459901628596764 31677.420166015625 0.668212890625 1084.0869200527611 73239
stats: 302 0 2067
stats: 200 160 16089
stats: size_rcv 808454 125882617
stats: newphase 0 7
stats: size_sent 135172 48291131
stats: connected -23 45
stats: 204 23 1364
stats: max_repeat 20 5035
stats: 400 0 900
stats: 503 0 59942
stats: 500 14 3726
stats: 404 0 192
# stats: dump at 1480610525
stats: users 27 1334
stats: {load,"tsung_controller@ip-172-31-6-161"} 1 0.12109375 0.0 0.328125 0.0 0.09479166666666666 60
stats: {freemem,"tsung_controller@ip-172-31-6-161"} 1 3050.1328125 0.0 3158.88671875 3043.359375 3093.0494140625 60
stats: {recvpackets,"tsung_controller@ip-172-31-6-161"} 1 761.0 0.0 7278 214 3619.4745762711864 59
stats: {sentpackets,"tsung_controller@ip-172-31-6-161"} 1 687.0 0.0 9576 187 3782.169491525424 59
stats: {cpu,"tsung_controller@ip-172-31-6-161"} 1 2.566633761105627 0.0 33.459357277882795 2.0710059171597637 12.76386155115617 60
stats: session 18 136254.20020887587 13088.158065392938 268202.19677734375 11514.989013671875 79928.5258602701 3524
stats: users_count 0 3569
stats: finish_users_count 18 3542
stats: request 143 22.98108849158654 30.029819786710878 31677.420166015625 0.668212890625 942.0982050189147 84280
stats: connect 0 0 0 132.135009765625 0.946044921875 1.9283191085563183 3569
stats: page 143 22.98108849158654 30.029819786710878 31677.420166015625 0.668212890625 1081.2279315871403 73436
stats: 302 0 2067
stats: 200 119 16208
stats: size_rcv 637849 126520466
stats: newphase 0 7
stats: size_sent 99922 48391053
stats: connected -18 27
stats: 204 18 1382
stats: max_repeat 13 5048
stats: 400 0 900
stats: 503 0 59942
stats: 500 6 3732
stats: 404 0 192
# stats: dump at 1480610535
stats: users 18 1334
stats: {load,"tsung_controller@ip-172-31-6-161"} 1 0.1015625 0.0 0.328125 0.0 0.09522284836065574 61
stats: {freemem,"tsung_controller@ip-172-31-6-161"} 1 3050.32421875 0.0 3158.88671875 3043.359375 3092.3458632172133 61
stats: {recvpackets,"tsung_controller@ip-172-31-6-161"} 1 254.0 0.0 7278 214 3571.8333333333335 60
stats: {sentpackets,"tsung_controller@ip-172-31-6-161"} 1 257.0 0.0 9576 187 3730.5833333333335 60
stats: {cpu,"tsung_controller@ip-172-31-6-161"} 1 1.5794669299111548 0.0 33.459357277882795 1.5794669299111548 12.596693882466818 61
stats: session 9 141031.73366970487 10167.94603322317 268202.19677734375 11514.989013671875 80214.76587672265 3542
stats: users_count 0 3569
stats: finish_users_count 9 3551
stats: request 72 16.5474853515625 10.882391784798715 31677.420166015625 0.668212890625 940.541357386594 84423
stats: connect 0 0 0 132.135009765625 0.946044921875 1.9283191085563183 3569
stats: page 72 16.5474853515625 10.882391784798715 31677.420166015625 0.668212890625 1079.171240159387 73579
stats: 302 0 2067
stats: 200 65 16273
stats: size_rcv 275156 126795622
stats: newphase 0 7
stats: size_sent 50870 48441923
stats: connected -9 18
stats: 204 6 1388
stats: max_repeat 6 5054
stats: 400 0 900
stats: 503 0 59942
stats: 500 1 3733
stats: 404 0 192
# stats: dump at 1480610545
stats: users 9 1334
stats: {load,"tsung_controller@ip-172-31-6-161"} 1 0.08984375 0.0 0.328125 0.0 0.09532510080645161 62
stats: {freemem,"tsung_controller@ip-172-31-6-161"} 1 3057.76953125 0.0 3158.88671875 3043.359375 3091.6680947580644 62
stats: {recvpackets,"tsung_controller@ip-172-31-6-161"} 1 183.0 0.0 7278 183 3517.44262295082 61
stats: {sentpackets,"tsung_controller@ip-172-31-6-161"} 1 186.0 0.0 9576 186 3673.6393442622953 61
stats: {cpu,"tsung_controller@ip-172-31-6-161"} 1 1.7716535433070866 0.0 33.459357277882795 1.5794669299111548 12.418996673554629 62
stats: session 9 149804.16216362847 7626.231700955896 268202.19677734375 11514.989013671875 80368.90631889016 3551
stats: users_count 0 3569
stats: finish_users_count 9 3560
stats: request 45 16.084076605902776 9.872937702738112 31677.420166015625 0.668212890625 939.7540024095359 84495
stats: connect 0 0 0 132.135009765625 0.946044921875 1.9283191085563183 3569
stats: page 45 16.084076605902776 9.872937702738112 31677.420166015625 0.668212890625 1078.132436744007 73651
stats: 302 0 2067
stats: 200 40 16313
stats: size_rcv 167100 126962722
stats: newphase 0 7
stats: size_sent 31043 48472966
stats: connected -9 9
stats: 204 3 1391
stats: max_repeat 8 5062
stats: 400 0 900
stats: 503 0 59942
stats: 500 2 3735
stats: 404 0 192
# stats: dump at 1480610555
stats: users 3 1334
stats: {load,"tsung_controller@ip-172-31-6-161"} 1 0.0703125 0.0 0.328125 0.0 0.09523809523809523 63
stats: {freemem,"tsung_controller@ip-172-31-6-161"} 1 3058.00390625 0.0 3158.88671875 3043.359375 3091.1300223214284 63
stats: {recvpackets,"tsung_controller@ip-172-31-6-161"} 1 117.0 0.0 7278 117 3463.6612903225805 62
stats: {sentpackets,"tsung_controller@ip-172-31-6-161"} 1 110.0 0.0 9576 110 3617.3870967741937 62
stats: {cpu,"tsung_controller@ip-172-31-6-161"} 1 1.3779527559055118 0.0 33.459357277882795 1.3779527559055118 12.249991227042765 63
stats: session 6 164514.70463053384 8194.327155439618 268202.19677734375 11514.989013671875 80544.44488703697 3560
stats: users_count 0 3569
stats: finish_users_count 6 3566
stats: request 26 19.008882962740383 14.61046448023726 31677.420166015625 0.668212890625 939.2623399224154 84540
stats: connect 0 0 0 132.135009765625 0.946044921875 1.9283191085563183 3569
stats: page 26 19.008882962740383 14.61046448023726 31677.420166015625 0.668212890625 1077.4839323990464 73696
stats: 302 0 2067
stats: 200 23 16336
stats: size_rcv 106658 127069380
stats: newphase 0 7
stats: size_sent 19407 48492373
stats: connected -6 3
stats: 204 3 1394
stats: max_repeat 4 5066
stats: 400 0 900
stats: 503 0 59942
stats: 500 0 3735
stats: 404 0 192
# stats: dump at 1480610565
stats: users 2 1334
stats: {load,"tsung_controller@ip-172-31-6-161"} 1 0.05859375 0.0 0.328125 0.0 0.0948486328125 64
stats: {freemem,"tsung_controller@ip-172-31-6-161"} 1 3063.734375 0.0 3158.88671875 3043.359375 3090.6124267578125 64
stats: {recvpackets,"tsung_controller@ip-172-31-6-161"} 1 52.0 0.0 7278 52 3410.5396825396824 63
stats: {sentpackets,"tsung_controller@ip-172-31-6-161"} 1 45.0 0.0 9576 45 3561.714285714286 63
stats: {cpu,"tsung_controller@ip-172-31-6-161"} 1 1.1846001974333662 0.0 33.459357277882795 1.1846001974333662 12.080115625931246 64
stats: session 1 190434.53393554688 0.0 268202.19677734375 11514.989013671875 80685.7296762857 3566
stats: users_count 0 3569
stats: finish_users_count 1 3567
stats: request 13 20.753399188701923 14.489872734785273 31677.420166015625 0.668212890625 938.979406002389 84566
stats: connect 0 0 0 132.135009765625 0.946044921875 1.9283191085563183 3569
stats: page 13 20.753399188701923 14.489872734785273 31677.420166015625 0.668212890625 1077.110633366392 73722
stats: 302 0 2067
stats: 200 11 16347
stats: size_rcv 52235 127121615
stats: newphase 0 7
stats: size_sent 8796 48501169
stats: connected -1 2
stats: 204 2 1396
stats: max_repeat 0 5066
stats: 400 0 900
stats: 503 0 59942
stats: 500 0 3735
stats: 404 0 192
# stats: dump at 1480610569
stats: users 0 1334
stats: {load,"tsung_controller@ip-172-31-6-161"} 0 0 0 0.328125 0.0 0.09429086538461538 65
stats: {freemem,"tsung_controller@ip-172-31-6-161"} 0 0 0 3158.88671875 3043.359375 3090.198918269231 65
stats: {recvpackets,"tsung_controller@ip-172-31-6-161"} 0 0 0 7278 52 3358.0625 64
stats: {sentpackets,"tsung_controller@ip-172-31-6-161"} 0 0 0 9576 45 3506.765625 64
stats: {cpu,"tsung_controller@ip-172-31-6-161"} 0 0 0 33.459357277882795 1.1846001974333662 11.912492311646663 65
stats: session 2 179546.6689453125 5058.659912109375 268202.19677734375 11514.989013671875 80716.49749357173 3567
stats: users_count 0 3569
stats: finish_users_count 2 3569
stats: request 2 15.9814453125 3.73046875 31677.420166015625 0.668212890625 938.8382724102612 84579
stats: connect 0 0 0 132.135009765625 0.946044921875 1.9283191085563183 3569
stats: page 2 15.9814453125 3.73046875 31677.420166015625 0.668212890625 1076.9243901434409 73735
stats: 302 0 2067
stats: 200 2 16349
stats: size_rcv 4685 127126300
stats: newphase 0 7
stats: size_sent 1404 48502573
stats: connected -2 0
stats: 204 0 1396
stats: max_repeat 1 5067
stats: 400 0 900
stats: 503 0 59942
stats: 500 0 3735
stats: 404 0 192
EndMonitor:{1480,610569,975790}
