# stats: dump at 1480610905
stats: users 7 7
stats: {load,"tsung_controller@ip-172-31-6-161"} 1 0.0 0 0.0 0.0 0 0
stats: {freemem,"tsung_controller@ip-172-31-6-161"} 1 3158.50390625 0 3158.50390625 3158.50390625 0 0
stats: {cpu,"tsung_controller@ip-172-31-6-161"} 1 3.287375169049062 0 3.287375169049062 3.287375169049062 0 0
stats: users_count 7 7
stats: finish_users_count 0 0
stats: request 29 257.6221629175647 434.2505348405786 1598.18896484375 7.7021484375 0 0
stats: connect 7 17.425258091517858 39.66130838196408 114.5751953125 1.19091796875 0 0
stats: page 29 257.6221629175647 434.2505348405786 1598.18896484375 7.7021484375 0 0
stats: 302 9 9
stats: 200 18 18
stats: size_rcv 111918 111918
stats: size_sent 20331 20331
stats: connected 7 7
stats: 204 2 2
# stats: dump at 1480610915
stats: users 18 18
stats: {load,"tsung_controller@ip-172-31-6-161"} 1 0.0 0.0 0.0 0.0 0.0 1
stats: {freemem,"tsung_controller@ip-172-31-6-161"} 1 3158.609375 0.0 3158.609375 3158.50390625 3158.50390625 1
stats: {recvpackets,"tsung_controller@ip-172-31-6-161"} 1 214 0 214 214 0 0
stats: {sentpackets,"tsung_controller@ip-172-31-6-161"} 1 161 0 161 161 0 0
stats: {cpu,"tsung_controller@ip-172-31-6-161"} 1 2.75049115913556 0.0 3.287375169049062 2.75049115913556 3.287375169049062 1
stats: users_count 11 18
stats: finish_users_count 0 0
stats: request 90 173.75658637152765 292.6476014191759 1606.817138671875 5.571044921875 257.6221629175647 29
stats: connect 11 1.2519753196022727 0.07042195861392973 114.5751953125 1.135009765625 17.425258091517858 7
stats: page 81 193.07159348476088 312.5986229036346 1606.817138671875 5.571044921875 257.6221629175647 29
stats: 302 13 22
stats: 200 67 85
stats: size_rcv 342666 454584
stats: size_sent 61158 81489
stats: connected 11 18
stats: 204 10 12
# stats: dump at 1480610925
stats: users 24 24
stats: {load,"tsung_controller@ip-172-31-6-161"} 1 0.0 0.0 0.0 0.0 0.0 2
stats: {freemem,"tsung_controller@ip-172-31-6-161"} 1 3156.9296875 0.0 3158.609375 3156.9296875 3158.556640625 2
stats: {recvpackets,"tsung_controller@ip-172-31-6-161"} 1 440.0 0.0 440 214 214.0 1
stats: {sentpackets,"tsung_controller@ip-172-31-6-161"} 1 359.0 0.0 359 161 161.0 1
stats: {cpu,"tsung_controller@ip-172-31-6-161"} 1 1.7769002961500493 0.0 3.287375169049062 1.7769002961500493 3.018933164092311 2
stats: users_count 6 24
stats: finish_users_count 0 0
stats: request 98 114.6541748046875 212.82006177193213 1606.817138671875 5.571044921875 194.1944159499737 119
stats: connect 5 1.22138671875 0.06216386048611452 114.5751953125 1.135009765625 7.541585286458333 18
stats: page 85 132.20106272977947 226.93305944382396 1606.817138671875 5.571044921875 210.0894708806819 110
stats: 302 8 30
stats: 200 78 163
stats: size_rcv 369039 823623
stats: size_sent 69693 151182
stats: connected 5 23
stats: 204 12 24
# stats: dump at 1480610935
stats: users 32 32
stats: {load,"tsung_controller@ip-172-31-6-161"} 1 0.0 0.0 0.0 0.0 0.0 3
stats: {freemem,"tsung_controller@ip-172-31-6-161"} 1 3156.21484375 0.0 3158.609375 3156.21484375 3158.0143229166665 3
stats: {recvpackets,"tsung_controller@ip-172-31-6-161"} 1 459.0 0.0 459 214 327.0 2
stats: {sentpackets,"tsung_controller@ip-172-31-6-161"} 1 359.0 0.0 359 161 260.0 2
stats: {cpu,"tsung_controller@ip-172-31-6-161"} 1 1.7769002961500493 0.0 3.287375169049062 1.7769002961500493 2.604922208111557 3
stats: users_count 8 32
stats: finish_users_count 0 0
stats: request 154 202.9443977653206 316.624492090654 2130.636962890625 5.571044921875 158.27301672307024 217
stats: connect 9 1.1534559461805556 0.04907855580549269 114.5751953125 1.089111328125 6.167629076086956 23
stats: page 128 238.7699851989746 363.1663125179858 2247.758056640625 5.571044921875 176.1381134815706 195
stats: 302 13 43
stats: 200 126 289
stats: size_rcv 671564 1495187
stats: size_sent 119521 270703
stats: connected 9 32
stats: 204 15 39
stats: max_repeat 3 3
# stats: dump at 1480610945
stats: users 37 37
stats: {load,"tsung_controller@ip-172-31-6-161"} 1 0.0 0.0 0.0 0.0 0.0 4
stats: {freemem,"tsung_controller@ip-172-31-6-161"} 1 3153.69140625 0.0 3158.609375 3153.69140625 3157.564453125 4
stats: {recvpackets,"tsung_controller@ip-172-31-6-161"} 1 836.0 0.0 836 214 371.0 3
stats: {sentpackets,"tsung_controller@ip-172-31-6-161"} 1 602.0 0.0 602 161 293.0 3
stats: {cpu,"tsung_controller@ip-172-31-6-161"} 1 2.465483234714004 0.0 3.287375169049062 1.7769002961500493 2.3979167301211803 4
stats: session 1 45116.237060546875 0 45116.237060546875 45116.237060546875 0 0
stats: users_count 6 38
stats: finish_users_count 1 1
stats: request 219 410.4136923872716 685.0954377524171 4540.19189453125 0.800048828125 176.81585413683453 371
stats: connect 6 1.2261962890625 0.07235145626672003 114.5751953125 1.089111328125 4.757392883300781 32
stats: page 183 494.94825286031397 757.5487490350783 4600.5458984375 0.800048828125 200.95817410023224 323
stats: 302 15 58
stats: 200 183 472
stats: size_rcv 1073274 2568461
stats: size_sent 158815 429518
stats: connected 4 36
stats: 204 20 59
stats: max_repeat 8 11
stats: 400 1 1
# stats: dump at 1480610955
stats: users 45 45
stats: {load,"tsung_controller@ip-172-31-6-161"} 1 0.0 0.0 0.0 0.0 0.0 5
stats: {freemem,"tsung_controller@ip-172-31-6-161"} 1 3151.6640625 0.0 3158.609375 3151.6640625 3156.78984375 5
stats: {recvpackets,"tsung_controller@ip-172-31-6-161"} 1 1343.0 0.0 1343 214 487.25 4
stats: {sentpackets,"tsung_controller@ip-172-31-6-161"} 1 929.0 0.0 929 161 370.25 4
stats: {cpu,"tsung_controller@ip-172-31-6-161"} 1 3.5398230088495577 0.0 3.5398230088495577 1.7769002961500493 2.411430031039745 5
stats: session 3 41226.210286458336 9485.833261117083 54451.77587890625 32667.955810546875 45116.237060546875 1
stats: users_count 11 49
stats: finish_users_count 3 4
stats: request 241 241.621349033973 507.1502110331236 6700.781982421875 0.653076171875 263.52420426708153 590
stats: connect 10 1.272705078125 0.11877455206585637 114.5751953125 1.089111328125 4.199835526315789 38
stats: page 210 277.29819452194926 545.5562388017983 6700.781982421875 0.653076171875 307.2826492249258 506
stats: 302 19 77
stats: 200 196 668
stats: size_rcv 1143444 3711905
stats: size_sent 173118 602636
stats: connected 7 43
stats: 204 24 83
stats: max_repeat 9 20
stats: 400 2 3
# stats: dump at 1480610965
stats: users 56 56
stats: {load,"tsung_controller@ip-172-31-6-161"} 1 0.0 0.0 0.0 0.0 0.0 6
stats: {freemem,"tsung_controller@ip-172-31-6-161"} 1 3148.78125 0.0 3158.609375 3148.78125 3155.935546875 6
stats: {recvpackets,"tsung_controller@ip-172-31-6-161"} 1 1459.0 0.0 1459 214 658.4 5
stats: {sentpackets,"tsung_controller@ip-172-31-6-161"} 1 1070.0 0.0 1070 161 482.0 5
stats: {cpu,"tsung_controller@ip-172-31-6-161"} 1 3.732809430255403 0.0 3.732809430255403 1.7769002961500493 2.599495527341381 6
stats: session 4 40642.10125732422 11968.648903390127 55268.626953125 21951.994140625 42198.71697998047 4
stats: users_count 15 64
stats: finish_users_count 4 8
stats: request 309 150.38731685502637 235.5660023765095 6700.781982421875 0.653076171875 257.1721126772149 831
stats: connect 15 5.070393880208333 14.380926509830976 114.5751953125 1.06103515625 3.5900166829427085 48
stats: page 275 166.13916015624994 248.1639309282335 6700.781982421875 0.653076171875 298.4883259181869 716
stats: 302 27 104
stats: 200 250 918
stats: size_rcv 1402728 5114633
stats: newphase 1 1
stats: size_sent 221807 824443
stats: connected 10 53
stats: 204 28 111
stats: max_repeat 6 26
stats: 400 4 7
# stats: dump at 1480610975
stats: users 68 68
stats: {load,"tsung_controller@ip-172-31-6-161"} 1 0.0 0.0 0.0 0.0 0.0 7
stats: {freemem,"tsung_controller@ip-172-31-6-161"} 1 3146.98828125 0.0 3158.609375 3146.98828125 3154.913504464286 7
stats: {recvpackets,"tsung_controller@ip-172-31-6-161"} 1 1.6e3 0.0 1600 214 791.8333333333334 6
stats: {sentpackets,"tsung_controller@ip-172-31-6-161"} 1 1204.0 0.0 1204 161 580.0 6
stats: {cpu,"tsung_controller@ip-172-31-6-161"} 1 4.223968565815324 0.0 4.223968565815324 1.7769002961500493 2.7613975134719557 7
stats: session 4 56939.03576660156 16283.013916072998 75029.42016601563 21951.994140625 41420.409118652344 8
stats: users_count 16 80
stats: finish_users_count 4 12
stats: request 352 201.28799993341624 248.05963158102972 6700.781982421875 0.653076171875 228.22781275699012 1140
stats: connect 17 1.2997759650735294 0.2232885978272797 114.5751953125 1.06103515625 3.9424874441964284 63
stats: page 311 230.35223447548228 279.3235649660097 6700.781982421875 0.653076171875 261.7617662970641 991
stats: 302 29 133
stats: 200 289 1207
stats: size_rcv 1416558 6531191
stats: newphase 0 1
stats: size_sent 264471 1088914
stats: connected 15 68
stats: 204 34 145
stats: max_repeat 6 32
stats: 400 0 7
# stats: dump at 1480610985
stats: users 74 74
stats: {load,"tsung_controller@ip-172-31-6-161"} 1 0.0 0.0 0.0 0.0 0.0 8
stats: {freemem,"tsung_controller@ip-172-31-6-161"} 1 3145.91796875 0.0 3158.609375 3145.91796875 3153.9228515625 8
stats: {recvpackets,"tsung_controller@ip-172-31-6-161"} 1 2053.0 0.0 2053 214 907.2857142857143 7
stats: {sentpackets,"tsung_controller@ip-172-31-6-161"} 1 1503.0 0.0 1503 161 669.1428571428571 7
stats: {cpu,"tsung_controller@ip-172-31-6-161"} 1 5.004906771344456 0.0 5.004906771344456 1.7769002961500493 2.9442188950148767 8
stats: session 5 52960.65717773438 15846.329098136663 75029.42016601563 21951.994140625 46593.28466796875 12
stats: users_count 11 91
stats: finish_users_count 5 17
stats: request 418 241.63801187761655 343.68846791503285 6700.781982421875 0.653076171875 221.87203922220593 1492
stats: connect 10 1.18935546875 0.11528935559411226 114.5751953125 0.911865234375 3.3809112548828124 80
stats: page 375 269.3529433593751 381.1788578971214 6700.781982421875 0.653076171875 254.25918227516553 1302
stats: 302 24 157
stats: 200 348 1555
stats: size_rcv 1778495 8309686
stats: newphase 0 1
stats: size_sent 300548 1389462
stats: connected 5 73
stats: 204 44 189
stats: max_repeat 10 42
stats: 400 2 9
# stats: dump at 1480610995
stats: users 87 87
stats: {load,"tsung_controller@ip-172-31-6-161"} 1 0.0 0.0 0.0 0.0 0.0 9
stats: {freemem,"tsung_controller@ip-172-31-6-161"} 1 3141.421875 0.0 3158.609375 3141.421875 3153.0334201388887 9
stats: {recvpackets,"tsung_controller@ip-172-31-6-161"} 1 2189.0 0.0 2189 214 1050.5 8
stats: {sentpackets,"tsung_controller@ip-172-31-6-161"} 1 1629.0 0.0 1629 161 773.375 8
stats: {cpu,"tsung_controller@ip-172-31-6-161"} 1 5.408062930186824 0.0 5.408062930186824 1.7769002961500493 3.173184214607052 9
stats: session 4 57147.370544433594 19936.438389003022 90385.17114257813 21951.994140625 48466.04128848805 17
stats: users_count 17 108
stats: finish_users_count 4 21
stats: request 441 333.59268264597506 364.89626655216415 6700.781982421875 0.653076171875 226.1977861174738 1910
stats: connect 18 2.021497938368056 2.2469060849285993 114.5751953125 0.911865234375 3.137405056423611 90
stats: page 400 364.74539123535146 404.70666218039213 6700.781982421875 0.653076171875 257.63435246394226 1677
stats: 302 28 185
stats: 200 363 1918
stats: size_rcv 1921243 10230929
stats: newphase 0 1
stats: size_sent 311595 1701057
stats: connected 13 86
stats: 204 48 237
stats: max_repeat 17 59
stats: 400 2 11
# stats: dump at 1480611005
stats: users 84 87
stats: {load,"tsung_controller@ip-172-31-6-161"} 1 0.0 0.0 0.0 0.0 0.0 10
stats: {freemem,"tsung_controller@ip-172-31-6-161"} 1 3139.0234375 0.0 3158.609375 3139.0234375 3151.872265625 10
stats: {recvpackets,"tsung_controller@ip-172-31-6-161"} 1 2551.0 0.0 2551 214 1177.0 9
stats: {sentpackets,"tsung_controller@ip-172-31-6-161"} 1 1866.0 0.0 1866 161 868.4444444444445 9
stats: {cpu,"tsung_controller@ip-172-31-6-161"} 1 5.143422354104846 0.0 5.408062930186824 1.7769002961500493 3.3966720861650295 10
stats: session 11 65210.86956232244 25083.72584207233 106499.68896484375 21951.994140625 50119.62781343006 21
stats: users_count 8 116
stats: finish_users_count 11 32
stats: request 427 440.4248835900906 412.49807682331385 6700.781982421875 0.653076171875 246.34289431358997 2351
stats: connect 8 2.3380126953125 2.388590489246356 114.5751953125 0.911865234375 2.951420536747685 108
stats: page 388 485.1617897269652 483.5906669606133 6700.781982421875 0.653076171875 278.2623811151525 2077
stats: 302 24 209
stats: 200 353 2271
stats: size_rcv 1739941 11970870
stats: newphase 0 1
stats: size_sent 322398 2023455
stats: connected -1 85
stats: 204 47 284
stats: max_repeat 7 66
stats: 400 3 14
# stats: dump at 1480611015
stats: users 91 92
stats: {load,"tsung_controller@ip-172-31-6-161"} 1 0.0 0.0 0.0 0.0 0.0 11
stats: {freemem,"tsung_controller@ip-172-31-6-161"} 1 3137.7578125 0.0 3158.609375 3137.7578125 3150.704190340909 11
stats: {recvpackets,"tsung_controller@ip-172-31-6-161"} 1 2.5e3 0.0 2551 214 1314.4 10
stats: {sentpackets,"tsung_controller@ip-172-31-6-161"} 1 1747.0 0.0 1866 161 968.2 10
stats: {cpu,"tsung_controller@ip-172-31-6-161"} 1 5.413385826771654 0.0 5.413385826771654 1.7769002961500493 3.5554675650686494 11
stats: session 10 73308.53762207032 24865.01881995924 106499.68896484375 21951.994140625 55307.24216461182 32
stats: users_count 17 133
stats: finish_users_count 10 42
stats: request 460 489.47078698199726 866.9857451736345 16473.799072265625 0.653076171875 276.1747911534265 2778
stats: connect 16 1.5233154296875 0.7760381565185289 114.5751953125 0.911865234375 2.9091165476831895 116
stats: page 443 506.90570881242945 898.789549932122 16473.799072265625 0.653076171875 310.8291034443141 2465
stats: 302 25 234
stats: 200 373 2644
stats: size_rcv 1951767 13922637
stats: newphase 0 1
stats: size_sent 330996 2354451
stats: connected 4 89
stats: 204 57 341
stats: max_repeat 14 80
stats: 400 5 19
# stats: dump at 1480611025
stats: users 97 97
stats: {load,"tsung_controller@ip-172-31-6-161"} 1 0.0 0.0 0.0 0.0 0.0 12
stats: {freemem,"tsung_controller@ip-172-31-6-161"} 1 3136.82421875 0.0 3158.609375 3136.82421875 3149.6253255208335 12
stats: {recvpackets,"tsung_controller@ip-172-31-6-161"} 1 2620.0 0.0 2620 214 1422.1818181818182 11
stats: {sentpackets,"tsung_controller@ip-172-31-6-161"} 1 1920.0 0.0 1920 161 1039.0 11
stats: {cpu,"tsung_controller@ip-172-31-6-161"} 1 5.8128078817733995 0.0 5.8128078817733995 1.7769002961500493 3.710294086877233 12
stats: session 11 70229.42946555397 20471.870711228283 106499.68896484375 21951.994140625 59593.264892578125 42
stats: users_count 17 150
stats: finish_users_count 11 53
stats: request 529 371.5267774729738 773.3649794854654 16473.799072265625 0.653076171875 306.4762606040573 3238
stats: connect 17 4.933723000919118 13.89864841815333 114.5751953125 0.911865234375 2.741140654592803 132
stats: page 499 397.1491586689 812.9429275288218 16473.799072265625 0.653076171875 340.6990952524555 2908
stats: 302 32 266
stats: 200 427 3071
stats: size_rcv 2031600 15954237
stats: newphase 1 2
stats: size_sent 374074 2728525
stats: connected 6 95
stats: 204 66 407
stats: max_repeat 12 92
stats: 400 4 23
# stats: dump at 1480611035
stats: users 104 104
stats: {load,"tsung_controller@ip-172-31-6-161"} 1 0.0 0.0 0.0 0.0 0.0 13
stats: {freemem,"tsung_controller@ip-172-31-6-161"} 1 3135.0546875 0.0 3158.609375 3135.0546875 3148.640625 13
stats: {recvpackets,"tsung_controller@ip-172-31-6-161"} 1 2784.0 0.0 2784 214 1522.0 12
stats: {sentpackets,"tsung_controller@ip-172-31-6-161"} 1 2086.0 0.0 2086 161 1112.4166666666667 12
stats: {cpu,"tsung_controller@ip-172-31-6-161"} 1 6.206896551724138 0.0 6.206896551724138 1.7769002961500493 3.8720259172538616 13
stats: session 4 61684.752502441406 11984.772174342235 106499.68896484375 21951.994140625 61800.7707473467 53
stats: users_count 11 161
stats: finish_users_count 4 57
stats: request 502 383.27377307177545 379.71149365032494 16473.799072265625 0.60400390625 315.6113079689781 3767
stats: connect 12 1.78729248046875 1.1322237792437937 114.5751953125 0.911865234375 2.991301056522651 149
stats: page 462 416.4637287354569 421.23964471633013 16473.799072265625 0.60400390625 348.96695015260394 3407
stats: 302 25 291
stats: 200 415 3486
stats: size_rcv 1939809 17894046
stats: newphase 0 2
stats: size_sent 372868 3101393
stats: connected 9 104
stats: 204 62 469
stats: max_repeat 4 96
stats: 400 1 24
# stats: dump at 1480611045
stats: users 120 120
stats: {load,"tsung_controller@ip-172-31-6-161"} 1 0.0 0.0 0.0 0.0 0.0 14
stats: {freemem,"tsung_controller@ip-172-31-6-161"} 1 3133.54296875 0.0 3158.609375 3133.54296875 3147.6702008928573 14
stats: {recvpackets,"tsung_controller@ip-172-31-6-161"} 1 2801.0 0.0 2801 214 1619.076923076923 13
stats: {sentpackets,"tsung_controller@ip-172-31-6-161"} 1 2017.0 0.0 2086 161 1187.3076923076924 13
stats: {cpu,"tsung_controller@ip-172-31-6-161"} 1 7.848837209302325 0.0 7.848837209302325 1.7769002961500493 4.038802391144595 14
stats: session 8 61923.30099487305 21089.33796382585 107695.328125 21951.994140625 61792.629116125274 57
stats: users_count 24 185
stats: finish_users_count 8 65
stats: request 497 575.8211264658265 402.39751249994106 16473.799072265625 0.60400390625 323.5678686346151 4269
stats: connect 24 1.6157633463541667 1.3759899886286742 114.5751953125 0.911865234375 2.901561286878882 161
stats: page 463 611.3256820118453 458.9253185281898 16473.799072265625 0.60400390625 357.0267877605848 3869
stats: 302 25 316
stats: 200 409 3895
stats: size_rcv 2000663 19894709
stats: newphase 0 2
stats: size_sent 365370 3466763
stats: connected 16 120
stats: 204 60 529
stats: max_repeat 8 104
stats: 400 2 26
# stats: dump at 1480611055
stats: users 134 134
stats: {load,"tsung_controller@ip-172-31-6-161"} 1 0.0 0.0 0.0 0.0 0.0 15
stats: {freemem,"tsung_controller@ip-172-31-6-161"} 1 3133.6484375 0.0 3158.609375 3133.54296875 3146.7283854166667 15
stats: {recvpackets,"tsung_controller@ip-172-31-6-161"} 1 2854.0 0.0 2854 214 1703.5 14
stats: {sentpackets,"tsung_controller@ip-172-31-6-161"} 1 2025.0 0.0 2086 161 1246.5714285714287 14
stats: {cpu,"tsung_controller@ip-172-31-6-161"} 1 7.115009746588694 0.0 7.848837209302325 1.7769002961500493 4.29280471235511 15
stats: session 8 72203.25158691406 20762.12574460531 107695.328125 21951.994140625 61808.71180889423 65
stats: users_count 22 207
stats: finish_users_count 8 73
stats: request 448 1086.7441602434444 921.8996271008017 17460.879150390625 0.60400390625 349.8729188113067 4766
stats: connect 21 1.4537527901785714 0.7602826884618016 114.5751953125 0.911865234375 2.7347550675675674 185
stats: page 415 1170.921524967055 1026.0068755495101 17460.879150390625 0.60400390625 384.20600937608197 4332
stats: 302 34 350
stats: 200 366 4261
stats: size_rcv 1879795 21774504
stats: newphase 0 2
stats: size_sent 337883 3804646
stats: connected 13 133
stats: 204 45 574
stats: max_repeat 7 111
stats: 400 2 28
stats: 404 1 1
# stats: dump at 1480611065
stats: users 152 155
stats: {load,"tsung_controller@ip-172-31-6-161"} 1 0.0 0.0 0.0 0.0 0.0 16
stats: {freemem,"tsung_controller@ip-172-31-6-161"} 1 3128.7734375 0.0 3158.609375 3128.7734375 3145.910888671875 16
stats: {recvpackets,"tsung_controller@ip-172-31-6-161"} 1 2542.0 0.0 2854 214 1780.2 15
stats: {sentpackets,"tsung_controller@ip-172-31-6-161"} 1 1850.0 0.0 2086 161 1298.4666666666667 15
stats: {cpu,"tsung_controller@ip-172-31-6-161"} 1 5.346534653465347 0.0 7.848837209302325 1.7769002961500493 4.46919252699471 16
stats: session 10 82299.41804199219 26416.262882075494 132429.43310546875 21951.994140625 62947.83945580052 73
stats: users_count 28 235
stats: finish_users_count 10 83
stats: request 514 1185.5550052627989 592.1428321562997 17460.879150390625 0.60400390625 413.18675006592844 5214
stats: connect 29 1.4720837823275859 0.5021291660847733 114.5751953125 0.911865234375 2.6041674567657767 206
stats: page 469 1285.6707412296782 790.203018887587 17460.879150390625 0.60400390625 452.9835402314124 4747
stats: 302 36 386
stats: 200 413 4674
stats: size_rcv 2057071 23831575
stats: newphase 0 2
stats: size_sent 361276 4165922
stats: connected 18 151
stats: 204 60 634
stats: max_repeat 13 124
stats: 400 5 33
stats: 404 0 1
# stats: dump at 1480611075
stats: users 163 163
stats: {load,"tsung_controller@ip-172-31-6-161"} 1 0.0 0.0 0.0 0.0 0.0 17
stats: {freemem,"tsung_controller@ip-172-31-6-161"} 1 3126.703125 0.0 3158.609375 3126.703125 3144.9028033088234 17
stats: {recvpackets,"tsung_controller@ip-172-31-6-161"} 1 2943.0 0.0 2943 214 1827.8125 16
stats: {sentpackets,"tsung_controller@ip-172-31-6-161"} 1 2154.0 0.0 2154 161 1332.9375 16
stats: {cpu,"tsung_controller@ip-172-31-6-161"} 1 6.620553359683795 0.0 7.848837209302325 1.7769002961500493 4.520800887375335 17
stats: session 6 87569.67431640625 26730.20472430836 132429.43310546875 21951.994140625 65279.35494811276 83
stats: users_count 17 252
stats: finish_users_count 6 89
stats: request 469 1624.88877963003 452.80352239159396 17460.879150390625 0.60400390625 482.4949349771001 5728
stats: connect 17 1.4801671645220589 0.6294070346810782 114.5751953125 0.911865234375 2.464463513962766 235
stats: page 415 1811.7894678322666 759.1389535744592 17460.879150390625 0.60400390625 527.8551463027673 5216
stats: 302 34 420
stats: 200 388 5062
stats: size_rcv 1960659 25792234
stats: newphase 0 2
stats: size_sent 361784 4527706
stats: connected 12 163
stats: 204 47 681
stats: max_repeat 9 133
stats: 400 1 34
stats: 404 0 1
# stats: dump at 1480611085
stats: users 188 188
stats: {load,"tsung_controller@ip-172-31-6-161"} 1 0.0 0.0 0.0 0.0 0.0 18
stats: {freemem,"tsung_controller@ip-172-31-6-161"} 1 3122.1484375 0.0 3158.609375 3122.1484375 3143.8917100694443 18
stats: {recvpackets,"tsung_controller@ip-172-31-6-161"} 1 2645.0 0.0 2943 214 1893.4117647058824 17
stats: {sentpackets,"tsung_controller@ip-172-31-6-161"} 1 1818.0 0.0 2154 161 1381.235294117647 17
stats: {cpu,"tsung_controller@ip-172-31-6-161"} 1 6.47693817468106 0.0 7.848837209302325 1.7769002961500493 4.6374538025035825 18
stats: session 6 106110.27054850261 14924.575466219505 133867.72314453125 21951.994140625 66782.073107773 89
stats: users_count 31 283
stats: finish_users_count 6 95
stats: request 438 2131.960928024223 432.51187327756446 17460.879150390625 0.60400390625 568.9533363232715 6197
stats: connect 31 3.582669165826613 10.151518895825305 114.5751953125 0.911865234375 2.3980625697544644 252
stats: page 392 2377.2138983278855 863.5785141376313 17460.879150390625 0.60400390625 622.4800341441351 5631
stats: 302 34 454
stats: 200 358 5420
stats: size_rcv 1941609 27733843
stats: newphase 1 3
stats: size_sent 337254 4864960
stats: connected 24 187
stats: 204 44 725
stats: max_repeat 10 143
stats: 400 1 35
stats: 404 0 1
# stats: dump at 1480611095
stats: users 218 218
stats: {load,"tsung_controller@ip-172-31-6-161"} 1 0.0 0.0 0.0 0.0 0.0 19
stats: {freemem,"tsung_controller@ip-172-31-6-161"} 1 3117.7421875 0.0 3158.609375 3117.7421875 3142.7473273026317 19
stats: {recvpackets,"tsung_controller@ip-172-31-6-161"} 1 2766.0 0.0 2943 214 1935.1666666666667 18
stats: {sentpackets,"tsung_controller@ip-172-31-6-161"} 1 2004.0 0.0 2154 161 1405.5 18
stats: {cpu,"tsung_controller@ip-172-31-6-161"} 1 6.581532416502947 0.0 7.848837209302325 1.7769002961500493 4.734268769460293 19
stats: session 2 86145.77648925781 28282.923461914063 133867.72314453125 21951.994140625 69265.95926192435 95
stats: users_count 32 315
stats: finish_users_count 2 97
stats: request 487 2628.5337199812298 479.6401917012316 17460.879150390625 0.60400390625 672.1330386842385 6635
stats: connect 32 1.3243560791015625 0.25351964375392066 114.5751953125 0.911865234375 2.527825129748233 283
stats: page 435 2919.1115627244963 1030.9130431490996 17460.879150390625 0.60400390625 736.6848614328666 6023
stats: 302 43 497
stats: 200 404 5824
stats: size_rcv 1993513 29727356
stats: newphase 0 3
stats: size_sent 360964 5225924
stats: connected 30 217
stats: 204 39 764
stats: max_repeat 8 151
stats: 400 1 36
stats: 404 0 1
# stats: dump at 1480611105
stats: users 258 258
stats: {load,"tsung_controller@ip-172-31-6-161"} 1 0.078125 0.0 0.078125 0.0 0.0 20
stats: {freemem,"tsung_controller@ip-172-31-6-161"} 1 3113.79296875 0.0 3158.609375 3113.79296875 3141.4970703125 20
stats: {recvpackets,"tsung_controller@ip-172-31-6-161"} 1 2881.0 0.0 2943 214 1978.8947368421052 19
stats: {sentpackets,"tsung_controller@ip-172-31-6-161"} 1 2109.0 0.0 2154 161 1437.0 19
stats: {cpu,"tsung_controller@ip-172-31-6-161"} 1 6.869479882237488 0.0 7.848837209302325 1.7769002961500493 4.826631951812425 20
stats: session 9 106919.25032552083 25857.36687663009 146283.65405273438 21951.994140625 69613.99673052916 97
stats: users_count 49 364
stats: finish_users_count 9 106
stats: request 466 3199.9998454474585 492.30871225711974 17460.879150390625 0.60400390625 805.9110689835413 7122
stats: connect 48 1.3337249755859375 0.3297182239294488 114.5751953125 0.911865234375 2.4055679563492065 315
stats: page 415 3549.5164233104283 1173.9112623899282 17460.879150390625 0.60400390625 883.6894472275179 6458
stats: 302 43 540
stats: 200 375 6199
stats: size_rcv 1998922 31726278
stats: newphase 0 3
stats: size_sent 348799 5574723
stats: connected 40 257
stats: 204 46 810
stats: max_repeat 18 169
stats: 400 2 38
stats: 404 0 1
# stats: dump at 1480611115
stats: users 300 300
stats: {load,"tsung_controller@ip-172-31-6-161"} 1 0.05859375 0.0 0.078125 0.0 0.003720238095238095 21
stats: {freemem,"tsung_controller@ip-172-31-6-161"} 1 3109.59765625 0.0 3158.609375 3109.59765625 3140.1778273809523 21
stats: {recvpackets,"tsung_controller@ip-172-31-6-161"} 1 2646.0 0.0 2943 214 2024.0 20
stats: {sentpackets,"tsung_controller@ip-172-31-6-161"} 1 2050.0 0.0 2154 161 1470.6 20
stats: {cpu,"tsung_controller@ip-172-31-6-161"} 1 7.429130009775172 0.0 7.848837209302325 1.7769002961500493 4.923910424689809 21
stats: session 6 72091.34297688802 49258.07177676988 146283.65405273438 16479.827880859375 72781.42392255676 106
stats: users_count 48 412
stats: finish_users_count 6 112
stats: request 526 3566.3676159064585 2444.758948134356 17460.879150390625 0.60400390625 952.938661212348 7588
stats: connect 49 1.4543955277423466 1.1933135472754666 114.5751953125 0.911865234375 2.2638366531077825 363
stats: page 469 3859.4567225604696 2870.263281884766 17460.879150390625 0.60400390625 1044.655283845357 6873
stats: 302 49 589
stats: 200 304 6503
stats: size_rcv 1642137 33368415
stats: newphase 0 3
stats: size_sent 365315 5940038
stats: connected 41 298
stats: 204 33 843
stats: max_repeat 13 182
stats: 400 2 40
stats: 503 139 139
stats: 404 0 1
# stats: dump at 1480611125
stats: users 321 321
stats: {load,"tsung_controller@ip-172-31-6-161"} 1 0.05078125 0.0 0.078125 0.0 0.006214488636363636 22
stats: {freemem,"tsung_controller@ip-172-31-6-161"} 1 3103.34765625 0.0 3158.609375 3103.34765625 3138.7878196022725 22
stats: {recvpackets,"tsung_controller@ip-172-31-6-161"} 1 2645.0 0.0 2943 214 2053.6190476190477 21
stats: {sentpackets,"tsung_controller@ip-172-31-6-161"} 1 2105.0 0.0 2154 161 1498.1904761904761 21
stats: {cpu,"tsung_controller@ip-172-31-6-161"} 1 6.620553359683795 0.0 7.848837209302325 1.7769002961500493 5.037784042193689 22
stats: session 12 87985.74989827473 42577.80176676345 146283.65405273438 16479.827880859375 72744.45530046737 112
stats: users_count 33 445
stats: finish_users_count 12 124
stats: request 561 3449.381844641265 2544.541572489817 20266.73291015625 0.60400390625 1122.3573979844828 8114
stats: connect 33 1.9074411103219697 2.680204954557914 114.5751953125 0.911865234375 2.1675681697512137 412
stats: page 489 3870.015547114646 3237.5786859767177 20266.73291015625 0.60400390625 1224.4621314015255 7342
stats: 302 51 640
stats: 200 295 6798
stats: size_rcv 1694024 35062439
stats: newphase 0 3
stats: size_sent 403307 6343345
stats: connected 22 320
stats: 204 34 877
stats: max_repeat 8 190
stats: 400 2 42
stats: 503 170 309
stats: 404 0 1
stats: 500 8 8
# stats: dump at 1480611135
stats: users 351 353
stats: {load,"tsung_controller@ip-172-31-6-161"} 1 0.12109375 0.0 0.12109375 0.0 0.008152173913043478 23
stats: {freemem,"tsung_controller@ip-172-31-6-161"} 1 3098.8359375 0.0 3158.609375 3098.8359375 3137.2469429347825 23
stats: {recvpackets,"tsung_controller@ip-172-31-6-161"} 1 2585.0 0.0 2943 214 2080.5 22
stats: {sentpackets,"tsung_controller@ip-172-31-6-161"} 1 2137.0 0.0 2154 161 1525.7727272727273 22
stats: {cpu,"tsung_controller@ip-172-31-6-161"} 1 8.10546875 0.0 8.10546875 1.7769002961500493 5.106600099475867 23
stats: session 14 87315.9753766741 47471.04719262173 166947.70703125 16479.827880859375 74219.41929380356 124
stats: users_count 44 489
stats: finish_users_count 14 138
stats: request 763 2575.3948073880865 2646.228744018141 20266.73291015625 0.60400390625 1272.8427829498378 8675
stats: connect 44 1.77294921875 1.651937855873596 114.5751953125 0.911865234375 2.1482778484901686 445
stats: page 654 3049.39799961475 3341.9932724550877 20266.73291015625 0.60400390625 1389.6614188850801 7831
stats: 302 43 683
stats: 200 301 7099
stats: size_rcv 1930035 36992474
stats: newphase 0 3
stats: size_sent 526071 6869416
stats: connected 30 350
stats: 204 23 900
stats: max_repeat 16 206
stats: 400 5 47
stats: 503 382 691
stats: 404 0 1
stats: 500 9 17
# stats: dump at 1480611145
stats: users 395 395
stats: {load,"tsung_controller@ip-172-31-6-161"} 1 0.1015625 0.0 0.12109375 0.0 0.012858072916666666 24
stats: {freemem,"tsung_controller@ip-172-31-6-161"} 1 3095.0234375 0.0 3158.609375 3095.0234375 3135.646484375 24
stats: {recvpackets,"tsung_controller@ip-172-31-6-161"} 1 3118.0 0.0 3118 214 2102.4347826086955 23
stats: {sentpackets,"tsung_controller@ip-172-31-6-161"} 1 2609.0 0.0 2609 161 1552.3478260869565 23
stats: {cpu,"tsung_controller@ip-172-31-6-161"} 1 8.579881656804734 0.0 8.579881656804734 1.7769002961500493 5.231552959914373 24
stats: session 18 85780.12417263455 50319.89678602143 169388.9521484375 16479.827880859375 75548.05541815274 138
stats: users_count 62 551
stats: finish_users_count 18 156
stats: request 916 2356.397902309631 2708.9882320701263 20266.73291015625 0.60400390625 1378.1455160126034 9438
stats: connect 59 1.734672934322034 2.975275861021336 114.5751953125 0.911865234375 2.114505947245654 489
stats: page 765 2786.574736391954 3314.0188039779982 20266.73291015625 0.60400390625 1517.5892590497476 8485
stats: 302 44 727
stats: 200 296 7395
stats: size_rcv 1924358 38916832
stats: newphase 1 4
stats: size_sent 621995 7491411
stats: connected 42 392
stats: 204 48 948
stats: max_repeat 19 225
stats: 400 1 48
stats: 503 516 1207
stats: 404 1 2
stats: 500 11 28
# stats: dump at 1480611155
stats: users 441 442
stats: {load,"tsung_controller@ip-172-31-6-161"} 1 0.08984375 0.0 0.12109375 0.0 0.01640625 25
stats: {freemem,"tsung_controller@ip-172-31-6-161"} 1 3092.03125 0.0 3158.609375 3092.03125 3134.0215625 25
stats: {recvpackets,"tsung_controller@ip-172-31-6-161"} 1 3328.0 0.0 3328 214 2144.75 24
stats: {sentpackets,"tsung_controller@ip-172-31-6-161"} 1 3168.0 0.0 3168 161 1596.375 24
stats: {cpu,"tsung_controller@ip-172-31-6-161"} 1 10.926829268292684 0.0 10.926829268292684 1.7769002961500493 5.365486107789987 25
stats: session 12 105614.44848632813 39466.472950917465 169388.9521484375 16479.827880859375 76728.67873597756 156
stats: users_count 58 609
stats: finish_users_count 12 168
stats: request 1225 1660.4538797433024 2647.205521303856 20266.73291015625 0.60400390625 1464.6897680744228 10354
stats: connect 60 1.3419759114583334 0.5096730677868218 114.5751953125 0.911865234375 2.073611517022126 548
stats: page 1046 1929.097691960818 3157.7128829649528 20266.73291015625 0.60400390625 1622.5377877164274 9250
stats: 302 34 761
stats: 200 269 7664
stats: size_rcv 2070593 40987425
stats: newphase 0 4
stats: size_sent 810461 8301872
stats: connected 47 439
stats: 204 25 973
stats: max_repeat 38 263
stats: 400 8 56
stats: 503 867 2074
stats: 404 0 2
stats: 500 21 49
# stats: dump at 1480611165
stats: users 479 479
stats: {load,"tsung_controller@ip-172-31-6-161"} 1 0.0703125 0.0 0.12109375 0.0 0.019230769230769232 26
stats: {freemem,"tsung_controller@ip-172-31-6-161"} 1 3087.83203125 0.0 3158.609375 3087.83203125 3132.406550480769 26
stats: {recvpackets,"tsung_controller@ip-172-31-6-161"} 1 3534.0 0.0 3534 214 2192.08 25
stats: {sentpackets,"tsung_controller@ip-172-31-6-161"} 1 3410.0 0.0 3410 161 1659.24 25
stats: {cpu,"tsung_controller@ip-172-31-6-161"} 1 12.147716229348884 0.0 12.147716229348884 1.7769002961500493 5.579383921655476 26
stats: session 20 90539.13100585938 46758.925559940224 198853.67602539063 16479.827880859375 78791.94800385975 168
stats: users_count 58 667
stats: finish_users_count 20 188
stats: request 1354 1607.3513553230582 2589.9805880295467 22090.328125 0.60400390625 1485.4006271118506 11579
stats: connect 54 1.3495053891782405 0.615527852531838 114.5751953125 0.911865234375 2.00141063489412 608
stats: page 1172 1905.250605560407 3212.9710037663804 22090.328125 0.60400390625 1653.6820825726466 10296
stats: 302 45 806
stats: 200 273 7937
stats: size_rcv 2059885 43047310
stats: newphase 0 4
stats: size_sent 887221 9189093
stats: connected 29 468
stats: 204 41 1014
stats: max_repeat 49 312
stats: 400 15 71
stats: 503 943 3017
stats: 404 4 6
stats: 500 33 82
# stats: dump at 1480611175
stats: users 510 513
stats: {load,"tsung_controller@ip-172-31-6-161"} 1 0.140625 0.0 0.140625 0.0 0.021122685185185185 27
stats: {freemem,"tsung_controller@ip-172-31-6-161"} 1 3084.84375 0.0 3158.609375 3084.84375 3130.7556423611113 27
stats: {recvpackets,"tsung_controller@ip-172-31-6-161"} 1 3517.0 0.0 3534 214 2243.6923076923076 26
stats: {sentpackets,"tsung_controller@ip-172-31-6-161"} 1 3501.0 0.0 3501 161 1726.576923076923 26
stats: {cpu,"tsung_controller@ip-172-31-6-161"} 1 11.851126346718903 0.0 12.147716229348884 1.7769002961500493 5.822655488607084 27
stats: session 27 84142.27700014468 43517.22587249249 198853.67602539063 16479.827880859375 80041.64832322142 188
stats: users_count 58 725
stats: finish_users_count 27 215
stats: request 1469 1515.833123151912 2428.6461474911484 22090.328125 0.5380859375 1498.1680659116632 12933
stats: connect 63 1.3469742063492065 0.9712744732454044 114.5751953125 0.889892578125 1.9482340740653319 662
stats: page 1273 1763.1663757947515 2992.8614414784374 22090.328125 0.5380859375 1679.391736299683 11468
stats: 302 55 861
stats: 200 293 8230
stats: size_rcv 2115645 45162955
stats: newphase 0 4
stats: size_sent 953990 10143083
stats: connected 39 507
stats: 204 27 1041
stats: max_repeat 47 359
stats: 400 12 83
stats: 503 1039 4056
stats: 404 3 9
stats: 500 40 122
# stats: dump at 1480611185
stats: users 536 539
stats: {load,"tsung_controller@ip-172-31-6-161"} 1 0.19140625 0.0 0.19140625 0.0 0.025390625 28
stats: {freemem,"tsung_controller@ip-172-31-6-161"} 1 3081.4296875 0.0 3158.609375 3081.4296875 3129.1159319196427 28
stats: {recvpackets,"tsung_controller@ip-172-31-6-161"} 1 3968.0 0.0 3968 214 2290.8518518518517 27
stats: {sentpackets,"tsung_controller@ip-172-31-6-161"} 1 4027.0 0.0 4027 161 1792.2962962962963 27
stats: {cpu,"tsung_controller@ip-172-31-6-161"} 1 14.340712223291627 0.0 14.340712223291627 1.7769002961500493 6.037958019253934 28
stats: session 31 84429.56731980847 37721.472831240404 198853.67602539063 16479.827880859375 80556.6109942769 215
stats: users_count 57 782
stats: finish_users_count 31 246
stats: request 1606 1275.1862916103184 2259.643921874777 22090.328125 0.5380859375 1499.9698968438897 14402
stats: connect 57 1.4243206894188596 1.0019093337462073 114.5751953125 0.889892578125 1.8959866648706893 725
stats: page 1402 1468.5753097207673 2691.9252871787003 22090.328125 0.5380859375 1687.761967527783 12741
stats: 302 44 905
stats: 200 270 8500
stats: size_rcv 2173413 47336368
stats: newphase 0 4
stats: size_sent 1061843 11204926
stats: connected 28 535
stats: 204 27 1068
stats: max_repeat 63 422
stats: 400 13 96
stats: 503 1202 5258
stats: 404 4 13
stats: 500 46 168
# stats: dump at 1480611195
stats: users 544 547
stats: {load,"tsung_controller@ip-172-31-6-161"} 1 0.16015625 0.0 0.19140625 0.0 0.03111530172413793 29
stats: {freemem,"tsung_controller@ip-172-31-6-161"} 1 3079.80078125 0.0 3158.609375 3079.80078125 3127.471578663793 29
stats: {recvpackets,"tsung_controller@ip-172-31-6-161"} 1 3978.0 0.0 3978 214 2350.75 28
stats: {sentpackets,"tsung_controller@ip-172-31-6-161"} 1 4002.0 0.0 4027 161 1872.107142857143 28
stats: {cpu,"tsung_controller@ip-172-31-6-161"} 1 14.03678606001936 0.0 14.340712223291627 1.7769002961500493 6.324259888358682 29
stats: session 33 75043.0185546875 43176.356638770674 198853.67602539063 16479.827880859375 81044.66646619348 246
stats: users_count 41 823
stats: finish_users_count 33 279
stats: request 1489 1460.5794422772224 2341.680313650722 22090.328125 0.5380859375 1477.418518157913 16008
stats: connect 39 3.5049078525641026 12.264980786662832 114.5751953125 0.889892578125 1.8616069198569372 782
stats: page 1320 1636.0683858235689 2767.1622891347915 22090.328125 0.5380859375 1666.033925793679 14143
stats: 302 44 949
stats: 200 307 8807
stats: size_rcv 2353205 49689573
stats: newphase 0 4
stats: size_sent 957633 12162559
stats: connected 3 538
stats: 204 25 1093
stats: max_repeat 60 482
stats: 400 16 112
stats: 503 1043 6301
stats: 404 3 16
stats: 500 52 220
# stats: dump at 1480611205
stats: users 572 574
stats: {load,"tsung_controller@ip-172-31-6-161"} 1 0.140625 0.0 0.19140625 0.0 0.035416666666666666 30
stats: {freemem,"tsung_controller@ip-172-31-6-161"} 1 3078.95703125 0.0 3158.609375 3078.95703125 3125.8825520833334 30
stats: {recvpackets,"tsung_controller@ip-172-31-6-161"} 1 4201.0 0.0 4201 214 2406.862068965517 29
stats: {sentpackets,"tsung_controller@ip-172-31-6-161"} 1 4141.0 0.0 4141 161 1945.551724137931 29
stats: {cpu,"tsung_controller@ip-172-31-6-161"} 1 14.091350826044705 0.0 14.340712223291627 1.7769002961500493 6.581344094080705 30
stats: session 61 90023.26774622183 45256.435965011675 198853.67602539063 16479.827880859375 80334.79413257449 279
stats: users_count 89 912
stats: finish_users_count 61 340
stats: request 1676 1267.23577735191 2240.381485265225 22090.328125 0.5380859375 1475.9855076997574 17497
stats: connect 89 1.577488588483146 2.8135066107723072 114.5751953125 0.889892578125 1.9396687181219547 821
stats: page 1495 1382.472818085023 2546.535691056938 22090.328125 0.5380859375 1663.4759155265542 15463
stats: 302 40 989
stats: 200 289 9096
stats: size_rcv 2327756 52017329
stats: newphase 1 5
stats: size_sent 1055189 13217748
stats: connected 30 568
stats: 204 26 1119
stats: max_repeat 75 557
stats: 400 20 132
stats: 503 1245 7546
stats: 404 4 20
stats: 500 51 271
# stats: dump at 1480611215
stats: users 612 614
stats: {load,"tsung_controller@ip-172-31-6-161"} 1 0.19140625 0.0 0.19140625 0.0 0.03881048387096774 31
stats: {freemem,"tsung_controller@ip-172-31-6-161"} 1 3078.2734375 0.0 3158.609375 3078.2734375 3124.3688256048385 31
stats: {recvpackets,"tsung_controller@ip-172-31-6-161"} 1 4396.0 0.0 4396 214 2466.6666666666665 30
stats: {sentpackets,"tsung_controller@ip-172-31-6-161"} 1 4580.0 0.0 4580 161 2018.7333333333333 30
stats: {cpu,"tsung_controller@ip-172-31-6-161"} 1 15.576923076923077 0.0 15.576923076923077 1.7769002961500493 6.823602375756963 31
stats: session 60 93857.89128824869 44202.4225347488 203441.59594726563 16479.827880859375 82073.02028090533 340
stats: users_count 100 1012
stats: finish_users_count 60 400
stats: request 1738 1176.2829797742554 2094.257734770882 22090.328125 0.5380859375 1457.7377348909642 19173
stats: connect 99 1.1635964133522727 0.37228861203665664 114.5751953125 0.863037109375 1.9042467054429943 910
stats: page 1544 1368.701627741205 2525.329294023694 22090.328125 0.5380859375 1638.702968794918 16958
stats: 302 43 1032
stats: 200 306 9402
stats: size_rcv 2482409 54499738
stats: newphase 0 5
stats: size_sent 1067417 14285165
stats: connected 43 611
stats: 204 18 1137
stats: max_repeat 76 633
stats: 400 15 147
stats: 503 1298 8844
stats: 404 1 21
stats: 500 57 328
# stats: dump at 1480611225
stats: users 655 655
stats: {load,"tsung_controller@ip-172-31-6-161"} 1 0.23828125 0.0 0.23828125 0.0 0.0435791015625 32
stats: {freemem,"tsung_controller@ip-172-31-6-161"} 1 3077.4453125 0.0 3158.609375 3077.4453125 3122.9283447265625 32
stats: {recvpackets,"tsung_controller@ip-172-31-6-161"} 1 4392.0 0.0 4396 214 2528.9032258064517 31
stats: {sentpackets,"tsung_controller@ip-172-31-6-161"} 1 4803.0 0.0 4803 161 2101.3548387096776 31
stats: {cpu,"tsung_controller@ip-172-31-6-161"} 1 17.080152671755723 0.0 17.080152671755723 1.7769002961500493 7.097143647668403 32
stats: session 63 98893.69200691344 48004.03592005884 207382.4609375 16479.827880859375 83840.75093200683 400
stats: users_count 106 1118
stats: finish_users_count 63 463
stats: request 1858 1138.6527347954782 2280.0898809116134 22090.328125 0.5380859375 1434.344862030133 20911
stats: connect 105 1.0810477120535706 0.17273875418882834 114.5751953125 0.863037109375 1.8315763596382555 1009
stats: page 1620 1261.6250625422 2609.5956932812596 22090.328125 0.5380859375 1616.171238679961 18502
stats: 302 59 1091
stats: 200 253 9655
stats: size_rcv 2192246 56691984
stats: newphase 0 5
stats: size_sent 1124939 15410104
stats: connected 40 651
stats: 204 20 1157
stats: max_repeat 83 716
stats: 400 12 159
stats: 503 1464 10308
stats: 404 5 26
stats: 500 45 373
# stats: dump at 1480611235
stats: users 714 714
stats: {load,"tsung_controller@ip-172-31-6-161"} 1 0.19921875 0.0 0.23828125 0.0 0.049479166666666664 33
stats: {freemem,"tsung_controller@ip-172-31-6-161"} 1 3077.15234375 0.0 3158.609375 3077.15234375 3121.5500710227275 33
stats: {recvpackets,"tsung_controller@ip-172-31-6-161"} 1 4371.0 0.0 4396 214 2587.125 32
stats: {sentpackets,"tsung_controller@ip-172-31-6-161"} 1 4876.0 0.0 4876 161 2185.78125 32
stats: {cpu,"tsung_controller@ip-172-31-6-161"} 1 16.923076923076923 0.0 17.080152671755723 1.7769002961500493 7.399659072640746 33
stats: session 52 99122.6607431265 47026.41706525914 207382.4609375 16479.827880859375 85888.99129425114 463
stats: users_count 111 1229
stats: finish_users_count 52 515
stats: request 2037 1057.8089639760128 2145.1881508803076 22090.328125 0.5380859375 1410.2157403119204 22769
stats: connect 112 1.1387372698102678 0.16313565145752018 114.5751953125 0.839111328125 1.760835329120848 1114
stats: page 1762 1256.7257502682478 2635.1947417793626 22090.328125 0.5380859375 1587.627117551685 20122
stats: 302 55 1146
stats: 200 257 9912
stats: size_rcv 2424055 59116039
stats: newphase 0 5
stats: size_sent 1215288 16625392
stats: connected 57 708
stats: 204 18 1175
stats: max_repeat 80 796
stats: 400 17 176
stats: 503 1618 11926
stats: 404 5 31
stats: 500 68 441
# stats: dump at 1480611245
stats: users 746 746
stats: {load,"tsung_controller@ip-172-31-6-161"} 1 0.171875 0.0 0.23828125 0.0 0.05388327205882353 34
stats: {freemem,"tsung_controller@ip-172-31-6-161"} 1 3073.44921875 0.0 3158.609375 3073.44921875 3120.244255514706 34
stats: {recvpackets,"tsung_controller@ip-172-31-6-161"} 1 4657.0 0.0 4657 214 2641.181818181818 33
stats: {sentpackets,"tsung_controller@ip-172-31-6-161"} 1 5366.0 0.0 5366 161 2267.3030303030305 33
stats: {cpu,"tsung_controller@ip-172-31-6-161"} 1 18.653846153846153 0.0 18.653846153846153 1.7769002961500493 7.679759597653575 34
stats: session 69 90348.19260572351 52808.950446176656 229996.22680664063 16479.827880859375 87225.20646190459 515
stats: users_count 101 1330
stats: finish_users_count 69 584
stats: request 2215 955.315673277017 2131.6361097115864 22090.328125 0.5380859375 1381.2770721108304 24806
stats: connect 101 1.3145522315903466 0.8016491136480167 114.5751953125 0.839111328125 1.7040041850402732 1226
stats: page 1896 1095.0693938822685 2479.2569193884615 22090.328125 0.5380859375 1560.984446689255 21884
stats: 302 65 1211
stats: 200 229 10141
stats: size_rcv 2302314 61418353
stats: newphase 0 5
stats: size_sent 1301393 17926785
stats: connected 32 740
stats: 204 12 1187
stats: max_repeat 90 886
stats: 400 20 196
stats: 503 1824 13750
stats: 404 4 35
stats: 500 61 502
# stats: dump at 1480611255
stats: users 779 790
stats: {load,"tsung_controller@ip-172-31-6-161"} 1 0.1484375 0.0 0.23828125 0.0 0.057254464285714284 35
stats: {freemem,"tsung_controller@ip-172-31-6-161"} 1 3072.375 0.0 3158.609375 3072.375 3118.907254464286 35
stats: {recvpackets,"tsung_controller@ip-172-31-6-161"} 1 4783.0 0.0 4783 214 2700.470588235294 34
stats: {sentpackets,"tsung_controller@ip-172-31-6-161"} 1 5594.0 0.0 5594 161 2358.4411764705883 34
stats: {cpu,"tsung_controller@ip-172-31-6-161"} 1 19.38872970391595 0.0 19.38872970391595 1.7769002961500493 7.993304927830505 35
stats: session 70 92059.7912562779 48443.69974935817 229996.22680664063 16479.827880859375 87594.1894138284 584
stats: users_count 103 1433
stats: finish_users_count 70 654
stats: request 2283 953.5074154373024 2075.1329858416198 22090.328125 0.5380859375 1346.3596190773787 27021
stats: connect 106 1.8696335126768873 2.6344885894710046 114.5751953125 0.8359375 1.6743624010926903 1327
stats: page 1946 1134.4353579357467 2534.0714432559603 22090.328125 0.5380859375 1523.8366359187737 23780
stats: 302 61 1272
stats: 200 236 10377
stats: size_rcv 2461463 63879816
stats: newphase 0 5
stats: size_sent 1355735 19282520
stats: connected 35 775
stats: 204 16 1203
stats: max_repeat 120 1006
stats: 400 25 221
stats: 503 1856 15606
stats: 404 5 40
stats: 500 83 585
# stats: dump at 1480611265
stats: users 809 809
stats: {load,"tsung_controller@ip-172-31-6-161"} 1 0.12109375 0.0 0.23828125 0.0 0.05978732638888889 36
stats: {freemem,"tsung_controller@ip-172-31-6-161"} 1 3071.01953125 0.0 3158.609375 3071.01953125 3117.614691840278 36
stats: {recvpackets,"tsung_controller@ip-172-31-6-161"} 1 4688.0 0.0 4783 214 2759.9714285714285 35
stats: {sentpackets,"tsung_controller@ip-172-31-6-161"} 1 5550.0 0.0 5594 161 2450.885714285714 35
stats: {cpu,"tsung_controller@ip-172-31-6-161"} 1 19.51923076923077 0.0 19.51923076923077 1.7769002961500493 8.309844504943989 36
stats: session 88 89291.80867697978 44705.498765432196 229996.22680664063 16479.827880859375 88072.15902999272 654
stats: users_count 118 1551
stats: finish_users_count 88 742
stats: request 2257 904.0849761895282 2111.707223166393 22090.328125 0.5380859375 1315.7535045227003 29304
stats: connect 112 1.5481807163783485 2.6298809031695285 114.5751953125 0.8359375 1.6888067401212492 1433
stats: page 1967 1046.1385976522781 2498.796105913691 22090.328125 0.5380859375 1494.3810312015626 25726
stats: 302 52 1324
stats: 200 223 10600
stats: size_rcv 2330826 66210642
stats: newphase 1 6
stats: size_sent 1315661 20598181
stats: connected 22 797
stats: 204 6 1209
stats: max_repeat 121 1127
stats: 400 24 245
stats: 503 1880 17486
stats: 404 6 46
stats: 500 66 651
# stats: dump at 1480611275
stats: users 872 872
stats: {load,"tsung_controller@ip-172-31-6-161"} 1 0.109375 0.0 0.23828125 0.0 0.06144425675675676 37
stats: {freemem,"tsung_controller@ip-172-31-6-161"} 1 3070.26171875 0.0 3158.609375 3070.26171875 3116.355363175676 37
stats: {recvpackets,"tsung_controller@ip-172-31-6-161"} 1 5090.0 0.0 5090 214 2813.527777777778 36
stats: {sentpackets,"tsung_controller@ip-172-31-6-161"} 1 6087.0 0.0 6087 161 2536.972222222222 36
stats: {cpu,"tsung_controller@ip-172-31-6-161"} 1 21.551724137931032 0.0 21.551724137931032 1.7769002961500493 8.612800890465252 37
stats: session 109 88957.82196548885 48272.203018039974 229996.22680664063 14742.948974609375 88216.80750564617 742
stats: users_count 172 1723
stats: finish_users_count 109 851
stats: request 2546 835.1612354167693 2142.0410989145917 25115.594970703125 0.5380859375 1286.3141373148183 31561
stats: connect 170 1.2027875114889703 0.5569166679314167 114.5751953125 0.8359375 1.67861249115089 1545
stats: page 2193 948.7432894169658 2497.5609445563678 25115.594970703125 0.5380859375 1462.5429180758108 27693
stats: 302 43 1367
stats: 200 228 10828
stats: size_rcv 2642110 68852752
stats: newphase 0 6
stats: size_sent 1402241 22000422
stats: connected 65 862
stats: 204 3 1212
stats: max_repeat 150 1277
stats: 400 21 266
stats: 503 2173 19659
stats: 404 6 52
stats: 500 72 723
# stats: dump at 1480611285
stats: users 934 936
stats: {load,"tsung_controller@ip-172-31-6-161"} 1 0.08984375 0.0 0.23828125 0.0 0.06270559210526316 38
stats: {freemem,"tsung_controller@ip-172-31-6-161"} 1 3067.18359375 0.0 3158.609375 3067.18359375 3115.1423725328946 38
stats: {recvpackets,"tsung_controller@ip-172-31-6-161"} 1 5664.0 0.0 5664 214 2875.054054054054 37
stats: {sentpackets,"tsung_controller@ip-172-31-6-161"} 1 6721.0 0.0 6721 161 2632.9189189189187 37
stats: {cpu,"tsung_controller@ip-172-31-6-161"} 1 23.120837297811608 0.0 23.120837297811608 1.7769002961500493 8.953298870661719 38
stats: session 105 77402.72411644342 40766.013418532726 229996.22680664063 12516.95703125 88311.72005103141 851
stats: users_count 167 1890
stats: finish_users_count 105 956
stats: request 2747 767.9378275057171 1918.3025461640982 25115.594970703125 0.5380859375 1252.6367312623236 34107
stats: connect 171 1.3845214843749998 2.0525571621065617 114.5751953125 0.8359375 1.6314461666362974 1715
stats: page 2351 887.6258321134961 2260.965652311608 25115.594970703125 0.5380859375 1424.840897542824 29886
stats: 302 55 1422
stats: 200 226 11054
stats: size_rcv 2802549 71655301
stats: newphase 0 6
stats: size_sent 1485430 23485852
stats: connected 65 927
stats: 204 9 1221
stats: max_repeat 154 1431
stats: 400 31 297
stats: 503 2337 21996
stats: 404 5 57
stats: 500 84 807
# stats: dump at 1480611295
stats: users 977 984
stats: {load,"tsung_controller@ip-172-31-6-161"} 1 0.078125 0.0 0.23828125 0.0 0.0634014423076923 39
stats: {freemem,"tsung_controller@ip-172-31-6-161"} 1 3062.7734375 0.0 3158.609375 3062.7734375 3113.91266025641 39
stats: {recvpackets,"tsung_controller@ip-172-31-6-161"} 1 5820.0 0.0 5820 214 2948.4473684210525 38
stats: {sentpackets,"tsung_controller@ip-172-31-6-161"} 1 7161.0 0.0 7161 161 2740.5 38
stats: {cpu,"tsung_controller@ip-172-31-6-161"} 1 24.832214765100673 0.0 24.832214765100673 1.7769002961500493 9.316569086742485 39
stats: session 128 79867.7819786072 43446.53862152613 229996.22680664063 12516.95703125 87113.55627160492 956
stats: users_count 171 2061
stats: finish_users_count 128 1084
stats: request 2951 710.7752882861464 1874.9189599168465 25115.594970703125 0.5380859375 1216.5085528116967 36854
stats: connect 174 1.400676858836207 1.197621978727114 114.5751953125 0.8359375 1.6090579796444193 1886
stats: page 2491 863.7040669652944 2273.3802971753184 25115.594970703125 0.5380859375 1385.6625428936832 32237
stats: 302 63 1485
stats: 200 210 11264
stats: size_rcv 2771592 74426893
stats: newphase 0 6
stats: size_sent 1580415 25066267
stats: connected 43 970
stats: 204 3 1224
stats: max_repeat 177 1608
stats: 400 37 334
stats: 503 2543 24539
stats: 404 4 61
stats: 500 91 898
# stats: dump at 1480611305
stats: users 1061 1061
stats: {load,"tsung_controller@ip-172-31-6-161"} 1 0.05859375 0.0 0.23828125 0.0 0.06376953125 40
stats: {freemem,"tsung_controller@ip-172-31-6-161"} 1 3058.22265625 0.0 3158.609375 3058.22265625 3112.6341796875 40
stats: {recvpackets,"tsung_controller@ip-172-31-6-161"} 1 5703.0 0.0 5820 214 3022.076923076923 39
stats: {sentpackets,"tsung_controller@ip-172-31-6-161"} 1 7281.0 0.0 7281 161 2853.846153846154 39
stats: {cpu,"tsung_controller@ip-172-31-6-161"} 1 24.80916030534351 0.0 24.832214765100673 1.7769002961500493 9.70446022870144 40
stats: session 89 76132.78308242626 34444.19417477571 229996.22680664063 12516.95703125 86257.9666871919 1084
stats: users_count 173 2234
stats: finish_users_count 89 1173
stats: request 3226 671.3572438778697 1982.7054566728195 25115.594970703125 0.5380859375 1179.0153016217732 39805
stats: connect 174 2.3866878816451145 8.090752927712035 114.5751953125 0.8359375 1.5914568558479976 2060
stats: page 2695 784.730295088561 2312.02484617728 25115.594970703125 0.5380859375 1348.2230541947192 34728
stats: 302 70 1555
stats: 200 177 11441
stats: size_rcv 2706662 77133555
stats: newphase 0 6
stats: size_sent 1738674 26804941
stats: connected 83 1053
stats: 204 4 1228
stats: max_repeat 162 1770
stats: 400 29 363
stats: 503 2866 27405
stats: 404 6 67
stats: 500 74 972
# stats: dump at 1480611315
stats: users 1104 1106
stats: {load,"tsung_controller@ip-172-31-6-161"} 1 0.12890625 0.0 0.23828125 0.0 0.06364329268292683 41
stats: {freemem,"tsung_controller@ip-172-31-6-161"} 1 3054.4453125 0.0 3158.609375 3054.4453125 3111.307069359756 41
stats: {recvpackets,"tsung_controller@ip-172-31-6-161"} 1 5985.0 0.0 5985 214 3089.0999999999995 40
stats: {sentpackets,"tsung_controller@ip-172-31-6-161"} 1 7677.0 0.0 7677 161 2964.525 40
stats: {cpu,"tsung_controller@ip-172-31-6-161"} 1 26.320845341018252 0.0 26.320845341018252 1.7769002961500493 10.072867547643929 41
stats: session 111 71626.88182713969 40334.05429142258 229996.22680664063 12516.95703125 85489.73025000168 1173
stats: users_count 154 2388
stats: finish_users_count 111 1284
stats: request 3338 661.5344350916534 1951.2271380545794 25115.594970703125 0.5380859375 1140.9565789734072 43031
stats: connect 154 2.0326022854099013 3.8515363821966786 114.5751953125 0.8359375 1.6533951720918196 2234
stats: page 2830 788.9267012201876 2361.316650293305 25115.594970703125 0.5380859375 1307.6433843181435 37423
stats: 302 54 1609
stats: 200 194 11635
stats: size_rcv 2895330 80028885
stats: newphase 0 6
stats: size_sent 1813189 28618130
stats: connected 45 1098
stats: 204 3 1231
stats: max_repeat 210 1980
stats: 400 37 400
stats: 503 2958 30363
stats: 404 8 75
stats: 500 84 1056
# stats: dump at 1480611325
stats: users 1107 1110
stats: {load,"tsung_controller@ip-172-31-6-161"} 1 0.109375 0.0 0.23828125 0.0 0.06519717261904762 42
stats: {freemem,"tsung_controller@ip-172-31-6-161"} 1 3053.80859375 0.0 3158.609375 3053.80859375 3109.9532180059523 42
stats: {recvpackets,"tsung_controller@ip-172-31-6-161"} 1 6172.0 0.0 6172 214 3159.7317073170725 41
stats: {sentpackets,"tsung_controller@ip-172-31-6-161"} 1 7820.0 0.0 7820 161 3079.4634146341464 41
stats: {cpu,"tsung_controller@ip-172-31-6-161"} 1 27.566539923954377 0.0 27.566539923954377 1.7769002961500493 10.459724161771888 42
stats: session 142 68641.39136429907 35259.94157131191 229996.22680664063 12516.95703125 84291.30643774492 1284
stats: users_count 145 2533
stats: finish_users_count 142 1426
stats: request 3420 543.6717780576107 1790.4240481452978 25115.594970703125 0.5380859375 1106.444057325813 46369
stats: connect 144 8.588650173611112 44.30423944647572 343.159912109375 0.8359375 1.6778499021801716 2388
stats: page 2866 638.1233537118911 2100.3739839031455 25115.594970703125 0.5380859375 1271.1748425158626 40253
stats: 302 47 1656
stats: 200 167 11802
stats: size_rcv 2727473 82756358
stats: newphase 1 7
stats: size_sent 1849511 30467641
stats: connected 0 1098
stats: 204 0 1231
stats: max_repeat 219 2199
stats: 400 42 442
stats: 503 3074 33437
stats: 404 4 79
stats: 500 87 1143
# stats: dump at 1480611335
stats: users 1199 1200
stats: {load,"tsung_controller@ip-172-31-6-161"} 1 0.171875 0.0 0.23828125 0.0 0.06622456395348837 43
stats: {freemem,"tsung_controller@ip-172-31-6-161"} 1 3051.859375 0.0 3158.609375 3051.859375 3108.6475290697676 43
stats: {recvpackets,"tsung_controller@ip-172-31-6-161"} 1 6201.0 0.0 6201 214 3231.4523809523803 42
stats: {sentpackets,"tsung_controller@ip-172-31-6-161"} 1 8180.0 0.0 8180 161 3192.3333333333335 42
stats: {cpu,"tsung_controller@ip-172-31-6-161"} 1 28.82968601332065 0.0 28.82968601332065 1.7769002961500493 10.857557086473806 43
stats: session 126 68882.67484925286 28266.15415086967 229996.22680664063 12516.95703125 82732.8997474018 1426
stats: users_count 218 2751
stats: finish_users_count 126 1552
stats: request 3626 667.6904358819121 2306.007592671432 26379.197021484375 0.5380859375 1067.7873019160388 49789
stats: connect 219 1.4413872984446345 1.2794599860169573 343.159912109375 0.8359375 2.0708811972378554 2532
stats: page 3102 781.5779211559586 2697.080103735195 26379.197021484375 0.5380859375 1229.0976708070525 43119
stats: 302 47 1703
stats: 200 317 12119
stats: size_rcv 3525571 86281929
stats: newphase 0 7
stats: size_sent 1878073 32345714
stats: connected 90 1188
stats: 204 1 1232
stats: max_repeat 225 2424
stats: 400 41 483
stats: 503 3138 36575
stats: 404 6 85
stats: 500 75 1218
# stats: dump at 1480611345
stats: users 1246 1248
stats: {load,"tsung_controller@ip-172-31-6-161"} 1 0.140625 0.0 0.23828125 0.0 0.06862571022727272 44
stats: {freemem,"tsung_controller@ip-172-31-6-161"} 1 3042.2265625 0.0 3158.609375 3042.2265625 3107.3568892045455 44
stats: {recvpackets,"tsung_controller@ip-172-31-6-161"} 1 7636.0 0.0 7636 214 3300.511627906976 43
stats: {sentpackets,"tsung_controller@ip-172-31-6-161"} 1 9455.0 0.0 9455 161 3308.3255813953488 43
stats: {cpu,"tsung_controller@ip-172-31-6-161"} 1 31.598864711447494 0.0 31.598864711447494 1.7769002961500493 11.266014562083962 44
stats: session 161 69717.60711252915 30105.32402826022 229996.22680664063 12516.95703125 81608.46138582527 1552
stats: users_count 208 2959
stats: finish_users_count 161 1713
stats: request 3926 544.2068966181984 1675.286579259871 26379.197021484375 0.5380859375 1040.6273049818492 53415
stats: connect 208 1.592995276817908 1.091182222766557 343.159912109375 0.8359375 2.0207688148911758 2751
stats: page 3336 671.1979779945581 2086.811509950341 26379.197021484375 0.5380859375 1199.0635680525104 46221
stats: 302 55 1758
stats: 200 226 12345
stats: size_rcv 3359341 89641270
stats: newphase 0 7
stats: size_sent 2072418 34418132
stats: connected 53 1241
stats: 204 1 1233
stats: max_repeat 249 2673
stats: 400 46 529
stats: 503 3506 40081
stats: 404 12 97
stats: 500 80 1298
# stats: dump at 1480611355
stats: users 1297 1299
stats: {load,"tsung_controller@ip-172-31-6-161"} 1 0.12109375 0.0 0.23828125 0.0 0.07022569444444443 45
stats: {freemem,"tsung_controller@ip-172-31-6-161"} 1 3040.7265625 0.0 3158.609375 3040.7265625 3105.909548611111 45
stats: {recvpackets,"tsung_controller@ip-172-31-6-161"} 1 7175.0 0.0 7636 214 3399.045454545454 44
stats: {sentpackets,"tsung_controller@ip-172-31-6-161"} 1 9554.0 0.0 9554 161 3448.0227272727275 44
stats: {cpu,"tsung_controller@ip-172-31-6-161"} 1 32.39700374531835 0.0 32.39700374531835 1.7769002961500493 11.717855676514263 45
stats: session 167 69096.14060014735 27197.512265540907 229996.22680664063 12516.95703125 80490.87379796733 1713
stats: users_count 218 3177
stats: finish_users_count 167 1880
stats: request 3871 539.3749397689744 1779.1739776920833 26379.197021484375 0.5380859375 1006.6385966712915 57341
stats: connect 209 1.296605160361842 0.8795622275062777 343.159912109375 0.807861328125 1.9906988939992394 2959
stats: page 3270 619.559850887566 2021.701548947449 26379.197021484375 0.5380859375 1163.529544434589 49557
stats: 302 58 1816
stats: 200 160 12505
stats: size_rcv 2959461 92600731
stats: newphase 0 7
stats: size_sent 2010779 36428911
stats: connected 45 1286
stats: 204 2 1235
stats: max_repeat 253 2926
stats: 400 50 579
stats: 503 3499 43580
stats: 404 4 101
stats: 500 98 1396
# stats: dump at 1480611365
stats: users 1352 1358
stats: {load,"tsung_controller@ip-172-31-6-161"} 1 0.1796875 0.0 0.23828125 0.0 0.07133152173913042 46
stats: {freemem,"tsung_controller@ip-172-31-6-161"} 1 3039.3984375 0.0 3158.609375 3039.3984375 3104.492527173913 46
stats: {recvpackets,"tsung_controller@ip-172-31-6-161"} 1 7287.0 0.0 7636 214 3482.955555555555 45
stats: {sentpackets,"tsung_controller@ip-172-31-6-161"} 1 9622.0 0.0 9622 161 3583.711111111111 45
stats: {cpu,"tsung_controller@ip-172-31-6-161"} 1 31.59392789373814 0.0 32.39700374531835 1.7769002961500493 12.167402373662178 46
stats: session 145 68805.68314587824 30629.162202579537 229996.22680664063 12516.95703125 79478.6820724163 1880
stats: users_count 200 3377
stats: finish_users_count 145 2025
stats: request 4266 485.19585761004623 1679.4179909228612 26379.197021484375 0.5380859375 977.0892008686895 61212
stats: connect 202 1.713197613706683 3.2784986502335878 343.159912109375 0.807861328125 1.944907987960661 3168
stats: page 3579 584.1301635844522 1980.4221542050195 26379.197021484375 0.5380859375 1129.8577308184692 52827
stats: 302 54 1870
stats: 200 178 12683
stats: size_rcv 3278367 95879098
stats: newphase 0 7
stats: size_sent 2233320 38662231
stats: connected 59 1345
stats: 204 1 1236
stats: max_repeat 257 3183
stats: 400 43 622
stats: 503 3902 47482
stats: 404 9 110
stats: 500 79 1475
# stats: dump at 1480611375
stats: users 1364 1377
stats: {load,"tsung_controller@ip-172-31-6-161"} 1 0.23046875 0.0 0.23828125 0.0 0.07363696808510636 47
stats: {freemem,"tsung_controller@ip-172-31-6-161"} 1 3038.9375 0.0 3158.609375 3038.9375 3103.1075465425533 47
stats: {recvpackets,"tsung_controller@ip-172-31-6-161"} 1 7390.0 0.0 7636 214 3565.652173913043 46
stats: {sentpackets,"tsung_controller@ip-172-31-6-161"} 1 9902.0 0.0 9902 161 3714.978260869565 46
stats: {cpu,"tsung_controller@ip-172-31-6-161"} 1 30.963972736124635 0.0 32.39700374531835 1.7769002961500493 12.58073270387656 47
stats: session 177 67051.50706490553 34059.093715587675 241900.4140625 12516.95703125 78714.44264310863 2025
stats: users_count 189 3566
stats: finish_users_count 177 2202
stats: request 4269 548.5653982906402 1851.354266570506 26379.197021484375 0.5380859375 945.0415359683968 65478
stats: connect 191 4.182626135062173 20.43911954104594 343.159912109375 0.807861328125 1.931019116862945 3370
stats: page 3635 642.9225832428871 2117.498119406189 26379.197021484375 0.5380859375 1095.2309364503074 56406
stats: 302 42 1912
stats: 200 196 12879
stats: size_rcv 3399658 99278756
stats: newphase 0 7
stats: size_sent 2193136 40855367
stats: connected 11 1356
stats: 204 0 1236
stats: max_repeat 263 3446
stats: 400 62 684
stats: 503 3861 51343
stats: 404 11 121
stats: 500 97 1572
# stats: dump at 1480611385
stats: users 1208 1377
stats: {load,"tsung_controller@ip-172-31-6-161"} 1 0.19921875 0.0 0.23828125 0.0 0.07690429687499999 48
stats: {freemem,"tsung_controller@ip-172-31-6-161"} 1 3038.69921875 0.0 3158.609375 3038.69921875 3101.7706705729165 48
stats: {recvpackets,"tsung_controller@ip-172-31-6-161"} 1 6164.0 0.0 7636 214 3647.021276595744 47
stats: {sentpackets,"tsung_controller@ip-172-31-6-161"} 1 8650.0 0.0 9902 161 3846.6170212765956 47
stats: {cpu,"tsung_controller@ip-172-31-6-161"} 1 29.942965779467677 0.0 32.39700374531835 1.7769002961500493 12.963716871215063 48
stats: session 183 70444.73401479254 30887.584394579208 241900.4140625 12516.95703125 77776.95872061003 2202
stats: users_count 27 3593
stats: finish_users_count 183 2385
stats: request 3676 491.04473923443476 1824.5694391199395 26379.197021484375 0.5380859375 920.7744473230595 69747
stats: connect 32 1.5056533813476563 1.6921570535517785 343.159912109375 0.807861328125 2.051787704472058 3561
stats: page 3094 555.8601242292283 2077.443201340175 26379.197021484375 0.5380859375 1067.8473008694714 60041
stats: 302 55 1967
stats: 200 120 12999
stats: size_rcv 2563969 101842725
stats: newphase 0 7
stats: size_sent 1931951 42787318
stats: connected -153 1203
stats: 204 0 1236
stats: max_repeat 296 3742
stats: 400 43 727
stats: 503 3383 54726
stats: 404 5 126
stats: 500 70 1642
# stats: dump at 1480611395
stats: users 1038 1377
stats: {load,"tsung_controller@ip-172-31-6-161"} 1 0.25 0.0 0.25 0.0 0.07940051020408162 49
stats: {freemem,"tsung_controller@ip-172-31-6-161"} 1 3039.00390625 0.0 3158.609375 3038.69921875 3100.4834980867345 49
stats: {recvpackets,"tsung_controller@ip-172-31-6-161"} 1 5201.0 0.0 7636 214 3699.4583333333326 48
stats: {sentpackets,"tsung_controller@ip-172-31-6-161"} 1 6870.0 0.0 9902 161 3946.6875 48
stats: {cpu,"tsung_controller@ip-172-31-6-161"} 1 24.809885931558938 0.0 32.39700374531835 1.7769002961500493 13.310232155056953 49
stats: session 170 70097.6009837431 30279.61103585749 241900.4140625 12516.95703125 77214.36034695609 2385
stats: users_count 0 3593
stats: finish_users_count 170 2555
stats: request 3024 784.6520110438123 2486.8490833928818 26379.197021484375 0.5380859375 899.2595758667885 73423
stats: connect 0 0 0 343.159912109375 0.807861328125 2.0469237194066587 3593
stats: page 2659 910.3116504200069 2932.0371444906386 26379.197021484375 0.5380859375 1042.7568070938332 63135
stats: 302 38 2005
stats: 200 163 13162
stats: size_rcv 2572477 104415202
stats: newphase 0 7
stats: size_sent 1634424 44421742
stats: connected -167 1036
stats: 204 0 1236
stats: max_repeat 260 4002
stats: 400 46 773
stats: 503 2696 57422
stats: 404 8 134
stats: 500 74 1716
# stats: dump at 1480611405
stats: users 867 1377
stats: {load,"tsung_controller@ip-172-31-6-161"} 1 0.2109375 0.0 0.25 0.0 0.0828125 50
stats: {freemem,"tsung_controller@ip-172-31-6-161"} 1 3038.13671875 0.0 3158.609375 3038.13671875 3099.25390625 50
stats: {recvpackets,"tsung_controller@ip-172-31-6-161"} 1 4809.0 0.0 7636 214 3730.102040816326 49
stats: {sentpackets,"tsung_controller@ip-172-31-6-161"} 1 5731.0 0.0 9902 161 4006.3469387755104 49
stats: {cpu,"tsung_controller@ip-172-31-6-161"} 1 21.26436781609195 0.0 32.39700374531835 1.7769002961500493 13.540225230586993 50
stats: session 171 70269.51450994835 26939.123264618633 241900.4140625 12516.95703125 76740.83819754465 2555
stats: users_count 0 3593
stats: finish_users_count 171 2726
stats: request 2342 962.5388427525882 2295.408590070063 26379.197021484375 0.5380859375 894.7260653820778 76447
stats: connect 0 0 0 343.159912109375 0.807861328125 2.0469237194066587 3593
stats: page 2176 1085.3902038125436 2696.6010301267484 26379.197021484375 0.5380859375 1037.4041659472896 65794
stats: 302 32 2037
stats: 200 205 13367
stats: size_rcv 2634538 107049740
stats: newphase 0 7
stats: size_sent 1302261 45724003
stats: connected -167 869
stats: 204 3 1239
stats: max_repeat 234 4236
stats: 400 38 811
stats: 503 1940 59362
stats: 404 14 148
stats: 500 109 1825
# stats: dump at 1480611415
stats: users 721 1377
stats: {load,"tsung_controller@ip-172-31-6-161"} 1 0.25 0.0 0.25 0.0 0.08532475490196079 51
stats: {freemem,"tsung_controller@ip-172-31-6-161"} 1 3038.51953125 0.0 3158.609375 3038.13671875 3098.0555300245096 51
stats: {recvpackets,"tsung_controller@ip-172-31-6-161"} 1 4488.0 0.0 7636 214 3751.6799999999994 50
stats: {sentpackets,"tsung_controller@ip-172-31-6-161"} 1 4713.0 0.0 9902 161 4040.84 50
stats: {cpu,"tsung_controller@ip-172-31-6-161"} 1 18.086124401913874 0.0 32.39700374531835 1.7769002961500493 13.691679006773365 51
stats: session 146 79977.24245337916 29395.122562992052 241900.4140625 12516.95703125 76334.89676299624 2726
stats: users_count 0 3593
stats: finish_users_count 146 2872
stats: request 1571 1352.3064123356446 2148.068137184732 26379.197021484375 0.5380859375 896.7417975858339 78789
stats: connect 0 0 0 343.159912109375 0.807861328125 2.0469237194066587 3593
stats: page 1511 1388.7440165349947 2280.8583874701426 26379.197021484375 0.5380859375 1038.9403969079308 67970
stats: 302 18 2055
stats: 200 253 13620
stats: size_rcv 2664209 109713949
stats: newphase 0 7
stats: size_sent 853989 46577992
stats: connected -146 723
stats: 204 0 1239
stats: max_repeat 170 4406
stats: 400 32 843
stats: 503 1046 60408
stats: 404 8 156
stats: 500 214 2039
# stats: dump at 1480611425
stats: users 591 1377
stats: {load,"tsung_controller@ip-172-31-6-161"} 1 0.2109375 0.0 0.25 0.0 0.08849158653846154 52
stats: {freemem,"tsung_controller@ip-172-31-6-161"} 1 3039.890625 0.0 3158.609375 3038.13671875 3096.910606971154 52
stats: {recvpackets,"tsung_controller@ip-172-31-6-161"} 1 4490.0 0.0 7636 214 3766.117647058823 51
stats: {sentpackets,"tsung_controller@ip-172-31-6-161"} 1 4097.0 0.0 9902 161 4054.0196078431372 51
stats: {cpu,"tsung_controller@ip-172-31-6-161"} 1 14.850530376084862 0.0 32.39700374531835 1.7769002961500493 13.776187572064527 52
stats: session 130 81391.89409555285 26391.408505795498 241900.4140625 12516.95703125 76520.05779043214 2872
stats: users_count 0 3593
stats: finish_users_count 130 3002
stats: request 1203 1954.9100675638363 2050.536694173601 26379.197021484375 0.5380859375 905.6478703804077 80360
stats: connect 0 0 0 343.159912109375 0.807861328125 2.0469237194066587 3593
stats: page 1187 2028.851134071256 2217.6685268977253 26379.197021484375 0.5380859375 1046.5475595747964 69481
stats: 302 25 2080
stats: 200 321 13941
stats: size_rcv 2975092 112689041
stats: newphase 0 7
stats: size_sent 649068 47227060
stats: connected -134 589
stats: 204 7 1246
stats: max_repeat 149 4555
stats: 400 17 860
stats: 503 536 60944
stats: 404 7 163
stats: 500 290 2329
# stats: dump at 1480611435
stats: users 486 1377
stats: {load,"tsung_controller@ip-172-31-6-161"} 1 0.1796875 0.0 0.25 0.0 0.09080188679245282 53
stats: {freemem,"tsung_controller@ip-172-31-6-161"} 1 3038.61328125 0.0 3158.609375 3038.13671875 3095.834758254717 53
stats: {recvpackets,"tsung_controller@ip-172-31-6-161"} 1 4308.0 0.0 7636 214 3780.038461538461 52
stats: {sentpackets,"tsung_controller@ip-172-31-6-161"} 1 3628.0 0.0 9902 161 4054.846153846154 52
stats: {cpu,"tsung_controller@ip-172-31-6-161"} 1 11.1328125 0.0 32.39700374531835 1.7769002961500493 13.796458191008307 53
stats: session 105 86974.9396926154 23849.503171782253 241900.4140625 12516.95703125 76731.03004881511 3002
stats: users_count 0 3593
stats: finish_users_count 105 3107
stats: request 858 2325.5229594624097 1402.820909088337 26379.197021484375 0.5380859375 921.1237898930748 81563
stats: connect 0 0 0 343.159912109375 0.807861328125 2.0469237194066587 3593
stats: page 851 2353.1392095007714 1440.1894052875189 26379.197021484375 0.5380859375 1063.0471682085104 70668
stats: 302 11 2091
stats: 200 339 14280
stats: size_rcv 2771122 115460163
stats: newphase 0 7
stats: size_sent 477342 47704402
stats: connected -98 491
stats: 204 10 1256
stats: max_repeat 101 4656
stats: 400 17 877
stats: 503 196 61140
stats: 404 2 165
stats: 500 283 2612
# stats: dump at 1480611445
stats: users 396 1377
stats: {load,"tsung_controller@ip-172-31-6-161"} 1 0.1484375 0.0 0.25 0.0 0.09244791666666667 54
stats: {freemem,"tsung_controller@ip-172-31-6-161"} 1 3039.92578125 0.0 3158.609375 3038.13671875 3094.7751012731483 54
stats: {recvpackets,"tsung_controller@ip-172-31-6-161"} 1 4085.0 0.0 7636 214 3789.9999999999995 53
stats: {sentpackets,"tsung_controller@ip-172-31-6-161"} 1 3318.0 0.0 9902 161 4046.7924528301887 53
stats: {cpu,"tsung_controller@ip-172-31-6-161"} 1 9.882583170254403 0.0 32.39700374531835 1.7769002961500493 13.747131418952598 54
stats: session 90 91692.66980523005 19100.319675099203 241900.4140625 12516.95703125 77077.21946387755 3107
stats: users_count 0 3593
stats: finish_users_count 90 3197
stats: request 765 2299.071057368258 856.1908651767577 26379.197021484375 0.5380859375 935.7435407756228 82421
stats: connect 0 0 0 343.159912109375 0.807861328125 2.0469237194066587 3593
stats: page 765 2299.071057368258 856.1908651767577 26379.197021484375 0.5380859375 1078.397890773699 71519
stats: 302 10 2101
stats: 200 385 14665
stats: size_rcv 2817837 118278000
stats: newphase 0 7
stats: size_sent 393871 48098273
stats: connected -91 400
stats: 204 21 1277
stats: max_repeat 86 4742
stats: 400 12 889
stats: 503 16 61156
stats: 404 4 169
stats: 500 317 2929
# stats: dump at 1480611455
stats: users 276 1377
stats: {load,"tsung_controller@ip-172-31-6-161"} 1 0.12890625 0.0 0.25 0.0 0.09346590909090909 55
stats: {freemem,"tsung_controller@ip-172-31-6-161"} 1 3038.140625 0.0 3158.609375 3038.13671875 3093.777840909091 55
stats: {recvpackets,"tsung_controller@ip-172-31-6-161"} 1 4374.0 0.0 7636 214 3795.4629629629626 54
stats: {sentpackets,"tsung_controller@ip-172-31-6-161"} 1 3586.0 0.0 9902 161 4033.296296296296 54
stats: {cpu,"tsung_controller@ip-172-31-6-161"} 1 10.850439882697946 0.0 32.39700374531835 1.7769002961500493 13.676866905339905 55
stats: session 120 100366.9016438802 19461.792014562478 241900.4140625 12516.95703125 77488.66473466945 3197
stats: users_count 0 3593
stats: finish_users_count 120 3317
stats: request 860 1009.2899093273077 878.2575545248392 26379.197021484375 0.5380859375 948.2810537007949 83186
stats: connect 0 0 0 343.159912109375 0.807861328125 2.0469237194066587 3593
stats: page 860 1009.2899093273077 878.2575545248392 26379.197021484375 0.5380859375 1091.3165860927852 72284
stats: 302 3 2104
stats: 200 475 15140
stats: size_rcv 3157469 121435469
stats: newphase 0 7
stats: size_sent 418039 48516312
stats: connected -124 276
stats: 204 32 1309
stats: max_repeat 109 4851
stats: 400 13 902
stats: 503 0 61156
stats: 404 5 174
stats: 500 332 3261
# stats: dump at 1480611465
stats: users 182 1377
stats: {load,"tsung_controller@ip-172-31-6-161"} 1 0.26953125 0.0 0.26953125 0.0 0.09409877232142858 56
stats: {freemem,"tsung_controller@ip-172-31-6-161"} 1 3038.71484375 0.0 3158.609375 3038.13671875 3092.7843191964284 56
stats: {recvpackets,"tsung_controller@ip-172-31-6-161"} 1 3581.0 0.0 7636 214 3805.9818181818177 55
stats: {sentpackets,"tsung_controller@ip-172-31-6-161"} 1 3062.0 0.0 9902 161 4025.163636363636 55
stats: {cpu,"tsung_controller@ip-172-31-6-161"} 1 10.311284046692606 0.0 32.39700374531835 1.7769002961500493 13.626394994221299 56
stats: session 94 108940.08297145113 22405.27562946684 241900.4140625 12516.95703125 78316.33685679948 3317
stats: users_count 0 3593
stats: finish_users_count 94 3411
stats: request 645 72.11354280220455 212.04445078010338 26379.197021484375 0.5380859375 948.9053263114938 84046
stats: connect 0 0 0 343.159912109375 0.807861328125 2.0469237194066587 3593
stats: page 645 72.11354280220455 212.04445078010338 26379.197021484375 0.5380859375 1090.3521468767415 73144
stats: 302 1 2105
stats: 200 402 15542
stats: size_rcv 2251033 123686502
stats: newphase 0 7
stats: size_sent 387520 48903832
stats: connected -93 183
stats: 204 44 1353
stats: max_repeat 86 4937
stats: 400 7 909
stats: 503 0 61156
stats: 404 3 177
stats: 500 188 3449
# stats: dump at 1480611475
stats: users 115 1377
stats: {load,"tsung_controller@ip-172-31-6-161"} 1 0.23046875 0.0 0.26953125 0.0 0.0971765350877193 57
stats: {freemem,"tsung_controller@ip-172-31-6-161"} 1 3038.94140625 0.0 3158.609375 3038.13671875 3091.8357319078946 57
stats: {recvpackets,"tsung_controller@ip-172-31-6-161"} 1 1877.0 0.0 7636 214 3801.9642857142853 56
stats: {sentpackets,"tsung_controller@ip-172-31-6-161"} 1 1926.0 0.0 9902 161 4007.964285714286 56
stats: {cpu,"tsung_controller@ip-172-31-6-161"} 1 7.03125 0.0 32.39700374531835 1.7769002961500493 13.568235153036584 57
stats: session 67 114730.58202760611 17558.30046238836 241900.4140625 12516.95703125 79160.26301768406 3411
stats: users_count 0 3593
stats: finish_users_count 67 3478
stats: request 479 42.2857163972795 115.72999235682987 26379.197021484375 0.5380859375 942.2277489967438 84691
stats: connect 0 0 0 343.159912109375 0.807861328125 2.0469237194066587 3593
stats: page 479 42.2857163972795 115.72999235682987 26379.197021484375 0.5380859375 1081.451580401683 73789
stats: 302 0 2105
stats: 200 323 15865
stats: size_rcv 1548979 125235481
stats: newphase 0 7
stats: size_sent 313210 49217042
stats: connected -68 115
stats: 204 44 1397
stats: max_repeat 60 4997
stats: 400 1 910
stats: 503 0 61156
stats: 404 6 183
stats: 500 105 3554
# stats: dump at 1480611485
stats: users 69 1377
stats: {load,"tsung_controller@ip-172-31-6-161"} 1 0.19140625 0.0 0.26953125 0.0 0.09947467672413793 58
stats: {freemem,"tsung_controller@ip-172-31-6-161"} 1 3055.38671875 0.0 3158.609375 3038.13671875 3090.923760775862 58
stats: {recvpackets,"tsung_controller@ip-172-31-6-161"} 1 1756.0 0.0 7636 214 3768.19298245614 57
stats: {sentpackets,"tsung_controller@ip-172-31-6-161"} 1 1640.0 0.0 9902 161 3971.438596491228 57
stats: {cpu,"tsung_controller@ip-172-31-6-161"} 1 5.669599217986314 0.0 32.39700374531835 1.7769002961500493 13.455528512466987 58
stats: session 46 122506.29233716882 17331.114321715297 241900.4140625 12516.95703125 79845.48767946231 3478
stats: users_count 0 3593
stats: finish_users_count 46 3524
stats: request 370 64.46254882812497 157.8727251588871 26379.197021484375 0.5380859375 937.1664335850362 85170
stats: connect 0 0 0 343.159912109375 0.807861328125 2.0469237194066587 3593
stats: page 370 64.46254882812497 157.8727251588871 26379.197021484375 0.5380859375 1074.7493607531385 74268
stats: 302 0 2105
stats: 200 266 16131
stats: size_rcv 1299431 126534912
stats: newphase 0 7
stats: size_sent 252864 49469906
stats: connected -42 73
stats: 204 50 1447
stats: max_repeat 34 5031
stats: 400 0 910
stats: 503 0 61156
stats: 404 6 189
stats: 500 48 3602
# stats: dump at 1480611495
stats: users 42 1377
stats: {load,"tsung_controller@ip-172-31-6-161"} 1 0.16015625 0.0 0.26953125 0.0 0.10103283898305085 59
stats: {freemem,"tsung_controller@ip-172-31-6-161"} 1 3059.12109375 0.0 3158.609375 3038.13671875 3090.321438029661 59
stats: {recvpackets,"tsung_controller@ip-172-31-6-161"} 1 909.0 0.0 7636 214 3733.4999999999995 58
stats: {sentpackets,"tsung_controller@ip-172-31-6-161"} 1 916.0 0.0 9902 161 3931.2413793103447 58
stats: {cpu,"tsung_controller@ip-172-31-6-161"} 1 3.648915187376726 0.0 32.39700374531835 1.7769002961500493 13.323563609170703 59
stats: session 27 130879.07981589988 17788.29567051749 241900.4140625 12516.95703125 80402.35402856972 3524
stats: users_count 0 3593
stats: finish_users_count 27 3551
stats: request 210 45.11937430245534 122.5840000796595 26379.197021484375 0.5380859375 933.3915862930083 85540
stats: connect 0 0 0 343.159912109375 0.807861328125 2.0469237194066587 3593
stats: page 210 45.11937430245534 122.5840000796595 26379.197021484375 0.5380859375 1069.7411059712279 74638
stats: 302 0 2105
stats: 200 165 16296
stats: size_rcv 747135 127282047
stats: newphase 0 7
stats: size_sent 148078 49617984
stats: connected -31 42
stats: 204 23 1470
stats: max_repeat 29 5060
stats: 400 0 910
stats: 503 0 61156
stats: 404 1 190
stats: 500 21 3623
# stats: dump at 1480611505
stats: users 31 1377
stats: {load,"tsung_controller@ip-172-31-6-161"} 1 0.2109375 0.0 0.26953125 0.0 0.10201822916666667 60
stats: {freemem,"tsung_controller@ip-172-31-6-161"} 1 3060.7734375 0.0 3158.609375 3038.13671875 3089.8014322916665 60
stats: {recvpackets,"tsung_controller@ip-172-31-6-161"} 1 776.0 0.0 7636 214 3685.627118644067 59
stats: {sentpackets,"tsung_controller@ip-172-31-6-161"} 1 710.0 0.0 9902 161 3880.135593220339 59
stats: {cpu,"tsung_controller@ip-172-31-6-161"} 1 2.8627838104639687 0.0 32.39700374531835 1.7769002961500493 13.162319468807471 60
stats: session 11 141771.16930042615 13624.688114416222 241900.4140625 12516.95703125 80786.15340797212 3551
stats: users_count 0 3593
stats: finish_users_count 11 3562
stats: request 189 68.59021964905753 158.1782437083696 26379.197021484375 0.5380859375 931.2162257738478 85750
stats: connect 0 0 0 343.159912109375 0.807861328125 2.0469237194066587 3593
stats: page 189 68.59021964905753 158.1782437083696 26379.197021484375 0.5380859375 1066.8663389280143 74848
stats: 302 0 2105
stats: 200 151 16447
stats: size_rcv 677750 127959797
stats: newphase 0 7
stats: size_sent 137209 49755193
stats: connected -11 31
stats: 204 31 1501
stats: max_repeat 8 5068
stats: 400 0 910
stats: 503 0 61156
stats: 404 4 194
stats: 500 3 3626
# stats: dump at 1480611515
stats: users 15 1377
stats: {load,"tsung_controller@ip-172-31-6-161"} 1 0.171875 0.0 0.26953125 0.0 0.10380379098360656 61
stats: {freemem,"tsung_controller@ip-172-31-6-161"} 1 3060.0078125 0.0 3158.609375 3038.13671875 3089.32556352459 61
stats: {recvpackets,"tsung_controller@ip-172-31-6-161"} 1 549.0 0.0 7636 214 3637.1333333333328 60
stats: {sentpackets,"tsung_controller@ip-172-31-6-161"} 1 499.0 0.0 9902 161 3827.3 60
stats: {cpu,"tsung_controller@ip-172-31-6-161"} 1 2.5691699604743086 0.0 32.39700374531835 1.7769002961500493 12.99347462194938 61
stats: session 16 151206.554397583 15594.019937629766 241900.4140625 12516.95703125 80974.48445087414 3562
stats: users_count 0 3593
stats: finish_users_count 16 3578
stats: request 107 57.91735725759347 142.47812531763847 26379.197021484375 0.5380859375 929.3191090380517 85939
stats: connect 0 0 0 343.159912109375 0.807861328125 2.0469237194066587 3593
stats: page 107 57.91735725759347 142.47812531763847 26379.197021484375 0.5380859375 1064.35192355235 75037
stats: 302 0 2105
stats: 200 87 16534
stats: size_rcv 380261 128340058
stats: newphase 0 7
stats: size_sent 77645 49832838
stats: connected -16 15
stats: 204 17 1518
stats: max_repeat 7 5075
stats: 400 0 910
stats: 503 0 61156
stats: 404 2 196
stats: 500 1 3627
# stats: dump at 1480611525
stats: users 7 1377
stats: {load,"tsung_controller@ip-172-31-6-161"} 1 0.1484375 0.0 0.26953125 0.0 0.10490171370967742 62
stats: {freemem,"tsung_controller@ip-172-31-6-161"} 1 3070.296875 0.0 3158.609375 3038.13671875 3088.8526965725805 62
stats: {recvpackets,"tsung_controller@ip-172-31-6-161"} 1 300.0 0.0 7636 214 3586.508196721311 61
stats: {sentpackets,"tsung_controller@ip-172-31-6-161"} 1 280.0 0.0 9902 161 3772.7377049180327 61
stats: {cpu,"tsung_controller@ip-172-31-6-161"} 1 2.0710059171597637 0.0 32.39700374531835 1.7769002961500493 12.825340675796555 62
stats: session 8 171753.42700195313 16852.044497426185 241900.4140625 12516.95703125 81288.54625052404 3578
stats: users_count 0 3593
stats: finish_users_count 8 3586
stats: request 56 75.89683314732143 173.21020631850146 26379.197021484375 0.5380859375 928.2355027409488 86046
stats: connect 0 0 0 343.159912109375 0.807861328125 2.0469237194066587 3593
stats: page 56 75.89683314732143 173.21020631850146 26379.197021484375 0.5380859375 1062.9188284470383 75144
stats: 302 0 2105
stats: 200 46 16580
stats: size_rcv 201658 128541716
stats: newphase 0 7
stats: size_sent 39714 49872552
stats: connected -8 7
stats: 204 9 1527
stats: max_repeat 1 5076
stats: 400 0 910
stats: 503 0 61156
stats: 404 1 197
stats: 500 0 3627
# stats: dump at 1480611535
stats: users 3 1377
stats: {load,"tsung_controller@ip-172-31-6-161"} 1 0.12890625 0.0 0.26953125 0.0 0.10559275793650794 63
stats: {freemem,"tsung_controller@ip-172-31-6-161"} 1 3073.75390625 0.0 3158.609375 3038.13671875 3088.558159722222 63
stats: {recvpackets,"tsung_controller@ip-172-31-6-161"} 1 148.0 0.0 7636 148 3533.4999999999995 62
stats: {sentpackets,"tsung_controller@ip-172-31-6-161"} 1 151.0 0.0 9902 151 3716.4032258064517 62
stats: {cpu,"tsung_controller@ip-172-31-6-161"} 1 1.582591493570722 0.0 32.39700374531835 1.582591493570722 12.654636949468987 63
stats: session 4 160451.87170410156 5964.992112577728 241900.4140625 12516.95703125 81490.36416631083 3586
stats: users_count 0 3593
stats: finish_users_count 4 3590
stats: request 28 71.61171177455358 168.09426452996536 26379.197021484375 0.5380859375 927.6811490035532 86102
stats: connect 0 0 0 343.159912109375 0.807861328125 2.0469237194066587 3593
stats: page 28 71.61171177455358 168.09426452996536 26379.197021484375 0.5380859375 1062.1838120675598 75200
stats: 302 0 2105
stats: 200 24 16604
stats: size_rcv 80686 128622402
stats: newphase 0 7
stats: size_sent 20573 49893125
stats: connected -4 3
stats: 204 4 1531
stats: max_repeat 1 5077
stats: 400 0 910
stats: 503 0 61156
stats: 404 0 197
stats: 500 0 3627
# stats: dump at 1480611545
stats: users 2 1377
stats: {load,"tsung_controller@ip-172-31-6-161"} 1 0.109375 0.0 0.26953125 0.0 0.10595703125 64
stats: {freemem,"tsung_controller@ip-172-31-6-161"} 1 3079.44140625 0.0 3158.609375 3038.13671875 3088.3268432617188 64
stats: {recvpackets,"tsung_controller@ip-172-31-6-161"} 1 108.0 0.0 7636 108 3479.761904761904 63
stats: {sentpackets,"tsung_controller@ip-172-31-6-161"} 1 102.0 0.0 9902 102 3659.809523809524 63
stats: {cpu,"tsung_controller@ip-172-31-6-161"} 1 1.4807502467917077 0.0 32.39700374531835 1.4807502467917077 12.481636239220576 64
stats: session 1 174447.97998046875 0.0 241900.4140625 12516.95703125 81578.34356189611 3590
stats: users_count 0 3593
stats: finish_users_count 1 3591
stats: request 8 109.53314208984375 187.09574154111766 26379.197021484375 0.5380859375 927.4028494071011 86130
stats: connect 0 0 0 343.159912109375 0.807861328125 2.0469237194066587 3593
stats: page 8 109.53314208984375 187.09574154111766 26379.197021484375 0.5380859375 1061.8151193094352 75228
stats: 302 0 2105
stats: 200 7 16611
stats: size_rcv 26836 128649238
stats: newphase 0 7
stats: size_sent 5780 49898905
stats: connected -1 2
stats: 204 1 1532
stats: max_repeat 1 5078
stats: 400 0 910
stats: 503 0 61156
stats: 404 0 197
stats: 500 0 3627
# stats: dump at 1480611555
stats: users 1 1377
stats: {load,"tsung_controller@ip-172-31-6-161"} 1 0.08984375 0.0 0.26953125 0.0 0.10600961538461538 65
stats: {freemem,"tsung_controller@ip-172-31-6-161"} 1 3079.53515625 0.0 3158.609375 3038.13671875 3088.1901442307694 65
stats: {recvpackets,"tsung_controller@ip-172-31-6-161"} 1 91.0 0.0 7636 91 3427.0781249999995 64
stats: {sentpackets,"tsung_controller@ip-172-31-6-161"} 1 86.0 0.0 9902 86 3604.21875 64
stats: {cpu,"tsung_controller@ip-172-31-6-161"} 1 1.4792899408284024 0.0 32.39700374531835 1.4792899408284024 12.312391839337055 65
stats: session 1 185571.55615234375 0.0 241900.4140625 12516.95703125 81604.20533756266 3591
stats: users_count 0 3593
stats: finish_users_count 1 3592
stats: request 9 136.01394314236111 225.21701753364542 26379.197021484375 0.5380859375 927.3268903918171 86138
stats: connect 0 0 0 343.159912109375 0.807861328125 2.0469237194066587 3593
stats: page 9 136.01394314236111 225.21701753364542 26379.197021484375 0.5380859375 1061.713861190745 75236
stats: 302 0 2105
stats: 200 7 16618
stats: size_rcv 33904 128683142
stats: newphase 0 7
stats: size_sent 6639 49905544
stats: connected -1 1
stats: 204 2 1534
stats: max_repeat 0 5078
stats: 400 0 910
stats: 503 0 61156
stats: 404 0 197
stats: 500 0 3627
# stats: dump at 1480611565
stats: users 0 1377
stats: {load,"tsung_controller@ip-172-31-6-161"} 1 0.078125 0.0 0.26953125 0.0 0.10576467803030302 66
stats: {freemem,"tsung_controller@ip-172-31-6-161"} 1 3083.9375 0.0 3158.609375 3038.13671875 3088.0590080492425 66
stats: {recvpackets,"tsung_controller@ip-172-31-6-161"} 1 57.0 0.0 7636 57 3375.7538461538456 65
stats: {sentpackets,"tsung_controller@ip-172-31-6-161"} 1 60.0 0.0 9902 60 3550.0923076923077 65
stats: {cpu,"tsung_controller@ip-172-31-6-161"} 1 1.383399209486166 0.0 32.39700374531835 1.383399209486166 12.148253931783893 66
stats: session 1 202577.22290039063 0.0 241900.4140625 12516.95703125 81633.1494775445 3592
stats: users_count 0 3593
stats: finish_users_count 1 3593
stats: request 1 22.879150390625 0.0 26379.197021484375 0.5380859375 927.2442198806531 86147
stats: connect 0 0 0 343.159912109375 0.807861328125 2.0469237194066587 3593
stats: page 1 22.879150390625 0.0 26379.197021484375 0.5380859375 1061.6031388934173 75245
stats: 302 0 2105
stats: 200 1 16619
stats: size_rcv 4682 128687824
stats: newphase 0 7
stats: size_sent 673 49906217
stats: connected -1 0
stats: 204 0 1534
stats: max_repeat 1 5079
stats: 400 0 910
stats: 503 0 61156
stats: 404 0 197
stats: 500 0 3627
# stats: dump at 1480611567
stats: users 0 1377
stats: {load,"tsung_controller@ip-172-31-6-161"} 0 0 0 0.26953125 0.0 0.10535214552238806 67
stats: {freemem,"tsung_controller@ip-172-31-6-161"} 0 0 0 3158.609375 3038.13671875 3087.9974930037315 67
stats: {recvpackets,"tsung_controller@ip-172-31-6-161"} 0 0 0 7636 57 3325.4696969696965 66
stats: {sentpackets,"tsung_controller@ip-172-31-6-161"} 0 0 0 9902 60 3497.212121212121 66
stats: {cpu,"tsung_controller@ip-172-31-6-161"} 0 0 0 32.39700374531835 1.383399209486166 11.987584458316762 67
stats: session 0 0 0 241900.4140625 12516.95703125 81666.81050549408 3593
stats: users_count 0 3593
stats: finish_users_count 0 3593
stats: request 0 0 0 26379.197021484375 0.5380859375 927.2337220737453 86148
stats: connect 0 0 0 343.159912109375 0.807861328125 2.0469237194066587 3593
stats: page 0 0 0 26379.197021484375 0.5380859375 1061.5893345185866 75246
stats: 302 0 2105
stats: 200 0 16619
stats: size_rcv 0 128687824
stats: newphase 0 7
stats: size_sent 0 49906217
stats: connected 0 0
stats: 204 0 1534
stats: max_repeat 0 5079
stats: 400 0 910
stats: 503 0 61156
stats: 404 0 197
stats: 500 0 3627
EndMonitor:{1480,611567,562587}
