# stats: dump at 1480584726
stats: users 3 3
stats: {load,"tsung_controller@ip-172-31-6-161"} 1 0.0 0 0.0 0.0 0 0
stats: {freemem,"tsung_controller@ip-172-31-6-161"} 1 3162.453125 0 3162.453125 3162.453125 0 0
stats: {cpu,"tsung_controller@ip-172-31-6-161"} 1 4.020992686627474 0 4.020992686627474 4.020992686627474 0 0
stats: users_count 3 3
stats: finish_users_count 0 0
stats: request 3 62.95068359375 47.15456008958806 121.7099609375 6.260986328125 0 0
stats: connect 2 55.859375 54.99658203125 110.85595703125 0.86279296875 0 0
stats: page 3 62.95068359375 47.15456008958806 121.7099609375 6.260986328125 0 0
stats: 200 3 3
stats: size_rcv 19681 19681
stats: size_sent 1238 1238
stats: connected 2 2
# stats: dump at 1480584736
stats: users 5 5
stats: {load,"tsung_controller@ip-172-31-6-161"} 1 0.0 0.0 0.0 0.0 0.0 1
stats: {freemem,"tsung_controller@ip-172-31-6-161"} 1 3161.6328125 0.0 3162.453125 3161.6328125 3162.453125 1
stats: {recvpackets,"tsung_controller@ip-172-31-6-161"} 1 133 0 133 133 0 0
stats: {sentpackets,"tsung_controller@ip-172-31-6-161"} 1 98 0 98 98 0 0
stats: {cpu,"tsung_controller@ip-172-31-6-161"} 1 2.4533856722276743 0.0 4.020992686627474 2.4533856722276743 4.020992686627474 1
stats: session 3 4076.4288736979165 1022.5599960350532 5517.06982421875 3247.2109375 0 0
stats: users_count 5 8
stats: finish_users_count 3 3
stats: request 15 105.0958984375 166.95216494529683 706.5791015625 6.19482421875 62.95068359375 3
stats: connect 6 1.9100748697916667 2.462236921852646 110.85595703125 0.744873046875 55.859375 2
stats: page 15 105.0958984375 166.95216494529683 706.5791015625 6.19482421875 62.95068359375 3
stats: 200 15 18
stats: size_rcv 152588 172269
stats: size_sent 6596 7834
stats: connected 3 5
# stats: dump at 1480584746
stats: users 7 8
stats: {load,"tsung_controller@ip-172-31-6-161"} 1 0.0 0.0 0.0 0.0 0.0 2
stats: {freemem,"tsung_controller@ip-172-31-6-161"} 1 3161.29296875 0.0 3162.453125 3161.29296875 3162.04296875 2
stats: {recvpackets,"tsung_controller@ip-172-31-6-161"} 1 246.0 0.0 246 133 133.0 1
stats: {sentpackets,"tsung_controller@ip-172-31-6-161"} 1 201.0 0.0 201 98 98.0 1
stats: {cpu,"tsung_controller@ip-172-31-6-161"} 1 3.024390243902439 0.0 4.020992686627474 2.4533856722276743 3.237189179427574 2
stats: session 7 8253.250418526786 5072.998416822584 18356.27001953125 1943.31298828125 4076.4288736979165 3
stats: users_count 9 17
stats: finish_users_count 7 10
stats: request 38 492.32020327919406 1081.7536635439208 6460.678955078125 4.718017578125 98.07169596354167 18
stats: connect 9 1.9917263454861112 2.4991733679651484 110.85595703125 0.699951171875 15.39739990234375 8
stats: page 38 492.32020327919406 1081.7536635439208 6460.678955078125 4.718017578125 98.07169596354167 18
stats: 200 38 56
stats: size_rcv 956210 1128479
stats: size_sent 13263 21097
stats: connected 2 7
# stats: dump at 1480584756
stats: users 8 8
stats: {load,"tsung_controller@ip-172-31-6-161"} 1 0.0 0.0 0.0 0.0 0.0 3
stats: {freemem,"tsung_controller@ip-172-31-6-161"} 1 3160.2109375 0.0 3162.453125 3160.2109375 3161.79296875 3
stats: {recvpackets,"tsung_controller@ip-172-31-6-161"} 1 742.0 0.0 742 133 189.5 2
stats: {sentpackets,"tsung_controller@ip-172-31-6-161"} 1 433.0 0.0 433 98 149.5 2
stats: {cpu,"tsung_controller@ip-172-31-6-161"} 1 1.3820335636722607 0.0 4.020992686627474 1.3820335636722607 3.1662562009191952 3
stats: session 9 6399.225775824652 3743.050134367003 18356.27001953125 824.785888671875 7000.203955078125 10
stats: users_count 10 27
stats: finish_users_count 9 19
stats: request 34 77.48553107766544 89.60913340597568 6460.678955078125 4.718017578125 365.5974687848772 56
stats: connect 9 2.560546875 3.737249285320492 110.85595703125 0.699951171875 8.300278607536764 17
stats: page 34 77.48553107766544 89.60913340597568 6460.678955078125 4.718017578125 365.5974687848772 56
stats: 200 34 90
stats: size_rcv 298686 1427165
stats: size_sent 13266 34363
stats: connected 0 7
# stats: dump at 1480584766
stats: users 8 13
stats: {load,"tsung_controller@ip-172-31-6-161"} 1 0.0 0.0 0.0 0.0 0.0 4
stats: {freemem,"tsung_controller@ip-172-31-6-161"} 1 3160.09765625 0.0 3162.453125 3160.09765625 3161.3974609375 4
stats: {recvpackets,"tsung_controller@ip-172-31-6-161"} 1 408.0 0.0 742 133 373.6666666666667 3
stats: {sentpackets,"tsung_controller@ip-172-31-6-161"} 1 260.0 0.0 433 98 244.0 3
stats: {cpu,"tsung_controller@ip-172-31-6-161"} 1 1.4792899408284024 0.0 4.020992686627474 1.3820335636722607 2.7202005416074617 4
stats: session 13 6749.489182692308 2259.3751962017236 18356.27001953125 824.785888671875 6715.530080694902 19
stats: users_count 13 40
stats: finish_users_count 13 32
stats: request 49 269.0075334821428 401.5474745248748 6460.678955078125 4.718017578125 256.75518120659723 90
stats: connect 14 1.6956438337053572 1.9150869305185727 110.85595703125 0.671875 6.313448392427885 26
stats: page 49 269.0075334821428 401.5474745248748 6460.678955078125 4.718017578125 256.75518120659723 90
stats: 200 49 139
stats: size_rcv 534906 1962071
stats: size_sent 20203 54566
stats: connected 2 9
# stats: dump at 1480584776
stats: users 7 13
stats: {load,"tsung_controller@ip-172-31-6-161"} 1 0.0 0.0 0.0 0.0 0.0 5
stats: {freemem,"tsung_controller@ip-172-31-6-161"} 1 3159.578125 0.0 3162.453125 3159.578125 3161.1375 5
stats: {recvpackets,"tsung_controller@ip-172-31-6-161"} 1 968.0 0.0 968 133 382.25 4
stats: {sentpackets,"tsung_controller@ip-172-31-6-161"} 1 542.0 0.0 542 98 248.0 4
stats: {cpu,"tsung_controller@ip-172-31-6-161"} 1 1.7786561264822136 0.0 4.020992686627474 1.3820335636722607 2.47201842145165 5
stats: session 16 5882.062072753906 2959.325555185669 18356.27001953125 824.785888671875 6729.325965881348 32
stats: users_count 15 55
stats: finish_users_count 16 48
stats: request 68 303.5706104951746 928.89584126486 7592.171875 4.718017578125 261.0743557497752 139
stats: connect 15 2.42568359375 3.2990131511335523 110.85595703125 0.64990234375 4.697216796875 40
stats: page 68 303.5706104951746 928.89584126486 7592.171875 4.718017578125 261.0743557497752 139
stats: 200 68 207
stats: size_rcv 1148417 3110488
stats: size_sent 26596 81162
stats: connected -1 8
# stats: dump at 1480584786
stats: users 9 13
stats: {load,"tsung_controller@ip-172-31-6-161"} 1 0.078125 0.0 0.078125 0.0 0.0 6
stats: {freemem,"tsung_controller@ip-172-31-6-161"} 1 3159.63671875 0.0 3162.453125 3159.578125 3160.8776041666665 6
stats: {recvpackets,"tsung_controller@ip-172-31-6-161"} 1 633.0 0.0 968 133 499.4 5
stats: {sentpackets,"tsung_controller@ip-172-31-6-161"} 1 467.0 0.0 542 98 306.8 5
stats: {cpu,"tsung_controller@ip-172-31-6-161"} 1 2.06286836935167 0.0 4.020992686627474 1.3820335636722607 2.356458038956744 6
stats: session 7 7017.2333984375 3773.9589836811865 18356.27001953125 824.785888671875 6446.9046681722 48
stats: users_count 9 64
stats: finish_users_count 7 55
stats: request 26 319.6468599759614 1206.9174388455335 7592.171875 4.718017578125 275.03447808159723 207
stats: connect 8 1.525604248046875 1.3817937376095963 110.85595703125 0.64990234375 4.077707741477273 55
stats: page 26 319.6468599759614 1206.9174388455335 7592.171875 4.718017578125 275.03447808159723 207
stats: 200 26 233
stats: size_rcv 653566 3764054
stats: newphase 1 1
stats: size_sent 9281 90443
stats: connected 0 8
# stats: dump at 1480584796
stats: users 8 13
stats: {load,"tsung_controller@ip-172-31-6-161"} 1 0.0703125 0.0 0.078125 0.0 0.011160714285714286 7
stats: {freemem,"tsung_controller@ip-172-31-6-161"} 1 3159.63671875 0.0 3162.453125 3159.578125 3160.7003348214284 7
stats: {recvpackets,"tsung_controller@ip-172-31-6-161"} 1 596.0 0.0 968 133 521.6666666666666 6
stats: {sentpackets,"tsung_controller@ip-172-31-6-161"} 1 317.0 0.0 542 98 333.5 6
stats: {cpu,"tsung_controller@ip-172-31-6-161"} 1 1.4792899408284024 0.0 4.020992686627474 1.3820335636722607 2.3145166575845906 7
stats: session 11 6700.261940696023 3037.9760771799665 18356.27001953125 824.785888671875 6519.491961115057 55
stats: users_count 10 74
stats: finish_users_count 11 66
stats: request 42 94.88700358072917 111.10480591581288 7592.171875 4.718017578125 280.01268378654777 233
stats: connect 10 1.8714599609375 2.7782685023942637 110.85595703125 0.64892578125 3.753631107390873 63
stats: page 42 94.88700358072917 111.10480591581288 7592.171875 4.718017578125 280.01268378654777 233
stats: 200 42 275
stats: size_rcv 403711 4167765
stats: newphase 0 1
stats: size_sent 16770 107213
stats: connected -1 7
# stats: dump at 1480584806
stats: users 4 13
stats: {load,"tsung_controller@ip-172-31-6-161"} 1 0.05859375 0.0 0.078125 0.0 0.0185546875 8
stats: {freemem,"tsung_controller@ip-172-31-6-161"} 1 3160.125 0.0 3162.453125 3159.578125 3160.5673828125 8
stats: {recvpackets,"tsung_controller@ip-172-31-6-161"} 1 418.0 0.0 968 133 532.2857142857143 7
stats: {sentpackets,"tsung_controller@ip-172-31-6-161"} 1 326.0 0.0 542 98 331.14285714285717 7
stats: {cpu,"tsung_controller@ip-172-31-6-161"} 1 1.2833168805528135 0.0 4.020992686627474 1.2833168805528135 2.210113317990067 8
stats: session 13 8243.37188251202 5212.167838330639 20247.569091796875 824.785888671875 6549.6202910452175 66
stats: users_count 9 83
stats: finish_users_count 13 79
stats: request 48 106.35412089029948 136.95192469012645 7592.171875 4.718017578125 251.73894353693183 275
stats: connect 10 1.377734375 1.9402353476054774 110.85595703125 0.612060546875 3.4957994434931505 73
stats: page 48 106.35412089029948 136.95192469012645 7592.171875 4.718017578125 251.73894353693183 275
stats: 200 48 323
stats: size_rcv 494790 4662555
stats: newphase 0 1
stats: size_sent 19655 126868
stats: connected -2 5
# stats: dump at 1480584816
stats: users 8 13
stats: {load,"tsung_controller@ip-172-31-6-161"} 1 0.05078125 0.0 0.078125 0.0 0.023003472222222224 9
stats: {freemem,"tsung_controller@ip-172-31-6-161"} 1 3160.11328125 0.0 3162.453125 3159.578125 3160.5182291666665 9
stats: {recvpackets,"tsung_controller@ip-172-31-6-161"} 1 521.0 0.0 968 133 518.0 8
stats: {sentpackets,"tsung_controller@ip-172-31-6-161"} 1 395.0 0.0 542 98 330.5 8
stats: {cpu,"tsung_controller@ip-172-31-6-161"} 1 1.6699410609037328 0.0 4.020992686627474 1.2833168805528135 2.1071359360525945 9
stats: session 9 5949.122856987848 3744.9738032216546 20247.569091796875 824.785888671875 6828.338907362539 79
stats: users_count 13 96
stats: finish_users_count 9 88
stats: request 44 105.47455943714489 131.3138422911488 7592.171875 4.718017578125 230.13376865446014 323
stats: connect 13 2.1908052884615383 2.735812286271069 110.85595703125 0.612060546875 3.2406108810240966 83
stats: page 44 105.47455943714489 131.3138422911488 7592.171875 4.718017578125 230.13376865446014 323
stats: 200 44 367
stats: size_rcv 454518 5117073
stats: newphase 0 1
stats: size_sent 17182 144050
stats: connected 3 8
# stats: dump at 1480584826
stats: users 10 15
stats: {load,"tsung_controller@ip-172-31-6-161"} 1 0.0390625 0.0 0.078125 0.0 0.02578125 10
stats: {freemem,"tsung_controller@ip-172-31-6-161"} 1 3160.15625 0.0 3162.453125 3159.578125 3160.477734375 10
stats: {recvpackets,"tsung_controller@ip-172-31-6-161"} 1 488.0 0.0 968 133 518.3333333333334 9
stats: {sentpackets,"tsung_controller@ip-172-31-6-161"} 1 357.0 0.0 542 98 337.6666666666667 9
stats: {cpu,"tsung_controller@ip-172-31-6-161"} 1 1.6765285996055226 0.0 4.020992686627474 1.2833168805528135 2.063416448537708 10
stats: session 11 8448.538640802557 3763.268029656913 20247.569091796875 824.785888671875 6738.419084028764 88
stats: users_count 13 109
stats: finish_users_count 11 99
stats: request 48 450.98572794596356 993.8602004948149 7592.171875 4.718017578125 215.1882503831744 367
stats: connect 13 4.681978665865385 3.676373156217144 110.85595703125 0.612060546875 3.09844970703125 96
stats: page 48 450.98572794596356 993.8602004948149 7592.171875 4.718017578125 215.1882503831744 367
stats: 200 48 415
stats: size_rcv 989092 6106165
stats: newphase 0 1
stats: size_sent 18624 162674
stats: connected 3 11
# stats: dump at 1480584836
stats: users 6 15
stats: {load,"tsung_controller@ip-172-31-6-161"} 1 0.0390625 0.0 0.078125 0.0 0.026988636363636364 11
stats: {freemem,"tsung_controller@ip-172-31-6-161"} 1 3159.28515625 0.0 3162.453125 3159.28515625 3160.4485085227275 11
stats: {recvpackets,"tsung_controller@ip-172-31-6-161"} 1 892.0 0.0 968 133 515.3 10
stats: {sentpackets,"tsung_controller@ip-172-31-6-161"} 1 571.0 0.0 571 98 339.6 10
stats: {cpu,"tsung_controller@ip-172-31-6-161"} 1 2.1632251720747298 0.0 4.020992686627474 1.2833168805528135 2.0282448259075094 11
stats: session 12 7453.8767496744795 2217.8161268599415 20247.569091796875 824.785888671875 6928.432368114741 99
stats: users_count 8 117
stats: finish_users_count 12 111
stats: request 42 96.02628580729167 101.12181598753051 7592.171875 4.718017578125 242.4612116434488 415
stats: connect 8 0.95208740234375 0.37309426111572436 110.85595703125 0.612060546875 3.2873109590022938 109
stats: page 42 96.02628580729167 101.12181598753051 7592.171875 4.718017578125 242.4612116434488 415
stats: 200 42 457
stats: size_rcv 408664 6514829
stats: newphase 0 1
stats: size_sent 16975 179649
stats: connected -5 6
# stats: dump at 1480584846
stats: users 5 15
stats: {load,"tsung_controller@ip-172-31-6-161"} 1 0.03125 0.0 0.078125 0.0 0.027994791666666668 12
stats: {freemem,"tsung_controller@ip-172-31-6-161"} 1 3160.125 0.0 3162.453125 3159.28515625 3160.3515625 12
stats: {recvpackets,"tsung_controller@ip-172-31-6-161"} 1 449.0 0.0 968 133 549.5454545454545 11
stats: {sentpackets,"tsung_controller@ip-172-31-6-161"} 1 341.0 0.0 571 98 360.6363636363636 11
stats: {cpu,"tsung_controller@ip-172-31-6-161"} 1 1.3820335636722607 0.0 4.020992686627474 1.2833168805528135 2.039493188088111 12
stats: session 10 6274.168701171875 1134.969202194212 20247.569091796875 824.785888671875 6985.237166121199 111
stats: users_count 9 126
stats: finish_users_count 10 121
stats: request 36 94.32617865668402 107.31497290719848 7592.171875 4.718017578125 229.0032972339989 457
stats: connect 9 1.110107421875 1.1544758757768327 110.85595703125 0.5810546875 3.1276375534188032 117
stats: page 36 94.32617865668402 107.31497290719848 7592.171875 4.718017578125 229.0032972339989 457
stats: 200 37 494
stats: size_rcv 398742 6913571
stats: newphase 1 2
stats: size_sent 15669 195318
stats: connected 1 7
# stats: dump at 1480584856
stats: users 12 15
stats: {load,"tsung_controller@ip-172-31-6-161"} 1 0.03125 0.0 0.078125 0.0 0.028245192307692308 13
stats: {freemem,"tsung_controller@ip-172-31-6-161"} 1 3160.03515625 0.0 3162.453125 3159.28515625 3160.3341346153848 13
stats: {recvpackets,"tsung_controller@ip-172-31-6-161"} 1 515.0 0.0 968 133 541.1666666666666 12
stats: {sentpackets,"tsung_controller@ip-172-31-6-161"} 1 381.0 0.0 571 98 359.0 12
stats: {cpu,"tsung_controller@ip-172-31-6-161"} 1 1.6748768472906401 0.0 4.020992686627474 1.2833168805528135 1.9889193708253534 13
stats: session 14 5296.81999860491 2540.6538752950046 20247.569091796875 824.785888671875 6926.471177282412 121
stats: users_count 21 147
stats: finish_users_count 14 135
stats: request 74 116.55001583614865 134.66673121549215 7592.171875 4.419921875 219.16886261172033 493
stats: connect 21 1.451020740327381 1.6205443518355582 110.85595703125 0.523193359375 2.9835282583085316 126
stats: page 74 116.55001583614865 134.66673121549215 7592.171875 4.419921875 219.16886261172033 493
stats: 200 73 567
stats: size_rcv 681058 7594629
stats: newphase 0 2
stats: size_sent 28387 223705
stats: connected 5 12
# stats: dump at 1480584866
stats: users 17 17
stats: {load,"tsung_controller@ip-172-31-6-161"} 1 0.01953125 0.0 0.078125 0.0 0.028459821428571428 14
stats: {freemem,"tsung_controller@ip-172-31-6-161"} 1 3159.6796875 0.0 3162.453125 3159.28515625 3160.3127790178573 14
stats: {recvpackets,"tsung_controller@ip-172-31-6-161"} 1 687.0 0.0 968 133 539.1538461538462 13
stats: {sentpackets,"tsung_controller@ip-172-31-6-161"} 1 537.0 0.0 571 98 360.6923076923077 13
stats: {cpu,"tsung_controller@ip-172-31-6-161"} 1 1.8737672583826428 0.0 4.020992686627474 1.2833168805528135 1.9664877620014454 14
stats: session 14 6555.142508370535 2603.285157180825 20247.569091796875 824.785888671875 6757.470314308449 135
stats: users_count 19 166
stats: finish_users_count 14 149
stats: request 62 138.70188067036287 180.89224899704277 7592.171875 4.419921875 205.77592670097553 567
stats: connect 18 2.466769748263889 2.5500221244325023 110.85595703125 0.523193359375 2.764598612882653 147
stats: page 62 138.70188067036287 180.89224899704277 7592.171875 4.419921875 205.77592670097553 567
stats: 200 62 629
stats: size_rcv 673595 8268224
stats: newphase 0 2
stats: size_sent 24124 247829
stats: connected 4 16
# stats: dump at 1480584876
stats: users 18 18
stats: {load,"tsung_controller@ip-172-31-6-161"} 1 0.01953125 0.0 0.078125 0.0 0.027864583333333335 15
stats: {freemem,"tsung_controller@ip-172-31-6-161"} 1 3159.5546875 0.0 3162.453125 3159.28515625 3160.270572916667 15
stats: {recvpackets,"tsung_controller@ip-172-31-6-161"} 1 757.0 0.0 968 133 549.7142857142857 14
stats: {sentpackets,"tsung_controller@ip-172-31-6-161"} 1 571.0 0.0 571 98 373.2857142857143 14
stats: {cpu,"tsung_controller@ip-172-31-6-161"} 1 2.6470588235294117 0.0 4.020992686627474 1.2833168805528135 1.9603063950935251 15
stats: session 14 7319.177054268973 3349.8110909127345 20247.569091796875 824.785888671875 6738.459647978712 149
stats: users_count 15 181
stats: finish_users_count 14 163
stats: request 63 331.85763501364085 901.6469862888529 7592.171875 4.419921875 199.16449450081976 629
stats: connect 16 2.69140625 3.2091370509692583 110.85595703125 0.523193359375 2.7321081912878786 165
stats: page 63 331.85763501364085 901.6469862888529 7592.171875 4.419921875 199.16449450081976 629
stats: 200 63 692
stats: size_rcv 1147058 9415282
stats: newphase 0 2
stats: size_sent 22885 270714
stats: connected 2 18
# stats: dump at 1480584886
stats: users 22 24
stats: {load,"tsung_controller@ip-172-31-6-161"} 1 0.01953125 0.0 0.078125 0.0 0.02734375 16
stats: {freemem,"tsung_controller@ip-172-31-6-161"} 1 3158.4765625 0.0 3162.453125 3158.4765625 3160.225830078125 16
stats: {recvpackets,"tsung_controller@ip-172-31-6-161"} 1 1058.0 0.0 1058 133 563.5333333333333 15
stats: {sentpackets,"tsung_controller@ip-172-31-6-161"} 1 705.0 0.0 705 98 386.46666666666664 15
stats: {cpu,"tsung_controller@ip-172-31-6-161"} 1 2.0689655172413794 0.0 4.020992686627474 1.2833168805528135 2.003228421870768 16
stats: session 24 8121.696807861327 4711.8026820674395 20247.569091796875 824.785888671875 6788.337216617139 163
stats: users_count 28 209
stats: finish_users_count 24 187
stats: request 98 161.8049241669324 208.0507674756875 7592.171875 4.419921875 211.24493937409682 692
stats: connect 28 2.7850690569196423 2.8337083890131707 110.85595703125 0.523193359375 2.728510229627072 181
stats: page 98 161.8049241669324 208.0507674756875 7592.171875 4.419921875 211.24493937409682 692
stats: 200 99 791
stats: size_rcv 944464 10359746
stats: newphase 0 2
stats: size_sent 38971 309685
stats: connected 4 22
# stats: dump at 1480584896
stats: users 24 24
stats: {load,"tsung_controller@ip-172-31-6-161"} 1 0.01171875 0.0 0.078125 0.0 0.02688419117647059 17
stats: {freemem,"tsung_controller@ip-172-31-6-161"} 1 3158.25390625 0.0 3162.453125 3158.25390625 3160.122931985294 17
stats: {recvpackets,"tsung_controller@ip-172-31-6-161"} 1 993.0 0.0 1058 133 594.4375 16
stats: {sentpackets,"tsung_controller@ip-172-31-6-161"} 1 784.0 0.0 784 98 406.375 16
stats: {cpu,"tsung_controller@ip-172-31-6-161"} 1 2.747791952894995 0.0 4.020992686627474 1.2833168805528135 2.0070953098337454 17
stats: session 27 7105.404703776042 4090.4525618571365 22946.865966796875 824.785888671875 6959.4635812688 187
stats: users_count 29 238
stats: finish_users_count 27 214
stats: request 103 244.59777239456918 267.6395191894071 7592.171875 4.419921875 205.1118741964992 790
stats: connect 28 3.1131591796875 3.397912321242174 110.85595703125 0.523193359375 2.736087488785885 209
stats: page 103 244.59777239456918 267.6395191894071 7592.171875 4.419921875 205.1118741964992 790
stats: 200 102 893
stats: size_rcv 990464 11350210
stats: newphase 0 2
stats: size_sent 43780 353465
stats: connected 1 23
# stats: dump at 1480584906
stats: users 5 29
stats: {load,"tsung_controller@ip-172-31-6-161"} 1 0.01171875 0.0 0.078125 0.0 0.026041666666666668 18
stats: {freemem,"tsung_controller@ip-172-31-6-161"} 1 3157.54296875 0.0 3162.453125 3157.54296875 3160.019097222222 18
stats: {recvpackets,"tsung_controller@ip-172-31-6-161"} 1 1247.0 0.0 1247 133 617.8823529411765 17
stats: {sentpackets,"tsung_controller@ip-172-31-6-161"} 1 944.0 0.0 944 98 428.5882352941176 17
stats: {cpu,"tsung_controller@ip-172-31-6-161"} 1 2.845927379784102 0.0 4.020992686627474 1.2833168805528135 2.048245123337148 18
stats: session 27 9322.598605685764 3909.280836123332 22946.865966796875 824.785888671875 6977.876713547751 214
stats: users_count 8 246
stats: finish_users_count 27 241
stats: request 82 596.8488650438261 650.2223438163455 7592.171875 4.419921875 209.6662387143057 893
stats: connect 9 4.823486328125 7.875497878783963 110.85595703125 0.523193359375 2.780636042985232 237
stats: page 82 596.8488650438261 650.2223438163455 7592.171875 4.419921875 209.6662387143057 893
stats: 200 82 975
stats: size_rcv 1064243 12414453
stats: newphase 1 3
stats: size_sent 31057 384522
stats: connected -18 5
# stats: dump at 1480584916
stats: users 30 31
stats: {load,"tsung_controller@ip-172-31-6-161"} 1 0.01171875 0.0 0.078125 0.0 0.02528782894736842 19
stats: {freemem,"tsung_controller@ip-172-31-6-161"} 1 3159.96875 0.0 3162.453125 3157.54296875 3159.8887746710525 19
stats: {recvpackets,"tsung_controller@ip-172-31-6-161"} 1 741.0 0.0 1247 133 652.8333333333334 18
stats: {sentpackets,"tsung_controller@ip-172-31-6-161"} 1 489.0 0.0 944 98 457.22222222222223 18
stats: {cpu,"tsung_controller@ip-172-31-6-161"} 1 1.8737672583826428 0.0 4.020992686627474 1.2833168805528135 2.0902283999922506 19
stats: session 12 6577.461405436198 3798.2466919629414 22946.865966796875 824.785888671875 7240.563398559064 241
stats: users_count 37 283
stats: finish_users_count 12 253
stats: request 82 229.7187470226753 244.1484042756789 7592.171875 4.419921875 242.22929036458333 975
stats: connect 35 2.16435546875 2.360075749874189 110.85595703125 0.523193359375 2.855374468051321 246
stats: page 82 229.7187470226753 244.1484042756789 7592.171875 4.419921875 242.22929036458333 975
stats: 200 82 1057
stats: size_rcv 800662 13215115
stats: newphase 0 3
stats: size_sent 32718 417240
stats: connected 25 30
# stats: dump at 1480584926
stats: users 51 53
stats: {load,"tsung_controller@ip-172-31-6-161"} 1 0.01171875 0.0 0.078125 0.0 0.024609375 20
stats: {freemem,"tsung_controller@ip-172-31-6-161"} 1 3157.19921875 0.0 3162.453125 3157.19921875 3159.8927734375 20
stats: {recvpackets,"tsung_controller@ip-172-31-6-161"} 1 1123.0 0.0 1247 133 657.4736842105264 19
stats: {sentpackets,"tsung_controller@ip-172-31-6-161"} 1 803.0 0.0 944 98 458.89473684210526 19
stats: {cpu,"tsung_controller@ip-172-31-6-161"} 1 2.6627218934911245 0.0 4.020992686627474 1.2833168805528135 2.0794053429117705 20
stats: session 12 11305.456787109375 5518.940996280259 25750.81201171875 824.785888671875 7209.111920624382 253
stats: users_count 33 316
stats: finish_users_count 12 265
stats: request 78 2980.3616254757612 1011.0201350581044 7592.171875 4.419921875 241.25874679406635 1057
stats: connect 33 3.196740352746212 3.7137984748936006 110.85595703125 0.523193359375 2.7693044859319396 281
stats: page 78 2980.3616254757612 1011.0201350581044 7592.171875 4.419921875 241.25874679406635 1057
stats: 200 78 1135
stats: size_rcv 958286 14173401
stats: newphase 0 3
stats: size_sent 36769 454009
stats: connected 21 51
# stats: dump at 1480584936
stats: users 76 76
stats: {load,"tsung_controller@ip-172-31-6-161"} 1 0.01171875 0.0 0.078125 0.0 0.023995535714285716 21
stats: {freemem,"tsung_controller@ip-172-31-6-161"} 1 3154.90625 0.0 3162.453125 3154.90625 3159.7645089285716 21
stats: {recvpackets,"tsung_controller@ip-172-31-6-161"} 1 1040.0 0.0 1247 133 680.75 20
stats: {sentpackets,"tsung_controller@ip-172-31-6-161"} 1 793.0 0.0 944 98 476.1 20
stats: {cpu,"tsung_controller@ip-172-31-6-161"} 1 2.559055118110236 0.0 4.020992686627474 1.2833168805528135 2.107182321510787 21
stats: session 13 17244.947979266828 3117.6665598590494 25750.81201171875 824.785888671875 7394.606782502948 265
stats: users_count 38 354
stats: finish_users_count 13 278
stats: request 81 4393.6253496334875 879.8558611123998 7592.171875 4.419921875 429.49665387527534 1135
stats: connect 38 2.6429828844572367 2.7546412349855522 110.85595703125 0.523193359375 2.8142260897691083 314
stats: page 81 4393.6253496334875 879.8558611123998 7592.171875 4.419921875 429.49665387527534 1135
stats: 200 81 1216
stats: size_rcv 898349 15071750
stats: newphase 0 3
stats: size_sent 37463 491472
stats: connected 23 74
# stats: dump at 1480584946
stats: users 100 101
stats: {load,"tsung_controller@ip-172-31-6-161"} 1 0.01171875 0.0 0.078125 0.0 0.0234375 22
stats: {freemem,"tsung_controller@ip-172-31-6-161"} 1 3152.98046875 0.0 3162.453125 3152.98046875 3159.5436789772725 22
stats: {recvpackets,"tsung_controller@ip-172-31-6-161"} 1 1302.0 0.0 1302 133 697.8571428571429 21
stats: {sentpackets,"tsung_controller@ip-172-31-6-161"} 1 885.0 0.0 944 98 491.1904761904762 21
stats: {cpu,"tsung_controller@ip-172-31-6-161"} 1 2.8515240904621435 0.0 4.020992686627474 1.2833168805528135 2.1277219940834895 22
stats: session 23 22412.11240022079 2717.901859780432 29411.94091796875 824.785888671875 7855.234248538669 278
stats: users_count 47 401
stats: finish_users_count 23 301
stats: request 104 5721.1731849083535 2761.872247615291 26387.842041015625 4.419921875 693.5545686420642 1216
stats: connect 48 3.289789835611979 3.7588740904332245 110.85595703125 0.523193359375 2.795739607377486 352
stats: page 104 5721.1731849083535 2761.872247615291 26387.842041015625 4.419921875 693.5545686420642 1216
stats: 200 104 1320
stats: size_rcv 2065098 17136848
stats: newphase 0 3
stats: size_sent 48939 540411
stats: connected 27 101
# stats: dump at 1480584956
stats: users 128 128
stats: {load,"tsung_controller@ip-172-31-6-161"} 1 0.0 0.0 0.078125 0.0 0.022927989130434784 23
stats: {freemem,"tsung_controller@ip-172-31-6-161"} 1 3150.65625 0.0 3162.453125 3150.65625 3159.2583220108695 23
stats: {recvpackets,"tsung_controller@ip-172-31-6-161"} 1 1657.0 0.0 1657 133 725.3181818181819 22
stats: {sentpackets,"tsung_controller@ip-172-31-6-161"} 1 1193.0 0.0 1193 98 509.09090909090907 22
stats: {cpu,"tsung_controller@ip-172-31-6-161"} 1 2.7695351137487636 0.0 4.020992686627474 1.2833168805528135 2.1591916504477786 23
stats: session 20 27565.48857421875 3672.674824937917 36974.197021484375 824.785888671875 8967.553841524346 301
stats: users_count 48 449
stats: finish_users_count 20 321
stats: request 139 6290.830557624213 710.38913017067 26387.842041015625 4.419921875 1089.6699747721354 1320
stats: connect 46 3.338161302649457 3.0398295535403754 110.85595703125 0.523193359375 2.855025634765625 400
stats: page 139 6290.830557624213 710.38913017067 26387.842041015625 4.419921875 1089.6699747721354 1320
stats: 200 139 1459
stats: size_rcv 1432451 18569299
stats: newphase 0 3
stats: size_sent 58760 599171
stats: connected 25 126
# stats: dump at 1480584966
stats: users 132 137
stats: {load,"tsung_controller@ip-172-31-6-161"} 1 0.0 0.0 0.078125 0.0 0.02197265625 24
stats: {freemem,"tsung_controller@ip-172-31-6-161"} 1 3146.25390625 0.0 3162.453125 3146.25390625 3158.89990234375 24
stats: {recvpackets,"tsung_controller@ip-172-31-6-161"} 1 1411.0 0.0 1657 133 765.8260869565217 23
stats: {sentpackets,"tsung_controller@ip-172-31-6-161"} 1 1167.0 0.0 1193 98 538.8260869565217 23
stats: {cpu,"tsung_controller@ip-172-31-6-161"} 1 3.155818540433925 0.0 4.020992686627474 1.2833168805528135 2.18462262808532 24
stats: session 36 25284.977478027344 6073.441016751898 36974.197021484375 824.785888671875 10126.303669106552 321
stats: users_count 40 489
stats: finish_users_count 36 357
stats: request 173 4089.2615621048626 4164.527983696702 26387.842041015625 0.616943359375 1585.188357922539 1459
stats: connect 41 2.919921875 3.1160899313006825 110.85595703125 0.523193359375 2.9048557709150784 446
stats: page 173 4089.2615621048626 4164.527983696702 26387.842041015625 0.616943359375 1585.188357922539 1459
stats: 200 88 1547
stats: size_rcv 912577 19481876
stats: newphase 1 4
stats: size_sent 62417 661588
stats: connected 6 132
stats: 503 85 85
# stats: dump at 1480584976
stats: users 142 143
stats: {load,"tsung_controller@ip-172-31-6-161"} 1 0.0 0.0 0.078125 0.0 0.02109375 25
stats: {freemem,"tsung_controller@ip-172-31-6-161"} 1 3145.27734375 0.0 3162.453125 3145.27734375 3158.3940625 25
stats: {recvpackets,"tsung_controller@ip-172-31-6-161"} 1 937.0 0.0 1657 133 792.7083333333334 24
stats: {sentpackets,"tsung_controller@ip-172-31-6-161"} 1 880.0 0.0 1193 98 565.0 24
stats: {cpu,"tsung_controller@ip-172-31-6-161"} 1 3.149606299212598 0.0 4.020992686627474 1.2833168805528135 2.2234704645792642 25
stats: session 36 18523.50168863932 12054.51013439439 41933.248046875 824.785888671875 11654.909431350665 357
stats: users_count 46 535
stats: finish_users_count 36 393
stats: request 174 3441.8459149941623 6328.061627056103 26387.842041015625 0.601806640625 1850.6323924345131 1632
stats: connect 47 3.0310526097074466 3.2142888612989173 110.85595703125 0.523193359375 2.906124169821612 487
stats: page 174 3441.8459149941623 6328.061627056103 26387.842041015625 0.601806640625 1850.6323924345131 1632
stats: 200 40 1587
stats: size_rcv 537376 20019252
stats: newphase 0 4
stats: size_sent 48466 710054
stats: connected 9 141
stats: 503 134 219
# stats: dump at 1480584986
stats: users 132 149
stats: {load,"tsung_controller@ip-172-31-6-161"} 1 0.0 0.0 0.078125 0.0 0.020282451923076924 26
stats: {freemem,"tsung_controller@ip-172-31-6-161"} 1 3144.91796875 0.0 3162.453125 3144.91796875 3157.8895733173076 26
stats: {recvpackets,"tsung_controller@ip-172-31-6-161"} 1 1181.0 0.0 1657 133 798.48 25
stats: {sentpackets,"tsung_controller@ip-172-31-6-161"} 1 1086.0 0.0 1193 98 577.6 25
stats: {cpu,"tsung_controller@ip-172-31-6-161"} 1 3.4550839091806513 0.0 4.020992686627474 1.2833168805528135 2.2590910736036234 26
stats: session 66 26428.87154134114 15642.372782229839 51844.639892578125 824.785888671875 12284.093454919092 393
stats: users_count 56 591
stats: finish_users_count 66 459
stats: request 231 5141.7593301880415 8963.801464957987 32140.453857421875 0.59814453125 2003.9386786611904 1806
stats: connect 55 4.033198686079545 4.250152883607957 110.85595703125 0.52099609375 2.9171197441186796 534
stats: page 231 5141.7593301880415 8963.801464957987 32140.453857421875 0.59814453125 2003.9386786611904 1806
stats: 200 58 1645
stats: size_rcv 2032740 22051992
stats: newphase 0 4
stats: size_sent 59196 769250
stats: connected -9 132
stats: 503 173 392
# stats: dump at 1480584996
stats: users 147 149
stats: {load,"tsung_controller@ip-172-31-6-161"} 1 0.0 0.0 0.078125 0.0 0.01953125 27
stats: {freemem,"tsung_controller@ip-172-31-6-161"} 1 3144.671875 0.0 3162.453125 3144.671875 3157.4091435185187 27
stats: {recvpackets,"tsung_controller@ip-172-31-6-161"} 1 1656.0 0.0 1657 133 813.1923076923077 26
stats: {sentpackets,"tsung_controller@ip-172-31-6-161"} 1 1311.0 0.0 1311 98 597.1538461538462 26
stats: {cpu,"tsung_controller@ip-172-31-6-161"} 1 3.532875368007851 0.0 4.020992686627474 1.2833168805528135 2.3033871045509207 27
stats: session 49 26792.261364995218 15967.619156808863 59014.31201171875 824.785888671875 14317.983114404617 459
stats: users_count 64 655
stats: finish_users_count 49 508
stats: request 226 5966.751904512927 8738.782488463103 35269.272216796875 0.5849609375 2359.774010277637 2037
stats: connect 63 3.178431919642857 3.4220864637421586 110.85595703125 0.52099609375 3.0213376419248728 589
stats: page 226 5966.751904512927 8738.782488463103 35269.272216796875 0.5849609375 2359.774010277637 2037
stats: 200 74 1719
stats: size_rcv 1484285 23536277
stats: newphase 0 4
stats: size_sent 58140 827390
stats: connected 12 144
stats: 503 152 544
# stats: dump at 1480585006
stats: users 136 150
stats: {load,"tsung_controller@ip-172-31-6-161"} 1 0.0 0.0 0.078125 0.0 0.018833705357142856 28
stats: {freemem,"tsung_controller@ip-172-31-6-161"} 1 3144.6953125 0.0 3162.453125 3144.671875 3156.9542410714284 28
stats: {recvpackets,"tsung_controller@ip-172-31-6-161"} 1 1753.0 0.0 1753 133 844.4074074074074 27
stats: {sentpackets,"tsung_controller@ip-172-31-6-161"} 1 1519.0 0.0 1519 98 623.5925925925926 27
stats: {cpu,"tsung_controller@ip-172-31-6-161"} 1 3.736479842674533 0.0 4.020992686627474 1.2833168805528135 2.3472973996743827 28
stats: session 69 25893.179372593975 14931.177240682799 59014.31201171875 484.590087890625 15521.21074093796 508
stats: users_count 58 713
stats: finish_users_count 69 577
stats: request 272 4073.790060604318 6046.247441622006 35269.272216796875 0.5849609375 2719.9936320616303 2263
stats: connect 59 2.4740466101694913 2.5802343430865093 110.85595703125 0.52099609375 3.0365169969804446 652
stats: page 272 4073.790060604318 6046.247441622006 35269.272216796875 0.5849609375 2719.9936320616303 2263
stats: 200 87 1806
stats: size_rcv 1041942 24578219
stats: newphase 0 4
stats: size_sent 80049 907439
stats: connected -7 137
stats: 503 185 729
# stats: dump at 1480585016
stats: users 143 150
stats: {load,"tsung_controller@ip-172-31-6-161"} 1 0.0 0.0 0.078125 0.0 0.01818426724137931 29
stats: {freemem,"tsung_controller@ip-172-31-6-161"} 1 3144.8828125 0.0 3162.453125 3144.671875 3156.5315193965516 29
stats: {recvpackets,"tsung_controller@ip-172-31-6-161"} 1 1115.0 0.0 1753 133 876.8571428571429 28
stats: {sentpackets,"tsung_controller@ip-172-31-6-161"} 1 1110.0 0.0 1519 98 655.5714285714286 28
stats: {cpu,"tsung_controller@ip-172-31-6-161"} 1 3.729146221786065 0.0 4.020992686627474 1.2833168805528135 2.3952002425364567 29
stats: session 52 24378.44789945162 15428.271275923435 67850.21899414063 484.590087890625 16761.532813007743 577
stats: users_count 59 772
stats: finish_users_count 52 629
stats: request 191 4541.758362135965 6664.9535255418095 46502.19091796875 0.56982421875 2865.2530516133506 2535
stats: connect 58 3.573621026400862 4.097182145316791 110.85595703125 0.52099609375 2.9898422391438118 711
stats: page 191 4541.758362135965 6664.9535255418095 46502.19091796875 0.56982421875 2865.2530516133506 2535
stats: 200 67 1873
stats: size_rcv 1155744 25733963
stats: newphase 0 4
stats: size_sent 51472 958911
stats: connected 5 142
stats: 503 124 853
# stats: dump at 1480585026
stats: users 141 154
stats: {load,"tsung_controller@ip-172-31-6-161"} 1 0.0 0.0 0.078125 0.0 0.017578125 30
stats: {freemem,"tsung_controller@ip-172-31-6-161"} 1 3144.88671875 0.0 3162.453125 3144.671875 3156.1432291666665 30
stats: {recvpackets,"tsung_controller@ip-172-31-6-161"} 1 1274.0 0.0 1753 133 885.0689655172414 29
stats: {sentpackets,"tsung_controller@ip-172-31-6-161"} 1 1163.0 0.0 1519 98 671.2413793103449 29
stats: {cpu,"tsung_controller@ip-172-31-6-161"} 1 4.011741682974559 0.0 4.020992686627474 1.2833168805528135 2.4396651085114436 30
stats: session 58 22410.556649043643 14197.080806978358 67850.21899414063 484.590087890625 17391.230085654934 629
stats: users_count 56 828
stats: finish_users_count 58 687
stats: request 259 3955.1598348138878 6835.666902298166 46502.19091796875 0.56982421875 2982.7191243609 2726
stats: connect 56 2.7366943359375 3.0616595512860303 110.85595703125 0.4990234375 3.0338723687418727 769
stats: page 259 3955.1598348138878 6835.666902298166 46502.19091796875 0.56982421875 2982.7191243609 2726
stats: 200 65 1938
stats: size_rcv 681322 26415285
stats: newphase 1 5
stats: size_sent 65285 1024196
stats: connected -4 138
stats: 503 194 1047
# stats: dump at 1480585036
stats: users 160 169
stats: {load,"tsung_controller@ip-172-31-6-161"} 1 0.0 0.0 0.078125 0.0 0.017011088709677418 31
stats: {freemem,"tsung_controller@ip-172-31-6-161"} 1 3144.87109375 0.0 3162.453125 3144.671875 3155.7801159274195 31
stats: {recvpackets,"tsung_controller@ip-172-31-6-161"} 1 1878.0 0.0 1878 133 898.0333333333333 30
stats: {sentpackets,"tsung_controller@ip-172-31-6-161"} 1 1562.0 0.0 1562 98 687.6333333333333 30
stats: {cpu,"tsung_controller@ip-172-31-6-161"} 1 4.660194174757281 0.0 4.660194174757281 1.2833168805528135 2.49037725607477 31
stats: session 86 20738.133624409522 15767.51818401879 80015.6220703125 484.590087890625 17814.986913422832 687
stats: users_count 105 933
stats: finish_users_count 86 773
stats: request 358 3298.50491281861 6820.510067628194 46502.19091796875 0.56982421875 3067.095052001544 2985
stats: connect 106 3.608184238649764 3.1598049501571133 110.85595703125 0.4990234375 3.013700284090909 825
stats: page 358 3298.50491281861 6820.510067628194 46502.19091796875 0.56982421875 3067.095052001544 2985
stats: 200 72 2010
stats: size_rcv 2362130 28777415
stats: newphase 0 5
stats: size_sent 86990 1111186
stats: connected 25 163
stats: 503 286 1333
# stats: dump at 1480585046
stats: users 176 177
stats: {load,"tsung_controller@ip-172-31-6-161"} 1 0.0 0.0 0.078125 0.0 0.0164794921875 32
stats: {freemem,"tsung_controller@ip-172-31-6-161"} 1 3147.65625 0.0 3162.453125 3144.671875 3155.439208984375 32
stats: {recvpackets,"tsung_controller@ip-172-31-6-161"} 1 1945.0 0.0 1945 133 929.6451612903226 31
stats: {sentpackets,"tsung_controller@ip-172-31-6-161"} 1 1903.0 0.0 1903 98 715.8387096774194 31
stats: {cpu,"tsung_controller@ip-172-31-6-161"} 1 5.928085519922255 0.0 5.928085519922255 1.2833168805528135 2.5581840347835985 32
stats: session 91 21752.153057391828 14986.487015761446 80015.6220703125 484.590087890625 18140.201165874132 773
stats: users_count 107 1040
stats: finish_users_count 91 864
stats: request 378 3584.4227863291608 5268.099583986099 46502.19091796875 0.56982421875 3091.8766045509037 3343
stats: connect 105 3.087346540178572 3.3524459919723353 110.85595703125 0.497802734375 3.081385890087943 931
stats: page 378 3584.4227863291608 5268.099583986099 46502.19091796875 0.56982421875 3091.8766045509037 3343
stats: 200 125 2135
stats: size_rcv 1184911 29962326
stats: newphase 0 5
stats: size_sent 96325 1207511
stats: connected 10 173
stats: 503 253 1586
# stats: dump at 1480585056
stats: users 173 183
stats: {load,"tsung_controller@ip-172-31-6-161"} 1 0.0 0.0 0.078125 0.0 0.015980113636363636 33
stats: {freemem,"tsung_controller@ip-172-31-6-161"} 1 3147.60546875 0.0 3162.453125 3144.671875 3155.203361742424 33
stats: {recvpackets,"tsung_controller@ip-172-31-6-161"} 1 1724.0 0.0 1945 133 961.375 32
stats: {sentpackets,"tsung_controller@ip-172-31-6-161"} 1 1792.0 0.0 1903 98 752.9375 32
stats: {cpu,"tsung_controller@ip-172-31-6-161"} 1 5.365853658536586 0.0 5.928085519922255 1.2833168805528135 2.660302261605982 33
stats: session 100 16307.080434570313 9851.27725306518 80015.6220703125 484.590087890625 18520.626654448333 864
stats: users_count 97 1137
stats: finish_users_count 100 964
stats: request 419 2643.8696516305563 4651.352247615351 46502.19091796875 0.56982421875 3141.912201624857 3721
stats: connect 99 2.756219420770202 3.233101511819563 110.85595703125 0.489013671875 3.081990010029561 1036
stats: page 419 2643.8696516305563 4651.352247615351 46502.19091796875 0.56982421875 3141.912201624857 3721
stats: 200 112 2247
stats: size_rcv 1748757 31711083
stats: newphase 0 5
stats: size_sent 116217 1323728
stats: connected 2 175
stats: 503 307 1893
# stats: dump at 1480585066
stats: users 175 183
stats: {load,"tsung_controller@ip-172-31-6-161"} 1 0.0 0.0 0.078125 0.0 0.015510110294117647 34
stats: {freemem,"tsung_controller@ip-172-31-6-161"} 1 3147.6328125 0.0 3162.453125 3144.671875 3154.9798943014707 34
stats: {recvpackets,"tsung_controller@ip-172-31-6-161"} 1 2247.0 0.0 2247 133 984.4848484848485 33
stats: {sentpackets,"tsung_controller@ip-172-31-6-161"} 1 2203.0 0.0 2203 98 784.4242424242424 33
stats: {cpu,"tsung_controller@ip-172-31-6-161"} 1 6.796116504854369 0.0 6.796116504854369 1.2833168805528135 2.7398773026921757 34
stats: session 110 17367.50659179687 10417.118635377987 80015.6220703125 484.590087890625 18291.005677282563 964
stats: users_count 112 1249
stats: finish_users_count 110 1074
stats: request 462 2198.097682672142 3744.9316762068265 46502.19091796875 0.56982421875 3091.5064459611826 4140
stats: connect 110 3.3582208806818175 3.2517994860529447 110.85595703125 0.489013671875 3.053574778014868 1135
stats: page 462 2198.097682672142 3744.9316762068265 46502.19091796875 0.56982421875 3091.5064459611826 4140
stats: 200 119 2366
stats: size_rcv 1319422 33030505
stats: newphase 0 5
stats: size_sent 128100 1451828
stats: connected -1 174
stats: 503 343 2236
# stats: dump at 1480585076
stats: users 169 191
stats: {load,"tsung_controller@ip-172-31-6-161"} 1 0.0 0.0 0.078125 0.0 0.015066964285714286 35
stats: {freemem,"tsung_controller@ip-172-31-6-161"} 1 3147.5390625 0.0 3162.453125 3144.671875 3154.7699776785716 35
stats: {recvpackets,"tsung_controller@ip-172-31-6-161"} 1 1937.0 0.0 2247 133 1021.6176470588235 34
stats: {sentpackets,"tsung_controller@ip-172-31-6-161"} 1 2132.0 0.0 2203 98 826.1470588235294 34
stats: {cpu,"tsung_controller@ip-172-31-6-161"} 1 6.8560235063663075 0.0 6.8560235063663075 1.2833168805528135 2.8557698513253813 35
stats: session 128 14959.410751342773 9819.757373814082 80015.6220703125 484.590087890625 18196.420109867828 1074
stats: users_count 122 1371
stats: finish_users_count 128 1202
stats: request 501 1795.6701065642153 3821.2929759814924 46502.19091796875 0.56982421875 3001.8161268304707 4602
stats: connect 125 3.71781640625 3.554323093398721 110.85595703125 0.489013671875 3.0804913011420685 1245
stats: page 501 1795.6701065642153 3821.2929759814924 46502.19091796875 0.56982421875 3001.8161268304707 4602
stats: 200 91 2457
stats: size_rcv 1205795 34236300
stats: newphase 0 5
stats: size_sent 119810 1571638
stats: connected -6 168
stats: 503 410 2646
# stats: dump at 1480585086
stats: users 139 191
stats: {load,"tsung_controller@ip-172-31-6-161"} 1 0.078125 0.0 0.078125 0.0 0.0146484375 36
stats: {freemem,"tsung_controller@ip-172-31-6-161"} 1 3147.40625 0.0 3162.453125 3144.671875 3154.5691189236113 36
stats: {recvpackets,"tsung_controller@ip-172-31-6-161"} 1 1707.0 0.0 2247 133 1047.7714285714285 35
stats: {sentpackets,"tsung_controller@ip-172-31-6-161"} 1 1827.0 0.0 2203 98 863.4571428571429 35
stats: {cpu,"tsung_controller@ip-172-31-6-161"} 1 5.103042198233562 0.0 6.8560235063663075 1.2833168805528135 2.9668880084098515 36
stats: session 85 14440.181609030331 8680.192288374945 80015.6220703125 484.590087890625 17851.71362243754 1202
stats: users_count 55 1426
stats: finish_users_count 85 1287
stats: request 316 3146.803663809088 5411.408456593693 46502.19091796875 0.56982421875 2883.3996745174404 5103
stats: connect 56 3.0311366489955356 2.9376418436598453 110.85595703125 0.489013671875 3.138641401973084 1370
stats: page 316 3146.803663809088 5411.408456593693 46502.19091796875 0.56982421875 2883.3996745174404 5103
stats: 200 80 2537
stats: size_rcv 1058349 35294649
stats: newphase 1 6
stats: size_sent 77675 1649313
stats: connected -27 141
stats: 503 236 2882
# stats: dump at 1480585096
stats: users 198 202
stats: {load,"tsung_controller@ip-172-31-6-161"} 1 0.05859375 0.0 0.078125 0.0 0.01636402027027027 37
stats: {freemem,"tsung_controller@ip-172-31-6-161"} 1 3147.41796875 0.0 3162.453125 3144.671875 3154.3755278716217 37
stats: {recvpackets,"tsung_controller@ip-172-31-6-161"} 1 1437.0 0.0 2247 133 1066.0833333333333 36
stats: {sentpackets,"tsung_controller@ip-172-31-6-161"} 1 1523.0 0.0 2203 98 890.2222222222223 36
stats: {cpu,"tsung_controller@ip-172-31-6-161"} 1 5.019685039370079 0.0 6.8560235063663075 1.2833168805528135 3.0246219054321144 37
stats: session 92 15534.644340183424 10929.670845320024 80015.6220703125 484.590087890625 17626.398765297203 1287
stats: users_count 151 1577
stats: finish_users_count 92 1379
stats: request 464 1873.3556971056705 4590.798930839867 46502.19091796875 0.56982421875 2898.7596414146833 5419
stats: connect 151 3.3835142021937097 3.5504330789105003 110.85595703125 0.489013671875 3.134419616442409 1426
stats: page 464 1873.3556971056705 4590.798930839867 46502.19091796875 0.56982421875 2898.7596414146833 5419
stats: 200 66 2603
stats: size_rcv 884127 36178776
stats: newphase 0 6
stats: size_sent 99365 1748678
stats: connected 58 199
stats: 503 398 3280
# stats: dump at 1480585106
stats: users 207 209
stats: {load,"tsung_controller@ip-172-31-6-161"} 1 0.05078125 0.0 0.078125 0.0 0.01747532894736842 38
stats: {freemem,"tsung_controller@ip-172-31-6-161"} 1 3146.37890625 0.0 3162.453125 3144.671875 3154.1924342105262 38
stats: {recvpackets,"tsung_controller@ip-172-31-6-161"} 1 1595.0 0.0 2247 133 1076.1081081081081 37
stats: {sentpackets,"tsung_controller@ip-172-31-6-161"} 1 1988.0 0.0 2203 98 907.3243243243244 37
stats: {cpu,"tsung_controller@ip-172-31-6-161"} 1 7.744433688286543 0.0 7.744433688286543 1.2833168805528135 3.0771235668515344 38
stats: session 156 13450.391911433298 11346.247190694934 80015.6220703125 484.590087890625 17486.847346072787 1379
stats: users_count 165 1742
stats: finish_users_count 156 1535
stats: request 603 1611.0550713230732 5140.321489486877 46502.19091796875 0.56982421875 2817.884674533945 5883
stats: connect 164 3.1861542492378048 2.8094828340487172 110.85595703125 0.489013671875 3.1582707784262047 1577
stats: page 603 1611.0550713230732 5140.321489486877 46502.19091796875 0.56982421875 2817.884674533945 5883
stats: 200 55 2658
stats: size_rcv 1453320 37632096
stats: newphase 0 6
stats: size_sent 116077 1864755
stats: connected 7 206
stats: 503 548 3828
# stats: dump at 1480585116
stats: users 205 218
stats: {load,"tsung_controller@ip-172-31-6-161"} 1 0.05078125 0.0 0.078125 0.0 0.018329326923076924 39
stats: {freemem,"tsung_controller@ip-172-31-6-161"} 1 3145.93359375 0.0 3162.453125 3144.671875 3153.9920873397436 39
stats: {recvpackets,"tsung_controller@ip-172-31-6-161"} 1 2241.0 0.0 2247 133 1089.7631578947369 38
stats: {sentpackets,"tsung_controller@ip-172-31-6-161"} 1 2522.0 0.0 2522 98 935.7631578947369 38
stats: {cpu,"tsung_controller@ip-172-31-6-161"} 1 8.568646543330088 0.0 8.568646543330088 1.2833168805528135 3.196798185349868 39
stats: session 150 14113.478483072917 11527.92981490751 80015.6220703125 484.590087890625 17076.627770956333 1535
stats: users_count 148 1890
stats: finish_users_count 150 1685
stats: request 592 2094.4346882588143 5694.353013868182 46502.19091796875 0.56982421875 2705.6863626720647 6486
stats: connect 148 3.637985641891892 3.213197670281289 110.85595703125 0.489013671875 3.160897366141944 1741
stats: page 592 2094.4346882588143 5694.353013868182 46502.19091796875 0.56982421875 2705.6863626720647 6486
stats: 200 73 2731
stats: size_rcv 1388557 39020653
stats: newphase 0 6
stats: size_sent 121865 1986620
stats: connected 0 206
stats: 503 519 4347
# stats: dump at 1480585126
stats: users 202 218
stats: {load,"tsung_controller@ip-172-31-6-161"} 1 0.0390625 0.0 0.078125 0.0 0.019140625 40
stats: {freemem,"tsung_controller@ip-172-31-6-161"} 1 3145.953125 0.0 3162.453125 3144.671875 3153.790625 40
stats: {recvpackets,"tsung_controller@ip-172-31-6-161"} 1 1988.0 0.0 2247 133 1119.2820512820513 39
stats: {sentpackets,"tsung_controller@ip-172-31-6-161"} 1 2183.0 0.0 2522 98 976.4358974358975 39
stats: {cpu,"tsung_controller@ip-172-31-6-161"} 1 7.490272373540856 0.0 8.568646543330088 1.2833168805528135 3.331094394299374 40
stats: session 134 13731.860652183419 9645.839363556292 80015.6220703125 484.590087890625 16812.845935239708 1685
stats: users_count 131 2021
stats: finish_users_count 134 1819
stats: request 562 2123.762180532001 5175.189528206816 46502.19091796875 0.56982421875 2654.5616111529007 7078
stats: connect 130 2.873198993389423 2.745614964007613 110.85595703125 0.489013671875 3.1982764369788907 1889
stats: page 562 2123.762180532001 5175.189528206816 46502.19091796875 0.56982421875 2654.5616111529007 7078
stats: 200 81 2812
stats: size_rcv 1083928 40104581
stats: newphase 0 6
stats: size_sent 128958 2115578
stats: connected -6 200
stats: 503 481 4828
# stats: dump at 1480585136
stats: users 210 219
stats: {load,"tsung_controller@ip-172-31-6-161"} 1 0.03125 0.0 0.078125 0.0 0.019626524390243903 41
stats: {freemem,"tsung_controller@ip-172-31-6-161"} 1 3145.76171875 0.0 3162.453125 3144.671875 3153.5994664634145 41
stats: {recvpackets,"tsung_controller@ip-172-31-6-161"} 1 2238.0 0.0 2247 133 1141.0 40
stats: {sentpackets,"tsung_controller@ip-172-31-6-161"} 1 2471.0 0.0 2522 98 1006.6 40
stats: {cpu,"tsung_controller@ip-172-31-6-161"} 1 8.406647116324535 0.0 8.568646543330088 1.2833168805528135 3.432537759646727 41
stats: session 163 12240.023497411807 9240.64077132191 80015.6220703125 484.590087890625 16585.87945479466 1819
stats: users_count 171 2192
stats: finish_users_count 163 1982
stats: request 646 1360.3720442355605 4454.99785061396 46502.19091796875 0.56982421875 2615.515893874243 7640
stats: connect 169 3.2727440828402368 3.126581466571748 110.85595703125 0.489013671875 3.1773452494273156 2019
stats: page 646 1360.3720442355605 4454.99785061396 46502.19091796875 0.56982421875 2615.515893874243 7640
stats: 200 59 2871
stats: size_rcv 1535153 41639734
stats: newphase 0 6
stats: size_sent 134677 2250255
stats: connected 6 206
stats: 503 587 5415
# stats: dump at 1480585146
stats: users 193 219
stats: {load,"tsung_controller@ip-172-31-6-161"} 1 0.03125 0.0 0.078125 0.0 0.019903273809523808 42
stats: {freemem,"tsung_controller@ip-172-31-6-161"} 1 3145.7578125 0.0 3162.453125 3144.671875 3153.4128534226193 42
stats: {recvpackets,"tsung_controller@ip-172-31-6-161"} 1 2071.0 0.0 2247 133 1167.7560975609756 41
stats: {sentpackets,"tsung_controller@ip-172-31-6-161"} 1 2523.0 0.0 2523 98 1042.3170731707316 41
stats: {cpu,"tsung_controller@ip-172-31-6-161"} 1 9.13508260447036 0.0 9.13508260447036 1.2833168805528135 3.5509689348057223 42
stats: session 164 13126.554778308404 11001.51278705243 80015.6220703125 484.590087890625 16228.475559207676 1982
stats: users_count 147 2339
stats: finish_users_count 164 2146
stats: request 651 1974.5235162550396 5304.948312231667 46502.19091796875 0.56982421875 2517.661328720177 8286
stats: connect 151 3.378471323985928 3.389042005965786 110.85595703125 0.489013671875 3.1847138064870886 2188
stats: page 651 1974.5235162550396 5304.948312231667 46502.19091796875 0.56982421875 2517.661328720177 8286
stats: 200 83 2954
stats: size_rcv 1611177 43250911
stats: newphase 0 6
stats: size_sent 136108 2386363
stats: connected -13 193
stats: 503 569 5984
# stats: dump at 1480585156
stats: users 121 219
stats: {load,"tsung_controller@ip-172-31-6-161"} 1 0.1015625 0.0 0.1015625 0.0 0.0201671511627907 43
stats: {freemem,"tsung_controller@ip-172-31-6-161"} 1 3145.58203125 0.0 3162.453125 3144.671875 3153.2348292151164 43
stats: {recvpackets,"tsung_controller@ip-172-31-6-161"} 1 1955.0 0.0 2247 133 1189.2619047619048 42
stats: {sentpackets,"tsung_controller@ip-172-31-6-161"} 1 1873.0 0.0 2523 98 1077.5714285714287 42
stats: {cpu,"tsung_controller@ip-172-31-6-161"} 1 5.75609756097561 0.0 9.13508260447036 1.2833168805528135 3.6808320434025745 43
stats: session 72 17297.55133056641 12177.636317365672 80015.6220703125 484.590087890625 15991.422899343983 2146
stats: users_count 0 2339
stats: finish_users_count 72 2218
stats: request 208 5580.0222707895155 5807.154783038556 46502.19091796875 0.56982421875 2478.0974128742773 8937
stats: connect 0 0 0 110.85595703125 0.489013671875 3.197222308044303 2339
stats: page 208 5580.0222707895155 5807.154783038556 46502.19091796875 0.56982421875 2478.0974128742773 8937
stats: 200 100 3054
stats: size_rcv 1043042 44293953
stats: newphase 0 6
stats: size_sent 69035 2455398
stats: connected -72 121
stats: 503 107 6091
# stats: dump at 1480585166
stats: users 88 219
stats: {load,"tsung_controller@ip-172-31-6-161"} 1 0.078125 0.0 0.1015625 0.0 0.022017045454545456 44
stats: {freemem,"tsung_controller@ip-172-31-6-161"} 1 3145.62890625 0.0 3162.453125 3144.671875 3153.0609019886365 44
stats: {recvpackets,"tsung_controller@ip-172-31-6-161"} 1 920.0 0.0 2247 133 1207.0697674418604 43
stats: {sentpackets,"tsung_controller@ip-172-31-6-161"} 1 688.0 0.0 2523 98 1096.0697674418607 43
stats: {cpu,"tsung_controller@ip-172-31-6-161"} 1 1.9723865877712032 0.0 9.13508260447036 1.2833168805528135 3.7279971688019615 44
stats: session 33 26089.016631155304 7664.356526889805 80015.6220703125 484.590087890625 16033.822018842637 2218
stats: users_count 0 2339
stats: finish_users_count 33 2251
stats: request 65 11063.56877629207 2705.444306275942 46502.19091796875 0.56982421875 2548.6496677071227 9145
stats: connect 0 0 0 110.85595703125 0.489013671875 3.197222308044303 2339
stats: page 65 11063.56877629207 2705.444306275942 46502.19091796875 0.56982421875 2548.6496677071227 9145
stats: 200 62 3116
stats: size_rcv 761391 45055344
stats: newphase 0 6
stats: size_sent 19239 2474637
stats: connected -30 91
stats: 503 3 6094
# stats: dump at 1480585176
stats: users 48 219
stats: {load,"tsung_controller@ip-172-31-6-161"} 1 0.140625 0.0 0.140625 0.0 0.02326388888888889 45
stats: {freemem,"tsung_controller@ip-172-31-6-161"} 1 3145.48828125 0.0 3162.453125 3144.671875 3152.8957465277776 45
stats: {recvpackets,"tsung_controller@ip-172-31-6-161"} 1 1079.0 0.0 2247 133 1200.5454545454545 44
stats: {sentpackets,"tsung_controller@ip-172-31-6-161"} 1 689.0 0.0 2523 98 1086.7954545454547 44
stats: {cpu,"tsung_controller@ip-172-31-6-161"} 1 1.5810276679841897 0.0 9.13508260447036 1.2833168805528135 3.6889836003346117 45
stats: session 40 36155.0260131836 7506.849894370914 80015.6220703125 484.590087890625 16181.23269063576 2251
stats: users_count 0 2339
stats: finish_users_count 40 2291
stats: request 78 14506.329915364584 3496.044737152476 46502.19091796875 0.56982421875 2608.74410224111 9210
stats: connect 0 0 0 110.85595703125 0.489013671875 3.197222308044303 2339
stats: page 78 14506.329915364584 3496.044737152476 46502.19091796875 0.56982421875 2608.74410224111 9210
stats: 200 79 3195
stats: size_rcv 1309406 46364750
stats: newphase 0 6
stats: size_sent 19233 2493870
stats: connected -40 51
stats: 503 0 6094
# stats: dump at 1480585186
stats: users 3 219
stats: {load,"tsung_controller@ip-172-31-6-161"} 1 0.12109375 0.0 0.140625 0.0 0.025815217391304348 46
stats: {freemem,"tsung_controller@ip-172-31-6-161"} 1 3145.6875 0.0 3162.453125 3144.671875 3152.734714673913 46
stats: {recvpackets,"tsung_controller@ip-172-31-6-161"} 1 795.0 0.0 2247 133 1197.8444444444444 45
stats: {sentpackets,"tsung_controller@ip-172-31-6-161"} 1 592.0 0.0 2523 98 1077.9555555555557 45
stats: {cpu,"tsung_controller@ip-172-31-6-161"} 1 1.3793103448275863 0.0 9.13508260447036 1.2833168805528135 3.643158471370472 46
stats: session 45 42803.63319227431 6366.9894462862485 80015.6220703125 484.590087890625 16529.967624246372 2291
stats: users_count 0 2339
stats: finish_users_count 45 2336
stats: request 63 7477.943088107637 4329.467148309288 46502.19091796875 0.56982421875 2708.65922857871 9288
stats: connect 0 0 0 110.85595703125 0.489013671875 3.197222308044303 2339
stats: page 63 7477.943088107637 4329.467148309288 46502.19091796875 0.56982421875 2708.65922857871 9288
stats: 200 62 3257
stats: size_rcv 1270158 47634908
stats: newphase 0 6
stats: size_sent 10100 2503970
stats: connected -47 4
stats: 503 0 6094
# stats: dump at 1480585191
stats: users 0 219
stats: {load,"tsung_controller@ip-172-31-6-161"} 0 0 0 0.140625 0.0 0.027842420212765957 47
stats: {freemem,"tsung_controller@ip-172-31-6-161"} 0 0 0 3162.453125 3144.671875 3152.58477393617 47
stats: {recvpackets,"tsung_controller@ip-172-31-6-161"} 0 0 0 2247 133 1189.0869565217392 46
stats: {sentpackets,"tsung_controller@ip-172-31-6-161"} 0 0 0 2523 98 1067.3913043478262 46
stats: {cpu,"tsung_controller@ip-172-31-6-161"} 0 0 0 9.13508260447036 1.2833168805528135 3.594991489954666 47
stats: session 3 47318.217936197914 4470.855475774262 80015.6220703125 484.590087890625 17036.09559965787 2336
stats: users_count 0 2339
stats: finish_users_count 3 2339
stats: request 5 3792.108984375 7319.828935461843 46502.19091796875 0.56982421875 2740.7910736380963 9351
stats: connect 0 0 0 110.85595703125 0.489013671875 3.197222308044303 2339
stats: page 5 3792.108984375 7319.828935461843 46502.19091796875 0.56982421875 2740.7910736380963 9351
stats: 200 5 3262
stats: size_rcv 500952 48135860
stats: newphase 0 6
stats: size_sent 1924 2505894
stats: connected -4 0
stats: 503 0 6094
EndMonitor:{1480,585191,721593}
