
=INFO REPORT==== 1-Dec-2016::09:31:56 ===
    ts_config_server:(5:<0.55.0>) Config server started, logdir is "/home/ec2-user/.tsung/log/20161201-0931"
 
=INFO REPORT==== 1-Dec-2016::09:31:56 ===
              ts_mon:(5:<0.54.0>) starting monitor, global 

=INFO REPORT==== 1-Dec-2016::09:31:56 ===
           ts_config:(5:<0.55.0>) Reading config file: tsung_test.xml

=INFO REPORT==== 1-Dec-2016::09:31:56 ===
      ts_config_http:(4:<0.55.0>) Get user agent: 100 "Mozilla/5.0 (Windows; U; Windows NT 5.2; fr-FR; rv:1.7.8) Gecko/20050511 Firefox/1.0.4" 

=INFO REPORT==== 1-Dec-2016::09:31:56 ===
           ts_config:(5:<0.55.0>) Session name for id 1 is "search-user"

=INFO REPORT==== 1-Dec-2016::09:31:56 ===
    ts_config_server:(4:<0.55.0>) SYSINFO:Tsung version: 1.6.0

=INFO REPORT==== 1-Dec-2016::09:31:56 ===
    ts_config_server:(4:<0.55.0>) SYSINFO:Erlang version: Erlang R14B04 (erts-5.8.5) [source] [64-bit] [rq:1] [async-threads:8] [kernel-poll:true]


=INFO REPORT==== 1-Dec-2016::09:31:56 ===
    ts_config_server:(4:<0.55.0>) SYSINFO:System architecture x86_64-redhat-linux-gnu

=INFO REPORT==== 1-Dec-2016::09:31:56 ===
    ts_config_server:(4:<0.55.0>) SYSINFO:Current path: /usr/lib/erlang/lib/tsung-1.6.0/ebin/tsung.beam

=INFO REPORT==== 1-Dec-2016::09:31:56 ===
              ts_mon:(5:<0.56.0>) Activate clients with text backend

=INFO REPORT==== 1-Dec-2016::09:31:56 ===
              ts_mon:(5:<0.56.0>) Starting tsung clients on hosts: [localhost]

=INFO REPORT==== 1-Dec-2016::09:31:56 ===
    ts_config_server:(5:<0.55.0>) Start a launcher on the controller beam localhost

=INFO REPORT==== 1-Dec-2016::09:31:56 ===
  ts_launcher_static:(5:<0.111.0>) Launch msg receive ("localhost")

=INFO REPORT==== 1-Dec-2016::09:31:56 ===
         ts_launcher:(5:<0.112.0>) Launch msg receive ("localhost")

=INFO REPORT==== 1-Dec-2016::09:31:56 ===
    ts_config_server:(5:<0.55.0>) All remote beams started, syncing 

=INFO REPORT==== 1-Dec-2016::09:31:56 ===
    ts_config_server:(5:<0.55.0>) Undefined ports_range config 

=INFO REPORT==== 1-Dec-2016::09:31:56 ===
    ts_config_server:(5:<0.55.0>) New arrival phase 1 for client "localhost" (last ? true): will start 60 users

=INFO REPORT==== 1-Dec-2016::09:31:56 ===
    ts_config_server:(5:<0.55.0>) New arrival phase 2 for client "localhost" (last ? true): will start 90 users

=INFO REPORT==== 1-Dec-2016::09:31:56 ===
    ts_config_server:(5:<0.55.0>) New arrival phase 3 for client "localhost" (last ? true): will start 120 users

=INFO REPORT==== 1-Dec-2016::09:31:56 ===
    ts_config_server:(5:<0.55.0>) New arrival phase 4 for client "localhost" (last ? true): will start 240 users

=INFO REPORT==== 1-Dec-2016::09:31:56 ===
    ts_config_server:(5:<0.55.0>) New arrival phase 5 for client "localhost" (last ? true): will start 360 users

=INFO REPORT==== 1-Dec-2016::09:31:56 ===
    ts_config_server:(5:<0.55.0>) New arrival phase 6 for client "localhost" (last ? true): will start 600 users

=INFO REPORT==== 1-Dec-2016::09:31:56 ===
    ts_config_server:(5:<0.55.0>) New arrival phase 7 for client "localhost" (last ? true): will start 960 users

=INFO REPORT==== 1-Dec-2016::09:31:56 ===
         ts_launcher:(5:<0.112.0>) Expected duration of first phase: 60.0 sec (60 users) 

=INFO REPORT==== 1-Dec-2016::09:31:57 ===
         ts_launcher:(5:<0.112.0>) Activate launcher (60 users) in 6506 msec 

=INFO REPORT==== 1-Dec-2016::09:33:01 ===
         ts_launcher:(4:<0.112.0>) Need to wait 1.664 sec before changing phase, going to sleep

=INFO REPORT==== 1-Dec-2016::09:33:03 ===
         ts_launcher:(5:<0.112.0>) Waking up

=INFO REPORT==== 1-Dec-2016::09:33:03 ===
         ts_launcher:(5:<0.112.0>) Start a new arrival phase (90 users, 0.0015); expected duration=60.0 sec

=INFO REPORT==== 1-Dec-2016::09:34:06 ===
         ts_launcher:(4:<0.112.0>) Phase duration exceeded, more than 20% (26.7%) of users were not launched in time (24 users), tsung may be overloaded !

=INFO REPORT==== 1-Dec-2016::09:34:06 ===
         ts_launcher:(5:<0.112.0>) Start a new arrival phase (120 users, 0.002); expected duration=60.0 sec

=INFO REPORT==== 1-Dec-2016::09:34:59 ===
         ts_launcher:(4:<0.112.0>) Need to wait 6.912 sec before changing phase, going to sleep

=INFO REPORT==== 1-Dec-2016::09:35:06 ===
         ts_launcher:(5:<0.112.0>) Waking up

=INFO REPORT==== 1-Dec-2016::09:35:06 ===
         ts_launcher:(5:<0.112.0>) Start a new arrival phase (240 users, 0.004); expected duration=60.0 sec

=INFO REPORT==== 1-Dec-2016::09:36:04 ===
         ts_launcher:(4:<0.112.0>) Need to wait 1.301 sec before changing phase, going to sleep

=INFO REPORT==== 1-Dec-2016::09:36:06 ===
         ts_launcher:(5:<0.112.0>) Waking up

=INFO REPORT==== 1-Dec-2016::09:36:06 ===
         ts_launcher:(5:<0.112.0>) Start a new arrival phase (360 users, 0.006); expected duration=60.0 sec

=INFO REPORT==== 1-Dec-2016::09:37:06 ===
         ts_launcher:(5:<0.112.0>) Phase duration exceeded, but not all users were launched (21 users, 5.8% of phase)

=INFO REPORT==== 1-Dec-2016::09:37:06 ===
         ts_launcher:(5:<0.112.0>) Start a new arrival phase (600 users, 0.01); expected duration=60.0 sec

=INFO REPORT==== 1-Dec-2016::09:38:02 ===
         ts_launcher:(4:<0.112.0>) Need to wait 3.663 sec before changing phase, going to sleep

=INFO REPORT==== 1-Dec-2016::09:38:06 ===
         ts_launcher:(5:<0.112.0>) Waking up

=INFO REPORT==== 1-Dec-2016::09:38:06 ===
         ts_launcher:(5:<0.112.0>) Start a new arrival phase (960 users, 0.016); expected duration=60.0 sec

=INFO REPORT==== 1-Dec-2016::09:39:06 ===
         ts_launcher:(5:<0.112.0>) Phase duration exceeded, but not all users were launched (46 users, 4.8% of phase)

=INFO REPORT==== 1-Dec-2016::09:39:06 ===
         ts_launcher:(5:<0.112.0>) This was the last phase, wait for connected users to finish their session

=INFO REPORT==== 1-Dec-2016::09:39:51 ===
     ts_launcher_mgr:(5:<0.106.0>) No more active users 'tsung_controller@ip-172-31-6-161' "333"

=INFO REPORT==== 1-Dec-2016::09:39:51 ===
              ts_mon:(5:<0.56.0>) stopping monitor (normal)
