# stats: dump at 1480610663
stats: users 7 7
stats: {load,"tsung_controller@ip-172-31-1-178"} 1 0.01171875 0 0.01171875 0.01171875 0 0
stats: {freemem,"tsung_controller@ip-172-31-1-178"} 1 3160.734375 0 3160.734375 3160.734375 0 0
stats: {cpu,"tsung_controller@ip-172-31-1-178"} 1 4.306085784864137 0 4.306085784864137 4.306085784864137 0 0
stats: users_count 7 7
stats: finish_users_count 0 0
stats: request 29 375.6783910290948 422.1267809115963 1560.2060546875 16.587890625 0 0
stats: connect 7 37.75927734375 63.0070271000551 177.186767578125 1.251953125 0 0
stats: page 21 497.1515880766369 481.64752128068596 1560.2060546875 16.587890625 0 0
stats: 302 5 5
stats: 200 24 24
stats: size_rcv 134310 134310
stats: size_sent 20406 20406
stats: connected 7 7
# stats: dump at 1480610673
stats: users 18 18
stats: {load,"tsung_controller@ip-172-31-1-178"} 1 0.01171875 0.0 0.01171875 0.01171875 0.01171875 1
stats: {freemem,"tsung_controller@ip-172-31-1-178"} 1 3161.19921875 0.0 3161.19921875 3160.734375 3160.734375 1
stats: {recvpackets,"tsung_controller@ip-172-31-1-178"} 1 209 0 209 209 0 0
stats: {sentpackets,"tsung_controller@ip-172-31-1-178"} 1 148 0 148 148 0 0
stats: {cpu,"tsung_controller@ip-172-31-1-178"} 1 2.566633761105627 0.0 4.306085784864137 2.566633761105627 4.306085784864137 1
stats: users_count 11 18
stats: finish_users_count 0 0
stats: request 53 1138.9883918042453 1438.3287666017136 6234.427001953125 16.587890625 375.6783910290948 29
stats: connect 11 1.4200328480113635 0.06403353927878117 177.186767578125 1.251953125 37.75927734375 7
stats: page 40 1381.391015625 1594.6305845466081 7027.36181640625 16.587890625 497.1515880766369 21
stats: 302 11 16
stats: 200 42 66
stats: size_rcv 251281 385591
stats: size_sent 39500 59906
stats: connected 11 18
# stats: dump at 1480610683
stats: users 24 24
stats: {load,"tsung_controller@ip-172-31-1-178"} 1 0.01171875 0.0 0.01171875 0.01171875 0.01171875 2
stats: {freemem,"tsung_controller@ip-172-31-1-178"} 1 3158.45703125 0.0 3161.19921875 3158.45703125 3160.966796875 2
stats: {recvpackets,"tsung_controller@ip-172-31-1-178"} 1 375.0 0.0 375 209 209.0 1
stats: {sentpackets,"tsung_controller@ip-172-31-1-178"} 1 239.0 0.0 239 148 148.0 1
stats: {cpu,"tsung_controller@ip-172-31-1-178"} 1 1.0923535253227408 0.0 4.306085784864137 1.0923535253227408 3.436359772984882 2
stats: users_count 6 24
stats: finish_users_count 0 0
stats: request 137 272.2553746578467 505.71637690530883 6234.427001953125 12.68115234375 869.037293969131 82
stats: connect 6 1.4148356119791667 0.021532601838043727 177.186767578125 1.251953125 15.551961263020834 18
stats: page 105 408.2747163318452 789.421050826576 7027.36181640625 12.68115234375 1076.9807208952357 61
stats: 302 15 31
stats: 200 111 177
stats: size_rcv 609764 995355
stats: size_sent 99577 159483
stats: connected 6 24
stats: 204 11 11
stats: max_repeat 4 4
# stats: dump at 1480610693
stats: users 41 41
stats: {load,"tsung_controller@ip-172-31-1-178"} 1 0.01171875 0.0 0.01171875 0.01171875 0.01171875 3
stats: {freemem,"tsung_controller@ip-172-31-1-178"} 1 3156.17578125 0.0 3161.19921875 3156.17578125 3160.1302083333335 3
stats: {recvpackets,"tsung_controller@ip-172-31-1-178"} 1 763.0 0.0 763 209 292.0 2
stats: {sentpackets,"tsung_controller@ip-172-31-1-178"} 1 456.0 0.0 456 148 193.5 2
stats: {cpu,"tsung_controller@ip-172-31-1-178"} 1 1.4955134596211366 0.0 4.306085784864137 1.0923535253227408 2.6550243570975014 3
stats: session 1 35362.928955078125 0 35362.928955078125 35362.928955078125 0 0
stats: users_count 18 42
stats: finish_users_count 1 1
stats: request 165 420.8395892518939 383.8591876991164 6234.427001953125 0.861083984375 495.70796545019977 219
stats: connect 18 1.2837456597222223 0.07286490263086398 177.186767578125 1.0859375 12.017679850260416 24
stats: page 141 482.0167002576463 467.89476430002475 7027.36181640625 0.861083984375 654.0040312617658 166
stats: 302 17 48
stats: 200 137 314
stats: size_rcv 759070 1754425
stats: size_sent 121231 280714
stats: connected 17 41
stats: 204 10 21
stats: max_repeat 3 7
stats: 400 1 1
# stats: dump at 1480610703
stats: users 46 47
stats: {load,"tsung_controller@ip-172-31-1-178"} 1 0.01171875 0.0 0.01171875 0.01171875 0.01171875 4
stats: {freemem,"tsung_controller@ip-172-31-1-178"} 1 3154.36328125 0.0 3161.19921875 3154.36328125 3159.1416015625 4
stats: {recvpackets,"tsung_controller@ip-172-31-1-178"} 1 990.0 0.0 990 209 449.0 3
stats: {sentpackets,"tsung_controller@ip-172-31-1-178"} 1 607.0 0.0 607 148 281.0 3
stats: {cpu,"tsung_controller@ip-172-31-1-178"} 1 2.1868787276341948 0.0 4.306085784864137 1.0923535253227408 2.3651466327284103 4
stats: session 1 40791.9169921875 0.0 40791.9169921875 35362.928955078125 35362.928955078125 1
stats: users_count 6 48
stats: finish_users_count 1 2
stats: request 177 842.9687500000001 470.9529150801599 6234.427001953125 0.861083984375 463.53796005249023 384
stats: connect 6 1.3920084635416667 0.11615370651040666 177.186767578125 1.0859375 7.417422340029762 42
stats: page 148 996.5977106867609 679.3149768466564 7027.36181640625 0.861083984375 575.0131072501018 307
stats: 302 19 67
stats: 200 143 457
stats: size_rcv 820002 2574427
stats: size_sent 139917 420631
stats: connected 5 46
stats: 204 14 35
stats: max_repeat 8 15
stats: 400 1 2
# stats: dump at 1480610713
stats: users 57 57
stats: {load,"tsung_controller@ip-172-31-1-178"} 1 0.0 0.0 0.01171875 0.0 0.01171875 5
stats: {freemem,"tsung_controller@ip-172-31-1-178"} 1 3150.66015625 0.0 3161.19921875 3150.66015625 3158.1859375 5
stats: {recvpackets,"tsung_controller@ip-172-31-1-178"} 1 1152.0 0.0 1152 209 584.25 4
stats: {sentpackets,"tsung_controller@ip-172-31-1-178"} 1 707.0 0.0 707 148 362.5 4
stats: {cpu,"tsung_controller@ip-172-31-1-178"} 1 2.19560878243513 0.0 4.306085784864137 1.0923535253227408 2.329493051709567 5
stats: session 1 47979.830078125 0.0 47979.830078125 35362.928955078125 38077.42297363281 2
stats: users_count 12 60
stats: finish_users_count 1 3
stats: request 207 1126.412184858092 478.34142236726234 6234.427001953125 0.861083984375 583.2514178434158 561
stats: connect 12 1.4421590169270833 0.09685295112135923 177.186767578125 1.0859375 6.66424560546875 48
stats: page 181 1279.9171095368617 723.3567872909375 7027.36181640625 0.861083984375 712.1439233130151 455
stats: 302 17 84
stats: 200 168 625
stats: size_rcv 902766 3477193
stats: size_sent 153666 574297
stats: connected 11 57
stats: 204 21 56
stats: max_repeat 4 19
stats: 400 1 3
# stats: dump at 1480610723
stats: users 67 67
stats: {load,"tsung_controller@ip-172-31-1-178"} 1 0.0 0.0 0.01171875 0.0 0.009765625 6
stats: {freemem,"tsung_controller@ip-172-31-1-178"} 1 3148.734375 0.0 3161.19921875 3148.734375 3156.931640625 6
stats: {recvpackets,"tsung_controller@ip-172-31-1-178"} 1 1098.0 0.0 1152 209 697.8 5
stats: {sentpackets,"tsung_controller@ip-172-31-1-178"} 1 790.0 0.0 790 148 431.4 5
stats: {cpu,"tsung_controller@ip-172-31-1-178"} 1 2.293120638085743 0.0 4.306085784864137 1.0923535253227408 2.3071790068304945 6
stats: session 0 0 0 47979.830078125 35362.928955078125 41378.225341796875 3
stats: users_count 10 70
stats: finish_users_count 0 3
stats: request 157 2037.8679821233088 586.9379306834004 6234.427001953125 0.861083984375 729.6502183278402 768
stats: connect 10 4.019482421875 7.942222433034023 177.186767578125 1.0859375 5.619828287760416 60
stats: page 138 2334.694774682971 1065.165270391698 7027.36181640625 0.861083984375 873.7271728515627 636
stats: 302 11 95
stats: 200 136 761
stats: size_rcv 770905 4248098
stats: newphase 1 1
stats: size_sent 129730 704027
stats: connected 10 67
stats: 204 10 66
stats: max_repeat 2 21
stats: 400 0 3
# stats: dump at 1480610733
stats: users 79 79
stats: {load,"tsung_controller@ip-172-31-1-178"} 1 0.0 0.0 0.01171875 0.0 0.008370535714285714 7
stats: {freemem,"tsung_controller@ip-172-31-1-178"} 1 3147.30859375 0.0 3161.19921875 3147.30859375 3155.7606026785716 7
stats: {recvpackets,"tsung_controller@ip-172-31-1-178"} 1 936.0 0.0 1152 209 764.5 6
stats: {sentpackets,"tsung_controller@ip-172-31-1-178"} 1 658.0 0.0 790 148 491.1666666666667 6
stats: {cpu,"tsung_controller@ip-172-31-1-178"} 1 1.794616151545364 0.0 4.306085784864137 1.0923535253227408 2.305170668438387 7
stats: session 1 59670.902099609375 0.0 59670.902099609375 35362.928955078125 41378.225341796875 3
stats: users_count 13 83
stats: finish_users_count 1 4
stats: request 147 2990.731664540817 566.3090738709773 6234.427001953125 0.861083984375 951.6936658044765 925
stats: connect 13 1.4008413461538463 0.16023561171524078 177.186767578125 1.0859375 5.391207449776786 70
stats: page 128 3282.7626094818115 1077.2696492170794 7027.36181640625 0.861083984375 1134.20976852693 774
stats: 302 17 112
stats: 200 117 878
stats: size_rcv 605420 4853518
stats: newphase 0 1
stats: size_sent 113235 817262
stats: connected 12 79
stats: 204 12 78
stats: max_repeat 3 24
stats: 400 1 4
# stats: dump at 1480610743
stats: users 91 91
stats: {load,"tsung_controller@ip-172-31-1-178"} 1 0.0 0.0 0.01171875 0.0 0.00732421875 8
stats: {freemem,"tsung_controller@ip-172-31-1-178"} 1 3144.91015625 0.0 3161.19921875 3144.91015625 3154.7041015625 8
stats: {recvpackets,"tsung_controller@ip-172-31-1-178"} 1 967.0 0.0 1152 209 789.0 7
stats: {sentpackets,"tsung_controller@ip-172-31-1-178"} 1 708.0 0.0 790 148 515.0 7
stats: {cpu,"tsung_controller@ip-172-31-1-178"} 1 1.694915254237288 0.0 4.306085784864137 1.0923535253227408 2.241351353826759 8
stats: session 3 71273.11010742188 11620.160317576607 87150.54418945313 35362.928955078125 45951.39453125 4
stats: users_count 15 98
stats: finish_users_count 3 7
stats: request 211 2488.224504082124 1430.9164200510777 21078.781005859375 0.699951171875 1231.300555556568 1072
stats: connect 15 1.25703125 0.07555712299341683 177.186767578125 1.0859375 4.766210349209337 83
stats: page 192 2788.269068400063 1809.6026635989247 21078.781005859375 0.699951171875 1439.1041849817245 902
stats: 302 25 137
stats: 200 161 1039
stats: size_rcv 855241 5708759
stats: newphase 0 1
stats: size_sent 146223 963485
stats: connected 11 90
stats: 204 21 99
stats: max_repeat 9 33
stats: 400 4 8
# stats: dump at 1480610753
stats: users 103 103
stats: {load,"tsung_controller@ip-172-31-1-178"} 1 0.0 0.0 0.01171875 0.0 0.006510416666666667 9
stats: {freemem,"tsung_controller@ip-172-31-1-178"} 1 3143.578125 0.0 3161.19921875 3143.578125 3153.6158854166665 9
stats: {recvpackets,"tsung_controller@ip-172-31-1-178"} 1 1284.0 0.0 1284 209 811.25 8
stats: {sentpackets,"tsung_controller@ip-172-31-1-178"} 1 1007.0 0.0 1007 148 539.125 8
stats: {cpu,"tsung_controller@ip-172-31-1-178"} 1 2.2954091816367264 0.0 4.306085784864137 1.0923535253227408 2.180636231650151 9
stats: session 2 74194.97009277344 5981.9110107421875 87150.54418945313 35362.928955078125 56803.558349609375 7
stats: users_count 14 112
stats: finish_users_count 2 9
stats: request 222 2443.4818412162163 520.8346351736168 21078.781005859375 0.699951171875 1438.0121324380116 1283
stats: connect 13 1.4086162860576923 0.09040774831348983 177.186767578125 1.0859375 4.229091099330357 98
stats: page 194 2659.102245842059 995.4651094503629 21078.781005859375 0.699951171875 1675.8863217425298 1094
stats: 302 22 159
stats: 200 177 1216
stats: size_rcv 906496 6615255
stats: newphase 0 1
stats: size_sent 177471 1140956
stats: connected 12 102
stats: 204 22 121
stats: max_repeat 3 36
stats: 400 1 9
# stats: dump at 1480610763
stats: users 118 118
stats: {load,"tsung_controller@ip-172-31-1-178"} 1 0.0 0.0 0.01171875 0.0 0.005859375 10
stats: {freemem,"tsung_controller@ip-172-31-1-178"} 1 3140.78515625 0.0 3161.19921875 3140.78515625 3152.612109375 10
stats: {recvpackets,"tsung_controller@ip-172-31-1-178"} 1 1203.0 0.0 1284 209 863.7777777777778 9
stats: {sentpackets,"tsung_controller@ip-172-31-1-178"} 1 914.0 0.0 1007 148 591.1111111111111 9
stats: {cpu,"tsung_controller@ip-172-31-1-178"} 1 2.6812313803376364 0.0 4.306085784864137 1.0923535253227408 2.1921135266488085 10
stats: session 0 0 0 87150.54418945313 35362.928955078125 60668.316514756945 9
stats: users_count 15 127
stats: finish_users_count 0 9
stats: request 212 3327.7086446510175 453.1447563309078 21078.781005859375 0.699951171875 1586.3272655601122 1505
stats: connect 15 1.3724446614583334 0.11460051667809125 177.186767578125 1.0859375 3.898765220298423 111
stats: page 187 3779.08573513745 1336.454337079561 21078.781005859375 0.699951171875 1823.979403478018 1288
stats: 302 27 186
stats: 200 169 1385
stats: size_rcv 801688 7416943
stats: newphase 0 1
stats: size_sent 157702 1298658
stats: connected 15 117
stats: 204 16 137
stats: max_repeat 2 38
stats: 400 0 9
# stats: dump at 1480610773
stats: users 130 130
stats: {load,"tsung_controller@ip-172-31-1-178"} 1 0.0 0.0 0.01171875 0.0 0.005326704545454545 11
stats: {freemem,"tsung_controller@ip-172-31-1-178"} 1 3138.21875 0.0 3161.19921875 3138.21875 3151.536931818182 11
stats: {recvpackets,"tsung_controller@ip-172-31-1-178"} 1 1259.0 0.0 1284 209 897.7 10
stats: {sentpackets,"tsung_controller@ip-172-31-1-178"} 1 960.0 0.0 1007 148 623.4 10
stats: {cpu,"tsung_controller@ip-172-31-1-178"} 1 2.1999999999999997 0.0 4.306085784864137 1.0923535253227408 2.2365787860750657 11
stats: session 0 0 0 87150.54418945313 35362.928955078125 60668.316514756945 9
stats: users_count 12 139
stats: finish_users_count 0 9
stats: request 223 3619.423439470642 496.9597703440313 21078.781005859375 0.699951171875 1801.3376629784416 1717
stats: connect 13 1.4836801382211537 0.47196944352339687 177.186767578125 1.0859375 3.59801277281746 126
stats: page 198 4026.2793548275727 1383.257255968493 21078.781005859375 0.699951171875 2071.8471214578917 1475
stats: 302 17 203
stats: 200 186 1571
stats: size_rcv 958300 8375243
stats: newphase 0 1
stats: size_sent 177095 1475753
stats: connected 13 130
stats: 204 20 157
stats: max_repeat 1 39
stats: 400 0 9
# stats: dump at 1480610783
stats: users 149 149
stats: {load,"tsung_controller@ip-172-31-1-178"} 1 0.0 0.0 0.01171875 0.0 0.004882812499999999 12
stats: {freemem,"tsung_controller@ip-172-31-1-178"} 1 3135.71875 0.0 3161.19921875 3135.71875 3150.4270833333335 12
stats: {recvpackets,"tsung_controller@ip-172-31-1-178"} 1 1212.0 0.0 1284 209 930.5454545454545 11
stats: {sentpackets,"tsung_controller@ip-172-31-1-178"} 1 918.0 0.0 1007 148 654.0 11
stats: {cpu,"tsung_controller@ip-172-31-1-178"} 1 2.095808383233533 0.0 4.306085784864137 1.0923535253227408 2.2335305539021433 12
stats: session 3 80308.15502929688 43400.287452719545 117401.92895507813 19412.52099609375 60668.316514756945 9
stats: users_count 22 161
stats: finish_users_count 3 12
stats: request 258 3557.1457528994065 1525.3367175784308 21078.781005859375 0.699951171875 2010.32381151337 1940
stats: connect 22 2.8345836292613638 4.921296009245776 177.186767578125 1.0859375 3.4002694328911867 139
stats: page 223 4052.946578089964 2222.7363484698594 21078.781005859375 0.699951171875 2303.15470197624 1673
stats: 302 26 229
stats: 200 202 1773
stats: size_rcv 1120281 9495524
stats: newphase 1 2
stats: size_sent 195395 1671148
stats: connected 19 149
stats: 204 17 174
stats: max_repeat 5 44
stats: 400 0 9
stats: 503 13 13
# stats: dump at 1480610793
stats: users 169 169
stats: {load,"tsung_controller@ip-172-31-1-178"} 1 0.0 0.0 0.01171875 0.0 0.004507211538461537 13
stats: {freemem,"tsung_controller@ip-172-31-1-178"} 1 3131.078125 0.0 3161.19921875 3131.078125 3149.295673076923 13
stats: {recvpackets,"tsung_controller@ip-172-31-1-178"} 1 1631.0 0.0 1631 209 954.0 12
stats: {sentpackets,"tsung_controller@ip-172-31-1-178"} 1 1253.0 0.0 1253 148 676.0 12
stats: {cpu,"tsung_controller@ip-172-31-1-178"} 1 2.1148036253776437 0.0 4.306085784864137 1.0923535253227408 2.222936540773788 13
stats: session 5 75475.66123046874 44581.51521375846 133584.90600585938 19412.52099609375 65578.27614339192 12
stats: users_count 25 186
stats: finish_users_count 5 17
stats: request 320 3232.4551719665524 1950.3470307531582 21078.781005859375 0.699951171875 2191.888898354861 2198
stats: connect 25 1.35044921875 0.2023929854771986 177.186767578125 1.039794921875 3.322970751649845 161
stats: page 270 3790.69221100984 2670.4788868025216 21078.781005859375 0.699951171875 2508.958282341937 1896
stats: 302 32 261
stats: 200 216 1989
stats: size_rcv 1034253 10529777
stats: newphase 0 2
stats: size_sent 238691 1909839
stats: connected 20 169
stats: 204 23 197
stats: max_repeat 7 51
stats: 400 2 11
stats: 503 47 60
# stats: dump at 1480610803
stats: users 185 186
stats: {load,"tsung_controller@ip-172-31-1-178"} 1 0.0 0.0 0.01171875 0.0 0.004185267857142856 14
stats: {freemem,"tsung_controller@ip-172-31-1-178"} 1 3127.58203125 0.0 3161.19921875 3127.58203125 3147.9944196428573 14
stats: {recvpackets,"tsung_controller@ip-172-31-1-178"} 1 1729.0 0.0 1729 209 1006.0769230769231 13
stats: {sentpackets,"tsung_controller@ip-172-31-1-178"} 1 1330.0 0.0 1330 148 720.3846153846154 13
stats: {cpu,"tsung_controller@ip-172-31-1-178"} 1 3.4034034034034035 0.0 4.306085784864137 1.0923535253227408 2.215212761102635 14
stats: session 1 146914.69189453125 0.0 146914.69189453125 19412.52099609375 68489.27175723805 17
stats: users_count 17 203
stats: finish_users_count 1 18
stats: request 412 2844.997007499621 2332.5831814907656 21078.781005859375 0.699951171875 2324.12925083927 2518
stats: connect 17 1.305908203125 0.12451321118086246 177.186767578125 1.02685546875 3.057846889700941 186
stats: page 347 3397.304349783863 3025.5181877130963 21078.781005859375 0.699951171875 2668.731209738213 2166
stats: 302 42 303
stats: 200 293 2282
stats: size_rcv 1616270 12146047
stats: newphase 0 2
stats: size_sent 298418 2208257
stats: connected 16 185
stats: 204 30 227
stats: max_repeat 7 58
stats: 400 0 11
stats: 503 46 106
stats: 500 1 1
# stats: dump at 1480610813
stats: users 200 201
stats: {load,"tsung_controller@ip-172-31-1-178"} 1 0.0 0.0 0.01171875 0.0 0.003906249999999999 15
stats: {freemem,"tsung_controller@ip-172-31-1-178"} 1 3124.1796875 0.0 3161.19921875 3124.1796875 3146.63359375 15
stats: {recvpackets,"tsung_controller@ip-172-31-1-178"} 1 2210.0 0.0 2210 209 1057.7142857142858 14
stats: {sentpackets,"tsung_controller@ip-172-31-1-178"} 1 1637.0 0.0 1637 148 763.9285714285714 14
stats: {cpu,"tsung_controller@ip-172-31-1-178"} 1 4.39121756487026 0.0 4.39121756487026 1.0923535253227408 2.2944254705893528 15
stats: session 7 114806.57230050223 36571.81319411746 146914.69189453125 19412.52099609375 72846.23954264323 18
stats: users_count 22 225
stats: finish_users_count 7 25
stats: request 517 2131.9164666004285 2066.381397626432 21078.781005859375 0.699951171875 2397.3707237894623 2930
stats: connect 22 1.4198441938920454 0.297623274355892 177.186767578125 1.02685546875 2.9111328125 203
stats: page 449 2460.175129845841 2647.4968376780334 21078.781005859375 0.699951171875 2769.334026927166 2513
stats: 302 40 343
stats: 200 359 2641
stats: size_rcv 1830609 13976656
stats: newphase 0 2
stats: size_sent 378251 2586508
stats: connected 15 200
stats: 204 38 265
stats: max_repeat 18 76
stats: 400 3 14
stats: 503 78 184
stats: 500 0 1
# stats: dump at 1480610823
stats: users 218 218
stats: {load,"tsung_controller@ip-172-31-1-178"} 1 0.0 0.0 0.01171875 0.0 0.003662109374999999 16
stats: {freemem,"tsung_controller@ip-172-31-1-178"} 1 3121.05078125 0.0 3161.19921875 3121.05078125 3145.230224609375 16
stats: {recvpackets,"tsung_controller@ip-172-31-1-178"} 1 2637.0 0.0 2637 209 1134.5333333333333 15
stats: {sentpackets,"tsung_controller@ip-172-31-1-178"} 1 1959.0 0.0 1959 148 822.1333333333333 15
stats: {cpu,"tsung_controller@ip-172-31-1-178"} 1 4.036326942482341 0.0 4.39121756487026 1.0923535253227408 2.4254749764819095 16
stats: session 4 57191.2568359375 38974.48181889366 146914.69189453125 19412.52099609375 84595.13271484376 25
stats: users_count 22 247
stats: finish_users_count 4 29
stats: request 562 2097.069391976896 2016.1778619529898 21078.781005859375 0.699951171875 2357.5564357225257 3447
stats: connect 22 1.7748468572443181 1.726639677135737 177.186767578125 1.02685546875 2.7653179253472224 225
stats: page 494 2390.955483872882 2533.9869830599805 21078.781005859375 0.699951171875 2722.469629631584 2962
stats: 302 31 374
stats: 200 360 3001
stats: size_rcv 1901880 15878536
stats: newphase 0 2
stats: size_sent 430560 3017068
stats: connected 18 218
stats: 204 47 312
stats: max_repeat 16 92
stats: 400 1 15
stats: 503 119 303
stats: 500 3 4
# stats: dump at 1480610833
stats: users 221 225
stats: {load,"tsung_controller@ip-172-31-1-178"} 1 0.0 0.0 0.01171875 0.0 0.0034466911764705873 17
stats: {freemem,"tsung_controller@ip-172-31-1-178"} 1 3116.578125 0.0 3161.19921875 3116.578125 3143.807904411765 17
stats: {recvpackets,"tsung_controller@ip-172-31-1-178"} 1 2753.0 0.0 2753 209 1228.4375 16
stats: {sentpackets,"tsung_controller@ip-172-31-1-178"} 1 2088.0 0.0 2088 148 893.1875 16
stats: {cpu,"tsung_controller@ip-172-31-1-178"} 1 5.305305305305305 0.0 5.305305305305305 1.0923535253227408 2.520230974481935 17
stats: session 11 81348.451171875 43537.151860818725 163648.03784179688 19412.52099609375 80815.2877660291 29
stats: users_count 14 261
stats: finish_users_count 11 40
stats: request 569 2363.6362394792122 2028.979730404599 21078.781005859375 0.699951171875 2321.040167679362 4009
stats: connect 14 1.3064662388392858 0.1746094761539757 177.186767578125 1.02685546875 2.6770978302125505 247
stats: page 515 2635.285345399724 2512.452300499231 21078.781005859375 0.699951171875 2675.083059028344 3456
stats: 302 29 403
stats: 200 365 3366
stats: size_rcv 2006412 17884948
stats: newphase 0 2
stats: size_sent 415646 3432714
stats: connected 3 221
stats: 204 39 351
stats: max_repeat 20 112
stats: 400 4 19
stats: 503 128 431
stats: 500 4 8
# stats: dump at 1480610843
stats: users 239 240
stats: {load,"tsung_controller@ip-172-31-1-178"} 1 0.0 0.0 0.01171875 0.0 0.0032552083333333326 18
stats: {freemem,"tsung_controller@ip-172-31-1-178"} 1 3112.87109375 0.0 3161.19921875 3112.87109375 3142.2951388888887 18
stats: {recvpackets,"tsung_controller@ip-172-31-1-178"} 1 2908.0 0.0 2908 209 1318.1176470588234 17
stats: {sentpackets,"tsung_controller@ip-172-31-1-178"} 1 2117.0 0.0 2117 148 963.4705882352941 17
stats: {cpu,"tsung_controller@ip-172-31-1-178"} 1 3.8461538461538463 0.0 5.305305305305305 1.0923535253227408 2.674957326194344 18
stats: session 12 104389.36004638672 50186.958069598775 171649.38403320313 19412.52099609375 80961.90770263672 40
stats: users_count 30 291
stats: finish_users_count 12 52
stats: request 670 1770.072426684935 2112.6933606293264 21078.781005859375 0.655029296875 2326.334436979081 4578
stats: connect 30 3.4124348958333335 11.776496380037221 177.186767578125 0.9599609375 2.60357736170977 261
stats: page 604 1906.9471322369106 2403.6382688356402 21078.781005859375 0.655029296875 2669.921683425539 3971
stats: 302 23 426
stats: 200 351 3717
stats: size_rcv 1935983 19820931
stats: newphase 1 3
stats: size_sent 472528 3905242
stats: connected 18 239
stats: 204 45 396
stats: max_repeat 19 131
stats: 400 6 25
stats: 503 243 674
stats: 500 3 11
# stats: dump at 1480610853
stats: users 267 267
stats: {load,"tsung_controller@ip-172-31-1-178"} 1 0.0 0.0 0.01171875 0.0 0.0030838815789473676 19
stats: {freemem,"tsung_controller@ip-172-31-1-178"} 1 3110.81640625 0.0 3161.19921875 3110.81640625 3140.7465049342104 19
stats: {recvpackets,"tsung_controller@ip-172-31-1-178"} 1 2813.0 0.0 2908 209 1406.4444444444443 18
stats: {sentpackets,"tsung_controller@ip-172-31-1-178"} 1 2327.0 0.0 2327 148 1027.5555555555557 18
stats: {cpu,"tsung_controller@ip-172-31-1-178"} 1 4.365482233502538 0.0 5.305305305305305 1.0923535253227408 2.736599248297476 19
stats: session 11 87719.2333318537 57914.680744767305 180767.22387695313 19412.52099609375 86368.24285888672 52
stats: users_count 39 330
stats: finish_users_count 11 63
stats: request 656 2224.2981325475193 2541.3057819064406 21078.781005859375 0.655029296875 2255.317755024608 5248
stats: connect 39 1.2216734274839745 0.1395511817237599 177.186767578125 0.9599609375 2.6869647363616838 291
stats: page 602 2470.817141510718 2999.7982583171333 21078.781005859375 0.655029296875 2569.1923656292697 4575
stats: 302 31 457
stats: 200 310 4027
stats: size_rcv 1856825 21677756
stats: newphase 0 3
stats: size_sent 476827 4382069
stats: connected 25 264
stats: 204 35 431
stats: max_repeat 21 152
stats: 400 6 31
stats: 503 266 940
stats: 500 7 18
# stats: dump at 1480610863
stats: users 296 296
stats: {load,"tsung_controller@ip-172-31-1-178"} 1 0.0 0.0 0.01171875 0.0 0.002929687499999999 20
stats: {freemem,"tsung_controller@ip-172-31-1-178"} 1 3107.68359375 0.0 3161.19921875 3107.68359375 3139.25 20
stats: {recvpackets,"tsung_controller@ip-172-31-1-178"} 1 3012.0 0.0 3012 209 1480.4736842105262 19
stats: {sentpackets,"tsung_controller@ip-172-31-1-178"} 1 2501.0 0.0 2501 148 1095.9473684210527 19
stats: {cpu,"tsung_controller@ip-172-31-1-178"} 1 5.533199195171027 0.0 5.533199195171027 1.0923535253227408 2.8180433975577293 20
stats: session 10 106792.1076904297 43754.74963555628 180767.22387695313 19412.52099609375 86604.1300843254 63
stats: users_count 39 369
stats: finish_users_count 10 73
stats: request 698 2477.0439299225436 2641.6720401675907 25926.155029296875 0.655029296875 2251.8711303049317 5904
stats: connect 38 1.2600868626644737 0.424141933911521 177.186767578125 0.93310546875 2.5137939453125 330
stats: page 639 2670.6644625238387 3056.418376879982 25926.155029296875 0.655029296875 2557.752944165223 5177
stats: 302 42 499
stats: 200 321 4348
stats: size_rcv 1999184 23676940
stats: newphase 0 3
stats: size_sent 501384 4883453
stats: connected 29 293
stats: 204 34 465
stats: max_repeat 15 167
stats: 400 6 37
stats: 503 286 1226
stats: 500 8 26
stats: 404 2 2
# stats: dump at 1480610873
stats: users 318 318
stats: {load,"tsung_controller@ip-172-31-1-178"} 1 0.0 0.0 0.01171875 0.0 0.0027901785714285706 21
stats: {freemem,"tsung_controller@ip-172-31-1-178"} 1 3106.1015625 0.0 3161.19921875 3106.1015625 3137.7468377976193 21
stats: {recvpackets,"tsung_controller@ip-172-31-1-178"} 1 2982.0 0.0 3012 209 1557.05 20
stats: {sentpackets,"tsung_controller@ip-172-31-1-178"} 1 2397.0 0.0 2501 148 1166.2 20
stats: {cpu,"tsung_controller@ip-172-31-1-178"} 1 4.742684157416751 0.0 5.533199195171027 1.0923535253227408 2.9473365307774104 21
stats: session 14 109139.40351213727 42390.443877153804 180767.22387695313 19412.52099609375 89369.60646872324 73
stats: users_count 36 405
stats: finish_users_count 14 87
stats: request 612 2764.0429815155235 2148.710784460818 25926.155029296875 0.655029296875 2275.6776456234857 6602
stats: connect 34 1.2526424632352942 0.17078696295598772 177.186767578125 0.93310546875 2.384335061778193 368
stats: page 562 3007.691429273938 2607.7930969544627 25926.155029296875 0.655029296875 2570.15845658461 5816
stats: 302 43 542
stats: 200 309 4657
stats: size_rcv 1718936 25395876
stats: newphase 0 3
stats: size_sent 431933 5315386
stats: connected 22 315
stats: 204 35 500
stats: max_repeat 16 183
stats: 400 6 43
stats: 503 210 1436
stats: 500 8 34
stats: 404 1 3
# stats: dump at 1480610883
stats: users 343 343
stats: {load,"tsung_controller@ip-172-31-1-178"} 1 0.0 0.0 0.01171875 0.0 0.002663352272727272 22
stats: {freemem,"tsung_controller@ip-172-31-1-178"} 1 3102.3515625 0.0 3161.19921875 3102.3515625 3136.308416193182 22
stats: {recvpackets,"tsung_controller@ip-172-31-1-178"} 1 2694.0 0.0 3012 209 1624.904761904762 21
stats: {sentpackets,"tsung_controller@ip-172-31-1-178"} 1 2237.0 0.0 2501 148 1224.8095238095239 21
stats: {cpu,"tsung_controller@ip-172-31-1-178"} 1 5.438066465256798 0.0 5.533199195171027 1.0923535253227408 3.0289432410791988 22
stats: session 12 116646.33213297527 44690.82510605458 195500.97802734375 19412.52099609375 92550.95311938757 87
stats: users_count 37 442
stats: finish_users_count 12 99
stats: request 698 2687.901334308962 2528.7873074413483 25926.155029296875 0.655029296875 2317.108139879921 7214
stats: connect 39 1.2981583032852562 0.24233889658961152 177.186767578125 0.93310546875 2.288619767374067 402
stats: page 631 2941.8415210077037 2985.4975193188893 25926.155029296875 0.655029296875 2608.711848031992 6378
stats: 302 37 579
stats: 200 311 4968
stats: size_rcv 1810663 27206539
stats: newphase 0 3
stats: size_sent 488142 5803528
stats: connected 28 343
stats: 204 23 523
stats: max_repeat 12 195
stats: 400 5 48
stats: 503 305 1741
stats: 500 16 50
stats: 404 2 5
# stats: dump at 1480610893
stats: users 360 362
stats: {load,"tsung_controller@ip-172-31-1-178"} 1 0.16015625 0.0 0.16015625 0.0 0.0025475543478260866 23
stats: {freemem,"tsung_controller@ip-172-31-1-178"} 1 3097.85546875 0.0 3161.19921875 3097.85546875 3134.83203125 23
stats: {recvpackets,"tsung_controller@ip-172-31-1-178"} 1 3007.0 0.0 3012 209 1673.5 22
stats: {sentpackets,"tsung_controller@ip-172-31-1-178"} 1 2558.0 0.0 2558 148 1270.8181818181818 22
stats: {cpu,"tsung_controller@ip-172-31-1-178"} 1 5.4822335025380715 0.0 5.533199195171027 1.0923535253227408 3.1336877290869203 23
stats: session 21 129933.07020786831 60940.47547470923 214685.27685546875 19412.52099609375 95471.60512103456 99
stats: users_count 38 480
stats: finish_users_count 21 120
stats: request 820 2728.6479393935774 2507.7947429659457 25926.155029296875 0.655029296875 2349.8196729577107 7912
stats: connect 38 1.282374331825658 0.16369980361370146 177.186767578125 0.93310546875 2.201027937216553 441
stats: page 732 3058.9842015667678 3045.764735682794 25926.155029296875 0.655029296875 2638.702549080311 7009
stats: 302 44 623
stats: 200 349 5317
stats: size_rcv 2105474 29312013
stats: newphase 0 3
stats: size_sent 565968 6369496
stats: connected 15 358
stats: 204 39 562
stats: max_repeat 30 225
stats: 400 7 55
stats: 503 357 2098
stats: 500 21 71
stats: 404 2 7
# stats: dump at 1480610903
stats: users 389 390
stats: {load,"tsung_controller@ip-172-31-1-178"} 1 0.140625 0.0 0.16015625 0.0 0.009114583333333334 24
stats: {freemem,"tsung_controller@ip-172-31-1-178"} 1 3096.42578125 0.0 3161.19921875 3096.42578125 3133.2913411458335 24
stats: {recvpackets,"tsung_controller@ip-172-31-1-178"} 1 3245.0 0.0 3245 209 1731.4782608695652 23
stats: {sentpackets,"tsung_controller@ip-172-31-1-178"} 1 2754.0 0.0 2754 148 1326.7826086956522 23
stats: {cpu,"tsung_controller@ip-172-31-1-178"} 1 5.188199389623601 0.0 5.533199195171027 1.0923535253227408 3.231543802980718 24
stats: session 23 98200.80178965694 66138.81527300907 214685.27685546875 19412.52099609375 101502.36151123047 120
stats: users_count 52 532
stats: finish_users_count 23 143
stats: request 860 2368.050862440951 2282.9739231151552 25926.155029296875 0.655029296875 2385.394475806704 8732
stats: connect 53 1.6745605468749996 2.928662993557844 177.186767578125 0.93310546875 2.1281493630936845 479
stats: page 768 2641.385502179464 2794.076263334639 25926.155029296875 0.655029296875 2678.4449815334942 7741
stats: 302 46 669
stats: 200 350 5667
stats: size_rcv 2068406 31380419
stats: newphase 1 4
stats: size_sent 582371 6951867
stats: connected 31 389
stats: 204 34 596
stats: max_repeat 22 247
stats: 400 6 61
stats: 503 395 2493
stats: 500 28 99
stats: 404 1 8
# stats: dump at 1480610913
stats: users 419 420
stats: {load,"tsung_controller@ip-172-31-1-178"} 1 0.12109375 0.0 0.16015625 0.0 0.014375 25
stats: {freemem,"tsung_controller@ip-172-31-1-178"} 1 3094.203125 0.0 3161.19921875 3094.203125 3131.81671875 25
stats: {recvpackets,"tsung_controller@ip-172-31-1-178"} 1 3619.0 0.0 3619 209 1794.5416666666667 24
stats: {sentpackets,"tsung_controller@ip-172-31-1-178"} 1 3211.0 0.0 3211 148 1386.25 24
stats: {cpu,"tsung_controller@ip-172-31-1-178"} 1 6.172839506172839 0.0 6.172839506172839 1.0923535253227408 3.3098100264464336 25
stats: session 36 98775.96347384983 61201.299666148014 221625.15209960938 14341.182861328125 100971.34141615221 143
stats: users_count 66 598
stats: finish_users_count 36 179
stats: request 1087 1879.9039213431454 2306.9531917849913 25926.155029296875 0.655029296875 2383.8394812805836 9592
stats: connect 65 1.2438927283653844 0.12872826792601502 177.186767578125 0.93310546875 2.0829610035831765 532
stats: page 942 2122.6160896447054 2755.2652225376746 25926.155029296875 0.655029296875 2675.1000902250094 8509
stats: 302 38 707
stats: 200 333 6000
stats: size_rcv 2095927 33476346
stats: newphase 0 4
stats: size_sent 735570 7687437
stats: connected 28 417
stats: 204 31 627
stats: max_repeat 34 281
stats: 400 9 70
stats: 503 635 3128
stats: 500 36 135
stats: 404 4 12
# stats: dump at 1480610923
stats: users 460 460
stats: {load,"tsung_controller@ip-172-31-1-178"} 1 0.25 0.0 0.25 0.0 0.018479567307692308 26
stats: {freemem,"tsung_controller@ip-172-31-1-178"} 1 3090.703125 0.0 3161.19921875 3090.703125 3130.3700420673076 26
stats: {recvpackets,"tsung_controller@ip-172-31-1-178"} 1 3562.0 0.0 3619 209 1867.52 25
stats: {sentpackets,"tsung_controller@ip-172-31-1-178"} 1 3365.0 0.0 3365 148 1459.24 25
stats: {cpu,"tsung_controller@ip-172-31-1-178"} 1 7.346938775510205 0.0 7.346938775510205 1.0923535253227408 3.419926544897449 26
stats: session 24 102793.75297037761 52493.59680110248 221625.15209960938 14341.182861328125 100529.81289144335 179
stats: users_count 65 663
stats: finish_users_count 24 203
stats: request 1235 1717.1877378147126 2408.9998768224777 25926.155029296875 0.655029296875 2332.5446078231444 10679
stats: connect 64 1.6584815979003906 3.176931737021737 177.186767578125 0.93310546875 1.9916051612227805 597
stats: page 1054 2012.7980028185023 2959.111144131229 25926.155029296875 0.655029296875 2620.032909128126 9451
stats: 302 43 750
stats: 200 313 6313
stats: size_rcv 2125518 35601864
stats: newphase 0 4
stats: size_sent 841993 8529430
stats: connected 41 458
stats: 204 33 660
stats: max_repeat 44 325
stats: 400 5 75
stats: 503 809 3937
stats: 500 27 162
stats: 404 5 17
# stats: dump at 1480610933
stats: users 490 492
stats: {load,"tsung_controller@ip-172-31-1-178"} 1 0.2109375 0.0 0.25 0.0 0.027054398148148147 27
stats: {freemem,"tsung_controller@ip-172-31-1-178"} 1 3088.8125 0.0 3161.19921875 3088.8125 3128.900896990741 27
stats: {recvpackets,"tsung_controller@ip-172-31-1-178"} 1 3758.0 0.0 3758 209 1932.6923076923076 26
stats: {sentpackets,"tsung_controller@ip-172-31-1-178"} 1 3773.0 0.0 3773 148 1532.5384615384614 26
stats: {cpu,"tsung_controller@ip-172-31-1-178"} 1 9.30232558139535 0.0 9.30232558139535 1.0923535253227408 3.5653714423275513 27
stats: session 31 115063.54963930191 56729.65796528756 221625.15209960938 14341.182861328125 100797.47083180996 203
stats: users_count 61 724
stats: finish_users_count 31 234
stats: request 1377 1471.5326946316745 2499.294683278507 25926.155029296875 0.655029296875 2268.7569853235295 11914
stats: connect 63 1.3812081473214286 1.2203355409123735 177.186767578125 0.833984375 1.959351139963124 661
stats: page 1145 1736.5132639789158 3057.427289158408 25926.155029296875 0.655029296875 2559.1071032023433 10505
stats: 302 46 796
stats: 200 252 6565
stats: size_rcv 1933737 37535601
stats: newphase 0 4
stats: size_sent 909180 9438610
stats: connected 31 489
stats: 204 29 689
stats: max_repeat 42 367
stats: 400 11 86
stats: 503 1003 4940
stats: 500 37 199
stats: 404 1 18
# stats: dump at 1480610943
stats: users 506 511
stats: {load,"tsung_controller@ip-172-31-1-178"} 1 0.1796875 0.0 0.25 0.0 0.03362165178571429 28
stats: {freemem,"tsung_controller@ip-172-31-1-178"} 1 3087.48046875 0.0 3161.19921875 3087.48046875 3127.469168526786 28
stats: {recvpackets,"tsung_controller@ip-172-31-1-178"} 1 3611.0 0.0 3758 209 2000.2962962962963 27
stats: {sentpackets,"tsung_controller@ip-172-31-1-178"} 1 3772.0 0.0 3773 148 1615.5185185185185 27
stats: {cpu,"tsung_controller@ip-172-31-1-178"} 1 8.188331627430912 0.0 9.30232558139535 1.0923535253227408 3.770262661579973 28
stats: session 44 100887.98758766869 57701.351773813396 221625.15209960938 14341.182861328125 102687.42144305889 234
stats: users_count 60 784
stats: finish_users_count 44 278
stats: request 1491 1468.014653349786 2434.3371924979087 25926.155029296875 0.655029296875 2186.1614057371416 13291
stats: connect 56 1.9841134207589282 4.337894189633315 177.186767578125 0.833984375 1.9090431171227555 724
stats: page 1266 1788.2933567523196 3058.380325511342 25926.155029296875 0.655029296875 2478.2598975447618 11650
stats: 302 47 843
stats: 200 285 6850
stats: size_rcv 2196874 39732475
stats: newphase 0 4
stats: size_sent 993947 10432557
stats: connected 13 502
stats: 204 18 707
stats: max_repeat 69 436
stats: 400 13 99
stats: 503 1070 6010
stats: 500 48 247
stats: 404 8 26
# stats: dump at 1480610953
stats: users 521 523
stats: {load,"tsung_controller@ip-172-31-1-178"} 1 0.21875 0.0 0.25 0.0 0.03865840517241379 29
stats: {freemem,"tsung_controller@ip-172-31-1-178"} 1 3086.8359375 0.0 3161.19921875 3086.8359375 3126.0902478448274 29
stats: {recvpackets,"tsung_controller@ip-172-31-1-178"} 1 3744.0 0.0 3758 209 2057.8214285714284 28
stats: {sentpackets,"tsung_controller@ip-172-31-1-178"} 1 3827.0 0.0 3827 148 1692.5357142857142 28
stats: {cpu,"tsung_controller@ip-172-31-1-178"} 1 8.008213552361395 0.0 9.30232558139535 1.0923535253227408 3.9226098672989704 29
stats: session 34 95880.4022360409 67191.06899376989 243839.57983398438 14341.182861328125 102402.61896234965 278
stats: users_count 49 833
stats: finish_users_count 34 312
stats: request 1388 1630.1054546784935 2564.914413467623 25926.155029296875 0.625 2113.724874292848 14782
stats: connect 52 1.2085759089543266 0.1315853223129065 177.186767578125 0.833984375 1.9144327799479166 780
stats: page 1183 1895.4313640836326 3127.1185578038917 25926.155029296875 0.625 2410.6307832180946 12916
stats: 302 55 898
stats: 200 282 7132
stats: size_rcv 2081784 41814259
stats: newphase 0 4
stats: size_sent 920830 11353387
stats: connected 15 517
stats: 204 27 734
stats: max_repeat 61 497
stats: 400 14 113
stats: 503 955 6965
stats: 500 50 297
stats: 404 5 31
# stats: dump at 1480610963
stats: users 568 569
stats: {load,"tsung_controller@ip-172-31-1-178"} 1 0.19140625 0.0 0.25 0.0 0.044661458333333334 30
stats: {freemem,"tsung_controller@ip-172-31-1-178"} 1 3086.31640625 0.0 3161.19921875 3086.31640625 3124.781770833333 30
stats: {recvpackets,"tsung_controller@ip-172-31-1-178"} 1 3861.0 0.0 3861 209 2115.9655172413795 29
stats: {sentpackets,"tsung_controller@ip-172-31-1-178"} 1 3926.0 0.0 3926 148 1766.1379310344828 29
stats: {cpu,"tsung_controller@ip-172-31-1-178"} 1 8.78447395301328 0.0 9.30232558139535 1.0923535253227408 4.058796656801052 30
stats: session 45 104618.23754340278 59714.91048476084 254888.35693359375 14341.182861328125 101691.86457550831 312
stats: users_count 92 925
stats: finish_users_count 45 357
stats: request 1649 1218.2561214301325 2166.0194531728 25926.155029296875 0.576904296875 2072.211964309872 16170
stats: connect 91 1.7036213298420326 3.327498331552139 177.186767578125 0.824951171875 1.8703167255108173 832
stats: page 1460 1391.1057187433116 2637.8400793933924 25926.155029296875 0.576904296875 2367.4021207004644 14099
stats: 302 36 934
stats: 200 292 7424
stats: size_rcv 2353523 44167782
stats: newphase 1 5
stats: size_sent 1047583 12400970
stats: connected 42 559
stats: 204 18 752
stats: max_repeat 79 576
stats: 400 18 131
stats: 503 1227 8192
stats: 500 55 352
stats: 404 3 34
# stats: dump at 1480610973
stats: users 625 627
stats: {load,"tsung_controller@ip-172-31-1-178"} 1 0.16015625 0.0 0.25 0.0 0.04939516129032258 31
stats: {freemem,"tsung_controller@ip-172-31-1-178"} 1 3083.171875 0.0 3161.19921875 3083.171875 3123.540952620968 31
stats: {recvpackets,"tsung_controller@ip-172-31-1-178"} 1 4323.0 0.0 4323 209 2174.1333333333337 30
stats: {sentpackets,"tsung_controller@ip-172-31-1-178"} 1 4594.0 0.0 4594 148 1838.1333333333334 30
stats: {cpu,"tsung_controller@ip-172-31-1-178"} 1 10.450819672131148 0.0 10.450819672131148 1.0923535253227408 4.2112378599046725 31
stats: session 52 98896.89408522386 52445.43704500541 254888.35693359375 14341.182861328125 102060.73511767988 357
stats: users_count 109 1034
stats: finish_users_count 52 409
stats: request 1727 1257.4838670687507 2293.3940541056613 25926.155029296875 0.576904296875 1993.185465353214 17819
stats: connect 106 1.1479008512676885 0.1521233842946535 177.186767578125 0.820068359375 1.8538819681913596 923
stats: page 1500 1443.4573281250007 2750.081848149781 25926.155029296875 0.576904296875 2275.790015368667 15559
stats: 302 50 984
stats: 200 281 7705
stats: size_rcv 2412961 46580743
stats: newphase 0 5
stats: size_sent 1071085 13472055
stats: connected 60 619
stats: 204 14 766
stats: max_repeat 77 653
stats: 400 18 149
stats: 503 1305 9497
stats: 500 55 407
stats: 404 5 39
# stats: dump at 1480610983
stats: users 666 666
stats: {load,"tsung_controller@ip-172-31-1-178"} 1 0.12890625 0.0 0.25 0.0 0.0528564453125 32
stats: {freemem,"tsung_controller@ip-172-31-1-178"} 1 3079.51953125 0.0 3161.19921875 3079.51953125 3122.2794189453125 32
stats: {recvpackets,"tsung_controller@ip-172-31-1-178"} 1 4634.0 0.0 4634 209 2243.451612903226 31
stats: {sentpackets,"tsung_controller@ip-172-31-1-178"} 1 4970.0 0.0 4970 148 1927.032258064516 31
stats: {cpu,"tsung_controller@ip-172-31-1-178"} 1 12.854251012145749 0.0 12.854251012145749 1.0923535253227408 4.40622479153675 32
stats: session 54 96501.00318739151 57141.66870896243 254888.35693359375 14341.182861328125 101658.48638005712 409
stats: users_count 95 1129
stats: finish_users_count 54 463
stats: request 2028 1022.7184261645549 2110.4153462307913 25926.155029296875 0.576904296875 1928.1820549246218 19546
stats: connect 95 1.1845266241776313 0.17070784638940797 177.186767578125 0.820068359375 1.781156994047619 1029
stats: page 1770 1172.3892809851707 2467.108045986656 25926.155029296875 0.576904296875 2202.602898253625 17059
stats: 302 51 1035
stats: 200 260 7965
stats: size_rcv 2466128 49046871
stats: newphase 0 5
stats: size_sent 1252657 14724712
stats: connected 41 660
stats: 204 13 779
stats: max_repeat 72 725
stats: 400 17 166
stats: 503 1623 11120
stats: 500 62 469
stats: 404 2 41
# stats: dump at 1480610993
stats: users 712 712
stats: {load,"tsung_controller@ip-172-31-1-178"} 1 0.109375 0.0 0.25 0.0 0.05516098484848485 33
stats: {freemem,"tsung_controller@ip-172-31-1-178"} 1 3078.79296875 0.0 3161.19921875 3078.79296875 3120.9836647727275 33
stats: {recvpackets,"tsung_controller@ip-172-31-1-178"} 1 4391.0 0.0 4634 209 2318.15625 32
stats: {sentpackets,"tsung_controller@ip-172-31-1-178"} 1 4923.0 0.0 4970 148 2022.125 32
stats: {cpu,"tsung_controller@ip-172-31-1-178"} 1 12.167689161554192 0.0 12.854251012145749 1.0923535253227408 4.662225586100659 33
stats: session 59 83983.65164443194 47964.617689355975 254888.35693359375 10177.739990234375 101056.96566212203 463
stats: users_count 105 1234
stats: finish_users_count 59 522
stats: request 1977 1117.5865344528465 2208.748317799664 25926.155029296875 0.576904296875 1843.0666271353655 21574
stats: connect 105 1.1107607886904767 0.1298872201348031 177.186767578125 0.791015625 1.7307300499749778 1124
stats: page 1737 1271.1891167815847 2670.1392823384344 25926.155029296875 0.576904296875 2105.7587693798046 18829
stats: 302 58 1093
stats: 200 255 8220
stats: size_rcv 2325783 51372654
stats: newphase 0 5
stats: size_sent 1193109 15917821
stats: connected 44 704
stats: 204 10 789
stats: max_repeat 103 828
stats: 400 23 189
stats: 503 1549 12669
stats: 500 77 546
stats: 404 4 45
# stats: dump at 1480611003
stats: users 735 735
stats: {load,"tsung_controller@ip-172-31-1-178"} 1 0.171875 0.0 0.25 0.0 0.05675551470588235 34
stats: {freemem,"tsung_controller@ip-172-31-1-178"} 1 3076.9453125 0.0 3161.19921875 3076.9453125 3119.7427619485293 34
stats: {recvpackets,"tsung_controller@ip-172-31-1-178"} 1 4852.0 0.0 4852 209 2380.969696969697 33
stats: {sentpackets,"tsung_controller@ip-172-31-1-178"} 1 5303.0 0.0 5303 148 2110.030303030303 33
stats: {cpu,"tsung_controller@ip-172-31-1-178"} 1 13.149847094801222 0.0 13.149847094801222 1.0923535253227408 4.882974514790469 34
stats: session 76 86711.9794632761 45536.38592793039 254888.35693359375 10177.739990234375 99127.2232731494 522
stats: users_count 99 1333
stats: finish_users_count 76 598
stats: request 2108 988.7901268512095 1946.6531593977963 25926.155029296875 0.576904296875 1782.1658525086686 23551
stats: connect 102 2.9015347349877456 9.847828609277544 177.186767578125 0.791015625 1.6777627819238201 1229
stats: page 1841 1141.9789818924853 2349.6179832306566 25926.155029296875 0.576904296875 2035.27119345045 20566
stats: 302 61 1154
stats: 200 262 8482
stats: size_rcv 2477730 53850384
stats: newphase 0 5
stats: size_sent 1273249 17191070
stats: connected 27 731
stats: 204 11 800
stats: max_repeat 100 928
stats: 400 22 211
stats: 503 1649 14318
stats: 500 99 645
stats: 404 4 49
# stats: dump at 1480611013
stats: users 743 749
stats: {load,"tsung_controller@ip-172-31-1-178"} 1 0.21875 0.0 0.25 0.0 0.06004464285714286 35
stats: {freemem,"tsung_controller@ip-172-31-1-178"} 1 3076.43359375 0.0 3161.19921875 3076.43359375 3118.5199776785716 35
stats: {recvpackets,"tsung_controller@ip-172-31-1-178"} 1 4652.0 0.0 4852 209 2453.6470588235293 34
stats: {sentpackets,"tsung_controller@ip-172-31-1-178"} 1 5276.0 0.0 5303 148 2203.9411764705883 34
stats: {cpu,"tsung_controller@ip-172-31-1-178"} 1 12.807377049180326 0.0 13.149847094801222 1.0923535253227408 5.119170874219348 35
stats: session 83 91664.67880800548 44846.02019598128 254888.35693359375 10177.739990234375 97549.3662003227 598
stats: users_count 91 1424
stats: finish_users_count 83 681
stats: request 1979 1087.115408320569 2302.6090570815863 25926.155029296875 0.576904296875 1716.986538050353 25659
stats: connect 91 1.4989295372596156 2.286050453844145 177.186767578125 0.791015625 1.7715454560128663 1331
stats: page 1728 1199.221787488017 2630.7146340771556 25926.155029296875 0.576904296875 1961.876675599858 22407
stats: 302 47 1201
stats: 200 236 8718
stats: size_rcv 2382838 56233222
stats: newphase 0 5
stats: size_sent 1170247 18361317
stats: connected 4 735
stats: 204 7 807
stats: max_repeat 115 1043
stats: 400 25 236
stats: 503 1591 15909
stats: 500 67 712
stats: 404 6 55
# stats: dump at 1480611023
stats: users 779 782
stats: {load,"tsung_controller@ip-172-31-1-178"} 1 0.19140625 0.0 0.25 0.0 0.064453125 36
stats: {freemem,"tsung_controller@ip-172-31-1-178"} 1 3075.828125 0.0 3161.19921875 3075.828125 3117.350911458334 36
stats: {recvpackets,"tsung_controller@ip-172-31-1-178"} 1 4833.0 0.0 4852 209 2516.457142857143 35
stats: {sentpackets,"tsung_controller@ip-172-31-1-178"} 1 5507.0 0.0 5507 148 2291.714285714286 35
stats: {cpu,"tsung_controller@ip-172-31-1-178"} 1 14.098690835850958 0.0 14.098690835850958 1.0923535253227408 5.332732156857153 36
stats: session 91 79810.61346905048 48042.277807808416 257393.71801757813 10177.739990234375 96832.14292049548 681
stats: users_count 127 1551
stats: finish_users_count 91 772
stats: request 2258 941.4925101375665 1956.0435376258692 25926.155029296875 0.576904296875 1671.8850485889143 27638
stats: connect 127 1.5078028881643701 2.546504480532284 177.186767578125 0.791015625 1.7540995709168425 1422
stats: page 1973 1115.5819024358104 2417.2456905453046 25926.155029296875 0.576904296875 1907.2726711806636 24135
stats: 302 40 1241
stats: 200 265 8983
stats: size_rcv 2724797 58958019
stats: newphase 1 6
stats: size_sent 1297137 19658454
stats: connected 40 775
stats: 204 14 821
stats: max_repeat 115 1158
stats: 400 25 261
stats: 503 1804 17713
stats: 500 105 817
stats: 404 5 60
# stats: dump at 1480611033
stats: users 838 840
stats: {load,"tsung_controller@ip-172-31-1-178"} 1 0.16015625 0.0 0.25 0.0 0.06788429054054054 37
stats: {freemem,"tsung_controller@ip-172-31-1-178"} 1 3074.35546875 0.0 3161.19921875 3074.35546875 3116.228673986487 37
stats: {recvpackets,"tsung_controller@ip-172-31-1-178"} 1 5053.0 0.0 5053 209 2580.8055555555557 36
stats: {sentpackets,"tsung_controller@ip-172-31-1-178"} 1 5978.0 0.0 5978 148 2381.027777777778 36
stats: {cpu,"tsung_controller@ip-172-31-1-178"} 1 15.955284552845528 0.0 15.955284552845528 1.0923535253227408 5.569649958992121 37
stats: session 80 83340.31544189452 40374.61776760671 257393.71801757813 10177.739990234375 94825.71911209976 772
stats: users_count 139 1690
stats: finish_users_count 80 852
stats: request 2366 818.0573697448889 1991.7046154556274 25926.155029296875 0.56396484375 1616.7195966280117 29896
stats: connect 139 1.158108279001799 0.20691263679844735 177.186767578125 0.791015625 1.7339061049971756 1549
stats: page 2020 942.9360286297205 2355.1250076832666 25926.155029296875 0.56396484375 1847.4440406178628 26108
stats: 302 56 1297
stats: 200 200 9183
stats: size_rcv 2409566 61367585
stats: newphase 0 6
stats: size_sent 1366329 21024783
stats: connected 53 828
stats: 204 10 831
stats: max_repeat 136 1294
stats: 400 20 281
stats: 503 2005 19718
stats: 500 71 888
stats: 404 4 64
# stats: dump at 1480611043
stats: users 890 890
stats: {load,"tsung_controller@ip-172-31-1-178"} 1 0.140625 0.0 0.25 0.0 0.0703125 38
stats: {freemem,"tsung_controller@ip-172-31-1-178"} 1 3071.38671875 0.0 3161.19921875 3071.38671875 3115.1267475328955 38
stats: {recvpackets,"tsung_controller@ip-172-31-1-178"} 1 5107.0 0.0 5107 209 2647.6216216216217 37
stats: {sentpackets,"tsung_controller@ip-172-31-1-178"} 1 6351.0 0.0 6351 148 2478.2432432432433 37
stats: {cpu,"tsung_controller@ip-172-31-1-178"} 1 17.59918616480163 0.0 17.59918616480163 1.0923535253227408 5.84295613251458 38
stats: session 116 88523.24828680627 46971.70959475068 257393.71801757813 10177.739990234375 93747.27745292555 852
stats: users_count 168 1858
stats: finish_users_count 116 968
stats: request 2745 810.2420594262297 2085.6289294338794 25926.155029296875 0.557861328125 1558.148062662186 32262
stats: connect 167 1.2972755660553887 0.9181007620707983 177.186767578125 0.791015625 1.6864914735911583 1688
stats: page 2373 939.1414077315108 2484.5553315703232 25926.155029296875 0.557861328125 1782.4871939093857 28128
stats: 302 67 1364
stats: 200 211 9394
stats: size_rcv 2621704 63989289
stats: newphase 0 6
stats: size_sent 1550524 22575307
stats: connected 57 885
stats: 204 3 834
stats: max_repeat 159 1453
stats: 400 31 312
stats: 503 2346 22064
stats: 500 84 972
stats: 404 3 67
# stats: dump at 1480611053
stats: users 940 947
stats: {load,"tsung_controller@ip-172-31-1-178"} 1 0.12109375 0.0 0.25 0.0 0.07211538461538461 39
stats: {freemem,"tsung_controller@ip-172-31-1-178"} 1 3068.56640625 0.0 3161.19921875 3068.56640625 3114.005208333334 39
stats: {recvpackets,"tsung_controller@ip-172-31-1-178"} 1 5541.0 0.0 5541 209 2712.342105263158 38
stats: {sentpackets,"tsung_controller@ip-172-31-1-178"} 1 6844.0 0.0 6844 148 2580.157894736842 38
stats: {cpu,"tsung_controller@ip-172-31-1-178"} 1 19.12512716174975 0.0 19.12512716174975 1.0923535253227408 6.144397928214247 39
stats: session 100 80288.6298095703 38566.297451543614 257393.71801757813 10177.739990234375 93121.25742888647 968
stats: users_count 150 2008
stats: finish_users_count 100 1068
stats: request 2696 786.2481885960962 2030.0948630289565 25926.155029296875 0.557861328125 1499.5025923595979 35007
stats: connect 153 1.238199869791666 0.34005470998740317 177.186767578125 0.791015625 1.6514515509181267 1855
stats: page 2257 941.0567648046356 2444.999102140987 25926.155029296875 0.557861328125 1716.874277919743 30501
stats: 302 57 1421
stats: 200 217 9611
stats: size_rcv 2634547 66623836
stats: newphase 0 6
stats: size_sent 1501697 24077004
stats: connected 49 934
stats: 204 6 840
stats: max_repeat 149 1602
stats: 400 28 340
stats: 503 2319 24383
stats: 500 64 1036
stats: 404 5 72
# stats: dump at 1480611063
stats: users 1005 1013
stats: {load,"tsung_controller@ip-172-31-1-178"} 1 0.1015625 0.0 0.25 0.0 0.07333984375 40
stats: {freemem,"tsung_controller@ip-172-31-1-178"} 1 3065.26171875 0.0 3161.19921875 3065.26171875 3112.8692382812505 40
stats: {recvpackets,"tsung_controller@ip-172-31-1-178"} 1 5548.0 0.0 5548 209 2784.871794871795 39
stats: {sentpackets,"tsung_controller@ip-172-31-1-178"} 1 6784.0 0.0 6844 148 2689.4871794871797 39
stats: {cpu,"tsung_controller@ip-172-31-1-178"} 1 19.24643584521385 0.0 19.24643584521385 1.0923535253227408 6.468916159052635 40
stats: session 110 77279.05799671522 36863.66209923314 257393.71801757813 10177.739990234375 91919.70053569209 1068
stats: users_count 175 2183
stats: finish_users_count 110 1178
stats: request 2936 773.1365213420141 1941.8403463275213 25926.155029296875 0.557861328125 1448.5004473699048 37703
stats: connect 175 1.433825334821429 1.1532787370470199 177.186767578125 0.791015625 1.6199637485215388 2008
stats: page 2490 914.8983501388366 2324.7573463356694 25926.155029296875 0.557861328125 1663.4210717685494 32758
stats: 302 61 1482
stats: 200 249 9860
stats: size_rcv 2902980 69526816
stats: newphase 0 6
stats: size_sent 1602577 25679581
stats: connected 61 995
stats: 204 2 842
stats: max_repeat 188 1790
stats: 400 27 367
stats: 503 2504 26887
stats: 500 84 1120
stats: 404 11 83
# stats: dump at 1480611073
stats: users 1054 1057
stats: {load,"tsung_controller@ip-172-31-1-178"} 1 0.16015625 0.0 0.25 0.0 0.0740282012195122 41
stats: {freemem,"tsung_controller@ip-172-31-1-178"} 1 3061.66796875 0.0 3161.19921875 3061.66796875 3111.708079268293 41
stats: {recvpackets,"tsung_controller@ip-172-31-1-178"} 1 6167.0 0.0 6167 209 2853.95 40
stats: {sentpackets,"tsung_controller@ip-172-31-1-178"} 1 7750.0 0.0 7750 148 2791.85 40
stats: {cpu,"tsung_controller@ip-172-31-1-178"} 1 20.932642487046632 0.0 20.932642487046632 1.0923535253227408 6.780562980666324 41
stats: session 110 67865.70577281606 36861.76836483883 257393.71801757813 10177.739990234375 90552.5777179608 1178
stats: users_count 159 2342
stats: finish_users_count 110 1288
stats: request 3092 668.5429534319934 1852.6417125931682 25926.155029296875 0.557861328125 1399.7081914871842 40639
stats: connect 158 1.4849791707871836 1.9961537513595342 177.186767578125 0.791015625 1.605041979214384 2183
stats: page 2594 790.6067100648435 2190.43215585978 25926.155029296875 0.557861328125 1610.5437006593238 35248
stats: 302 53 1535
stats: 200 213 10073
stats: size_rcv 2805694 72332510
stats: newphase 0 6
stats: size_sent 1713562 27393143
stats: connected 52 1047
stats: 204 4 846
stats: max_repeat 177 1967
stats: 400 27 394
stats: 503 2699 29586
stats: 500 88 1208
stats: 404 7 90
# stats: dump at 1480611083
stats: users 1090 1106
stats: {load,"tsung_controller@ip-172-31-1-178"} 1 0.12890625 0.0 0.25 0.0 0.07607886904761905 42
stats: {freemem,"tsung_controller@ip-172-31-1-178"} 1 3057.54296875 0.0 3161.19921875 3057.54296875 3110.5166480654766 42
stats: {recvpackets,"tsung_controller@ip-172-31-1-178"} 1 6207.0 0.0 6207 209 2934.756097560976 41
stats: {sentpackets,"tsung_controller@ip-172-31-1-178"} 1 7944.0 0.0 7944 148 2912.7804878048782 41
stats: {cpu,"tsung_controller@ip-172-31-1-178"} 1 21.41350210970464 0.0 21.41350210970464 1.0923535253227408 7.117517254627759 42
stats: session 131 73461.31348588086 33758.701675453114 257393.71801757813 10177.739990234375 88615.03430649657 1288
stats: users_count 167 2509
stats: finish_users_count 131 1419
stats: request 3474 610.2232996315279 1813.7032069212446 25926.155029296875 0.557861328125 1348.0111592659532 43731
stats: connect 167 1.4215709206586824 0.8233523276758941 177.186767578125 0.791015625 1.59693863716761 2341
stats: page 2945 727.6951080684947 2149.939500033518 25926.155029296875 0.557861328125 1554.338517170024 37842
stats: 302 51 1586
stats: 200 210 10283
stats: size_rcv 3036752 75369262
stats: newphase 1 7
stats: size_sent 1935595 29328738
stats: connected 33 1080
stats: 204 3 849
stats: max_repeat 221 2188
stats: 400 32 426
stats: 503 3090 32676
stats: 500 80 1288
stats: 404 7 97
# stats: dump at 1480611093
stats: users 1150 1150
stats: {load,"tsung_controller@ip-172-31-1-178"} 1 0.109375 0.0 0.25 0.0 0.07730741279069768 43
stats: {freemem,"tsung_controller@ip-172-31-1-178"} 1 3055.6328125 0.0 3161.19921875 3055.6328125 3109.2847020348836 43
stats: {recvpackets,"tsung_controller@ip-172-31-1-178"} 1 6322.0 0.0 6322 209 3012.666666666667 42
stats: {sentpackets,"tsung_controller@ip-172-31-1-178"} 1 8169.0 0.0 8169 148 3032.571428571429 42
stats: {cpu,"tsung_controller@ip-172-31-1-178"} 1 22.502628811777075 0.0 22.502628811777075 1.0923535253227408 7.449982018699315 43
stats: session 132 65783.36476458919 27985.71483297236 257393.71801757813 10177.739990234375 87216.06501297954 1419
stats: users_count 192 2701
stats: finish_users_count 132 1551
stats: request 3533 577.0445062900255 1915.561374860369 29320.949951171875 0.524169921875 1293.7144740764606 47205
stats: connect 192 2.0602124532063817 5.323601315170509 177.186767578125 0.791015625 1.5852614407334031 2508
stats: page 3027 664.9039963570077 2182.7397698208683 29320.949951171875 0.524169921875 1494.651243288542 40787
stats: 302 59 1645
stats: 200 164 10447
stats: size_rcv 2837222 78206484
stats: newphase 0 7
stats: size_sent 1924166 31252904
stats: connected 59 1139
stats: 204 2 851
stats: max_repeat 207 2395
stats: 400 40 466
stats: 503 3193 35869
stats: 500 68 1356
stats: 404 8 105
# stats: dump at 1480611103
stats: users 1194 1194
stats: {load,"tsung_controller@ip-172-31-1-178"} 1 0.171875 0.0 0.25 0.0 0.0780362215909091 44
stats: {freemem,"tsung_controller@ip-172-31-1-178"} 1 3052.87890625 0.0 3161.19921875 3052.87890625 3108.065340909091 44
stats: {recvpackets,"tsung_controller@ip-172-31-1-178"} 1 6444.0 0.0 6444 209 3089.6279069767443 43
stats: {sentpackets,"tsung_controller@ip-172-31-1-178"} 1 8287.0 0.0 8287 148 3152.0232558139537 43
stats: {cpu,"tsung_controller@ip-172-31-1-178"} 1 22.351694915254235 0.0 22.502628811777075 1.0923535253227408 7.792087627632901 44
stats: session 124 68215.86234406501 32705.271813709303 257393.71801757813 10177.739990234375 85392.00541737185 1551
stats: users_count 168 2869
stats: finish_users_count 124 1675
stats: request 3271 667.8996168537175 1962.2239192601612 29320.949951171875 0.524169921875 1243.8111472565333 50738
stats: connect 162 1.279557593074845 0.3329160914875016 177.186767578125 0.791015625 1.6190357349537037 2700
stats: page 2795 779.2488028811224 2319.0344229764455 29320.949951171875 0.524169921875 1437.326075158224 43814
stats: 302 53 1698
stats: 200 184 10631
stats: size_rcv 2827559 81034043
stats: newphase 0 7
stats: size_sent 1774664 33027568
stats: connected 45 1184
stats: 204 2 853
stats: max_repeat 181 2576
stats: 400 36 502
stats: 503 2900 38769
stats: 500 92 1448
stats: 404 4 109
# stats: dump at 1480611113
stats: users 1233 1233
stats: {load,"tsung_controller@ip-172-31-1-178"} 1 0.21875 0.0 0.25 0.0 0.08012152777777778 45
stats: {freemem,"tsung_controller@ip-172-31-1-178"} 1 3051.51953125 0.0 3161.19921875 3051.51953125 3106.8389756944443 45
stats: {recvpackets,"tsung_controller@ip-172-31-1-178"} 1 6616.0 0.0 6616 209 3165.8636363636365 44
stats: {sentpackets,"tsung_controller@ip-172-31-1-178"} 1 8632.0 0.0 8632 148 3268.7272727272725 44
stats: {cpu,"tsung_controller@ip-172-31-1-178"} 1 25.101626016260166 0.0 25.101626016260166 1.0923535253227408 8.115634456246708 45
stats: session 145 70283.28304148707 30662.108372680203 257393.71801757813 10177.739990234375 84120.4581092584 1675
stats: users_count 184 3053
stats: finish_users_count 145 1820
stats: request 3685 576.9449606989887 1818.9976212782117 29320.949951171875 0.524169921875 1208.9316528028755 54009
stats: connect 177 1.2671243268891241 0.49863361209113594 177.186767578125 0.791015625 1.5998199910737683 2862
stats: page 3170 672.1396388105021 2138.948061851013 29320.949951171875 0.524169921875 1397.863182240236 46609
stats: 302 55 1753
stats: 200 191 10822
stats: size_rcv 2991760 84025803
stats: newphase 0 7
stats: size_sent 1979742 35007310
stats: connected 30 1214
stats: 204 1 854
stats: max_repeat 246 2822
stats: 400 44 546
stats: 503 3301 42070
stats: 500 90 1538
stats: 404 2 111
# stats: dump at 1480611123
stats: users 1273 1274
stats: {load,"tsung_controller@ip-172-31-1-178"} 1 0.26171875 0.0 0.26171875 0.0 0.08313519021739131 46
stats: {freemem,"tsung_controller@ip-172-31-1-178"} 1 3049.953125 0.0 3161.19921875 3049.953125 3105.636379076087 46
stats: {recvpackets,"tsung_controller@ip-172-31-1-178"} 1 6702.0 0.0 6702 209 3242.5333333333333 45
stats: {sentpackets,"tsung_controller@ip-172-31-1-178"} 1 8715.0 0.0 8715 148 3387.911111111111 45
stats: {cpu,"tsung_controller@ip-172-31-1-178"} 1 24.59349593495935 0.0 25.101626016260166 1.0923535253227408 8.484895142333958 46
stats: session 152 74019.00339066355 32835.91217983745 257393.71801757813 10177.739990234375 83018.045809903 1820
stats: users_count 192 3245
stats: finish_users_count 152 1972
stats: request 3740 585.6773970823252 1799.0352299306464 29320.949951171875 0.51318359375 1168.5657402226623 57694
stats: connect 198 1.588936237373738 1.944013120545003 177.186767578125 0.791015625 1.5804428497244158 3039
stats: page 3196 701.8763692805702 2155.8015971833747 29320.949951171875 0.51318359375 1351.6480386521314 49779
stats: 302 59 1812
stats: 200 197 11019
stats: size_rcv 3122157 87147960
stats: newphase 0 7
stats: size_sent 1986000 36993310
stats: connected 49 1263
stats: 204 3 857
stats: max_repeat 234 3056
stats: 400 37 583
stats: 503 3334 45404
stats: 500 104 1642
stats: 404 6 117
# stats: dump at 1480611133
stats: users 1288 1290
stats: {load,"tsung_controller@ip-172-31-1-178"} 1 0.21875 0.0 0.26171875 0.0 0.08693484042553191 47
stats: {freemem,"tsung_controller@ip-172-31-1-178"} 1 3045.28125 0.0 3161.19921875 3045.28125 3104.451628989362 47
stats: {recvpackets,"tsung_controller@ip-172-31-1-178"} 1 6978.0 0.0 6978 209 3317.7391304347825 46
stats: {sentpackets,"tsung_controller@ip-172-31-1-178"} 1 9007.0 0.0 9007 148 3503.717391304348 46
stats: {cpu,"tsung_controller@ip-172-31-1-178"} 1 25.18059855521156 0.0 25.18059855521156 1.0923535253227408 8.827631329411094 47
stats: session 171 70582.36084269917 27120.501166823324 257393.71801757813 10177.739990234375 82324.40765182774 1972
stats: users_count 186 3431
stats: finish_users_count 171 2143
stats: request 3878 561.7356631911988 1816.0617078393013 30796.2958984375 0.51318359375 1133.080464913471 61434
stats: connect 188 1.2525102331283247 0.409145488057916 177.186767578125 0.791015625 1.5809623711190917 3237
stats: page 3316 663.359818811726 2077.5520695427504 30796.2958984375 0.51318359375 1312.4470899912253 52975
stats: 302 64 1876
stats: 200 200 11219
stats: size_rcv 3203225 90351185
stats: newphase 0 7
stats: size_sent 2095027 39088337
stats: connected 17 1280
stats: 204 0 857
stats: max_repeat 254 3310
stats: 400 43 626
stats: 503 3472 48876
stats: 500 92 1734
stats: 404 7 124
# stats: dump at 1480611143
stats: users 1151 1308
stats: {load,"tsung_controller@ip-172-31-1-178"} 1 0.26171875 0.0 0.26171875 0.0 0.08968098958333333 48
stats: {freemem,"tsung_controller@ip-172-31-1-178"} 1 3044.70703125 0.0 3161.19921875 3044.70703125 3103.2189127604165 48
stats: {recvpackets,"tsung_controller@ip-172-31-1-178"} 1 6816.0 0.0 6978 209 3395.6170212765956 47
stats: {sentpackets,"tsung_controller@ip-172-31-1-178"} 1 8802.0 0.0 9007 148 3620.808510638298 47
stats: {cpu,"tsung_controller@ip-172-31-1-178"} 1 25.05112474437628 0.0 25.18059855521156 1.0923535253227408 9.16831814661527 48
stats: session 187 68012.70715005645 28684.38098366618 257393.71801757813 10177.739990234375 81387.45477998407 2143
stats: users_count 50 3481
stats: finish_users_count 187 2330
stats: request 3592 612.11161603694 1809.417820178764 30796.2958984375 0.51318359375 1099.1559925182148 65312
stats: connect 56 1.4516601562499996 1.1441062340839845 177.186767578125 0.791015625 1.5629334654425182 3425
stats: page 3058 699.2666392454222 2073.672067299121 30796.2958984375 0.51318359375 1274.210544340389 56291
stats: 302 63 1939
stats: 200 188 11407
stats: size_rcv 2982880 93334065
stats: newphase 0 7
stats: size_sent 1978740 41067077
stats: connected -133 1147
stats: 204 1 858
stats: max_repeat 248 3558
stats: 400 49 675
stats: 503 3175 52051
stats: 500 107 1841
stats: 404 9 133
# stats: dump at 1480611153
stats: users 1001 1308
stats: {load,"tsung_controller@ip-172-31-1-178"} 1 0.37109375 0.0 0.37109375 0.0 0.09319196428571429 49
stats: {freemem,"tsung_controller@ip-172-31-1-178"} 1 3044.60546875 0.0 3161.19921875 3044.60546875 3102.024792729592 49
stats: {recvpackets,"tsung_controller@ip-172-31-1-178"} 1 5826.0 0.0 6978 209 3466.875 48
stats: {sentpackets,"tsung_controller@ip-172-31-1-178"} 1 6980.0 0.0 9007 148 3728.75 48
stats: {cpu,"tsung_controller@ip-172-31-1-178"} 1 20.470829068577277 0.0 25.18059855521156 1.0923535253227408 9.49245705677366 49
stats: session 150 65803.97747070313 28373.068786311258 257393.71801757813 10177.739990234375 80314.03082856927 2330
stats: users_count 0 3481
stats: finish_users_count 150 2480
stats: request 2912 759.4926737691025 1845.487625616297 30796.2958984375 0.51318359375 1073.766125452141 68904
stats: connect 0 0 0 177.186767578125 0.791015625 1.5611433748608519 3481
stats: page 2558 873.9926079219922 2192.6963665953695 30796.2958984375 0.51318359375 1244.5861452472213 59349
stats: 302 52 1991
stats: 200 222 11629
stats: size_rcv 2921072 96255137
stats: newphase 0 7
stats: size_sent 1651913 42718990
stats: connected -149 998
stats: 204 1 859
stats: max_repeat 235 3793
stats: 400 43 718
stats: 503 2430 54481
stats: 500 157 1998
stats: 404 9 142
# stats: dump at 1480611163
stats: users 854 1308
stats: {load,"tsung_controller@ip-172-31-1-178"} 1 0.3203125 0.0 0.37109375 0.0 0.09875 50
stats: {freemem,"tsung_controller@ip-172-31-1-178"} 1 3044.66015625 0.0 3161.19921875 3044.60546875 3100.87640625 50
stats: {recvpackets,"tsung_controller@ip-172-31-1-178"} 1 5135.0 0.0 6978 209 3515.0204081632655 49
stats: {sentpackets,"tsung_controller@ip-172-31-1-178"} 1 5774.0 0.0 9007 148 3795.1020408163267 49
stats: {cpu,"tsung_controller@ip-172-31-1-178"} 1 17.220543806646525 0.0 25.18059855521156 1.0923535253227408 9.712024497009732 50
stats: session 147 74198.60237464122 29553.969358086197 257393.71801757813 10177.739990234375 79436.40663353704 2480
stats: users_count 0 3481
stats: finish_users_count 147 2627
stats: request 2203 961.701228061699 1896.8618105082817 30796.2958984375 0.51318359375 1061.0229443880187 71816
stats: connect 0 0 0 177.186767578125 0.791015625 1.5611433748608519 3481
stats: page 2026 1066.150436175423 2207.4555836007235 30796.2958984375 0.51318359375 1229.27320376277 61907
stats: 302 32 2023
stats: 200 244 11873
stats: size_rcv 2755745 99010882
stats: newphase 0 7
stats: size_sent 1285455 44004445
stats: connected -145 853
stats: 204 3 862
stats: max_repeat 222 4015
stats: 400 31 749
stats: 503 1706 56187
stats: 500 178 2176
stats: 404 7 149
# stats: dump at 1480611173
stats: users 698 1308
stats: {load,"tsung_controller@ip-172-31-1-178"} 1 0.26953125 0.0 0.37109375 0.0 0.10309436274509803 51
stats: {freemem,"tsung_controller@ip-172-31-1-178"} 1 3044.6484375 0.0 3161.19921875 3044.60546875 3099.774126838235 51
stats: {recvpackets,"tsung_controller@ip-172-31-1-178"} 1 4746.0 0.0 6978 209 3547.42 50
stats: {sentpackets,"tsung_controller@ip-172-31-1-178"} 1 4889.0 0.0 9007 148 3834.68 50
stats: {cpu,"tsung_controller@ip-172-31-1-178"} 1 14.213709677419356 0.0 25.18059855521156 1.0923535253227408 9.85925036582614 51
stats: session 156 77787.12919577573 30655.00449277718 257393.71801757813 10177.739990234375 79143.31290454668 2627
stats: users_count 0 3481
stats: finish_users_count 156 2783
stats: request 1618 1389.9058751883128 2115.7221680835423 30796.2958984375 0.51318359375 1058.0668690415957 74019
stats: connect 0 0 0 177.186767578125 0.791015625 1.5611433748608519 3481
stats: page 1565 1455.1830564846246 2278.346300667395 30796.2958984375 0.51318359375 1224.1039370752694 63933
stats: 302 27 2050
stats: 200 279 12152
stats: size_rcv 2871553 101882435
stats: newphase 0 7
stats: size_sent 913794 44918239
stats: connected -150 703
stats: 204 9 871
stats: max_repeat 168 4183
stats: 400 21 770
stats: 503 1071 57258
stats: 500 198 2374
stats: 404 13 162
# stats: dump at 1480611183
stats: users 570 1308
stats: {load,"tsung_controller@ip-172-31-1-178"} 1 0.30078125 0.0 0.37109375 0.0 0.10629507211538461 52
stats: {freemem,"tsung_controller@ip-172-31-1-178"} 1 3044.6484375 0.0 3161.19921875 3044.60546875 3098.7140174278848 52
stats: {recvpackets,"tsung_controller@ip-172-31-1-178"} 1 4564.0 0.0 6978 209 3570.921568627451 51
stats: {sentpackets,"tsung_controller@ip-172-31-1-178"} 1 4184.0 0.0 9007 148 3855.3529411764707 51
stats: {cpu,"tsung_controller@ip-172-31-1-178"} 1 10.313447927199192 0.0 25.18059855521156 1.0923535253227408 9.942989967972164 52
stats: session 128 83543.54224777222 26378.83568058358 257393.71801757813 10177.739990234375 79067.29254573667 2783
stats: users_count 0 3481
stats: finish_users_count 128 2911
stats: request 1202 1767.1154502830568 2057.221880309387 30796.2958984375 0.51318359375 1065.1654519037581 75637
stats: connect 0 0 0 177.186767578125 0.791015625 1.5611433748608519 3481
stats: page 1175 1825.1102736452797 2177.2413520842706 30796.2958984375 0.51318359375 1229.6253090541945 65498
stats: 302 17 2067
stats: 200 327 12479
stats: size_rcv 2851507 104733942
stats: newphase 0 7
stats: size_sent 683401 45601640
stats: connected -135 568
stats: 204 6 877
stats: max_repeat 144 4327
stats: 400 19 789
stats: 503 588 57846
stats: 500 239 2613
stats: 404 6 168
# stats: dump at 1480611193
stats: users 464 1308
stats: {load,"tsung_controller@ip-172-31-1-178"} 1 0.25 0.0 0.37109375 0.0 0.10996462264150944 53
stats: {freemem,"tsung_controller@ip-172-31-1-178"} 1 3044.671875 0.0 3161.19921875 3044.60546875 3097.6939121462265 53
stats: {recvpackets,"tsung_controller@ip-172-31-1-178"} 1 4315.0 0.0 6978 209 3590.019230769231 52
stats: {sentpackets,"tsung_controller@ip-172-31-1-178"} 1 3605.0 0.0 9007 148 3861.673076923077 52
stats: {cpu,"tsung_controller@ip-172-31-1-178"} 1 7.963709677419355 0.0 25.18059855521156 1.0923535253227408 9.949979740787768 53
stats: session 106 87544.66296617042 26243.38873613614 257393.71801757813 10177.739990234375 79264.11836568189 2911
stats: users_count 0 3481
stats: finish_users_count 106 3017
stats: request 855 2483.862551683571 1567.0749725400858 30796.2958984375 0.51318359375 1076.14612445353 76839
stats: connect 0 0 0 177.186767578125 0.791015625 1.5611433748608519 3481
stats: page 849 2511.355789957395 1641.8472255262554 30796.2958984375 0.51318359375 1240.1197345846872 66673
stats: 302 19 2086
stats: 200 367 12846
stats: size_rcv 3013668 107747610
stats: newphase 0 7
stats: size_sent 469925 46071565
stats: connected -103 465
stats: 204 20 897
stats: max_repeat 104 4431
stats: 400 14 803
stats: 503 113 57959
stats: 500 318 2931
stats: 404 5 173
# stats: dump at 1480611203
stats: users 351 1308
stats: {load,"tsung_controller@ip-172-31-1-178"} 1 0.21875 0.0 0.37109375 0.0 0.11255787037037036 54
stats: {freemem,"tsung_controller@ip-172-31-1-178"} 1 3044.69140625 0.0 3161.19921875 3044.60546875 3096.7120225694443 54
stats: {recvpackets,"tsung_controller@ip-172-31-1-178"} 1 4613.0 0.0 6978 209 3603.698113207547 53
stats: {sentpackets,"tsung_controller@ip-172-31-1-178"} 1 3697.0 0.0 9007 148 3856.830188679245 53
stats: {cpu,"tsung_controller@ip-172-31-1-178"} 1 7.361963190184049 0.0 25.18059855521156 1.0923535253227408 9.913196961836501 54
stats: session 113 91422.06257129768 19856.086961681292 257393.71801757813 10177.739990234375 79555.04900129733 3017
stats: users_count 0 3481
stats: finish_users_count 113 3130
stats: request 818 1639.6502936253619 1090.9233399081693 30796.2958984375 0.51318359375 1091.637636607386 77694
stats: connect 0 0 0 177.186767578125 0.791015625 1.5611433748608519 3481
stats: page 814 1647.7080114116245 1110.0804494891893 30796.2958984375 0.51318359375 1256.103849554792 67522
stats: 302 11 2097
stats: 200 438 13284
stats: size_rcv 3166301 110913911
stats: newphase 0 7
stats: size_sent 437300 46508865
stats: connected -106 359
stats: 204 31 928
stats: max_repeat 106 4537
stats: 400 12 815
stats: 503 0 57959
stats: 500 323 3254
stats: 404 2 175
# stats: dump at 1480611213
stats: users 261 1308
stats: {load,"tsung_controller@ip-172-31-1-178"} 1 0.1796875 0.0 0.37109375 0.0 0.11448863636363636 55
stats: {freemem,"tsung_controller@ip-172-31-1-178"} 1 3044.74609375 0.0 3161.19921875 3044.60546875 3095.7661931818184 55
stats: {recvpackets,"tsung_controller@ip-172-31-1-178"} 1 3928.0 0.0 6978 209 3622.3888888888887 54
stats: {sentpackets,"tsung_controller@ip-172-31-1-178"} 1 3176.0 0.0 9007 148 3853.8703703703704 54
stats: {cpu,"tsung_controller@ip-172-31-1-178"} 1 6.983805668016195 0.0 25.18059855521156 1.0923535253227408 9.866810893261002 55
stats: session 90 100760.85651041669 23164.593622067256 257393.71801757813 10177.739990234375 79983.47473082131 3130
stats: users_count 0 3481
stats: finish_users_count 90 3220
stats: request 698 1101.9394090537687 1496.7083940969728 30796.2958984375 0.51318359375 1097.3472651156485 78512
stats: connect 0 0 0 177.186767578125 0.791015625 1.5611433748608519 3481
stats: page 698 1101.9394090537687 1496.7083940969728 30796.2958984375 0.51318359375 1260.7685327049833 68336
stats: 302 6 2103
stats: 200 413 13697
stats: size_rcv 2561187 113475098
stats: newphase 0 7
stats: size_sent 413533 46922398
stats: connected -99 260
stats: 204 39 967
stats: max_repeat 86 4623
stats: 400 13 828
stats: 503 0 57959
stats: 500 227 3481
stats: 404 1 176
# stats: dump at 1480611223
stats: users 178 1308
stats: {load,"tsung_controller@ip-172-31-1-178"} 1 0.23046875 0.0 0.37109375 0.0 0.11565290178571429 56
stats: {freemem,"tsung_controller@ip-172-31-1-178"} 1 3044.96484375 0.0 3161.19921875 3044.60546875 3094.8551199776784 56
stats: {recvpackets,"tsung_controller@ip-172-31-1-178"} 1 3002.0 0.0 6978 209 3627.9454545454546 55
stats: {sentpackets,"tsung_controller@ip-172-31-1-178"} 1 2554.0 0.0 9007 148 3841.5454545454545 55
stats: {cpu,"tsung_controller@ip-172-31-1-178"} 1 5.273833671399594 0.0 25.18059855521156 1.0923535253227408 9.815328657095916 56
stats: session 83 107529.69336819935 20936.00361063031 257393.71801757813 10177.739990234375 80564.20900416403 3220
stats: users_count 0 3481
stats: finish_users_count 83 3303
stats: request 613 749.8401133800218 1570.5899185610097 30796.2958984375 0.51318359375 1097.3877311738331 79210
stats: connect 0 0 0 177.186767578125 0.791015625 1.5611433748608519 3481
stats: page 613 749.8401133800218 1570.5899185610097 30796.2958984375 0.51318359375 1259.162617817992 69034
stats: 302 1 2104
stats: 200 423 14120
stats: size_rcv 2306071 115781169
stats: newphase 0 7
stats: size_sent 359568 47281966
stats: connected -81 179
stats: 204 39 1006
stats: max_repeat 71 4694
stats: 400 5 833
stats: 503 0 57959
stats: 500 143 3624
stats: 404 2 178
# stats: dump at 1480611233
stats: users 115 1308
stats: {load,"tsung_controller@ip-172-31-1-178"} 1 0.19921875 0.0 0.37109375 0.0 0.1176672149122807 57
stats: {freemem,"tsung_controller@ip-172-31-1-178"} 1 3045.21875 0.0 3161.19921875 3044.60546875 3093.979851973684 57
stats: {recvpackets,"tsung_controller@ip-172-31-1-178"} 1 2392.0 0.0 6978 209 3616.7678571428573 56
stats: {sentpackets,"tsung_controller@ip-172-31-1-178"} 1 2180.0 0.0 9007 148 3818.5535714285716 56
stats: {cpu,"tsung_controller@ip-172-31-1-178"} 1 5.2156469408224675 0.0 25.18059855521156 1.0923535253227408 9.735653306469665 57
stats: session 63 117791.68018353175 27895.613720645837 257393.71801757813 10177.739990234375 81241.8157865482 3303
stats: users_count 0 3481
stats: finish_users_count 63 3366
stats: request 509 50.496636711075666 343.6764542927717 30796.2958984375 0.51318359375 1094.718742414859 79823
stats: connect 0 0 0 177.186767578125 0.791015625 1.5611433748608519 3481
stats: page 509 50.496636711075666 343.6764542927717 30796.2958984375 0.51318359375 1254.679801684914 69647
stats: 302 0 2104
stats: 200 361 14481
stats: size_rcv 1922414 117703583
stats: newphase 0 7
stats: size_sent 340071 47622037
stats: connected -63 116
stats: 204 53 1059
stats: max_repeat 48 4742
stats: 400 5 838
stats: 503 0 57959
stats: 500 86 3710
stats: 404 3 181
# stats: dump at 1480611243
stats: users 72 1308
stats: {load,"tsung_controller@ip-172-31-1-178"} 1 0.171875 0.0 0.37109375 0.0 0.11907327586206896 58
stats: {freemem,"tsung_controller@ip-172-31-1-178"} 1 3045.8046875 0.0 3161.19921875 3044.60546875 3093.1391433189656 58
stats: {recvpackets,"tsung_controller@ip-172-31-1-178"} 1 1624.0 0.0 6978 209 3595.280701754386 57
stats: {sentpackets,"tsung_controller@ip-172-31-1-178"} 1 1566.0 0.0 9007 148 3789.8070175438597 57
stats: {cpu,"tsung_controller@ip-172-31-1-178"} 1 3.5035035035035036 0.0 25.18059855521156 1.0923535253227408 9.65772216223437 58
stats: session 43 123575.26967319222 16180.25286491452 257393.71801757813 10177.739990234375 81925.90415761476 3366
stats: users_count 0 3481
stats: finish_users_count 43 3409
stats: request 377 22.564857219827577 29.07161341088085 30796.2958984375 0.51318359375 1088.1023373483447 80332
stats: connect 0 0 0 177.186767578125 0.791015625 1.5611433748608519 3481
stats: page 377 22.564857219827577 29.07161341088085 30796.2958984375 0.51318359375 1245.9431400883052 70156
stats: 302 0 2104
stats: 200 280 14761
stats: size_rcv 1292132 118995715
stats: newphase 0 7
stats: size_sent 263963 47886000
stats: connected -44 72
stats: 204 43 1102
stats: max_repeat 38 4780
stats: 400 0 838
stats: 503 0 57959
stats: 500 51 3761
stats: 404 3 184
# stats: dump at 1480611253
stats: users 39 1308
stats: {load,"tsung_controller@ip-172-31-1-178"} 1 0.140625 0.0 0.37109375 0.0 0.11996822033898305 59
stats: {freemem,"tsung_controller@ip-172-31-1-178"} 1 3056.24609375 0.0 3161.19921875 3044.60546875 3092.3368644067796 59
stats: {recvpackets,"tsung_controller@ip-172-31-1-178"} 1 1003.0 0.0 6978 209 3561.293103448276 58
stats: {sentpackets,"tsung_controller@ip-172-31-1-178"} 1 994.0 0.0 9007 148 3751.4655172413795 58
stats: {cpu,"tsung_controller@ip-172-31-1-178"} 1 2.4975024975024978 0.0 25.18059855521156 1.0923535253227408 9.553413371408421 59
stats: session 33 129665.32545424953 15893.341763998858 257393.71801757813 10177.739990234375 82451.25549735363 3409
stats: users_count 0 3481
stats: finish_users_count 33 3442
stats: request 222 19.6824192356419 17.825819524777632 30796.2958984375 0.51318359375 1083.1251027151757 80709
stats: connect 0 0 0 177.186767578125 0.791015625 1.5611433748608519 3481
stats: page 222 19.6824192356419 17.825819524777632 30796.2958984375 0.51318359375 1239.4041638269607 70533
stats: 302 0 2104
stats: 200 165 14926
stats: size_rcv 738362 119734077
stats: newphase 0 7
stats: size_sent 159835 48045835
stats: connected -32 40
stats: 204 26 1128
stats: max_repeat 27 4807
stats: 400 0 838
stats: 503 0 57959
stats: 500 29 3790
stats: 404 2 186
# stats: dump at 1480611263
stats: users 21 1308
stats: {load,"tsung_controller@ip-172-31-1-178"} 1 0.19921875 0.0 0.37109375 0.0 0.1203125 60
stats: {freemem,"tsung_controller@ip-172-31-1-178"} 1 3062.19140625 0.0 3161.19921875 3044.60546875 3091.7353515625 60
stats: {recvpackets,"tsung_controller@ip-172-31-1-178"} 1 506.0 0.0 6978 209 3517.9322033898306 59
stats: {sentpackets,"tsung_controller@ip-172-31-1-178"} 1 498.0 0.0 9007 148 3704.728813559322 59
stats: {cpu,"tsung_controller@ip-172-31-1-178"} 1 1.9880715705765408 0.0 25.18059855521156 1.0923535253227408 9.435814856843324 60
stats: session 18 139758.57883029513 16237.169647909403 257393.71801757813 10177.739990234375 82903.91799258244 3442
stats: users_count 0 3481
stats: finish_users_count 18 3460
stats: request 139 18.116848513376798 15.103134892002286 30796.2958984375 0.51318359375 1080.2079970852876 80931
stats: connect 0 0 0 177.186767578125 0.791015625 1.5611433748608519 3481
stats: page 139 18.116848513376798 15.103134892002286 30796.2958984375 0.51318359375 1235.5771801890655 70755
stats: 302 0 2104
stats: 200 109 15035
stats: size_rcv 464207 120198284
stats: newphase 0 7
stats: size_sent 99700 48145535
stats: connected -19 21
stats: 204 18 1146
stats: max_repeat 10 4817
stats: 400 0 838
stats: 503 0 57959
stats: 500 10 3800
stats: 404 2 188
# stats: dump at 1480611273
stats: users 15 1308
stats: {load,"tsung_controller@ip-172-31-1-178"} 1 0.21875 0.0 0.37109375 0.0 0.1216060450819672 61
stats: {freemem,"tsung_controller@ip-172-31-1-178"} 1 3074.25390625 0.0 3161.19921875 3044.60546875 3091.251024590164 61
stats: {recvpackets,"tsung_controller@ip-172-31-1-178"} 1 374.0 0.0 6978 209 3467.733333333333 60
stats: {sentpackets,"tsung_controller@ip-172-31-1-178"} 1 328.0 0.0 9007 148 3651.2833333333333 60
stats: {cpu,"tsung_controller@ip-172-31-1-178"} 1 1.294820717131474 0.0 25.18059855521156 1.0923535253227408 9.313720704609441 61
stats: session 6 145248.82348632813 13549.012982759194 257393.71801757813 10177.739990234375 83199.69368480175 3460
stats: users_count 0 3481
stats: finish_users_count 6 3466
stats: request 91 18.628240899725256 15.342295205910931 30796.2958984375 0.51318359375 1078.3869699525442 81070
stats: connect 0 0 0 177.186767578125 0.791015625 1.5611433748608519 3481
stats: page 91 18.628240899725256 15.342295205910931 30796.2958984375 0.51318359375 1233.190137758071 70894
stats: 302 0 2104
stats: 200 68 15103
stats: size_rcv 343254 120541538
stats: newphase 0 7
stats: size_sent 65896 48211431
stats: connected -6 15
stats: 204 14 1160
stats: max_repeat 4 4821
stats: 400 0 838
stats: 503 0 57959
stats: 500 7 3807
stats: 404 2 190
# stats: dump at 1480611283
stats: users 7 1308
stats: {load,"tsung_controller@ip-172-31-1-178"} 1 0.19140625 0.0 0.37109375 0.0 0.12317288306451613 62
stats: {freemem,"tsung_controller@ip-172-31-1-178"} 1 3080.93359375 0.0 3161.19921875 3044.60546875 3090.9768775201615 62
stats: {recvpackets,"tsung_controller@ip-172-31-1-178"} 1 200.0 0.0 6978 200 3417.0163934426228 61
stats: {sentpackets,"tsung_controller@ip-172-31-1-178"} 1 192.0 0.0 9007 148 3596.8032786885246 61
stats: {cpu,"tsung_controller@ip-172-31-1-178"} 1 1.288404360753221 0.0 25.18059855521156 1.0923535253227408 9.184383608037216 62
stats: session 8 156132.6554260254 14329.428555245127 257393.71801757813 10177.739990234375 83307.10706587767 3466
stats: users_count 0 3481
stats: finish_users_count 8 3474
stats: request 46 18.990175993546202 18.371300624293802 30796.2958984375 0.51318359375 1077.198738605668 81161
stats: connect 0 0 0 177.186767578125 0.791015625 1.5611433748608519 3481
stats: page 46 18.990175993546202 18.371300624293802 30796.2958984375 0.51318359375 1231.6331168013319 70985
stats: 302 0 2104
stats: 200 35 15138
stats: size_rcv 181451 120722989
stats: newphase 0 7
stats: size_sent 33246 48244677
stats: connected -8 7
stats: 204 6 1166
stats: max_repeat 4 4825
stats: 400 0 838
stats: 503 0 57959
stats: 500 5 3812
stats: 404 0 190
# stats: dump at 1480611293
stats: users 3 1308
stats: {load,"tsung_controller@ip-172-31-1-178"} 1 0.16015625 0.0 0.37109375 0.0 0.12425595238095238 63
stats: {freemem,"tsung_controller@ip-172-31-1-178"} 1 3081.11328125 0.0 3161.19921875 3044.60546875 3090.8174603174602 63
stats: {recvpackets,"tsung_controller@ip-172-31-1-178"} 1 43.0 0.0 6978 43 3365.1290322580644 62
stats: {sentpackets,"tsung_controller@ip-172-31-1-178"} 1 53.0 0.0 9007 53 3541.8870967741937 62
stats: {cpu,"tsung_controller@ip-172-31-1-178"} 1 1.0869565217391304 0.0 25.18059855521156 1.0869565217391304 9.059050604112073 63
stats: session 4 176219.9600830078 19684.575954624463 257393.71801757813 10177.739990234375 83474.81126474963 3474
stats: users_count 0 3481
stats: finish_users_count 4 3478
stats: request 12 10.044413248697916 2.051847485783616 30796.2958984375 0.51318359375 1076.5993125231855 81207
stats: connect 0 0 0 177.186767578125 0.791015625 1.5611433748608519 3481
stats: page 12 10.044413248697916 2.051847485783616 30796.2958984375 0.51318359375 1230.8478036947001 71031
stats: 302 0 2104
stats: 200 11 15149
stats: size_rcv 18164 120741153
stats: newphase 0 7
stats: size_sent 8830 48253507
stats: connected -4 3
stats: 204 0 1166
stats: max_repeat 2 4827
stats: 400 0 838
stats: 503 0 57959
stats: 500 1 3813
stats: 404 0 190
# stats: dump at 1480611303
stats: users 2 1308
stats: {load,"tsung_controller@ip-172-31-1-178"} 1 0.140625 0.0 0.37109375 0.0 0.12481689453125 64
stats: {freemem,"tsung_controller@ip-172-31-1-178"} 1 3081.16796875 0.0 3161.19921875 3044.60546875 3090.6658325195313 64
stats: {recvpackets,"tsung_controller@ip-172-31-1-178"} 1 47.0 0.0 6978 43 3312.3968253968255 63
stats: {sentpackets,"tsung_controller@ip-172-31-1-178"} 1 42.0 0.0 9007 42 3486.5079365079364 63
stats: {cpu,"tsung_controller@ip-172-31-1-178"} 1 0.8902077151335311 0.0 25.18059855521156 0.8902077151335311 8.934486634074997 64
stats: session 1 163678.60913085938 0.0 257393.71801757813 10177.739990234375 83581.4761857597 3478
stats: users_count 0 3481
stats: finish_users_count 1 3479
stats: request 10 24.9876953125 13.894453363122526 30796.2958984375 0.51318359375 1076.4417304452074 81219
stats: connect 0 0 0 177.186767578125 0.791015625 1.5611433748608519 3481
stats: page 10 24.9876953125 13.894453363122526 30796.2958984375 0.51318359375 1230.641595613885 71043
stats: 302 0 2104
stats: 200 8 15157
stats: size_rcv 45938 120787091
stats: newphase 0 7
stats: size_sent 7362 48260869
stats: connected -1 2
stats: 204 2 1168
stats: max_repeat 1 4828
stats: 400 0 838
stats: 503 0 57959
stats: 500 0 3813
stats: 404 0 190
# stats: dump at 1480611313
stats: users 1 1308
stats: {load,"tsung_controller@ip-172-31-1-178"} 1 0.12109375 0.0 0.37109375 0.0 0.12506009615384617 65
stats: {freemem,"tsung_controller@ip-172-31-1-178"} 1 3081.21484375 0.0 3161.19921875 3044.60546875 3090.5197115384617 65
stats: {recvpackets,"tsung_controller@ip-172-31-1-178"} 1 26.0 0.0 6978 26 3261.375 64
stats: {sentpackets,"tsung_controller@ip-172-31-1-178"} 1 23.0 0.0 9007 23 3432.6875 64
stats: {cpu,"tsung_controller@ip-172-31-1-178"} 1 0.791295746785361 0.0 25.18059855521156 0.791295746785361 8.810728496860513 65
stats: session 1 179364.453125 0.0 257393.71801757813 10177.739990234375 83604.49921908684 3479
stats: users_count 0 3481
stats: finish_users_count 1 3480
stats: request 7 19.681989397321427 11.600319246377026 30796.2958984375 0.51318359375 1076.312287261722 81229
stats: connect 0 0 0 177.186767578125 0.791015625 1.5611433748608519 3481
stats: page 7 19.681989397321427 11.600319246377026 30796.2958984375 0.51318359375 1230.4719118707212 71053
stats: 302 0 2104
stats: 200 6 15163
stats: size_rcv 25496 120812587
stats: newphase 0 7
stats: size_sent 5191 48266060
stats: connected -1 1
stats: 204 1 1169
stats: max_repeat 1 4829
stats: 400 0 838
stats: 503 0 57959
stats: 500 0 3813
stats: 404 0 190
# stats: dump at 1480611323
stats: users 0 1308
stats: {load,"tsung_controller@ip-172-31-1-178"} 1 0.1015625 0.0 0.37109375 0.0 0.125 66
stats: {freemem,"tsung_controller@ip-172-31-1-178"} 1 3088.75390625 0.0 3161.19921875 3044.60546875 3090.378728693182 66
stats: {recvpackets,"tsung_controller@ip-172-31-1-178"} 1 8.0 0.0 6978 8 3211.6 65
stats: {sentpackets,"tsung_controller@ip-172-31-1-178"} 1 11.0 0.0 9007 11 3380.230769230769 65
stats: {cpu,"tsung_controller@ip-172-31-1-178"} 1 0.8893280632411068 0.0 25.18059855521156 0.791295746785361 8.689221940041193 66
stats: session 1 199267.4130859375 0.0 257393.71801757813 10177.739990234375 83632.01644722073 3480
stats: users_count 0 3481
stats: finish_users_count 1 3481
stats: request 3 117.261962890625 152.66084412631713 30796.2958984375 0.51318359375 1076.2212388092496 81236
stats: connect 0 0 0 177.186767578125 0.791015625 1.5611433748608519 3481
stats: page 3 117.261962890625 152.66084412631713 30796.2958984375 0.51318359375 1230.3526390103596 71060
stats: 302 0 2104
stats: 200 3 15166
stats: size_rcv 1752 120814339
stats: newphase 0 7
stats: size_sent 2265 48268325
stats: connected -1 0
stats: 204 0 1169
stats: max_repeat 0 4829
stats: 400 0 838
stats: 503 0 57959
stats: 500 0 3813
stats: 404 0 190
# stats: dump at 1480611326
stats: users 0 1308
stats: {load,"tsung_controller@ip-172-31-1-178"} 0 0 0 0.37109375 0.0 0.12465018656716417 67
stats: {freemem,"tsung_controller@ip-172-31-1-178"} 0 0 0 3161.19921875 3044.60546875 3090.35447761194 67
stats: {recvpackets,"tsung_controller@ip-172-31-1-178"} 0 0 0 6978 8 3163.060606060606 66
stats: {sentpackets,"tsung_controller@ip-172-31-1-178"} 0 0 0 9007 11 3329.181818181818 66
stats: {cpu,"tsung_controller@ip-172-31-1-178"} 0 0 0 25.18059855521156 0.791295746785361 8.572805613521789 67
stats: session 0 0 0 257393.71801757813 10177.739990234375 83665.23546377882 3481
stats: users_count 0 3481
stats: finish_users_count 0 3481
stats: request 0 0 0 30796.2958984375 0.51318359375 1076.1858262878281 81239
stats: connect 0 0 0 177.186767578125 0.791015625 1.5611433748608519 3481
stats: page 0 0 0 30796.2958984375 0.51318359375 1230.3056487055828 71063
stats: 302 0 2104
stats: 200 0 15166
stats: size_rcv 0 120814339
stats: newphase 0 7
stats: size_sent 0 48268325
stats: connected 0 0
stats: 204 0 1169
stats: max_repeat 0 4829
stats: 400 0 838
stats: 503 0 57959
stats: 500 0 3813
stats: 404 0 190
EndMonitor:{1480,611326,492645}
