# stats: dump at 1480503219
stats: users 5 5
stats: {load,"tsung_controller@ip-172-31-15-33"} 1 0.01953125 0 0.01953125 0.01953125 0 0
stats: {freemem,"tsung_controller@ip-172-31-15-33"} 1 3157.1484375 0 3157.1484375 3157.1484375 0 0
stats: {cpu,"tsung_controller@ip-172-31-15-33"} 1 4.408545495661477 0 4.408545495661477 4.408545495661477 0 0
stats: users_count 5 5
stats: finish_users_count 0 0
stats: request 19 79.07139185855263 102.74466407780938 402.791015625 10.31201171875 0 0
stats: connect 5 29.18544921875 54.10833343014506 137.402099609375 2.092041015625 0 0
stats: page 17 88.3836310891544 106.38686893685386 402.791015625 10.31201171875 0 0
stats: 302 5 5
stats: 200 13 13
stats: size_rcv 91556 91556
stats: size_sent 11605 11605
stats: connected 5 5
stats: 204 1 1
# stats: dump at 1480503229
stats: users 11 11
stats: {load,"tsung_controller@ip-172-31-15-33"} 1 0.01953125 0.0 0.01953125 0.01953125 0.01953125 1
stats: {freemem,"tsung_controller@ip-172-31-15-33"} 1 3157.95703125 0.0 3157.95703125 3157.1484375 3157.1484375 1
stats: {recvpackets,"tsung_controller@ip-172-31-15-33"} 1 132 0 132 132 0 0
stats: {sentpackets,"tsung_controller@ip-172-31-15-33"} 1 108 0 108 108 0 0
stats: {cpu,"tsung_controller@ip-172-31-15-33"} 1 2.167487684729064 0.0 4.408545495661477 2.167487684729064 4.408545495661477 1
stats: users_count 6 11
stats: finish_users_count 0 0
stats: request 40 52.82032470703125 79.24814247886076 497.972900390625 8.97509765625 79.07139185855263 19
stats: connect 6 2.1007893880208335 0.07801180162090554 137.402099609375 1.98583984375 29.18544921875 5
stats: page 28 75.4908447265625 93.97268047864452 513.5458984375 8.97509765625 88.3836310891544 17
stats: 302 5 10
stats: 200 34 47
stats: size_rcv 216161 307717
stats: size_sent 27617 39222
stats: connected 6 11
stats: 204 1 2
# stats: dump at 1480503239
stats: users 17 17
stats: {load,"tsung_controller@ip-172-31-15-33"} 1 0.01171875 0.0 0.01953125 0.01171875 0.01953125 2
stats: {freemem,"tsung_controller@ip-172-31-15-33"} 1 3156.8125 0.0 3157.95703125 3156.8125 3157.552734375 2
stats: {recvpackets,"tsung_controller@ip-172-31-15-33"} 1 271.0 0.0 271 132 132.0 1
stats: {sentpackets,"tsung_controller@ip-172-31-15-33"} 1 202.0 0.0 202 108 108.0 1
stats: {cpu,"tsung_controller@ip-172-31-15-33"} 1 2.2526934378060726 0.0 4.408545495661477 2.167487684729064 3.2880165901952707 2
stats: session 1 23677.960205078125 0 23677.960205078125 23677.960205078125 0 0
stats: users_count 7 18
stats: finish_users_count 1 1
stats: request 110 42.20650523792613 34.86250758273405 497.972900390625 1.5478515625 61.274058196504235 59
stats: connect 7 2.1566336495535716 0.07657645597607533 137.402099609375 1.98583984375 14.411998401988637 11
stats: page 95 48.882486122532896 39.0020095244031 513.5458984375 1.5478515625 80.3614529079861 45
stats: 302 15 25
stats: 200 88 135
stats: size_rcv 620960 928677
stats: size_sent 77797 117019
stats: connected 6 17
stats: 204 6 8
stats: max_repeat 4 4
stats: 400 1 1
# stats: dump at 1480503249
stats: users 31 31
stats: {load,"tsung_controller@ip-172-31-15-33"} 1 0.01171875 0.0 0.01953125 0.01171875 0.016927083333333332 3
stats: {freemem,"tsung_controller@ip-172-31-15-33"} 1 3151.98828125 0.0 3157.95703125 3151.98828125 3157.3059895833335 3
stats: {recvpackets,"tsung_controller@ip-172-31-15-33"} 1 655.0 0.0 655 132 201.5 2
stats: {sentpackets,"tsung_controller@ip-172-31-15-33"} 1 417.0 0.0 417 108 155.0 2
stats: {cpu,"tsung_controller@ip-172-31-15-33"} 1 1.4866204162537164 0.0 4.408545495661477 1.4866204162537164 2.9429088727322044 3
stats: session 1 27879.949951171875 0.0 27879.949951171875 23677.960205078125 23677.960205078125 1
stats: users_count 15 33
stats: finish_users_count 1 2
stats: request 180 35.34654134114584 46.29736861251506 497.972900390625 1.5478515625 48.86322490985577 169
stats: connect 15 2.2728678385416665 0.47598028141962617 137.402099609375 1.94287109375 9.64602322048611 18
stats: page 153 41.59700361264296 52.70689967102188 513.5458984375 1.5478515625 59.00072544642857 140
stats: 302 16 41
stats: 200 147 282
stats: size_rcv 884718 1813395
stats: size_sent 127367 244386
stats: connected 14 31
stats: 204 16 24
stats: max_repeat 4 8
stats: 400 1 2
# stats: dump at 1480503259
stats: users 40 40
stats: {load,"tsung_controller@ip-172-31-15-33"} 1 0.01171875 0.0 0.01953125 0.01171875 0.015625 4
stats: {freemem,"tsung_controller@ip-172-31-15-33"} 1 3149.9375 0.0 3157.95703125 3149.9375 3155.9765625 4
stats: {recvpackets,"tsung_controller@ip-172-31-15-33"} 1 875.0 0.0 875 132 352.6666666666667 3
stats: {sentpackets,"tsung_controller@ip-172-31-15-33"} 1 644.0 0.0 644 108 242.33333333333334 3
stats: {cpu,"tsung_controller@ip-172-31-15-33"} 1 2.75049115913556 0.0 4.408545495661477 1.4866204162537164 2.5788367586125824 4
stats: session 2 32817.42053222656 8092.5213623046875 40909.94189453125 23677.960205078125 25778.955078125 2
stats: users_count 11 44
stats: finish_users_count 2 4
stats: request 244 41.13597932409066 71.61719909933394 779.865966796875 1.486083984375 41.8918694875985 349
stats: connect 11 2.1515447443181817 0.10639241363539467 137.402099609375 1.94287109375 6.294588955965909 33
stats: page 212 47.35571289062499 78.55318585815563 793.469970703125 1.486083984375 49.912775137318675 293
stats: 302 21 62
stats: 200 200 482
stats: size_rcv 1279322 3092717
stats: size_sent 173364 417750
stats: connected 8 39
stats: 204 20 44
stats: max_repeat 10 18
stats: 400 3 5
# stats: dump at 1480503269
stats: users 48 48
stats: {load,"tsung_controller@ip-172-31-15-33"} 1 0.01171875 0.0 0.01953125 0.01171875 0.01484375 5
stats: {freemem,"tsung_controller@ip-172-31-15-33"} 1 3147.765625 0.0 3157.95703125 3147.765625 3154.76875 5
stats: {recvpackets,"tsung_controller@ip-172-31-15-33"} 1 1237.0 0.0 1237 132 483.25 4
stats: {sentpackets,"tsung_controller@ip-172-31-15-33"} 1 856.0 0.0 856 108 342.75 4
stats: {cpu,"tsung_controller@ip-172-31-15-33"} 1 2.8656126482213438 0.0 4.408545495661477 1.4866204162537164 2.613167638717178 5
stats: session 3 31486.573974609375 6432.5001632135645 40909.94189453125 22523.803955078125 29298.18780517578 4
stats: users_count 11 55
stats: finish_users_count 3 7
stats: request 324 27.28441403235917 26.27284789236468 779.865966796875 1.486083984375 41.58084554173693 593
stats: connect 11 2.032870205965909 0.05596823905316133 137.402099609375 1.887939453125 5.2588279030539775 44
stats: page 286 30.91758034446024 31.628343054479323 793.469970703125 1.486083984375 48.839315342667064 505
stats: 302 24 86
stats: 200 258 740
stats: size_rcv 1436556 4529273
stats: size_sent 236982 654732
stats: connected 9 48
stats: 204 40 84
stats: max_repeat 5 23
stats: 400 2 7
# stats: dump at 1480503279
stats: users 60 60
stats: {load,"tsung_controller@ip-172-31-15-33"} 1 0.01171875 0.0 0.01953125 0.01171875 0.014322916666666666 6
stats: {freemem,"tsung_controller@ip-172-31-15-33"} 1 3144.2578125 0.0 3157.95703125 3144.2578125 3153.6015625 6
stats: {recvpackets,"tsung_controller@ip-172-31-15-33"} 1 1288.0 0.0 1288 132 634.0 5
stats: {sentpackets,"tsung_controller@ip-172-31-15-33"} 1 995.0 0.0 995 108 445.4 5
stats: {cpu,"tsung_controller@ip-172-31-15-33"} 1 2.9644268774703555 0.0 4.408545495661477 1.4866204162537164 2.6552418069678723 6
stats: session 1 25585.947021484375 0.0 40909.94189453125 22523.803955078125 30236.06759207589 7
stats: users_count 13 68
stats: finish_users_count 1 8
stats: request 345 27.719358582427535 26.877117351898946 779.865966796875 1.486083984375 36.52954367800913 917
stats: connect 12 4.331278483072917 7.312705938761135 137.402099609375 1.887939453125 4.613636363636363 55
stats: page 314 30.462481650577224 31.144743957919218 793.469970703125 1.486083984375 42.3593959880689 791
stats: 302 28 114
stats: 200 282 1022
stats: size_rcv 1552605 6081878
stats: newphase 1 1
stats: size_sent 250267 904999
stats: connected 10 58
stats: 204 33 117
stats: max_repeat 9 32
stats: 400 2 9
# stats: dump at 1480503289
stats: users 66 66
stats: {load,"tsung_controller@ip-172-31-15-33"} 1 0.01171875 0.0 0.01953125 0.01171875 0.013950892857142858 7
stats: {freemem,"tsung_controller@ip-172-31-15-33"} 1 3141.28125 0.0 3157.95703125 3141.28125 3152.2667410714284 7
stats: {recvpackets,"tsung_controller@ip-172-31-15-33"} 1 1577.0 0.0 1577 132 743.0 6
stats: {sentpackets,"tsung_controller@ip-172-31-15-33"} 1 1160.0 0.0 1160 108 537.0 6
stats: {cpu,"tsung_controller@ip-172-31-15-33"} 1 2.982107355864811 0.0 4.408545495661477 1.4866204162537164 2.6994111027539414 7
stats: session 6 46135.74816894531 18072.39654853346 73844.59399414063 22523.803955078125 29654.802520751953 8
stats: users_count 12 80
stats: finish_users_count 6 14
stats: request 436 30.32044296964593 80.19396092177273 1591.1591796875 1.486083984375 34.121054091657584 1262
stats: connect 13 2.0386117788461537 0.14808024441769838 137.402099609375 1.818115234375 4.563064802938433 67
stats: page 396 33.388756337791975 85.16332470950552 1591.1591796875 1.486083984375 38.97873435732466 1105
stats: 302 20 134
stats: 200 361 1383
stats: size_rcv 1971358 8053236
stats: newphase 0 1
stats: size_sent 313800 1218799
stats: connected 8 66
stats: 204 53 170
stats: max_repeat 6 38
stats: 400 2 11
# stats: dump at 1480503299
stats: users 71 71
stats: {load,"tsung_controller@ip-172-31-15-33"} 1 0.0 0.0 0.01953125 0.0 0.013671875 8
stats: {freemem,"tsung_controller@ip-172-31-15-33"} 1 3140.47265625 0.0 3157.95703125 3140.47265625 3150.8935546875 8
stats: {recvpackets,"tsung_controller@ip-172-31-15-33"} 1 1818.0 0.0 1818 132 862.1428571428571 7
stats: {sentpackets,"tsung_controller@ip-172-31-15-33"} 1 1404.0 0.0 1404 108 626.0 7
stats: {cpu,"tsung_controller@ip-172-31-15-33"} 1 3.0784508440913605 0.0 4.408545495661477 1.4866204162537164 2.7347481343928 8
stats: session 7 56117.86038643973 15852.07067952851 81533.67016601563 22523.803955078125 36718.06494140625 14
stats: users_count 12 92
stats: finish_users_count 7 21
stats: request 492 28.607303278232965 30.194727072642724 1591.1591796875 1.486083984375 33.14516101203621 1698
stats: connect 11 2.182151100852273 0.23587233970590843 137.402099609375 1.818115234375 4.152841186523437 80
stats: page 450 31.283812934027754 34.230893776859915 1591.1591796875 1.486083984375 37.50396334084569 1501
stats: 302 24 158
stats: 200 408 1791
stats: size_rcv 2300981 10354217
stats: newphase 0 1
stats: size_sent 357500 1576299
stats: connected 3 69
stats: 204 57 227
stats: max_repeat 12 50
stats: 400 3 14
# stats: dump at 1480503309
stats: users 76 77
stats: {load,"tsung_controller@ip-172-31-15-33"} 1 0.0 0.0 0.01953125 0.0 0.012152777777777778 9
stats: {freemem,"tsung_controller@ip-172-31-15-33"} 1 3136.24609375 0.0 3157.95703125 3136.24609375 3149.7356770833335 9
stats: {recvpackets,"tsung_controller@ip-172-31-15-33"} 1 1926.0 0.0 1926 132 981.625 8
stats: {sentpackets,"tsung_controller@ip-172-31-15-33"} 1 1441.0 0.0 1441 108 723.25 8
stats: {cpu,"tsung_controller@ip-172-31-15-33"} 1 4.043392504930966 0.0 4.408545495661477 1.4866204162537164 2.7729373243593067 9
stats: session 9 49816.74359809028 17335.245738966525 81533.67016601563 22523.803955078125 43184.66342308408 21
stats: users_count 14 106
stats: finish_users_count 9 30
stats: request 516 37.7632285421209 89.85616374993582 1825.034912109375 1.486083984375 32.125697082798226 2190
stats: connect 15 2.049267578125 0.09417636978885553 137.402099609375 1.818115234375 3.9146259014423075 91
stats: page 466 41.821589261165485 95.7249821489377 1825.034912109375 1.486083984375 36.069279751369486 1951
stats: 302 28 186
stats: 200 431 2222
stats: size_rcv 2439577 12793794
stats: newphase 0 1
stats: size_sent 372367 1948666
stats: connected 7 76
stats: 204 54 281
stats: max_repeat 15 65
stats: 400 3 17
# stats: dump at 1480503319
stats: users 82 82
stats: {load,"tsung_controller@ip-172-31-15-33"} 1 0.0 0.0 0.01953125 0.0 0.0109375 10
stats: {freemem,"tsung_controller@ip-172-31-15-33"} 1 3134.00390625 0.0 3157.95703125 3134.00390625 3148.38671875 10
stats: {recvpackets,"tsung_controller@ip-172-31-15-33"} 1 2361.0 0.0 2361 132 1086.5555555555557 9
stats: {sentpackets,"tsung_controller@ip-172-31-15-33"} 1 1734.0 0.0 1734 108 803.0 9
stats: {cpu,"tsung_controller@ip-172-31-15-33"} 1 4.935834155972359 0.0 4.935834155972359 1.4866204162537164 2.899982842416473 10
stats: session 11 59359.13538707386 18921.89741781583 85372.76904296875 18630.912841796875 45174.28747558594 30
stats: users_count 17 123
stats: finish_users_count 11 41
stats: request 483 27.769300756987587 27.448578793666506 1825.034912109375 1.486083984375 33.20070308169346 2706
stats: connect 16 2.220245361328125 0.6670645504203524 137.402099609375 1.818115234375 3.6506601009728774 106
stats: page 456 29.416894210012334 30.046963629727657 1825.034912109375 1.486083984375 37.178330736708716 2417
stats: 302 30 216
stats: 200 396 2618
stats: size_rcv 2318373 15112167
stats: newphase 0 1
stats: size_sent 344219 2292885
stats: connected 4 80
stats: 204 53 334
stats: max_repeat 12 77
stats: 400 4 21
# stats: dump at 1480503329
stats: users 81 83
stats: {load,"tsung_controller@ip-172-31-15-33"} 1 0.0 0.0 0.01953125 0.0 0.009943181818181818 11
stats: {freemem,"tsung_controller@ip-172-31-15-33"} 1 3134.3828125 0.0 3157.95703125 3134.00390625 3147.079190340909 11
stats: {recvpackets,"tsung_controller@ip-172-31-15-33"} 1 2027.0 0.0 2361 132 1214.0 10
stats: {sentpackets,"tsung_controller@ip-172-31-15-33"} 1 1524.0 0.0 1734 108 896.1 10
stats: {cpu,"tsung_controller@ip-172-31-15-33"} 1 3.937007874015748 0.0 4.935834155972359 1.4866204162537164 3.0850602345579174 11
stats: session 11 56953.870427911934 18780.64228712103 85372.76904296875 18630.912841796875 48979.978378668064 41
stats: users_count 10 133
stats: finish_users_count 11 52
stats: request 539 26.164328835227273 27.394741164574757 1825.034912109375 1.486083984375 32.37807300241063 3189
stats: connect 11 2.470858487215909 1.2070226005059215 137.402099609375 1.818115234375 3.4630647252817623 122
stats: page 488 28.904300877305328 32.04318379681674 1825.034912109375 1.486083984375 35.94644244705555 2873
stats: 302 23 239
stats: 200 450 3068
stats: size_rcv 2416323 17528490
stats: newphase 0 1
stats: size_sent 393036 2685921
stats: connected 1 81
stats: 204 64 398
stats: max_repeat 12 89
stats: 400 2 23
# stats: dump at 1480503339
stats: users 84 87
stats: {load,"tsung_controller@ip-172-31-15-33"} 1 0.0 0.0 0.01953125 0.0 0.009114583333333334 12
stats: {freemem,"tsung_controller@ip-172-31-15-33"} 1 3134.67578125 0.0 3157.95703125 3134.00390625 3146.0211588541665 12
stats: {recvpackets,"tsung_controller@ip-172-31-15-33"} 1 2150.0 0.0 2361 132 1287.909090909091 11
stats: {sentpackets,"tsung_controller@ip-172-31-15-33"} 1 1637.0 0.0 1734 108 953.1818181818181 11
stats: {cpu,"tsung_controller@ip-172-31-15-33"} 1 4.043392504930966 0.0 4.935834155972359 1.4866204162537164 3.156055871179403 12
stats: session 9 62034.66216362847 26872.90577709701 91268.2919921875 18630.912841796875 50666.76323523888 52
stats: users_count 12 145
stats: finish_users_count 9 61
stats: request 545 33.12945411052177 74.26060659181515 1825.034912109375 1.486083984375 31.479680270084497 3728
stats: connect 12 4.049031575520833 7.430498943838609 137.402099609375 1.193115234375 3.3810025552161656 133
stats: page 502 35.97246803800426 78.1706442734768 1825.034912109375 1.486083984375 34.92395952946016 3361
stats: 302 35 274
stats: 200 447 3515
stats: size_rcv 2645549 20174039
stats: newphase 1 2
stats: size_sent 396578 3082499
stats: connected 2 83
stats: 204 58 456
stats: max_repeat 15 104
stats: 400 5 28
# stats: dump at 1480503349
stats: users 90 91
stats: {load,"tsung_controller@ip-172-31-15-33"} 1 0.0 0.0 0.01953125 0.0 0.008413461538461538 13
stats: {freemem,"tsung_controller@ip-172-31-15-33"} 1 3134.0859375 0.0 3157.95703125 3134.00390625 3145.1484375 13
stats: {recvpackets,"tsung_controller@ip-172-31-15-33"} 1 2456.0 0.0 2456 132 1359.75 12
stats: {sentpackets,"tsung_controller@ip-172-31-15-33"} 1 1785.0 0.0 1785 108 1010.1666666666666 12
stats: {cpu,"tsung_controller@ip-172-31-15-33"} 1 4.146100691016782 0.0 4.935834155972359 1.4866204162537164 3.2243125353141386 13
stats: session 13 61200.616624098555 22063.95594493256 91300.80297851563 18630.912841796875 52343.99422467341 61
stats: users_count 19 164
stats: finish_users_count 13 74
stats: request 599 29.657394485601003 89.23103446963728 1825.034912109375 1.486083984375 31.69010075757299 4273
stats: connect 19 1.8475149054276316 0.7844090061242766 137.402099609375 1.193115234375 3.4362877155172415 145
stats: page 568 31.27922939246808 92.18453111459611 1825.034912109375 1.486083984375 35.06021406512911 3863
stats: 302 34 308
stats: 200 482 3997
stats: size_rcv 2724652 22898691
stats: newphase 0 2
stats: size_sent 430528 3513027
stats: connected 7 90
stats: 204 80 536
stats: max_repeat 12 116
stats: 400 3 31
# stats: dump at 1480503359
stats: users 98 100
stats: {load,"tsung_controller@ip-172-31-15-33"} 1 0.078125 0.0 0.078125 0.0 0.0078125 14
stats: {freemem,"tsung_controller@ip-172-31-15-33"} 1 3133.875 0.0 3157.95703125 3133.875 3144.3582589285716 14
stats: {recvpackets,"tsung_controller@ip-172-31-15-33"} 1 2619.0 0.0 2619 132 1444.076923076923 13
stats: {sentpackets,"tsung_controller@ip-172-31-15-33"} 1 2007.0 0.0 2007 108 1069.7692307692307 13
stats: {cpu,"tsung_controller@ip-172-31-15-33"} 1 5.004906771344456 0.0 5.004906771344456 1.4866204162537164 3.290154546435756 14
stats: session 13 57497.5512507512 30525.33546642593 109690.3310546875 17541.676025390625 53899.88734889675 74
stats: users_count 21 185
stats: finish_users_count 13 87
stats: request 574 27.783121461236938 36.706034387787795 1825.034912109375 0.882080078125 31.440184694988584 4872
stats: connect 21 1.7076590401785714 0.3702068587574812 137.402099609375 1.193115234375 3.2522225728849086 164
stats: page 545 29.26448134676032 38.79873850344889 1825.034912109375 0.882080078125 34.57553807910531 4431
stats: 302 30 338
stats: 200 471 4468
stats: size_rcv 2705386 25604077
stats: newphase 0 2
stats: size_sent 406602 3919629
stats: connected 9 99
stats: 204 68 604
stats: max_repeat 11 127
stats: 400 5 36
# stats: dump at 1480503369
stats: users 98 104
stats: {load,"tsung_controller@ip-172-31-15-33"} 1 0.0703125 0.0 0.078125 0.0 0.0125 15
stats: {freemem,"tsung_controller@ip-172-31-15-33"} 1 3132.30078125 0.0 3157.95703125 3132.30078125 3143.659375 15
stats: {recvpackets,"tsung_controller@ip-172-31-15-33"} 1 2428.0 0.0 2619 132 1528.0 14
stats: {sentpackets,"tsung_controller@ip-172-31-15-33"} 1 1918.0 0.0 2007 108 1136.7142857142858 14
stats: {cpu,"tsung_controller@ip-172-31-15-33"} 1 5.669599217986314 0.0 5.669599217986314 1.4866204162537164 3.4044713614296698 15
stats: session 14 58532.88441685268 24979.136368779065 109690.3310546875 13137.9560546875 54437.469311242814 87
stats: users_count 14 199
stats: finish_users_count 14 101
stats: request 671 23.776099033043014 23.381391154114066 1825.034912109375 0.8330078125 31.05473587086566 5446
stats: connect 14 2.1732700892857144 1.1711755042870071 137.402099609375 1.193115234375 3.0768937394425677 185
stats: page 623 25.612638960297943 26.564115892890996 1825.034912109375 0.8330078125 33.99384074809084 4976
stats: 302 25 363
stats: 200 557 5025
stats: size_rcv 3000628 28604705
stats: newphase 0 2
stats: size_sent 488616 4408245
stats: connected -1 98
stats: 204 85 689
stats: max_repeat 12 139
stats: 400 4 40
# stats: dump at 1480503379
stats: users 103 104
stats: {load,"tsung_controller@ip-172-31-15-33"} 1 0.12890625 0.0 0.12890625 0.0 0.01611328125 16
stats: {freemem,"tsung_controller@ip-172-31-15-33"} 1 3130.76171875 0.0 3157.95703125 3130.76171875 3142.949462890625 16
stats: {recvpackets,"tsung_controller@ip-172-31-15-33"} 1 2844.0 0.0 2844 132 1588.0 15
stats: {sentpackets,"tsung_controller@ip-172-31-15-33"} 1 2190.0 0.0 2190 108 1188.8 15
stats: {cpu,"tsung_controller@ip-172-31-15-33"} 1 5.992141453831041 0.0 5.992141453831041 1.4866204162537164 3.54604185246446 16
stats: session 17 59868.409854664525 26120.523469958025 109690.3310546875 13137.9560546875 55005.15061301052 101
stats: users_count 22 221
stats: finish_users_count 17 118
stats: request 673 23.46695358933878 24.908339199335288 1825.034912109375 0.7490234375 30.256310937372284 6117
stats: connect 22 2.0589599609375004 1.758382330731501 137.402099609375 1.193115234375 3.013322226366206 199
stats: page 628 25.15264970329915 27.767846919588834 1825.034912109375 0.7490234375 33.06126551790778 5599
stats: 302 38 401
stats: 200 549 5574
stats: size_rcv 2974060 31578765
stats: newphase 0 2
stats: size_sent 477408 4885653
stats: connected 5 103
stats: 204 82 771
stats: max_repeat 15 154
stats: 400 4 44
# stats: dump at 1480503389
stats: users 99 104
stats: {load,"tsung_controller@ip-172-31-15-33"} 1 0.109375 0.0 0.12890625 0.0 0.02274816176470588 17
stats: {freemem,"tsung_controller@ip-172-31-15-33"} 1 3130.01171875 0.0 3157.95703125 3130.01171875 3142.232536764706 17
stats: {recvpackets,"tsung_controller@ip-172-31-15-33"} 1 2170.0 0.0 2844 132 1666.5 16
stats: {sentpackets,"tsung_controller@ip-172-31-15-33"} 1 1779.0 0.0 2190 108 1251.375 16
stats: {cpu,"tsung_controller@ip-172-31-15-33"} 1 5.185909980430528 0.0 5.992141453831041 1.4866204162537164 3.689930064309553 17
stats: session 13 67289.35428560697 20207.969700453497 109690.3310546875 13137.9560546875 55705.789656299654 118
stats: users_count 9 230
stats: finish_users_count 13 131
stats: request 617 21.284538973865498 21.979211211927584 1825.034912109375 0.7490234375 29.58337463468796 6790
stats: connect 9 1.6732042100694444 0.401916130349888 137.402099609375 1.10400390625 2.918317837952489 221
stats: page 579 22.685514828907586 25.051805934396384 1825.034912109375 0.7490234375 32.26367265913562 6227
stats: 302 26 427
stats: 200 513 6087
stats: size_rcv 2612893 34191658
stats: newphase 0 2
stats: size_sent 451702 5337355
stats: connected -4 99
stats: 204 77 848
stats: max_repeat 15 169
stats: 400 1 45
# stats: dump at 1480503399
stats: users 114 114
stats: {load,"tsung_controller@ip-172-31-15-33"} 1 0.1015625 0.0 0.12890625 0.0 0.027560763888888888 18
stats: {freemem,"tsung_controller@ip-172-31-15-33"} 1 3129.1953125 0.0 3157.95703125 3129.1953125 3141.5536024305557 18
stats: {recvpackets,"tsung_controller@ip-172-31-15-33"} 1 2583.0 0.0 2844 132 1696.1176470588234 17
stats: {sentpackets,"tsung_controller@ip-172-31-15-33"} 1 2007.0 0.0 2190 108 1282.4117647058824 17
stats: {cpu,"tsung_controller@ip-172-31-15-33"} 1 5.50098231827112 0.0 5.992141453831041 1.4866204162537164 3.7730400596496074 18
stats: session 14 67699.22058105469 33184.4593829248 144327.65502929688 13137.9560546875 56855.30370348282 131
stats: users_count 29 259
stats: finish_users_count 14 145
stats: request 691 22.14593815009951 21.32743844530133 1825.034912109375 0.747802734375 28.8920850973952 7407
stats: connect 29 3.667834051724138 10.438453354813259 137.402099609375 1.10400390625 2.869596000339674 230
stats: page 661 23.15381745815998 23.516126881566326 1825.034912109375 0.747802734375 31.448839661236413 6806
stats: 302 44 471
stats: 200 554 6641
stats: size_rcv 3180740 37372398
stats: newphase 1 3
stats: size_sent 490134 5827489
stats: connected 15 114
stats: 204 89 937
stats: max_repeat 16 185
stats: 400 4 49
# stats: dump at 1480503409
stats: users 132 137
stats: {load,"tsung_controller@ip-172-31-15-33"} 1 0.078125 0.0 0.12890625 0.0 0.03145559210526316 19
stats: {freemem,"tsung_controller@ip-172-31-15-33"} 1 3127.015625 0.0 3157.95703125 3127.015625 3140.9031661184213 19
stats: {recvpackets,"tsung_controller@ip-172-31-15-33"} 1 2711.0 0.0 2844 132 1745.388888888889 18
stats: {sentpackets,"tsung_controller@ip-172-31-15-33"} 1 2246.0 0.0 2246 108 1322.6666666666667 18
stats: {cpu,"tsung_controller@ip-172-31-15-33"} 1 5.33596837944664 0.0 5.992141453831041 1.4866204162537164 3.86398438905074 19
stats: session 14 69217.28897530692 18957.51596412415 144327.65502929688 13137.9560546875 57902.3025744208 145
stats: users_count 32 291
stats: finish_users_count 14 159
stats: request 889 24.179961849251267 31.075412856544176 1825.034912109375 0.747802734375 28.316438327750678 8098
stats: connect 32 2.3539199829101563 2.1282201804231913 137.402099609375 1.10400390625 2.958974006093147 259
stats: page 827 25.996748235810912 34.39234301902007 1825.034912109375 0.747802734375 30.71454078936906 7467
stats: 302 54 525
stats: 200 713 7354
stats: size_rcv 3852218 41224616
stats: newphase 0 3
stats: size_sent 641489 6468978
stats: connected 18 132
stats: 204 121 1058
stats: max_repeat 10 195
stats: 400 1 50
# stats: dump at 1480503419
stats: users 156 156
stats: {load,"tsung_controller@ip-172-31-15-33"} 1 0.0703125 0.0 0.12890625 0.0 0.0337890625 20
stats: {freemem,"tsung_controller@ip-172-31-15-33"} 1 3122.76171875 0.0 3157.95703125 3122.76171875 3140.2087890625003 20
stats: {recvpackets,"tsung_controller@ip-172-31-15-33"} 1 3903.0 0.0 3903 132 1796.2105263157894 19
stats: {sentpackets,"tsung_controller@ip-172-31-15-33"} 1 3040.0 0.0 3040 108 1371.2631578947369 19
stats: {cpu,"tsung_controller@ip-172-31-15-33"} 1 6.575073601570167 0.0 6.575073601570167 1.4866204162537164 3.937583588570535 20
stats: session 9 68011.45722113716 27682.98155409284 144327.65502929688 13137.9560546875 58898.59068519065 159
stats: users_count 33 324
stats: finish_users_count 9 168
stats: request 839 24.9171597977503 30.52871622203803 1825.034912109375 0.747802734375 27.90725533126843 8987
stats: connect 32 1.7724609375 0.6692796331166048 137.402099609375 1.10400390625 2.8924388557774914 291
stats: page 759 27.549983852622685 34.85448954169931 1825.034912109375 0.747802734375 30.24412670186091 8294
stats: 302 55 580
stats: 200 689 8043
stats: size_rcv 3736446 44961062
stats: newphase 0 3
stats: size_sent 606274 7075252
stats: connected 22 154
stats: 204 92 1150
stats: max_repeat 14 209
stats: 400 3 53
# stats: dump at 1480503429
stats: users 166 167
stats: {load,"tsung_controller@ip-172-31-15-33"} 1 0.05859375 0.0 0.12890625 0.0 0.03552827380952381 21
stats: {freemem,"tsung_controller@ip-172-31-15-33"} 1 3116.24609375 0.0 3157.95703125 3116.24609375 3139.377976190476 21
stats: {recvpackets,"tsung_controller@ip-172-31-15-33"} 1 3772.0 0.0 3903 132 1901.55 20
stats: {sentpackets,"tsung_controller@ip-172-31-15-33"} 1 2913.0 0.0 3040 108 1454.7 20
stats: {cpu,"tsung_controller@ip-172-31-15-33"} 1 7.254901960784315 0.0 7.254901960784315 1.4866204162537164 4.063178351094327 21
stats: session 22 59496.441550514915 25027.490100246858 144327.65502929688 11389.89892578125 59386.77996390207 168
stats: users_count 32 356
stats: finish_users_count 22 190
stats: request 1145 30.71259488434772 35.10883599404281 1825.034912109375 0.747802734375 27.651943897050874 9826
stats: connect 31 2.035762663810484 0.8645664168062576 137.402099609375 1.10400390625 2.7814812911184212 323
stats: page 1047 33.59261254253227 38.66187457371358 1825.034912109375 0.747802734375 30.01825081292113 9053
stats: 302 58 638
stats: 200 953 8996
stats: size_rcv 5702682 50663744
stats: newphase 0 3
stats: size_sent 825525 7900777
stats: connected 11 165
stats: 204 129 1279
stats: max_repeat 35 244
stats: 400 5 58
# stats: dump at 1480503439
stats: users 186 186
stats: {load,"tsung_controller@ip-172-31-15-33"} 1 0.1796875 0.0 0.1796875 0.0 0.036576704545454544 22
stats: {freemem,"tsung_controller@ip-172-31-15-33"} 1 3111.30078125 0.0 3157.95703125 3111.30078125 3138.3265269886365 22
stats: {recvpackets,"tsung_controller@ip-172-31-15-33"} 1 5155.0 0.0 5155 132 1990.6190476190477 21
stats: {sentpackets,"tsung_controller@ip-172-31-15-33"} 1 3767.0 0.0 3767 108 1524.142857142857 21
stats: {cpu,"tsung_controller@ip-172-31-15-33"} 1 8.69980879541109 0.0 8.69980879541109 1.4866204162537164 4.208256696989326 22
stats: session 25 53669.01997070313 26145.572731352575 144327.65502929688 11389.89892578125 59399.477621299346 190
stats: users_count 45 401
stats: finish_users_count 25 215
stats: request 1232 24.881501036804977 25.638112902585554 1825.034912109375 0.7119140625 27.971371969282654 10971
stats: connect 46 2.0260434358016313 1.1491359899002875 137.402099609375 1.03515625 2.7161782474841103 354
stats: page 1146 26.753460150114538 28.900379175403714 1825.034912109375 0.7119140625 30.388781182317455 10100
stats: 302 72 710
stats: 200 1003 9999
stats: size_rcv 5679264 56343008
stats: newphase 0 3
stats: size_sent 878847 8779624
stats: connected 20 185
stats: 204 144 1423
stats: max_repeat 26 270
stats: 400 13 71
# stats: dump at 1480503449
stats: users 218 218
stats: {load,"tsung_controller@ip-172-31-15-33"} 1 0.1484375 0.0 0.1796875 0.0 0.042798913043478264 23
stats: {freemem,"tsung_controller@ip-172-31-15-33"} 1 3106.6875 0.0 3157.95703125 3106.6875 3137.1514945652175 23
stats: {recvpackets,"tsung_controller@ip-172-31-15-33"} 1 5452.0 0.0 5452 132 2134.4545454545455 22
stats: {sentpackets,"tsung_controller@ip-172-31-15-33"} 1 4212.0 0.0 4212 108 1626.090909090909 22
stats: {cpu,"tsung_controller@ip-172-31-15-33"} 1 10.068426197458455 0.0 10.068426197458455 1.4866204162537164 4.403541570833751 23
stats: session 17 55813.03486902574 22640.48264678577 144327.65502929688 11389.89892578125 58733.14533634629 215
stats: users_count 49 450
stats: finish_users_count 17 232
stats: request 1401 26.167709622869836 32.2286776677037 1825.034912109375 0.7119140625 27.65942236764269 12203
stats: connect 46 1.9976700492527184 1.5046948327869412 137.402099609375 1.03515625 2.636812744140625 400
stats: page 1267 28.941056321527242 36.74692536605945 1825.034912109375 0.7119140625 30.018331431036597 11246
stats: 302 67 777
stats: 200 1160 11159
stats: size_rcv 6501170 62844178
stats: newphase 0 3
stats: size_sent 1015563 9795187
stats: connected 28 213
stats: 204 168 1591
stats: max_repeat 28 298
stats: 400 6 77
# stats: dump at 1480503459
stats: users 255 256
stats: {load,"tsung_controller@ip-172-31-15-33"} 1 0.2109375 0.0 0.2109375 0.0 0.047200520833333336 24
stats: {freemem,"tsung_controller@ip-172-31-15-33"} 1 3098.0859375 0.0 3157.95703125 3098.0859375 3135.8821614583335 24
stats: {recvpackets,"tsung_controller@ip-172-31-15-33"} 1 5845.0 0.0 5845 132 2278.695652173913 23
stats: {sentpackets,"tsung_controller@ip-172-31-15-33"} 1 4437.0 0.0 4437 108 1738.5217391304348 23
stats: {cpu,"tsung_controller@ip-172-31-15-33"} 1 10.37827352085354 0.0 10.37827352085354 1.4866204162537164 4.639578430276447 24
stats: session 21 53004.681849888395 21826.07481775854 144327.65502929688 11389.89892578125 58519.17172451677 232
stats: users_count 58 508
stats: finish_users_count 21 253
stats: request 1484 30.868629476130803 34.83240431628681 1825.034912109375 0.703125 27.505799201263187 13604
stats: connect 62 3.036829794606855 3.780609616356364 137.402099609375 1.03515625 2.5708921971342487 446
stats: page 1343 34.11537725998221 39.30242671964889 1825.034912109375 0.703125 29.90925226826601 12513
stats: 302 87 864
stats: 200 1231 12390
stats: size_rcv 7078730 69922908
stats: newphase 1 4
stats: size_sent 1059342 10854529
stats: connected 39 252
stats: 204 156 1747
stats: max_repeat 35 333
stats: 400 10 87
# stats: dump at 1480503469
stats: users 290 290
stats: {load,"tsung_controller@ip-172-31-15-33"} 1 0.1796875 0.0 0.2109375 0.0 0.05375 25
stats: {freemem,"tsung_controller@ip-172-31-15-33"} 1 3085.91796875 0.0 3157.95703125 3085.91796875 3134.3703125 25
stats: {recvpackets,"tsung_controller@ip-172-31-15-33"} 1 7449.0 0.0 7449 132 2427.2916666666665 24
stats: {sentpackets,"tsung_controller@ip-172-31-15-33"} 1 5147.0 0.0 5147 108 1850.9583333333333 24
stats: {cpu,"tsung_controller@ip-172-31-15-33"} 1 12.280701754385964 0.0 12.280701754385964 1.4866204162537164 4.8691262338995305 25
stats: session 26 58810.01918381911 26070.22163294328 144327.65502929688 11389.89892578125 58061.44726851995 253
stats: users_count 61 569
stats: finish_users_count 26 279
stats: request 1773 39.2703706641286 57.87355783151707 1876.307861328125 0.703125 27.83655477707864 15088
stats: connect 60 3.527001953124999 4.765362818275493 137.402099609375 1.03515625 2.6277585968257875 508
stats: page 1566 44.397320470895195 64.62774371240698 1876.307861328125 0.703125 30.31693311871887 13856
stats: 302 101 965
stats: 200 1485 13875
stats: size_rcv 8892874 78815782
stats: newphase 0 4
stats: size_sent 1284417 12138946
stats: connected 31 283
stats: 204 175 1922
stats: max_repeat 41 374
stats: 400 12 99
# stats: dump at 1480503479
stats: users 324 324
stats: {load,"tsung_controller@ip-172-31-15-33"} 1 0.23046875 0.0 0.23046875 0.0 0.05859375 26
stats: {freemem,"tsung_controller@ip-172-31-15-33"} 1 3077.81640625 0.0 3157.95703125 3077.81640625 3132.5067608173076 26
stats: {recvpackets,"tsung_controller@ip-172-31-15-33"} 1 9142.0 0.0 9142 132 2628.16 25
stats: {sentpackets,"tsung_controller@ip-172-31-15-33"} 1 6153.0 0.0 6153 108 1982.8 25
stats: {cpu,"tsung_controller@ip-172-31-15-33"} 1 13.596914175506269 0.0 13.596914175506269 1.4866204162537164 5.154186830841317 26
stats: session 37 52296.09177707981 25651.385594458658 144327.65502929688 11389.89892578125 58131.20665847614 279
stats: users_count 71 640
stats: finish_users_count 37 316
stats: request 1841 52.834212071606785 93.43663842638166 2097.010986328125 0.703125 29.03886517193894 16861
stats: connect 71 1.7946330325704225 0.6186502761216613 137.402099609375 1.003173828125 2.722749092209507 568
stats: page 1642 59.318463157068365 101.51239032595099 2097.010986328125 0.703125 31.74670141034824 15422
stats: 302 113 1078
stats: 200 1554 15429
stats: size_rcv 9625760 88441542
stats: newphase 0 4
stats: size_sent 1309234 13448180
stats: connected 35 318
stats: 204 157 2079
stats: max_repeat 61 435
stats: 400 17 116
# stats: dump at 1480503489
stats: users 333 340
stats: {load,"tsung_controller@ip-172-31-15-33"} 1 0.26953125 0.0 0.26953125 0.0 0.06495949074074074 27
stats: {freemem,"tsung_controller@ip-172-31-15-33"} 1 3069.5390625 0.0 3157.95703125 3069.5390625 3130.4811921296296 27
stats: {recvpackets,"tsung_controller@ip-172-31-15-33"} 1 9622.0 0.0 9622 132 2878.6923076923076 26
stats: {sentpackets,"tsung_controller@ip-172-31-15-33"} 1 6233.0 0.0 6233 108 2143.1923076923076 26
stats: {cpu,"tsung_controller@ip-172-31-15-33"} 1 14.559386973180077 0.0 14.559386973180077 1.4866204162537164 5.466880436199278 27
stats: session 49 55908.12778519611 27896.594139352834 144327.65502929688 11389.89892578125 57447.98118185695 316
stats: users_count 58 698
stats: finish_users_count 49 365
stats: request 1968 44.11782018149775 62.08737825094769 2097.010986328125 0.636962890625 31.38124746486422 18702
stats: connect 59 2.1302014367055073 1.9142350333190254 137.402099609375 1.003173828125 2.619625085582942 639
stats: page 1774 48.94941417259724 69.1648161951318 2097.010986328125 0.636962890625 34.39982100646372 17064
stats: 302 124 1202
stats: 200 1643 17072
stats: size_rcv 9989666 98431208
stats: newphase 0 4
stats: size_sent 1415749 14863929
stats: connected 14 332
stats: 204 181 2260
stats: max_repeat 57 492
stats: 400 20 136
# stats: dump at 1480503499
stats: users 346 347
stats: {load,"tsung_controller@ip-172-31-15-33"} 1 0.30078125 0.0 0.30078125 0.0 0.072265625 28
stats: {freemem,"tsung_controller@ip-172-31-15-33"} 1 3069.2421875 0.0 3157.95703125 3069.2421875 3128.3046875 28
stats: {recvpackets,"tsung_controller@ip-172-31-15-33"} 1 8685.0 0.0 9622 132 3128.4444444444443 27
stats: {sentpackets,"tsung_controller@ip-172-31-15-33"} 1 6331.0 0.0 6331 108 2294.6666666666665 27
stats: {cpu,"tsung_controller@ip-172-31-15-33"} 1 15.10164569215876 0.0 15.10164569215876 1.4866204162537164 5.791612812520021 28
stats: session 35 60809.80815429687 32187.021866563213 149731.208984375 11389.89892578125 57241.26113682577 365
stats: users_count 48 746
stats: finish_users_count 35 400
stats: request 1905 31.122145797449225 51.46176937108781 2097.010986328125 0.636962890625 32.59390228374834 20670
stats: connect 48 1.8145904541015625 0.7860241736401785 137.402099609375 1.003173828125 2.5782554648325573 698
stats: page 1746 33.96200033670696 55.95580554393149 2097.010986328125 0.636962890625 35.7699759208241 18838
stats: 302 112 1314
stats: 200 1585 18657
stats: size_rcv 9080259 107511467
stats: newphase 0 4
stats: size_sent 1373994 16237923
stats: connected 14 346
stats: 204 197 2457
stats: max_repeat 54 546
stats: 400 11 147
# stats: dump at 1480503509
stats: users 373 375
stats: {load,"tsung_controller@ip-172-31-15-33"} 1 0.328125 0.0 0.328125 0.0 0.08014547413793104 29
stats: {freemem,"tsung_controller@ip-172-31-15-33"} 1 3064.05078125 0.0 3157.95703125 3064.05078125 3126.2680495689656 29
stats: {recvpackets,"tsung_controller@ip-172-31-15-33"} 1 8276.0 0.0 9622 132 3326.8928571428573 28
stats: {sentpackets,"tsung_controller@ip-172-31-15-33"} 1 6150.0 0.0 6331 108 2438.8214285714284 28
stats: {cpu,"tsung_controller@ip-172-31-15-33"} 1 15.421002838221382 0.0 15.421002838221382 1.4866204162537164 6.112648429059288 29
stats: session 31 63450.58979649698 28901.544754324677 149731.208984375 11389.89892578125 57553.509000854494 400
stats: users_count 58 804
stats: finish_users_count 31 431
stats: request 2058 31.988379712934254 33.526710431348846 2097.010986328125 0.636962890625 32.469707550353 22575
stats: connect 56 1.8616463797433036 0.7717306505141983 137.402099609375 1.003173828125 2.529118842158177 746
stats: page 1895 34.74542316849432 38.50634912448044 2097.010986328125 0.636962890625 35.616617712027534 20584
stats: 302 100 1414
stats: 200 1734 20391
stats: size_rcv 10150067 117661534
stats: newphase 0 4
stats: size_sent 1477163 17715086
stats: connected 25 371
stats: 204 210 2667
stats: max_repeat 57 603
stats: 400 13 160
stats: 500 1 1
# stats: dump at 1480503519
stats: users 426 426
stats: {load,"tsung_controller@ip-172-31-15-33"} 1 0.28125 0.0 0.328125 0.0 0.08841145833333333 30
stats: {freemem,"tsung_controller@ip-172-31-15-33"} 1 3060.8125 0.0 3157.95703125 3060.8125 3124.194140625 30
stats: {recvpackets,"tsung_controller@ip-172-31-15-33"} 1 10206.0 0.0 10206 132 3497.551724137931 29
stats: {sentpackets,"tsung_controller@ip-172-31-15-33"} 1 7234.0 0.0 7234 108 2566.793103448276 29
stats: {cpu,"tsung_controller@ip-172-31-15-33"} 1 15.234375 0.0 15.421002838221382 1.4866204162537164 6.422926909364691 30
stats: session 32 60061.75295257568 27680.793256659646 149731.208984375 11389.89892578125 57977.66098383574 431
stats: users_count 85 889
stats: finish_users_count 32 463
stats: request 2272 31.852355742118746 33.537343929448966 2097.010986328125 0.636962890625 32.42949431244419 24633
stats: connect 84 1.9464198521205358 1.3602976757577032 137.402099609375 0.9599609375 2.4825122861790834 802
stats: page 2070 34.966393512228244 39.20221754936272 2097.010986328125 0.636962890625 35.54317522526231 22479
stats: 302 131 1545
stats: 200 1895 22286
stats: size_rcv 10845880 128507414
stats: newphase 1 5
stats: size_sent 1627643 19342729
stats: connected 50 421
stats: 204 232 2899
stats: max_repeat 46 649
stats: 400 12 172
stats: 500 0 1
stats: 404 2 2
# stats: dump at 1480503529
stats: users 501 501
stats: {load,"tsung_controller@ip-172-31-15-33"} 1 0.30859375 0.0 0.328125 0.0 0.0946320564516129 31
stats: {freemem,"tsung_controller@ip-172-31-15-33"} 1 3050.0859375 0.0 3157.95703125 3050.0859375 3122.1495715725805 31
stats: {recvpackets,"tsung_controller@ip-172-31-15-33"} 1 11201.0 0.0 11201 132 3721.1666666666665 30
stats: {sentpackets,"tsung_controller@ip-172-31-15-33"} 1 8244.0 0.0 8244 108 2722.366666666667 30
stats: {cpu,"tsung_controller@ip-172-31-15-33"} 1 17.234664070107108 0.0 17.234664070107108 1.4866204162537164 6.7071671703529265 31
stats: session 33 67495.33007072678 27446.19296076686 149731.208984375 11389.89892578125 58121.701897441955 463
stats: users_count 108 997
stats: finish_users_count 33 496
stats: request 2685 75.86703319585088 96.27016396091001 2291.152099609375 0.636962890625 32.38075768981719 26905
stats: connect 108 1.9149418583622686 1.0146585011579627 137.402099609375 0.9599609375 2.4316863669229685 886
stats: page 2422 83.62119535765918 115.33891833496217 2291.152099609375 0.636962890625 35.49454032583746 24549
stats: 302 173 1718
stats: 200 2233 24519
stats: size_rcv 13157812 141665226
stats: newphase 0 5
stats: size_sent 1942207 21284936
stats: connected 75 496
stats: 204 270 3169
stats: max_repeat 74 723
stats: 400 8 180
stats: 500 0 1
stats: 404 1 3
# stats: dump at 1480503539
stats: users 559 560
stats: {load,"tsung_controller@ip-172-31-15-33"} 1 0.3515625 0.0 0.3515625 0.0 0.101318359375 32
stats: {freemem,"tsung_controller@ip-172-31-15-33"} 1 3031.8515625 0.0 3157.95703125 3031.8515625 3119.8975830078125 32
stats: {recvpackets,"tsung_controller@ip-172-31-15-33"} 1 13671.0 0.0 13671 132 3962.451612903226 31
stats: {sentpackets,"tsung_controller@ip-172-31-15-33"} 1 9393.0 0.0 9393 108 2900.483870967742 31
stats: {cpu,"tsung_controller@ip-172-31-15-33"} 1 19.848053181386515 0.0 19.848053181386515 1.4866204162537164 7.036151448470244 32
stats: session 46 65577.97504988963 30298.61384129174 149731.208984375 11389.89892578125 58745.35054606776 496
stats: users_count 104 1101
stats: finish_users_count 46 542
stats: request 2713 195.6561364336644 201.08701625535755 2783.64794921875 0.636962890625 36.32670732596793 29590
stats: connect 106 2.0447583468455197 1.538651991252123 137.402099609375 0.9599609375 2.375541088326836 994
stats: page 2444 213.70427917380584 226.8600540703047 2783.64794921875 0.636962890625 39.81632144211317 26971
stats: 302 159 1877
stats: 200 2282 26801
stats: size_rcv 13246716 154911942
stats: newphase 0 5
stats: size_sent 1985081 23270017
stats: connected 58 554
stats: 204 254 3423
stats: max_repeat 74 797
stats: 400 18 198
stats: 500 0 1
stats: 404 0 3
# stats: dump at 1480503549
stats: users 627 627
stats: {load,"tsung_controller@ip-172-31-15-33"} 1 0.2890625 0.0 0.3515625 0.0 0.10890151515151515 33
stats: {freemem,"tsung_controller@ip-172-31-15-33"} 1 3018.02734375 0.0 3157.95703125 3018.02734375 3117.229521780303 33
stats: {recvpackets,"tsung_controller@ip-172-31-15-33"} 1 14626.0 0.0 14626 132 4265.84375 32
stats: {sentpackets,"tsung_controller@ip-172-31-15-33"} 1 9355.0 0.0 9393 108 3103.375 32
stats: {cpu,"tsung_controller@ip-172-31-15-33"} 1 19.46564885496183 0.0 19.848053181386515 1.4866204162537164 7.424390894922253 33
stats: session 48 65236.79212443035 24264.244819643212 149731.208984375 11389.89892578125 59325.24118661353 542
stats: users_count 116 1217
stats: finish_users_count 48 590
stats: request 2743 450.27343910208924 259.6880014497806 2936.212890625 0.636962890625 49.70814995263358 32303
stats: connect 113 1.8997727115597343 0.9179048545467183 137.402099609375 0.9599609375 2.3436656605113635 1100
stats: page 2442 507.85401910255405 347.64946722651047 2936.212890625 0.636962890625 54.26412591929342 29415
stats: 302 169 2046
stats: 200 2297 29098
stats: size_rcv 13952775 168864717
stats: newphase 0 5
stats: size_sent 1975642 25245659
stats: connected 69 623
stats: 204 264 3687
stats: max_repeat 82 879
stats: 400 9 207
stats: 503 4 4
stats: 500 0 1
stats: 404 0 3
# stats: dump at 1480503559
stats: users 684 685
stats: {load,"tsung_controller@ip-172-31-15-33"} 1 0.25 0.0 0.3515625 0.0 0.11420036764705882 34
stats: {freemem,"tsung_controller@ip-172-31-15-33"} 1 3003.4921875 0.0 3157.95703125 3003.4921875 3114.311810661765 34
stats: {recvpackets,"tsung_controller@ip-172-31-15-33"} 1 15065.0 0.0 15065 132 4579.787878787879 33
stats: {sentpackets,"tsung_controller@ip-172-31-15-33"} 1 9676.0 0.0 9676 108 3292.818181818182 33
stats: {cpu,"tsung_controller@ip-172-31-15-33"} 1 19.533527696793 0.0 19.848053181386515 1.4866204162537164 7.778545540805769 34
stats: session 51 73378.47116268383 29289.99931313332 149731.208984375 11389.89892578125 59806.18092392745 590
stats: users_count 108 1325
stats: finish_users_count 51 641
stats: request 2858 543.1069393171288 201.54014187373616 2936.212890625 0.636962890625 81.05981884885445 35046
stats: connect 111 1.9017894847972974 1.1793954629881491 137.402099609375 0.9599609375 2.302313720501855 1213
stats: page 2590 597.0487311285913 288.4197828445177 2936.212890625 0.636962890625 89.0340828880451 31857
stats: 302 171 2217
stats: 200 2342 31440
stats: size_rcv 14239884 183104601
stats: newphase 0 5
stats: size_sent 2075832 27321491
stats: connected 55 678
stats: 204 271 3958
stats: max_repeat 81 960
stats: 400 21 228
stats: 503 48 52
stats: 500 1 2
stats: 404 4 7
# stats: dump at 1480503569
stats: users 714 717
stats: {load,"tsung_controller@ip-172-31-15-33"} 1 0.2109375 0.0 0.3515625 0.0 0.11808035714285714 35
stats: {freemem,"tsung_controller@ip-172-31-15-33"} 1 2993.82421875 0.0 3157.95703125 2993.82421875 3111.145535714286 35
stats: {recvpackets,"tsung_controller@ip-172-31-15-33"} 1 15947.0 0.0 15947 132 4888.176470588235 34
stats: {sentpackets,"tsung_controller@ip-172-31-15-33"} 1 10464.0 0.0 10464 108 3480.5588235294117 34
stats: {cpu,"tsung_controller@ip-172-31-15-33"} 1 21.78502879078695 0.0 21.78502879078695 1.4866204162537164 8.114402173833975 35
stats: session 64 69653.23886108401 29204.48587130059 161260.95703125 11389.89892578125 60886.03552950713 641
stats: users_count 94 1419
stats: finish_users_count 64 705
stats: request 2986 540.8965750487978 159.2497261138698 2936.212890625 0.636962890625 115.89863982548826 37904
stats: connect 94 2.046308801529255 1.4704932415128755 137.402099609375 0.9599609375 2.268735027025113 1324
stats: page 2704 594.2187209270404 250.31242688625457 2936.212890625 0.636962890625 127.23067298131926 34447
stats: 302 158 2375
stats: 200 2459 33899
stats: size_rcv 15148665 198253266
stats: newphase 0 5
stats: size_sent 2168454 29489945
stats: connected 33 711
stats: 204 268 4226
stats: max_repeat 83 1043
stats: 400 21 249
stats: 503 75 127
stats: 500 1 3
stats: 404 4 11
# stats: dump at 1480503579
stats: users 764 764
stats: {load,"tsung_controller@ip-172-31-15-33"} 1 0.328125 0.0 0.3515625 0.0 0.12065972222222222 36
stats: {freemem,"tsung_controller@ip-172-31-15-33"} 1 2977.44921875 0.0 3157.95703125 2977.44921875 3107.8866102430557 36
stats: {recvpackets,"tsung_controller@ip-172-31-15-33"} 1 17583.0 0.0 17583 132 5204.142857142857 35
stats: {sentpackets,"tsung_controller@ip-172-31-15-33"} 1 12733.0 0.0 12733 108 3680.0857142857144 35
stats: {cpu,"tsung_controller@ip-172-31-15-33"} 1 23.084200567644274 0.0 23.084200567644274 1.4866204162537164 8.49414180208267 36
stats: session 69 73723.88719287819 29754.65613295962 161260.95703125 11389.89892578125 61681.92349152262 705
stats: users_count 119 1538
stats: finish_users_count 69 774
stats: request 3127 517.7275488999535 243.44327573910033 2936.212890625 0.636962890625 146.9341945962587 40890
stats: connect 117 1.9052233573717947 2.1199116015419355 137.402099609375 0.9599609375 2.253990270186883 1418
stats: page 2825 575.941583586837 339.9029088768638 2936.212890625 0.636962890625 161.2199513761197 37151
stats: 302 161 2536
stats: 200 2528 36427
stats: size_rcv 15485893 213739159
stats: newphase 1 6
stats: size_sent 2205454 31695399
stats: connected 49 760
stats: 204 271 4497
stats: max_repeat 119 1162
stats: 400 25 274
stats: 503 134 261
stats: 500 7 10
stats: 404 1 12
# stats: dump at 1480503589
stats: users 845 845
stats: {load,"tsung_controller@ip-172-31-15-33"} 1 0.3515625 0.0 0.3515625 0.0 0.12626689189189189 37
stats: {freemem,"tsung_controller@ip-172-31-15-33"} 1 2970.21875 0.0 3157.95703125 2970.21875 3104.361275337838 37
stats: {recvpackets,"tsung_controller@ip-172-31-15-33"} 1 17118.0 0.0 17583 132 5548.0 36
stats: {sentpackets,"tsung_controller@ip-172-31-15-33"} 1 11417.0 0.0 12733 108 3931.5555555555557 36
stats: {cpu,"tsung_controller@ip-172-31-15-33"} 1 24.78551000953289 0.0 24.78551000953289 1.4866204162537164 8.888467714665415 37
stats: session 63 67911.38870675217 31276.605373580835 161260.95703125 3145.6220703125 62755.43188350392 774
stats: users_count 144 1682
stats: finish_users_count 63 837
stats: request 3598 560.9076191688529 317.48440075728956 2936.212890625 0.636962890625 173.275626745375 44017
stats: connect 144 1.9797210693359366 1.2396363683845826 137.402099609375 0.942138671875 2.227406733509772 1535
stats: page 3223 622.9245143396797 405.47687378502894 2936.212890625 0.636962890625 190.5272510307944 39976
stats: 302 183 2719
stats: 200 2384 38811
stats: size_rcv 15057775 228796934
stats: newphase 0 6
stats: size_sent 2554687 34250086
stats: connected 78 838
stats: 204 220 4717
stats: max_repeat 96 1258
stats: 400 27 301
stats: 503 768 1029
stats: 500 9 19
stats: 404 7 19
# stats: dump at 1480503599
stats: users 908 909
stats: {load,"tsung_controller@ip-172-31-15-33"} 1 0.30078125 0.0 0.3515625 0.0 0.13219572368421054 38
stats: {freemem,"tsung_controller@ip-172-31-15-33"} 1 2954.74609375 0.0 3157.95703125 2954.74609375 3100.8312088815787 38
stats: {recvpackets,"tsung_controller@ip-172-31-15-33"} 1 16988.0 0.0 17583 132 5860.7027027027025 37
stats: {sentpackets,"tsung_controller@ip-172-31-15-33"} 1 12029.0 0.0 12733 108 4133.864864864865 37
stats: {cpu,"tsung_controller@ip-172-31-15-33"} 1 24.613899613899616 0.0 24.78551000953289 1.4866204162537164 9.306810932951402 38
stats: session 86 63266.598465320676 34262.061379796854 162514.0400390625 3145.6220703125 63143.51465514626 837
stats: users_count 149 1831
stats: finish_users_count 86 923
stats: request 3854 533.597094042412 314.54070159249886 2936.212890625 0.636962890625 202.5668145798741 47615
stats: connect 147 1.918362364477041 1.1137437563593768 137.402099609375 0.942138671875 2.2061638891732427 1679
stats: page 3446 597.8899034177962 405.4119759267999 2936.212890625 0.636962890625 222.7876362166676 43199
stats: 302 196 2915
stats: 200 2446 41257
stats: size_rcv 15378571 244175505
stats: newphase 0 6
stats: size_sent 2703794 36953880
stats: connected 60 898
stats: 204 236 4953
stats: max_repeat 144 1402
stats: 400 31 332
stats: 503 901 1930
stats: 500 25 44
stats: 404 19 38
# stats: dump at 1480503609
stats: users 981 983
stats: {load,"tsung_controller@ip-172-31-15-33"} 1 0.328125 0.0 0.3515625 0.0 0.1365184294871795 39
stats: {freemem,"tsung_controller@ip-172-31-15-33"} 1 2939.51953125 0.0 3157.95703125 2939.51953125 3097.085436698718 39
stats: {recvpackets,"tsung_controller@ip-172-31-15-33"} 1 17470.0 0.0 17583 132 6153.526315789473 38
stats: {sentpackets,"tsung_controller@ip-172-31-15-33"} 1 12895.0 0.0 12895 108 4341.631578947368 38
stats: {cpu,"tsung_controller@ip-172-31-15-33"} 1 28.13397129186603 0.0 28.13397129186603 1.4866204162537164 9.699300386309048 39
stats: session 88 76134.8532104492 35437.591536699576 170310.39794921875 3145.6220703125 63154.982919149516 923
stats: users_count 161 1992
stats: finish_users_count 88 1011
stats: request 4006 516.6683748181425 345.78038330768385 2975.615966796875 0.636962890625 227.35437013853308 51469
stats: connect 164 2.833542242282775 3.4924651643045346 137.402099609375 0.942138671875 2.182994763143483 1826
stats: page 3570 580.1898119501674 424.5397516204723 2975.615966796875 0.636962890625 250.49912539610997 46645
stats: 302 192 3107
stats: 200 2332 43589
stats: size_rcv 14887768 259063273
stats: newphase 0 6
stats: size_sent 2799406 39753286
stats: connected 80 978
stats: 204 220 5173
stats: max_repeat 128 1530
stats: 400 25 357
stats: 503 1140 3070
stats: 500 65 109
stats: 404 32 70
# stats: dump at 1480503619
stats: users 1049 1051
stats: {load,"tsung_controller@ip-172-31-15-33"} 1 0.28125 0.0 0.3515625 0.0 0.14130859375 40
stats: {freemem,"tsung_controller@ip-172-31-15-33"} 1 2937.703125 0.0 3157.95703125 2937.703125 3093.1462890625 40
stats: {recvpackets,"tsung_controller@ip-172-31-15-33"} 1 17024.0 0.0 17583 132 6443.692307692308 39
stats: {sentpackets,"tsung_controller@ip-172-31-15-33"} 1 14056.0 0.0 14056 108 4560.948717948718 39
stats: {cpu,"tsung_controller@ip-172-31-15-33"} 1 28.031037827352083 0.0 28.13397129186603 1.4866204162537164 10.160167158947973 40
stats: session 93 67211.63511214718 31762.262032163537 170310.39794921875 3145.6220703125 64284.783696235936 1011
stats: users_count 161 2153
stats: finish_users_count 93 1104
stats: request 4252 488.8460723216647 409.6378089712564 3076.570068359375 0.636962890625 248.24651800237294 55475
stats: connect 162 1.8425745081018523 0.8739254929697441 137.402099609375 0.942138671875 2.236607721223304 1990
stats: page 3754 553.8131511934149 499.9026147372721 3076.570068359375 0.636962890625 273.9382521709379 50215
stats: 302 187 3294
stats: 200 2099 45688
stats: size_rcv 13792910 272856183
stats: newphase 0 6
stats: size_sent 2956041 42709327
stats: connected 63 1041
stats: 204 175 5348
stats: max_repeat 157 1687
stats: 400 42 399
stats: 503 1632 4702
stats: 500 91 200
stats: 404 26 96
# stats: dump at 1480503629
stats: users 1106 1107
stats: {load,"tsung_controller@ip-172-31-15-33"} 1 0.30859375 0.0 0.3515625 0.0 0.1447217987804878 41
stats: {freemem,"tsung_controller@ip-172-31-15-33"} 1 2936.95703125 0.0 3157.95703125 2936.95703125 3089.354992378049 41
stats: {recvpackets,"tsung_controller@ip-172-31-15-33"} 1 17417.0 0.0 17583 132 6708.2 40
stats: {sentpackets,"tsung_controller@ip-172-31-15-33"} 1 14653.0 0.0 14653 108 4798.325 40
stats: {cpu,"tsung_controller@ip-172-31-15-33"} 1 30.977734753146173 0.0 30.977734753146173 1.4866204162537164 10.596042053299291 41
stats: session 104 70600.9213632437 36849.02222507335 170310.39794921875 3145.6220703125 64531.33911442411 1104
stats: users_count 161 2314
stats: finish_users_count 104 1208
stats: request 4378 475.0290620471852 317.31950588559795 3076.570068359375 0.636962890625 265.37494074193177 59727
stats: connect 162 1.9072898582175926 1.0535151532867189 137.402099609375 0.942138671875 2.206945369677916 2152
stats: page 3860 538.709539889794 396.46683523093816 3076.570068359375 0.636962890625 293.4059164028188 53969
stats: 302 212 3506
stats: 200 2494 48182
stats: size_rcv 15550395 288406578
stats: newphase 0 6
stats: size_sent 3048802 45758129
stats: connected 61 1102
stats: 204 213 5561
stats: max_repeat 161 1848
stats: 400 36 435
stats: 503 1258 5960
stats: 500 121 321
stats: 404 44 140
# stats: dump at 1480503639
stats: users 1177 1180
stats: {load,"tsung_controller@ip-172-31-15-33"} 1 0.26953125 0.0 0.3515625 0.0 0.14862351190476192 42
stats: {freemem,"tsung_controller@ip-172-31-15-33"} 1 2926.3203125 0.0 3157.95703125 2926.3203125 3085.7264694940477 42
stats: {recvpackets,"tsung_controller@ip-172-31-15-33"} 1 18735.0 0.0 18735 132 6969.390243902439 41
stats: {sentpackets,"tsung_controller@ip-172-31-15-33"} 1 15494.0 0.0 15494 108 5038.682926829269 41
stats: {cpu,"tsung_controller@ip-172-31-15-33"} 1 30.16022620169651 0.0 30.977734753146173 1.4866204162537164 11.081320450914694 42
stats: session 118 75399.09813418628 41603.821351740895 180298.56298828125 3145.6220703125 65053.88593054765 1208
stats: users_count 189 2503
stats: finish_users_count 118 1326
stats: request 4930 429.309539510174 385.45077504869164 3172.828857421875 0.636962890625 279.6931022437554 64105
stats: connect 189 1.9515581080522486 1.4022821317056784 137.402099609375 0.942138671875 2.185966893940417 2314
stats: page 4398 481.14623479422465 461.6430620552563 3172.828857421875 0.636962890625 309.77956952944595 57829
stats: 302 208 3714
stats: 200 2270 50452
stats: size_rcv 14920394 303326972
stats: newphase 1 7
stats: size_sent 3403252 49161381
stats: connected 65 1167
stats: 204 190 5751
stats: max_repeat 196 2044
stats: 400 35 470
stats: 503 2063 8023
stats: 500 121 442
stats: 404 43 183
# stats: dump at 1480503649
stats: users 1242 1242
stats: {load,"tsung_controller@ip-172-31-15-33"} 1 0.30078125 0.0 0.3515625 0.0 0.15143531976744187 43
stats: {freemem,"tsung_controller@ip-172-31-15-33"} 1 2920.828125 0.0 3157.95703125 2920.828125 3082.0193495639537 43
stats: {recvpackets,"tsung_controller@ip-172-31-15-33"} 1 18596.0 0.0 18735 132 7249.523809523809 42
stats: {sentpackets,"tsung_controller@ip-172-31-15-33"} 1 15594.0 0.0 15594 108 5287.619047619048 42
stats: {cpu,"tsung_controller@ip-172-31-15-33"} 1 32.93135435992579 0.0 32.93135435992579 1.4866204162537164 11.525015933491016 43
stats: session 140 70257.86042480466 35187.58687665437 182791.5087890625 3145.6220703125 65974.50059120328 1326
stats: users_count 205 2708
stats: finish_users_count 140 1466
stats: request 4680 429.56789602948083 371.50711035045373 3172.828857421875 0.636962890625 290.3776685611805 69035
stats: connect 197 1.9776109414657361 1.0395856436873872 137.402099609375 0.942138671875 2.168266829804235 2503
stats: page 4186 481.0234060638325 444.0184056231103 3172.828857421875 0.636962890625 321.8912026442433 62227
stats: 302 229 3943
stats: 200 2178 52630
stats: size_rcv 14571344 317898316
stats: newphase 0 7
stats: size_sent 3185095 52346476
stats: connected 63 1230
stats: 204 165 5916
stats: max_repeat 179 2223
stats: 400 48 518
stats: 503 1861 9884
stats: 500 151 593
stats: 404 48 231
# stats: dump at 1480503659
stats: users 1317 1319
stats: {load,"tsung_controller@ip-172-31-15-33"} 1 0.41015625 0.0 0.41015625 0.0 0.15482954545454547 44
stats: {freemem,"tsung_controller@ip-172-31-15-33"} 1 2917.70703125 0.0 3157.95703125 2917.70703125 3078.3559126420455 44
stats: {recvpackets,"tsung_controller@ip-172-31-15-33"} 1 18602.0 0.0 18735 132 7513.395348837209 43
stats: {sentpackets,"tsung_controller@ip-172-31-15-33"} 1 15853.0 0.0 15853 108 5527.302325581395 43
stats: {cpu,"tsung_controller@ip-172-31-15-33"} 1 32.53358925143954 0.0 32.93135435992579 1.4866204162537164 12.011523625000898 44
stats: session 139 69433.62130978813 33593.67791571088 182791.5087890625 3145.6220703125 66383.5526899101 1466
stats: users_count 214 2922
stats: finish_users_count 139 1605
stats: request 5003 417.994962690355 365.02127896808463 3172.828857421875 0.636962890625 299.2145438857636 73715
stats: connect 211 2.0379320479117284 1.4118395450434347 137.402099609375 0.942138671875 2.1543560112847224 2700
stats: page 4422 473.59903010692295 440.95947959272746 3172.828857421875 0.636962890625 331.92127813419864 66413
stats: 302 201 4144
stats: 200 2255 54885
stats: size_rcv 15229490 333127806
stats: newphase 0 7
stats: size_sent 3398587 55745063
stats: connected 72 1302
stats: 204 171 6087
stats: max_repeat 209 2432
stats: 400 41 559
stats: 503 2087 11971
stats: 500 200 793
stats: 404 48 279
# stats: dump at 1480503669
stats: users 1366 1372
stats: {load,"tsung_controller@ip-172-31-15-33"} 1 0.421875 0.0 0.421875 0.0 0.16050347222222225 45
stats: {freemem,"tsung_controller@ip-172-31-15-33"} 1 2905.4609375 0.0 3157.95703125 2905.4609375 3074.7859375 45
stats: {recvpackets,"tsung_controller@ip-172-31-15-33"} 1 18964.0 0.0 18964 132 7765.409090909091 44
stats: {sentpackets,"tsung_controller@ip-172-31-15-33"} 1 16485.0 0.0 16485 108 5761.977272727273 44
stats: {cpu,"tsung_controller@ip-172-31-15-33"} 1 33.70681605975724 0.0 33.70681605975724 1.4866204162537164 12.467569527810646 45
stats: session 149 69808.01519570577 34344.56624358111 182791.5087890625 3145.6220703125 66647.7019348715 1605
stats: users_count 198 3120
stats: finish_users_count 149 1754
stats: request 5336 397.57884767638154 407.03245983764225 3269.237060546875 0.636962890625 306.7637503605136 78718
stats: connect 202 2.341586575649753 2.795914235178617 137.402099609375 0.942138671875 2.1459171736785043 2911
stats: page 4731 446.9648547933512 480.70979216369864 3269.237060546875 0.636962890625 340.7657620647892 70835
stats: 302 226 4370
stats: 200 2074 56959
stats: size_rcv 14702643 347830449
stats: newphase 0 7
stats: size_sent 3596266 59341329
stats: connected 54 1356
stats: 204 153 6240
stats: max_repeat 227 2659
stats: 400 52 611
stats: 503 2567 14538
stats: 500 216 1009
stats: 404 48 327
# stats: dump at 1480503679
stats: users 1423 1423
stats: {load,"tsung_controller@ip-172-31-15-33"} 1 0.4296875 0.0 0.4296875 0.0 0.16618546195652176 46
stats: {freemem,"tsung_controller@ip-172-31-15-33"} 1 2899.20703125 0.0 3157.95703125 2899.20703125 3071.1049592391305 46
stats: {recvpackets,"tsung_controller@ip-172-31-15-33"} 1 18803.0 0.0 18964 132 8014.266666666666 45
stats: {sentpackets,"tsung_controller@ip-172-31-15-33"} 1 16806.0 0.0 16806 108 6000.266666666666 45
stats: {cpu,"tsung_controller@ip-172-31-15-33"} 1 34.372049102927285 0.0 34.372049102927285 1.4866204162537164 12.929292278505136 46
stats: session 143 71621.40649243335 36246.13226431945 196066.03491210938 3145.6220703125 66916.16640229698 1754
stats: users_count 200 3320
stats: finish_users_count 143 1897
stats: request 5441 387.56035065611604 350.6468543216412 3269.237060546875 0.636962890625 312.528965094821 84054
stats: connect 197 2.101726086611676 2.0964762170208697 137.402099609375 0.942138671875 2.158613999633593 3113
stats: page 4869 433.83344700488743 416.67653327734394 3269.237060546875 0.636962890625 347.4146240886998 75566
stats: 302 229 4599
stats: 200 2305 59264
stats: size_rcv 15414933 363245382
stats: newphase 0 7
stats: size_sent 3656486 62997815
stats: connected 51 1407
stats: 204 152 6392
stats: max_repeat 237 2896
stats: 400 44 655
stats: 503 2315 16853
stats: 500 321 1330
stats: 404 76 403
# stats: dump at 1480503689
stats: users 1447 1455
stats: {load,"tsung_controller@ip-172-31-15-33"} 1 0.37109375 0.0 0.4296875 0.0 0.17179188829787234 47
stats: {freemem,"tsung_controller@ip-172-31-15-33"} 1 2888.15234375 0.0 3157.95703125 2888.15234375 3067.4475565159573 47
stats: {recvpackets,"tsung_controller@ip-172-31-15-33"} 1 20064.0 0.0 20064 132 8248.804347826086 46
stats: {sentpackets,"tsung_controller@ip-172-31-15-33"} 1 17383.0 0.0 17383 108 6235.173913043478 46
stats: {cpu,"tsung_controller@ip-172-31-15-33"} 1 35.586854460093896 0.0 35.586854460093896 1.4866204162537164 13.385521147109863 47
stats: session 182 71279.22968803655 37232.641723235734 196066.03491210938 3145.6220703125 67270.85766897569 1897
stats: users_count 206 3526
stats: finish_users_count 182 2079
stats: request 5587 376.3771869092038 356.38057727635965 3269.237060546875 0.636962890625 317.09062517459085 89495
stats: connect 210 2.0869756789434533 1.4875889505799467 137.402099609375 0.942138671875 2.155228223541352 3310
stats: page 4995 421.441972147929 420.1651388879715 3269.237060546875 0.636962890625 352.645844935084 80435
stats: 302 209 4808
stats: 200 2291 61555
stats: size_rcv 15412304 378657686
stats: newphase 0 7
stats: size_sent 3734510 66732325
stats: connected 38 1445
stats: 204 163 6555
stats: max_repeat 262 3158
stats: 400 43 698
stats: 503 2513 19366
stats: 500 301 1631
stats: 404 66 469
# stats: dump at 1480503699
stats: users 1432 1455
stats: {load,"tsung_controller@ip-172-31-15-33"} 1 0.30859375 0.0 0.4296875 0.0 0.17594401041666666 48
stats: {freemem,"tsung_controller@ip-172-31-15-33"} 1 2886.98828125 0.0 3157.95703125 2886.98828125 3063.7122395833335 48
stats: {recvpackets,"tsung_controller@ip-172-31-15-33"} 1 18813.0 0.0 20064 132 8500.191489361701 47
stats: {sentpackets,"tsung_controller@ip-172-31-15-33"} 1 16873.0 0.0 17383 108 6472.36170212766 47
stats: {cpu,"tsung_controller@ip-172-31-15-33"} 1 35.63218390804598 0.0 35.63218390804598 1.4866204162537164 13.848048924463697 48
stats: session 213 68150.99924694655 35092.91023578819 196066.03491210938 3145.6220703125 67621.75892316957 2079
stats: users_count 198 3724
stats: finish_users_count 213 2292
stats: request 5539 378.38591792114755 397.70889473722417 3360.06982421875 0.636962890625 320.57429211903127 95082
stats: connect 191 2.1729218647742146 2.112354005563877 137.402099609375 0.942138671875 2.1511563387784087 3520
stats: page 4919 426.69661420281966 468.109452978257 3360.06982421875 0.636962890625 356.6682803257917 85430
stats: 302 211 5019
stats: 200 2087 63642
stats: size_rcv 14663589 393321275
stats: newphase 1 8
stats: size_sent 3692212 70424537
stats: connected -29 1416
stats: 204 117 6672
stats: max_repeat 275 3433
stats: 400 64 762
stats: 503 2744 22110
stats: 500 264 1895
stats: 404 52 521
# stats: dump at 1480503709
stats: users 1485 1486
stats: {load,"tsung_controller@ip-172-31-15-33"} 1 0.33984375 0.0 0.4296875 0.0 0.1786511479591837 49
stats: {freemem,"tsung_controller@ip-172-31-15-33"} 1 2885.95703125 0.0 3157.95703125 2885.95703125 3060.1056281887754 49
stats: {recvpackets,"tsung_controller@ip-172-31-15-33"} 1 19384.0 0.0 20064 132 8715.041666666666 48
stats: {sentpackets,"tsung_controller@ip-172-31-15-33"} 1 17349.0 0.0 17383 108 6689.041666666667 48
stats: {cpu,"tsung_controller@ip-172-31-15-33"} 1 36.49025069637883 0.0 36.49025069637883 1.4866204162537164 14.29262310780211 49
stats: session 187 70530.20373992104 35481.10332499793 196066.03491210938 3145.6220703125 67670.9422516881 2292
stats: users_count 240 3964
stats: finish_users_count 187 2479
stats: request 5351 398.1412473738122 366.583790884457 3360.06982421875 0.636962890625 323.75671522472413 100621
stats: connect 249 2.1190210058985945 1.8276124928062045 137.402099609375 0.942138671875 2.152276580078651 3711
stats: page 4735 449.8728644527129 440.24680232512185 3360.06982421875 0.636962890625 360.4809331978888 90349
stats: 302 231 5250
stats: 200 2233 65875
stats: size_rcv 15169014 408490289
stats: newphase 0 8
stats: size_sent 3530453 73954990
stats: connected 60 1476
stats: 204 141 6813
stats: max_repeat 295 3728
stats: 400 55 817
stats: 503 2314 24424
stats: 500 322 2217
stats: 404 55 576
# stats: dump at 1480503719
stats: users 1517 1522
stats: {load,"tsung_controller@ip-172-31-15-33"} 1 0.28125 0.0 0.4296875 0.0 0.181875 50
stats: {freemem,"tsung_controller@ip-172-31-15-33"} 1 2885.49609375 0.0 3157.95703125 2885.49609375 3056.62265625 50
stats: {recvpackets,"tsung_controller@ip-172-31-15-33"} 1 19591.0 0.0 20064 132 8932.775510204081 49
stats: {sentpackets,"tsung_controller@ip-172-31-15-33"} 1 17452.0 0.0 17452 108 6906.591836734694 49
stats: {cpu,"tsung_controller@ip-172-31-15-33"} 1 35.70759137769447 0.0 36.49025069637883 1.4866204162537164 14.736575659573644 50
stats: session 185 71385.26467483112 33235.38150962593 196066.03491210938 3145.6220703125 67886.62676088519 2479
stats: users_count 217 4181
stats: finish_users_count 185 2664
stats: request 5597 374.3543848825263 371.0239342035086 3360.06982421875 0.636962890625 327.51272276945076 105972
stats: connect 215 1.9755155341569766 1.2801518395471956 137.402099609375 0.942138671875 2.1501855098839964 3960
stats: page 4932 423.11571488453893 435.47911659306357 3360.06982421875 0.636962890625 364.9324791413871 95084
stats: 302 280 5530
stats: 200 2149 68024
stats: size_rcv 15181058 423671347
stats: newphase 0 8
stats: size_sent 3755515 77710505
stats: connected 31 1507
stats: 204 141 6954
stats: max_repeat 246 3974
stats: 400 41 858
stats: 503 2658 27082
stats: 500 272 2489
stats: 404 56 632
# stats: dump at 1480503729
stats: users 1599 1604
stats: {load,"tsung_controller@ip-172-31-15-33"} 1 0.390625 0.0 0.4296875 0.0 0.18382352941176472 51
stats: {freemem,"tsung_controller@ip-172-31-15-33"} 1 2885.2109375 0.0 3157.95703125 2885.2109375 3053.2672334558824 51
stats: {recvpackets,"tsung_controller@ip-172-31-15-33"} 1 19383.0 0.0 20064 132 9145.939999999999 50
stats: {sentpackets,"tsung_controller@ip-172-31-15-33"} 1 17981.0 0.0 17981 108 7117.5 50
stats: {cpu,"tsung_controller@ip-172-31-15-33"} 1 37.81990521327015 0.0 37.81990521327015 1.4866204162537164 15.147772046203464 51
stats: session 191 70828.00857048639 36005.49882273929 196066.03491210938 3145.6220703125 68129.58772713144 2664
stats: users_count 273 4454
stats: finish_users_count 191 2855
stats: request 5955 361.31119873661805 401.3567443414167 3360.06982421875 0.636962890625 329.86259399574914 111569
stats: connect 272 2.340691061580884 2.497482882641405 137.402099609375 0.942138671875 2.1411905290980537 4175
stats: page 5231 412.8736764320438 475.68694737512726 3360.06982421875 0.636962890625 367.8016172661394 100016
stats: 302 211 5741
stats: 200 2037 70061
stats: size_rcv 14475524 438146871
stats: newphase 0 8
stats: size_sent 3918967 81629472
stats: connected 83 1590
stats: 204 124 7078
stats: max_repeat 319 4293
stats: 400 55 913
stats: 503 3175 30257
stats: 500 304 2793
stats: 404 49 681
# stats: dump at 1480503739
stats: users 1612 1627
stats: {load,"tsung_controller@ip-172-31-15-33"} 1 0.46875 0.0 0.46875 0.0 0.18780048076923078 52
stats: {freemem,"tsung_controller@ip-172-31-15-33"} 1 2884.0078125 0.0 3157.95703125 2884.0078125 3050.035381610577 52
stats: {recvpackets,"tsung_controller@ip-172-31-15-33"} 1 19481.0 0.0 20064 132 9346.666666666666 51
stats: {sentpackets,"tsung_controller@ip-172-31-15-33"} 1 18274.0 0.0 18274 108 7330.509803921569 51
stats: {cpu,"tsung_controller@ip-172-31-15-33"} 1 38.76040703052729 0.0 38.76040703052729 1.4866204162537164 15.583774607108593 52
stats: session 221 73858.10383599046 37976.48707684419 196066.03491210938 3145.6220703125 68310.11255412997 2855
stats: users_count 234 4688
stats: finish_users_count 221 3076
stats: request 6295 336.3313373011188 413.09320701527105 3360.06982421875 0.636962890625 331.456110564551 117524
stats: connect 236 1.8563035867981992 1.042483271991692 137.402099609375 0.942138671875 2.1533929452966887 4447
stats: page 5539 381.0182882881609 481.74486087548974 3360.06982421875 0.636962890625 370.04179457757675 105247
stats: 302 234 5975
stats: 200 1948 72009
stats: size_rcv 14466407 452613278
stats: newphase 0 8
stats: size_sent 4155366 85784838
stats: connected 7 1597
stats: 204 104 7182
stats: max_repeat 328 4621
stats: 400 64 977
stats: 503 3653 33910
stats: 500 249 3042
stats: 404 43 724
# stats: dump at 1480503749
stats: users 1647 1651
stats: {load,"tsung_controller@ip-172-31-15-33"} 1 0.46875 0.0 0.46875 0.0 0.19310141509433962 53
stats: {freemem,"tsung_controller@ip-172-31-15-33"} 1 2883.73828125 0.0 3157.95703125 2883.73828125 3046.9027859669814 53
stats: {recvpackets,"tsung_controller@ip-172-31-15-33"} 1 19562.0 0.0 20064 132 9541.557692307691 52
stats: {sentpackets,"tsung_controller@ip-172-31-15-33"} 1 18380.0 0.0 18380 108 7540.961538461538 52
stats: {cpu,"tsung_controller@ip-172-31-15-33"} 1 38.353601496725915 0.0 38.76040703052729 1.4866204162537164 16.021069558493853 53
stats: session 224 69693.73635537285 37986.15628576394 196066.03491210938 3145.6220703125 68708.71660916612 3076
stats: users_count 259 4947
stats: finish_users_count 224 3300
stats: request 6249 340.9085416947963 397.71085338470346 3360.06982421875 0.636962890625 331.7039687471135 123819
stats: connect 258 2.013677552688952 1.298966333607838 137.402099609375 0.942138671875 2.1384211134355646 4683
stats: page 5524 385.9705609895446 466.81929963793164 3360.06982421875 0.636962890625 370.590589539602 110786
stats: 302 260 6235
stats: 200 1981 73990
stats: size_rcv 14485021 467098299
stats: newphase 0 8
stats: size_sent 4081615 89866453
stats: connected 35 1632
stats: 204 113 7295
stats: max_repeat 328 4949
stats: 400 73 1050
stats: 503 3464 37374
stats: 500 297 3339
stats: 404 61 785
# stats: dump at 1480503759
stats: users 1515 1651
stats: {load,"tsung_controller@ip-172-31-15-33"} 1 0.48046875 0.0 0.48046875 0.0 0.19820601851851852 54
stats: {freemem,"tsung_controller@ip-172-31-15-33"} 1 2882.71484375 0.0 3157.95703125 2882.71484375 3043.881221064815 54
stats: {recvpackets,"tsung_controller@ip-172-31-15-33"} 1 19277.0 0.0 20064 132 9730.622641509433 53
stats: {sentpackets,"tsung_controller@ip-172-31-15-33"} 1 17612.0 0.0 18380 108 7745.471698113208 53
stats: {cpu,"tsung_controller@ip-172-31-15-33"} 1 38.19702602230483 0.0 38.76040703052729 1.4866204162537164 16.434634964757407 54
stats: session 200 73067.78510742185 34849.22626379565 196066.03491210938 3145.6220703125 68775.5785555753 3300
stats: users_count 68 5015
stats: finish_users_count 200 3500
stats: request 5723 368.76360532609533 371.68988291754647 3360.06982421875 0.636962890625 332.14619417035414 130068
stats: connect 74 2.426183752111487 3.3550189505492463 137.402099609375 0.942138671875 2.131907484884133 4941
stats: page 5025 420.04360113495045 439.4229144711958 3360.06982421875 0.636962890625 371.3210423148533 116310
stats: 302 205 6440
stats: 200 2194 76184
stats: size_rcv 15136669 482234968
stats: newphase 0 8
stats: size_sent 3873240 93739693
stats: connected -128 1504
stats: 204 117 7412
stats: max_repeat 319 5268
stats: 400 54 1104
stats: 503 2727 40101
stats: 500 353 3692
stats: 404 73 858
# stats: dump at 1480503769
stats: users 1303 1651
stats: {load,"tsung_controller@ip-172-31-15-33"} 1 0.48046875 0.0 0.48046875 0.0 0.20333806818181818 55
stats: {freemem,"tsung_controller@ip-172-31-15-33"} 1 2882.9921875 0.0 3157.95703125 2882.71484375 3040.9509232954547 55
stats: {recvpackets,"tsung_controller@ip-172-31-15-33"} 1 17701.0 0.0 20064 132 9907.407407407407 54
stats: {sentpackets,"tsung_controller@ip-172-31-15-33"} 1 15444.0 0.0 18380 108 7928.185185185185 54
stats: {cpu,"tsung_controller@ip-172-31-15-33"} 1 32.863849765258216 0.0 38.76040703052729 1.4866204162537164 16.83031480216736 55
stats: session 212 70261.769654472 34617.152338139414 221405.11791992188 3145.6220703125 69020.8475013951 3500
stats: users_count 0 5015
stats: finish_users_count 212 3712
stats: request 4797 433.45838158126134 388.36690576824793 3360.06982421875 0.636962890625 333.6894587758457 135791
stats: connect 0 0 0 137.402099609375 0.942138671875 2.1362497468531902 5015
stats: page 4382 476.10251371243504 446.50473595911683 3360.06982421875 0.636962890625 373.33885134003964 121335
stats: 302 120 6560
stats: 200 2120 78304
stats: size_rcv 14309339 496544307
stats: newphase 0 8
stats: size_sent 3241267 96980960
stats: connected -207 1297
stats: 204 144 7556
stats: max_repeat 327 5595
stats: 400 54 1158
stats: 503 1909 42010
stats: 500 351 4043
stats: 404 99 957
# stats: dump at 1480503779
stats: users 1131 1651
stats: {load,"tsung_controller@ip-172-31-15-33"} 1 0.41015625 0.0 0.48046875 0.0 0.20828683035714285 56
stats: {freemem,"tsung_controller@ip-172-31-15-33"} 1 2883.5859375 0.0 3157.95703125 2882.71484375 3038.1302315848216 56
stats: {recvpackets,"tsung_controller@ip-172-31-15-33"} 1 18305.0 0.0 20064 132 10049.10909090909 55
stats: {sentpackets,"tsung_controller@ip-172-31-15-33"} 1 14594.0 0.0 18380 108 8064.836363636364 55
stats: {cpu,"tsung_controller@ip-172-31-15-33"} 1 29.35606060606061 0.0 38.76040703052729 1.4866204162537164 17.11662792650827 56
stats: session 172 75382.45264665471 36553.979268175586 221405.11791992188 3145.6220703125 69091.71913298247 3712
stats: users_count 0 5015
stats: finish_users_count 172 3884
stats: request 3934 432.73769932152 180.76098435592917 3360.06982421875 0.636962890625 337.0936719568966 140588
stats: connect 0 0 0 137.402099609375 0.942138671875 2.1362497468531902 5015
stats: page 3774 452.6288019694793 218.23412384128613 3360.06982421875 0.636962890625 376.92078829777677 125717
stats: 302 126 6686
stats: 200 2712 81016
stats: size_rcv 16700705 513245012
stats: newphase 0 8
stats: size_sent 2611003 99591963
stats: connected -168 1129
stats: 204 256 7812
stats: max_repeat 241 5836
stats: 400 46 1204
stats: 503 236 42246
stats: 500 435 4478
stats: 404 123 1080
# stats: dump at 1480503789
stats: users 942 1651
stats: {load,"tsung_controller@ip-172-31-15-33"} 1 0.4296875 0.0 0.48046875 0.0 0.21182839912280702 57
stats: {freemem,"tsung_controller@ip-172-31-15-33"} 1 2884.2890625 0.0 3157.95703125 2882.71484375 3035.4189281798244 57
stats: {recvpackets,"tsung_controller@ip-172-31-15-33"} 1 18206.0 0.0 20064 132 10196.535714285714 56
stats: {sentpackets,"tsung_controller@ip-172-31-15-33"} 1 14415.0 0.0 18380 108 8181.428571428572 56
stats: {cpu,"tsung_controller@ip-172-31-15-33"} 1 30.340264650283554 0.0 38.76040703052729 1.4866204162537164 17.33135481562322 57
stats: session 189 76917.63466228505 34688.49913530778 222494.833984375 3145.6220703125 69370.29950485467 3884
stats: users_count 0 5015
stats: finish_users_count 189 4073
stats: request 3914 244.71103168813156 158.08954455547897 3360.06982421875 0.636962890625 339.6971759469634 144522
stats: connect 0 0 0 137.402099609375 0.942138671875 2.1362497468531902 5015
stats: page 3877 247.44870017944456 163.50242105383995 3360.06982421875 0.636962890625 379.12728947235263 129491
stats: 302 69 6755
stats: 200 2819 83835
stats: size_rcv 16480860 529725872
stats: newphase 0 8
stats: size_sent 2558709 102150672
stats: connected -194 935
stats: 204 400 8212
stats: max_repeat 250 6086
stats: 400 44 1248
stats: 503 9 42255
stats: 500 370 4848
stats: 404 203 1283
# stats: dump at 1480503799
stats: users 773 1651
stats: {load,"tsung_controller@ip-172-31-15-33"} 1 0.4296875 0.0 0.48046875 0.0 0.21558459051724138 58
stats: {freemem,"tsung_controller@ip-172-31-15-33"} 1 2884.33203125 0.0 3157.95703125 2882.71484375 3032.813240840517 58
stats: {recvpackets,"tsung_controller@ip-172-31-15-33"} 1 13447.0 0.0 20064 132 10337.052631578947 57
stats: {sentpackets,"tsung_controller@ip-172-31-15-33"} 1 12334.0 0.0 18380 108 8290.78947368421 57
stats: {cpu,"tsung_controller@ip-172-31-15-33"} 1 27.1523178807947 0.0 38.76040703052729 1.4866204162537164 17.555646364496674 58
stats: session 169 82487.5650584204 32471.667675945686 222494.833984375 3145.6220703125 69720.51957476734 4073
stats: users_count 0 5015
stats: finish_users_count 169 4242
stats: request 3571 29.944423721471598 48.440858195324076 3360.06982421875 0.636962890625 337.1925559853027 148436
stats: connect 0 0 0 137.402099609375 0.942138671875 2.1362497468531902 5015
stats: page 3568 29.969662927191315 48.4797624471654 3360.06982421875 0.636962890625 375.2994005433096 133368
stats: 302 16 6771
stats: 200 2629 86464
stats: size_rcv 13687376 543413248
stats: newphase 0 8
stats: size_sent 2446508 104597180
stats: connected -164 771
stats: 204 465 8677
stats: max_repeat 171 6257
stats: 400 15 1263
stats: 503 0 42255
stats: 500 235 5083
stats: 404 211 1494
# stats: dump at 1480503809
stats: users 633 1651
stats: {load,"tsung_controller@ip-172-31-15-33"} 1 0.44921875 0.0 0.48046875 0.0 0.2192134533898305 59
stats: {freemem,"tsung_controller@ip-172-31-15-33"} 1 2885.0390625 0.0 3157.95703125 2882.71484375 3030.2966101694915 59
stats: {recvpackets,"tsung_controller@ip-172-31-15-33"} 1 10915.0 0.0 20064 132 10390.672413793103 58
stats: {sentpackets,"tsung_controller@ip-172-31-15-33"} 1 10771.0 0.0 18380 108 8360.499999999998 58
stats: {cpu,"tsung_controller@ip-172-31-15-33"} 1 23.66412213740458 0.0 38.76040703052729 1.4866204162537164 17.718301813925454 59
stats: session 140 91846.12521275111 28445.08311725091 222494.833984375 3145.6220703125 70229.15481445084 4242
stats: users_count 0 5015
stats: finish_users_count 140 4382
stats: request 3227 21.166300543993952 16.01619010668721 3360.06982421875 0.636962890625 329.9745786532447 152007
stats: connect 0 0 0 137.402099609375 0.942138671875 2.1362497468531902 5015
stats: page 3227 21.166300543993952 16.01619010668721 3360.06982421875 0.636962890625 366.30150003639903 136936
stats: 302 0 6771
stats: 200 2417 88881
stats: size_rcv 12209197 555622445
stats: newphase 0 8
stats: size_sent 2265073 106862253
stats: connected -138 633
stats: 204 475 9152
stats: max_repeat 131 6388
stats: 400 4 1267
stats: 503 0 42255
stats: 500 143 5226
stats: 404 189 1683
# stats: dump at 1480503819
stats: users 483 1651
stats: {load,"tsung_controller@ip-172-31-15-33"} 1 0.44921875 0.0 0.48046875 0.0 0.223046875 60
stats: {freemem,"tsung_controller@ip-172-31-15-33"} 1 2885.5078125 0.0 3157.95703125 2882.71484375 3027.8756510416665 60
stats: {recvpackets,"tsung_controller@ip-172-31-15-33"} 1 9774.0 0.0 20064 132 10399.559322033898 59
stats: {sentpackets,"tsung_controller@ip-172-31-15-33"} 1 9536.0 0.0 18380 108 8401.355932203387 59
stats: {cpu,"tsung_controller@ip-172-31-15-33"} 1 22.519083969465647 0.0 38.76040703052729 1.4866204162537164 17.81739881931677 60
stats: session 150 97726.76403971354 27152.530652008623 222494.833984375 3145.6220703125 70919.79284634542 4382
stats: users_count 0 5015
stats: finish_users_count 150 4532
stats: request 2882 21.960298176857414 16.98386508625502 3360.06982421875 0.636962890625 323.55508090495147 155234
stats: connect 0 0 0 137.402099609375 0.942138671875 2.1362497468531902 5015
stats: page 2882 21.960298176857414 16.98386508625502 3360.06982421875 0.636962890625 358.3553852360452 140163
stats: 302 0 6771
stats: 200 2203 91084
stats: size_rcv 11174559 566797004
stats: newphase 0 8
stats: size_sent 2051552 108913805
stats: connected -150 483
stats: 204 449 9601
stats: max_repeat 105 6493
stats: 400 0 1267
stats: 503 0 42255
stats: 500 55 5281
stats: 404 174 1857
# stats: dump at 1480503829
stats: users 377 1651
stats: {load,"tsung_controller@ip-172-31-15-33"} 0 0 0 0.48046875 0.0 0.2267546106557377 61
stats: {freemem,"tsung_controller@ip-172-31-15-33"} 0 0 0 3157.95703125 2882.71484375 3025.54175204918 61
stats: {recvpackets,"tsung_controller@ip-172-31-15-33"} 0 0 0 20064 132 10389.133333333333 60
stats: {sentpackets,"tsung_controller@ip-172-31-15-33"} 0 0 0 18380 108 8420.266666666665 60
stats: {cpu,"tsung_controller@ip-172-31-15-33"} 0 0 0 38.76040703052729 1.4866204162537164 17.894475625056913 61
stats: session 106 103739.29772949219 24602.953881777725 222494.833984375 3145.6220703125 71807.04917445777 4532
stats: users_count 0 5015
stats: finish_users_count 106 4638
stats: request 2378 21.389256046638444 16.129236737755825 3360.06982421875 0.636962890625 318.05787528488537 158116
stats: connect 0 0 0 137.402099609375 0.942138671875 2.1362497468531902 5015
stats: page 2378 21.389256046638444 16.129236737755825 3360.06982421875 0.636962890625 351.57786319120214 143045
stats: 302 0 6771
stats: 200 1792 92876
stats: size_rcv 8825483 575622487
stats: newphase 0 8
stats: size_sent 1705625 110619430
stats: connected -105 378
stats: 204 391 9992
stats: max_repeat 67 6560
stats: 400 0 1267
stats: 503 0 42255
stats: 500 34 5315
stats: 404 161 2018
# stats: dump at 1480503839
stats: users 258 1651
stats: {load,"tsung_controller@ip-172-31-15-33"} 1 0.37890625 0.0 0.48046875 0.0 0.2267546106557377 61
stats: {freemem,"tsung_controller@ip-172-31-15-33"} 1 2895.91796875 0.0 3157.95703125 2882.71484375 3025.54175204918 61
stats: {recvpackets,"tsung_controller@ip-172-31-15-33"} 1 7805.0 0.0 20064 132 10389.133333333333 60
stats: {sentpackets,"tsung_controller@ip-172-31-15-33"} 1 7548.0 0.0 18380 108 8420.266666666665 60
stats: {cpu,"tsung_controller@ip-172-31-15-33"} 1 16.71525753158406 0.0 38.76040703052729 1.4866204162537164 17.894475625056913 61
stats: session 119 110855.14491079636 22305.48399982397 222494.833984375 3145.6220703125 72536.85045665564 4638
stats: users_count 0 5015
stats: finish_users_count 119 4757
stats: request 1892 20.23291209182573 15.540677622120343 3360.06982421875 0.636962890625 313.6622095494152 160494
stats: connect 0 0 0 137.402099609375 0.942138671875 2.1362497468531902 5015
stats: page 1892 20.23291209182573 15.540677622120343 3360.06982421875 0.636962890625 346.178521217857 145423
stats: 302 0 6771
stats: 200 1438 94314
stats: size_rcv 7168404 582790891
stats: newphase 0 8
stats: size_sent 1359221 111978651
stats: connected -120 258
stats: 204 309 10301
stats: max_repeat 64 6624
stats: 400 0 1267
stats: 503 0 42255
stats: 500 24 5339
stats: 404 121 2139
# stats: dump at 1480503849
stats: users 170 1651
stats: {load,"tsung_controller@ip-172-31-15-33"} 1 0.3203125 0.0 0.48046875 0.0 0.22920866935483872 62
stats: {freemem,"tsung_controller@ip-172-31-15-33"} 1 2900.828125 0.0 3157.95703125 2882.71484375 3023.4510458669356 62
stats: {recvpackets,"tsung_controller@ip-172-31-15-33"} 1 6177.0 0.0 20064 132 10346.77049180328 61
stats: {sentpackets,"tsung_controller@ip-172-31-15-33"} 1 5952.0 0.0 18380 108 8405.967213114753 61
stats: {cpu,"tsung_controller@ip-172-31-15-33"} 1 12.941176470588237 0.0 38.76040703052729 1.4866204162537164 17.875455978387997 62
stats: session 88 118591.11733731357 20430.032310630413 222494.833984375 3145.6220703125 73495.41195340628 4757
stats: users_count 0 5015
stats: finish_users_count 88 4845
stats: request 1171 20.582748035199636 15.684634513164141 3360.06982421875 0.636962890625 310.24339123509156 162386
stats: connect 0 0 0 137.402099609375 0.942138671875 2.1362497468531902 5015
stats: page 1171 20.582748035199636 15.684634513164141 3360.06982421875 0.636962890625 341.9923277381268 147315
stats: 302 0 6771
stats: 200 918 95232
stats: size_rcv 4457054 587247945
stats: newphase 0 8
stats: size_sent 848870 112827521
stats: connected -85 173
stats: 204 186 10487
stats: max_repeat 33 6657
stats: 400 0 1267
stats: 503 0 42255
stats: 500 2 5341
stats: 404 65 2204
# stats: dump at 1480503859
stats: users 100 1651
stats: {load,"tsung_controller@ip-172-31-15-33"} 1 0.26953125 0.0 0.48046875 0.0 0.23065476190476192 63
stats: {freemem,"tsung_controller@ip-172-31-15-33"} 1 2914.66015625 0.0 3157.95703125 2882.71484375 3021.5046502976193 63
stats: {recvpackets,"tsung_controller@ip-172-31-15-33"} 1 4112.0 0.0 20064 132 10279.516129032258 62
stats: {sentpackets,"tsung_controller@ip-172-31-15-33"} 1 3891.0 0.0 18380 108 8366.387096774191 62
stats: {cpu,"tsung_controller@ip-172-31-15-33"} 1 9.815354713313896 0.0 38.76040703052729 1.4866204162537164 17.797134081438795 63
stats: session 70 126934.96318708148 18063.762792886355 222494.833984375 3145.6220703125 74314.48771682914 4845
stats: users_count 0 5015
stats: finish_users_count 70 4915
stats: request 942 20.343759848560254 15.105639488176541 3360.06982421875 0.636962890625 308.16954167079854 163557
stats: connect 0 0 0 137.402099609375 0.942138671875 2.1362497468531902 5015
stats: page 942 20.343759848560254 15.105639488176541 3360.06982421875 0.636962890625 339.4576064995445 148486
stats: 302 0 6771
stats: 200 716 95948
stats: size_rcv 3714803 590962748
stats: newphase 0 8
stats: size_sent 683601 113511122
stats: connected -70 103
stats: 204 164 10651
stats: max_repeat 25 6682
stats: 400 0 1267
stats: 503 0 42255
stats: 500 2 5343
stats: 404 60 2264
# stats: dump at 1480503869
stats: users 70 1651
stats: {load,"tsung_controller@ip-172-31-15-33"} 1 0.23046875 0.0 0.48046875 0.0 0.23126220703125 64
stats: {freemem,"tsung_controller@ip-172-31-15-33"} 1 2915.390625 0.0 3157.95703125 2882.71484375 3019.835205078125 64
stats: {recvpackets,"tsung_controller@ip-172-31-15-33"} 1 3104.0 0.0 20064 132 10181.619047619048 63
stats: {sentpackets,"tsung_controller@ip-172-31-15-33"} 1 2858.0 0.0 18380 108 8295.349206349205 63
stats: {cpu,"tsung_controller@ip-172-31-15-33"} 1 7.02439024390244 0.0 38.76040703052729 1.4866204162537164 17.672418778811842 64
stats: session 30 130230.71333007813 17900.248425343667 222494.833984375 3145.6220703125 75063.91463095277 4915
stats: users_count 0 5015
stats: finish_users_count 30 4945
stats: request 514 19.443585466318087 14.206435891178073 3360.06982421875 0.636962890625 306.52131349630173 164499
stats: connect 0 0 0 137.402099609375 0.942138671875 2.1362497468531902 5015
stats: page 514 19.443585466318087 14.206435891178073 3360.06982421875 0.636962890625 337.4459002360248 149428
stats: 302 0 6771
stats: 200 395 96343
stats: size_rcv 1940768 592903516
stats: newphase 0 8
stats: size_sent 374915 113886037
stats: connected -32 71
stats: 204 84 10735
stats: max_repeat 9 6691
stats: 400 0 1267
stats: 503 0 42255
stats: 500 1 5344
stats: 404 34 2298
# stats: dump at 1480503879
stats: users 41 1651
stats: {load,"tsung_controller@ip-172-31-15-33"} 1 0.19921875 0.0 0.48046875 0.0 0.23125 65
stats: {freemem,"tsung_controller@ip-172-31-15-33"} 1 2916.30859375 0.0 3157.95703125 2882.71484375 3018.2283653846152 65
stats: {recvpackets,"tsung_controller@ip-172-31-15-33"} 1 1665.0 0.0 20064 132 10071.03125 64
stats: {sentpackets,"tsung_controller@ip-172-31-15-33"} 1 1548.0 0.0 18380 108 8210.390624999998 64
stats: {cpu,"tsung_controller@ip-172-31-15-33"} 1 4.715127701375246 0.0 38.76040703052729 1.4866204162537164 17.50860295519785 65
stats: session 29 140728.3818191002 12906.93317512361 222494.833984375 3145.6220703125 75398.59692841966 4945
stats: users_count 0 5015
stats: finish_users_count 29 4974
stats: request 346 42.334002720827336 134.27359327982848 3360.06982421875 0.636962890625 305.6270933305729 165013
stats: connect 0 0 0 137.402099609375 0.942138671875 2.1362497468531902 5015
stats: page 346 42.334002720827336 134.27359327982848 3360.06982421875 0.636962890625 336.35579079509677 149942
stats: 302 0 6771
stats: 200 274 96617
stats: size_rcv 1417098 594320614
stats: newphase 0 8
stats: size_sent 252081 114138118
stats: connected -30 41
stats: 204 54 10789
stats: max_repeat 7 6698
stats: 400 0 1267
stats: 503 0 42255
stats: 500 0 5344
stats: 404 18 2316
# stats: dump at 1480503889
stats: users 20 1651
stats: {load,"tsung_controller@ip-172-31-15-33"} 1 0.171875 0.0 0.48046875 0.0 0.23076467803030304 66
stats: {freemem,"tsung_controller@ip-172-31-15-33"} 1 2946.94140625 0.0 3157.95703125 2882.71484375 3016.6841264204545 66
stats: {recvpackets,"tsung_controller@ip-172-31-15-33"} 1 1253.0 0.0 20064 132 9941.707692307693 65
stats: {sentpackets,"tsung_controller@ip-172-31-15-33"} 1 1079.0 0.0 18380 108 8107.892307692306 65
stats: {cpu,"tsung_controller@ip-172-31-15-33"} 1 3.251231527093596 0.0 38.76040703052729 1.4866204162537164 17.31476242104902 66
stats: session 21 146334.2110653832 13229.809673227835 222494.833984375 3145.6220703125 75779.49032645539 4974
stats: users_count 0 5015
stats: finish_users_count 21 4995
stats: request 208 19.458869347205518 14.80358987120236 3360.06982421875 0.636962890625 305.0761743642574 165359
stats: connect 0 0 0 137.402099609375 0.942138671875 2.1362497468531902 5015
stats: page 208 19.458869347205518 14.80358987120236 3360.06982421875 0.636962890625 335.67888020560395 150288
stats: 302 0 6771
stats: 200 163 96780
stats: size_rcv 833279 595153893
stats: newphase 0 8
stats: size_sent 152333 114290451
stats: connected -20 21
stats: 204 33 10822
stats: max_repeat 1 6699
stats: 400 0 1267
stats: 503 0 42255
stats: 500 0 5344
stats: 404 12 2328
# stats: dump at 1480503899
stats: users 6 1651
stats: {load,"tsung_controller@ip-172-31-15-33"} 1 0.140625 0.0 0.48046875 0.0 0.2298857276119403 67
stats: {freemem,"tsung_controller@ip-172-31-15-33"} 1 2976.71484375 0.0 3157.95703125 2882.71484375 3015.6431902985073 67
stats: {recvpackets,"tsung_controller@ip-172-31-15-33"} 1 623.0 0.0 20064 132 9810.060606060606 66
stats: {sentpackets,"tsung_controller@ip-172-31-15-33"} 1 597.0 0.0 18380 108 8001.393939393937 66
stats: {cpu,"tsung_controller@ip-172-31-15-33"} 1 2.665350444225074 0.0 38.76040703052729 1.4866204162537164 17.10485897487058 67
stats: session 14 158658.26445661273 7594.238164279415 222494.833984375 3145.6220703125 76076.11678001245 4995
stats: users_count 0 5015
stats: finish_users_count 14 5009
stats: request 87 17.488730244252874 11.661769518469693 3360.06982421875 0.636962890625 304.71735648724353 165567
stats: connect 0 0 0 137.402099609375 0.942138671875 2.1362497468531902 5015
stats: page 87 17.488730244252874 11.661769518469693 3360.06982421875 0.636962890625 335.2418336245749 150496
stats: 302 0 6771
stats: 200 68 96848
stats: size_rcv 263627 595417520
stats: newphase 0 8
stats: size_sent 63682 114354133
stats: connected -15 6
stats: 204 12 10834
stats: max_repeat 0 6699
stats: 400 0 1267
stats: 503 0 42255
stats: 500 0 5344
stats: 404 7 2335
# stats: dump at 1480503909
stats: users 4 1651
stats: {load,"tsung_controller@ip-172-31-15-33"} 1 0.12109375 0.0 0.48046875 0.0 0.22857306985294118 68
stats: {freemem,"tsung_controller@ip-172-31-15-33"} 1 2998.1953125 0.0 3157.95703125 2882.71484375 3015.0707146139707 68
stats: {recvpackets,"tsung_controller@ip-172-31-15-33"} 1 167.0 0.0 20064 132 9672.940298507463 67
stats: {sentpackets,"tsung_controller@ip-172-31-15-33"} 1 194.0 0.0 18380 108 7890.880597014923 67
stats: {cpu,"tsung_controller@ip-172-31-15-33"} 1 0.9910802775024776 0.0 38.76040703052729 0.9910802775024776 16.892513261184618 68
stats: session 2 159847.08947753906 2985.1224365234375 222494.833984375 3145.6220703125 76306.93132732178 5009
stats: users_count 0 5015
stats: finish_users_count 2 5011
stats: request 32 22.649139404296875 17.716468536509318 3360.06982421875 0.636962890625 304.5665065803102 165654
stats: connect 0 0 0 137.402099609375 0.942138671875 2.1362497468531902 5015
stats: page 32 22.649139404296875 17.716468536509318 3360.06982421875 0.636962890625 335.05825035160194 150583
stats: 302 0 6771
stats: 200 24 96872
stats: size_rcv 171255 595588775
stats: newphase 0 8
stats: size_sent 23411 114377544
stats: connected -2 4
stats: 204 6 10840
stats: max_repeat 0 6699
stats: 400 0 1267
stats: 503 0 42255
stats: 500 0 5344
stats: 404 2 2337
# stats: dump at 1480503919
stats: users 3 1651
stats: {load,"tsung_controller@ip-172-31-15-33"} 1 0.1015625 0.0 0.48046875 0.0 0.22701539855072464 69
stats: {freemem,"tsung_controller@ip-172-31-15-33"} 1 3005.0546875 0.0 3157.95703125 2882.71484375 3014.8261435688405 69
stats: {recvpackets,"tsung_controller@ip-172-31-15-33"} 1 138.0 0.0 20064 132 9533.14705882353 68
stats: {sentpackets,"tsung_controller@ip-172-31-15-33"} 1 107.0 0.0 18380 107 7777.6911764705865 68
stats: {cpu,"tsung_controller@ip-172-31-15-33"} 1 0.8893280632411068 0.0 38.76040703052729 0.8893280632411068 16.66205771069647 69
stats: session 1 169428.90795898438 0.0 222494.833984375 3145.6220703125 76340.27403662141 5011
stats: users_count 0 5015
stats: finish_users_count 1 5012
stats: request 4 14.5582275390625 1.0264998984445968 3360.06982421875 0.636962890625 304.51205807078236 165686
stats: connect 0 0 0 137.402099609375 0.942138671875 2.1362497468531902 5015
stats: page 4 14.5582275390625 1.0264998984445968 3360.06982421875 0.636962890625 334.99187521266947 150615
stats: 302 0 6771
stats: 200 4 96876
stats: size_rcv 3488 595592263
stats: newphase 0 8
stats: size_sent 2934 114380478
stats: connected -1 3
stats: 204 0 10840
stats: max_repeat 0 6699
stats: 400 0 1267
stats: 503 0 42255
stats: 500 0 5344
stats: 404 0 2337
# stats: dump at 1480503929
stats: users 2 1651
stats: {load,"tsung_controller@ip-172-31-15-33"} 1 0.08984375 0.0 0.48046875 0.0 0.2252232142857143 70
stats: {freemem,"tsung_controller@ip-172-31-15-33"} 1 3015.29296875 0.0 3157.95703125 2882.71484375 3014.686551339286 70
stats: {recvpackets,"tsung_controller@ip-172-31-15-33"} 1 5.0 0.0 20064 5 9396.985507246376 69
stats: {sentpackets,"tsung_controller@ip-172-31-15-33"} 1 10.0 0.0 18380 10 7666.521739130433 69
stats: {cpu,"tsung_controller@ip-172-31-15-33"} 1 0.9861932938856016 0.0 38.76040703052729 0.8893280632411068 16.436733001447106 70
stats: session 1 179757.19897460938 0.0 222494.833984375 3145.6220703125 76358.84718784296 5012
stats: users_count 0 5015
stats: finish_users_count 1 5013
stats: request 19 23.341385690789473 17.207233064292186 3360.06982421875 0.636962890625 304.50505815936873 165690
stats: connect 0 0 0 137.402099609375 0.942138671875 2.1362497468531902 5015
stats: page 19 23.341385690789473 17.207233064292186 3360.06982421875 0.636962890625 334.98336543242465 150619
stats: 302 0 6771
stats: 200 13 96889
stats: size_rcv 91842 595684105
stats: newphase 0 8
stats: size_sent 13867 114394345
stats: connected -1 2
stats: 204 4 10844
stats: max_repeat 0 6699
stats: 400 0 1267
stats: 503 0 42255
stats: 500 0 5344
stats: 404 2 2339
# stats: dump at 1480503938
stats: users 0 1651
stats: {load,"tsung_controller@ip-172-31-15-33"} 1 0.0703125 0.0 0.48046875 0.0 0.22331646126760563 71
stats: {freemem,"tsung_controller@ip-172-31-15-33"} 1 3015.4453125 0.0 3157.95703125 2882.71484375 3014.6950924295775 71
stats: {recvpackets,"tsung_controller@ip-172-31-15-33"} 1 79.0 0.0 20064 5 9262.814285714287 70
stats: {sentpackets,"tsung_controller@ip-172-31-15-33"} 1 67.0 0.0 18380 10 7557.142857142855 70
stats: {cpu,"tsung_controller@ip-172-31-15-33"} 1 1.085883514313919 0.0 38.76040703052729 0.8893280632411068 16.219119766129342 71
stats: session 2 196513.92700195313 4577.5341796875 222494.833984375 3145.6220703125 76379.47323048943 5013
stats: users_count 0 5015
stats: finish_users_count 2 5015
stats: request 14 17.960257393973215 4.508608368999328 3360.06982421875 0.636962890625 304.4728202617476 165709
stats: connect 0 0 0 137.402099609375 0.942138671875 2.1362497468531902 5015
stats: page 14 17.960257393973215 4.508608368999328 3360.06982421875 0.636962890625 334.9440579694001 150638
stats: 302 0 6771
stats: 200 10 96899
stats: size_rcv 14014 595698119
stats: newphase 0 8
stats: size_sent 10228 114404573
stats: connected -2 0
stats: 204 2 10846
stats: max_repeat 0 6699
stats: 400 0 1267
stats: 503 0 42255
stats: 500 0 5344
stats: 404 2 2341
EndMonitor:{1480,503938,914671}
