# stats: dump at 1480465194
stats: users 5 5
stats: {load,"tsung_controller@ip-172-31-3-6"} 1 0.078125 0 0.078125 0.078125 0 0
stats: {freemem,"tsung_controller@ip-172-31-3-6"} 1 3160.77734375 0 3160.77734375 3160.77734375 0 0
stats: {cpu,"tsung_controller@ip-172-31-3-6"} 1 2.8826931501673974 0 2.8826931501673974 2.8826931501673974 0 0
stats: users_count 5 5
stats: finish_users_count 0 0
stats: request 3 42.965657552083336 49.552832874645944 113.0439453125 7.9189453125 0 0
stats: connect 3 35.889811197916664 49.334394255068844 105.6591796875 0.9951171875 0 0
stats: page 3 42.965657552083336 49.552832874645944 113.0439453125 7.9189453125 0 0
stats: 200 3 3
stats: size_rcv 17256 17256
stats: size_sent 522 522
stats: connected 3 3
# stats: dump at 1480465204
stats: users 10 10
stats: {load,"tsung_controller@ip-172-31-3-6"} 1 0.0703125 0.0 0.078125 0.0703125 0.078125 1
stats: {freemem,"tsung_controller@ip-172-31-3-6"} 1 3161.71484375 0.0 3161.71484375 3160.77734375 3160.77734375 1
stats: {recvpackets,"tsung_controller@ip-172-31-3-6"} 1 40 0 40 40 0 0
stats: {sentpackets,"tsung_controller@ip-172-31-3-6"} 1 45 0 45 45 0 0
stats: {cpu,"tsung_controller@ip-172-31-3-6"} 1 1.6798418972332017 0.0 2.8826931501673974 1.6798418972332017 2.8826931501673974 1
stats: users_count 5 10
stats: finish_users_count 0 0
stats: request 48 61.26957702636719 61.60674775017349 247.72900390625 7.6640625 42.965657552083336 3
stats: connect 5 1.179541015625 0.1640209763068131 105.6591796875 0.9951171875 35.889811197916664 3
stats: page 30 95.1443115234375 99.02174170860182 361.51611328125 7.6640625 42.965657552083336 3
stats: 302 7 7
stats: 200 41 44
stats: size_rcv 221726 238982
stats: size_sent 28741 29263
stats: connected 5 8
# stats: dump at 1480465214
stats: users 21 21
stats: {load,"tsung_controller@ip-172-31-3-6"} 1 0.05859375 0.0 0.078125 0.05859375 0.07421875 2
stats: {freemem,"tsung_controller@ip-172-31-3-6"} 1 3157.74609375 0.0 3161.71484375 3157.74609375 3161.24609375 2
stats: {recvpackets,"tsung_controller@ip-172-31-3-6"} 1 176.0 0.0 176 40 40.0 1
stats: {sentpackets,"tsung_controller@ip-172-31-3-6"} 1 146.0 0.0 146 45 45.0 1
stats: {cpu,"tsung_controller@ip-172-31-3-6"} 1 1.4792899408284024 0.0 2.8826931501673974 1.4792899408284024 2.2812675237002997 2
stats: session 1 23607.587890625 0 23607.587890625 23607.587890625 0 0
stats: users_count 12 22
stats: finish_users_count 1 1
stats: request 120 41.67649129231771 72.01368368674855 566.531982421875 0.98095703125 60.19287588082108 51
stats: connect 11 1.1765802556818181 0.288489335212892 105.6591796875 0.8330078125 14.195892333984375 8
stats: page 85 58.85625000000001 85.70178155887812 578.4169921875 0.98095703125 90.40079752604167 33
stats: 302 13 20
stats: 200 106 150
stats: size_rcv 573796 812778
stats: size_sent 68225 97488
stats: connected 10 18
stats: max_repeat 6 6
stats: 400 1 1
# stats: dump at 1480465224
stats: users 33 33
stats: {load,"tsung_controller@ip-172-31-3-6"} 1 0.05078125 0.0 0.078125 0.05078125 0.06901041666666667 3
stats: {freemem,"tsung_controller@ip-172-31-3-6"} 1 3153.3203125 0.0 3161.71484375 3153.3203125 3160.0794270833335 3
stats: {recvpackets,"tsung_controller@ip-172-31-3-6"} 1 384.0 0.0 384 40 108.0 2
stats: {sentpackets,"tsung_controller@ip-172-31-3-6"} 1 351.0 0.0 351 45 95.5 2
stats: {cpu,"tsung_controller@ip-172-31-3-6"} 1 1.6881827209533267 0.0 2.8826931501673974 1.4792899408284024 2.0139416627430005 3
stats: session 1 31786.97802734375 0.0 31786.97802734375 23607.587890625 23607.587890625 1
stats: users_count 13 35
stats: finish_users_count 1 2
stats: request 182 38.791620610834485 52.753296106837126 566.531982421875 0.48095703125 47.198921783625735 171
stats: connect 12 4.139363606770833 10.39226077110071 105.6591796875 0.8330078125 6.658395867598684 19
stats: page 124 57.01490439138105 63.751650454267995 578.4169921875 0.48095703125 67.6780302403337 118
stats: 302 14 34
stats: 200 167 317
stats: size_rcv 889639 1702417
stats: size_sent 105538 203026
stats: connected 11 29
stats: max_repeat 10 16
stats: 400 1 2
# stats: dump at 1480465234
stats: users 39 39
stats: {load,"tsung_controller@ip-172-31-3-6"} 1 0.0390625 0.0 0.078125 0.0390625 0.064453125 4
stats: {freemem,"tsung_controller@ip-172-31-3-6"} 1 3150.41015625 0.0 3161.71484375 3150.41015625 3158.3896484375 4
stats: {recvpackets,"tsung_controller@ip-172-31-3-6"} 1 591.0 0.0 591 40 200.0 3
stats: {sentpackets,"tsung_controller@ip-172-31-3-6"} 1 481.0 0.0 481 45 180.66666666666666 3
stats: {cpu,"tsung_controller@ip-172-31-3-6"} 1 2.2817460317460316 0.0 2.8826931501673974 1.4792899408284024 1.932501927295582 4
stats: session 2 30848.922973632813 3307.9979248046875 34156.9208984375 23607.587890625 27697.282958984375 2
stats: users_count 8 43
stats: finish_users_count 2 4
stats: request 219 34.22344552654112 34.59394114649584 566.531982421875 0.48095703125 42.864279252611546 353
stats: connect 12 1.0621337890625 0.18521247310610342 105.6591796875 0.712890625 5.683286605342742 31
stats: page 153 49.553286483864376 41.955484379567814 578.4169921875 0.48095703125 62.21427980533316 242
stats: 302 20 54
stats: 200 197 514
stats: size_rcv 1054443 2756860
stats: size_sent 126958 329984
stats: connected 10 39
stats: max_repeat 7 23
stats: 400 2 4
# stats: dump at 1480465244
stats: users 50 50
stats: {load,"tsung_controller@ip-172-31-3-6"} 1 0.0390625 0.0 0.078125 0.0390625 0.059375 5
stats: {freemem,"tsung_controller@ip-172-31-3-6"} 1 3143.78125 0.0 3161.71484375 3143.78125 3156.79375 5
stats: {recvpackets,"tsung_controller@ip-172-31-3-6"} 1 630.0 0.0 630 40 297.75 4
stats: {sentpackets,"tsung_controller@ip-172-31-3-6"} 1 547.0 0.0 547 45 255.75 4
stats: {cpu,"tsung_controller@ip-172-31-3-6"} 1 2.3833167825223436 0.0 2.8826931501673974 1.4792899408284024 2.002350748185672 5
stats: session 0 0 0 34156.9208984375 23607.587890625 29273.102966308594 4
stats: users_count 11 54
stats: finish_users_count 0 4
stats: request 254 35.92641274760091 43.66655488126725 566.531982421875 0.48095703125 39.55598801832934 572
stats: connect 8 1.0098876953125 0.07517975485238844 105.6591796875 0.712890625 4.393662563590116 43
stats: page 180 50.7208238389757 51.895783790232024 578.4169921875 0.48095703125 57.31014821499209 395
stats: 302 29 83
stats: 200 220 734
stats: size_rcv 1187852 3944712
stats: size_sent 155124 485108
stats: connected 8 47
stats: max_repeat 15 38
stats: 204 5 5
stats: 400 0 4
# stats: dump at 1480465254
stats: users 66 66
stats: {load,"tsung_controller@ip-172-31-3-6"} 1 0.03125 0.0 0.078125 0.03125 0.055989583333333336 6
stats: {freemem,"tsung_controller@ip-172-31-3-6"} 1 3142.11328125 0.0 3161.71484375 3142.11328125 3154.625 6
stats: {recvpackets,"tsung_controller@ip-172-31-3-6"} 1 731.0 0.0 731 40 364.2 5
stats: {sentpackets,"tsung_controller@ip-172-31-3-6"} 1 636.0 0.0 636 45 314.0 5
stats: {cpu,"tsung_controller@ip-172-31-3-6"} 1 2.1021021021021022 0.0 2.8826931501673974 1.4792899408284024 2.0658450872417835 6
stats: session 0 0 0 34156.9208984375 23607.587890625 29273.102966308594 4
stats: users_count 16 70
stats: finish_users_count 0 4
stats: request 274 27.794349837477185 30.268750694482637 566.531982421875 0.48095703125 38.43987165178573 826
stats: connect 12 1.0465291341145833 0.16425640389343332 105.6591796875 0.712890625 3.8628743489583326 51
stats: page 213 35.77050895870011 37.4560762275129 578.4169921875 0.48095703125 55.24740319293478 575
stats: 302 30 113
stats: 200 235 969
stats: size_rcv 1212468 5157180
stats: newphase 1 1
stats: size_sent 159817 644925
stats: connected 12 59
stats: max_repeat 12 50
stats: 204 9 14
stats: 400 0 4
# stats: dump at 1480465264
stats: users 77 77
stats: {load,"tsung_controller@ip-172-31-3-6"} 1 0.03125 0.0 0.078125 0.03125 0.052455357142857144 7
stats: {freemem,"tsung_controller@ip-172-31-3-6"} 1 3138.15234375 0.0 3161.71484375 3138.15234375 3152.8376116071427 7
stats: {recvpackets,"tsung_controller@ip-172-31-3-6"} 1 849.0 0.0 849 40 425.3333333333333 6
stats: {sentpackets,"tsung_controller@ip-172-31-3-6"} 1 822.0 0.0 822 45 367.6666666666667 6
stats: {cpu,"tsung_controller@ip-172-31-3-6"} 1 2.5974025974025974 0.0 2.8826931501673974 1.4792899408284024 2.0710246607932574 7
stats: session 0 0 0 34156.9208984375 23607.587890625 29273.102966308594 4
stats: users_count 11 81
stats: finish_users_count 0 4
stats: request 347 26.890411113112393 29.795014841288143 566.531982421875 0.48095703125 35.788168945312506 1100
stats: connect 17 1.1359719669117645 0.5220594911800183 105.6591796875 0.712890625 3.326427641369047 63
stats: page 278 33.5804750730666 36.39084523664976 578.4169921875 0.48095703125 49.98270970068607 788
stats: 302 32 145
stats: 200 297 1266
stats: size_rcv 1575639 6732819
stats: newphase 0 1
stats: size_sent 200875 845800
stats: connected 17 76
stats: max_repeat 8 58
stats: 204 18 32
stats: 400 0 4
# stats: dump at 1480465274
stats: users 89 89
stats: {load,"tsung_controller@ip-172-31-3-6"} 1 0.01953125 0.0 0.078125 0.01953125 0.0498046875 8
stats: {freemem,"tsung_controller@ip-172-31-3-6"} 1 3134.43359375 0.0 3161.71484375 3134.43359375 3151.001953125 8
stats: {recvpackets,"tsung_controller@ip-172-31-3-6"} 1 888.0 0.0 888 40 485.85714285714283 7
stats: {sentpackets,"tsung_controller@ip-172-31-3-6"} 1 881.0 0.0 881 45 432.57142857142856 7
stats: {cpu,"tsung_controller@ip-172-31-3-6"} 1 2.8942115768463075 0.0 2.8942115768463075 1.4792899408284024 2.136821902869425 8
stats: session 1 79646.56909179688 0.0 79646.56909179688 23607.587890625 29273.102966308594 4
stats: users_count 13 94
stats: finish_users_count 1 5
stats: request 388 25.713346186372423 28.73526972027146 566.531982421875 0.48095703125 33.654428815545096 1447
stats: connect 11 1.1273304332386365 0.2665169649533808 105.6591796875 0.712890625 2.8609558105468746 80
stats: page 317 31.484400415270116 35.24294505101202 578.4169921875 0.48095703125 45.705203859712135 1066
stats: 302 27 172
stats: 200 335 1601
stats: size_rcv 1662861 8395680
stats: newphase 0 1
stats: size_sent 225243 1071043
stats: connected 10 86
stats: max_repeat 11 69
stats: 204 26 58
stats: 400 0 4
# stats: dump at 1480465284
stats: users 105 105
stats: {load,"tsung_controller@ip-172-31-3-6"} 1 0.01953125 0.0 0.078125 0.01953125 0.046440972222222224 9
stats: {freemem,"tsung_controller@ip-172-31-3-6"} 1 3132.40625 0.0 3161.71484375 3132.40625 3149.1610243055557 9
stats: {recvpackets,"tsung_controller@ip-172-31-3-6"} 1 1042.0 0.0 1042 40 536.125 8
stats: {sentpackets,"tsung_controller@ip-172-31-3-6"} 1 1030.0 0.0 1030 45 488.625 8
stats: {cpu,"tsung_controller@ip-172-31-3-6"} 1 2.9116465863453818 0.0 2.9116465863453818 1.4792899408284024 2.2209763110890783 9
stats: session 1 86099.77099609375 0.0 86099.77099609375 23607.587890625 39347.79619140625 5
stats: users_count 17 111
stats: finish_users_count 1 6
stats: request 475 23.389239823190795 34.834256293839594 566.531982421875 0.48095703125 31.975333414935285 1835
stats: connect 18 1.2304280598958333 0.7951573380620892 105.6591796875 0.712890625 2.6513966990041204 91
stats: page 401 27.716274499298628 40.67568513647478 578.4169921875 0.48095703125 42.445627075989705 1383
stats: 302 35 207
stats: 200 408 2009
stats: size_rcv 2032449 10428129
stats: newphase 0 1
stats: size_sent 271949 1342992
stats: connected 17 103
stats: max_repeat 10 79
stats: 204 32 90
stats: 400 0 4
# stats: dump at 1480465294
stats: users 119 121
stats: {load,"tsung_controller@ip-172-31-3-6"} 1 0.01953125 0.0 0.078125 0.01953125 0.04375 10
stats: {freemem,"tsung_controller@ip-172-31-3-6"} 1 3127.0859375 0.0 3161.71484375 3127.0859375 3147.485546875 10
stats: {recvpackets,"tsung_controller@ip-172-31-3-6"} 1 1271.0 0.0 1271 40 592.3333333333334 9
stats: {sentpackets,"tsung_controller@ip-172-31-3-6"} 1 1309.0 0.0 1309 45 548.7777777777778 9
stats: {cpu,"tsung_controller@ip-172-31-3-6"} 1 3.0303030303030303 0.0 3.0303030303030303 1.4792899408284024 2.2900433386147085 10
stats: session 4 70875.45477294922 16441.598482781534 91000.88403320313 23607.587890625 47139.7919921875 6
stats: users_count 18 129
stats: finish_users_count 4 10
stats: request 540 26.62322365089699 30.390803641983776 566.531982421875 0.48095703125 30.20979468936012 2310
stats: connect 16 1.0843505859375 0.2549444832861248 105.6591796875 0.712890625 2.416741327408257 109
stats: page 430 33.44702545875726 37.292991691096155 578.4169921875 0.48095703125 39.134825291655 1784
stats: 302 36 243
stats: 200 472 2481
stats: size_rcv 2329320 12757449
stats: newphase 0 1
stats: size_sent 316905 1659897
stats: connected 13 116
stats: max_repeat 15 94
stats: 204 32 122
stats: 400 0 4
# stats: dump at 1480465304
stats: users 136 136
stats: {load,"tsung_controller@ip-172-31-3-6"} 1 0.01171875 0.0 0.078125 0.01171875 0.041548295454545456 11
stats: {freemem,"tsung_controller@ip-172-31-3-6"} 1 3119.74609375 0.0 3161.71484375 3119.74609375 3145.631036931818 11
stats: {recvpackets,"tsung_controller@ip-172-31-3-6"} 1 1547.0 0.0 1547 40 660.2 10
stats: {sentpackets,"tsung_controller@ip-172-31-3-6"} 1 1505.0 0.0 1505 45 624.8 10
stats: {cpu,"tsung_controller@ip-172-31-3-6"} 1 3.248730964467005 0.0 3.248730964467005 1.4792899408284024 2.3573396742227377 11
stats: session 4 88672.03021240234 9995.242209858243 97679.69116210938 23607.587890625 56634.05710449219 10
stats: users_count 21 150
stats: finish_users_count 4 14
stats: request 648 24.336232126494966 29.05180484985992 566.531982421875 0.48095703125 29.530233861019738 2850
stats: connect 18 3.3973931206597223 9.161754685339025 105.6591796875 0.712890625 2.2461953125 125
stats: page 531 29.709363229755198 35.354807450017574 578.4169921875 0.48095703125 38.030148720676664 2214
stats: 302 37 280
stats: 200 565 3046
stats: size_rcv 2877625 15635074
stats: newphase 0 1
stats: size_sent 375438 2035335
stats: connected 13 129
stats: max_repeat 26 120
stats: 204 46 168
stats: 400 0 4
# stats: dump at 1480465314
stats: users 144 144
stats: {load,"tsung_controller@ip-172-31-3-6"} 1 0.078125 0.0 0.078125 0.01171875 0.0390625 12
stats: {freemem,"tsung_controller@ip-172-31-3-6"} 1 3115.63671875 0.0 3161.71484375 3115.63671875 3143.4739583333335 12
stats: {recvpackets,"tsung_controller@ip-172-31-3-6"} 1 1576.0 0.0 1576 40 740.8181818181819 11
stats: {sentpackets,"tsung_controller@ip-172-31-3-6"} 1 1622.0 0.0 1622 45 704.8181818181819 11
stats: {cpu,"tsung_controller@ip-172-31-3-6"} 1 4.052684903748734 0.0 4.052684903748734 1.4792899408284024 2.4316222817430933 12
stats: session 9 83437.58512369792 17398.352826525133 111408.40502929688 23607.587890625 65787.76370675223 14
stats: users_count 17 167
stats: finish_users_count 9 23
stats: request 625 23.821298828125006 27.969393859189992 566.531982421875 0.48095703125 28.568051721519435 3498
stats: connect 13 2.4197716346153846 3.9491488797762697 105.6591796875 0.712890625 2.3911013303103146 143
stats: page 526 28.314343122475044 34.046902903985185 578.4169921875 0.48095703125 36.4205541503017 2745
stats: 302 46 326
stats: 200 532 3578
stats: size_rcv 2702240 18337314
stats: newphase 1 2
stats: size_sent 366597 2401932
stats: connected 4 133
stats: max_repeat 21 141
stats: 204 47 215
stats: 400 0 4
# stats: dump at 1480465324
stats: users 157 157
stats: {load,"tsung_controller@ip-172-31-3-6"} 1 0.0703125 0.0 0.078125 0.01171875 0.042067307692307696 13
stats: {freemem,"tsung_controller@ip-172-31-3-6"} 1 3113.46875 0.0 3161.71484375 3113.46875 3141.3326322115386 13
stats: {recvpackets,"tsung_controller@ip-172-31-3-6"} 1 1775.0 0.0 1775 40 810.4166666666666 12
stats: {sentpackets,"tsung_controller@ip-172-31-3-6"} 1 1830.0 0.0 1830 45 781.25 12
stats: {cpu,"tsung_controller@ip-172-31-3-6"} 1 4.838709677419355 0.0 4.838709677419355 1.4792899408284024 2.556319406512758 13
stats: session 8 88862.74600219727 18143.125052797048 120065.82592773438 23607.587890625 72694.21556555707 23
stats: users_count 21 188
stats: finish_users_count 8 31
stats: request 694 23.161992229714468 27.8451265212003 566.531982421875 0.48095703125 27.84849786307376 4123
stats: connect 27 1.2226110387731481 0.9309966567381507 105.6591796875 0.712890625 2.3934905223357372 156
stats: page 580 27.72428188981681 33.69466667426875 578.4169921875 0.48095703125 35.11701792265363 3271
stats: 302 54 380
stats: 200 588 4166
stats: size_rcv 3107008 21444322
stats: newphase 0 2
stats: size_sent 401284 2803216
stats: connected 19 152
stats: max_repeat 16 157
stats: 204 52 267
stats: 400 0 4
# stats: dump at 1480465334
stats: users 161 161
stats: {load,"tsung_controller@ip-172-31-3-6"} 1 0.05859375 0.0 0.078125 0.01171875 0.04408482142857143 14
stats: {freemem,"tsung_controller@ip-172-31-3-6"} 1 3111.77734375 0.0 3161.71484375 3111.77734375 3139.342354910714 14
stats: {recvpackets,"tsung_controller@ip-172-31-3-6"} 1 1771.0 0.0 1775 40 884.6153846153846 13
stats: {sentpackets,"tsung_controller@ip-172-31-3-6"} 1 1831.0 0.0 1831 45 861.9230769230769 13
stats: {cpu,"tsung_controller@ip-172-31-3-6"} 1 3.9755351681957185 0.0 4.838709677419355 1.4792899408284024 2.719347283006086 14
stats: session 13 97216.11566631611 19793.27316643249 134966.98510742188 23607.587890625 76866.73954920615 31
stats: users_count 17 205
stats: finish_users_count 13 44
stats: request 711 26.06141390042633 29.9728235062822 566.531982421875 0.48095703125 27.173298587684233 4817
stats: connect 15 1.0447591145833335 0.24974980020159745 105.6591796875 0.712890625 2.220737811646175 183
stats: page 577 32.125972331293326 36.89113223322354 578.4169921875 0.48095703125 34.003596240221704 3851
stats: 302 44 424
stats: 200 625 4791
stats: size_rcv 3115014 24559336
stats: newphase 0 2
stats: size_sent 415500 3218716
stats: connected 2 154
stats: max_repeat 29 186
stats: 204 42 309
stats: 400 0 4
# stats: dump at 1480465344
stats: users 168 168
stats: {load,"tsung_controller@ip-172-31-3-6"} 1 0.12890625 0.0 0.12890625 0.01171875 0.04505208333333333 15
stats: {freemem,"tsung_controller@ip-172-31-3-6"} 1 3108.453125 0.0 3161.71484375 3108.453125 3137.5046875 15
stats: {recvpackets,"tsung_controller@ip-172-31-3-6"} 1 1808.0 0.0 1808 40 947.9285714285714 14
stats: {sentpackets,"tsung_controller@ip-172-31-3-6"} 1 1798.0 0.0 1831 45 931.1428571428571 14
stats: {cpu,"tsung_controller@ip-172-31-3-6"} 1 4.16243654822335 0.0 4.838709677419355 1.4792899408284024 2.8030931420187284 15
stats: session 11 99213.17107599432 28684.71223907264 134966.98510742188 23607.587890625 82879.05522017046 44
stats: users_count 18 223
stats: finish_users_count 11 55
stats: request 708 25.131730419094264 28.402000368339333 566.531982421875 0.48095703125 27.03029026412411 5528
stats: connect 19 0.9595883018092105 0.08826149197187821 105.6591796875 0.712890625 2.1316485164141414 198
stats: page 575 30.95726222826087 35.22831859833922 578.4169921875 0.48095703125 33.75892844540425 4428
stats: 302 50 474
stats: 200 630 5421
stats: size_rcv 3215490 27774826
stats: newphase 0 2
stats: size_sent 409454 3628170
stats: connected 8 162
stats: max_repeat 30 216
stats: 204 29 338
stats: 400 0 4
# stats: dump at 1480465354
stats: users 177 178
stats: {load,"tsung_controller@ip-172-31-3-6"} 1 0.109375 0.0 0.12890625 0.01171875 0.05029296875 16
stats: {freemem,"tsung_controller@ip-172-31-3-6"} 1 3105.609375 0.0 3161.71484375 3105.609375 3135.68896484375 16
stats: {recvpackets,"tsung_controller@ip-172-31-3-6"} 1 1975.0 0.0 1975 40 1005.2666666666667 15
stats: {sentpackets,"tsung_controller@ip-172-31-3-6"} 1 2029.0 0.0 2029 45 988.9333333333333 15
stats: {cpu,"tsung_controller@ip-172-31-3-6"} 1 4.587155963302752 0.0 4.838709677419355 1.4792899408284024 2.888052104906517 16
stats: session 8 97223.01284790039 13905.308410232301 134966.98510742188 23607.587890625 86145.87839133522 55
stats: users_count 17 240
stats: finish_users_count 8 63
stats: request 734 24.25565980500681 28.071083361761733 566.531982421875 0.48095703125 26.814738569082234 6236
stats: connect 16 1.683685302734375 1.0760282288204175 105.6591796875 0.712890625 2.0290257326468892 217
stats: page 616 28.911686488560267 34.33693542975144 578.4169921875 0.48095703125 33.43693002948232 5003
stats: 302 54 528
stats: 200 637 6058
stats: size_rcv 3290290 31065116
stats: newphase 0 2
stats: size_sent 425787 4053957
stats: connected 8 170
stats: max_repeat 27 243
stats: 204 42 380
stats: 400 0 4
# stats: dump at 1480465364
stats: users 189 190
stats: {load,"tsung_controller@ip-172-31-3-6"} 1 0.08984375 0.0 0.12890625 0.01171875 0.05376838235294118 17
stats: {freemem,"tsung_controller@ip-172-31-3-6"} 1 3100.87890625 0.0 3161.71484375 3100.87890625 3133.9195772058824 17
stats: {recvpackets,"tsung_controller@ip-172-31-3-6"} 1 1872.0 0.0 1975 40 1065.875 16
stats: {sentpackets,"tsung_controller@ip-172-31-3-6"} 1 1971.0 0.0 2029 45 1053.9375 16
stats: {cpu,"tsung_controller@ip-172-31-3-6"} 1 5.555555555555555 0.0 5.555555555555555 1.4792899408284024 2.987999390694531 17
stats: session 15 99822.97626953125 21585.672009389822 149062.89599609375 23607.587890625 87552.49863978794 63
stats: users_count 27 267
stats: finish_users_count 15 78
stats: request 785 22.768874091859097 27.206503030814968 566.531982421875 0.48095703125 26.54524591300887 6970
stats: connect 31 1.0780383694556457 0.27848461022023413 105.6591796875 0.712890625 2.0053113683610513 233
stats: page 667 26.80635622130341 32.95154510571378 578.4169921875 0.48095703125 32.94083641474518 5619
stats: 302 55 583
stats: 200 689 6747
stats: size_rcv 3557001 34622117
stats: newphase 0 2
stats: size_sent 446542 4500499
stats: connected 16 186
stats: max_repeat 32 275
stats: 204 41 421
stats: 400 0 4
# stats: dump at 1480465374
stats: users 192 192
stats: {load,"tsung_controller@ip-172-31-3-6"} 1 0.078125 0.0 0.12890625 0.01171875 0.05577256944444445 18
stats: {freemem,"tsung_controller@ip-172-31-3-6"} 1 3099.07421875 0.0 3161.71484375 3099.07421875 3132.083984375 18
stats: {recvpackets,"tsung_controller@ip-172-31-3-6"} 1 2166.0 0.0 2166 40 1113.2941176470588 17
stats: {sentpackets,"tsung_controller@ip-172-31-3-6"} 1 2225.0 0.0 2225 45 1107.8823529411766 17
stats: {cpu,"tsung_controller@ip-172-31-3-6"} 1 4.033092037228542 0.0 5.555555555555555 1.4792899408284024 3.130641399853477 18
stats: session 15 94717.54895833334 29875.549380755445 151378.01513671875 23607.587890625 89912.20587627705 78
stats: users_count 18 285
stats: finish_users_count 15 93
stats: request 775 27.172873928931434 30.315060722739535 566.531982421875 0.48095703125 26.16298261454303 7755
stats: connect 17 1.0324419806985299 0.22772167683247918 105.6591796875 0.712890625 1.8964270389441287 264
stats: page 618 34.08920930041462 37.58027756351509 578.4169921875 0.48095703125 32.289914001600785 6286
stats: 302 50 633
stats: 200 694 7441
stats: size_rcv 3508888 38131005
stats: newphase 1 3
stats: size_sent 450263 4950762
stats: connected 2 188
stats: max_repeat 27 302
stats: 204 31 452
stats: 400 0 4
# stats: dump at 1480465384
stats: users 206 206
stats: {load,"tsung_controller@ip-172-31-3-6"} 1 0.0703125 0.0 0.12890625 0.01171875 0.05694901315789474 19
stats: {freemem,"tsung_controller@ip-172-31-3-6"} 1 3095.7578125 0.0 3161.71484375 3095.7578125 3130.3466282894738 19
stats: {recvpackets,"tsung_controller@ip-172-31-3-6"} 1 2121.0 0.0 2166 40 1171.7777777777778 18
stats: {sentpackets,"tsung_controller@ip-172-31-3-6"} 1 2132.0 0.0 2225 45 1169.9444444444443 18
stats: {cpu,"tsung_controller@ip-172-31-3-6"} 1 5.476673427991886 0.0 5.555555555555555 1.4792899408284024 3.1781388018205856 19
stats: session 21 102153.31741768973 24990.122319565053 151811.88500976563 23607.587890625 90687.26121209258 93
stats: users_count 35 320
stats: finish_users_count 21 114
stats: request 847 25.219915937223284 29.70828911105406 566.531982421875 0.48095703125 26.254737100903057 8530
stats: connect 33 0.9185975970643939 0.2610108159916734 105.6591796875 0.615966796875 1.8441574802602314 281
stats: page 691 30.924278248236245 36.32138940884814 578.4169921875 0.48095703125 32.45097490754907 6904
stats: 302 52 685
stats: 200 759 8200
stats: size_rcv 3873279 42004284
stats: newphase 0 3
stats: size_sent 483247 5434009
stats: connected 12 200
stats: max_repeat 36 338
stats: 204 36 488
stats: 400 0 4
# stats: dump at 1480465394
stats: users 230 230
stats: {load,"tsung_controller@ip-172-31-3-6"} 1 0.05859375 0.0 0.12890625 0.01171875 0.0576171875 20
stats: {freemem,"tsung_controller@ip-172-31-3-6"} 1 3096.38671875 0.0 3161.71484375 3095.7578125 3128.6171875 20
stats: {recvpackets,"tsung_controller@ip-172-31-3-6"} 1 2361.0 0.0 2361 40 1221.7368421052631 19
stats: {sentpackets,"tsung_controller@ip-172-31-3-6"} 1 2402.0 0.0 2402 45 1220.578947368421 19
stats: {cpu,"tsung_controller@ip-172-31-3-6"} 1 5.030800821355236 0.0 5.555555555555555 1.4792899408284024 3.2930655331291505 20
stats: session 23 97488.72058636209 28222.094288233875 174942.39501953125 23607.587890625 92799.42946049204 114
stats: users_count 47 367
stats: finish_users_count 23 137
stats: request 802 28.078185578534125 30.77300867474427 566.531982421875 0.48095703125 26.16126439901154 9377
stats: connect 41 2.5138921970274395 5.863399337572639 105.6591796875 0.615966796875 1.7468852632364649 314
stats: page 631 35.70132934763774 38.3853661575167 578.4169921875 0.48095703125 32.31207465849243 7595
stats: 302 79 764
stats: 200 707 8907
stats: size_rcv 3642398 45646682
stats: newphase 0 3
stats: size_sent 491193 5925202
stats: connected 18 218
stats: max_repeat 41 379
stats: 204 16 504
stats: 400 0 4
# stats: dump at 1480465404
stats: users 254 256
stats: {load,"tsung_controller@ip-172-31-3-6"} 1 0.05078125 0.0 0.12890625 0.01171875 0.05766369047619048 21
stats: {freemem,"tsung_controller@ip-172-31-3-6"} 1 3080.66796875 0.0 3161.71484375 3080.66796875 3127.0824032738096 21
stats: {recvpackets,"tsung_controller@ip-172-31-3-6"} 1 2598.0 0.0 2598 40 1278.7 20
stats: {sentpackets,"tsung_controller@ip-172-31-3-6"} 1 2491.0 0.0 2491 45 1279.65 20
stats: {cpu,"tsung_controller@ip-172-31-3-6"} 1 5.584281282316442 0.0 5.584281282316442 1.4792899408284024 3.375814832568488 21
stats: session 24 87881.82843017578 19948.80430215423 174942.39501953125 23607.587890625 93586.68271520016 137
stats: users_count 48 415
stats: finish_users_count 24 161
stats: request 1160 83.32758262897352 183.4688009164498 1078.697998046875 0.48095703125 26.312297976570935 10179
stats: connect 50 25.8077099609375 122.06549224414532 678.209228515625 0.615966796875 1.8354691626320423 355
stats: page 896 107.89437811715295 230.2429648111934 1422.56298828125 0.48095703125 32.57205760389125 8226
stats: 302 91 855
stats: 200 1038 9945
stats: size_rcv 5399919 51046601
stats: newphase 0 3
stats: size_sent 638461 6563663
stats: connected 26 244
stats: max_repeat 60 439
stats: 204 31 535
stats: 400 0 4
# stats: dump at 1480465414
stats: users 278 279
stats: {load,"tsung_controller@ip-172-31-3-6"} 1 0.0390625 0.0 0.12890625 0.01171875 0.05735085227272727 22
stats: {freemem,"tsung_controller@ip-172-31-3-6"} 1 3075.703125 0.0 3161.71484375 3075.703125 3124.97265625 22
stats: {recvpackets,"tsung_controller@ip-172-31-3-6"} 1 3366.0 0.0 3366 40 1341.5238095238096 21
stats: {sentpackets,"tsung_controller@ip-172-31-3-6"} 1 3176.0 0.0 3176 45 1337.3333333333333 21
stats: {cpu,"tsung_controller@ip-172-31-3-6"} 1 6.639004149377594 0.0 6.639004149377594 1.4792899408284024 3.476199671193395 22
stats: session 19 98317.43920898438 18571.52292394693 174942.39501953125 23607.587890625 92736.26965407851 161
stats: users_count 43 458
stats: finish_users_count 19 180
stats: request 1202 33.444369247868075 33.69170437731297 1078.697998046875 0.48095703125 32.14506366991135 11339
stats: connect 41 0.9903891958841462 0.34534510873775576 678.209228515625 0.615966796875 4.795005063657407 405
stats: page 913 43.946124341114434 43.348200589164016 1422.56298828125 0.48095703125 39.97052276283474 9122
stats: 302 99 954
stats: 200 1072 11017
stats: size_rcv 5561411 56608012
stats: newphase 0 3
stats: size_sent 703042 7266705
stats: connected 22 266
stats: max_repeat 56 495
stats: 204 31 566
stats: 400 0 4
# stats: dump at 1480465424
stats: users 302 304
stats: {load,"tsung_controller@ip-172-31-3-6"} 1 0.109375 0.0 0.12890625 0.01171875 0.05655570652173913 23
stats: {freemem,"tsung_controller@ip-172-31-3-6"} 1 3066.3046875 0.0 3161.71484375 3066.3046875 3122.8305027173915 23
stats: {recvpackets,"tsung_controller@ip-172-31-3-6"} 1 3438.0 0.0 3438 40 1433.5454545454547 22
stats: {sentpackets,"tsung_controller@ip-172-31-3-6"} 1 3258.0 0.0 3258 45 1420.909090909091 22
stats: {cpu,"tsung_controller@ip-172-31-3-6"} 1 7.731434384537131 0.0 7.731434384537131 1.4792899408284024 3.613712909375317 23
stats: session 15 88209.32270507813 24204.25312761013 174942.39501953125 23607.587890625 93325.39310709636 180
stats: users_count 39 497
stats: finish_users_count 15 195
stats: request 1204 32.922691978885524 33.27148392756759 1078.697998046875 0.48095703125 32.26959642684493 12541
stats: connect 34 0.9175163717830882 0.13310751613372981 678.209228515625 0.615966796875 4.445253380745515 446
stats: page 917 43.342808314732125 42.5957550428142 1422.56298828125 0.48095703125 40.332229214351365 10035
stats: 302 102 1056
stats: 200 1074 12091
stats: size_rcv 5598161 62206173
stats: newphase 0 3
stats: size_sent 705078 7971783
stats: connected 21 287
stats: max_repeat 61 556
stats: 204 28 594
stats: 400 0 4
# stats: dump at 1480465434
stats: users 315 316
stats: {load,"tsung_controller@ip-172-31-3-6"} 1 0.08984375 0.0 0.12890625 0.01171875 0.058756510416666664 24
stats: {freemem,"tsung_controller@ip-172-31-3-6"} 1 3056.25 0.0 3161.71484375 3056.25 3120.4752604166665 24
stats: {recvpackets,"tsung_controller@ip-172-31-3-6"} 1 3606.0 0.0 3606 40 1520.695652173913 23
stats: {sentpackets,"tsung_controller@ip-172-31-3-6"} 1 3430.0 0.0 3430 45 1500.7826086956522 23
stats: {cpu,"tsung_controller@ip-172-31-3-6"} 1 8.09968847352025 0.0 8.09968847352025 1.4792899408284024 3.785284637507059 24
stats: session 25 91495.79087890625 21138.996860928153 174942.39501953125 23607.587890625 92931.84923001802 195
stats: users_count 38 535
stats: finish_users_count 25 220
stats: request 1239 27.947431735207317 30.450525391141092 1078.697998046875 0.48095703125 32.32680465126521 13745
stats: connect 44 2.99749755859375 12.029094362879022 678.209228515625 0.615966796875 4.195372009277343 480
stats: page 992 34.91860740415512 37.92213661501398 1422.56298828125 0.48095703125 40.58430198964804 10952
stats: 302 111 1167
stats: 200 1102 13193
stats: size_rcv 5730733 67936906
stats: newphase 1 4
stats: size_sent 712973 8684756
stats: connected 18 305
stats: max_repeat 65 621
stats: 204 26 620
stats: 400 0 4
# stats: dump at 1480465444
stats: users 347 347
stats: {load,"tsung_controller@ip-172-31-3-6"} 1 0.078125 0.0 0.12890625 0.01171875 0.06 25
stats: {freemem,"tsung_controller@ip-172-31-3-6"} 1 3051.0 0.0 3161.71484375 3051.0 3117.90625 25
stats: {recvpackets,"tsung_controller@ip-172-31-3-6"} 1 3454.0 0.0 3606 40 1607.5833333333333 24
stats: {sentpackets,"tsung_controller@ip-172-31-3-6"} 1 3389.0 0.0 3430 45 1581.1666666666667 24
stats: {cpu,"tsung_controller@ip-172-31-3-6"} 1 8.004158004158004 0.0 8.09968847352025 1.4792899408284024 3.9578607909475862 25
stats: session 19 90080.19966848273 26330.167165435003 174942.39501953125 23607.587890625 92768.66078102805 220
stats: users_count 51 586
stats: finish_users_count 19 239
stats: request 1275 27.827236519607855 30.140856785504457 1078.697998046875 0.48095703125 31.96468218443421 14984
stats: connect 50 1.421953125 3.0933149492108694 678.209228515625 0.615966796875 4.094787131739027 524
stats: page 1039 34.15904481096617 37.92754826315071 1422.56298828125 0.48095703125 40.11374195709538 11944
stats: 302 124 1291
stats: 200 1111 14304
stats: size_rcv 5735738 73672644
stats: newphase 0 4
stats: size_sent 733356 9418112
stats: connected 31 336
stats: max_repeat 52 673
stats: 204 40 660
stats: 400 0 4
# stats: dump at 1480465454
stats: users 395 395
stats: {load,"tsung_controller@ip-172-31-3-6"} 1 0.0703125 0.0 0.12890625 0.01171875 0.060697115384615384 26
stats: {freemem,"tsung_controller@ip-172-31-3-6"} 1 3051.97265625 0.0 3161.71484375 3051.0 3115.3329326923076 26
stats: {recvpackets,"tsung_controller@ip-172-31-3-6"} 1 3560.0 0.0 3606 40 1681.44 25
stats: {sentpackets,"tsung_controller@ip-172-31-3-6"} 1 3505.0 0.0 3505 45 1653.48 25
stats: {cpu,"tsung_controller@ip-172-31-3-6"} 1 8.978328173374612 0.0 8.978328173374612 1.4792899408284024 4.113487606840295 26
stats: session 19 92487.69869192023 23357.711725625642 174942.39501953125 23607.587890625 92554.93374697633 239
stats: users_count 67 653
stats: finish_users_count 19 258
stats: request 1377 32.66352829832751 33.65437446713711 1078.697998046875 0.48095703125 31.64023152801908 16259
stats: connect 62 0.9957236013104839 0.3856700070905489 678.209228515625 0.615966796875 3.8619618698279616 574
stats: page 1091 41.05973344587827 44.09747754845912 1422.56298828125 0.48095703125 39.63720107017955 12983
stats: 302 97 1388
stats: 200 1245 15549
stats: size_rcv 6361090 80033734
stats: newphase 0 4
stats: size_sent 789396 10207508
stats: connected 42 378
stats: max_repeat 55 728
stats: 204 35 695
stats: 400 0 4
# stats: dump at 1480465464
stats: users 419 419
stats: {load,"tsung_controller@ip-172-31-3-6"} 1 0.05859375 0.0 0.12890625 0.01171875 0.06105324074074074 27
stats: {freemem,"tsung_controller@ip-172-31-3-6"} 1 3038.28515625 0.0 3161.71484375 3038.28515625 3112.986255787037 27
stats: {recvpackets,"tsung_controller@ip-172-31-3-6"} 1 4313.0 0.0 4313 40 1753.6923076923076 26
stats: {sentpackets,"tsung_controller@ip-172-31-3-6"} 1 4138.0 0.0 4138 45 1724.6923076923076 26
stats: {cpu,"tsung_controller@ip-172-31-3-6"} 1 10.662525879917183 0.0 10.662525879917183 1.4792899408284024 4.293666887082306 27
stats: session 28 86133.47903006419 18005.421426205998 174942.39501953125 23607.587890625 92549.98232819313 258
stats: users_count 52 705
stats: finish_users_count 28 286
stats: request 1593 36.5508902167196 34.48537219262294 1078.697998046875 0.48095703125 31.720129444367156 17636
stats: connect 45 1.0527180989583338 0.49895249790079005 678.209228515625 0.615966796875 3.58254870528695 636
stats: page 1247 46.86650108698375 46.87329957499923 1422.56298828125 0.48095703125 39.74747411422441 14074
stats: 302 105 1493
stats: 200 1445 16994
stats: size_rcv 7495030 87528764
stats: newphase 0 4
stats: size_sent 915366 11122874
stats: connected 18 396
stats: max_repeat 70 798
stats: 204 43 738
stats: 400 0 4
# stats: dump at 1480465474
stats: users 443 447
stats: {load,"tsung_controller@ip-172-31-3-6"} 1 0.05078125 0.0 0.12890625 0.01171875 0.06096540178571429 28
stats: {freemem,"tsung_controller@ip-172-31-3-6"} 1 3029.03125 0.0 3161.71484375 3029.03125 3110.318359375 28
stats: {recvpackets,"tsung_controller@ip-172-31-3-6"} 1 4734.0 0.0 4734 40 1848.4814814814815 27
stats: {sentpackets,"tsung_controller@ip-172-31-3-6"} 1 4350.0 0.0 4350 45 1814.0740740740741 27
stats: {cpu,"tsung_controller@ip-172-31-3-6"} 1 10.995850622406639 0.0 10.995850622406639 1.4792899408284024 4.521126136826409 28
stats: session 37 88530.0542652027 27724.123557201063 196890.46606445313 23607.587890625 91921.79319411058 286
stats: users_count 61 766
stats: finish_users_count 37 323
stats: request 1668 46.03718680329173 39.325373579341324 1078.697998046875 0.48095703125 32.12032716189576 19229
stats: connect 62 2.266944146925402 4.789594284091368 678.209228515625 0.615966796875 3.41537928196127 681
stats: page 1304 58.905310133483525 56.04696079545319 1422.56298828125 0.48095703125 40.326902783047 15321
stats: 302 129 1622
stats: 200 1502 18496
stats: size_rcv 7859491 95388255
stats: newphase 0 4
stats: size_sent 960954 12083828
stats: connected 25 421
stats: max_repeat 85 883
stats: 204 37 775
stats: 400 0 4
# stats: dump at 1480465484
stats: users 452 452
stats: {load,"tsung_controller@ip-172-31-3-6"} 1 0.0390625 0.0 0.12890625 0.01171875 0.060614224137931036 29
stats: {freemem,"tsung_controller@ip-172-31-3-6"} 1 3025.66796875 0.0 3161.71484375 3025.66796875 3107.5153556034484 29
stats: {recvpackets,"tsung_controller@ip-172-31-3-6"} 1 5072.0 0.0 5072 40 1951.5357142857142 28
stats: {sentpackets,"tsung_controller@ip-172-31-3-6"} 1 4522.0 0.0 4522 45 1904.642857142857 28
stats: {cpu,"tsung_controller@ip-172-31-3-6"} 1 10.92436974789916 0.0 10.995850622406639 1.4792899408284024 4.74439249839814 29
stats: session 47 87776.55469788896 20449.515907417135 196890.46606445313 23607.587890625 91533.26582454528 323
stats: users_count 56 822
stats: finish_users_count 47 370
stats: request 1661 40.30732527703564 36.38125097521819 1078.697998046875 0.48095703125 33.23117187079409 20897
stats: connect 56 1.015738351004464 0.38396625862545225 678.209228515625 0.615966796875 3.31954754794751 743
stats: page 1299 51.55624969928791 50.07802296587016 1422.56298828125 0.48095703125 41.784120418233115 16625
stats: 302 147 1769
stats: 200 1489 19985
stats: size_rcv 7827015 103215270
stats: newphase 0 4
stats: size_sent 956512 13040340
stats: connected 8 429
stats: max_repeat 106 989
stats: 204 25 800
stats: 400 0 4
# stats: dump at 1480465494
stats: users 492 497
stats: {load,"tsung_controller@ip-172-31-3-6"} 1 0.03125 0.0 0.12890625 0.01171875 0.059895833333333336 30
stats: {freemem,"tsung_controller@ip-172-31-3-6"} 1 3017.8046875 0.0 3161.71484375 3017.8046875 3104.787109375 30
stats: {recvpackets,"tsung_controller@ip-172-31-3-6"} 1 4993.0 0.0 5072 40 2059.137931034483 29
stats: {sentpackets,"tsung_controller@ip-172-31-3-6"} 1 4590.0 0.0 4590 45 1994.896551724138 29
stats: {cpu,"tsung_controller@ip-172-31-3-6"} 1 11.446409989594173 0.0 11.446409989594173 1.4792899408284024 4.9503917400481745 30
stats: session 44 92287.73632257634 16067.32909408293 196890.46606445313 23607.587890625 91056.06197872678 370
stats: users_count 84 906
stats: finish_users_count 44 414
stats: request 1739 58.451815990691486 50.58290651598036 1078.697998046875 0.48095703125 33.75220612949465 22558
stats: connect 85 1.0746869255514706 0.609362020928856 678.209228515625 0.615966796875 3.1580790685622655 799
stats: page 1362 74.29397757778064 73.48694438227201 1422.56298828125 0.48095703125 42.4923326440806 17924
stats: 302 150 1919
stats: 200 1568 21553
stats: size_rcv 8285969 111501239
stats: newphase 1 5
stats: size_sent 1005106 14045446
stats: connected 44 473
stats: max_repeat 84 1073
stats: 204 21 821
stats: 400 0 4
# stats: dump at 1480465504
stats: users 552 554
stats: {load,"tsung_controller@ip-172-31-3-6"} 1 0.03125 0.0 0.12890625 0.01171875 0.05897177419354839 31
stats: {freemem,"tsung_controller@ip-172-31-3-6"} 1 2997.44921875 0.0 3161.71484375 2997.44921875 3101.9812247983873 31
stats: {recvpackets,"tsung_controller@ip-172-31-3-6"} 1 6028.0 0.0 6028 40 2156.9333333333334 30
stats: {sentpackets,"tsung_controller@ip-172-31-3-6"} 1 5232.0 0.0 5232 45 2081.4 30
stats: {cpu,"tsung_controller@ip-172-31-3-6"} 1 12.30116648992577 0.0 12.30116648992577 1.4792899408284024 5.159940715839981 31
stats: session 34 90624.49289838006 18674.866577160316 196890.46606445313 23607.587890625 91186.9645659958 414
stats: users_count 94 1000
stats: finish_users_count 34 448
stats: request 1870 119.71146625375997 81.90588020313572 1078.697998046875 0.48095703125 35.520021972957686 24297
stats: connect 96 0.9052861531575521 0.24024700599327053 678.209228515625 0.59619140625 2.9577529009650734 884
stats: page 1420 156.76304312692554 132.62485978123502 1422.56298828125 0.48095703125 44.73820220747889 19286
stats: 302 164 2083
stats: 200 1688 23241
stats: size_rcv 8922807 120424046
stats: newphase 0 5
stats: size_sent 1078862 15124308
stats: connected 61 534
stats: max_repeat 93 1166
stats: 204 18 839
stats: 400 0 4
# stats: dump at 1480465514
stats: users 603 604
stats: {load,"tsung_controller@ip-172-31-3-6"} 1 0.01953125 0.0 0.12890625 0.01171875 0.05810546875 32
stats: {freemem,"tsung_controller@ip-172-31-3-6"} 1 2979.03125 0.0 3161.71484375 2979.03125 3098.714599609375 32
stats: {recvpackets,"tsung_controller@ip-172-31-3-6"} 1 6.4e3 0.0 6400 40 2281.8064516129034 31
stats: {sentpackets,"tsung_controller@ip-172-31-3-6"} 1 5225.0 0.0 5232 45 2183.032258064516 31
stats: {cpu,"tsung_controller@ip-172-31-3-6"} 1 12.61930010604454 0.0 12.61930010604454 1.4792899408284024 5.383104021280162 32
stats: session 36 91480.33121066623 21923.2219910155 196890.46606445313 23607.587890625 91144.27698407855 448
stats: users_count 87 1087
stats: finish_users_count 36 484
stats: request 1952 366.8006985773802 164.53138203117854 1078.697998046875 0.48095703125 41.536684211850186 26167
stats: connect 82 1.264335818407012 2.4412506578761874 678.209228515625 0.59619140625 2.7566949338329083 980
stats: page 1465 483.25607201898447 300.94313316783075 1422.56298828125 0.48095703125 52.42077122639198 20706
stats: 302 160 2243
stats: 200 1713 24954
stats: size_rcv 9026567 129450613
stats: newphase 0 5
stats: size_sent 1150331 16274639
stats: connected 45 579
stats: max_repeat 94 1260
stats: 204 10 849
stats: 400 0 4
stats: 503 69 69
# stats: dump at 1480465524
stats: users 694 694
stats: {load,"tsung_controller@ip-172-31-3-6"} 1 0.08984375 0.0 0.12890625 0.01171875 0.05693655303030303 33
stats: {freemem,"tsung_controller@ip-172-31-3-6"} 1 2956.0546875 0.0 3161.71484375 2956.0546875 3095.087831439394 33
stats: {recvpackets,"tsung_controller@ip-172-31-3-6"} 1 6601.0 0.0 6601 40 2410.5 32
stats: {sentpackets,"tsung_controller@ip-172-31-3-6"} 1 5488.0 0.0 5488 45 2278.09375 32
stats: {cpu,"tsung_controller@ip-172-31-3-6"} 1 14.106583072100312 0.0 14.106583072100312 1.4792899408284024 5.602382690515446 33
stats: session 32 87477.45746612549 34054.26216036064 200044.14404296875 23607.587890625 91169.2727529983 484
stats: users_count 123 1210
stats: finish_users_count 32 516
stats: request 2216 447.9262321830226 213.91922400052948 1078.697998046875 0.48095703125 64.1162694048341 28119
stats: connect 109 1.2149803791571103 4.138846711740688 678.209228515625 0.59619140625 2.6414656989318503 1062
stats: page 1648 597.3460001528837 374.92762493327524 1422.56298828125 0.48095703125 80.88920817831783 22171
stats: 302 166 2409
stats: 200 1661 26615
stats: size_rcv 8972844 138423457
stats: newphase 0 5
stats: size_sent 1277431 17552070
stats: connected 76 655
stats: max_repeat 107 1367
stats: 204 12 861
stats: 400 0 4
stats: 503 377 446
# stats: dump at 1480465534
stats: users 732 732
stats: {load,"tsung_controller@ip-172-31-3-6"} 1 0.078125 0.0 0.12890625 0.01171875 0.057904411764705885 34
stats: {freemem,"tsung_controller@ip-172-31-3-6"} 1 2944.3125 0.0 3161.71484375 2944.3125 3090.9986213235293 34
stats: {recvpackets,"tsung_controller@ip-172-31-3-6"} 1 7052.0 0.0 7052 40 2537.4848484848485 33
stats: {sentpackets,"tsung_controller@ip-172-31-3-6"} 1 6197.0 0.0 6197 45 2375.3636363636365 33
stats: {cpu,"tsung_controller@ip-172-31-3-6"} 1 13.9186295503212 0.0 14.106583072100312 1.4792899408284024 5.8525062311502944 34
stats: session 67 80957.58670636079 28836.399539653088 200044.14404296875 19886.949951171875 90940.32296776587 516
stats: users_count 105 1315
stats: finish_users_count 67 583
stats: request 2449 414.96763845734216 235.82113968690248 1078.697998046875 0.348876953125 92.15394461553018 30335
stats: connect 122 0.8324695024334017 0.3128922516795025 678.209228515625 0.59619140625 2.508684401019428 1171
stats: page 1856 549.771245101402 388.3056450438837 1422.56298828125 0.348876953125 116.62205981667732 23819
stats: 302 186 2595
stats: 200 1686 28301
stats: size_rcv 9198266 147621723
stats: newphase 0 5
stats: size_sent 1404512 18956582
stats: connected 55 710
stats: max_repeat 139 1506
stats: 204 15 876
stats: 400 2 6
stats: 503 560 1006
# stats: dump at 1480465544
stats: users 754 764
stats: {load,"tsung_controller@ip-172-31-3-6"} 1 0.140625 0.0 0.140625 0.01171875 0.05848214285714286 35
stats: {freemem,"tsung_controller@ip-172-31-3-6"} 1 2929.11328125 0.0 3161.71484375 2929.11328125 3086.807589285714 35
stats: {recvpackets,"tsung_controller@ip-172-31-3-6"} 1 7410.0 0.0 7410 40 2670.264705882353 34
stats: {sentpackets,"tsung_controller@ip-172-31-3-6"} 1 6661.0 0.0 6661 45 2487.764705882353 34
stats: {cpu,"tsung_controller@ip-172-31-3-6"} 1 14.300960512273212 0.0 14.300960512273212 1.4792899408284024 6.08296689741232 35
stats: session 65 83136.23362379809 27205.27974585523 200044.14404296875 19886.949951171875 89793.0788348085 583
stats: users_count 87 1402
stats: finish_users_count 65 648
stats: request 2721 384.73859501691106 286.0911988661035 1078.697998046875 0.348876953125 116.26847414879633 32784
stats: connect 88 1.2397183504971592 2.3135131049096183 678.209228515625 0.59619140625 2.3505264600855567 1293
stats: page 2027 515.6209126017535 444.68213843641854 1422.56298828125 0.348876953125 147.93364259714272 25675
stats: 302 201 2796
stats: 200 1554 29855
stats: size_rcv 8637459 156259182
stats: newphase 0 5
stats: size_sent 1558788 20515370
stats: connected 22 732
stats: max_repeat 146 1652
stats: 204 11 887
stats: 400 2 8
stats: 503 951 1957
stats: 404 2 2
# stats: dump at 1480465554
stats: users 807 807
stats: {load,"tsung_controller@ip-172-31-3-6"} 1 0.19921875 0.0 0.19921875 0.01171875 0.06076388888888889 36
stats: {freemem,"tsung_controller@ip-172-31-3-6"} 1 2925.90234375 0.0 3161.71484375 2925.90234375 3082.427191840278 36
stats: {recvpackets,"tsung_controller@ip-172-31-3-6"} 1 7496.0 0.0 7496 40 2805.6857142857143 35
stats: {sentpackets,"tsung_controller@ip-172-31-3-6"} 1 6849.0 0.0 6849 45 2607.0 35
stats: {cpu,"tsung_controller@ip-172-31-3-6"} 1 16.68426610348469 0.0 16.68426610348469 1.4792899408284024 6.311244497825123 36
stats: session 60 83338.15751953123 32257.624080110054 200044.14404296875 19886.949951171875 89125.33973185222 648
stats: users_count 113 1515
stats: finish_users_count 60 708
stats: request 2835 365.94536296434023 271.6493196111086 1078.697998046875 0.333984375 136.84324386805108 35505
stats: connect 105 0.8568475632440476 0.16326008442337353 678.209228515625 0.59619140625 2.27974361168311 1381
stats: page 2176 479.73611506293753 415.5549104924008 1422.56298828125 0.333984375 174.83791291334177 27702
stats: 302 182 2978
stats: 200 1667 31522
stats: size_rcv 9282045 165541227
stats: newphase 1 6
stats: size_sent 1625010 22140380
stats: connected 47 779
stats: max_repeat 174 1826
stats: 204 9 896
stats: 400 6 14
stats: 503 967 2924
stats: 404 4 6
# stats: dump at 1480465564
stats: users 908 908
stats: {load,"tsung_controller@ip-172-31-3-6"} 1 0.23828125 0.0 0.23828125 0.01171875 0.06450591216216216 37
stats: {freemem,"tsung_controller@ip-172-31-3-6"} 1 2916.0625 0.0 3161.71484375 2916.0625 3078.1967905405404 37
stats: {recvpackets,"tsung_controller@ip-172-31-3-6"} 1 8021.0 0.0 8021 40 2935.972222222222 36
stats: {sentpackets,"tsung_controller@ip-172-31-3-6"} 1 7351.0 0.0 7351 45 2724.8333333333335 36
stats: {cpu,"tsung_controller@ip-172-31-3-6"} 1 17.967914438502675 0.0 17.967914438502675 1.4792899408284024 6.591596433113219 37
stats: session 65 77628.8053485577 32834.755223102555 200044.14404296875 19886.949951171875 88634.90056131654 708
stats: users_count 166 1681
stats: finish_users_count 65 773
stats: request 2856 358.30039640367823 259.43475393640006 1078.697998046875 0.333984375 153.78389351953723 38340
stats: connect 145 1.0372844827586203 1.2693020462492286 678.209228515625 0.59619140625 2.179202504626514 1486
stats: page 2214 461.07200527449623 389.1277352475889 1422.56298828125 0.333984375 197.04349855754555 29878
stats: 302 214 3192
stats: 200 1678 33200
stats: size_rcv 9340406 174881633
stats: newphase 0 6
stats: size_sent 1602865 23743245
stats: connected 79 858
stats: max_repeat 154 1980
stats: 204 7 903
stats: 400 9 23
stats: 503 945 3869
stats: 404 3 9
# stats: dump at 1480465574
stats: users 971 972
stats: {load,"tsung_controller@ip-172-31-3-6"} 1 0.2109375 0.0 0.23828125 0.01171875 0.06907894736842106 38
stats: {freemem,"tsung_controller@ip-172-31-3-6"} 1 2904.02734375 0.0 3161.71484375 2904.02734375 3073.9300986842104 38
stats: {recvpackets,"tsung_controller@ip-172-31-3-6"} 1 8460.0 0.0 8460 40 3073.4054054054054 37
stats: {sentpackets,"tsung_controller@ip-172-31-3-6"} 1 8099.0 0.0 8099 45 2849.864864864865 37
stats: {cpu,"tsung_controller@ip-172-31-3-6"} 1 19.11447084233261 0.0 19.11447084233261 1.4792899408284024 6.890973222728731 38
stats: session 85 76767.17284581803 30489.536088954508 200044.14404296875 18347.9638671875 87709.42036878184 773
stats: users_count 148 1829
stats: finish_users_count 85 858
stats: request 3253 331.4933949941645 293.9253715770483 2034.73291015625 0.333984375 167.9624334806283 41196
stats: connect 166 1.1214452536709338 2.1789494795432303 678.209228515625 0.5859375 2.077683121934396 1631
stats: page 2456 436.8932891746301 423.74365891412634 2034.73291015625 0.333984375 215.25860244235574 32092
stats: 302 211 3403
stats: 200 1641 34841
stats: size_rcv 9232724 184114357
stats: newphase 0 6
stats: size_sent 1847821 25591066
stats: connected 63 921
stats: max_repeat 148 2128
stats: 204 8 911
stats: 400 4 27
stats: 503 1367 5236
stats: 404 4 13
stats: 500 18 18
# stats: dump at 1480465584
stats: users 1067 1068
stats: {load,"tsung_controller@ip-172-31-3-6"} 1 0.171875 0.0 0.23828125 0.01171875 0.07271634615384616 39
stats: {freemem,"tsung_controller@ip-172-31-3-6"} 1 2894.4921875 0.0 3161.71484375 2894.4921875 3069.5736177884614 39
stats: {recvpackets,"tsung_controller@ip-172-31-3-6"} 1 8739.0 0.0 8739 40 3215.157894736842 38
stats: {sentpackets,"tsung_controller@ip-172-31-3-6"} 1 8623.0 0.0 8623 45 2988.0 38
stats: {cpu,"tsung_controller@ip-172-31-3-6"} 1 19.87110633727175 0.0 19.87110633727175 1.4792899408284024 7.20439623861601 39
stats: session 71 80509.1433243013 32269.145554707302 200044.14404296875 18347.9638671875 86625.39817827842 858
stats: users_count 167 1996
stats: finish_users_count 71 929
stats: request 3542 399.9885963857812 691.5288769993118 6584.577880859375 0.333984375 179.93044665985693 44449
stats: connect 199 0.9551456010521359 1.878573305682505 678.209228515625 0.5859375 1.989349518077003 1797
stats: page 2655 531.9306737177795 827.2706018056166 6584.577880859375 0.333984375 231.01450120970742 34548
stats: 302 174 3577
stats: 200 1517 36358
stats: size_rcv 8892002 193006359
stats: newphase 0 6
stats: size_sent 2024545 27615611
stats: connected 93 1014
stats: max_repeat 216 2344
stats: 204 3 914
stats: 400 10 37
stats: 503 1803 7039
stats: 404 2 15
stats: 500 33 51
# stats: dump at 1480465594
stats: users 1143 1144
stats: {load,"tsung_controller@ip-172-31-3-6"} 1 0.23046875 0.0 0.23828125 0.01171875 0.0751953125 40
stats: {freemem,"tsung_controller@ip-172-31-3-6"} 1 2892.33203125 0.0 3161.71484375 2892.33203125 3065.19658203125 40
stats: {recvpackets,"tsung_controller@ip-172-31-3-6"} 1 9045.0 0.0 9045 40 3356.7948717948716 39
stats: {sentpackets,"tsung_controller@ip-172-31-3-6"} 1 8824.0 0.0 8824 45 3132.4871794871797 39
stats: {cpu,"tsung_controller@ip-172-31-3-6"} 1 20.260021668472373 0.0 20.260021668472373 1.4792899408284024 7.521063991082403 40
stats: session 107 80110.34610926552 33241.55922117349 200044.14404296875 18347.9638671875 86157.95566521882 929
stats: users_count 183 2179
stats: finish_users_count 107 1036
stats: request 3251 613.6946571277335 1393.8296263341122 9067.163818359375 0.333984375 196.17194957351208 47991
stats: connect 166 211.56907267742847 647.8526583725793 3004.570068359375 0.5859375 1.8862400093155058 1996
stats: page 2604 765.1108089980279 1561.4281943408762 13742.680908203125 0.333984375 252.4894478002762 37203
stats: 302 229 3806
stats: 200 1763 38121
stats: size_rcv 9946122 202952481
stats: newphase 0 6
stats: size_sent 1819421 29435032
stats: connected 24 1038
stats: max_repeat 211 2555
stats: 204 4 918
stats: 400 11 48
stats: 503 1203 8242
stats: 404 2 17
stats: 500 39 90
# stats: dump at 1480465604
stats: users 1202 1203
stats: {load,"tsung_controller@ip-172-31-3-6"} 1 0.19140625 0.0 0.23828125 0.01171875 0.07898246951219512 41
stats: {freemem,"tsung_controller@ip-172-31-3-6"} 1 2886.43359375 0.0 3161.71484375 2886.43359375 3060.9803734756097 41
stats: {recvpackets,"tsung_controller@ip-172-31-3-6"} 1 8759.0 0.0 9045 40 3499.0 40
stats: {sentpackets,"tsung_controller@ip-172-31-3-6"} 1 8606.0 0.0 8824 45 3274.775 40
stats: {cpu,"tsung_controller@ip-172-31-3-6"} 1 20.32085561497326 0.0 20.32085561497326 1.4792899408284024 7.831770275896791 41
stats: session 98 86062.45393963245 28955.903558697104 200044.14404296875 18347.9638671875 85533.34734235491 1036
stats: users_count 157 2336
stats: finish_users_count 98 1134
stats: request 3022 792.9251527211908 1943.9872051207342 15021.39013671875 0.333984375 222.6612810254221 51242
stats: connect 144 959.9438171386723 2210.9239306151894 15032.5390625 0.581787109375 17.985846957931024 2162
stats: page 2386 1008.94457946419 2193.0646044992723 16625.363037109375 0.333984375 286.0228973081252 39807
stats: 302 198 4004
stats: 200 1828 39949
stats: size_rcv 10033219 212985700
stats: newphase 0 6
stats: size_sent 1692880 31127912
stats: connected -1 1037
stats: max_repeat 178 2733
stats: 204 4 922
stats: 400 7 55
stats: 503 935 9177
stats: 404 2 19
stats: 500 48 138
# stats: dump at 1480465614
stats: users 1241 1241
stats: {load,"tsung_controller@ip-172-31-3-6"} 1 0.16015625 0.0 0.23828125 0.01171875 0.08165922619047619 42
stats: {freemem,"tsung_controller@ip-172-31-3-6"} 1 2881.4375 0.0 3161.71484375 2881.4375 3056.8244977678573 42
stats: {recvpackets,"tsung_controller@ip-172-31-3-6"} 1 8645.0 0.0 9045 40 3627.2926829268295 41
stats: {sentpackets,"tsung_controller@ip-172-31-3-6"} 1 8470.0 0.0 8824 45 3404.8048780487807 41
stats: {cpu,"tsung_controller@ip-172-31-3-6"} 1 18.91891891891892 0.0 20.32085561497326 1.4792899408284024 8.129129450636707 42
stats: session 113 86098.24475853848 28015.543289281846 200044.14404296875 18347.9638671875 85579.07260384804 1134
stats: users_count 152 2488
stats: finish_users_count 113 1247
stats: request 2993 845.4088042183063 2243.4246741560623 24447.1318359375 0.333984375 254.41967370315712 54264
stats: connect 145 1195.448679956897 3387.7728524921977 15032.5390625 0.581787109375 76.80715992671972 2306
stats: page 2338 1083.4058304289879 2510.0524139808094 24447.1318359375 0.333984375 326.90387599237073 42193
stats: 302 191 4195
stats: 200 1757 41706
stats: size_rcv 9692275 222677975
stats: newphase 1 7
stats: size_sent 1659489 32787401
stats: connected -7 1030
stats: max_repeat 189 2922
stats: 204 2 924
stats: 400 3 58
stats: 503 997 10174
stats: 404 1 20
stats: 500 42 180
# stats: dump at 1480465624
stats: users 1360 1360
stats: {load,"tsung_controller@ip-172-31-3-6"} 1 0.2109375 0.0 0.23828125 0.01171875 0.08348473837209303 43
stats: {freemem,"tsung_controller@ip-172-31-3-6"} 1 2878.96875 0.0 3161.71484375 2878.96875 3052.745730377907 43
stats: {recvpackets,"tsung_controller@ip-172-31-3-6"} 1 8624.0 0.0 9045 40 3746.7619047619046 42
stats: {sentpackets,"tsung_controller@ip-172-31-3-6"} 1 8432.0 0.0 8824 45 3525.404761904762 42
stats: {cpu,"tsung_controller@ip-172-31-3-6"} 1 20.8955223880597 0.0 20.8955223880597 1.4792899408284024 8.380054787108387 43
stats: session 87 97747.23769194502 28281.27591122634 200044.14404296875 18347.9638671875 85626.11867720811 1247
stats: users_count 206 2694
stats: finish_users_count 87 1334
stats: request 3028 822.6721180118368 2253.303270601048 24447.1318359375 0.333984375 285.3124984692441 57257
stats: connect 146 1002.3616073817419 2858.0724687529146 15036.425048828125 0.578125 142.98546282528181 2451
stats: page 2369 1039.9379267565746 2496.3661502948294 24447.1318359375 0.333984375 366.62230965594915 44531
stats: 302 224 4419
stats: 200 1756 43462
stats: size_rcv 9694648 232372623
stats: newphase 0 7
stats: size_sent 1694476 34481877
stats: connected 6 1036
stats: max_repeat 175 3097
stats: 204 2 926
stats: 400 3 61
stats: 503 990 11164
stats: 404 0 20
stats: 500 53 233
# stats: dump at 1480465634
stats: users 1459 1459
stats: {load,"tsung_controller@ip-172-31-3-6"} 1 0.1796875 0.0 0.23828125 0.01171875 0.08638139204545454 44
stats: {freemem,"tsung_controller@ip-172-31-3-6"} 1 2876.796875 0.0 3161.71484375 2876.796875 3048.7962535511365 44
stats: {recvpackets,"tsung_controller@ip-172-31-3-6"} 1 8722.0 0.0 9045 40 3860.186046511628 43
stats: {sentpackets,"tsung_controller@ip-172-31-3-6"} 1 8918.0 0.0 8918 45 3639.5116279069766 43
stats: {cpu,"tsung_controller@ip-172-31-3-6"} 1 21.221864951768488 0.0 21.221864951768488 1.4792899408284024 8.664497232584553 44
stats: session 106 86502.1610867482 27012.846480360455 200044.14404296875 18347.9638671875 86416.62643903878 1334
stats: users_count 205 2899
stats: finish_users_count 106 1440
stats: request 3128 790.0400300086922 2199.1599140371727 24744.1689453125 0.333984375 312.3030421861715 60285
stats: connect 140 1410.3077287946428 4769.653152658144 31073.516845703125 0.461181640625 191.29848442914903 2597
stats: page 2448 1021.0118462057678 2527.285436314305 24773.005126953125 0.333984375 400.6326443448912 46900
stats: 302 182 4601
stats: 200 1724 45186
stats: size_rcv 9615113 241987736
stats: newphase 0 7
stats: size_sent 1759140 36241017
stats: connected -3 1033
stats: max_repeat 204 3301
stats: 204 1 927
stats: 400 3 64
stats: 503 1176 12340
stats: 404 0 20
stats: 500 42 275
# stats: dump at 1480465644
stats: users 1554 1555
stats: {load,"tsung_controller@ip-172-31-3-6"} 1 0.21875 0.0 0.23828125 0.01171875 0.08845486111111112 45
stats: {freemem,"tsung_controller@ip-172-31-3-6"} 1 2876.125 0.0 3161.71484375 2876.125 3044.974045138889 45
stats: {recvpackets,"tsung_controller@ip-172-31-3-6"} 1 8702.0 0.0 9045 40 3970.681818181818 44
stats: {sentpackets,"tsung_controller@ip-172-31-3-6"} 1 8970.0 0.0 8970 45 3759.4772727272725 44
stats: {cpu,"tsung_controller@ip-172-31-3-6"} 1 20.775026910656617 0.0 21.221864951768488 1.4792899408284024 8.943549848566418 45
stats: session 107 87140.0555682316 27503.576355721216 200044.14404296875 18347.9638671875 86422.92273949517 1440
stats: users_count 202 3101
stats: finish_users_count 107 1547
stats: request 3016 902.368348948836 2735.4696577089153 41133.31396484375 0.333984375 335.8685776112239 63413
stats: connect 148 2024.5411129513307 5814.038158380458 31078.488037109375 0.461181640625 253.6518984631896 2737
stats: page 2381 1139.2714645853544 3045.9197957355623 41133.31396484375 0.333984375 431.4077170156261 49348
stats: 302 198 4799
stats: 200 1824 47010
stats: size_rcv 10094026 252081762
stats: newphase 0 7
stats: size_sent 1685595 37926612
stats: connected -1 1032
stats: max_repeat 187 3488
stats: 204 1 928
stats: 400 6 70
stats: 503 944 13284
stats: 404 0 20
stats: 500 43 318
# stats: dump at 1480465654
stats: users 1641 1643
stats: {load,"tsung_controller@ip-172-31-3-6"} 1 0.26953125 0.0 0.26953125 0.01171875 0.09128736413043478 46
stats: {freemem,"tsung_controller@ip-172-31-3-6"} 1 2863.046875 0.0 3161.71484375 2863.046875 3041.303413722826 46
stats: {recvpackets,"tsung_controller@ip-172-31-3-6"} 1 8663.0 0.0 9045 40 4075.822222222222 45
stats: {sentpackets,"tsung_controller@ip-172-31-3-6"} 1 8767.0 0.0 8970 45 3875.266666666667 45
stats: {cpu,"tsung_controller@ip-172-31-3-6"} 1 19.264069264069263 0.0 21.221864951768488 1.4792899408284024 9.200755871655335 46
stats: session 106 90756.75462024614 24326.80861027101 200044.14404296875 18347.9638671875 86472.52404051313 1547
stats: users_count 193 3294
stats: finish_users_count 106 1653
stats: request 3058 798.0031995355424 2329.8673711073816 41133.31396484375 0.333984375 361.5887195726298 66429
stats: connect 141 2636.907133061835 7750.254268693067 63161.401123046875 0.461181640625 344.4982082532225 2885
stats: page 2367 1033.8561315500233 2640.8233439513792 41133.31396484375 0.333984375 463.9895102643555 51729
stats: 302 203 5002
stats: 200 1755 48765
stats: size_rcv 9739663 261821425
stats: newphase 0 7
stats: size_sent 1716780 39643392
stats: connected -6 1026
stats: max_repeat 193 3681
stats: 204 3 931
stats: 400 2 72
stats: 503 1054 14338
stats: 404 0 20
stats: 500 41 359
# stats: dump at 1480465664
stats: users 1747 1751
stats: {load,"tsung_controller@ip-172-31-3-6"} 1 0.23046875 0.0 0.26953125 0.01171875 0.09507978723404255 47
stats: {freemem,"tsung_controller@ip-172-31-3-6"} 1 2861.7578125 0.0 3161.71484375 2861.7578125 3037.5107214095747 47
stats: {recvpackets,"tsung_controller@ip-172-31-3-6"} 1 8672.0 0.0 9045 40 4175.54347826087 46
stats: {sentpackets,"tsung_controller@ip-172-31-3-6"} 1 9003.0 0.0 9003 45 3981.608695652174 46
stats: {cpu,"tsung_controller@ip-172-31-3-6"} 1 18.927789934354486 0.0 21.221864951768488 1.4792899408284024 9.414868922557758 47
stats: session 108 93751.75017406323 22699.80238160544 200044.14404296875 18347.9638671875 86747.25389015117 1653
stats: users_count 214 3508
stats: finish_users_count 108 1761
stats: request 2927 893.7739004246553 3019.2097508939273 72153.61694335938 0.333984375 380.79454914832866 69487
stats: connect 138 7552.450603982678 17793.082778432803 63164.467041015625 0.461181640625 451.31567632923515 3026
stats: page 2279 1143.4508112881892 3390.590704002315 72153.61694335938 0.333984375 488.9243352529531 54096
stats: 302 176 5178
stats: 200 1609 50374
stats: size_rcv 9078069 270899494
stats: newphase 0 7
stats: size_sent 1629879 41273271
stats: connected 4 1030
stats: max_repeat 197 3878
stats: 204 3 934
stats: 400 4 76
stats: 503 1105 15443
stats: 404 1 21
stats: 500 29 388
# stats: dump at 1480465674
stats: users 1749 1804
stats: {load,"tsung_controller@ip-172-31-3-6"} 1 0.26953125 0.0 0.26953125 0.01171875 0.097900390625 48
stats: {freemem,"tsung_controller@ip-172-31-3-6"} 1 2865.43359375 0.0 3161.71484375 2861.7578125 3033.8492024739585 48
stats: {recvpackets,"tsung_controller@ip-172-31-3-6"} 1 8498.0 0.0 9045 40 4271.212765957447 47
stats: {sentpackets,"tsung_controller@ip-172-31-3-6"} 1 8867.0 0.0 9003 45 4088.446808510638 47
stats: {cpu,"tsung_controller@ip-172-31-3-6"} 1 18.892508143322477 0.0 21.221864951768488 1.4792899408284024 9.613054776970191 48
stats: session 106 94983.35484227595 27114.26018875637 200044.14404296875 18347.9638671875 87176.83117502482 1761
stats: users_count 108 3616
stats: finish_users_count 106 1867
stats: request 2975 1169.5004849986865 5207.170213871035 72646.24584960938 0.333984375 401.5293595604839 72414
stats: connect 145 8955.606675983297 17880.657262942837 63164.467041015625 0.461181640625 761.0364791156369 3164
stats: page 2311 1509.9374560525744 5878.05756188154 72646.24584960938 0.333984375 515.3840397120981 56375
stats: 302 193 5371
stats: 200 1732 52106
stats: size_rcv 9610871 280510365
stats: newphase 0 7
stats: size_sent 1649235 42922506
stats: connected 0 1030
stats: max_repeat 187 4065
stats: 204 1 935
stats: 400 4 80
stats: 503 1006 16449
stats: 404 1 22
stats: 500 38 426
# stats: dump at 1480465684
stats: users 1659 1804
stats: {load,"tsung_controller@ip-172-31-3-6"} 1 0.23046875 0.0 0.26953125 0.01171875 0.10140306122448979 49
stats: {freemem,"tsung_controller@ip-172-31-3-6"} 1 2864.140625 0.0 3161.71484375 2861.7578125 3030.412149234694 49
stats: {recvpackets,"tsung_controller@ip-172-31-3-6"} 1 8612.0 0.0 9045 40 4359.270833333333 48
stats: {sentpackets,"tsung_controller@ip-172-31-3-6"} 1 8502.0 0.0 9003 45 4188.0 48
stats: {cpu,"tsung_controller@ip-172-31-3-6"} 1 17.508055853920514 0.0 21.221864951768488 1.4792899408284024 9.802431376283502 49
stats: session 90 96623.37515462238 25920.216580040204 200044.14404296875 18347.9638671875 87620.05105115156 1867
stats: users_count 0 3616
stats: finish_users_count 90 1957
stats: request 3141 1121.4527770937827 5365.468025609417 73003.39208984375 0.333984375 431.83502879841853 75389
stats: connect 133 17432.340943300638 19329.564481810346 63164.467041015625 0.461181640625 1120.1216040917054 3309
stats: page 2452 1429.7368051550704 6039.735414337108 73003.39208984375 0.333984375 554.5486265839728 58686
stats: 302 187 5558
stats: 200 1748 53854
stats: size_rcv 9800308 290310673
stats: newphase 0 7
stats: size_sent 1755166 44677672
stats: connected 4 1034
stats: max_repeat 195 4260
stats: 204 4 939
stats: 400 0 80
stats: 503 1162 17611
stats: 404 2 24
stats: 500 38 464
# stats: dump at 1480465694
stats: users 1547 1804
stats: {load,"tsung_controller@ip-172-31-3-6"} 1 0.3515625 0.0 0.3515625 0.01171875 0.103984375 50
stats: {freemem,"tsung_controller@ip-172-31-3-6"} 1 2859.04296875 0.0 3161.71484375 2859.04296875 3027.08671875 50
stats: {recvpackets,"tsung_controller@ip-172-31-3-6"} 1 8178.0 0.0 9045 40 4446.061224489796 49
stats: {sentpackets,"tsung_controller@ip-172-31-3-6"} 1 7939.0 0.0 9003 45 4276.040816326531 49
stats: {cpu,"tsung_controller@ip-172-31-3-6"} 1 17.4468085106383 0.0 21.221864951768488 1.4792899408284024 9.956543865836244 50
stats: session 112 95230.27717808312 31132.207341006553 200044.14404296875 18347.9638671875 88034.10274727439 1957
stats: users_count 0 3616
stats: finish_users_count 112 2069
stats: request 2944 1651.2528266077472 7201.762415913473 73689.52905273438 0.333984375 459.4179824135432 78530
stats: connect 136 30641.221586339612 25822.021092644296 63164.467041015625 0.461181640625 1750.4310672279016 3442
stats: page 2279 2129.1964116148793 8136.18682375927 73689.52905273438 0.333984375 589.6489146839488 61138
stats: 302 209 5767
stats: 200 1720 55574
stats: size_rcv 9567850 299878523
stats: newphase 0 7
stats: size_sent 1660362 46338034
stats: connected -3 1031
stats: max_repeat 190 4450
stats: 204 1 940
stats: 400 7 87
stats: 503 971 18582
stats: 404 1 25
stats: 500 35 499
# stats: dump at 1480465704
stats: users 1435 1804
stats: {load,"tsung_controller@ip-172-31-3-6"} 1 0.2890625 0.0 0.3515625 0.01171875 0.10883884803921569 51
stats: {freemem,"tsung_controller@ip-172-31-3-6"} 1 2850.3671875 0.0 3161.71484375 2850.3671875 3023.7917432598038 51
stats: {recvpackets,"tsung_controller@ip-172-31-3-6"} 1 8541.0 0.0 9045 40 4520.7 50
stats: {sentpackets,"tsung_controller@ip-172-31-3-6"} 1 8118.0 0.0 9003 45 4349.3 50
stats: {cpu,"tsung_controller@ip-172-31-3-6"} 1 17.677824267782427 0.0 21.221864951768488 1.4792899408284024 10.103411800048049 51
stats: session 112 101772.08410426548 27986.795277736823 200044.14404296875 18347.9638671875 88423.64916402189 2069
stats: users_count 0 3616
stats: finish_users_count 112 2181
stats: request 3118 2502.848542218955 11051.098107514767 73689.52905273438 0.333984375 502.4840130651344 81474
stats: connect 157 39505.06745900924 26281.579263239117 63164.467041015625 0.461181640625 2848.5717912634505 3578
stats: page 2454 3160.468278034589 12309.102929371813 73689.52905273438 0.333984375 644.9752269583482 63417
stats: 302 190 5957
stats: 200 1803 57377
stats: size_rcv 10005643 309884166
stats: newphase 0 7
stats: size_sent 1729377 48067411
stats: connected -4 1027
stats: max_repeat 210 4660
stats: 204 1 941
stats: 400 4 91
stats: 503 1076 19658
stats: 404 1 26
stats: 500 44 543
# stats: dump at 1480465714
stats: users 1324 1804
stats: {load,"tsung_controller@ip-172-31-3-6"} 1 0.25 0.0 0.3515625 0.01171875 0.1123046875 52
stats: {freemem,"tsung_controller@ip-172-31-3-6"} 1 2849.56640625 0.0 3161.71484375 2849.56640625 3020.4566556490386 52
stats: {recvpackets,"tsung_controller@ip-172-31-3-6"} 1 8553.0 0.0 9045 40 4599.529411764706 51
stats: {sentpackets,"tsung_controller@ip-172-31-3-6"} 1 8076.0 0.0 9003 45 4423.196078431372 51
stats: {cpu,"tsung_controller@ip-172-31-3-6"} 1 15.646940822467403 0.0 21.221864951768488 1.4792899408284024 10.249073578273709 52
stats: session 111 101117.87263997395 31329.200036302078 200044.14404296875 18347.9638671875 89109.12587805549 2181
stats: users_count 0 3616
stats: finish_users_count 111 2292
stats: request 3149 2507.766098318044 11367.195989504526 73689.52905273438 0.333984375 576.2160042924562 84592
stats: connect 125 42843.655435546876 28904.672635634215 63164.467041015625 0.461181640625 4389.4204712731125 3735
stats: page 2458 3240.050469667761 12878.504233884112 80111.80712890625 0.333984375 738.6890000503173 65871
stats: 302 185 6142
stats: 200 1770 59147
stats: size_rcv 9944125 319828291
stats: newphase 0 7
stats: size_sent 1752663 49820074
stats: connected -20 1007
stats: max_repeat 209 4869
stats: 204 0 941
stats: error_connect_etimedout 2 2
stats: 400 3 94
stats: 503 1146 20804
stats: 404 2 28
stats: 500 42 585
# stats: dump at 1480465724
stats: users 1222 1804
stats: {load,"tsung_controller@ip-172-31-3-6"} 1 0.2109375 0.0 0.3515625 0.01171875 0.11490271226415094 53
stats: {freemem,"tsung_controller@ip-172-31-3-6"} 1 2849.30078125 0.0 3161.71484375 2849.30078125 3017.232311320755 53
stats: {recvpackets,"tsung_controller@ip-172-31-3-6"} 1 8249.0 0.0 9045 40 4675.557692307693 52
stats: {sentpackets,"tsung_controller@ip-172-31-3-6"} 1 7651.0 0.0 9003 45 4493.442307692308 52
stats: {cpu,"tsung_controller@ip-172-31-3-6"} 1 14.583333333333334 0.0 21.221864951768488 1.4792899408284024 10.350920130050948 53
stats: session 102 105044.57261029414 27158.489659497012 200044.14404296875 18347.9638671875 89690.70131024264 2292
stats: users_count 0 3616
stats: finish_users_count 102 2394
stats: request 2966 2773.450169548501 12631.00302732584 73689.52905273438 0.333984375 645.5387980386704 87741
stats: connect 134 25908.72519239739 31049.895664767784 63164.467041015625 0.461181640625 5634.70010094519 3860
stats: page 2316 3551.095863671705 14207.729572228836 80111.80712890625 0.333984375 828.6705085213864 68329
stats: 302 207 6349
stats: 200 1711 60858
stats: size_rcv 9552772 329381063
stats: newphase 0 7
stats: size_sent 1657412 51477486
stats: connected 0 1007
stats: max_repeat 195 5064
stats: 204 0 941
stats: error_connect_etimedout 46 48
stats: 400 8 102
stats: 503 1000 21804
stats: 404 2 30
stats: 500 38 623
# stats: dump at 1480465734
stats: users 1111 1804
stats: {load,"tsung_controller@ip-172-31-3-6"} 1 0.1796875 0.0 0.3515625 0.01171875 0.11668113425925926 54
stats: {freemem,"tsung_controller@ip-172-31-3-6"} 1 2848.0625 0.0 3161.71484375 2848.0625 3014.122468171296 54
stats: {recvpackets,"tsung_controller@ip-172-31-3-6"} 1 8315.0 0.0 9045 40 4742.9811320754725 53
stats: {sentpackets,"tsung_controller@ip-172-31-3-6"} 1 7743.0 0.0 9003 45 4553.018867924528 53
stats: {cpu,"tsung_controller@ip-172-31-3-6"} 1 17.395944503735326 0.0 21.221864951768488 1.4792899408284024 10.429298152333956 54
stats: session 111 106457.9349046312 20229.71875096189 200044.14404296875 18347.9638671875 90344.87627791401 2394
stats: users_count 0 3616
stats: finish_users_count 111 2505
stats: request 3011 1539.5347939715834 8183.650506897629 73689.52905273438 0.333984375 715.1187105911544 90707
stats: connect 115 15917.698036260197 27409.327888947722 63164.467041015625 0.461181640625 6314.900241720001 3994
stats: page 2372 1958.9172481646235 9184.716040773843 80111.80712890625 0.333984375 917.9215117421118 70645
stats: 302 177 6526
stats: 200 1813 62671
stats: size_rcv 10077821 339458884
stats: newphase 0 7
stats: size_sent 1670478 53147964
stats: connected -28 979
stats: max_repeat 184 5248
stats: 204 0 941
stats: error_connect_etimedout 50 98
stats: 400 4 106
stats: 503 977 22781
stats: 404 0 30
stats: 500 40 663
# stats: dump at 1480465744
stats: users 992 1804
stats: {load,"tsung_controller@ip-172-31-3-6"} 1 0.21875 0.0 0.3515625 0.01171875 0.11782670454545455 55
stats: {freemem,"tsung_controller@ip-172-31-3-6"} 1 2853.42578125 0.0 3161.71484375 2848.0625 3011.1031960227274 55
stats: {recvpackets,"tsung_controller@ip-172-31-3-6"} 1 8155.0 0.0 9045 40 4809.1296296296305 54
stats: {sentpackets,"tsung_controller@ip-172-31-3-6"} 1 7616.0 0.0 9003 45 4612.092592592592 54
stats: {cpu,"tsung_controller@ip-172-31-3-6"} 1 17.72823779193206 0.0 21.221864951768488 1.4792899408284024 10.555964449632164 55
stats: session 119 112314.00602555476 21874.348872944 200044.14404296875 18347.9638671875 91058.86809730149 2505
stats: users_count 0 3616
stats: finish_users_count 119 2624
stats: request 3036 888.5022082825134 5326.1886679824665 73689.52905273438 0.333984375 741.6057976721684 93718
stats: connect 63 1.0964742993551593 0.5010917476273402 63164.467041015625 0.461181640625 6583.657055147141 4109
stats: page 2357 1143.044928400609 6032.863511338749 80111.80712890625 0.333984375 951.7388677933627 73017
stats: 302 217 6743
stats: 200 1631 64302
stats: size_rcv 9197500 348656384
stats: newphase 0 7
stats: size_sent 1684862 54832826
stats: connected -83 896
stats: max_repeat 221 5469
stats: 204 0 941
stats: error_connect_etimedout 36 134
stats: 400 7 113
stats: 503 1153 23934
stats: 404 0 30
stats: 500 28 691
# stats: dump at 1480465754
stats: users 905 1804
stats: {load,"tsung_controller@ip-172-31-3-6"} 1 0.26953125 0.0 0.3515625 0.01171875 0.11962890625 56
stats: {freemem,"tsung_controller@ip-172-31-3-6"} 1 2857.7890625 0.0 3161.71484375 2848.0625 3008.287527901786 56
stats: {recvpackets,"tsung_controller@ip-172-31-3-6"} 1 7957.0 0.0 9045 40 4869.963636363637 55
stats: {sentpackets,"tsung_controller@ip-172-31-3-6"} 1 7314.0 0.0 9003 45 4666.70909090909 55
stats: {cpu,"tsung_controller@ip-172-31-3-6"} 1 17.67195767195767 0.0 21.221864951768488 1.4792899408284024 10.68404075931609 56
stats: session 87 119843.56752592942 20897.529131426494 200044.14404296875 18347.9638671875 92022.80156279773 2624
stats: users_count 0 3616
stats: finish_users_count 87 2711
stats: request 2839 367.77052673146363 255.72259495416185 73689.52905273438 0.333984375 746.2151936931393 96754
stats: connect 62 1.1670788180443548 0.5355466727571443 63164.467041015625 0.461181640625 6484.255972550447 4172
stats: page 2210 474.02816432763007 383.1485212746964 80111.80712890625 0.333984375 957.7211479543106 75374
stats: 302 171 6914
stats: 200 1767 66069
stats: size_rcv 9843940 358500324
stats: newphase 0 7
stats: size_sent 1613453 56446279
stats: connected -27 869
stats: max_repeat 176 5645
stats: 204 0 941
stats: error_connect_etimedout 58 192
stats: 400 5 118
stats: 503 894 24828
stats: 404 0 30
stats: 500 2 693
# stats: dump at 1480465764
stats: users 811 1804
stats: {load,"tsung_controller@ip-172-31-3-6"} 1 0.30078125 0.0 0.3515625 0.01171875 0.12225877192982457 57
stats: {freemem,"tsung_controller@ip-172-31-3-6"} 1 2852.859375 0.0 3161.71484375 2848.0625 3005.6472039473683 57
stats: {recvpackets,"tsung_controller@ip-172-31-3-6"} 1 7579.0 0.0 9045 40 4925.089285714287 56
stats: {sentpackets,"tsung_controller@ip-172-31-3-6"} 1 6638.0 0.0 9003 45 4713.982142857143 56
stats: {cpu,"tsung_controller@ip-172-31-3-6"} 1 16.170212765957448 0.0 21.221864951768488 1.4792899408284024 10.806635792871205 57
stats: session 94 119934.32464729472 24705.095657322163 219766.65087890625 18347.9638671875 92915.61109389049 2711
stats: users_count 0 3616
stats: finish_users_count 94 2805
stats: request 2477 394.0155418128031 182.99577770313175 73689.52905273438 0.333984375 735.4272426373001 99593
stats: connect 29 0.9246868265086207 0.12961858481280705 63164.467041015625 0.461181640625 6389.321746898248 4234
stats: page 2007 489.0406611527625 308.67742404072897 80111.80712890625 0.333984375 943.9430301231216 77584
stats: 302 170 7084
stats: 200 1947 68016
stats: size_rcv 10427802 368928126
stats: newphase 0 7
stats: size_sent 1395093 57841372
stats: connected -65 804
stats: max_repeat 202 5847
stats: 204 0 941
stats: error_connect_etimedout 29 221
stats: 400 3 121
stats: 503 352 25180
stats: 404 0 30
stats: 500 5 698
# stats: dump at 1480465774
stats: users 717 1804
stats: {load,"tsung_controller@ip-172-31-3-6"} 1 0.25 0.0 0.3515625 0.01171875 0.12533674568965517 58
stats: {freemem,"tsung_controller@ip-172-31-3-6"} 1 2853.8046875 0.0 3161.71484375 2848.0625 3003.012931034483 58
stats: {recvpackets,"tsung_controller@ip-172-31-3-6"} 1 7454.0 0.0 9045 40 4971.649122807019 57
stats: {sentpackets,"tsung_controller@ip-172-31-3-6"} 1 6344.0 0.0 9003 45 4747.736842105263 57
stats: {cpu,"tsung_controller@ip-172-31-3-6"} 1 16.259298618490966 0.0 21.221864951768488 1.4792899408284024 10.899111257924417 58
stats: session 94 127633.58420514046 23187.924373927624 239513.27807617188 18347.9638671875 93821.05104897782 2805
stats: users_count 0 3616
stats: finish_users_count 94 2899
stats: request 2245 207.23796098534996 140.05405877438153 73689.52905273438 0.333984375 727.1419797496516 102070
stats: connect 8 1.090240478515625 0.18048028362046625 63164.467041015625 0.461181640625 6345.8632634964 4263
stats: page 1898 247.42645758899226 203.5519788231362 80111.80712890625 0.333984375 932.4720214095295 79591
stats: 302 196 7280
stats: 200 2046 70062
stats: size_rcv 10750464 379678590
stats: newphase 0 7
stats: size_sent 1240269 59081641
stats: connected -85 719
stats: max_repeat 158 6005
stats: 204 0 941
stats: error_connect_etimedout 8 229
stats: 400 0 121
stats: 503 0 25180
stats: 404 0 30
stats: 500 3 701
# stats: dump at 1480465784
stats: users 625 1804
stats: {load,"tsung_controller@ip-172-31-3-6"} 1 0.21875 0.0 0.3515625 0.01171875 0.12744968220338984 59
stats: {freemem,"tsung_controller@ip-172-31-3-6"} 1 2866.453125 0.0 3161.71484375 2848.0625 3000.4839777542375 59
stats: {recvpackets,"tsung_controller@ip-172-31-3-6"} 1 4656.0 0.0 9045 40 5014.44827586207 58
stats: {sentpackets,"tsung_controller@ip-172-31-3-6"} 1 4826.0 0.0 9003 45 4775.258620689655 58
stats: {cpu,"tsung_controller@ip-172-31-3-6"} 1 11.970338983050848 0.0 21.221864951768488 1.4792899408284024 10.989961891154358 59
stats: session 92 137236.6654928456 22896.21994687301 239513.27807617188 18347.9638671875 94917.4215618027 2899
stats: users_count 0 3616
stats: finish_users_count 92 2991
stats: request 1594 21.647940182177333 22.823089118583052 73689.52905273438 0.333984375 715.9529415276714 104315
stats: connect 0 0 0 63164.467041015625 0.461181640625 6333.9788841510135 4271
stats: page 1443 23.918909275110437 27.92269251577509 80111.80712890625 0.333984375 916.5162914320922 81489
stats: 302 112 7392
stats: 200 1482 71544
stats: size_rcv 7618830 387297420
stats: newphase 0 7
stats: size_sent 883658 59965299
stats: connected -93 626
stats: max_repeat 142 6147
stats: 204 0 941
stats: error_connect_etimedout 0 229
stats: 400 0 121
stats: 503 0 25180
stats: 404 0 30
stats: 500 0 701
# stats: dump at 1480465794
stats: users 534 1804
stats: {load,"tsung_controller@ip-172-31-3-6"} 1 0.1796875 0.0 0.3515625 0.01171875 0.1289713541666667 60
stats: {freemem,"tsung_controller@ip-172-31-3-6"} 1 2877.22265625 0.0 3161.71484375 2848.0625 2998.2501302083333 60
stats: {recvpackets,"tsung_controller@ip-172-31-3-6"} 1 3025.0 0.0 9045 40 5008.372881355933 59
stats: {sentpackets,"tsung_controller@ip-172-31-3-6"} 1 3799.0 0.0 9003 45 4776.118644067797 59
stats: {cpu,"tsung_controller@ip-172-31-3-6"} 1 9.309623430962342 0.0 21.221864951768488 1.4792899408284024 11.006301509352634 60
stats: session 91 142636.93591711027 21678.146538546425 240630.8388671875 18347.9638671875 96219.1167947201 2991
stats: users_count 0 3616
stats: finish_users_count 91 3082
stats: request 1205 13.762994562046156 11.558569283904724 73689.52905273438 0.333984375 705.5031953102139 105909
stats: connect 0 0 0 63164.467041015625 0.461181640625 6333.9788841510135 4271
stats: page 1162 14.274427929351335 13.310325456744389 80111.80712890625 0.333984375 900.9852778010147 82932
stats: 302 59 7451
stats: 200 1144 72688
stats: size_rcv 5703492 393000912
stats: newphase 0 7
stats: size_sent 647212 60612511
stats: connected -89 537
stats: max_repeat 101 6248
stats: 204 0 941
stats: error_connect_etimedout 0 229
stats: 400 0 121
stats: 503 0 25180
stats: 404 0 30
stats: 500 2 703
# stats: dump at 1480465804
stats: users 445 1804
stats: {load,"tsung_controller@ip-172-31-3-6"} 1 0.1484375 0.0 0.3515625 0.01171875 0.12980276639344265 61
stats: {freemem,"tsung_controller@ip-172-31-3-6"} 1 2881.84765625 0.0 3161.71484375 2848.0625 2996.2660732581967 61
stats: {recvpackets,"tsung_controller@ip-172-31-3-6"} 1 2501.0 0.0 9045 40 4975.3166666666675 60
stats: {sentpackets,"tsung_controller@ip-172-31-3-6"} 1 3345.0 0.0 9003 45 4759.833333333333 60
stats: {cpu,"tsung_controller@ip-172-31-3-6"} 1 8.150470219435736 0.0 21.221864951768488 1.4792899408284024 10.978487114624924 61
stats: session 89 164370.27415346305 24381.29566228937 240630.8388671875 18347.9638671875 97589.66239502428 3082
stats: users_count 0 3616
stats: finish_users_count 89 3171
stats: request 1002 11.792289444548404 5.1706966860544625 73689.52905273438 0.333984375 697.7213279361866 107114
stats: connect 0 0 0 63164.467041015625 0.461181640625 6333.9788841510135 4271
stats: page 992 11.911776142735633 5.827447517560955 80111.80712890625 0.333984375 888.7328221258075 84094
stats: 302 22 7473
stats: 200 980 73668
stats: size_rcv 4778124 397779036
stats: newphase 0 7
stats: size_sent 522131 61134642
stats: connected -91 446
stats: max_repeat 93 6341
stats: 204 0 941
stats: error_connect_etimedout 0 229
stats: 400 0 121
stats: 503 0 25180
stats: 404 0 30
stats: 500 0 703
# stats: dump at 1480465814
stats: users 351 1804
stats: {load,"tsung_controller@ip-172-31-3-6"} 1 0.12890625 0.0 0.3515625 0.01171875 0.13010332661290325 62
stats: {freemem,"tsung_controller@ip-172-31-3-6"} 1 2888.53125 0.0 3161.71484375 2848.0625 2994.4206149193546 62
stats: {recvpackets,"tsung_controller@ip-172-31-3-6"} 1 2124.0 0.0 9045 40 4934.754098360657 61
stats: {sentpackets,"tsung_controller@ip-172-31-3-6"} 1 2868.0 0.0 9003 45 4736.639344262295 61
stats: {cpu,"tsung_controller@ip-172-31-3-6"} 1 6.797116374871266 0.0 21.221864951768488 1.4792899408284024 10.932873938896067 62
stats: session 94 176072.0532823929 24031.09010175557 240630.8388671875 18347.9638671875 99463.98420092181 3171
stats: users_count 0 3616
stats: finish_users_count 94 3265
stats: request 818 10.819443084791404 2.4844809207392435 73689.52905273438 0.333984375 691.3642587089805 108116
stats: connect 0 0 0 63164.467041015625 0.461181640625 6333.9788841510135 4271
stats: page 816 10.846112120385255 2.7159845493722017 80111.80712890625 0.333984375 878.5101476832998 85086
stats: 302 7 7480
stats: 200 811 74479
stats: size_rcv 3923555 401702591
stats: newphase 0 7
stats: size_sent 422454 61557096
stats: connected -93 353
stats: max_repeat 93 6434
stats: 204 0 941
stats: error_connect_etimedout 0 229
stats: 400 0 121
stats: 503 0 25180
stats: 404 0 30
stats: 500 0 703
# stats: dump at 1480465824
stats: users 255 1804
stats: {load,"tsung_controller@ip-172-31-3-6"} 1 0.109375 0.0 0.3515625 0.01171875 0.13008432539682543 63
stats: {freemem,"tsung_controller@ip-172-31-3-6"} 1 2898.8046875 0.0 3161.71484375 2848.0625 2992.7398313492063 63
stats: {recvpackets,"tsung_controller@ip-172-31-3-6"} 1 1616.0 0.0 9045 40 4889.41935483871 62
stats: {sentpackets,"tsung_controller@ip-172-31-3-6"} 1 2231.0 0.0 9003 45 4706.5 62
stats: {cpu,"tsung_controller@ip-172-31-3-6"} 1 4.742268041237113 0.0 21.221864951768488 1.4792899408284024 10.867226993435356 63
stats: session 96 187793.3237533569 26057.856858955536 240630.8388671875 18347.9638671875 101669.5457610009 3265
stats: users_count 0 3616
stats: finish_users_count 96 3361
stats: request 623 10.166075582488963 1.9289668430506246 73689.52905273438 0.333984375 686.2539565151698 108934
stats: connect 0 0 0 63164.467041015625 0.461181640625 6333.9788841510135 4271
stats: page 623 10.166075582488963 1.9289668430506246 80111.80712890625 0.333984375 870.268036288695 85902
stats: 302 1 7481
stats: 200 622 75101
stats: size_rcv 3004760 404707351
stats: newphase 0 7
stats: size_sent 317907 61875003
stats: connected -96 257
stats: max_repeat 96 6530
stats: 204 0 941
stats: error_connect_etimedout 0 229
stats: 400 0 121
stats: 503 0 25180
stats: 404 0 30
stats: 500 0 703
# stats: dump at 1480465834
stats: users 168 1804
stats: {load,"tsung_controller@ip-172-31-3-6"} 1 0.08984375 0.0 0.3515625 0.01171875 0.12976074218750003 64
stats: {freemem,"tsung_controller@ip-172-31-3-6"} 1 2920.1484375 0.0 3161.71484375 2848.0625 2991.2720947265625 64
stats: {recvpackets,"tsung_controller@ip-172-31-3-6"} 1 1163.0 0.0 9045 40 4837.460317460318 63
stats: {sentpackets,"tsung_controller@ip-172-31-3-6"} 1 1605.0 0.0 9003 45 4667.206349206349 63
stats: {cpu,"tsung_controller@ip-172-31-3-6"} 1 4.518072289156627 0.0 21.221864951768488 1.4792899408284024 10.771524509807259 64
stats: session 87 200550.11578719917 27110.695231646016 265616.9538574219 18347.9638671875 104129.49300505512 3361
stats: users_count 0 3616
stats: finish_users_count 87 3448
stats: request 413 10.510717950779364 1.9134123549499191 73689.52905273438 0.333984375 682.4093573583741 109557
stats: connect 0 0 0 63164.467041015625 0.461181640625 6333.9788841510135 4271
stats: page 413 10.510717950779364 1.9134123549499191 80111.80712890625 0.333984375 864.0751033615646 86525
stats: 302 0 7481
stats: 200 413 75514
stats: size_rcv 1989902 406697253
stats: newphase 0 7
stats: size_sent 211850 62086853
stats: connected -88 169
stats: max_repeat 88 6618
stats: 204 0 941
stats: error_connect_etimedout 0 229
stats: 400 0 121
stats: 503 0 25180
stats: 404 0 30
stats: 500 0 703
# stats: dump at 1480465844
stats: users 91 1804
stats: {load,"tsung_controller@ip-172-31-3-6"} 1 0.078125 0.0 0.3515625 0.01171875 0.12914663461538464 65
stats: {freemem,"tsung_controller@ip-172-31-3-6"} 1 2925.2109375 0.0 3161.71484375 2848.0625 2990.1778846153848 65
stats: {recvpackets,"tsung_controller@ip-172-31-3-6"} 1 702.0 0.0 9045 40 4780.046875000001 64
stats: {sentpackets,"tsung_controller@ip-172-31-3-6"} 1 1001.0 0.0 9003 45 4619.359375 64
stats: {cpu,"tsung_controller@ip-172-31-3-6"} 1 3.096903096903097 0.0 21.221864951768488 1.4792899408284024 10.67531755256648 65
stats: session 77 212601.52212801846 25752.692061016445 271697.3000488281 18347.9638671875 106562.37994880411 3448
stats: users_count 0 3616
stats: finish_users_count 77 3525
stats: request 248 10.326381560294855 2.2098374271037486 73689.52905273438 0.333984375 679.8859951861876 109970
stats: connect 0 0 0 63164.467041015625 0.461181640625 6333.9788841510135 4271
stats: page 248 10.326381560294855 2.2098374271037486 80111.80712890625 0.333984375 860.0202356262284 86938
stats: 302 0 7481
stats: 200 248 75762
stats: size_rcv 1198138 407895391
stats: newphase 0 7
stats: size_sent 126165 62213018
stats: connected -78 91
stats: max_repeat 78 6696
stats: 204 0 941
stats: error_connect_etimedout 0 229
stats: 400 0 121
stats: 503 0 25180
stats: 404 0 30
stats: 500 0 703
# stats: dump at 1480465854
stats: users 44 1804
stats: {load,"tsung_controller@ip-172-31-3-6"} 1 0.0703125 0.0 0.3515625 0.01171875 0.12837357954545459 66
stats: {freemem,"tsung_controller@ip-172-31-3-6"} 1 2936.2109375 0.0 3161.71484375 2848.0625 2989.193536931818 66
stats: {recvpackets,"tsung_controller@ip-172-31-3-6"} 1 396.0 0.0 9045 40 4717.307692307693 65
stats: {sentpackets,"tsung_controller@ip-172-31-3-6"} 1 558.0 0.0 9003 45 4563.692307692308 65
stats: {cpu,"tsung_controller@ip-172-31-3-6"} 1 1.8943170488534395 0.0 21.221864951768488 1.4792899408284024 10.560493091117035 66
stats: session 47 224655.6031208444 20994.758724328745 271697.3000488281 18347.9638671875 108878.69596236425 3525
stats: users_count 0 3616
stats: finish_users_count 47 3572
stats: request 137 10.694417911724448 1.5818120377157006 73689.52905273438 0.333984375 678.3794283442996 110218
stats: connect 0 0 0 63164.467041015625 0.461181640625 6333.9788841510135 4271
stats: page 137 10.694417911724448 1.5818120377157006 80111.80712890625 0.333984375 857.6032870816415 87186
stats: 302 0 7481
stats: 200 137 75899
stats: size_rcv 657509 408552900
stats: newphase 0 7
stats: size_sent 70099 62283117
stats: connected -47 44
stats: max_repeat 47 6743
stats: 204 0 941
stats: error_connect_etimedout 0 229
stats: 400 0 121
stats: 503 0 25180
stats: 404 0 30
stats: 500 0 703
# stats: dump at 1480465864
stats: users 21 1804
stats: {load,"tsung_controller@ip-172-31-3-6"} 1 0.05859375 0.0 0.3515625 0.01171875 0.12750699626865677 67
stats: {freemem,"tsung_controller@ip-172-31-3-6"} 1 2962.2265625 0.0 3161.71484375 2848.0625 2988.4027518656717 67
stats: {recvpackets,"tsung_controller@ip-172-31-3-6"} 1 173.0 0.0 9045 40 4651.833333333334 66
stats: {sentpackets,"tsung_controller@ip-172-31-3-6"} 1 245.0 0.0 9003 45 4503.0 66
stats: {cpu,"tsung_controller@ip-172-31-3-6"} 1 1.4866204162537164 0.0 21.221864951768488 1.4792899408284024 10.431147180038474 67
stats: session 23 232516.23598845108 21911.398934188164 271697.3000488281 18347.9638671875 110402.07631971268 3572
stats: users_count 0 3616
stats: finish_users_count 23 3595
stats: request 55 11.258407315340909 1.487954009490463 73689.52905273438 0.333984375 677.5505320874081 110355
stats: connect 0 0 0 63164.467041015625 0.461181640625 6333.9788841510135 4271
stats: page 55 11.258407315340909 1.487954009490463 80111.80712890625 0.333984375 856.2745819858903 87323
stats: 302 0 7481
stats: 200 55 75954
stats: size_rcv 265676 408818576
stats: newphase 0 7
stats: size_sent 28093 62311210
stats: connected -23 21
stats: max_repeat 23 6766
stats: 204 0 941
stats: error_connect_etimedout 0 229
stats: 400 0 121
stats: 503 0 25180
stats: 404 0 30
stats: 500 0 703
# stats: dump at 1480465874
stats: users 12 1804
stats: {load,"tsung_controller@ip-172-31-3-6"} 1 0.05078125 0.0 0.3515625 0.01171875 0.12649356617647065 68
stats: {freemem,"tsung_controller@ip-172-31-3-6"} 1 2982.4375 0.0 3161.71484375 2848.0625 2988.0178079044117 68
stats: {recvpackets,"tsung_controller@ip-172-31-3-6"} 1 117.0 0.0 9045 40 4584.985074626867 67
stats: {sentpackets,"tsung_controller@ip-172-31-3-6"} 1 162.0 0.0 9003 45 4439.44776119403 67
stats: {cpu,"tsung_controller@ip-172-31-3-6"} 1 1.3861386138613863 0.0 21.221864951768488 1.3861386138613863 10.29961002174752 68
stats: session 9 249918.29272460938 18056.351483586262 280155.5900878906 18347.9638671875 111183.33519937359 3595
stats: users_count 0 3616
stats: finish_users_count 9 3604
stats: request 40 11.49310302734375 0.9142176044132903 73689.52905273438 0.333984375 677.2186231401889 110410
stats: connect 0 0 0 63164.467041015625 0.461181640625 6333.9788841510135 4271
stats: page 40 11.49310302734375 0.9142176044132903 80111.80712890625 0.333984375 855.7426873487176 87378
stats: 302 0 7481
stats: 200 40 75994
stats: size_rcv 194949 409013525
stats: newphase 0 7
stats: size_sent 20384 62331594
stats: connected -9 12
stats: max_repeat 9 6775
stats: 204 0 941
stats: error_connect_etimedout 0 229
stats: 400 0 121
stats: 503 0 25180
stats: 404 0 30
stats: 500 0 703
# stats: dump at 1480465884
stats: users 7 1804
stats: {load,"tsung_controller@ip-172-31-3-6"} 1 0.0390625 0.0 0.3515625 0.01171875 0.12539628623188412 69
stats: {freemem,"tsung_controller@ip-172-31-3-6"} 1 2982.70703125 0.0 3161.71484375 2848.0625 2987.9369338768115 69
stats: {recvpackets,"tsung_controller@ip-172-31-3-6"} 1 44.0 0.0 9045 40 4519.279411764706 68
stats: {sentpackets,"tsung_controller@ip-172-31-3-6"} 1 63.0 0.0 9003 45 4376.544117647059 68
stats: {cpu,"tsung_controller@ip-172-31-3-6"} 1 1.085883514313919 0.0 21.221864951768488 1.085883514313919 10.170429276705693 69
stats: session 5 251589.548828125 9074.857370285232 280155.5900878906 18347.9638671875 111529.78764602373 3604
stats: users_count 0 3616
stats: finish_users_count 5 3609
stats: request 14 11.771222795758929 0.6979535093652256 73689.52905273438 0.333984375 676.9775274334935 110450
stats: connect 0 0 0 63164.467041015625 0.461181640625 6333.9788841510135 4271
stats: page 14 11.771222795758929 0.6979535093652256 80111.80712890625 0.333984375 855.3563826589186 87418
stats: 302 0 7481
stats: 200 14 76008
stats: size_rcv 66932 409080457
stats: newphase 0 7
stats: size_sent 7170 62338764
stats: connected -5 7
stats: max_repeat 5 6780
stats: 204 0 941
stats: error_connect_etimedout 0 229
stats: 400 0 121
stats: 503 0 25180
stats: 404 0 30
stats: 500 0 703
# stats: dump at 1480465894
stats: users 5 1804
stats: {load,"tsung_controller@ip-172-31-3-6"} 0 0 0 0.3515625 0.01171875 0.12416294642857148 70
stats: {freemem,"tsung_controller@ip-172-31-3-6"} 0 0 0 3161.71484375 2848.0625 2987.862220982143 70
stats: {recvpackets,"tsung_controller@ip-172-31-3-6"} 0 0 0 9045 40 4454.420289855072 69
stats: {sentpackets,"tsung_controller@ip-172-31-3-6"} 0 0 0 9003 45 4314.028985507246 69
stats: {cpu,"tsung_controller@ip-172-31-3-6"} 0 0 0 21.221864951768488 1.085883514313919 10.040650051528669 70
stats: session 2 275017.9045410156 16239.592529296875 291257.4970703125 18347.9638671875 111723.8299862594 3609
stats: users_count 0 3616
stats: finish_users_count 2 3611
stats: request 8 11.915802001953125 0.3948380332698228 73689.52905273438 0.333984375 676.8932204351507 110464
stats: connect 0 0 0 63164.467041015625 0.461181640625 6333.9788841510135 4271
stats: page 8 11.915802001953125 0.3948380332698228 80111.80712890625 0.333984375 855.2213040579705 87432
stats: 302 0 7481
stats: 200 8 76016
stats: size_rcv 38888 409119345
stats: newphase 0 7
stats: size_sent 4080 62342844
stats: connected -2 5
stats: max_repeat 2 6782
stats: 204 0 941
stats: error_connect_etimedout 0 229
stats: 400 0 121
stats: 503 0 25180
stats: 404 0 30
stats: 500 0 703
# stats: dump at 1480465904
stats: users 1 1804
stats: {load,"tsung_controller@ip-172-31-3-6"} 1 0.03125 0.0 0.3515625 0.01171875 0.12416294642857148 70
stats: {freemem,"tsung_controller@ip-172-31-3-6"} 1 2982.89453125 0.0 3161.71484375 2848.0625 2987.862220982143 70
stats: {recvpackets,"tsung_controller@ip-172-31-3-6"} 1 21.0 0.0 9045 21 4454.420289855072 69
stats: {sentpackets,"tsung_controller@ip-172-31-3-6"} 1 30.0 0.0 9003 30 4314.028985507246 69
stats: {cpu,"tsung_controller@ip-172-31-3-6"} 1 0.7920792079207921 0.0 21.221864951768488 0.7920792079207921 10.040650051528669 70
stats: session 4 269539.98748779297 20572.750202699346 291257.4970703125 18347.9638671875 111814.27256424597 3611
stats: users_count 0 3616
stats: finish_users_count 4 3615
stats: request 7 11.169538225446429 0.6797642513486285 73689.52905273438 0.333984375 676.8450650713711 110472
stats: connect 0 0 0 63164.467041015625 0.461181640625 6333.9788841510135 4271
stats: page 7 11.169538225446429 0.6797642513486285 80111.80712890625 0.333984375 855.1441489342692 87440
stats: 302 0 7481
stats: 200 7 76023
stats: size_rcv 33892 409153237
stats: newphase 0 7
stats: size_sent 3573 62346417
stats: connected -4 1
stats: max_repeat 4 6786
stats: 204 0 941
stats: error_connect_etimedout 0 229
stats: 400 0 121
stats: 503 0 25180
stats: 404 0 30
stats: 500 0 703
# stats: dump at 1480465914
stats: users 1 1804
stats: {load,"tsung_controller@ip-172-31-3-6"} 1 0.03125 0.0 0.3515625 0.01171875 0.12285431338028174 71
stats: {freemem,"tsung_controller@ip-172-31-3-6"} 1 2996.64453125 0.0 3161.71484375 2848.0625 2987.792253521127 71
stats: {recvpackets,"tsung_controller@ip-172-31-3-6"} 1 25.0 0.0 9045 21 4391.085714285714 70
stats: {sentpackets,"tsung_controller@ip-172-31-3-6"} 1 36.0 0.0 9003 30 4252.828571428571 70
stats: {cpu,"tsung_controller@ip-172-31-3-6"} 1 0.9891196834817012 0.0 21.221864951768488 0.7920792079207921 9.910388490351092 71
stats: session 0 0 0 291257.4970703125 18347.9638671875 111988.79617688613 3615
stats: users_count 0 3616
stats: finish_users_count 0 3615
stats: request 0 0 0 73689.52905273438 0.333984375 676.8028875653481 110479
stats: connect 0 0 0 63164.467041015625 0.461181640625 6333.9788841510135 4271
stats: page 0 0 0 80111.80712890625 0.333984375 855.0765900440275 87447
stats: 302 0 7481
stats: 200 0 76023
stats: size_rcv 0 409153237
stats: newphase 0 7
stats: size_sent 0 62346417
stats: connected 0 1
stats: max_repeat 0 6786
stats: 204 0 941
stats: error_connect_etimedout 0 229
stats: 400 0 121
stats: 503 0 25180
stats: 404 0 30
stats: 500 0 703
# stats: dump at 1480465924
stats: users 1 1804
stats: {load,"tsung_controller@ip-172-31-3-6"} 1 0.1015625 0.0 0.3515625 0.01171875 0.12158203125000006 72
stats: {freemem,"tsung_controller@ip-172-31-3-6"} 1 3006.78515625 0.0 3161.71484375 2848.0625 2987.9152018229165 72
stats: {recvpackets,"tsung_controller@ip-172-31-3-6"} 1 0.0 0.0 9045 0 4329.591549295775 71
stats: {sentpackets,"tsung_controller@ip-172-31-3-6"} 1 0.0 0.0 9003 0 4193.43661971831 71
stats: {cpu,"tsung_controller@ip-172-31-3-6"} 1 0.7920792079207921 0.0 21.221864951768488 0.7920792079207921 9.786481979144574 72
stats: session 0 0 0 291257.4970703125 18347.9638671875 111988.79617688613 3615
stats: users_count 0 3616
stats: finish_users_count 0 3615
stats: request 0 0 0 73689.52905273438 0.333984375 676.8028875653481 110479
stats: connect 0 0 0 63164.467041015625 0.461181640625 6333.9788841510135 4271
stats: page 0 0 0 80111.80712890625 0.333984375 855.0765900440275 87447
stats: 302 0 7481
stats: 200 0 76023
stats: size_rcv 0 409153237
stats: newphase 0 7
stats: size_sent 0 62346417
stats: connected 0 1
stats: max_repeat 0 6786
stats: 204 0 941
stats: error_connect_etimedout 0 229
stats: 400 0 121
stats: 503 0 25180
stats: 404 0 30
stats: 500 0 703
# stats: dump at 1480465934
stats: users 0 1804
stats: {load,"tsung_controller@ip-172-31-3-6"} 1 0.08984375 0.0 0.3515625 0.01171875 0.12130779109589046 73
stats: {freemem,"tsung_controller@ip-172-31-3-6"} 1 3006.9296875 0.0 3161.71484375 2848.0625 2988.173694349315 73
stats: {recvpackets,"tsung_controller@ip-172-31-3-6"} 1 1.0 0.0 9045 0 4269.458333333333 72
stats: {sentpackets,"tsung_controller@ip-172-31-3-6"} 1 1.0 0.0 9003 0 4135.194444444444 72
stats: {cpu,"tsung_controller@ip-172-31-3-6"} 1 0.8902077151335311 0.0 21.221864951768488 0.7920792079207921 9.663270982278494 73
stats: session 1 280866.54296875 0.0 291257.4970703125 18347.9638671875 111988.79617688613 3615
stats: users_count 0 3616
stats: finish_users_count 1 3616
stats: request 0 0 0 73689.52905273438 0.333984375 676.8028875653481 110479
stats: connect 0 0 0 63164.467041015625 0.461181640625 6333.9788841510135 4271
stats: page 0 0 0 80111.80712890625 0.333984375 855.0765900440275 87447
stats: 302 0 7481
stats: 200 0 76023
stats: size_rcv 0 409153237
stats: newphase 0 7
stats: size_sent 0 62346417
stats: connected 0 1
stats: max_repeat 0 6786
stats: 204 0 941
stats: error_connect_etimedout 0 229
stats: 400 0 121
stats: 503 0 25180
stats: 404 0 30
stats: 500 0 703
# stats: dump at 1480465939
stats: users 0 1804
stats: {load,"tsung_controller@ip-172-31-3-6"} 1 0.0703125 0.0 0.3515625 0.01171875 0.1208826013513514 74
stats: {freemem,"tsung_controller@ip-172-31-3-6"} 1 3025.7734375 0.0 3161.71484375 2848.0625 2988.4271537162163 74
stats: {recvpackets,"tsung_controller@ip-172-31-3-6"} 1 4.0 0.0 9045 0 4210.986301369863 73
stats: {sentpackets,"tsung_controller@ip-172-31-3-6"} 1 6.0 0.0 9003 0 4078.5616438356165 73
stats: {cpu,"tsung_controller@ip-172-31-3-6"} 1 0.8902077151335311 0.0 21.221864951768488 0.7920792079207921 9.544716073263022 74
stats: session 0 0 0 291257.4970703125 18347.9638671875 112035.49909358742 3616
stats: users_count 0 3616
stats: finish_users_count 0 3616
stats: request 1 11.377197265625 0.0 73689.52905273438 0.333984375 676.8028875653481 110479
stats: connect 0 0 0 63164.467041015625 0.461181640625 6333.9788841510135 4271
stats: page 1 11.377197265625 0.0 80111.80712890625 0.333984375 855.0765900440275 87447
stats: 302 0 7481
stats: 200 1 76024
stats: size_rcv 4966 409158203
stats: newphase 0 7
stats: size_sent 507 62346924
stats: connected -1 0
stats: max_repeat 1 6787
stats: 204 0 941
stats: error_connect_etimedout 0 229
stats: 400 0 121
stats: 503 0 25180
stats: 404 0 30
stats: 500 0 703
EndMonitor:{1480,465939,588741}
