# stats: dump at 1480455539
stats: users 9 9
stats: {load,"tsung_controller@ip-172-31-3-6"} 1 0.0 0 0.0 0.0 0 0
stats: {freemem,"tsung_controller@ip-172-31-3-6"} 1 3160.375 0 3160.375 3160.375 0 0
stats: {cpu,"tsung_controller@ip-172-31-3-6"} 1 5.330623296849409 0 5.330623296849409 5.330623296849409 0 0
stats: users_count 9 9
stats: finish_users_count 0 0
stats: request 21 128.62459309895831 114.07280635769933 365.510986328125 5.950927734375 0 0
stats: connect 7 18.609270368303573 38.298706665423886 111.880126953125 0.943115234375 0 0
stats: page 18 150.07491048177084 132.3084200559347 424.48291015625 5.950927734375 0 0
stats: 302 6 6
stats: 200 15 15
stats: size_rcv 82983 82983
stats: size_sent 9926 9926
stats: connected 7 7
# stats: dump at 1480455549
stats: users 24 24
stats: {load,"tsung_controller@ip-172-31-3-6"} 1 0.078125 0.0 0.078125 0.0 0.0 1
stats: {freemem,"tsung_controller@ip-172-31-3-6"} 1 3161.36328125 0.0 3161.36328125 3160.375 3160.375 1
stats: {recvpackets,"tsung_controller@ip-172-31-3-6"} 1 114 0 114 114 0 0
stats: {sentpackets,"tsung_controller@ip-172-31-3-6"} 1 110 0 110 110 0 0
stats: {cpu,"tsung_controller@ip-172-31-3-6"} 1 2.7559055118110236 0.0 5.330623296849409 2.7559055118110236 5.330623296849409 1
stats: users_count 15 24
stats: finish_users_count 0 0
stats: request 42 789.5880824497768 824.5970385374793 2578.973876953125 5.950927734375 128.62459309895831 21
stats: connect 14 3.9760567801339284 3.6438732501956217 111.880126953125 0.943115234375 18.609270368303573 7
stats: page 34 784.1200310202206 863.9176160554725 3214.22216796875 5.950927734375 150.07491048177084 18
stats: 302 9 15
stats: 200 32 47
stats: size_rcv 185310 268293
stats: size_sent 27208 37134
stats: connected 14 21
stats: 204 1 1
# stats: dump at 1480455559
stats: users 36 36
stats: {load,"tsung_controller@ip-172-31-3-6"} 1 0.05859375 0.0 0.078125 0.0 0.0390625 2
stats: {freemem,"tsung_controller@ip-172-31-3-6"} 1 3158.7421875 0.0 3161.36328125 3158.7421875 3160.869140625 2
stats: {recvpackets,"tsung_controller@ip-172-31-3-6"} 1 231.0 0.0 231 114 114.0 1
stats: {sentpackets,"tsung_controller@ip-172-31-3-6"} 1 218.0 0.0 218 110 110.0 1
stats: {cpu,"tsung_controller@ip-172-31-3-6"} 1 1.383399209486166 0.0 5.330623296849409 1.383399209486166 4.043264404330216 2
stats: users_count 12 36
stats: finish_users_count 0 0
stats: request 128 992.8752155303941 1142.8164840616178 6617.482177734375 5.950927734375 569.2669193328373 63
stats: connect 13 3.1185021033653846 2.3231399045171153 111.880126953125 0.865966796875 8.853794642857142 21
stats: page 105 1263.1721726190476 1380.2702576399752 7128.191162109375 5.950927734375 564.6428739107572 52
stats: 302 23 38
stats: 200 96 143
stats: size_rcv 510585 778878
stats: size_sent 65708 102842
stats: connected 13 34
stats: 204 9 10
# stats: dump at 1480455569
stats: users 47 47
stats: {load,"tsung_controller@ip-172-31-3-6"} 1 0.05078125 0.0 0.078125 0.0 0.045572916666666664 3
stats: {freemem,"tsung_controller@ip-172-31-3-6"} 1 3156.08984375 0.0 3161.36328125 3156.08984375 3160.16015625 3
stats: {recvpackets,"tsung_controller@ip-172-31-3-6"} 1 538.0 0.0 538 114 172.5 2
stats: {sentpackets,"tsung_controller@ip-172-31-3-6"} 1 460.0 0.0 460 110 164.0 2
stats: {cpu,"tsung_controller@ip-172-31-3-6"} 1 1.593625498007968 0.0 5.330623296849409 1.383399209486166 3.156642672715533 3
stats: users_count 11 47
stats: finish_users_count 0 0
stats: request 162 437.18341893325623 441.87969502783767 6617.482177734375 5.652099609375 853.1510131196817 191
stats: connect 11 4.772150213068182 3.4451618041165237 111.880126953125 0.635009765625 6.660888671875 34
stats: page 125 556.0980605468751 609.1027185908198 7128.191162109375 5.652099609375 1031.8121501169387 157
stats: 302 9 47
stats: 200 144 287
stats: size_rcv 688359 1467237
stats: size_sent 103979 206821
stats: connected 11 45
stats: 204 9 19
stats: max_repeat 4 4
# stats: dump at 1480455579
stats: users 58 58
stats: {load,"tsung_controller@ip-172-31-3-6"} 1 0.05078125 0.0 0.078125 0.0 0.046875 4
stats: {freemem,"tsung_controller@ip-172-31-3-6"} 1 3153.328125 0.0 3161.36328125 3153.328125 3159.142578125 4
stats: {recvpackets,"tsung_controller@ip-172-31-3-6"} 1 728.0 0.0 728 114 294.3333333333333 3
stats: {sentpackets,"tsung_controller@ip-172-31-3-6"} 1 614.0 0.0 614 110 262.6666666666667 3
stats: {cpu,"tsung_controller@ip-172-31-3-6"} 1 2.2794846382556986 0.0 5.330623296849409 1.383399209486166 2.7658883790386417 4
stats: session 1 46731.949951171875 0 46731.949951171875 46731.949951171875 0 0
stats: users_count 12 59
stats: finish_users_count 1 1
stats: request 215 428.940728333939 397.22864051139567 6617.482177734375 2.622802734375 662.2537036063646 353
stats: connect 14 3.9510323660714284 2.9470647197400073 111.880126953125 0.635009765625 6.199197048611111 45
stats: page 184 493.18926338527524 506.5267827428848 7128.191162109375 2.622802734375 820.9459756621233 282
stats: 302 18 65
stats: 200 183 470
stats: size_rcv 856430 2323667
stats: size_sent 119534 326355
stats: connected 13 58
stats: 204 13 32
stats: max_repeat 5 9
stats: 400 1 1
# stats: dump at 1480455589
stats: users 59 59
stats: {load,"tsung_controller@ip-172-31-3-6"} 1 0.0390625 0.0 0.078125 0.0 0.04765625 5
stats: {freemem,"tsung_controller@ip-172-31-3-6"} 1 3151.54296875 0.0 3161.36328125 3151.54296875 3157.9796875 5
stats: {recvpackets,"tsung_controller@ip-172-31-3-6"} 1 864.0 0.0 864 114 402.75 4
stats: {sentpackets,"tsung_controller@ip-172-31-3-6"} 1 728.0 0.0 728 110 350.5 4
stats: {cpu,"tsung_controller@ip-172-31-3-6"} 1 1.9019019019019021 0.0 5.330623296849409 1.383399209486166 2.668607630882053 5
stats: session 0 0 0 46731.949951171875 46731.949951171875 46731.949951171875 1
stats: users_count 1 60
stats: finish_users_count 0 1
stats: request 244 465.125364209785 454.02944516958775 6617.482177734375 0.890869140625 573.9398133183867 568
stats: connect 0 0 0 111.880126953125 0.635009765625 5.665734242584746 59
stats: page 211 549.7686900640552 602.9134751540092 7128.191162109375 0.890869140625 691.5313081536682 466
stats: 302 18 83
stats: 200 215 685
stats: size_rcv 1021765 3345432
stats: size_sent 136223 462578
stats: connected -2 56
stats: 204 10 42
stats: max_repeat 11 20
stats: 400 2 3
# stats: dump at 1480455599
stats: users 70 70
stats: {load,"tsung_controller@ip-172-31-3-6"} 1 0.03125 0.0 0.078125 0.0 0.046223958333333336 6
stats: {freemem,"tsung_controller@ip-172-31-3-6"} 1 3151.2109375 0.0 3161.36328125 3151.2109375 3156.9069010416665 6
stats: {recvpackets,"tsung_controller@ip-172-31-3-6"} 1 1012.0 0.0 1012 114 495.0 5
stats: {sentpackets,"tsung_controller@ip-172-31-3-6"} 1 802.0 0.0 802 110 426.0 5
stats: {cpu,"tsung_controller@ip-172-31-3-6"} 1 2.4875621890547266 0.0 5.330623296849409 1.383399209486166 2.5408233427186944 6
stats: session 4 50486.87677001953 5388.407837849253 55417.93896484375 41587.676025390625 46731.949951171875 1
stats: users_count 15 75
stats: finish_users_count 4 5
stats: request 248 276.064723845451 336.2430960893881 6617.482177734375 0.39208984375 541.2418754089055 812
stats: connect 10 4.9130859375 3.9761903584938207 111.880126953125 0.635009765625 5.665734242584746 59
stats: page 220 316.85719992897725 418.3624347035915 7128.191162109375 0.39208984375 647.3482765186485 677
stats: 302 15 98
stats: 200 215 900
stats: size_rcv 1043567 4388999
stats: newphase 1 1
stats: size_sent 133394 595972
stats: connected 8 64
stats: 204 15 57
stats: max_repeat 11 31
stats: 400 2 5
# stats: dump at 1480455609
stats: users 80 81
stats: {load,"tsung_controller@ip-172-31-3-6"} 1 0.03125 0.0 0.078125 0.0 0.04408482142857143 7
stats: {freemem,"tsung_controller@ip-172-31-3-6"} 1 3150.39453125 0.0 3161.36328125 3150.39453125 3156.093191964286 7
stats: {recvpackets,"tsung_controller@ip-172-31-3-6"} 1 907.0 0.0 1012 114 581.1666666666666 6
stats: {sentpackets,"tsung_controller@ip-172-31-3-6"} 1 781.0 0.0 802 110 488.6666666666667 6
stats: {cpu,"tsung_controller@ip-172-31-3-6"} 1 2.19560878243513 0.0 5.330623296849409 1.383399209486166 2.533214606480985 7
stats: session 1 73380.0859375 0.0 73380.0859375 41587.676025390625 49735.89140625 5
stats: users_count 11 86
stats: finish_users_count 1 6
stats: request 245 492.66128427933694 434.40846774444555 6617.482177734375 0.39208984375 479.2004286280218 1060
stats: connect 15 3.219482421875 2.4794241528406418 111.880126953125 0.635009765625 5.55665477807971 69
stats: page 215 539.8470521438953 534.0017833710468 7128.191162109375 0.39208984375 566.2913792502787 897
stats: 302 22 120
stats: 200 210 1110
stats: size_rcv 1072132 5461131
stats: newphase 0 1
stats: size_sent 153892 749864
stats: connected 14 78
stats: 204 13 70
stats: max_repeat 8 39
stats: 400 0 5
# stats: dump at 1480455619
stats: users 85 85
stats: {load,"tsung_controller@ip-172-31-3-6"} 1 0.01953125 0.0 0.078125 0.0 0.04248046875 8
stats: {freemem,"tsung_controller@ip-172-31-3-6"} 1 3148.12890625 0.0 3161.36328125 3148.12890625 3155.380859375 8
stats: {recvpackets,"tsung_controller@ip-172-31-3-6"} 1 1101.0 0.0 1101 114 627.7142857142857 7
stats: {sentpackets,"tsung_controller@ip-172-31-3-6"} 1 979.0 0.0 979 110 530.4285714285714 7
stats: {cpu,"tsung_controller@ip-172-31-3-6"} 1 2.4072216649949847 0.0 5.330623296849409 1.383399209486166 2.491013878475253 8
stats: session 4 70455.52569580078 7158.046630541526 78770.13500976563 41587.676025390625 53676.590494791664 6
stats: users_count 9 95
stats: finish_users_count 4 10
stats: request 291 745.8402179311643 394.4167332706186 6617.482177734375 0.39208984375 481.72756244761734 1305
stats: connect 10 2.2653564453125 2.429532366764696 111.880126953125 0.635009765625 5.139302571614583 84
stats: page 267 830.2542015961493 572.4390224778604 7128.191162109375 0.39208984375 561.1784922647819 1112
stats: 302 21 141
stats: 200 240 1350
stats: size_rcv 1232376 6693507
stats: newphase 0 1
stats: size_sent 156196 906060
stats: connected 6 84
stats: 204 29 99
stats: max_repeat 7 46
stats: 400 0 5
stats: 404 1 1
# stats: dump at 1480455629
stats: users 102 102
stats: {load,"tsung_controller@ip-172-31-3-6"} 1 0.01953125 0.0 0.078125 0.0 0.03993055555555555 9
stats: {freemem,"tsung_controller@ip-172-31-3-6"} 1 3147.4296875 0.0 3161.36328125 3147.4296875 3154.5750868055557 9
stats: {recvpackets,"tsung_controller@ip-172-31-3-6"} 1 1204.0 0.0 1204 114 686.875 8
stats: {sentpackets,"tsung_controller@ip-172-31-3-6"} 1 1065.0 0.0 1065 110 586.5 8
stats: {cpu,"tsung_controller@ip-172-31-3-6"} 1 2.7027027027027026 0.0 5.330623296849409 1.383399209486166 2.481703632533001 9
stats: session 0 0 0 78770.13500976563 41587.676025390625 60388.16457519531 10
stats: users_count 17 112
stats: finish_users_count 0 10
stats: request 287 494.71580244855164 398.5290915850804 6617.482177734375 0.39208984375 529.8834413609708 1596
stats: connect 15 2.796484375 2.2406828272977406 111.880126953125 0.635009765625 4.833563622007978 94
stats: page 254 538.2036171259842 504.65004815837125 7128.191162109375 0.39208984375 613.2765447604129 1379
stats: 302 15 156
stats: 200 253 1603
stats: size_rcv 1142892 7836399
stats: newphase 0 1
stats: size_sent 165456 1071516
stats: connected 15 99
stats: 204 19 118
stats: max_repeat 9 55
stats: 400 0 5
stats: 404 0 1
# stats: dump at 1480455639
stats: users 115 115
stats: {load,"tsung_controller@ip-172-31-3-6"} 1 0.01953125 0.0 0.078125 0.0 0.037890625 10
stats: {freemem,"tsung_controller@ip-172-31-3-6"} 1 3145.85546875 0.0 3161.36328125 3145.85546875 3153.860546875 10
stats: {recvpackets,"tsung_controller@ip-172-31-3-6"} 1 1092.0 0.0 1204 114 744.3333333333334 9
stats: {sentpackets,"tsung_controller@ip-172-31-3-6"} 1 967.0 0.0 1065 110 639.6666666666666 9
stats: {cpu,"tsung_controller@ip-172-31-3-6"} 1 2.4096385542168677 0.0 5.330623296849409 1.383399209486166 2.5038035395499714 10
stats: session 1 62915.43798828125 0.0 78770.13500976563 41587.676025390625 60388.16457519531 10
stats: users_count 14 126
stats: finish_users_count 1 11
stats: request 250 1675.2286445312502 476.2706537387119 6617.482177734375 0.39208984375 524.5233179579627 1883
stats: connect 13 4.368145282451923 3.494917928424218 111.880126953125 0.635009765625 4.553231615538991 109
stats: page 221 1842.244899559884 825.069158796433 7128.191162109375 0.39208984375 601.5995554039249 1633
stats: 302 14 170
stats: 200 215 1818
stats: size_rcv 1072804 8909203
stats: newphase 0 1
stats: size_sent 158993 1230509
stats: connected 12 111
stats: 204 21 139
stats: max_repeat 8 63
stats: 400 0 5
stats: 404 0 1
# stats: dump at 1480455649
stats: users 135 135
stats: {load,"tsung_controller@ip-172-31-3-6"} 1 0.01171875 0.0 0.078125 0.0 0.03622159090909091 11
stats: {freemem,"tsung_controller@ip-172-31-3-6"} 1 3142.46875 0.0 3161.36328125 3142.46875 3153.1328125 11
stats: {recvpackets,"tsung_controller@ip-172-31-3-6"} 1 994.0 0.0 1204 114 779.1 10
stats: {sentpackets,"tsung_controller@ip-172-31-3-6"} 1 907.0 0.0 1065 110 672.4 10
stats: {cpu,"tsung_controller@ip-172-31-3-6"} 1 2.5974025974025974 0.0 5.330623296849409 1.383399209486166 2.495243086337871 11
stats: session 1 97711.63012695313 0.0 97711.63012695313 41587.676025390625 60617.91670365767 11
stats: users_count 21 147
stats: finish_users_count 1 12
stats: request 236 2494.305346472787 506.54136549738394 6617.482177734375 0.39208984375 659.3926717523002 2133
stats: connect 19 3.3401264391447367 3.4060931510520693 111.880126953125 0.635009765625 4.533509301357582 122
stats: page 204 2783.583237591912 1105.6172797895936 7128.191162109375 0.39208984375 749.4866217785026 1854
stats: 302 16 186
stats: 200 201 2019
stats: size_rcv 947124 9856327
stats: newphase 0 1
stats: size_sent 143422 1373931
stats: connected 18 129
stats: 204 18 157
stats: max_repeat 8 71
stats: 400 0 5
stats: 404 1 2
# stats: dump at 1480455659
stats: users 142 145
stats: {load,"tsung_controller@ip-172-31-3-6"} 1 0.01171875 0.0 0.078125 0.0 0.0341796875 12
stats: {freemem,"tsung_controller@ip-172-31-3-6"} 1 3139.19921875 0.0 3161.36328125 3139.19921875 3152.244140625 12
stats: {recvpackets,"tsung_controller@ip-172-31-3-6"} 1 1045.0 0.0 1204 114 798.6363636363636 11
stats: {sentpackets,"tsung_controller@ip-172-31-3-6"} 1 924.0 0.0 1065 110 693.7272727272727 11
stats: {cpu,"tsung_controller@ip-172-31-3-6"} 1 2.689243027888446 0.0 5.330623296849409 1.383399209486166 2.503756378926598 12
stats: session 6 115839.87150065105 5578.208439236728 123506.68383789063 41587.676025390625 63709.05948893229 12
stats: users_count 13 160
stats: finish_users_count 6 18
stats: request 235 3385.251112657911 438.1845452539924 6617.482177734375 0.39208984375 842.186842809301 2369
stats: connect 16 5.8998565673828125 11.280280579187881 111.880126953125 0.635009765625 4.37269884474734 141
stats: page 203 3799.6906774361146 1321.9235668201402 7650.325927734375 0.39208984375 951.1171901098609 2058
stats: 302 14 200
stats: 200 206 2225
stats: size_rcv 1024337 10880664
stats: newphase 1 2
stats: size_sent 134496 1508427
stats: connected 10 139
stats: 204 16 173
stats: max_repeat 6 77
stats: 400 0 5
stats: 404 0 2
# stats: dump at 1480455669
stats: users 153 153
stats: {load,"tsung_controller@ip-172-31-3-6"} 1 0.08984375 0.0 0.08984375 0.0 0.03245192307692308 13
stats: {freemem,"tsung_controller@ip-172-31-3-6"} 1 3136.05078125 0.0 3161.36328125 3136.05078125 3151.240685096154 13
stats: {recvpackets,"tsung_controller@ip-172-31-3-6"} 1 1015.0 0.0 1204 114 819.1666666666666 12
stats: {sentpackets,"tsung_controller@ip-172-31-3-6"} 1 918.0 0.0 1065 110 712.9166666666666 12
stats: {cpu,"tsung_controller@ip-172-31-3-6"} 1 2.5974025974025974 0.0 5.330623296849409 1.383399209486166 2.5180245826928944 13
stats: session 1 88236.63989257813 0.0 123506.68383789063 41587.676025390625 81085.99682617188 18
stats: users_count 12 172
stats: finish_users_count 1 19
stats: request 253 3814.6559344506545 781.3668189517994 6617.482177734375 0.39208984375 1071.6876505721364 2604
stats: connect 12 2.5852864583333335 2.242234182665624 111.880126953125 0.635009765625 4.528332752786624 157
stats: page 221 4322.777627660138 1666.4643829306556 9029.996826171875 0.39208984375 1206.8714660617536 2261
stats: 302 18 218
stats: 200 218 2443
stats: size_rcv 969853 11850517
stats: newphase 0 2
stats: size_sent 143295 1651722
stats: connected 11 150
stats: 204 11 184
stats: max_repeat 8 85
stats: 400 0 5
stats: 503 5 5
stats: 404 0 2
# stats: dump at 1480455679
stats: users 165 169
stats: {load,"tsung_controller@ip-172-31-3-6"} 1 0.078125 0.0 0.08984375 0.0 0.03655133928571429 14
stats: {freemem,"tsung_controller@ip-172-31-3-6"} 1 3134.14453125 0.0 3161.36328125 3134.14453125 3150.155691964286 14
stats: {recvpackets,"tsung_controller@ip-172-31-3-6"} 1 1025.0 0.0 1204 114 834.2307692307693 13
stats: {sentpackets,"tsung_controller@ip-172-31-3-6"} 1 883.0 0.0 1065 110 728.6923076923077 13
stats: {cpu,"tsung_controller@ip-172-31-3-6"} 1 2.6 0.0 5.330623296849409 1.383399209486166 2.5236944408864446 14
stats: session 6 98151.79435221355 18772.887820520697 129408.24584960938 41587.676025390625 81462.34646124589 19
stats: users_count 18 190
stats: finish_users_count 6 25
stats: request 304 3152.54528487356 1522.4393177756199 6617.482177734375 0.39208984375 1314.589637208911 2857
stats: connect 20 3.7180419921875 2.851510512936286 111.880126953125 0.635009765625 4.3903649685650885 169
stats: page 259 3682.0823413745775 2245.3591488518186 9293.682861328125 0.39208984375 1484.3151653821578 2482
stats: 302 13 231
stats: 200 221 2664
stats: size_rcv 1172547 13023064
stats: newphase 0 2
stats: size_sent 166133 1817855
stats: connected 14 164
stats: 204 16 200
stats: max_repeat 10 95
stats: 400 0 5
stats: 503 53 58
stats: 404 0 2
stats: 500 1 1
# stats: dump at 1480455689
stats: users 183 185
stats: {load,"tsung_controller@ip-172-31-3-6"} 1 0.05859375 0.0 0.08984375 0.0 0.039322916666666666 15
stats: {freemem,"tsung_controller@ip-172-31-3-6"} 1 3133.49609375 0.0 3161.36328125 3133.49609375 3149.08828125 15
stats: {recvpackets,"tsung_controller@ip-172-31-3-6"} 1 1056.0 0.0 1204 114 847.8571428571429 14
stats: {sentpackets,"tsung_controller@ip-172-31-3-6"} 1 991.0 0.0 1065 110 739.7142857142857 14
stats: {cpu,"tsung_controller@ip-172-31-3-6"} 1 2.6 0.0 5.330623296849409 1.383399209486166 2.5287814781606817 15
stats: session 4 98524.09826660156 31287.804102476857 149407.73095703125 41587.676025390625 85467.81395507812 25
stats: users_count 22 212
stats: finish_users_count 4 29
stats: request 318 2996.1746649592164 2192.3356815147226 6617.482177734375 0.39208984375 1491.3496868419554 3161
stats: connect 21 4.325346447172619 3.3619671622395626 111.880126953125 0.635009765625 4.319219680059524 189
stats: page 273 3493.1790847498855 2895.4315027392768 10177.115966796875 0.39208984375 1691.9845191151153 2741
stats: 302 19 250
stats: 200 173 2837
stats: size_rcv 921146 13944210
stats: newphase 0 2
stats: size_sent 184362 2002217
stats: connected 17 181
stats: 204 17 217
stats: max_repeat 10 105
stats: 400 0 5
stats: 503 109 167
stats: 404 0 2
stats: 500 0 1
# stats: dump at 1480455699
stats: users 193 194
stats: {load,"tsung_controller@ip-172-31-3-6"} 1 0.05078125 0.0 0.08984375 0.0 0.04052734375 16
stats: {freemem,"tsung_controller@ip-172-31-3-6"} 1 3132.3125 0.0 3161.36328125 3132.3125 3148.11376953125 16
stats: {recvpackets,"tsung_controller@ip-172-31-3-6"} 1 1117.0 0.0 1204 114 861.7333333333333 15
stats: {sentpackets,"tsung_controller@ip-172-31-3-6"} 1 1094.0 0.0 1094 110 756.4666666666667 15
stats: {cpu,"tsung_controller@ip-172-31-3-6"} 1 2.902902902902903 0.0 5.330623296849409 1.383399209486166 2.533232635775639 16
stats: session 5 113943.90024414062 27398.59861156451 154233.83813476563 41587.676025390625 87268.68075666757 29
stats: users_count 15 227
stats: finish_users_count 5 34
stats: request 379 2681.971361467265 2529.743596897363 6617.482177734375 0.39208984375 1628.8990812200204 3479
stats: connect 16 2.2235260009765625 1.9082338531127496 111.880126953125 0.635009765625 4.319832356770833 210
stats: page 316 3120.669074336185 3267.883433337915 11210.72705078125 0.39208984375 1855.131870282432 3014
stats: 302 18 268
stats: 200 166 3003
stats: size_rcv 997876 14942086
stats: newphase 0 2
stats: size_sent 207504 2209721
stats: connected 11 192
stats: 204 10 227
stats: max_repeat 10 115
stats: 400 1 6
stats: 503 176 343
stats: 404 0 2
stats: 500 8 9
# stats: dump at 1480455709
stats: users 217 217
stats: {load,"tsung_controller@ip-172-31-3-6"} 1 0.05078125 0.0 0.08984375 0.0 0.04113051470588235 17
stats: {freemem,"tsung_controller@ip-172-31-3-6"} 1 3131.390625 0.0 3161.36328125 3131.390625 3147.184283088235 17
stats: {recvpackets,"tsung_controller@ip-172-31-3-6"} 1 1117.0 0.0 1204 114 877.6875 16
stats: {sentpackets,"tsung_controller@ip-172-31-3-6"} 1 1109.0 0.0 1109 110 777.5625 16
stats: {cpu,"tsung_controller@ip-172-31-3-6"} 1 2.610441767068273 0.0 5.330623296849409 1.383399209486166 2.554977945606655 17
stats: session 3 97484.85668945313 27032.49754808228 154233.83813476563 41587.676025390625 91191.50715188419 34
stats: users_count 27 254
stats: finish_users_count 3 37
stats: request 412 2625.8406028377203 2531.4500130528977 6726.128173828125 0.39208984375 1732.3501942873368 3858
stats: connect 23 4.256230893342392 3.161007911292556 111.880126953125 0.635009765625 4.171421287334071 226
stats: page 356 3023.6576448933447 3325.208174880305 12251.02490234375 0.39208984375 1975.224890246692 3330
stats: 302 19 287
stats: 200 173 3176
stats: size_rcv 953055 15895141
stats: newphase 0 2
stats: size_sent 215712 2425433
stats: connected 19 211
stats: 204 17 244
stats: max_repeat 11 126
stats: 400 1 7
stats: 503 194 537
stats: 404 0 2
stats: 500 8 17
# stats: dump at 1480455719
stats: users 248 248
stats: {load,"tsung_controller@ip-172-31-3-6"} 1 0.0390625 0.0 0.08984375 0.0 0.041666666666666664 18
stats: {freemem,"tsung_controller@ip-172-31-3-6"} 1 3130.17578125 0.0 3161.36328125 3130.17578125 3146.3068576388887 18
stats: {recvpackets,"tsung_controller@ip-172-31-3-6"} 1 1199.0 0.0 1204 114 891.7647058823529 17
stats: {sentpackets,"tsung_controller@ip-172-31-3-6"} 1 1261.0 0.0 1261 110 797.0588235294117 17
stats: {cpu,"tsung_controller@ip-172-31-3-6"} 1 2.9233870967741935 0.0 5.330623296849409 1.383399209486166 2.558059269021189 18
stats: session 9 93211.08029513889 28227.33075740513 154233.83813476563 41587.676025390625 91701.7787360114 37
stats: users_count 40 294
stats: finish_users_count 9 46
stats: request 524 2067.623004476537 2217.586130106756 6726.128173828125 0.39208984375 1818.5605100537905 4270
stats: connect 41 3.3312214176829267 2.992915295683002 111.880126953125 0.635009765625 4.179255106362952 249
stats: page 466 2435.2816796036727 2959.7981573630536 12251.02490234375 0.39208984375 2076.4842664415396 3686
stats: 302 21 308
stats: 200 207 3383
stats: size_rcv 1078636 16973777
stats: newphase 1 3
stats: size_sent 264300 2689733
stats: connected 34 245
stats: 204 10 254
stats: max_repeat 21 147
stats: 400 4 11
stats: 503 270 807
stats: 404 2 4
stats: 500 10 27
# stats: dump at 1480455729
stats: users 271 272
stats: {load,"tsung_controller@ip-172-31-3-6"} 1 0.03125 0.0 0.08984375 0.0 0.041529605263157895 19
stats: {freemem,"tsung_controller@ip-172-31-3-6"} 1 3129.1953125 0.0 3161.36328125 3129.1953125 3145.4578536184213 19
stats: {recvpackets,"tsung_controller@ip-172-31-3-6"} 1 1506.0 0.0 1506 114 908.8333333333334 18
stats: {sentpackets,"tsung_controller@ip-172-31-3-6"} 1 1537.0 0.0 1537 110 822.8333333333334 18
stats: {cpu,"tsung_controller@ip-172-31-3-6"} 1 3.9078156312625247 0.0 5.330623296849409 1.383399209486166 2.5772870494292417 19
stats: session 17 108883.19561408547 34882.82823018225 168255.85180664063 41587.676025390625 91997.07686714504 46
stats: users_count 40 334
stats: finish_users_count 17 63
stats: request 681 1587.9968817398587 2047.659419587435 6726.128173828125 0.39208984375 1845.7838615509784 4794
stats: connect 40 4.019549560546875 3.670740805177077 111.880126953125 0.635009765625 4.05936068830819 290
stats: page 600 1830.3994978841154 2510.5712897986737 12251.02490234375 0.39208984375 2116.753918304149 4152
stats: 302 21 329
stats: 200 206 3589
stats: size_rcv 1157193 18130970
stats: newphase 0 3
stats: size_sent 340345 3030078
stats: connected 23 268
stats: 204 14 268
stats: max_repeat 27 174
stats: 400 4 15
stats: 503 419 1226
stats: 404 4 8
stats: 500 13 40
# stats: dump at 1480455739
stats: users 305 305
stats: {load,"tsung_controller@ip-172-31-3-6"} 1 0.03125 0.0 0.08984375 0.0 0.041015625 20
stats: {freemem,"tsung_controller@ip-172-31-3-6"} 1 3127.2890625 0.0 3161.36328125 3127.2890625 3144.6447265625 20
stats: {recvpackets,"tsung_controller@ip-172-31-3-6"} 1 1791.0 0.0 1791 114 940.2631578947369 19
stats: {sentpackets,"tsung_controller@ip-172-31-3-6"} 1 1925.0 0.0 1925 110 860.421052631579 19
stats: {cpu,"tsung_controller@ip-172-31-3-6"} 1 4.1751527494908345 0.0 5.330623296849409 1.383399209486166 2.6438134785209058 20
stats: session 11 92449.5371315696 22529.21452949116 168255.85180664063 41587.676025390625 96553.64859250993 63
stats: users_count 45 379
stats: finish_users_count 11 74
stats: request 753 1437.8613025113114 2049.8616954185813 6726.128173828125 0.384033203125 1813.7193988566637 5475
stats: connect 36 3.4610188802083335 3.1414848176561745 111.880126953125 0.635009765625 4.054535097064394 330
stats: page 658 1666.7797020445478 2458.8513197651464 12251.02490234375 0.384033203125 2080.598057140003 4752
stats: 302 27 356
stats: 200 191 3780
stats: size_rcv 1189316 19320286
stats: newphase 0 3
stats: size_sent 375726 3405804
stats: connected 24 292
stats: 204 8 276
stats: max_repeat 28 202
stats: 400 4 19
stats: 503 494 1720
stats: 404 2 10
stats: 500 27 67
# stats: dump at 1480455749
stats: users 324 324
stats: {load,"tsung_controller@ip-172-31-3-6"} 1 0.01953125 0.0 0.08984375 0.0 0.04055059523809524 21
stats: {freemem,"tsung_controller@ip-172-31-3-6"} 1 3124.15234375 0.0 3161.36328125 3124.15234375 3143.8182663690477 21
stats: {recvpackets,"tsung_controller@ip-172-31-3-6"} 1 1759.0 0.0 1791 114 982.8 20
stats: {sentpackets,"tsung_controller@ip-172-31-3-6"} 1 2004.0 0.0 2004 110 913.65 20
stats: {cpu,"tsung_controller@ip-172-31-3-6"} 1 3.881511746680286 0.0 5.330623296849409 1.383399209486166 2.7167343961861405 21
stats: session 21 92368.96387881324 40974.95193012327 193626.3779296875 34555.007080078125 95943.57796993772 74
stats: users_count 40 419
stats: finish_users_count 21 95
stats: request 884 1205.923105921681 2108.9872982042243 6844.010009765625 0.368896484375 1768.2760548380302 6228
stats: connect 49 3.147675183354591 2.67467275889781 111.880126953125 0.614013671875 3.9961564527834708 366
stats: page 756 1370.1582505967885 2550.9810115342693 12251.02490234375 0.368896484375 2030.2667304019608 5410
stats: 302 24 380
stats: 200 164 3944
stats: size_rcv 1201667 20521953
stats: newphase 0 3
stats: size_sent 424461 3830265
stats: connected 26 318
stats: 204 12 288
stats: max_repeat 41 243
stats: 400 6 25
stats: 503 655 2375
stats: 404 4 14
stats: 500 19 86
# stats: dump at 1480455759
stats: users 325 325
stats: {load,"tsung_controller@ip-172-31-3-6"} 1 0.01953125 0.0 0.08984375 0.0 0.039595170454545456 22
stats: {freemem,"tsung_controller@ip-172-31-3-6"} 1 3123.2265625 0.0 3161.36328125 3123.2265625 3142.9243607954545 22
stats: {recvpackets,"tsung_controller@ip-172-31-3-6"} 1 1962.0 0.0 1962 114 1019.7619047619048 21
stats: {sentpackets,"tsung_controller@ip-172-31-3-6"} 1 2287.0 0.0 2287 110 965.5714285714286 21
stats: {cpu,"tsung_controller@ip-172-31-3-6"} 1 4.39223697650664 0.0 5.330623296849409 1.383399209486166 2.769678821208602 22
stats: session 23 115078.25752590013 54014.52225805304 201992.419921875 28205.9267578125 95153.40011821546 95
stats: users_count 24 443
stats: finish_users_count 23 118
stats: request 871 1068.7866073590874 1983.3242635900567 6844.010009765625 0.368896484375 1698.3772912213185 7112
stats: connect 24 4.925567626953124 3.1486059135221276 111.880126953125 0.614013671875 3.8959743269954825 415
stats: page 734 1225.9534399879728 2422.6644813281864 12251.02490234375 0.368896484375 1949.3322492581542 6166
stats: 302 26 406
stats: 200 140 4084
stats: size_rcv 993897 21515850
stats: newphase 0 3
stats: size_sent 422599 4252864
stats: connected 3 321
stats: 204 8 296
stats: max_repeat 33 276
stats: 400 3 28
stats: 503 664 3039
stats: 404 3 17
stats: 500 28 114
# stats: dump at 1480455769
stats: users 341 342
stats: {load,"tsung_controller@ip-172-31-3-6"} 1 0.01953125 0.0 0.08984375 0.0 0.03872282608695652 23
stats: {freemem,"tsung_controller@ip-172-31-3-6"} 1 3122.9140625 0.0 3161.36328125 3122.9140625 3142.0679347826085 23
stats: {recvpackets,"tsung_controller@ip-172-31-3-6"} 1 1851.0 0.0 1962 114 1062.590909090909 22
stats: {sentpackets,"tsung_controller@ip-172-31-3-6"} 1 2294.0 0.0 2294 110 1025.6363636363637 22
stats: {cpu,"tsung_controller@ip-172-31-3-6"} 1 4.59652706843718 0.0 5.330623296849409 1.383399209486166 2.8402248279606903 23
stats: session 28 100822.73035539899 54991.899974722735 219121.40893554688 28205.9267578125 99037.05876547603 118
stats: users_count 44 487
stats: finish_users_count 28 146
stats: request 979 1136.8800279502377 2063.2886630250064 6887.540771484375 0.347900390625 1629.684633618412 7983
stats: connect 39 3.7982459435096154 3.6228422559643767 111.880126953125 0.614013671875 3.9522618878132123 439
stats: page 843 1351.7484419020639 2600.4368823118925 12251.02490234375 0.347900390625 1872.3815179531814 6900
stats: 302 26 432
stats: 200 158 4242
stats: size_rcv 1222495 22738345
stats: newphase 0 3
stats: size_sent 473294 4726158
stats: connected 12 333
stats: 204 14 310
stats: max_repeat 55 331
stats: 400 6 34
stats: 503 744 3783
stats: 404 4 21
stats: 500 26 140
# stats: dump at 1480455779
stats: users 361 361
stats: {load,"tsung_controller@ip-172-31-3-6"} 1 0.01171875 0.0 0.08984375 0.0 0.037923177083333336 24
stats: {freemem,"tsung_controller@ip-172-31-3-6"} 1 3122.65625 0.0 3161.36328125 3122.65625 3141.2698567708335 24
stats: {recvpackets,"tsung_controller@ip-172-31-3-6"} 1 1922.0 0.0 1962 114 1096.8695652173913 23
stats: {sentpackets,"tsung_controller@ip-172-31-3-6"} 1 2326.0 0.0 2326 110 1080.7826086956522 23
stats: {cpu,"tsung_controller@ip-172-31-3-6"} 1 4.405737704918033 0.0 5.330623296849409 1.383399209486166 2.913404087980544 24
stats: session 32 99833.19944763184 47086.26896422566 230964.43383789063 28205.9267578125 99379.51633066674 146
stats: users_count 52 539
stats: finish_users_count 32 178
stats: request 959 1096.451002834984 1907.1615303640638 6887.540771484375 0.347900390625 1575.8511467907906 8962
stats: connect 49 3.710793008609694 3.177653093885633 111.880126953125 0.614013671875 3.939695733361664 478
stats: page 826 1316.099174000736 2425.9918051432833 12251.02490234375 0.347900390625 1815.6988777476936 7743
stats: 302 21 453
stats: 200 173 4415
stats: size_rcv 1318560 24056905
stats: newphase 1 4
stats: size_sent 446735 5172893
stats: connected 16 349
stats: 204 13 323
stats: max_repeat 51 382
stats: 400 3 37
stats: 503 714 4497
stats: 404 5 26
stats: 500 31 171
# stats: dump at 1480455789
stats: users 381 383
stats: {load,"tsung_controller@ip-172-31-3-6"} 1 0.01171875 0.0 0.08984375 0.0 0.036875 25
stats: {freemem,"tsung_controller@ip-172-31-3-6"} 1 3122.421875 0.0 3161.36328125 3122.421875 3140.5253125 25
stats: {recvpackets,"tsung_controller@ip-172-31-3-6"} 1 2204.0 0.0 2204 114 1131.25 24
stats: {sentpackets,"tsung_controller@ip-172-31-3-6"} 1 2588.0 0.0 2588 110 1132.6666666666667 24
stats: {cpu,"tsung_controller@ip-172-31-3-6"} 1 4.5595854922279795 0.0 5.330623296849409 1.383399209486166 2.973097432658044 25
stats: session 33 93860.78057676373 51034.217371264574 230964.43383789063 28205.9267578125 99461.07734045821 178
stats: users_count 53 592
stats: finish_users_count 33 211
stats: request 1093 871.4157151957769 1925.448630233653 6887.540771484375 0.347900390625 1529.5105825277508 9921
stats: connect 57 3.2605280290570167 3.188336797954489 111.880126953125 0.614013671875 3.918412557815465 527
stats: page 940 928.6484756794382 2180.1420565199005 12251.02490234375 0.347900390625 1767.5404747490954 8569
stats: 302 28 481
stats: 200 131 4546
stats: size_rcv 1202015 25258920
stats: newphase 0 4
stats: size_sent 484760 5657653
stats: connected 25 374
stats: 204 6 329
stats: max_repeat 40 422
stats: 400 6 43
stats: 503 901 5398
stats: 404 1 27
stats: 500 19 190
# stats: dump at 1480455799
stats: users 403 404
stats: {load,"tsung_controller@ip-172-31-3-6"} 1 0.01171875 0.0 0.08984375 0.0 0.03590745192307692 26
stats: {freemem,"tsung_controller@ip-172-31-3-6"} 1 3121.8828125 0.0 3161.36328125 3121.8828125 3139.8290264423076 26
stats: {recvpackets,"tsung_controller@ip-172-31-3-6"} 1 2104.0 0.0 2204 114 1174.16 25
stats: {sentpackets,"tsung_controller@ip-172-31-3-6"} 1 2606.0 0.0 2606 110 1190.88 25
stats: {cpu,"tsung_controller@ip-172-31-3-6"} 1 5.236139630390143 0.0 5.330623296849409 1.383399209486166 3.0341162041799645 26
stats: session 26 92688.76183143028 55867.52074406324 240151.0380859375 28205.9267578125 98585.20154329273 211
stats: users_count 48 640
stats: finish_users_count 26 237
stats: request 1035 1114.1363413345423 2034.5657031479236 7446.208984375 0.347900390625 1464.2030021760306 11014
stats: connect 46 3.2134903617527173 2.847756702471903 111.880126953125 0.614013671875 3.8542012253852738 584
stats: page 873 1387.4989174474692 2663.2440918727107 12256.598876953125 0.347900390625 1684.6128820342485 9509
stats: 302 27 508
stats: 200 159 4705
stats: size_rcv 1249738 26508658
stats: newphase 0 4
stats: size_sent 461319 6118972
stats: connected 20 394
stats: 204 7 336
stats: max_repeat 57 479
stats: 400 3 46
stats: 503 786 6184
stats: 404 3 30
stats: 500 50 240
# stats: dump at 1480455809
stats: users 402 416
stats: {load,"tsung_controller@ip-172-31-3-6"} 1 0.01171875 0.0 0.08984375 0.0 0.03501157407407407 27
stats: {freemem,"tsung_controller@ip-172-31-3-6"} 1 3120.9609375 0.0 3161.36328125 3120.9609375 3139.1643518518517 27
stats: {recvpackets,"tsung_controller@ip-172-31-3-6"} 1 2296.0 0.0 2296 114 1209.9230769230771 26
stats: {sentpackets,"tsung_controller@ip-172-31-3-6"} 1 2830.0 0.0 2830 110 1245.3076923076924 26
stats: {cpu,"tsung_controller@ip-172-31-3-6"} 1 5.274043433298862 0.0 5.330623296849409 1.383399209486166 3.115672627372934 27
stats: session 48 101976.69670613606 60397.81409863232 264003.61083984375 25916.957763671875 97938.33473945972 237
stats: users_count 47 687
stats: finish_users_count 48 285
stats: request 1222 934.5770565351371 1912.7775314013786 7446.208984375 0.329833984375 1434.1325403973815 12049
stats: connect 51 3.3050896139705883 2.9041755843691086 111.880126953125 0.614013671875 3.807419162326389 630
stats: page 1055 1081.0405217898403 2323.7877547536186 12256.598876953125 0.329833984375 1659.6292092270576 10382
stats: 302 30 538
stats: 200 151 4856
stats: size_rcv 1319003 27827661
stats: newphase 0 4
stats: size_sent 545351 6664323
stats: connected 2 396
stats: 204 9 345
stats: max_repeat 71 550
stats: 400 8 54
stats: 503 977 7161
stats: 404 1 31
stats: 500 46 286
# stats: dump at 1480455819
stats: users 405 416
stats: {load,"tsung_controller@ip-172-31-3-6"} 1 0.01171875 0.0 0.08984375 0.0 0.03417968749999999 28
stats: {freemem,"tsung_controller@ip-172-31-3-6"} 1 3119.73828125 0.0 3161.36328125 3119.73828125 3138.514229910714 28
stats: {recvpackets,"tsung_controller@ip-172-31-3-6"} 1 2260.0 0.0 2296 114 1250.1481481481485 27
stats: {sentpackets,"tsung_controller@ip-172-31-3-6"} 1 2757.0 0.0 2830 110 1304.0 27
stats: {cpu,"tsung_controller@ip-172-31-3-6"} 1 5.834186284544525 0.0 5.834186284544525 1.383399209486166 3.1927572990131456 28
stats: session 55 91695.36070667613 53448.50653499602 264003.61083984375 25916.957763671875 98618.47991279468 285
stats: users_count 58 745
stats: finish_users_count 55 340
stats: request 1183 867.2478797119344 1831.6496863769964 7446.208984375 0.329833984375 1388.1332335418572 13271
stats: connect 54 3.0233742042824074 2.950594121292766 111.880126953125 0.614013671875 3.769799768837188 681
stats: page 1020 989.249503102022 2191.223434391832 12256.598876953125 0.329833984375 1606.2576025779133 11437
stats: 302 30 568
stats: 200 140 4996
stats: size_rcv 1230264 29057925
stats: newphase 0 4
stats: size_sent 526811 7191134
stats: connected -1 395
stats: 204 6 351
stats: max_repeat 69 619
stats: 400 11 65
stats: 503 954 8115
stats: 404 0 31
stats: 500 42 328
# stats: dump at 1480455829
stats: users 425 427
stats: {load,"tsung_controller@ip-172-31-3-6"} 1 0.01171875 0.0 0.08984375 0.0 0.033405172413793094 29
stats: {freemem,"tsung_controller@ip-172-31-3-6"} 1 3119.46875 0.0 3161.36328125 3119.46875 3137.8667834051726 29
stats: {recvpackets,"tsung_controller@ip-172-31-3-6"} 1 2325.0 0.0 2325 114 1286.214285714286 28
stats: {sentpackets,"tsung_controller@ip-172-31-3-6"} 1 2885.0 0.0 2885 110 1355.892857142857 28
stats: {cpu,"tsung_controller@ip-172-31-3-6"} 1 5.76725025746653 0.0 5.834186284544525 1.383399209486166 3.2838410571349175 29
stats: session 40 91475.01355590821 51532.01164989051 264003.61083984375 25916.957763671875 97498.56357062844 340
stats: users_count 60 805
stats: finish_users_count 40 380
stats: request 1130 923.298247372787 1900.2555750694871 7446.208984375 0.31298828125 1345.5009259743467 14454
stats: connect 66 3.351458925189394 3.330308770582177 111.880126953125 0.614013671875 3.714960339604592 735
stats: page 994 1059.237661565091 2355.1193579051605 12256.598876953125 0.31298828125 1555.7359471660639 12457
stats: 302 27 595
stats: 200 134 5130
stats: size_rcv 1159980 30217905
stats: newphase 0 4
stats: size_sent 489200 7680334
stats: connected 26 421
stats: 204 4 355
stats: max_repeat 60 679
stats: 400 6 71
stats: 503 906 9021
stats: 404 4 35
stats: 500 49 377
# stats: dump at 1480455839
stats: users 468 468
stats: {load,"tsung_controller@ip-172-31-3-6"} 1 0.01171875 0.0 0.08984375 0.0 0.03268229166666666 30
stats: {freemem,"tsung_controller@ip-172-31-3-6"} 1 3119.1640625 0.0 3161.36328125 3119.1640625 3137.253515625 30
stats: {recvpackets,"tsung_controller@ip-172-31-3-6"} 1 2318.0 0.0 2325 114 1322.034482758621 29
stats: {sentpackets,"tsung_controller@ip-172-31-3-6"} 1 2856.0 0.0 2885 110 1408.6206896551723 29
stats: {cpu,"tsung_controller@ip-172-31-3-6"} 1 5.181347150259067 0.0 5.834186284544525 1.383399209486166 3.366621363812638 30
stats: session 38 81802.4270469264 47283.727239779684 264003.61083984375 25916.957763671875 96864.5056743421 380
stats: users_count 81 886
stats: finish_users_count 38 418
stats: request 1236 846.8994039887357 1699.197469220078 7446.208984375 0.302001953125 1314.886897045974 15584
stats: connect 74 3.5933013091216215 4.024679954960823 111.880126953125 0.614013671875 3.6850089121995944 801
stats: page 1080 992.5594378436066 2096.0936427543716 12256.598876953125 0.302001953125 1519.0457906061524 13451
stats: 302 34 629
stats: 200 153 5283
stats: size_rcv 1328228 31546133
stats: newphase 1 5
stats: size_sent 547777 8228111
stats: connected 37 458
stats: 204 10 365
stats: max_repeat 60 739
stats: 400 7 78
stats: 503 979 10000
stats: 404 2 37
stats: 500 51 428
# stats: dump at 1480455849
stats: users 520 521
stats: {load,"tsung_controller@ip-172-31-3-6"} 1 0.0 0.0 0.08984375 0.0 0.032006048387096774 31
stats: {freemem,"tsung_controller@ip-172-31-3-6"} 1 3116.88671875 0.0 3161.36328125 3116.88671875 3136.669984879032 31
stats: {recvpackets,"tsung_controller@ip-172-31-3-6"} 1 2584.0 0.0 2584 114 1355.2333333333336 30
stats: {sentpackets,"tsung_controller@ip-172-31-3-6"} 1 3317.0 0.0 3317 110 1456.8666666666666 30
stats: {cpu,"tsung_controller@ip-172-31-3-6"} 1 6.742738589211618 0.0 6.742738589211618 1.383399209486166 3.4251609053109098 31
stats: session 57 90959.3036552563 55509.98106046118 294784.56494140625 25916.957763671875 95495.22579912249 418
stats: users_count 109 995
stats: finish_users_count 57 475
stats: request 1485 730.0930241543033 1665.2566365099046 7446.208984375 0.302001953125 1280.4973285906383 16820
stats: connect 105 3.5877720424107142 2.9784440290177234 111.880126953125 0.5830078125 3.6772530691964285 875
stats: page 1300 834.6552918419468 1990.6380945992848 12256.598876953125 0.302001953125 1479.9152929815189 14531
stats: 302 28 657
stats: 200 162 5445
stats: size_rcv 1498480 33044613
stats: newphase 0 5
stats: size_sent 619147 8847258
stats: connected 45 503
stats: 204 3 368
stats: max_repeat 74 813
stats: 400 16 94
stats: 503 1227 11227
stats: 404 2 39
stats: 500 47 475
# stats: dump at 1480455859
stats: users 573 573
stats: {load,"tsung_controller@ip-172-31-3-6"} 1 0.16015625 0.0 0.16015625 0.0 0.031005859375 32
stats: {freemem,"tsung_controller@ip-172-31-3-6"} 1 3113.99609375 0.0 3161.36328125 3113.99609375 3136.0517578125 32
stats: {recvpackets,"tsung_controller@ip-172-31-3-6"} 1 2969.0 0.0 2969 114 1394.8709677419358 31
stats: {sentpackets,"tsung_controller@ip-172-31-3-6"} 1 3733.0 0.0 3733 110 1516.8709677419354 31
stats: {cpu,"tsung_controller@ip-172-31-3-6"} 1 7.210031347962382 0.0 7.210031347962382 1.383399209486166 3.528835207932807 32
stats: session 51 85321.09425742953 48930.13412572037 294784.56494140625 25916.957763671875 94950.91514185855 475
stats: users_count 104 1099
stats: finish_users_count 51 526
stats: request 1643 668.4056571082828 1722.2872135408932 7446.208984375 0.302001953125 1235.8455726721484 18305
stats: connect 95 3.5209318462171053 3.076080229977076 111.880126953125 0.5830078125 3.6676658163265308 980
stats: page 1366 797.0287304901968 2077.145311701352 12256.598876953125 0.302001953125 1426.9282421646756 15831
stats: 302 33 690
stats: 200 133 5578
stats: size_rcv 1436772 34481385
stats: newphase 0 5
stats: size_sent 680741 9527999
stats: connected 46 549
stats: 204 6 374
stats: max_repeat 79 892
stats: 400 11 105
stats: 503 1418 12645
stats: 404 3 42
stats: 500 39 514
# stats: dump at 1480455869
stats: users 595 596
stats: {load,"tsung_controller@ip-172-31-3-6"} 1 0.140625 0.0 0.16015625 0.0 0.034919507575757576 33
stats: {freemem,"tsung_controller@ip-172-31-3-6"} 1 3111.5546875 0.0 3161.36328125 3111.5546875 3135.3834043560605 33
stats: {recvpackets,"tsung_controller@ip-172-31-3-6"} 1 3208.0 0.0 3208 114 1444.0625000000002 32
stats: {sentpackets,"tsung_controller@ip-172-31-3-6"} 1 4174.0 0.0 4174 110 1586.125 32
stats: {cpu,"tsung_controller@ip-172-31-3-6"} 1 8.682008368200837 0.0 8.682008368200837 1.383399209486166 3.6403866061155212 33
stats: session 60 82765.7042195638 45334.34873874206 294784.56494140625 17194.884765625 94017.22528424281 526
stats: users_count 82 1181
stats: finish_users_count 60 586
stats: request 1791 591.277607247392 1565.6839231477304 7446.208984375 0.302001953125 1189.1088681768892 19948
stats: connect 89 4.942223709620786 5.3069278924807355 111.880126953125 0.5830078125 3.654698628270349 1075
stats: page 1474 711.8750914285106 1896.5443457629958 12256.598876953125 0.302001953125 1376.8937749350812 17197
stats: 302 33 723
stats: 200 133 5711
stats: size_rcv 1528379 36009764
stats: newphase 0 5
stats: size_sent 729211 10257210
stats: connected 30 579
stats: 204 4 378
stats: max_repeat 101 993
stats: 400 11 116
stats: 503 1559 14204
stats: 404 4 46
stats: 500 47 561
# stats: dump at 1480455879
stats: users 605 605
stats: {load,"tsung_controller@ip-172-31-3-6"} 1 0.26171875 0.0 0.26171875 0.0 0.03802849264705882 34
stats: {freemem,"tsung_controller@ip-172-31-3-6"} 1 3110.43359375 0.0 3161.36328125 3110.43359375 3134.682559742647 34
stats: {recvpackets,"tsung_controller@ip-172-31-3-6"} 1 3174.0 0.0 3208 114 1497.5151515151517 33
stats: {sentpackets,"tsung_controller@ip-172-31-3-6"} 1 4226.0 0.0 4226 110 1664.5454545454545 33
stats: {cpu,"tsung_controller@ip-172-31-3-6"} 1 8.535300316122234 0.0 8.682008368200837 1.383399209486166 3.788669599118031 34
stats: session 71 81408.67049268264 43041.454584268125 294784.56494140625 17194.884765625 92865.19241072619 586
stats: users_count 81 1262
stats: finish_users_count 71 657
stats: request 1824 604.285329986037 1709.116220243821 7446.208984375 0.302001953125 1139.8556463946209 21739
stats: connect 79 3.474219986155063 3.206509526439685 111.880126953125 0.5830078125 3.7531434154182777 1164
stats: page 1550 692.7278466796872 1994.1709748745163 12256.598876953125 0.302001953125 1324.3932372301545 18671
stats: 302 42 765
stats: 200 113 5824
stats: size_rcv 1462267 37472031
stats: newphase 0 5
stats: size_sent 739162 10996372
stats: connected 1 580
stats: 204 4 382
stats: max_repeat 120 1113
stats: 400 18 134
stats: 503 1605 15809
stats: 404 4 50
stats: 500 38 599
# stats: dump at 1480455889
stats: users 637 645
stats: {load,"tsung_controller@ip-172-31-3-6"} 1 0.21875 0.0 0.26171875 0.0 0.04441964285714286 35
stats: {freemem,"tsung_controller@ip-172-31-3-6"} 1 3109.71484375 0.0 3161.36328125 3109.71484375 3133.989732142857 35
stats: {recvpackets,"tsung_controller@ip-172-31-3-6"} 1 3319.0 0.0 3319 114 1546.8235294117649 34
stats: {sentpackets,"tsung_controller@ip-172-31-3-6"} 1 4410.0 0.0 4410 110 1739.8823529411766 34
stats: {cpu,"tsung_controller@ip-172-31-3-6"} 1 8.535300316122234 0.0 8.682008368200837 1.383399209486166 3.924287619603865 35
stats: session 69 80105.4278971354 44327.07115686866 294784.56494140625 15778.94921875 91627.12078792392 657
stats: users_count 101 1363
stats: finish_users_count 69 726
stats: request 2012 528.6569002731652 1394.6669299966372 7446.208984375 0.302001953125 1098.3974170889612 23563
stats: connect 107 3.0122344115070088 2.9503862395304474 111.880126953125 0.5830078125 3.7354161821827234 1243
stats: page 1699 654.7944900665375 1778.4725929643735 12256.598876953125 0.302001953125 1275.9741998258114 20221
stats: 302 37 802
stats: 200 134 5958
stats: size_rcv 1682512 39154543
stats: newphase 0 5
stats: size_sent 777219 11773591
stats: connected 40 620
stats: 204 3 385
stats: max_repeat 122 1235
stats: 400 15 149
stats: 503 1745 17554
stats: 404 6 56
stats: 500 72 671
# stats: dump at 1480455899
stats: users 739 739
stats: {load,"tsung_controller@ip-172-31-3-6"} 1 0.19140625 0.0 0.26171875 0.0 0.049262152777777776 36
stats: {freemem,"tsung_controller@ip-172-31-3-6"} 1 3108.58984375 0.0 3161.36328125 3108.58984375 3133.3154296875 36
stats: {recvpackets,"tsung_controller@ip-172-31-3-6"} 1 3725.0 0.0 3725 114 1597.457142857143 35
stats: {sentpackets,"tsung_controller@ip-172-31-3-6"} 1 4828.0 0.0 4828 110 1816.1714285714286 35
stats: {cpu,"tsung_controller@ip-172-31-3-6"} 1 9.680851063829788 0.0 9.680851063829788 1.383399209486166 4.052371305618264 36
stats: session 71 65533.89148808869 31082.475801587705 294784.56494140625 15778.94921875 90532.08386028699 726
stats: users_count 173 1536
stats: finish_users_count 71 797
stats: request 2122 511.1024939620647 1366.053680163682 7446.208984375 0.302001953125 1053.5756020417127 25575
stats: connect 172 2.9194534656613373 3.311971218871394 111.880126953125 0.5830078125 3.6780973307291664 1350
stats: page 1814 588.1349257834042 1603.3316091232884 12256.598876953125 0.302001953125 1227.827104621386 21920
stats: 302 47 849
stats: 200 127 6085
stats: size_rcv 1687050 40841593
stats: newphase 1 6
stats: size_sent 835629 12609220
stats: connected 99 719
stats: 204 3 388
stats: max_repeat 109 1344
stats: 400 19 168
stats: 503 1845 19399
stats: 404 7 63
stats: 500 74 745
# stats: dump at 1480455909
stats: users 810 810
stats: {load,"tsung_controller@ip-172-31-3-6"} 1 0.16015625 0.0 0.26171875 0.0 0.053103885135135136 37
stats: {freemem,"tsung_controller@ip-172-31-3-6"} 1 3104.640625 0.0 3161.36328125 3104.640625 3132.647170608108 37
stats: {recvpackets,"tsung_controller@ip-172-31-3-6"} 1 4238.0 0.0 4238 114 1656.5555555555557 36
stats: {sentpackets,"tsung_controller@ip-172-31-3-6"} 1 5633.0 0.0 5633 110 1899.8333333333333 36
stats: {cpu,"tsung_controller@ip-172-31-3-6"} 1 11.78343949044586 0.0 11.78343949044586 1.383399209486166 4.204492380164521 37
stats: session 86 74097.96948809954 38012.57766657407 294784.56494140625 13686.710205078125 88305.14326000333 797
stats: users_count 157 1693
stats: finish_users_count 86 883
stats: request 2433 398.296812384402 1356.0322664917805 7446.208984375 0.302001953125 1012.0141356249524 27697
stats: connect 147 3.406201836203232 3.4415475746864908 111.880126953125 0.5830078125 3.592363595649228 1522
stats: page 2044 459.7006519414673 1570.5115259254844 12256.598876953125 0.302001953125 1178.9351516251738 23734
stats: 302 36 885
stats: 200 105 6190
stats: size_rcv 1687812 42529405
stats: newphase 0 6
stats: size_sent 924254 13533474
stats: connected 64 783
stats: 204 0 388
stats: max_repeat 139 1483
stats: 400 19 187
stats: 503 2228 21627
stats: 404 2 65
stats: 500 44 789
# stats: dump at 1480455919
stats: users 851 854
stats: {load,"tsung_controller@ip-172-31-3-6"} 1 0.140625 0.0 0.26171875 0.0 0.05592105263157895 38
stats: {freemem,"tsung_controller@ip-172-31-3-6"} 1 3099.20703125 0.0 3161.36328125 3099.20703125 3131.9101562499995 38
stats: {recvpackets,"tsung_controller@ip-172-31-3-6"} 1 4272.0 0.0 4272 114 1726.3243243243244 37
stats: {sentpackets,"tsung_controller@ip-172-31-3-6"} 1 5988.0 0.0 5988 110 2000.7297297297298 37
stats: {cpu,"tsung_controller@ip-172-31-3-6"} 1 11.745689655172415 0.0 11.78343949044586 1.383399209486166 4.4039383567508725 38
stats: session 93 72974.00455466646 33535.98019504226 294784.56494140625 13686.710205078125 86921.43211121089 883
stats: users_count 134 1827
stats: finish_users_count 93 976
stats: request 2691 433.22964288150894 1557.152778945897 7569.31103515625 0.302001953125 962.4564108508315 30130
stats: connect 135 3.255394603587963 3.0899687589246194 111.880126953125 0.5830078125 3.575967083582984 1669
stats: page 2237 518.936223418467 1889.5607098568557 12875.30908203125 0.302001953125 1121.9053076747705 25778
stats: 302 35 920
stats: 200 98 6288
stats: size_rcv 1811889 44341294
stats: newphase 0 6
stats: size_sent 997097 14530571
stats: connected 45 828
stats: 204 1 389
stats: max_repeat 149 1632
stats: 400 13 200
stats: 503 2491 24118
stats: 404 6 71
stats: 500 46 835
# stats: dump at 1480455929
stats: users 902 904
stats: {load,"tsung_controller@ip-172-31-3-6"} 1 0.109375 0.0 0.26171875 0.0 0.05809294871794872 39
stats: {freemem,"tsung_controller@ip-172-31-3-6"} 1 3095.97265625 0.0 3161.36328125 3095.97265625 3131.071614583333 39
stats: {recvpackets,"tsung_controller@ip-172-31-3-6"} 1 4645.0 0.0 4645 114 1793.3157894736842 38
stats: {sentpackets,"tsung_controller@ip-172-31-3-6"} 1 6383.0 0.0 6383 110 2105.657894736842 38
stats: {cpu,"tsung_controller@ip-172-31-3-6"} 1 12.892741061755148 0.0 12.892741061755148 1.383399209486166 4.592188390043733 39
stats: session 91 71065.99070655908 28418.91772016588 294784.56494140625 13686.710205078125 85592.42518215493 976
stats: users_count 142 1969
stats: finish_users_count 91 1067
stats: request 2675 412.6976588967584 1264.9916238101064 7569.31103515625 0.302001953125 919.0650080110203 32821
stats: connect 149 3.334757760067114 2.9396819685191704 111.880126953125 0.580078125 3.5519774578627357 1804
stats: page 2287 496.5280555688395 1574.1218239015207 12875.30908203125 0.302001953125 1073.7581778699748 28015
stats: 302 41 961
stats: 200 134 6422
stats: size_rcv 1986177 46327471
stats: newphase 0 6
stats: size_sent 977919 15508490
stats: connected 51 879
stats: 204 2 391
stats: max_repeat 154 1786
stats: 400 23 223
stats: 503 2399 26517
stats: 404 4 75
stats: 500 74 909
# stats: dump at 1480455939
stats: users 948 948
stats: {load,"tsung_controller@ip-172-31-3-6"} 1 0.1015625 0.0 0.26171875 0.0 0.059375 40
stats: {freemem,"tsung_controller@ip-172-31-3-6"} 1 3093.75 0.0 3161.36328125 3093.75 3130.194140625 40
stats: {recvpackets,"tsung_controller@ip-172-31-3-6"} 1 5363.0 0.0 5363 114 1866.4358974358975 39
stats: {sentpackets,"tsung_controller@ip-172-31-3-6"} 1 6749.0 0.0 6749 110 2215.3333333333335 39
stats: {cpu,"tsung_controller@ip-172-31-3-6"} 1 14.408602150537634 0.0 14.408602150537634 1.383399209486166 4.799702206836518 40
stats: session 104 65078.31025108924 24228.708387114966 294784.56494140625 13686.710205078125 84353.52589698226 1067
stats: users_count 150 2119
stats: finish_users_count 104 1171
stats: request 2976 401.06706631568267 1313.23657108 7569.31103515625 0.302001953125 880.9048587299561 35496
stats: connect 198 3.2434550583964645 3.404713677608689 111.880126953125 0.580078125 3.5354051409290195 1953
stats: page 2529 475.35676388271037 1517.346947814505 12875.30908203125 0.302001953125 1030.192562078849 30302
stats: 302 37 998
stats: 200 127 6549
stats: size_rcv 2080467 48407938
stats: newphase 0 6
stats: size_sent 1059126 16567616
stats: connected 26 905
stats: 204 1 392
stats: max_repeat 178 1964
stats: 400 22 245
stats: 503 2655 29172
stats: 404 6 81
stats: 500 127 1036
# stats: dump at 1480455949
stats: users 983 983
stats: {load,"tsung_controller@ip-172-31-3-6"} 1 0.16015625 0.0 0.26171875 0.0 0.060403963414634144 41
stats: {freemem,"tsung_controller@ip-172-31-3-6"} 1 3092.81640625 0.0 3161.36328125 3092.81640625 3129.3052591463415 41
stats: {recvpackets,"tsung_controller@ip-172-31-3-6"} 1 5408.0 0.0 5408 114 1953.85 40
stats: {sentpackets,"tsung_controller@ip-172-31-3-6"} 1 6965.0 0.0 6965 110 2328.675 40
stats: {cpu,"tsung_controller@ip-172-31-3-6"} 1 14.47084233261339 0.0 14.47084233261339 1.383399209486166 5.03406562009752 41
stats: session 132 65901.86809562916 32167.26415499736 294784.56494140625 13686.710205078125 82641.63654841448 1171
stats: users_count 167 2286
stats: finish_users_count 132 1303
stats: request 2741 455.53853663124727 1262.965778082496 7569.31103515625 0.2958984375 843.7870257546787 38472
stats: connect 212 3.071080621683373 4.831333736902306 111.880126953125 0.580078125 3.5085310747544747 2151
stats: page 2352 508.10730188071324 1434.4523006372826 12875.30908203125 0.2958984375 987.4530861677274 32831
stats: 302 28 1026
stats: 200 122 6671
stats: size_rcv 1965243 50373181
stats: newphase 0 6
stats: size_sent 996938 17564554
stats: connected 34 939
stats: 204 3 395
stats: max_repeat 179 2143
stats: 400 30 275
stats: 503 2450 31622
stats: 404 5 86
stats: 500 103 1139
# stats: dump at 1480455959
stats: users 916 1010
stats: {load,"tsung_controller@ip-172-31-3-6"} 1 0.140625 0.0 0.26171875 0.0 0.06277901785714286 42
stats: {freemem,"tsung_controller@ip-172-31-3-6"} 1 3090.04296875 0.0 3161.36328125 3090.04296875 3128.436476934524 42
stats: {recvpackets,"tsung_controller@ip-172-31-3-6"} 1 4886.0 0.0 5408 114 2038.0975609756097 41
stats: {sentpackets,"tsung_controller@ip-172-31-3-6"} 1 6419.0 0.0 6965 110 2441.756097560976 41
stats: {cpu,"tsung_controller@ip-172-31-3-6"} 1 13.733905579399142 0.0 14.47084233261339 1.383399209486166 5.2587507799193265 42
stats: session 118 66224.82484151552 26355.920454167455 294784.56494140625 13686.710205078125 80945.81963685066 1303
stats: users_count 51 2337
stats: finish_users_count 118 1421
stats: request 2808 584.7763873586638 1426.1901131090779 8164.912109375 0.2958984375 817.9653406386395 41213
stats: connect 123 2.828414792936991 2.974790184041421 111.880126953125 0.580078125 3.4692845677502118 2363
stats: page 2406 702.8529439341097 1741.834801380508 12875.30908203125 0.2958984375 955.4085963674529 35183
stats: 302 34 1060
stats: 200 145 6816
stats: size_rcv 2130344 52503525
stats: newphase 0 6
stats: size_sent 994884 18559438
stats: connected -55 884
stats: 204 0 395
stats: max_repeat 188 2331
stats: 400 19 294
stats: 503 2458 34080
stats: 404 3 89
stats: 500 148 1287
# stats: dump at 1480455969
stats: users 785 1010
stats: {load,"tsung_controller@ip-172-31-3-6"} 1 0.12109375 0.0 0.26171875 0.0 0.06458938953488373 43
stats: {freemem,"tsung_controller@ip-172-31-3-6"} 1 3088.1484375 0.0 3161.36328125 3088.1484375 3127.5436046511627 43
stats: {recvpackets,"tsung_controller@ip-172-31-3-6"} 1 4636.0 0.0 5408 114 2105.904761904762 42
stats: {sentpackets,"tsung_controller@ip-172-31-3-6"} 1 5831.0 0.0 6965 110 2536.452380952381 42
stats: {cpu,"tsung_controller@ip-172-31-3-6"} 1 11.909871244635193 0.0 14.47084233261339 1.383399209486166 5.455847403163043 43
stats: session 131 66933.58339918297 26740.96747721326 294784.56494140625 13686.710205078125 79723.38657150966 1421
stats: users_count 0 2337
stats: finish_users_count 131 1552
stats: request 2270 467.86884421462 1258.9821074208846 8164.912109375 0.2958984375 803.0907448591212 44021
stats: connect 24 3.8928629557291665 2.933285259434034 111.880126953125 0.580078125 3.4375762080148835 2486
stats: page 1960 536.2726941167073 1476.2387376164386 12875.30908203125 0.2958984375 939.2429920748507 37589
stats: 302 32 1092
stats: 200 140 6956
stats: size_rcv 1846475 54350000
stats: newphase 0 6
stats: size_sent 862708 19422146
stats: connected -104 780
stats: 204 0 395
stats: max_repeat 177 2508
stats: 400 16 310
stats: 503 1986 36066
stats: 404 7 96
stats: 500 89 1376
# stats: dump at 1480455979
stats: users 661 1010
stats: {load,"tsung_controller@ip-172-31-3-6"} 1 0.1015625 0.0 0.26171875 0.0 0.06587357954545456 44
stats: {freemem,"tsung_controller@ip-172-31-3-6"} 1 3088.01171875 0.0 3161.36328125 3088.01171875 3126.648259943182 44
stats: {recvpackets,"tsung_controller@ip-172-31-3-6"} 1 3619.0 0.0 5408 114 2164.7441860465115 43
stats: {sentpackets,"tsung_controller@ip-172-31-3-6"} 1 4759.0 0.0 6965 110 2613.0697674418607 43
stats: {cpu,"tsung_controller@ip-172-31-3-6"} 1 9.401709401709402 0.0 14.47084233261339 1.383399209486166 5.6025297631965 44
stats: session 124 67074.1225054341 27540.913707596435 294784.56494140625 13686.710205078125 78643.83488621663 1552
stats: users_count 0 2337
stats: finish_users_count 124 1676
stats: request 1825 620.4279798533805 1452.4918101378748 8164.912109375 0.2958984375 786.6522640645171 46291
stats: connect 1 0.8779296875 0.0 111.880126953125 0.580078125 3.441929547435259 2510
stats: page 1640 711.4410677281809 1758.4106402136822 12875.30908203125 0.2958984375 919.2722776699869 39549
stats: 302 35 1127
stats: 200 136 7092
stats: size_rcv 1655736 56005736
stats: newphase 0 6
stats: size_sent 720366 20142512
stats: connected -116 664
stats: 204 1 396
stats: max_repeat 166 2674
stats: 400 22 332
stats: 503 1521 37587
stats: 404 13 109
stats: 500 97 1473
# stats: dump at 1480455989
stats: users 557 1010
stats: {load,"tsung_controller@ip-172-31-3-6"} 1 0.16015625 0.0 0.26171875 0.0 0.06666666666666668 45
stats: {freemem,"tsung_controller@ip-172-31-3-6"} 1 3087.9609375 0.0 3161.36328125 3087.9609375 3125.789670138889 45
stats: {recvpackets,"tsung_controller@ip-172-31-3-6"} 1 3086.0 0.0 5408 114 2197.7954545454545 44
stats: {sentpackets,"tsung_controller@ip-172-31-3-6"} 1 3709.0 0.0 6965 110 2661.8409090909095 44
stats: {cpu,"tsung_controller@ip-172-31-3-6"} 1 7.383966244725738 0.0 14.47084233261339 1.383399209486166 5.686955977385676 45
stats: session 104 73495.51963454027 30792.19495634166 294784.56494140625 13686.710205078125 77787.84184611101 1676
stats: users_count 0 2337
stats: finish_users_count 104 1780
stats: request 1383 804.8985557749231 1188.411483153654 8164.912109375 0.2958984375 780.3475147361165 48116
stats: connect 0 0 0 111.880126953125 0.580078125 3.4409084403624055 2511
stats: page 1293 864.9874455451231 1333.7928302586058 12875.30908203125 0.2958984375 910.9971754751155 41189
stats: 302 23 1150
stats: 200 179 7271
stats: size_rcv 1821637 57827373
stats: newphase 0 6
stats: size_sent 546610 20689122
stats: connected -108 556
stats: 204 6 402
stats: max_repeat 134 2808
stats: 400 13 345
stats: 503 930 38517
stats: 404 9 118
stats: 500 223 1696
# stats: dump at 1480455999
stats: users 444 1010
stats: {load,"tsung_controller@ip-172-31-3-6"} 1 0.140625 0.0 0.26171875 0.0 0.06869904891304349 46
stats: {freemem,"tsung_controller@ip-172-31-3-6"} 1 3088.00390625 0.0 3161.36328125 3087.9609375 3124.9673063858695 46
stats: {recvpackets,"tsung_controller@ip-172-31-3-6"} 1 2605.0 0.0 5408 114 2217.5333333333333 45
stats: {sentpackets,"tsung_controller@ip-172-31-3-6"} 1 2883.0 0.0 6965 110 2685.1111111111113 45
stats: {cpu,"tsung_controller@ip-172-31-3-6"} 1 4.916317991631799 0.0 14.47084233261339 1.383399209486166 5.723847504936546 46
stats: session 113 80237.2571297705 26295.643975978364 294784.56494140625 13686.710205078125 77537.05448094058 1780
stats: users_count 0 2337
stats: finish_users_count 113 1893
stats: request 977 1087.2422787091364 1031.5326136617182 8164.912109375 0.2958984375 781.033469801 49499
stats: connect 1 1.587890625 0.0 111.880126953125 0.580078125 3.4409084403624055 2511
stats: page 944 1133.247245142015 1169.25745672096 12875.30908203125 0.2958984375 909.596804004858 42482
stats: 302 18 1168
stats: 200 242 7513
stats: size_rcv 1904967 59732340
stats: newphase 0 6
stats: size_sent 375962 21065084
stats: connected -109 447
stats: 204 3 405
stats: max_repeat 118 2926
stats: 400 6 351
stats: 503 445 38962
stats: 404 1 119
stats: 500 262 1958
# stats: dump at 1480456009
stats: users 354 1010
stats: {load,"tsung_controller@ip-172-31-3-6"} 1 0.12109375 0.0 0.26171875 0.0 0.07022938829787236 47
stats: {freemem,"tsung_controller@ip-172-31-3-6"} 1 3088.015625 0.0 3161.36328125 3087.9609375 3124.18085106383 47
stats: {recvpackets,"tsung_controller@ip-172-31-3-6"} 1 2746.0 0.0 5408 114 2225.9565217391305 46
stats: {sentpackets,"tsung_controller@ip-172-31-3-6"} 1 2782.0 0.0 6965 110 2689.413043478261 46
stats: {cpu,"tsung_controller@ip-172-31-3-6"} 1 4.578563995837669 0.0 14.47084233261339 1.383399209486166 5.706666025930062 47
stats: session 90 79551.03266601564 21320.56080742547 294784.56494140625 13686.710205078125 77698.23931946028 1893
stats: users_count 0 2337
stats: finish_users_count 90 1983
stats: request 774 1211.2965356003726 406.76455665984736 8164.912109375 0.2958984375 786.960365876427 50476
stats: connect 0 0 0 111.880126953125 0.580078125 3.440170774034634 2512
stats: page 753 1253.426059434137 536.4691548649535 12875.30908203125 0.2958984375 914.4585461969427 43426
stats: 302 14 1182
stats: 200 363 7876
stats: size_rcv 2539480 62271820
stats: newphase 0 6
stats: size_sent 295330 21360414
stats: connected -92 355
stats: 204 16 421
stats: max_repeat 93 3019
stats: 400 1 352
stats: 503 57 39019
stats: 404 2 121
stats: 500 322 2280
# stats: dump at 1480456019
stats: users 259 1010
stats: {load,"tsung_controller@ip-172-31-3-6"} 1 0.1015625 0.0 0.26171875 0.0 0.07128906250000001 48
stats: {freemem,"tsung_controller@ip-172-31-3-6"} 1 3087.87890625 0.0 3161.36328125 3087.87890625 3123.4274088541665 48
stats: {recvpackets,"tsung_controller@ip-172-31-3-6"} 1 2734.0 0.0 5408 114 2237.021276595745 47
stats: {sentpackets,"tsung_controller@ip-172-31-3-6"} 1 2683.0 0.0 6965 110 2691.3829787234044 47
stats: {cpu,"tsung_controller@ip-172-31-3-6"} 1 4.123711340206185 0.0 14.47084233261339 1.383399209486166 5.6831639003031365 48
stats: session 95 94150.53490182973 27521.74523076276 294784.56494140625 13686.710205078125 77782.32978904675 1983
stats: users_count 0 2337
stats: finish_users_count 95 2078
stats: request 762 449.64558182363464 367.20777146942515 8164.912109375 0.2958984375 793.3688770055262 51250
stats: connect 0 0 0 111.880126953125 0.580078125 3.440170774034634 2512
stats: page 753 462.6911313081007 419.2586844023496 12875.30908203125 0.2958984375 920.2360091876761 44179
stats: 302 26 1208
stats: 200 399 8275
stats: size_rcv 2583452 64855272
stats: newphase 0 6
stats: size_sent 289606 21650020
stats: connected -91 264
stats: 204 31 452
stats: max_repeat 98 3117
stats: 400 0 352
stats: 503 0 39019
stats: 404 5 126
stats: 500 300 2580
# stats: dump at 1480456029
stats: users 207 1010
stats: {load,"tsung_controller@ip-172-31-3-6"} 1 0.078125 0.0 0.26171875 0.0 0.07190688775510205 49
stats: {freemem,"tsung_controller@ip-172-31-3-6"} 1 3087.98828125 0.0 3161.36328125 3087.87890625 3122.7019292091836 49
stats: {recvpackets,"tsung_controller@ip-172-31-3-6"} 1 2255.0 0.0 5408 114 2247.3750000000005 48
stats: {sentpackets,"tsung_controller@ip-172-31-3-6"} 1 2273.0 0.0 6965 110 2691.2083333333335 48
stats: {cpu,"tsung_controller@ip-172-31-3-6"} 1 4.378818737270876 0.0 14.47084233261339 1.383399209486166 5.651338337852178 49
stats: session 52 95007.92627422627 18023.806077377616 294784.56494140625 13686.710205078125 78530.6356050787 2078
stats: users_count 0 2337
stats: finish_users_count 52 2130
stats: request 577 93.22690057341315 116.23545234018087 8164.912109375 0.2958984375 788.3331708044841 52012
stats: connect 0 0 0 111.880126953125 0.580078125 3.440170774034634 2512
stats: page 575 93.55138714334241 116.45101998623404 12875.30908203125 0.2958984375 912.5681712760916 44932
stats: 302 5 1213
stats: 200 352 8627
stats: size_rcv 2121754 66977026
stats: newphase 0 6
stats: size_sent 276027 21926047
stats: connected -55 209
stats: 204 40 492
stats: max_repeat 53 3170
stats: 400 0 352
stats: 503 0 39019
stats: 404 12 138
stats: 500 168 2748
# stats: dump at 1480456039
stats: users 135 1010
stats: {load,"tsung_controller@ip-172-31-3-6"} 1 0.0703125 0.0 0.26171875 0.0 0.07203125 50
stats: {freemem,"tsung_controller@ip-172-31-3-6"} 1 3087.96484375 0.0 3161.36328125 3087.87890625 3122.00765625 50
stats: {recvpackets,"tsung_controller@ip-172-31-3-6"} 1 2178.0 0.0 5408 114 2247.5306122448987 49
stats: {sentpackets,"tsung_controller@ip-172-31-3-6"} 1 2151.0 0.0 6965 110 2682.673469387755 49
stats: {cpu,"tsung_controller@ip-172-31-3-6"} 1 3.8696537678207736 0.0 14.47084233261339 1.383399209486166 5.625887945840552 50
stats: session 72 102608.98449367947 16975.810686853176 294784.56494140625 13686.710205078125 78932.89810028794 2130
stats: users_count 0 2337
stats: finish_users_count 72 2202
stats: request 583 104.62502680102916 126.29488101189618 8164.912109375 0.2958984375 780.7065508283802 52589
stats: connect 0 0 0 111.880126953125 0.580078125 3.440170774034634 2512
stats: page 580 105.16654936691815 128.18730158390443 12875.30908203125 0.2958984375 902.2195512643058 45507
stats: 302 2 1215
stats: 200 381 9008
stats: size_rcv 2346238 69323264
stats: newphase 0 6
stats: size_sent 275046 22201093
stats: connected -74 135
stats: 204 65 557
stats: max_repeat 62 3232
stats: 400 0 352
stats: 503 0 39019
stats: 404 19 157
stats: 500 116 2864
# stats: dump at 1480456049
stats: users 100 1010
stats: {load,"tsung_controller@ip-172-31-3-6"} 1 0.05859375 0.0 0.26171875 0.0 0.07199754901960785 51
stats: {freemem,"tsung_controller@ip-172-31-3-6"} 1 3088.078125 0.0 3161.36328125 3087.87890625 3121.340150122549 51
stats: {recvpackets,"tsung_controller@ip-172-31-3-6"} 1 1568.0 0.0 5408 114 2246.140000000001 50
stats: {sentpackets,"tsung_controller@ip-172-31-3-6"} 1 1603.0 0.0 6965 110 2672.04 50
stats: {cpu,"tsung_controller@ip-172-31-3-6"} 1 2.9292929292929295 0.0 14.47084233261339 1.383399209486166 5.591451981565654 51
stats: session 35 112122.99026227678 16016.819129766933 294784.56494140625 13686.710205078125 79707.04806410456 2202
stats: users_count 0 2337
stats: finish_users_count 35 2237
stats: request 403 41.988333955296206 70.73437356725742 8164.912109375 0.2958984375 773.2937108278546 53172
stats: connect 0 0 0 111.880126953125 0.580078125 3.440170774034634 2512
stats: page 403 41.988333955296206 70.73437356725742 12875.30908203125 0.2958984375 892.1887238921513 46087
stats: 302 2 1217
stats: 200 291 9299
stats: size_rcv 1424773 70748037
stats: newphase 0 6
stats: size_sent 217039 22418132
stats: connected -33 102
stats: 204 49 606
stats: max_repeat 31 3263
stats: 400 0 352
stats: 503 0 39019
stats: 404 18 175
stats: 500 43 2907
# stats: dump at 1480456059
stats: users 63 1010
stats: {load,"tsung_controller@ip-172-31-3-6"} 1 0.05078125 0.0 0.26171875 0.0 0.07173978365384616 52
stats: {freemem,"tsung_controller@ip-172-31-3-6"} 1 3088.421875 0.0 3161.36328125 3087.87890625 3120.700495793269 52
stats: {recvpackets,"tsung_controller@ip-172-31-3-6"} 1 1269.0 0.0 5408 114 2232.843137254903 51
stats: {sentpackets,"tsung_controller@ip-172-31-3-6"} 1 1370.0 0.0 6965 110 2651.078431372549 51
stats: {cpu,"tsung_controller@ip-172-31-3-6"} 1 3.3000000000000003 0.0 14.47084233261339 1.383399209486166 5.540256615175794 52
stats: session 37 122261.62536291174 19093.56677256256 294784.56494140625 13686.710205078125 80214.22641767452 2237
stats: users_count 0 2337
stats: finish_users_count 37 2274
stats: request 417 31.374117112559933 49.606017593224074 8164.912109375 0.2958984375 767.7927109794246 53575
stats: connect 0 0 0 111.880126953125 0.580078125 3.440170774034634 2512
stats: page 417 31.374117112559933 49.606017593224074 12875.30908203125 0.2958984375 884.8187355689731 46490
stats: 302 0 1217
stats: 200 314 9613
stats: size_rcv 1237030 71985067
stats: newphase 0 6
stats: size_sent 223992 22642124
stats: connected -37 65
stats: 204 55 661
stats: max_repeat 31 3294
stats: 400 0 352
stats: 503 0 39019
stats: 404 23 198
stats: 500 25 2932
# stats: dump at 1480456069
stats: users 40 1010
stats: {load,"tsung_controller@ip-172-31-3-6"} 1 0.0390625 0.0 0.26171875 0.0 0.07134433962264151 53
stats: {freemem,"tsung_controller@ip-172-31-3-6"} 1 3088.6484375 0.0 3161.36328125 3087.87890625 3120.091465212264 53
stats: {recvpackets,"tsung_controller@ip-172-31-3-6"} 1 876.0 0.0 5408 114 2214.3076923076933 52
stats: {sentpackets,"tsung_controller@ip-172-31-3-6"} 1 971.0 0.0 6965 110 2626.4423076923076 52
stats: {cpu,"tsung_controller@ip-172-31-3-6"} 1 2.293120638085743 0.0 14.47084233261339 1.383399209486166 5.497987622436629 53
stats: session 23 129822.66762907608 21489.67630125345 294784.56494140625 13686.710205078125 80898.37494932527 2274
stats: users_count 0 2337
stats: finish_users_count 23 2297
stats: request 262 20.54109576276241 25.585286592154535 8164.912109375 0.2958984375 762.1050803370612 53992
stats: connect 0 0 0 111.880126953125 0.580078125 3.440170774034634 2512
stats: page 262 20.54109576276241 25.585286592154535 12875.30908203125 0.2958984375 877.2316716788006 46907
stats: 302 0 1217
stats: 200 208 9821
stats: size_rcv 818929 72803996
stats: newphase 0 6
stats: size_sent 145618 22787742
stats: connected -24 41
stats: 204 38 699
stats: max_repeat 15 3309
stats: 400 0 352
stats: 503 0 39019
stats: 404 12 210
stats: 500 4 2936
# stats: dump at 1480456079
stats: users 25 1010
stats: {load,"tsung_controller@ip-172-31-3-6"} 1 0.0390625 0.0 0.26171875 0.0 0.07074652777777779 54
stats: {freemem,"tsung_controller@ip-172-31-3-6"} 1 3091.671875 0.0 3161.36328125 3087.87890625 3119.509186921296 54
stats: {recvpackets,"tsung_controller@ip-172-31-3-6"} 1 714.0 0.0 5408 114 2189.056603773586 53
stats: {sentpackets,"tsung_controller@ip-172-31-3-6"} 1 790.0 0.0 6965 110 2595.2075471698113 53
stats: {cpu,"tsung_controller@ip-172-31-3-6"} 1 2.286282306163022 0.0 14.47084233261339 1.383399209486166 5.438638233837538 54
stats: session 15 138970.75201822922 13811.794036394002 294784.56494140625 13686.710205078125 81388.25685251824 2297
stats: users_count 0 2337
stats: finish_users_count 15 2312
stats: request 191 18.534063369191756 26.727922001689524 8164.912109375 0.2958984375 758.5239662448566 54254
stats: connect 0 0 0 111.880126953125 0.580078125 3.440170774034634 2512
stats: page 191 18.534063369191756 26.727922001689524 12875.30908203125 0.2958984375 872.4731876980081 47169
stats: 302 0 1217
stats: 200 145 9966
stats: size_rcv 392291 73196287
stats: newphase 0 6
stats: size_sent 108137 22895879
stats: connected -16 25
stats: 204 28 727
stats: max_repeat 8 3317
stats: 400 0 352
stats: 503 0 39019
stats: 404 17 227
stats: 500 1 2937
# stats: dump at 1480456089
stats: users 15 1010
stats: {load,"tsung_controller@ip-172-31-3-6"} 1 0.109375 0.0 0.26171875 0.0 0.07017045454545456 55
stats: {freemem,"tsung_controller@ip-172-31-3-6"} 1 3096.78515625 0.0 3161.36328125 3087.87890625 3119.003053977273 55
stats: {recvpackets,"tsung_controller@ip-172-31-3-6"} 1 381.0 0.0 5408 114 2161.7407407407422 54
stats: {sentpackets,"tsung_controller@ip-172-31-3-6"} 1 437.0 0.0 6965 110 2561.777777777778 54
stats: {cpu,"tsung_controller@ip-172-31-3-6"} 1 2.073050345508391 0.0 14.47084233261339 1.383399209486166 5.381322671516183 55
stats: session 10 145479.85844726564 17417.091661303704 294784.56494140625 13686.710205078125 81761.84570523696 2312
stats: users_count 0 2337
stats: finish_users_count 10 2322
stats: request 116 15.341944201239224 20.024282527887788 8164.912109375 0.2958984375 755.9279873404714 54445
stats: connect 0 0 0 111.880126953125 0.580078125 3.440170774034634 2512
stats: page 116 15.341944201239224 20.024282527887788 12875.30908203125 0.2958984375 869.0293031383205 47360
stats: 302 0 1217
stats: 200 92 10058
stats: size_rcv 348438 73544725
stats: newphase 0 6
stats: size_sent 65967 22961846
stats: connected -10 15
stats: 204 17 744
stats: max_repeat 7 3324
stats: 400 0 352
stats: 503 0 39019
stats: 404 7 234
stats: 500 0 2937
# stats: dump at 1480456099
stats: users 10 1010
stats: {load,"tsung_controller@ip-172-31-3-6"} 1 0.08984375 0.0 0.26171875 0.0 0.07087053571428573 56
stats: {freemem,"tsung_controller@ip-172-31-3-6"} 1 3106.56640625 0.0 3161.36328125 3087.87890625 3118.6063058035716 56
stats: {recvpackets,"tsung_controller@ip-172-31-3-6"} 1 276.0 0.0 5408 114 2129.363636363638 55
stats: {sentpackets,"tsung_controller@ip-172-31-3-6"} 1 287.0 0.0 6965 110 2523.1454545454544 55
stats: {cpu,"tsung_controller@ip-172-31-3-6"} 1 1.87192118226601 0.0 14.47084233261339 1.383399209486166 5.322246379980329 56
stats: session 5 148947.6126953125 10256.980908236463 294784.56494140625 13686.710205078125 82036.25575149893 2322
stats: users_count 0 2337
stats: finish_users_count 5 2327
stats: request 79 17.035490011867097 24.24721511087439 8164.912109375 0.2958984375 754.3534564300381 54561
stats: connect 0 0 0 111.880126953125 0.580078125 3.440170774034634 2512
stats: page 79 17.035490011867097 24.24721511087439 12875.30908203125 0.2958984375 866.9434548436726 47476
stats: 302 0 1217
stats: 200 65 10123
stats: size_rcv 353898 73898623
stats: newphase 0 6
stats: size_sent 45349 23007195
stats: connected -5 10
stats: 204 12 756
stats: max_repeat 1 3325
stats: 400 0 352
stats: 503 0 39019
stats: 404 2 236
stats: 500 0 2937
# stats: dump at 1480456109
stats: users 4 1010
stats: {load,"tsung_controller@ip-172-31-3-6"} 1 0.078125 0.0 0.26171875 0.0 0.07120339912280703 57
stats: {freemem,"tsung_controller@ip-172-31-3-6"} 1 3114.9453125 0.0 3161.36328125 3087.87890625 3118.395079495614 57
stats: {recvpackets,"tsung_controller@ip-172-31-3-6"} 1 125.0 0.0 5408 114 2096.2678571428587 56
stats: {sentpackets,"tsung_controller@ip-172-31-3-6"} 1 145.0 0.0 6965 110 2483.214285714286 56
stats: {cpu,"tsung_controller@ip-172-31-3-6"} 1 1.1846001974333662 0.0 14.47084233261339 1.1846001974333662 5.261714358967797 57
stats: session 6 168579.0223388672 17338.738488356164 294784.56494140625 13686.710205078125 82180.02746818095 2327
stats: users_count 0 2337
stats: finish_users_count 6 2333
stats: request 33 12.416141394412879 12.882265376956099 8164.912109375 0.2958984375 753.2874220349606 54640
stats: connect 0 0 0 111.880126953125 0.580078125 3.440170774034634 2512
stats: page 33 12.416141394412879 12.882265376956099 12875.30908203125 0.2958984375 865.5315585294741 47555
stats: 302 0 1217
stats: 200 28 10151
stats: size_rcv 91874 73990497
stats: newphase 0 6
stats: size_sent 18971 23026166
stats: connected -5 5
stats: 204 4 760
stats: max_repeat 1 3326
stats: 400 0 352
stats: 503 0 39019
stats: 404 1 237
stats: 500 0 2937
# stats: dump at 1480456119
stats: users 1 1010
stats: {load,"tsung_controller@ip-172-31-3-6"} 1 0.05859375 0.0 0.26171875 0.0 0.07132273706896554 58
stats: {freemem,"tsung_controller@ip-172-31-3-6"} 1 3118.0546875 0.0 3161.36328125 3087.87890625 3118.3356007543102 58
stats: {recvpackets,"tsung_controller@ip-172-31-3-6"} 1 35.0 0.0 5408 35 2061.684210526317 57
stats: {sentpackets,"tsung_controller@ip-172-31-3-6"} 1 49.0 0.0 6965 49 2442.1929824561403 57
stats: {cpu,"tsung_controller@ip-172-31-3-6"} 1 0.9871668311944718 0.0 14.47084233261339 0.9871668311944718 5.191419287217204 58
stats: session 3 182462.73592122397 16951.402567849513 294784.56494140625 13686.710205078125 82402.22805507513 2333
stats: users_count 0 2337
stats: finish_users_count 3 2336
stats: request 8 10.150665283203125 5.195550342991764 8164.912109375 0.2958984375 752.8402405694999 54673
stats: connect 0 0 0 111.880126953125 0.580078125 3.440170774034634 2512
stats: page 8 10.150665283203125 5.195550342991764 12875.30908203125 0.2958984375 864.9399638256526 47588
stats: 302 0 1217
stats: 200 6 10157
stats: size_rcv 7654 73998151
stats: newphase 0 6
stats: size_sent 4552 23030718
stats: connected -4 1
stats: 204 1 761
stats: max_repeat 1 3327
stats: 400 0 352
stats: 503 0 39019
stats: 404 1 238
stats: 500 0 2937
# stats: dump at 1480456129
stats: users 1 1010
stats: {load,"tsung_controller@ip-172-31-3-6"} 1 0.05078125 0.0 0.26171875 0.0 0.07110699152542374 59
stats: {freemem,"tsung_controller@ip-172-31-3-6"} 1 3119.41796875 0.0 3161.36328125 3087.87890625 3118.330839512712 59
stats: {recvpackets,"tsung_controller@ip-172-31-3-6"} 1 24.0 0.0 5408 24 2026.7413793103462 58
stats: {sentpackets,"tsung_controller@ip-172-31-3-6"} 1 30.0 0.0 6965 30 2400.9310344827586 58
stats: {cpu,"tsung_controller@ip-172-31-3-6"} 1 1.085883514313919 0.0 14.47084233261339 0.9871668311944718 5.120160771013429 59
stats: session 0 0 0 294784.56494140625 13686.710205078125 82530.73041962927 2336
stats: users_count 0 2337
stats: finish_users_count 0 2336
stats: request 9 12.49728732638889 5.808231247466407 8164.912109375 0.2958984375 752.7315827797321 54681
stats: connect 0 0 0 111.880126953125 0.580078125 3.440170774034634 2512
stats: page 9 12.49728732638889 5.808231247466407 12875.30908203125 0.2958984375 864.7962896852135 47596
stats: 302 0 1217
stats: 200 5 10162
stats: size_rcv 5334 74003485
stats: newphase 0 6
stats: size_sent 5160 23035878
stats: connected 0 1
stats: 204 2 763
stats: max_repeat 0 3327
stats: 400 0 352
stats: 503 0 39019
stats: 404 2 240
stats: 500 0 2937
# stats: dump at 1480456139
stats: users 0 1010
stats: {load,"tsung_controller@ip-172-31-3-6"} 1 0.05078125 0.0 0.26171875 0.0 0.07076822916666668 60
stats: {freemem,"tsung_controller@ip-172-31-3-6"} 1 3119.51953125 0.0 3161.36328125 3087.87890625 3118.3489583333335 60
stats: {recvpackets,"tsung_controller@ip-172-31-3-6"} 1 22.0 0.0 5408 22 1992.796610169493 59
stats: {sentpackets,"tsung_controller@ip-172-31-3-6"} 1 30.0 0.0 6965 30 2360.7457627118642 59
stats: {cpu,"tsung_controller@ip-172-31-3-6"} 1 0.8884501480750246 0.0 14.47084233261339 0.8884501480750246 5.052922816735104 60
stats: session 1 194088.1650390625 0.0 294784.56494140625 13686.710205078125 82530.73041962927 2336
stats: users_count 0 2337
stats: finish_users_count 1 2337
stats: request 7 8.378243582589286 4.511447799207731 8164.912109375 0.2958984375 752.6097669329762 54690
stats: connect 0 0 0 111.880126953125 0.580078125 3.440170774034634 2512
stats: page 7 8.378243582589286 4.511447799207731 12875.30908203125 0.2958984375 864.6351576398143 47605
stats: 302 0 1217
stats: 200 5 10167
stats: size_rcv 2689 74006174
stats: newphase 0 6
stats: size_sent 4015 23039893
stats: connected -1 0
stats: 204 1 764
stats: max_repeat 0 3327
stats: 400 0 352
stats: 503 0 39019
stats: 404 1 241
stats: 500 0 2937
# stats: dump at 1480456143
stats: users 0 1010
stats: {load,"tsung_controller@ip-172-31-3-6"} 0 0 0 0.26171875 0.0 0.07044057377049182 61
stats: {freemem,"tsung_controller@ip-172-31-3-6"} 0 0 0 3161.36328125 3087.87890625 3118.3681480532787 61
stats: {recvpackets,"tsung_controller@ip-172-31-3-6"} 0 0 0 5408 22 1959.9500000000014 60
stats: {sentpackets,"tsung_controller@ip-172-31-3-6"} 0 0 0 6965 30 2321.9 60
stats: {cpu,"tsung_controller@ip-172-31-3-6"} 0 0 0 14.47084233261339 0.8884501480750246 4.984652772986578 61
stats: session 0 0 0 294784.56494140625 13686.710205078125 82578.4657361117 2337
stats: users_count 0 2337
stats: finish_users_count 0 2337
stats: request 0 0 0 8164.912109375 0.2958984375 752.5145218434201 54697
stats: connect 0 0 0 111.880126953125 0.580078125 3.440170774034634 2512
stats: page 0 0 0 12875.30908203125 0.2958984375 864.509269241965 47612
stats: 302 0 1217
stats: 200 0 10167
stats: size_rcv 0 74006174
stats: newphase 0 6
stats: size_sent 0 23039893
stats: connected 0 0
stats: 204 0 764
stats: max_repeat 0 3327
stats: 400 0 352
stats: 503 0 39019
stats: 404 0 241
stats: 500 0 2937
EndMonitor:{1480,456143,90624}
