# stats: dump at 1480464739
stats: users 12 12
stats: {freemem,"tsung_controller@ip-172-31-15-70"} 1 3160.71484375 0 3160.71484375 3160.71484375 0 0
stats: {cpu,"tsung_controller@ip-172-31-15-70"} 1 3.9106432171036807 0 3.9106432171036807 3.9106432171036807 0 0
stats: {load,"tsung_controller@ip-172-31-15-70"} 1 0.078125 0 0.078125 0.078125 0 0
stats: users_count 12 12
stats: finish_users_count 0 0
stats: request 30 42.561010742187506 43.9755538726882 168.111083984375 5.77783203125 0 0
stats: connect 5 48.7595703125 58.4898087238873 124.154052734375 1.00390625 0 0
stats: page 20 63.88111572265625 49.14687191903063 168.111083984375 5.77783203125 0 0
stats: 302 5 5
stats: 200 25 25
stats: size_rcv 135046 135046
stats: size_sent 16655 16655
stats: connected 5 5
# stats: dump at 1480464749
stats: users 25 25
stats: {freemem,"tsung_controller@ip-172-31-15-70"} 1 3159.0234375 0.0 3160.71484375 3159.0234375 3160.71484375 1
stats: {recvpackets,"tsung_controller@ip-172-31-15-70"} 1 131 0 131 131 0 0
stats: {sentpackets,"tsung_controller@ip-172-31-15-70"} 1 126 0 126 126 0 0
stats: {cpu,"tsung_controller@ip-172-31-15-70"} 1 2.549019607843137 0.0 3.9106432171036807 2.549019607843137 3.9106432171036807 1
stats: {load,"tsung_controller@ip-172-31-15-70"} 1 0.0703125 0.0 0.078125 0.0703125 0.078125 1
stats: users_count 13 25
stats: finish_users_count 0 0
stats: request 95 40.52266652960526 59.05815100647941 475.589111328125 5.4091796875 42.561010742187506 30
stats: connect 18 1.9086778428819444 2.0194501870354404 124.154052734375 0.953857421875 48.7595703125 5
stats: page 66 58.37856963186552 73.74065818453745 488.8369140625 5.4091796875 63.88111572265625 20
stats: 302 12 17
stats: 200 83 108
stats: size_rcv 453360 588406
stats: size_sent 51218 67873
stats: connected 18 23
stats: max_repeat 1 1
# stats: dump at 1480464759
stats: users 34 34
stats: {freemem,"tsung_controller@ip-172-31-15-70"} 1 3154.4375 0.0 3160.71484375 3154.4375 3159.869140625 2
stats: {recvpackets,"tsung_controller@ip-172-31-15-70"} 1 337.0 0.0 337 131 131.0 1
stats: {sentpackets,"tsung_controller@ip-172-31-15-70"} 1 300.0 0.0 300 126 126.0 1
stats: {cpu,"tsung_controller@ip-172-31-15-70"} 1 1.7769002961500493 0.0 3.9106432171036807 1.7769002961500493 3.229831412473409 2
stats: {load,"tsung_controller@ip-172-31-15-70"} 1 0.05859375 0.0 0.078125 0.05859375 0.07421875 2
stats: users_count 9 34
stats: finish_users_count 0 0
stats: request 149 44.07148404729444 51.79155149643649 481.490966796875 5.4091796875 41.011869140625 125
stats: connect 6 2.6898193359375 3.457730689117371 124.154052734375 0.912109375 12.093654466711957 23
stats: page 86 75.42315815770347 58.91053509377714 490.4951171875 5.4091796875 59.658231513444754 86
stats: 302 12 29
stats: 200 137 245
stats: size_rcv 747793 1336199
stats: size_sent 92905 160778
stats: connected 6 29
stats: max_repeat 3 4
# stats: dump at 1480464769
stats: users 47 47
stats: {freemem,"tsung_controller@ip-172-31-15-70"} 1 3149.01171875 0.0 3160.71484375 3149.01171875 3158.05859375 3
stats: {recvpackets,"tsung_controller@ip-172-31-15-70"} 1 546.0 0.0 546 131 234.0 2
stats: {sentpackets,"tsung_controller@ip-172-31-15-70"} 1 432.0 0.0 432 126 213.0 2
stats: {cpu,"tsung_controller@ip-172-31-15-70"} 1 2.1739130434782608 0.0 3.9106432171036807 1.7769002961500493 2.7455210403656225 3
stats: {load,"tsung_controller@ip-172-31-15-70"} 1 0.05078125 0.0 0.078125 0.05078125 0.06901041666666667 3
stats: session 3 28508.593017578125 4214.182674141065 34373.944091796875 24660.906005859375 0 0
stats: users_count 16 50
stats: finish_users_count 3 3
stats: request 302 31.441740932843544 41.15795190633018 481.490966796875 0.3779296875 42.67567432709853 274
stats: connect 17 0.904296875 0.09128378464765584 124.154052734375 0.633056640625 10.148033405172415 29
stats: page 225 42.24352973090277 48.614862078297435 490.4951171875 0.3779296875 67.5406948355741 172
stats: 302 31 60
stats: 200 268 513
stats: size_rcv 1420413 2756612
stats: size_sent 173672 334450
stats: connected 14 43
stats: max_repeat 21 25
stats: 400 3 3
# stats: dump at 1480464779
stats: users 55 55
stats: {freemem,"tsung_controller@ip-172-31-15-70"} 1 3142.734375 0.0 3160.71484375 3142.734375 3155.796875 4
stats: {recvpackets,"tsung_controller@ip-172-31-15-70"} 1 890.0 0.0 890 131 338.0 3
stats: {sentpackets,"tsung_controller@ip-172-31-15-70"} 1 780.0 0.0 780 126 286.0 3
stats: {cpu,"tsung_controller@ip-172-31-15-70"} 1 3.3398821218074657 0.0 3.9106432171036807 1.7769002961500493 2.6026190411437824 4
stats: {load,"tsung_controller@ip-172-31-15-70"} 1 0.0390625 0.0 0.078125 0.0390625 0.064453125 4
stats: session 2 35314.453125 3166.4619140625 38480.9150390625 24660.906005859375 28508.593017578125 3
stats: users_count 10 60
stats: finish_users_count 2 5
stats: request 306 31.688640120761836 44.42176716365462 563.2509765625 0.3779296875 36.78566063774956 576
stats: connect 13 1.2648362379807692 1.0467161290330933 124.154052734375 0.633056640625 6.731869904891305 46
stats: page 226 42.90035389587942 52.34705985373693 563.2509765625 0.3779296875 53.20351058229689 397
stats: 302 26 86
stats: 200 271 784
stats: size_rcv 1446507 4203119
stats: size_sent 179891 514341
stats: connected 11 54
stats: max_repeat 11 36
stats: 204 7 7
stats: 400 2 5
# stats: dump at 1480464789
stats: users 54 55
stats: {freemem,"tsung_controller@ip-172-31-15-70"} 1 3138.546875 0.0 3160.71484375 3138.546875 3153.184375 5
stats: {recvpackets,"tsung_controller@ip-172-31-15-70"} 1 920.0 0.0 920 131 476.0 4
stats: {sentpackets,"tsung_controller@ip-172-31-15-70"} 1 787.0 0.0 787 126 409.5 4
stats: {cpu,"tsung_controller@ip-172-31-15-70"} 1 3.732809430255403 0.0 3.9106432171036807 1.7769002961500493 2.750071657276519 5
stats: {load,"tsung_controller@ip-172-31-15-70"} 1 0.109375 0.0 0.109375 0.0390625 0.059375 5
stats: session 1 50262.275146484375 0.0 50262.275146484375 24660.906005859375 31230.937060546876 5
stats: users_count 0 60
stats: finish_users_count 1 6
stats: request 277 29.122005972190887 32.490287641648166 563.2509765625 0.3779296875 35.01730658083545 882
stats: connect 1 0.935791015625 0.0 124.154052734375 0.633056640625 5.527269266419491 59
stats: page 208 39.21938500037562 39.810673835823934 563.2509765625 0.3779296875 49.465928862986544 623
stats: 302 25 111
stats: 200 241 1025
stats: size_rcv 1235014 5438133
stats: size_sent 166345 680686
stats: connected 0 54
stats: max_repeat 13 49
stats: 204 11 18
stats: 400 0 5
# stats: dump at 1480464799
stats: users 64 64
stats: {freemem,"tsung_controller@ip-172-31-15-70"} 1 3135.64453125 0.0 3160.71484375 3135.64453125 3150.7447916666665 6
stats: {recvpackets,"tsung_controller@ip-172-31-15-70"} 1 690.0 0.0 920 131 564.8 5
stats: {sentpackets,"tsung_controller@ip-172-31-15-70"} 1 636.0 0.0 787 126 485.0 5
stats: {cpu,"tsung_controller@ip-172-31-15-70"} 1 3.536345776031434 0.0 3.9106432171036807 1.7769002961500493 2.9138612861063335 6
stats: {load,"tsung_controller@ip-172-31-15-70"} 1 0.08984375 0.0 0.109375 0.0390625 0.06770833333333333 6
stats: session 0 0 0 50262.275146484375 24660.906005859375 34402.82674153646 6
stats: users_count 10 70
stats: finish_users_count 0 6
stats: request 335 21.640829057835823 26.58164814321059 563.2509765625 0.3779296875 33.60833482191005 1159
stats: connect 8 1.09478759765625 0.2610676694887407 124.154052734375 0.633056640625 5.45074462890625 60
stats: page 282 25.71854308649158 32.008786591720686 563.2509765625 0.3779296875 46.90121030291065 831
stats: 302 29 140
stats: 200 285 1310
stats: size_rcv 1422084 6860217
stats: newphase 1 1
stats: size_sent 195107 875793
stats: connected 8 62
stats: max_repeat 13 62
stats: 204 21 39
stats: 400 0 5
# stats: dump at 1480464809
stats: users 78 78
stats: {freemem,"tsung_controller@ip-172-31-15-70"} 1 3134.6015625 0.0 3160.71484375 3134.6015625 3148.5876116071427 7
stats: {recvpackets,"tsung_controller@ip-172-31-15-70"} 1 872.0 0.0 920 131 585.6666666666666 6
stats: {sentpackets,"tsung_controller@ip-172-31-15-70"} 1 875.0 0.0 875 126 510.1666666666667 6
stats: {cpu,"tsung_controller@ip-172-31-15-70"} 1 3.812316715542522 0.0 3.9106432171036807 1.7769002961500493 3.0027876418099195 7
stats: {load,"tsung_controller@ip-172-31-15-70"} 1 0.1484375 0.0 0.1484375 0.0390625 0.07087053571428571 7
stats: session 1 72549.083984375 0.0 72549.083984375 24660.906005859375 34402.82674153646 6
stats: users_count 15 85
stats: finish_users_count 1 7
stats: request 359 19.157178958478422 24.032723323597327 563.2509765625 0.3779296875 30.92485796048778 1494
stats: connect 14 1.1953125 1.0158397573263998 124.154052734375 0.633056640625 4.9382790958180145 68
stats: page 311 22.121974540293422 28.733408130109652 563.2509765625 0.3779296875 41.534173326243824 1113
stats: 302 31 171
stats: 200 301 1611
stats: size_rcv 1483881 8344098
stats: newphase 0 1
stats: size_sent 207107 1082900
stats: connected 13 75
stats: max_repeat 7 69
stats: 204 27 66
stats: 400 0 5
# stats: dump at 1480464819
stats: users 88 88
stats: {freemem,"tsung_controller@ip-172-31-15-70"} 1 3132.21875 0.0 3160.71484375 3132.21875 3146.83935546875 8
stats: {recvpackets,"tsung_controller@ip-172-31-15-70"} 1 931.0 0.0 931 131 626.5714285714286 7
stats: {sentpackets,"tsung_controller@ip-172-31-15-70"} 1 980.0 0.0 980 126 562.2857142857143 7
stats: {cpu,"tsung_controller@ip-172-31-15-70"} 1 4.207436399217221 0.0 4.207436399217221 1.7769002961500493 3.1039787760264947 8
stats: {load,"tsung_controller@ip-172-31-15-70"} 1 0.12890625 0.0 0.1484375 0.0390625 0.08056640625 8
stats: session 3 63277.132975260414 9311.204305728852 74373.7880859375 24660.906005859375 39852.29206194197 7
stats: users_count 13 98
stats: finish_users_count 3 10
stats: request 374 22.50259481011865 28.966723724948988 563.2509765625 0.3779296875 28.64498922777253 1853
stats: connect 11 1.113525390625 0.3465619892385837 124.154052734375 0.633056640625 4.2992360184832314 82
stats: page 306 27.516899956597218 34.921369887739225 563.2509765625 0.3779296875 37.29457092285157 1424
stats: 302 20 191
stats: 200 331 1942
stats: size_rcv 1661674 10005772
stats: newphase 0 1
stats: size_sent 216210 1299110
stats: connected 8 83
stats: max_repeat 10 79
stats: 204 23 89
stats: 400 0 5
# stats: dump at 1480464829
stats: users 97 97
stats: {freemem,"tsung_controller@ip-172-31-15-70"} 1 3128.01171875 0.0 3160.71484375 3128.01171875 3145.21484375 9
stats: {recvpackets,"tsung_controller@ip-172-31-15-70"} 1 1025.0 0.0 1025 131 664.625 8
stats: {sentpackets,"tsung_controller@ip-172-31-15-70"} 1 1005.0 0.0 1005 126 614.5 8
stats: {cpu,"tsung_controller@ip-172-31-15-70"} 1 4.035433070866142 0.0 4.207436399217221 1.7769002961500493 3.226585178603242 9
stats: {load,"tsung_controller@ip-172-31-15-70"} 1 0.1796875 0.0 0.1796875 0.0390625 0.0859375 9
stats: session 5 67113.31274414063 11813.754307793664 81598.4990234375 24660.906005859375 46879.7443359375 10
stats: users_count 14 112
stats: finish_users_count 5 15
stats: request 417 21.792119819769194 27.980236856462167 563.2509765625 0.3779296875 27.613442073662718 2227
stats: connect 15 1.9698079427083341 2.213518606626782 124.154052734375 0.633056640625 3.9224315356182795 93
stats: page 349 26.05006421807844 33.49924357090026 563.2509765625 0.3779296875 35.56511004673953 1730
stats: 302 31 222
stats: 200 363 2305
stats: size_rcv 1751527 11757299
stats: newphase 0 1
stats: size_sent 241335 1540445
stats: connected 10 93
stats: max_repeat 17 96
stats: 204 23 112
stats: 400 0 5
# stats: dump at 1480464839
stats: users 110 110
stats: {freemem,"tsung_controller@ip-172-31-15-70"} 1 3125.765625 0.0 3160.71484375 3125.765625 3143.49453125 10
stats: {recvpackets,"tsung_controller@ip-172-31-15-70"} 1 1183.0 0.0 1183 131 704.6666666666666 9
stats: {sentpackets,"tsung_controller@ip-172-31-15-70"} 1 1226.0 0.0 1226 126 657.8888888888889 9
stats: {cpu,"tsung_controller@ip-172-31-15-70"} 1 4.682926829268292 0.0 4.682926829268292 1.7769002961500493 3.307469967829532 10
stats: {load,"tsung_controller@ip-172-31-15-70"} 1 0.1484375 0.0 0.1796875 0.0390625 0.0953125 10
stats: session 3 95599.43530273438 4181.237464775223 100335.57495117188 24660.906005859375 53624.26713867187 15
stats: users_count 16 128
stats: finish_users_count 3 18
stats: request 515 24.103899139108 29.68440555329716 563.2509765625 0.3779296875 26.69532884375591 2644
stats: connect 13 1.8685772235576923 2.179892391011482 124.154052734375 0.633056640625 3.651233814380787 108
stats: page 422 29.428281666543228 36.07333752601353 563.2509765625 0.3779296875 33.96782722124519 2079
stats: 302 35 257
stats: 200 450 2755
stats: size_rcv 2174431 13931730
stats: newphase 0 1
stats: size_sent 301639 1842084
stats: connected 10 103
stats: max_repeat 9 105
stats: 204 30 142
stats: 400 0 5
# stats: dump at 1480464849
stats: users 124 126
stats: {freemem,"tsung_controller@ip-172-31-15-70"} 1 3122.05859375 0.0 3160.71484375 3122.05859375 3141.8828125 11
stats: {recvpackets,"tsung_controller@ip-172-31-15-70"} 1 1478.0 0.0 1478 131 752.5 10
stats: {sentpackets,"tsung_controller@ip-172-31-15-70"} 1 1453.0 0.0 1453 126 714.7 10
stats: {cpu,"tsung_controller@ip-172-31-15-70"} 1 5.647517039922103 0.0 5.647517039922103 1.7769002961500493 3.4325115006876006 11
stats: {load,"tsung_controller@ip-172-31-15-70"} 1 0.12890625 0.0 0.1796875 0.0390625 0.10014204545454546 11
stats: session 8 89080.2236328125 12299.178823900915 111113.4541015625 24660.906005859375 60620.12849934896 18
stats: users_count 22 150
stats: finish_users_count 8 26
stats: request 570 26.344996830455052 41.93429640397986 632.8330078125 0.3779296875 26.272857714318217 3159
stats: connect 25 0.980634765625 0.19403981983872393 124.154052734375 0.633056640625 3.459708726110537 121
stats: page 471 31.89493607766061 48.81990601396571 647.10986328125 0.3779296875 33.20185831917233 2501
stats: 302 40 297
stats: 200 497 3252
stats: size_rcv 2488250 16419980
stats: newphase 0 1
stats: size_sent 327041 2169125
stats: connected 17 120
stats: max_repeat 25 130
stats: 204 33 175
stats: 400 0 5
# stats: dump at 1480464859
stats: users 139 139
stats: {freemem,"tsung_controller@ip-172-31-15-70"} 1 3116.66015625 0.0 3160.71484375 3116.66015625 3140.2307942708335 12
stats: {recvpackets,"tsung_controller@ip-172-31-15-70"} 1 1493.0 0.0 1493 131 818.4545454545455 11
stats: {sentpackets,"tsung_controller@ip-172-31-15-70"} 1 1503.0 0.0 1503 126 781.8181818181819 11
stats: {cpu,"tsung_controller@ip-172-31-15-70"} 1 5.22167487684729 0.0 5.647517039922103 1.7769002961500493 3.617095295623809 12
stats: {load,"tsung_controller@ip-172-31-15-70"} 1 0.109375 0.0 0.1796875 0.0390625 0.1025390625 12
stats: session 4 95375.52319335938 13138.295132367251 111113.4541015625 24660.906005859375 69377.08084810697 26
stats: users_count 19 169
stats: finish_users_count 4 30
stats: request 626 27.37537635096347 33.90066923135123 632.8330078125 0.3779296875 26.28388461059014 3729
stats: connect 17 1.0867848115808822 0.33887869404720145 124.154052734375 0.633056640625 3.0352097602739727 146
stats: page 505 33.94703163675742 41.576421252571336 647.10986328125 0.3779296875 32.99473840808484 2972
stats: 302 40 337
stats: 200 550 3802
stats: size_rcv 2769686 19189666
stats: newphase 1 2
stats: size_sent 366757 2535882
stats: connected 13 133
stats: max_repeat 16 146
stats: 204 36 211
stats: 400 0 5
# stats: dump at 1480464869
stats: users 151 152
stats: {freemem,"tsung_controller@ip-172-31-15-70"} 1 3110.6015625 0.0 3160.71484375 3110.6015625 3138.417668269231 13
stats: {recvpackets,"tsung_controller@ip-172-31-15-70"} 1 1944.0 0.0 1944 131 874.6666666666666 12
stats: {sentpackets,"tsung_controller@ip-172-31-15-70"} 1 1854.0 0.0 1854 126 841.9166666666666 12
stats: {cpu,"tsung_controller@ip-172-31-15-70"} 1 6.432748538011696 0.0 6.432748538011696 1.7769002961500493 3.740524494179461 13
stats: {load,"tsung_controller@ip-172-31-15-70"} 1 0.08984375 0.0 0.1796875 0.0390625 0.10306490384615384 13
stats: session 12 98611.19451904297 25949.52177075221 138025.626953125 24660.906005859375 72843.53982747396 30
stats: users_count 24 193
stats: finish_users_count 12 42
stats: request 698 26.899518294457398 32.65663703313131 632.8330078125 0.3779296875 26.440778716095007 4355
stats: connect 23 1.2806343410326086 0.846374257278086 124.154052734375 0.633056640625 2.8319997962998467 163
stats: page 562 33.421808969083635 39.849046184399576 647.10986328125 0.3779296875 33.13304961903671 3477
stats: 302 44 381
stats: 200 616 4418
stats: size_rcv 3214427 22404093
stats: newphase 0 2
stats: size_sent 406275 2942157
stats: connected 11 144
stats: max_repeat 29 175
stats: 204 38 249
stats: 400 0 5
# stats: dump at 1480464879
stats: users 156 156
stats: {freemem,"tsung_controller@ip-172-31-15-70"} 1 3108.015625 0.0 3160.71484375 3108.015625 3136.4308035714284 14
stats: {recvpackets,"tsung_controller@ip-172-31-15-70"} 1 1950.0 0.0 1950 131 956.9230769230769 13
stats: {sentpackets,"tsung_controller@ip-172-31-15-70"} 1 1876.0 0.0 1876 126 919.7692307692307 13
stats: {cpu,"tsung_controller@ip-172-31-15-70"} 1 6.51750972762646 0.0 6.51750972762646 1.7769002961500493 3.932826211596049 14
stats: {load,"tsung_controller@ip-172-31-15-70"} 1 0.078125 0.0 0.1796875 0.0390625 0.10212053571428571 14
stats: session 13 104202.08193734977 20956.2721013215 138025.626953125 24660.906005859375 80205.72688220796 42
stats: users_count 18 211
stats: finish_users_count 13 55
stats: request 631 25.31841199484945 30.935077777918128 632.8330078125 0.3779296875 26.50414705682268 5053
stats: connect 21 1.3263578869047619 1.2776036560514077 124.154052734375 0.633056640625 2.640164283014113 186
stats: page 514 31.094887581316872 37.6186050468725 647.10986328125 0.3779296875 33.17322856301452 4039
stats: 302 54 435
stats: 200 553 4971
stats: size_rcv 2737507 25141600
stats: newphase 0 2
stats: size_sent 364196 3306353
stats: connected 8 152
stats: max_repeat 25 200
stats: 204 24 273
stats: 400 0 5
# stats: dump at 1480464889
stats: users 166 167
stats: {freemem,"tsung_controller@ip-172-31-15-70"} 1 3103.0703125 0.0 3160.71484375 3103.0703125 3134.5364583333335 15
stats: {recvpackets,"tsung_controller@ip-172-31-15-70"} 1 1848.0 0.0 1950 131 1027.857142857143 14
stats: {sentpackets,"tsung_controller@ip-172-31-15-70"} 1 1840.0 0.0 1876 126 988.0714285714286 14
stats: {cpu,"tsung_controller@ip-172-31-15-70"} 1 6.997084548104956 0.0 6.997084548104956 1.7769002961500493 4.105138445998077 15
stats: {load,"tsung_controller@ip-172-31-15-70"} 1 0.0703125 0.0 0.1796875 0.0390625 0.10052083333333334 15
stats: session 13 94559.77995417669 21902.74290715401 138025.626953125 24660.906005859375 85877.5926225142 55
stats: users_count 23 234
stats: finish_users_count 13 68
stats: request 689 28.011092984624455 33.00580687054592 632.8330078125 0.3779296875 26.372514610639513 5684
stats: connect 21 1.250395275297619 1.1654572060053456 124.154052734375 0.633056640625 2.5068795761624396 207
stats: page 540 35.754585774739596 40.29728941009705 647.10986328125 0.3779296875 32.938599249464644 4553
stats: 302 56 491
stats: 200 606 5577
stats: size_rcv 3123180 28264780
stats: newphase 0 2
stats: size_sent 403549 3709902
stats: connected 8 160
stats: max_repeat 33 233
stats: 204 27 300
stats: 400 0 5
# stats: dump at 1480464899
stats: users 182 183
stats: {freemem,"tsung_controller@ip-172-31-15-70"} 1 3100.5625 0.0 3160.71484375 3100.5625 3132.56982421875 16
stats: {recvpackets,"tsung_controller@ip-172-31-15-70"} 1 2107.0 0.0 2107 131 1082.5333333333333 15
stats: {sentpackets,"tsung_controller@ip-172-31-15-70"} 1 1997.0 0.0 1997 126 1044.8666666666666 15
stats: {cpu,"tsung_controller@ip-172-31-15-70"} 1 6.360078277886497 0.0 6.997084548104956 1.7769002961500493 4.285885077379756 16
stats: {load,"tsung_controller@ip-172-31-15-70"} 1 0.05859375 0.0 0.1796875 0.0390625 0.0986328125 16
stats: session 8 97253.35171508789 24028.63781297818 138025.626953125 24660.906005859375 87537.42255356733 68
stats: users_count 24 258
stats: finish_users_count 8 76
stats: request 782 27.008604864330234 32.68254496134175 632.8330078125 0.3779296875 26.549665167626117 6373
stats: connect 27 1.3235134548611114 1.4779220985626893 124.154052734375 0.618896484375 2.391150758977522 228
stats: page 640 33.0136203765869 40.29537304007042 647.10986328125 0.3779296875 33.23717233480697 5093
stats: 302 63 554
stats: 200 690 6267
stats: size_rcv 3491767 31756547
stats: newphase 0 2
stats: size_sent 450196 4160098
stats: connected 19 179
stats: max_repeat 26 259
stats: 204 29 329
stats: 400 0 5
# stats: dump at 1480464909
stats: users 182 185
stats: {freemem,"tsung_controller@ip-172-31-15-70"} 1 3097.421875 0.0 3160.71484375 3097.421875 3130.6870404411766 17
stats: {recvpackets,"tsung_controller@ip-172-31-15-70"} 1 2174.0 0.0 2174 131 1146.5625 16
stats: {sentpackets,"tsung_controller@ip-172-31-15-70"} 1 2172.0 0.0 2172 126 1104.375 16
stats: {cpu,"tsung_controller@ip-172-31-15-70"} 1 6.660137120470128 0.0 6.997084548104956 1.7769002961500493 4.407896442115447 17
stats: {load,"tsung_controller@ip-172-31-15-70"} 1 0.12109375 0.0 0.1796875 0.0390625 0.09627757352941177 17
stats: session 12 101261.55712890625 27666.9888281711 148352.97802734375 24660.906005859375 88560.15193899054 76
stats: users_count 12 270
stats: finish_users_count 12 88
stats: request 723 29.510171850687232 35.818496252282955 632.8330078125 0.3779296875 26.599824614561495 7155
stats: connect 14 1.5032610212053572 1.3760116082484017 124.154052734375 0.618896484375 2.278106809129902 255
stats: page 591 35.94342216582065 45.13043211453136 647.10986328125 0.3779296875 33.212216246674956 5733
stats: 302 51 605
stats: 200 641 6908
stats: size_rcv 3305143 35061690
stats: newphase 0 2
stats: size_sent 423064 4583162
stats: connected 2 181
stats: max_repeat 25 284
stats: 204 31 360
stats: 400 0 5
# stats: dump at 1480464919
stats: users 205 205
stats: {freemem,"tsung_controller@ip-172-31-15-70"} 1 3095.5703125 0.0 3160.71484375 3095.5703125 3128.8389756944443 18
stats: {recvpackets,"tsung_controller@ip-172-31-15-70"} 1 2118.0 0.0 2174 131 1207.0 17
stats: {sentpackets,"tsung_controller@ip-172-31-15-70"} 1 2054.0 0.0 2172 126 1167.1764705882354 17
stats: {cpu,"tsung_controller@ip-172-31-15-70"} 1 7.183908045977011 0.0 7.183908045977011 1.7769002961500493 4.533020924246262 18
stats: {load,"tsung_controller@ip-172-31-15-70"} 1 0.1015625 0.0 0.1796875 0.0390625 0.09765625 18
stats: session 18 89549.9088406033 16282.469322255729 148352.97802734375 24660.906005859375 90292.16173761542 88
stats: users_count 41 311
stats: finish_users_count 18 106
stats: request 796 27.276236836035643 32.98493065188991 632.8330078125 0.3779296875 26.866920457633203 7878
stats: connect 31 1.3623755670362898 1.6807040792780776 124.154052734375 0.618896484375 2.2377802625464684 269
stats: page 657 33.21258479892024 40.967161525733154 647.10986328125 0.3779296875 33.46745702754389 6324
stats: 302 52 657
stats: 200 714 7622
stats: size_rcv 3681944 38743634
stats: newphase 1 3
stats: size_sent 452156 5035318
stats: connected 13 194
stats: max_repeat 45 329
stats: 204 30 390
stats: 400 0 5
# stats: dump at 1480464929
stats: users 227 227
stats: {freemem,"tsung_controller@ip-172-31-15-70"} 1 3096.51953125 0.0 3160.71484375 3095.5703125 3127.0879934210525 19
stats: {recvpackets,"tsung_controller@ip-172-31-15-70"} 1 2479.0 0.0 2479 131 1257.611111111111 18
stats: {sentpackets,"tsung_controller@ip-172-31-15-70"} 1 2462.0 0.0 2462 126 1216.4444444444443 18
stats: {cpu,"tsung_controller@ip-172-31-15-70"} 1 8.155339805825243 0.0 8.155339805825243 1.7769002961500493 4.6725412990741955 19
stats: {load,"tsung_controller@ip-172-31-15-70"} 1 0.08984375 0.0 0.1796875 0.0390625 0.09786184210526316 19
stats: session 16 93371.97673034668 25364.050319852617 162958.3330078125 24660.906005859375 90166.11879283977 106
stats: users_count 38 349
stats: finish_users_count 16 122
stats: request 860 30.88138143849927 35.73616870861729 632.8330078125 0.3779296875 26.904482809167483 8674
stats: connect 43 1.038653706395349 0.6455461136910039 124.154052734375 0.618896484375 2.14732177734375 300
stats: page 682 38.95605719334219 44.55617006915505 647.10986328125 0.3779296875 33.44347034165279 6981
stats: 302 75 732
stats: 200 761 8383
stats: size_rcv 3980801 42724435
stats: newphase 0 3
stats: size_sent 494068 5529386
stats: connected 27 221
stats: max_repeat 30 359
stats: 204 24 414
stats: 400 0 5
# stats: dump at 1480464939
stats: users 239 242
stats: {freemem,"tsung_controller@ip-172-31-15-70"} 1 3089.30078125 0.0 3160.71484375 3089.30078125 3125.5595703125 20
stats: {recvpackets,"tsung_controller@ip-172-31-15-70"} 1 2726.0 0.0 2726 131 1321.8947368421052 19
stats: {sentpackets,"tsung_controller@ip-172-31-15-70"} 1 2585.0 0.0 2585 126 1282.0 19
stats: {cpu,"tsung_controller@ip-172-31-15-70"} 1 8.891013384321225 0.0 8.891013384321225 1.7769002961500493 4.846681224411748 20
stats: {load,"tsung_controller@ip-172-31-15-70"} 1 0.0703125 0.0 0.1796875 0.0390625 0.0974609375 20
stats: session 17 93520.61830767464 28842.72310659827 177714.05004882813 24660.906005859375 90586.55917808658 122
stats: users_count 29 378
stats: finish_users_count 17 139
stats: request 960 43.567041269938194 47.85467183744502 632.8330078125 0.3779296875 27.263212914183775 9534
stats: connect 27 1.3511827256944444 1.615033162029542 124.154052734375 0.618896484375 2.008334234921647 343
stats: page 739 56.611674018415926 64.40317764473163 647.10986328125 0.3779296875 33.934085535813324 7663
stats: 302 76 808
stats: 200 859 9242
stats: size_rcv 4437560 47161995
stats: newphase 0 3
stats: size_sent 559690 6089076
stats: connected 10 231
stats: max_repeat 44 403
stats: 204 25 439
stats: 400 0 5
# stats: dump at 1480464949
stats: users 252 253
stats: {freemem,"tsung_controller@ip-172-31-15-70"} 1 3088.25390625 0.0 3160.71484375 3088.25390625 3123.832961309524 21
stats: {recvpackets,"tsung_controller@ip-172-31-15-70"} 1 3178.0 0.0 3178 131 1392.1 20
stats: {sentpackets,"tsung_controller@ip-172-31-15-70"} 1 2887.0 0.0 2887 126 1347.15 20
stats: {cpu,"tsung_controller@ip-172-31-15-70"} 1 8.695652173913043 0.0 8.891013384321225 1.7769002961500493 5.039268470121723 21
stats: {load,"tsung_controller@ip-172-31-15-70"} 1 0.05859375 0.0 0.1796875 0.0390625 0.09616815476190477 21
stats: session 23 91150.63168733017 20581.701563751827 177714.05004882813 24660.906005859375 90945.40094213691 139
stats: users_count 36 414
stats: finish_users_count 23 162
stats: request 977 36.01071769847106 41.261752030311634 632.8330078125 0.3779296875 28.754700928432325 10494
stats: connect 32 0.9889526367187504 0.694730978933758 124.154052734375 0.618896484375 1.960379935599662 370
stats: page 772 45.5885588492754 52.647882581020276 647.10986328125 0.3779296875 35.928698471857516 8402
stats: 302 76 884
stats: 200 867 10109
stats: size_rcv 4606072 51768067
stats: newphase 0 3
stats: size_sent 566024 6655100
stats: connected 9 240
stats: max_repeat 61 464
stats: 204 34 473
stats: 400 0 5
# stats: dump at 1480464959
stats: users 263 266
stats: {freemem,"tsung_controller@ip-172-31-15-70"} 1 3082.703125 0.0 3160.71484375 3082.703125 3122.215731534091 22
stats: {recvpackets,"tsung_controller@ip-172-31-15-70"} 1 3298.0 0.0 3298 131 1477.142857142857 21
stats: {sentpackets,"tsung_controller@ip-172-31-15-70"} 1 3072.0 0.0 3072 126 1420.4761904761904 21
stats: {cpu,"tsung_controller@ip-172-31-15-70"} 1 9.903846153846153 0.0 9.903846153846153 1.7769002961500493 5.2054677293849645 22
stats: {load,"tsung_controller@ip-172-31-15-70"} 1 0.12890625 0.0 0.1796875 0.0390625 0.09446022727272728 22
stats: session 20 90518.20441894532 20322.032163046766 177714.05004882813 24660.906005859375 90974.53864052855 162
stats: users_count 31 445
stats: finish_users_count 20 182
stats: request 1103 49.12553409911889 49.71230878988252 632.8330078125 0.3779296875 29.372705320754516 11471
stats: connect 35 1.7746442522321428 2.1993061054657703 124.154052734375 0.618896484375 1.883052389420087 402
stats: page 874 61.814546144254145 68.66968292788926 647.10986328125 0.3779296875 36.74158404100582 9174
stats: 302 103 987
stats: 200 967 11076
stats: size_rcv 4964889 56732956
stats: newphase 0 3
stats: size_sent 646448 7301548
stats: connected 16 256
stats: max_repeat 50 514
stats: 204 33 506
stats: 400 0 5
# stats: dump at 1480464969
stats: users 277 282
stats: {freemem,"tsung_controller@ip-172-31-15-70"} 1 3078.8515625 0.0 3160.71484375 3078.8515625 3120.497792119565 23
stats: {recvpackets,"tsung_controller@ip-172-31-15-70"} 1 3383.0 0.0 3383 131 1559.909090909091 22
stats: {sentpackets,"tsung_controller@ip-172-31-15-70"} 1 3104.0 0.0 3104 126 1495.5454545454545 22
stats: {cpu,"tsung_controller@ip-172-31-15-70"} 1 9.942084942084941 0.0 9.942084942084941 1.7769002961500493 5.409745052187624 23
stats: {load,"tsung_controller@ip-172-31-15-70"} 1 0.19140625 0.0 0.19140625 0.0390625 0.09595788043478261 23
stats: session 22 92832.85205078125 20831.48816393503 177714.05004882813 24660.906005859375 90924.39202277215 182
stats: users_count 36 481
stats: finish_users_count 22 204
stats: request 1014 37.446701742017964 41.842278309085415 632.8330078125 0.3779296875 31.105437159671002 12574
stats: connect 33 1.0350748697916672 0.7576028942536476 124.154052734375 0.618896484375 1.8743698155034325 437
stats: page 812 46.62712570716593 54.76655258277737 647.10986328125 0.3779296875 38.92249256790063 10048
stats: 302 76 1063
stats: 200 911 11987
stats: size_rcv 4687086 61420042
stats: newphase 0 3
stats: size_sent 587695 7889243
stats: connected 12 268
stats: max_repeat 50 564
stats: 204 27 533
stats: 400 0 5
# stats: dump at 1480464979
stats: users 308 308
stats: {freemem,"tsung_controller@ip-172-31-15-70"} 1 3074.671875 0.0 3160.71484375 3074.671875 3118.7625325520835 24
stats: {recvpackets,"tsung_controller@ip-172-31-15-70"} 1 3387.0 0.0 3387 131 1639.1739130434783 23
stats: {sentpackets,"tsung_controller@ip-172-31-15-70"} 1 3205.0 0.0 3205 126 1565.4782608695652 23
stats: {cpu,"tsung_controller@ip-172-31-15-70"} 1 10.748560460652591 0.0 10.748560460652591 1.7769002961500493 5.5985925476000125 24
stats: {load,"tsung_controller@ip-172-31-15-70"} 1 0.16015625 0.0 0.19140625 0.0390625 0.09993489583333333 24
stats: session 22 91727.91811301491 20049.221435249394 177714.05004882813 24660.906005859375 91130.20633951823 204
stats: users_count 53 534
stats: finish_users_count 22 226
stats: request 1107 39.28963569013947 43.17831566823548 632.8330078125 0.3779296875 31.5786519290631 13588
stats: connect 49 2.4506038743622436 7.137353730532115 124.154052734375 0.618896484375 1.8154405959109043 470
stats: page 885 49.49013202904309 57.293131495797844 647.10986328125 0.3779296875 39.49856642693226 10860
stats: 302 94 1157
stats: 200 981 12968
stats: size_rcv 5086416 66506458
stats: newphase 1 4
stats: size_sent 630468 8519711
stats: connected 27 295
stats: max_repeat 52 616
stats: 204 32 565
stats: 400 0 5
# stats: dump at 1480464989
stats: users 348 348
stats: {freemem,"tsung_controller@ip-172-31-15-70"} 1 3065.51171875 0.0 3160.71484375 3065.51171875 3116.99890625 25
stats: {recvpackets,"tsung_controller@ip-172-31-15-70"} 1 3991.0 0.0 3991 131 1712.0 24
stats: {sentpackets,"tsung_controller@ip-172-31-15-70"} 1 3549.0 0.0 3549 126 1633.7916666666667 24
stats: {cpu,"tsung_controller@ip-172-31-15-70"} 1 10.521235521235521 0.0 10.748560460652591 1.7769002961500493 5.804591264122115 25
stats: {load,"tsung_controller@ip-172-31-15-70"} 1 0.140625 0.0 0.19140625 0.0390625 0.10234375 25
stats: session 18 86880.74140082466 17888.047135998164 177714.05004882813 24660.906005859375 91188.39067145153 226
stats: users_count 58 592
stats: finish_users_count 18 244
stats: request 1285 110.25465064141541 78.8667087536868 632.8330078125 0.3779296875 32.15953379524286 14695
stats: connect 56 1.3597499302455358 2.178188162310384 124.154052734375 0.596923828125 1.8754078418533235 519
stats: page 983 143.16463075406924 122.84298884917379 647.10986328125 0.3779296875 40.25144301764048 11745
stats: 302 91 1248
stats: 200 1166 14134
stats: size_rcv 6119833 72626291
stats: newphase 0 4
stats: size_sent 741930 9261641
stats: connected 36 331
stats: max_repeat 57 673
stats: 204 28 593
stats: 400 0 5
# stats: dump at 1480464999
stats: users 390 392
stats: {freemem,"tsung_controller@ip-172-31-15-70"} 1 3053.390625 0.0 3160.71484375 3053.390625 3115.0186298076924 26
stats: {recvpackets,"tsung_controller@ip-172-31-15-70"} 1 4878.0 0.0 4878 131 1803.16 25
stats: {sentpackets,"tsung_controller@ip-172-31-15-70"} 1 4031.0 0.0 4031 126 1710.4 25
stats: {cpu,"tsung_controller@ip-172-31-15-70"} 1 12.022900763358779 0.0 12.022900763358779 1.7769002961500493 5.986000658626477 26
stats: {load,"tsung_controller@ip-172-31-15-70"} 1 0.12109375 0.0 0.19140625 0.0390625 0.10381610576923077 26
stats: session 27 96083.71203161169 24951.560428210923 177714.05004882813 24660.906005859375 90870.61326624136 244
stats: users_count 69 661
stats: finish_users_count 27 271
stats: request 1382 200.99394100205754 112.00777842992439 632.8330078125 0.3779296875 38.439397696828074 15980
stats: connect 68 1.233197380514706 0.9187947668214522 124.154052734375 0.596923828125 1.8251872452445652 575
stats: page 1087 253.4945893765813 187.030909859325 897.238037109375 0.3779296875 48.19956240363274 12728
stats: 302 126 1374
stats: 200 1223 15357
stats: size_rcv 6351961 78978252
stats: newphase 0 4
stats: size_sent 814272 10075913
stats: connected 41 372
stats: max_repeat 61 734
stats: 204 33 626
stats: 400 0 5
# stats: dump at 1480465009
stats: users 422 423
stats: {freemem,"tsung_controller@ip-172-31-15-70"} 1 3036.8984375 0.0 3160.71484375 3036.8984375 3112.7361111111113 27
stats: {recvpackets,"tsung_controller@ip-172-31-15-70"} 1 5099.0 0.0 5099 131 1921.423076923077 26
stats: {sentpackets,"tsung_controller@ip-172-31-15-70"} 1 4172.0 0.0 4172 126 1799.6538461538462 26
stats: {cpu,"tsung_controller@ip-172-31-15-70"} 1 12.881679389312978 0.0 12.881679389312978 1.7769002961500493 6.20958955139434 27
stats: {load,"tsung_controller@ip-172-31-15-70"} 1 0.1015625 0.0 0.19140625 0.0390625 0.10445601851851852 27
stats: session 22 90345.78673206676 22686.19311256589 177714.05004882813 24660.906005859375 91389.99949009744 271
stats: users_count 54 715
stats: finish_users_count 22 293
stats: request 1320 549.3158156886243 109.0430561394464 902.201904296875 0.3779296875 51.378597031456984 17362
stats: connect 58 1.3933400121228448 1.6016222064886196 124.154052734375 0.596923828125 1.7625817852109253 643
stats: page 1000 713.3112312011735 310.1500513699698 1482.284912109375 0.3779296875 64.35270712455892 13815
stats: 302 96 1470
stats: 200 1199 16556
stats: size_rcv 6230449 85208701
stats: newphase 0 4
stats: size_sent 780017 10855930
stats: connected 37 409
stats: max_repeat 55 789
stats: 204 25 651
stats: 400 0 5
# stats: dump at 1480465019
stats: users 448 449
stats: {freemem,"tsung_controller@ip-172-31-15-70"} 1 3027.41015625 0.0 3160.71484375 3027.41015625 3110.0276227678573 28
stats: {recvpackets,"tsung_controller@ip-172-31-15-70"} 1 5083.0 0.0 5099 131 2039.111111111111 27
stats: {sentpackets,"tsung_controller@ip-172-31-15-70"} 1 4164.0 0.0 4172 126 1887.5185185185185 27
stats: {cpu,"tsung_controller@ip-172-31-15-70"} 1 12.295869356388089 0.0 12.881679389312978 1.7769002961500493 6.447878474177149 28
stats: {load,"tsung_controller@ip-172-31-15-70"} 1 0.078125 0.0 0.19140625 0.0390625 0.10435267857142858 28
stats: session 27 86960.48238570603 24902.17414925869 177714.05004882813 24660.906005859375 91311.59443659343 293
stats: users_count 53 768
stats: finish_users_count 27 320
stats: request 1392 629.0467476680358 154.7051037491383 1017.722900390625 0.3779296875 86.56097197137031 18682
stats: connect 54 1.0253906250000002 0.7814058360337471 124.154052734375 0.596923828125 1.7320311106900856 701
stats: page 1080 810.9047724971073 382.280366505259 1652.772216796875 0.3779296875 108.15685994782011 14815
stats: 302 115 1585
stats: 200 1208 17764
stats: size_rcv 6319008 91527709
stats: newphase 0 4
stats: size_sent 818183 11674113
stats: connected 26 435
stats: max_repeat 75 864
stats: 204 30 681
stats: 400 0 5
stats: 503 39 39
# stats: dump at 1480465029
stats: users 462 465
stats: {freemem,"tsung_controller@ip-172-31-15-70"} 1 3017.65234375 0.0 3160.71484375 3017.65234375 3107.178744612069 29
stats: {recvpackets,"tsung_controller@ip-172-31-15-70"} 1 5015.0 0.0 5099 131 2147.8214285714284 28
stats: {sentpackets,"tsung_controller@ip-172-31-15-70"} 1 4167.0 0.0 4172 126 1968.8214285714287 28
stats: {cpu,"tsung_controller@ip-172-31-15-70"} 1 12.332695984703633 0.0 12.881679389312978 1.7769002961500493 6.649533332184423 29
stats: {load,"tsung_controller@ip-172-31-15-70"} 1 0.0703125 0.0 0.19140625 0.0390625 0.10344827586206896 29
stats: session 40 95454.90746459962 22927.59936352455 177714.05004882813 24660.906005859375 90944.46935729981 320
stats: users_count 54 822
stats: finish_users_count 40 360
stats: request 1434 672.2666138206081 247.84007554644728 1172.866943359375 0.3779296875 124.17879601091192 20074
stats: connect 52 1.2273277869591346 1.0885206310194089 124.154052734375 0.596923828125 1.6814899368791392 755
stats: page 1102 868.9003254912942 474.2547079362108 1887.638916015625 0.3779296875 155.905695780046 15895
stats: 302 115 1700
stats: 200 1154 18918
stats: size_rcv 6144467 97672176
stats: newphase 0 4
stats: size_sent 831756 12505869
stats: connected 13 448
stats: max_repeat 81 945
stats: 204 19 700
stats: 400 0 5
stats: 503 146 185
# stats: dump at 1480465039
stats: users 521 521
stats: {freemem,"tsung_controller@ip-172-31-15-70"} 1 3011.06640625 0.0 3160.71484375 3011.06640625 3104.19453125 30
stats: {recvpackets,"tsung_controller@ip-172-31-15-70"} 1 5147.0 0.0 5147 131 2246.689655172414 29
stats: {sentpackets,"tsung_controller@ip-172-31-15-70"} 1 4344.0 0.0 4344 126 2044.6206896551723 29
stats: {cpu,"tsung_controller@ip-172-31-15-70"} 1 12.739463601532567 0.0 12.881679389312978 1.7769002961500493 6.838972087268397 30
stats: {load,"tsung_controller@ip-172-31-15-70"} 1 0.05859375 0.0 0.19140625 0.0390625 0.10234375 30
stats: session 28 95453.54132952009 34405.125340185565 177714.05004882813 24660.906005859375 91445.62914699978 360
stats: users_count 87 909
stats: finish_users_count 28 388
stats: request 1659 615.3053710643192 309.40271014318483 1172.866943359375 0.348876953125 160.72138159483902 21508
stats: connect 78 1.0662904397035255 1.213049923456784 124.154052734375 0.596923828125 1.652225461295694 807
stats: page 1276 808.4544905420368 530.3570923202597 1887.638916015625 0.348876953125 202.13268183298447 16997
stats: 302 116 1816
stats: 200 1203 20121
stats: size_rcv 6460006 104132182
stats: newphase 1 5
stats: size_sent 937507 13443376
stats: connected 49 497
stats: max_repeat 81 1026
stats: 204 24 724
stats: 400 1 6
stats: 503 314 499
stats: 404 1 1
# stats: dump at 1480465049
stats: users 574 575
stats: {freemem,"tsung_controller@ip-172-31-15-70"} 1 3007.62109375 0.0 3160.71484375 3007.62109375 3101.190398185484 31
stats: {recvpackets,"tsung_controller@ip-172-31-15-70"} 1 5642.0 0.0 5642 131 2343.366666666667 30
stats: {sentpackets,"tsung_controller@ip-172-31-15-70"} 1 4949.0 0.0 4949 126 2121.266666666667 30
stats: {cpu,"tsung_controller@ip-172-31-15-70"} 1 15.114068441064637 0.0 15.114068441064637 1.7769002961500493 7.029310523212403 31
stats: {load,"tsung_controller@ip-172-31-15-70"} 1 0.12890625 0.0 0.19140625 0.0390625 0.10093245967741936 31
stats: session 41 84312.97624094893 33412.121422868564 184672.11596679688 24660.906005859375 91734.85992305796 388
stats: users_count 94 1003
stats: finish_users_count 41 429
stats: request 1771 573.9019690610011 353.66475184039973 1180.10595703125 0.348876953125 193.27435947414438 23167
stats: connect 101 1.2690840617264858 2.634758106538276 124.154052734375 0.596923828125 1.600583730579096 885
stats: page 1362 743.5575205709082 559.3324597139468 1998.22802734375 0.348876953125 244.47201461428753 18273
stats: 302 120 1936
stats: 200 1170 21291
stats: size_rcv 6281497 110413679
stats: newphase 0 5
stats: size_sent 1005278 14448654
stats: connected 60 557
stats: max_repeat 86 1112
stats: 204 13 737
stats: 400 3 9
stats: 503 464 963
stats: 404 1 2
# stats: dump at 1480465059
stats: users 627 628
stats: {freemem,"tsung_controller@ip-172-31-15-70"} 1 2995.05859375 0.0 3160.71484375 2995.05859375 3098.266357421875 32
stats: {recvpackets,"tsung_controller@ip-172-31-15-70"} 1 6099.0 0.0 6099 131 2449.7741935483873 31
stats: {sentpackets,"tsung_controller@ip-172-31-15-70"} 1 5636.0 0.0 5636 126 2212.483870967742 31
stats: {cpu,"tsung_controller@ip-172-31-15-70"} 1 15.7644824311491 0.0 15.7644824311491 1.7769002961500493 7.281959208145285 32
stats: {load,"tsung_controller@ip-172-31-15-70"} 1 0.109375 0.0 0.19140625 0.0390625 0.101806640625 32
stats: session 51 87053.43442191329 32352.692199392717 184672.11596679688 23525.02099609375 91025.54236835755 429
stats: users_count 104 1107
stats: finish_users_count 51 480
stats: request 2189 474.0164266824176 430.0846456757199 1180.10888671875 0.348876953125 220.3050554633305 24938
stats: connect 95 1.0725406044407895 0.8003851076904716 124.154052734375 0.596923828125 1.566626867948149 986
stats: page 1653 622.4245819627178 640.2183858106266 2088.52099609375 0.348876953125 279.0915439808736 19635
stats: 302 156 2092
stats: 200 1048 22339
stats: size_rcv 5989288 116402967
stats: newphase 0 5
stats: size_sent 1243566 15692220
stats: connected 45 602
stats: max_repeat 116 1228
stats: 204 11 748
stats: 400 4 13
stats: 503 970 1933
stats: 404 0 2
# stats: dump at 1480465069
stats: users 691 691
stats: {freemem,"tsung_controller@ip-172-31-15-70"} 1 2992.6484375 0.0 3160.71484375 2992.6484375 3095.138849431818 33
stats: {recvpackets,"tsung_controller@ip-172-31-15-70"} 1 6268.0 0.0 6268 131 2563.8125 32
stats: {sentpackets,"tsung_controller@ip-172-31-15-70"} 1 5990.0 0.0 5990 126 2319.46875 32
stats: {cpu,"tsung_controller@ip-172-31-15-70"} 1 15.62198649951784 0.0 15.7644824311491 1.7769002961500493 7.539005366418127 33
stats: {load,"tsung_controller@ip-172-31-15-70"} 1 0.08984375 0.0 0.19140625 0.0390625 0.10203598484848485 33
stats: session 44 78242.63812255858 32116.302098091834 184672.11596679688 23525.02099609375 90603.50589904786 480
stats: users_count 108 1215
stats: finish_users_count 44 524
stats: request 2452 430.86160512305025 438.30217012451345 1188.031005859375 0.348876953125 240.77817049995755 27127
stats: connect 104 1.2670828012319713 1.4163198033894726 124.154052734375 0.596923828125 1.5232057809609159 1081
stats: page 1840 576.893501878821 646.0782484363621 2088.52099609375 0.348876953125 305.7511414904559 21288
stats: 302 140 2232
stats: 200 1068 23407
stats: size_rcv 6169586 122572553
stats: newphase 0 5
stats: size_sent 1383873 17076093
stats: connected 58 660
stats: max_repeat 118 1346
stats: 204 10 758
stats: 400 8 21
stats: 503 1225 3158
stats: 404 1 3
# stats: dump at 1480465079
stats: users 720 724
stats: {freemem,"tsung_controller@ip-172-31-15-70"} 1 2993.33203125 0.0 3160.71484375 2992.6484375 3092.1244255514707 34
stats: {recvpackets,"tsung_controller@ip-172-31-15-70"} 1 6515.0 0.0 6515 131 2676.060606060606 33
stats: {sentpackets,"tsung_controller@ip-172-31-15-70"} 1 6530.0 0.0 6530 126 2430.6969696969695 33
stats: {cpu,"tsung_controller@ip-172-31-15-70"} 1 15.856031128404668 0.0 15.856031128404668 1.7769002961500493 7.776740105626942 34
stats: {load,"tsung_controller@ip-172-31-15-70"} 1 0.078125 0.0 0.19140625 0.0390625 0.10167738970588236 34
stats: session 72 79117.69290500217 31830.219787374255 184672.11596679688 23525.02099609375 89565.5704368999 524
stats: users_count 101 1316
stats: finish_users_count 72 596
stats: request 2541 408.8775953272579 437.2292333738846 1188.031005859375 0.33203125 256.5354503841938 29579
stats: connect 105 1.1152250744047623 0.8692636002940407 124.154052734375 0.596923828125 1.5007274772547468 1185
stats: page 1916 538.8436265280455 637.4146606710802 2088.52099609375 0.33203125 327.3224811270259 23128
stats: 302 146 2378
stats: 200 1048 24455
stats: size_rcv 6159805 128732358
stats: newphase 0 5
stats: size_sent 1420706 18496799
stats: connected 38 698
stats: max_repeat 145 1491
stats: 204 9 767
stats: 400 9 30
stats: 503 1326 4484
stats: 404 3 6
# stats: dump at 1480465089
stats: users 764 764
stats: {freemem,"tsung_controller@ip-172-31-15-70"} 1 2985.5703125 0.0 3160.71484375 2985.5703125 3089.301785714286 35
stats: {recvpackets,"tsung_controller@ip-172-31-15-70"} 1 6746.0 0.0 6746 131 2788.970588235294 34
stats: {sentpackets,"tsung_controller@ip-172-31-15-70"} 1 6811.0 0.0 6811 126 2551.264705882353 34
stats: {cpu,"tsung_controller@ip-172-31-15-70"} 1 17.15919923736892 0.0 17.15919923736892 1.7769002961500493 8.00757699199202 35
stats: {load,"tsung_controller@ip-172-31-15-70"} 1 0.140625 0.0 0.19140625 0.0390625 0.10100446428571429 35
stats: session 60 75219.80207112637 33616.09982757461 184672.11596679688 21271.968994140625 88303.41073505991 596
stats: users_count 104 1420
stats: finish_users_count 60 656
stats: request 2742 384.8623460899035 436.5836592366863 1188.031005859375 0.33203125 268.58717486427867 32120
stats: connect 106 1.8369278817806607 1.625441970997103 124.154052734375 0.596923828125 1.46934937469719 1290
stats: page 2046 514.2851550567427 627.2852656160651 2088.52099609375 0.33203125 343.5049805116431 25044
stats: 302 166 2544
stats: 200 1036 25491
stats: size_rcv 6234998 134967356
stats: newphase 0 5
stats: size_sent 1540125 20036924
stats: connected 42 740
stats: max_repeat 158 1649
stats: 204 5 772
stats: 400 9 39
stats: 503 1523 6007
stats: 404 2 8
stats: 500 1 1
# stats: dump at 1480465099
stats: users 862 863
stats: {freemem,"tsung_controller@ip-172-31-15-70"} 1 2982.66015625 0.0 3160.71484375 2982.66015625 3086.420355902778 36
stats: {recvpackets,"tsung_controller@ip-172-31-15-70"} 1 6733.0 0.0 6746 131 2902.0285714285715 35
stats: {sentpackets,"tsung_controller@ip-172-31-15-70"} 1 6918.0 0.0 6918 126 2672.9714285714285 35
stats: {cpu,"tsung_controller@ip-172-31-15-70"} 1 19.165085388994306 0.0 19.165085388994306 1.7769002961500493 8.261788721030266 36
stats: {load,"tsung_controller@ip-172-31-15-70"} 1 0.19921875 0.0 0.19921875 0.0390625 0.10210503472222222 36
stats: session 80 83185.10062866213 38835.847121205436 184672.11596679688 21103.98291015625 87106.73921091964 656
stats: users_count 178 1598
stats: finish_users_count 80 736
stats: request 2991 358.80263250689626 426.68302622845226 1212.7880859375 0.33203125 277.7325629516134 34862
stats: connect 155 1.9923292590725803 4.107649382093451 124.154052734375 0.596923828125 1.497260063630462 1396
stats: page 2331 467.4063774642392 599.5098508643165 2088.52099609375 0.33203125 356.4033281350936 27090
stats: 302 158 2702
stats: 200 1091 26582
stats: size_rcv 6552475 141519831
stats: newphase 1 6
stats: size_sent 1661632 21698556
stats: connected 73 813
stats: max_repeat 174 1823
stats: 204 2 774
stats: 400 16 55
stats: 503 1721 7728
stats: 404 2 10
stats: 500 1 2
# stats: dump at 1480465109
stats: users 927 929
stats: {freemem,"tsung_controller@ip-172-31-15-70"} 1 2979.39453125 0.0 3160.71484375 2979.39453125 3083.6160261824325 37
stats: {recvpackets,"tsung_controller@ip-172-31-15-70"} 1 7427.0 0.0 7427 131 3008.4444444444443 36
stats: {sentpackets,"tsung_controller@ip-172-31-15-70"} 1 7902.0 0.0 7902 126 2790.8888888888887 36
stats: {cpu,"tsung_controller@ip-172-31-15-70"} 1 20.72936660268714 0.0 20.72936660268714 1.7769002961500493 8.556472414759025 37
stats: {load,"tsung_controller@ip-172-31-15-70"} 1 0.171875 0.0 0.19921875 0.0390625 0.10472972972972973 37
stats: session 81 76211.07328137057 35855.66153706003 184672.11596679688 16961.950927734375 86680.47414763077 736
stats: users_count 146 1744
stats: finish_users_count 81 817
stats: request 3173 329.9343688753246 430.2874829903566 1212.7880859375 0.33203125 284.1384113134302 37853
stats: connect 158 1.2381035527096524 0.8678863192998707 124.154052734375 0.452880859375 1.546735063819713 1551
stats: page 2414 430.9250882708929 616.8667296193995 2088.52099609375 0.33203125 365.19800227894456 29421
stats: 302 195 2897
stats: 200 985 27567
stats: size_rcv 6165347 147685178
stats: newphase 0 6
stats: size_sent 1729121 23427677
stats: connected 77 890
stats: max_repeat 163 1986
stats: 204 3 777
stats: 400 19 74
stats: 503 1968 9696
stats: 404 2 12
stats: 500 1 3
# stats: dump at 1480465119
stats: users 996 996
stats: {freemem,"tsung_controller@ip-172-31-15-70"} 1 2976.4140625 0.0 3160.71484375 2976.4140625 3080.873355263158 38
stats: {recvpackets,"tsung_controller@ip-172-31-15-70"} 1 7887.0 0.0 7887 131 3127.864864864865 37
stats: {sentpackets,"tsung_controller@ip-172-31-15-70"} 1 8.7e3 0.0 8700 126 2929.027027027027 37
stats: {cpu,"tsung_controller@ip-172-31-15-70"} 1 20.981713185755535 0.0 20.981713185755535 1.7769002961500493 8.876811735493975 38
stats: {load,"tsung_controller@ip-172-31-15-70"} 1 0.2890625 0.0 0.2890625 0.0390625 0.10649671052631579 38
stats: session 90 80712.69227973088 37359.19998811077 194756.71606445313 13964.976806640625 85642.50417190608 817
stats: users_count 159 1903
stats: finish_users_count 90 907
stats: request 3585 315.55689075847636 477.23069002532225 2440.510986328125 0.33203125 287.680325546938 41026
stats: connect 226 1.3374682401133844 2.1245169808326416 124.154052734375 0.43994140625 1.5182015478715623 1709
stats: page 2626 426.11700044328336 664.3061773192733 2440.510986328125 0.33203125 370.1819880048614 31835
stats: 302 167 3064
stats: 200 915 28482
stats: size_rcv 6075162 153760340
stats: newphase 0 6
stats: size_sent 1993437 25421114
stats: connected 56 946
stats: max_repeat 198 2184
stats: 204 0 777
stats: 400 17 91
stats: 503 2400 12096
stats: 404 2 14
stats: 500 84 87
# stats: dump at 1480465129
stats: users 1074 1075
stats: {freemem,"tsung_controller@ip-172-31-15-70"} 1 2970.4140625 0.0 3160.71484375 2970.4140625 3078.194911858974 39
stats: {recvpackets,"tsung_controller@ip-172-31-15-70"} 1 7824.0 0.0 7887 131 3253.1052631578946 38
stats: {sentpackets,"tsung_controller@ip-172-31-15-70"} 1 8604.0 0.0 8700 126 3080.8947368421054 38
stats: {cpu,"tsung_controller@ip-172-31-15-70"} 1 22.2011385199241 0.0 22.2011385199241 1.7769002961500493 9.187193823962222 39
stats: {load,"tsung_controller@ip-172-31-15-70"} 1 0.25 0.0 0.2890625 0.0390625 0.11117788461538461 39
stats: session 85 74155.0961799173 37071.369860697756 194756.71606445313 13964.976806640625 85153.32768866929 907
stats: users_count 163 2066
stats: finish_users_count 85 992
stats: request 3405 460.95654002902455 858.1363751989169 6276.843017578125 0.33203125 289.920523845191 44611
stats: connect 200 1.2603295898437503 2.598941211930848 124.154052734375 0.43994140625 1.4970926447432171 1935
stats: page 2609 608.8302166179566 1031.8572166639647 6276.843017578125 0.33203125 374.44435249408974 34461
stats: 302 166 3230
stats: 200 1044 29526
stats: size_rcv 6550168 160310508
stats: newphase 0 6
stats: size_sent 1898251 27319365
stats: connected 85 1031
stats: max_repeat 216 2400
stats: 204 0 777
stats: 400 13 104
stats: 503 2133 14229
stats: 404 8 22
stats: 500 41 128
# stats: dump at 1480465139
stats: users 1085 1090
stats: {freemem,"tsung_controller@ip-172-31-15-70"} 1 2966.87890625 0.0 3160.71484375 2966.87890625 3075.5003906249995 40
stats: {recvpackets,"tsung_controller@ip-172-31-15-70"} 1 8.0e3 0.0 8000 131 3370.3076923076924 39
stats: {sentpackets,"tsung_controller@ip-172-31-15-70"} 1 8655.0 0.0 8700 126 3222.5128205128203 39
stats: {cpu,"tsung_controller@ip-172-31-15-70"} 1 21.764141898370088 0.0 22.2011385199241 1.7769002961500493 9.512542441361267 40
stats: {load,"tsung_controller@ip-172-31-15-70"} 1 0.2109375 0.0 0.2890625 0.0390625 0.1146484375 40
stats: session 128 74233.19903564456 34247.490731997634 194756.71606445313 13964.976806640625 84210.93890011695 992
stats: users_count 139 2205
stats: finish_users_count 128 1120
stats: request 3398 669.9732117812868 1576.9830616174665 9265.491943359375 0.33203125 302.04934830174614 48016
stats: connect 162 384.0469684365354 1297.876744412002 7012.779052734375 0.43994140625 1.4749134358533373 2135
stats: page 2729 825.8641272880681 1752.160312046278 9265.491943359375 0.33203125 390.9405143365275 37070
stats: 302 154 3384
stats: 200 963 30489
stats: size_rcv 6183625 166494133
stats: newphase 0 6
stats: size_sent 1812882 29132247
stats: connected -8 1023
stats: max_repeat 241 2641
stats: 204 0 777
stats: 400 24 128
stats: 503 2212 16441
stats: 404 1 23
stats: 500 44 172
# stats: dump at 1480465149
stats: users 1112 1114
stats: {freemem,"tsung_controller@ip-172-31-15-70"} 1 2966.40625 0.0 3160.71484375 2966.40625 3072.851086128048 41
stats: {recvpackets,"tsung_controller@ip-172-31-15-70"} 1 7429.0 0.0 8000 131 3486.05 40
stats: {sentpackets,"tsung_controller@ip-172-31-15-70"} 1 8152.0 0.0 8700 126 3358.325 40
stats: {cpu,"tsung_controller@ip-172-31-15-70"} 1 20.722433460076044 0.0 22.2011385199241 1.7769002961500493 9.811361940312702 41
stats: {load,"tsung_controller@ip-172-31-15-70"} 1 0.1796875 0.0 0.2890625 0.0390625 0.1169969512195122 41
stats: session 116 76166.0441368366 32129.964309794606 194756.71606445313 13964.976806640625 83070.62577274868 1120
stats: users_count 143 2348
stats: finish_users_count 116 1236
stats: request 3185 728.7882426167577 1843.8853831575161 15637.93798828125 0.33203125 326.36578522755383 51414
stats: connect 154 514.5179078733768 1990.9294625792393 15028.804931640625 0.43994140625 28.456486317921467 2297
stats: page 2535 918.1437055057322 2086.4777376816533 15637.93798828125 0.33203125 420.7630360015129 39799
stats: 302 171 3555
stats: 200 936 31425
stats: size_rcv 5908363 172402496
stats: newphase 0 6
stats: size_sent 1702462 30834709
stats: connected 10 1033
stats: max_repeat 180 2821
stats: 204 0 777
stats: 400 12 140
stats: 503 2020 18461
stats: 404 2 25
stats: 500 44 216
# stats: dump at 1480465159
stats: users 1177 1177
stats: {freemem,"tsung_controller@ip-172-31-15-70"} 1 2968.8984375 0.0 3160.71484375 2966.40625 3070.316685267856 42
stats: {recvpackets,"tsung_controller@ip-172-31-15-70"} 1 7374.0 0.0 8000 131 3582.2195121951218 41
stats: {sentpackets,"tsung_controller@ip-172-31-15-70"} 1 8372.0 0.0 8700 126 3475.243902439024 41
stats: {cpu,"tsung_controller@ip-172-31-15-70"} 1 21.86616399622997 0.0 22.2011385199241 1.7769002961500493 10.071149357449926 42
stats: {load,"tsung_controller@ip-172-31-15-70"} 1 0.23046875 0.0 0.2890625 0.0390625 0.11848958333333333 42
stats: session 121 77947.72726263883 30640.546986636877 194756.71606445313 13964.976806640625 82422.6229654948 1236
stats: users_count 186 2534
stats: finish_users_count 121 1357
stats: request 3413 711.4352811315412 1895.7650459128365 23529.19189453125 0.320068359375 349.84085852165475 54599
stats: connect 154 514.2197725370331 1071.6014911174846 15028.804931640625 0.43994140625 58.99645323735847 2451
stats: page 2629 922.342203992725 2165.987574907694 23529.19189453125 0.320068359375 450.5466613899287 42334
stats: 302 163 3718
stats: 200 973 32398
stats: size_rcv 6177313 178579809
stats: newphase 1 7
stats: size_sent 1793858 32628567
stats: connected -5 1028
stats: max_repeat 208 3029
stats: 204 0 777
stats: 400 28 168
stats: 503 2211 20672
stats: 404 4 29
stats: 500 34 250
# stats: dump at 1480465169
stats: users 1284 1284
stats: {freemem,"tsung_controller@ip-172-31-15-70"} 1 2967.98828125 0.0 3160.71484375 2966.40625 3067.9581213662777 43
stats: {recvpackets,"tsung_controller@ip-172-31-15-70"} 1 7815.0 0.0 8000 131 3672.5 42
stats: {sentpackets,"tsung_controller@ip-172-31-15-70"} 1 8864.0 0.0 8864 126 3591.8333333333335 42
stats: {cpu,"tsung_controller@ip-172-31-15-70"} 1 22.20095693779904 0.0 22.2011385199241 1.7769002961500493 10.345452023468066 43
stats: {load,"tsung_controller@ip-172-31-15-70"} 1 0.26953125 0.0 0.2890625 0.0390625 0.12109375 43
stats: session 115 79258.26352963658 32120.123790961145 194756.71606445313 13964.976806640625 82023.6086839579 1357
stats: users_count 222 2756
stats: finish_users_count 115 1472
stats: request 3281 718.0861255351598 1870.5573736560546 23529.19189453125 0.320068359375 371.1144185500548 58012
stats: connect 146 927.0491943359373 2954.7399057800994 15034.698974609375 0.43994140625 85.9079277756118 2605
stats: page 2538 933.6106800653504 2143.7038450772784 23529.19189453125 0.320068359375 478.132687266822 44963
stats: 302 169 3887
stats: 200 956 33354
stats: size_rcv 6096834 184676643
stats: newphase 0 7
stats: size_sent 1763342 34391909
stats: connected 1 1029
stats: max_repeat 216 3245
stats: 204 0 777
stats: 400 13 181
stats: 503 2093 22765
stats: 404 4 33
stats: 500 46 296
# stats: dump at 1480465179
stats: users 1393 1393
stats: {freemem,"tsung_controller@ip-172-31-15-70"} 1 2970.87109375 0.0 3160.71484375 2966.40625 3065.686079545453 44
stats: {recvpackets,"tsung_controller@ip-172-31-15-70"} 1 7673.0 0.0 8000 131 3768.8372093023254 43
stats: {sentpackets,"tsung_controller@ip-172-31-15-70"} 1 8738.0 0.0 8864 126 3714.4418604651164 43
stats: {cpu,"tsung_controller@ip-172-31-15-70"} 1 22.57142857142857 0.0 22.57142857142857 1.7769002961500493 10.61489531697559 44
stats: {load,"tsung_controller@ip-172-31-15-70"} 1 0.23046875 0.0 0.2890625 0.0390625 0.12446732954545454 44
stats: session 110 80128.44284667971 28090.128860660676 194756.71606445313 13964.976806640625 81807.56609377654 1472
stats: users_count 219 2975
stats: finish_users_count 110 1582
stats: request 3206 771.8881344762499 2122.6696595171497 24171.725830078125 0.320068359375 389.6877331311347 61293
stats: connect 144 953.8063134087453 3935.9138059590127 31082.739013671875 0.43994140625 130.54864930153238 2751
stats: page 2546 965.4993862922238 2366.4730187959503 24171.725830078125 0.320068359375 502.46908325264684 47501
stats: 302 170 4057
stats: 200 1032 34386
stats: size_rcv 6409191 191085834
stats: newphase 0 7
stats: size_sent 1731618 36123527
stats: connected 2 1031
stats: max_repeat 200 3445
stats: 204 0 777
stats: 400 16 197
stats: 503 1935 24700
stats: 404 4 37
stats: 500 49 345
# stats: dump at 1480465189
stats: users 1493 1493
stats: {freemem,"tsung_controller@ip-172-31-15-70"} 1 2973.03125 0.0 3160.71484375 2966.40625 3063.5790798611097 45
stats: {recvpackets,"tsung_controller@ip-172-31-15-70"} 1 7590.0 0.0 8000 131 3857.568181818182 44
stats: {sentpackets,"tsung_controller@ip-172-31-15-70"} 1 8807.0 0.0 8864 126 3828.6136363636365 44
stats: {cpu,"tsung_controller@ip-172-31-15-70"} 1 21.53846153846154 0.0 22.57142857142857 1.7769002961500493 10.880596055963434 45
stats: {load,"tsung_controller@ip-172-31-15-70"} 1 0.19140625 0.0 0.2890625 0.0390625 0.12682291666666667 45
stats: session 105 84069.66268136157 28084.128781626532 194756.71606445313 13964.976806640625 81690.81289707574 1582
stats: users_count 205 3180
stats: finish_users_count 105 1687
stats: request 3233 765.3034934537395 2271.5209694733767 41074.14501953125 0.320068359375 408.6854615720785 64499
stats: connect 130 2806.0307579627397 7100.15188114199 31082.739013671875 0.43994140625 171.4982533193005 2895
stats: page 2534 983.3495421255319 2575.0905710646543 41074.14501953125 0.320068359375 526.0244442440901 50047
stats: 302 164 4221
stats: 200 1048 35434
stats: size_rcv 6478094 197563928
stats: newphase 0 7
stats: size_sent 1760998 37884525
stats: connected 1 1032
stats: max_repeat 210 3655
stats: 204 0 777
stats: 400 11 208
stats: 503 1963 26663
stats: 404 3 40
stats: 500 44 389
# stats: dump at 1480465199
stats: users 1544 1544
stats: {freemem,"tsung_controller@ip-172-31-15-70"} 1 2972.41015625 0.0 3160.71484375 2966.40625 3061.6106487771726 46
stats: {recvpackets,"tsung_controller@ip-172-31-15-70"} 1 7738.0 0.0 8000 131 3940.511111111111 45
stats: {sentpackets,"tsung_controller@ip-172-31-15-70"} 1 8834.0 0.0 8864 126 3939.2444444444445 45
stats: {cpu,"tsung_controller@ip-172-31-15-70"} 1 22.306238185255197 0.0 22.57142857142857 1.7769002961500493 11.112288783843827 46
stats: {load,"tsung_controller@ip-172-31-15-70"} 1 0.16015625 0.0 0.2890625 0.0390625 0.12822690217391305 46
stats: session 134 90050.34419273259 27962.566039422945 194756.71606445313 13964.976806640625 81838.87408696904 1687
stats: users_count 185 3365
stats: finish_users_count 134 1821
stats: request 2865 1006.0820722383553 3204.921640599374 41307.724853515625 0.320068359375 425.7076386386558 67732
stats: connect 156 4443.852681477865 9147.257724193436 63102.72900390625 0.43994140625 284.71783203124994 3025
stats: page 2257 1275.6971318182004 3584.8832131254944 41307.724853515625 0.320068359375 548.0639984182513 52581
stats: 302 156 4377
stats: 200 1008 36442
stats: size_rcv 6118464 203682392
stats: newphase 0 7
stats: size_sent 1521107 39405632
stats: connected -7 1025
stats: max_repeat 205 3860
stats: 204 0 777
stats: 400 13 221
stats: 503 1631 28294
stats: 404 5 45
stats: 500 52 441
# stats: dump at 1480465209
stats: users 1623 1631
stats: {freemem,"tsung_controller@ip-172-31-15-70"} 1 2970.71875 0.0 3160.71484375 2966.40625 3059.7127659574458 47
stats: {recvpackets,"tsung_controller@ip-172-31-15-70"} 1 7723.0 0.0 8000 131 4023.0652173913045 46
stats: {sentpackets,"tsung_controller@ip-172-31-15-70"} 1 8873.0 0.0 8873 126 4045.6521739130435 46
stats: {cpu,"tsung_controller@ip-172-31-15-70"} 1 20.626151012891345 0.0 22.57142857142857 1.7769002961500493 11.350457920044068 47
stats: {load,"tsung_controller@ip-172-31-15-70"} 1 0.140625 0.0 0.2890625 0.0390625 0.12890625000000003 47
stats: session 109 85163.52221231723 31286.597750397166 194756.71606445313 13964.976806640625 82443.12284818394 1821
stats: users_count 188 3553
stats: finish_users_count 109 1930
stats: request 3350 883.1646698635715 3366.72736713121 71090.5869140625 0.320068359375 449.26066146204965 70597
stats: connect 136 5003.918900433709 13615.119198030827 63168.903076171875 0.43994140625 488.6867212213386 3181
stats: page 2621 1130.7723806440192 3788.958312837688 71090.5869140625 0.320068359375 578.011625649071 54838
stats: 302 175 4552
stats: 200 1007 37449
stats: size_rcv 6347325 210029717
stats: newphase 0 7
stats: size_sent 1806376 41212008
stats: connected -3 1022
stats: max_repeat 201 4061
stats: 204 0 777
stats: 400 15 236
stats: 503 2095 30389
stats: 404 8 53
stats: 500 50 491
# stats: dump at 1480465219
stats: users 1521 1631
stats: {freemem,"tsung_controller@ip-172-31-15-70"} 1 2960.32421875 0.0 3160.71484375 2960.32421875 3057.858723958332 48
stats: {recvpackets,"tsung_controller@ip-172-31-15-70"} 1 9097.0 0.0 9097 131 4101.787234042553 47
stats: {sentpackets,"tsung_controller@ip-172-31-15-70"} 1 10275.0 0.0 10275 126 4148.36170212766 47
stats: {cpu,"tsung_controller@ip-172-31-15-70"} 1 21.904761904761905 0.0 22.57142857142857 1.7769002961500493 11.543701526145052 48
stats: {load,"tsung_controller@ip-172-31-15-70"} 1 0.19140625 0.0 0.2890625 0.0390625 0.12915039062500003 48
stats: session 113 89854.32122856748 28404.36090811935 194756.71606445313 13964.976806640625 82596.76198325674 1930
stats: users_count 11 3564
stats: finish_users_count 113 2043
stats: request 3399 1420.9641228204762 5176.0097841147635 73020.78588867188 0.320068359375 468.9176918776865 73947
stats: connect 322 7917.381265012368 13233.20404826684 63168.903076171875 0.43994140625 673.8153242882311 3317
stats: page 2628 1832.3996899748506 5838.3476979254965 73020.78588867188 0.320068359375 603.2258817071604 57459
stats: 302 167 4719
stats: 200 1121 38570
stats: size_rcv 6903648 216933365
stats: newphase 0 7
stats: size_sent 1789456 43001464
stats: connected 8 1030
stats: max_repeat 200 4261
stats: 204 0 777
stats: 400 13 249
stats: 503 1867 32256
stats: 404 3 56
stats: 500 228 719
# stats: dump at 1480465229
stats: users 1416 1631
stats: {freemem,"tsung_controller@ip-172-31-15-70"} 1 2956.8828125 0.0 3160.71484375 2956.8828125 3055.8682238520396 49
stats: {recvpackets,"tsung_controller@ip-172-31-15-70"} 1 7717.0 0.0 9097 131 4205.854166666667 48
stats: {sentpackets,"tsung_controller@ip-172-31-15-70"} 1 8808.0 0.0 10275 126 4276.0 48
stats: {cpu,"tsung_controller@ip-172-31-15-70"} 1 19.943019943019944 0.0 22.57142857142857 1.7769002961500493 11.75515173795356 49
stats: {load,"tsung_controller@ip-172-31-15-70"} 1 0.23828125 0.0 0.2890625 0.0390625 0.13042091836734698 49
stats: session 105 87302.78663504463 29750.557183700108 194756.71606445313 13964.976806640625 82998.18351762783 2043
stats: users_count 0 3564
stats: finish_users_count 105 2148
stats: request 3622 866.065434877679 4152.711478986858 73598.81005859375 0.320068359375 510.75574192260854 77346
stats: connect 136 24760.61347692153 24685.32372390767 63168.903076171875 0.43994140625 1314.7683973613755 3639
stats: page 2652 1178.337622272844 4835.928348956387 73598.81005859375 0.320068359375 656.9857427108299 60087
stats: 302 181 4900
stats: 200 870 39440
stats: size_rcv 5848985 222782350
stats: newphase 0 7
stats: size_sent 2017566 45019030
stats: connected 0 1030
stats: max_repeat 226 4487
stats: 204 0 777
stats: 400 19 268
stats: 503 2504 34760
stats: 404 4 60
stats: 500 44 763
# stats: dump at 1480465239
stats: users 1293 1631
stats: {freemem,"tsung_controller@ip-172-31-15-70"} 1 2956.984375 0.0 3160.71484375 2956.8828125 3053.888515624999 50
stats: {recvpackets,"tsung_controller@ip-172-31-15-70"} 1 7775.0 0.0 9097 131 4277.510204081633 49
stats: {sentpackets,"tsung_controller@ip-172-31-15-70"} 1 8543.0 0.0 10275 126 4368.489795918367 49
stats: {cpu,"tsung_controller@ip-172-31-15-70"} 1 20.777988614800762 0.0 22.57142857142857 1.7769002961500493 11.918909102054888 50
stats: {load,"tsung_controller@ip-172-31-15-70"} 1 0.28125 0.0 0.2890625 0.0390625 0.13257812500000005 50
stats: session 123 87174.81959794204 33356.54647432607 194756.71606445313 13964.976806640625 83208.60406107697 2148
stats: users_count 0 3564
stats: finish_users_count 123 2271
stats: request 3509 1737.725945921426 8549.370404982903 73598.81005859375 0.319091796875 526.6500669384576 80968
stats: connect 141 40568.33074994458 26361.681514323525 63175.691162109375 0.43994140625 2159.4399022144034 3775
stats: page 2747 2223.0553581534964 9618.476538502766 73598.81005859375 0.319091796875 679.0234733823175 62739
stats: 302 140 5040
stats: 200 1063 40503
stats: size_rcv 6744336 229526686
stats: newphase 0 7
stats: size_sent 1922356 46941386
stats: connected -8 1022
stats: max_repeat 269 4756
stats: 204 0 777
stats: 400 23 291
stats: 503 2231 36991
stats: 404 7 67
stats: 500 45 808
# stats: dump at 1480465249
stats: users 1136 1631
stats: {freemem,"tsung_controller@ip-172-31-15-70"} 1 2955.12890625 0.0 3160.71484375 2955.12890625 3051.9884344362736 51
stats: {recvpackets,"tsung_controller@ip-172-31-15-70"} 1 7840.0 0.0 9097 131 4347.46 50
stats: {sentpackets,"tsung_controller@ip-172-31-15-70"} 1 8255.0 0.0 10275 126 4451.98 50
stats: {cpu,"tsung_controller@ip-172-31-15-70"} 1 19.54022988505747 0.0 22.57142857142857 1.7769002961500493 12.092616543481277 51
stats: {load,"tsung_controller@ip-172-31-15-70"} 1 0.23046875 0.0 0.2890625 0.0390625 0.13549325980392163 51
stats: session 157 85976.10950251292 31317.94725497222 194756.71606445313 13964.976806640625 83423.41890521365 2271
stats: users_count 0 3564
stats: finish_users_count 157 2428
stats: request 3436 3052.552080112232 12828.261177140266 73598.81005859375 0.2919921875 576.9556561444099 84477
stats: connect 115 40792.513610309106 27879.636198511507 63175.691162109375 0.43994140625 3542.395369407957 3916
stats: page 2751 3797.2003838092965 14193.746413856647 73598.81005859375 0.2919921875 743.7923642516091 65486
stats: 302 171 5211
stats: 200 1053 41556
stats: size_rcv 6695204 236221890
stats: newphase 0 7
stats: size_sent 1799083 48740469
stats: connected -74 948
stats: max_repeat 233 4989
stats: 204 0 777
stats: 400 21 312
stats: 503 2137 39128
stats: 404 4 71
stats: 500 50 858
# stats: dump at 1480465259
stats: users 1007 1631
stats: {freemem,"tsung_controller@ip-172-31-15-70"} 1 2952.9453125 0.0 3160.71484375 2952.9453125 3050.125751201922 52
stats: {recvpackets,"tsung_controller@ip-172-31-15-70"} 1 7592.0 0.0 9097 131 4415.941176470588 51
stats: {sentpackets,"tsung_controller@ip-172-31-15-70"} 1 8078.0 0.0 10275 126 4526.549019607843 51
stats: {cpu,"tsung_controller@ip-172-31-15-70"} 1 19.98078770413064 0.0 22.57142857142857 1.7769002961500493 12.235839876973127 52
stats: {load,"tsung_controller@ip-172-31-15-70"} 1 0.19921875 0.0 0.2890625 0.0390625 0.1373197115384616 52
stats: session 129 95359.32986615795 28106.168777025112 194756.71606445313 13964.976806640625 83588.48168271611 2428
stats: users_count 0 3564
stats: finish_users_count 129 2557
stats: request 3251 2071.9876764180817 10310.055846360628 73598.81005859375 0.2919921875 673.7121007288677 87913
stats: connect 88 40877.64094959606 29779.110100575796 63179.802001953125 0.43994140625 4605.100305578543 4031
stats: page 2535 2678.7335928832294 11698.256960127403 73598.81005859375 0.2919921875 866.891642675385 68237
stats: 302 173 5384
stats: 200 1013 42569
stats: size_rcv 6354311 242576201
stats: newphase 0 7
stats: size_sent 1722875 50463344
stats: connected -64 884
stats: max_repeat 205 5194
stats: 204 0 777
stats: error_connect_etimedout 2 2
stats: 400 15 327
stats: 503 2002 41130
stats: 404 0 71
stats: 500 48 906
# stats: dump at 1480465269
stats: users 908 1631
stats: {freemem,"tsung_controller@ip-172-31-15-70"} 1 2951.64453125 0.0 3160.71484375 2951.64453125 3048.2921580188668 53
stats: {recvpackets,"tsung_controller@ip-172-31-15-70"} 1 6594.0 0.0 9097 131 4477.0192307692305 52
stats: {sentpackets,"tsung_controller@ip-172-31-15-70"} 1 6560.0 0.0 10275 126 4594.846153846153 52
stats: {cpu,"tsung_controller@ip-172-31-15-70"} 1 17.029328287606432 0.0 22.57142857142857 1.7769002961500493 12.38197096805157 53
stats: {load,"tsung_controller@ip-172-31-15-70"} 1 0.23828125 0.0 0.2890625 0.0390625 0.13848761792452835 53
stats: session 99 100043.93317451862 26082.58213009412 194756.71606445313 13964.976806640625 84182.31798137234 2557
stats: users_count 0 3564
stats: finish_users_count 99 2656
stats: request 2564 978.8094474804379 5954.16206357988 73598.81005859375 0.2919921875 723.5760151749828 91164
stats: connect 27 53772.643174913195 22424.278435464716 63179.802001953125 0.43994140625 5380.041693457528 4119
stats: page 1999 1259.531207864674 6731.782784064588 73598.81005859375 0.2919921875 931.7904634488108 70772
stats: 302 158 5542
stats: 200 1090 43659
stats: size_rcv 6399283 248975484
stats: newphase 0 7
stats: size_sent 1447262 51910606
stats: connected -74 810
stats: max_repeat 176 5370
stats: 204 0 777
stats: error_connect_etimedout 1 3
stats: 400 12 339
stats: 503 1282 42412
stats: 404 3 74
stats: 500 19 925
# stats: dump at 1480465279
stats: users 821 1631
stats: {freemem,"tsung_controller@ip-172-31-15-70"} 1 2944.96875 0.0 3160.71484375 2944.96875 3046.502387152777 54
stats: {recvpackets,"tsung_controller@ip-172-31-15-70"} 1 6451.0 0.0 9097 131 4516.962264150943 53
stats: {sentpackets,"tsung_controller@ip-172-31-15-70"} 1 5979.0 0.0 10275 126 4631.924528301886 53
stats: {cpu,"tsung_controller@ip-172-31-15-70"} 1 16.365366317792578 0.0 22.57142857142857 1.7769002961500493 12.468033140635919 54
stats: {load,"tsung_controller@ip-172-31-15-70"} 1 0.19921875 0.0 0.2890625 0.0390625 0.1403356481481482 54
stats: session 87 107934.75122350935 22001.06491280478 194756.71606445313 13964.976806640625 84773.54535491206 2656
stats: users_count 0 3564
stats: finish_users_count 87 2743
stats: request 2248 549.8535583061685 2333.0272615286194 73598.81005859375 0.2919921875 730.5581178596788 93728
stats: connect 25 5053.014589843751 17131.277928331885 63179.802001953125 0.43994140625 5695.188881108108 4146
stats: page 1858 667.1345351499416 2582.632073389632 73598.81005859375 0.2919921875 940.7934144607153 72771
stats: 302 130 5672
stats: 200 1295 44954
stats: size_rcv 7213268 256188752
stats: newphase 0 7
stats: size_sent 1250809 53161415
stats: connected -64 746
stats: max_repeat 177 5547
stats: 204 0 777
stats: error_connect_etimedout 23 26
stats: 400 7 346
stats: 503 782 43194
stats: 404 3 77
stats: 500 31 956
# stats: dump at 1480465289
stats: users 722 1631
stats: {freemem,"tsung_controller@ip-172-31-15-70"} 1 2942.87890625 0.0 3160.71484375 2942.87890625 3044.6563210227264 55
stats: {recvpackets,"tsung_controller@ip-172-31-15-70"} 1 6621.0 0.0 9097 131 4552.777777777777 54
stats: {sentpackets,"tsung_controller@ip-172-31-15-70"} 1 5870.0 0.0 10275 126 4656.8703703703695 54
stats: {cpu,"tsung_controller@ip-172-31-15-70"} 1 17.758784425451093 0.0 22.57142857142857 1.7769002961500493 12.53889374385695 55
stats: {load,"tsung_controller@ip-172-31-15-70"} 1 0.171875 0.0 0.2890625 0.0390625 0.14140625000000004 55
stats: session 99 112212.79981701783 19157.547347955133 194756.71606445313 13964.976806640625 85508.15159281508 2743
stats: users_count 0 3564
stats: finish_users_count 99 2842
stats: request 1871 494.82309930455796 147.5877439821509 73598.81005859375 0.2919921875 726.3255612843235 95976
stats: connect 39 1.0600898938301282 0.19010138913531405 63179.802001953125 0.43994140625 5691.339838364975 4171
stats: page 1618 578.2150838165833 279.83096831705836 73598.81005859375 0.2919921875 933.9802694666861 74629
stats: 302 157 5829
stats: 200 1578 46532
stats: size_rcv 8316641 264505393
stats: newphase 0 7
stats: size_sent 1025221 54186636
stats: connected -54 692
stats: max_repeat 146 5693
stats: 204 0 777
stats: error_connect_etimedout 39 65
stats: 400 2 348
stats: 503 92 43286
stats: 404 0 77
stats: 500 42 998
# stats: dump at 1480465299
stats: users 637 1631
stats: {freemem,"tsung_controller@ip-172-31-15-70"} 1 2945.9375 0.0 3160.71484375 2942.87890625 3042.838867187499 56
stats: {recvpackets,"tsung_controller@ip-172-31-15-70"} 1 6402.0 0.0 9097 131 4590.381818181818 55
stats: {sentpackets,"tsung_controller@ip-172-31-15-70"} 1 5554.0 0.0 10275 126 4678.927272727272 55
stats: {cpu,"tsung_controller@ip-172-31-15-70"} 1 17.345971563981042 0.0 22.57142857142857 1.7769002961500493 12.632106077456843 56
stats: {load,"tsung_controller@ip-172-31-15-70"} 1 0.1484375 0.0 0.2890625 0.0390625 0.1419503348214286 56
stats: session 85 115863.76713005514 20857.485597333463 194756.71606445313 13964.976806640625 86438.39795952728 2842
stats: users_count 0 3564
stats: finish_users_count 85 2927
stats: request 1727 386.01188626976904 151.79869255146693 73598.81005859375 0.2919921875 721.8988429754929 97847
stats: connect 27 1.1180103443287037 0.21223482099985636 63179.802001953125 0.43994140625 5638.6270330941015 4210
stats: page 1485 450.49043215356636 253.01397824596734 73598.81005859375 0.2919921875 926.4307518413124 76247
stats: 302 136 5965
stats: 200 1544 48076
stats: size_rcv 8009441 272514834
stats: newphase 0 7
stats: size_sent 955677 55142313
stats: connected -61 631
stats: max_repeat 126 5819
stats: 204 0 777
stats: error_connect_etimedout 27 92
stats: 400 0 348
stats: 503 10 43296
stats: 404 0 77
stats: 500 37 1035
# stats: dump at 1480465309
stats: users 558 1631
stats: {freemem,"tsung_controller@ip-172-31-15-70"} 1 2951.5234375 0.0 3160.71484375 2942.87890625 3041.1388432017534 57
stats: {recvpackets,"tsung_controller@ip-172-31-15-70"} 1 5680.0 0.0 9097 131 4622.732142857142 56
stats: {sentpackets,"tsung_controller@ip-172-31-15-70"} 1 4921.0 0.0 10275 126 4694.553571428571 56
stats: {cpu,"tsung_controller@ip-172-31-15-70"} 1 15.704824976348156 0.0 22.57142857142857 1.7769002961500493 12.714805471957268 57
stats: {load,"tsung_controller@ip-172-31-15-70"} 1 0.19921875 0.0 0.2890625 0.0390625 0.14206414473684215 57
stats: session 79 124101.79521855222 18686.923122952063 194756.71606445313 13964.976806640625 87292.9098759929 2927
stats: users_count 0 3564
stats: finish_users_count 79 3006
stats: request 1578 83.65169750450512 89.20773462711335 73598.81005859375 0.2919921875 716.0732582422214 99574
stats: connect 6 1.0194905598958333 0.060675112647278706 63179.802001953125 0.43994140625 5602.702382724915 4237
stats: page 1362 98.84159808501975 122.59897016923215 73598.81005859375 0.2919921875 917.3383397750295 77732
stats: 302 87 6052
stats: 200 1468 49544
stats: size_rcv 7545428 280060262
stats: newphase 0 7
stats: size_sent 856229 55998542
stats: connected -71 560
stats: max_repeat 114 5933
stats: 204 0 777
stats: error_connect_etimedout 6 98
stats: 400 0 348
stats: 503 0 43296
stats: 404 0 77
stats: 500 23 1058
# stats: dump at 1480465319
stats: users 464 1631
stats: {freemem,"tsung_controller@ip-172-31-15-70"} 1 2951.01953125 0.0 3160.71484375 2942.87890625 3039.593749999999 58
stats: {recvpackets,"tsung_controller@ip-172-31-15-70"} 1 3689.0 0.0 9097 131 4641.2807017543855 57
stats: {sentpackets,"tsung_controller@ip-172-31-15-70"} 1 3968.0 0.0 10275 126 4698.526315789472 57
stats: {cpu,"tsung_controller@ip-172-31-15-70"} 1 13.371537726838586 0.0 22.57142857142857 1.7769002961500493 12.7663575323778 58
stats: {load,"tsung_controller@ip-172-31-15-70"} 1 0.171875 0.0 0.2890625 0.0390625 0.14304956896551727 58
stats: session 94 129283.73442954205 16279.932381065184 194756.71606445313 13964.976806640625 88260.27579151592 3006
stats: users_count 0 3564
stats: finish_users_count 94 3100
stats: request 1228 20.684303109731278 25.806836188542217 73598.81005859375 0.2919921875 706.2073018316303 101152
stats: connect 0 0 0 63179.802001953125 0.43994140625 5594.781077668825 4243
stats: page 1116 22.766392424115143 30.582660958235444 73598.81005859375 0.2919921875 903.243812223233 79094
stats: 302 61 6113
stats: 200 1160 50704
stats: size_rcv 5886399 285946661
stats: newphase 0 7
stats: size_sent 674582 56673124
stats: connected -95 465
stats: max_repeat 129 6062
stats: 204 0 777
stats: error_connect_etimedout 0 98
stats: 400 0 348
stats: 503 0 43296
stats: 404 0 77
stats: 500 7 1065
# stats: dump at 1480465329
stats: users 389 1631
stats: {freemem,"tsung_controller@ip-172-31-15-70"} 1 2955.8515625 0.0 3160.71484375 2942.87890625 3038.0924920550838 59
stats: {recvpackets,"tsung_controller@ip-172-31-15-70"} 1 2523.0 0.0 9097 131 4624.862068965517 58
stats: {sentpackets,"tsung_controller@ip-172-31-15-70"} 1 3168.0 0.0 10275 126 4685.931034482757 58
stats: {cpu,"tsung_controller@ip-172-31-15-70"} 1 11.207729468599034 0.0 22.57142857142857 1.7769002961500493 12.77661482380934 59
stats: {load,"tsung_controller@ip-172-31-15-70"} 1 0.140625 0.0 0.2890625 0.0390625 0.14353813559322037 59
stats: session 75 142304.65270507813 21095.06414580753 205208.23510742188 13964.976806640625 89504.21292441091 3100
stats: users_count 0 3564
stats: finish_users_count 75 3175
stats: request 985 12.938245310517134 15.028910891169026 73598.81005859375 0.2919921875 697.9847755332273 102380
stats: connect 0 0 0 63179.802001953125 0.43994140625 5594.781077668825 4243
stats: page 939 13.575265772680382 17.312312273083958 73598.81005859375 0.2919921875 890.9933097859332 80210
stats: 302 51 6164
stats: 200 927 51631
stats: size_rcv 4616782 290563443
stats: newphase 0 7
stats: size_sent 530436 57203560
stats: connected -76 389
stats: max_repeat 92 6154
stats: 204 0 777
stats: error_connect_etimedout 0 98
stats: 400 0 348
stats: 503 0 43296
stats: 404 0 77
stats: 500 7 1072
# stats: dump at 1480465339
stats: users 307 1631
stats: {freemem,"tsung_controller@ip-172-31-15-70"} 1 2971.66796875 0.0 3160.71484375 2942.87890625 3036.7218098958324 60
stats: {recvpackets,"tsung_controller@ip-172-31-15-70"} 1 1710.0 0.0 9097 131 4589.237288135593 59
stats: {sentpackets,"tsung_controller@ip-172-31-15-70"} 1 2337.0 0.0 10275 126 4660.203389830507 59
stats: {cpu,"tsung_controller@ip-172-31-15-70"} 1 8.949416342412452 0.0 22.57142857142857 1.7769002961500493 12.750466734555834 60
stats: {load,"tsung_controller@ip-172-31-15-70"} 1 0.12109375 0.0 0.2890625 0.0390625 0.14348958333333336 60
stats: session 82 149498.4522198933 15661.654605932834 205208.23510742188 13964.976806640625 90751.4674074188 3175
stats: users_count 0 3564
stats: finish_users_count 82 3257
stats: request 693 9.692912312297079 10.482024265865814 73598.81005859375 0.2919921875 691.456735749264 103365
stats: connect 0 0 0 63179.802001953125 0.43994140625 5594.781077668825 4243
stats: page 683 9.835705870241569 11.113711057391214 73598.81005859375 0.2919921875 880.8404361420381 81149
stats: 302 15 6179
stats: 200 677 52308
stats: size_rcv 3306041 293869484
stats: newphase 0 7
stats: size_sent 363913 57567473
stats: connected -82 307
stats: max_repeat 83 6237
stats: 204 0 777
stats: error_connect_etimedout 0 98
stats: 400 0 348
stats: 503 0 43296
stats: 404 0 77
stats: 500 1 1073
# stats: dump at 1480465349
stats: users 233 1631
stats: {freemem,"tsung_controller@ip-172-31-15-70"} 1 2986.96484375 0.0 3160.71484375 2942.87890625 3035.6553534836057 61
stats: {recvpackets,"tsung_controller@ip-172-31-15-70"} 1 1310.0 0.0 9097 131 4541.25 60
stats: {sentpackets,"tsung_controller@ip-172-31-15-70"} 1 1843.0 0.0 10275 126 4621.483333333333 60
stats: {cpu,"tsung_controller@ip-172-31-15-70"} 1 6.758080313418217 0.0 22.57142857142857 1.7769002961500493 12.688154433045286 61
stats: {load,"tsung_controller@ip-172-31-15-70"} 1 0.1015625 0.0 0.2890625 0.0390625 0.1431224385245902 61
stats: session 74 162953.6070853568 15694.54759158692 205208.23510742188 13964.976806640625 92230.51338673194 3257
stats: users_count 0 3564
stats: finish_users_count 74 3331
stats: request 551 8.726757014944418 5.186411257468425 73598.81005859375 0.2919921875 686.9163608656239 104058
stats: connect 0 0 0 63179.802001953125 0.43994140625 5594.781077668825 4243
stats: page 547 8.791000896223718 5.760365727984869 73598.81005859375 0.2919921875 873.5707099863089 81832
stats: 302 9 6188
stats: 200 540 52848
stats: size_rcv 2614273 296483757
stats: newphase 0 7
stats: size_sent 285958 57853431
stats: connected -72 235
stats: max_repeat 73 6310
stats: 204 0 777
stats: error_connect_etimedout 0 98
stats: 400 0 348
stats: 503 0 43296
stats: 404 0 77
stats: 500 2 1075
# stats: dump at 1480465359
stats: users 160 1631
stats: {freemem,"tsung_controller@ip-172-31-15-70"} 1 3011.4140625 0.0 3160.71484375 2942.87890625 3034.870022681451 62
stats: {recvpackets,"tsung_controller@ip-172-31-15-70"} 1 897.0 0.0 9097 131 4488.2786885245905 61
stats: {sentpackets,"tsung_controller@ip-172-31-15-70"} 1 1259.0 0.0 10275 126 4575.934426229507 61
stats: {cpu,"tsung_controller@ip-172-31-15-70"} 1 4.818092428711897 0.0 22.57142857142857 1.7769002961500493 12.592508076277108 62
stats: {load,"tsung_controller@ip-172-31-15-70"} 1 0.08984375 0.0 0.2890625 0.0390625 0.1424521169354839 62
stats: session 73 174758.73215097922 20220.002474680452 242680.80517578125 13964.976806640625 93801.66587358221 3331
stats: users_count 0 3564
stats: finish_users_count 73 3404
stats: request 347 8.432017037779177 2.1756368190946582 73598.81005859375 0.2919921875 683.3441780541858 104609
stats: connect 0 0 0 63179.802001953125 0.43994140625 5594.781077668825 4243
stats: page 347 8.432017037779177 2.1756368190946582 73598.81005859375 0.2919921875 867.8285366062936 82379
stats: 302 1 6189
stats: 200 345 53193
stats: size_rcv 1664980 298148737
stats: newphase 0 7
stats: size_sent 178900 58032331
stats: connected -73 162
stats: max_repeat 73 6383
stats: 204 0 777
stats: error_connect_etimedout 0 98
stats: 400 0 348
stats: 503 0 43296
stats: 404 0 77
stats: 500 1 1076
# stats: dump at 1480465369
stats: users 107 1631
stats: {freemem,"tsung_controller@ip-172-31-15-70"} 1 3014.34765625 0.0 3160.71484375 2942.87890625 3034.4977058531736 63
stats: {recvpackets,"tsung_controller@ip-172-31-15-70"} 1 625.0 0.0 9097 131 4430.354838709677 62
stats: {sentpackets,"tsung_controller@ip-172-31-15-70"} 1 901.0 0.0 10275 126 4522.435483870967 62
stats: {cpu,"tsung_controller@ip-172-31-15-70"} 1 3.645320197044335 0.0 22.57142857142857 1.7769002961500493 12.469104653299881 63
stats: {load,"tsung_controller@ip-172-31-15-70"} 1 0.0703125 0.0 0.2890625 0.0390625 0.14161706349206352 63
stats: session 53 191746.08239055122 18301.49290065252 242680.80517578125 13964.976806640625 95537.81917506576 3404
stats: users_count 0 3564
stats: finish_users_count 53 3457
stats: request 262 7.921554448950383 1.1869763233030488 73598.81005859375 0.2919921875 681.1128190097035 104956
stats: connect 0 0 0 63179.802001953125 0.43994140625 5594.781077668825 4243
stats: page 262 7.921554448950383 1.1869763233030488 73598.81005859375 0.2919921875 864.2237377245602 82726
stats: 302 0 6189
stats: 200 262 53455
stats: size_rcv 1256709 299405446
stats: newphase 0 7
stats: size_sent 135076 58167407
stats: connected -55 107
stats: max_repeat 55 6438
stats: 204 0 777
stats: error_connect_etimedout 0 98
stats: 400 0 348
stats: 503 0 43296
stats: 404 0 77
stats: 500 0 1076
# stats: dump at 1480465379
stats: users 70 1631
stats: {freemem,"tsung_controller@ip-172-31-15-70"} 1 3023.25 0.0 3160.71484375 2942.87890625 3034.182861328124 64
stats: {recvpackets,"tsung_controller@ip-172-31-15-70"} 1 454.0 0.0 9097 131 4369.952380952381 63
stats: {sentpackets,"tsung_controller@ip-172-31-15-70"} 1 633.0 0.0 10275 126 4464.95238095238 63
stats: {cpu,"tsung_controller@ip-172-31-15-70"} 1 2.949852507374631 0.0 22.57142857142857 1.7769002961500493 12.33123302117089 64
stats: {load,"tsung_controller@ip-172-31-15-70"} 1 0.05859375 0.0 0.2890625 0.0390625 0.14050292968750003 64
stats: session 37 203958.9959419869 21095.305192453954 244926.38916015625 13964.976806640625 97012.80845780244 3457
stats: users_count 0 3564
stats: finish_users_count 37 3494
stats: request 167 7.866430225486527 1.0172118936274563 73598.81005859375 0.2919921875 679.4365268228636 105218
stats: connect 0 0 0 63179.802001953125 0.43994140625 5594.781077668825 4243
stats: page 167 7.866430225486527 1.0172118936274563 73598.81005859375 0.2919921875 861.5203207001928 82988
stats: 302 0 6189
stats: 200 167 53622
stats: size_rcv 807132 300212578
stats: newphase 0 7
stats: size_sent 84952 58252359
stats: connected -37 70
stats: max_repeat 37 6475
stats: 204 0 777
stats: error_connect_etimedout 0 98
stats: 400 0 348
stats: 503 0 43296
stats: 404 0 77
stats: 500 0 1076
# stats: dump at 1480465389
stats: users 37 1631
stats: {freemem,"tsung_controller@ip-172-31-15-70"} 1 3024.40625 0.0 3160.71484375 2942.87890625 3034.0146634615376 65
stats: {recvpackets,"tsung_controller@ip-172-31-15-70"} 1 269.0 0.0 9097 131 4308.765625 64
stats: {sentpackets,"tsung_controller@ip-172-31-15-70"} 1 397.0 0.0 10275 126 4405.078124999999 64
stats: {cpu,"tsung_controller@ip-172-31-15-70"} 1 2.3645320197044337 0.0 22.57142857142857 1.7769002961500493 12.18690409018941 65
stats: {load,"tsung_controller@ip-172-31-15-70"} 1 0.05078125 0.0 0.2890625 0.0390625 0.13924278846153848 65
stats: session 33 213174.06193773675 21567.75490835589 264334.3830566406 13964.976806640625 98145.32389481299 3494
stats: users_count 0 3564
stats: finish_users_count 33 3527
stats: request 109 8.07616963517775 1.009171735262743 73598.81005859375 0.2919921875 678.3723126924677 105385
stats: connect 0 0 0 63179.802001953125 0.43994140625 5594.781077668825 4243
stats: page 109 8.07616963517775 1.009171735262743 73598.81005859375 0.2919921875 859.8059295065269 83155
stats: 302 0 6189
stats: 200 109 53731
stats: size_rcv 528545 300741123
stats: newphase 0 7
stats: size_sent 55732 58308091
stats: connected -33 37
stats: max_repeat 33 6508
stats: 204 0 777
stats: error_connect_etimedout 0 98
stats: 400 0 348
stats: 503 0 43296
stats: 404 0 77
stats: 500 0 1076
# stats: dump at 1480465399
stats: users 22 1631
stats: {freemem,"tsung_controller@ip-172-31-15-70"} 1 3024.76171875 0.0 3160.71484375 2942.87890625 3033.869081439393 66
stats: {recvpackets,"tsung_controller@ip-172-31-15-70"} 1 139.0 0.0 9097 131 4246.615384615385 65
stats: {sentpackets,"tsung_controller@ip-172-31-15-70"} 1 199.0 0.0 10275 126 4343.415384615384 65
stats: {cpu,"tsung_controller@ip-172-31-15-70"} 1 1.7733990147783252 0.0 22.57142857142857 1.7733990147783252 12.038080270939638 66
stats: {load,"tsung_controller@ip-172-31-15-70"} 1 0.12109375 0.0 0.2890625 0.0390625 0.13790246212121215 66
stats: session 15 230719.82290039063 20467.108436664104 264334.3830566406 13964.976806640625 99221.57803584402 3527
stats: users_count 0 3564
stats: finish_users_count 15 3542
stats: request 55 68.842333984375 156.99217154169494 73598.81005859375 0.2919921875 677.6797398485786 105494
stats: connect 0 0 0 63179.802001953125 0.43994140625 5594.781077668825 4243
stats: page 55 68.842333984375 156.99217154169494 73598.81005859375 0.2919921875 858.6909393087707 83264
stats: 302 0 6189
stats: 200 55 53786
stats: size_rcv 266330 301007453
stats: newphase 0 7
stats: size_sent 28132 58336223
stats: connected -15 22
stats: max_repeat 15 6523
stats: 204 0 777
stats: error_connect_etimedout 0 98
stats: 400 0 348
stats: 503 0 43296
stats: 404 0 77
stats: 500 0 1076
# stats: dump at 1480465409
stats: users 10 1631
stats: {freemem,"tsung_controller@ip-172-31-15-70"} 1 3025.02734375 0.0 3160.71484375 2942.87890625 3033.733150652984 67
stats: {recvpackets,"tsung_controller@ip-172-31-15-70"} 1 71.0 0.0 9097 71 4184.378787878788 66
stats: {sentpackets,"tsung_controller@ip-172-31-15-70"} 1 102.0 0.0 10275 102 4280.621212121211 66
stats: {cpu,"tsung_controller@ip-172-31-15-70"} 1 1.3820335636722607 0.0 22.57142857142857 1.3820335636722607 11.884876073086483 67
stats: {load,"tsung_controller@ip-172-31-15-70"} 1 0.1015625 0.0 0.2890625 0.0390625 0.13765158582089554 67
stats: session 12 240963.13441975912 14060.977468080264 264334.3830566406 13964.976806640625 99778.45936643923 3542
stats: users_count 0 3564
stats: finish_users_count 12 3554
stats: request 24 8.914479573567709 0.3875450366979972 73598.81005859375 0.2919921875 677.3624838127798 105549
stats: connect 0 0 0 63179.802001953125 0.43994140625 5594.781077668825 4243
stats: page 24 8.914479573567709 0.3875450366979972 73598.81005859375 0.2919921875 858.1695495502181 83319
stats: 302 0 6189
stats: 200 24 53810
stats: size_rcv 116919 301124372
stats: newphase 0 7
stats: size_sent 12256 58348479
stats: connected -12 10
stats: max_repeat 12 6535
stats: 204 0 777
stats: error_connect_etimedout 0 98
stats: 400 0 348
stats: 503 0 43296
stats: 404 0 77
stats: 500 0 1076
# stats: dump at 1480465419
stats: users 7 1631
stats: {freemem,"tsung_controller@ip-172-31-15-70"} 1 3037.828125 0.0 3160.71484375 2942.87890625 3033.6051240808815 68
stats: {recvpackets,"tsung_controller@ip-172-31-15-70"} 1 23.0 0.0 9097 23 4122.985074626866 67
stats: {sentpackets,"tsung_controller@ip-172-31-15-70"} 1 35.0 0.0 10275 35 4218.253731343283 67
stats: {cpu,"tsung_controller@ip-172-31-15-70"} 1 1.1811023622047243 0.0 22.57142857142857 1.1811023622047243 11.730422506771568 68
stats: {load,"tsung_controller@ip-172-31-15-70"} 1 0.08984375 0.0 0.2890625 0.0390625 0.13712086397058826 68
stats: session 3 256377.53442382813 16893.10999129913 269953.1491699219 13964.976806640625 100255.1662039856 3554
stats: users_count 0 3564
stats: finish_users_count 3 3557
stats: request 9 9.354600694444445 0.5556727762533723 73598.81005859375 0.2919921875 677.2105249587003 105573
stats: connect 0 0 0 63179.802001953125 0.43994140625 5594.781077668825 4243
stats: page 9 9.354600694444445 0.5556727762533723 73598.81005859375 0.2919921875 857.9249924586875 83343
stats: 302 0 6189
stats: 200 9 53819
stats: size_rcv 43558 301167930
stats: newphase 0 7
stats: size_sent 4604 58353083
stats: connected -3 7
stats: max_repeat 3 6538
stats: 204 0 777
stats: error_connect_etimedout 0 98
stats: 400 0 348
stats: 503 0 43296
stats: 404 0 77
stats: 500 0 1076
# stats: dump at 1480465429
stats: users 3 1631
stats: {freemem,"tsung_controller@ip-172-31-15-70"} 0 0 0 3160.71484375 2942.87890625 3033.6663269927526 69
stats: {recvpackets,"tsung_controller@ip-172-31-15-70"} 0 0 0 9097 23 4062.6911764705883 68
stats: {sentpackets,"tsung_controller@ip-172-31-15-70"} 0 0 0 10275 35 4156.735294117646 68
stats: {cpu,"tsung_controller@ip-172-31-15-70"} 0 0 0 22.57142857142857 1.1811023622047243 11.57753380902422 69
stats: {load,"tsung_controller@ip-172-31-15-70"} 0 0 0 0.2890625 0.0390625 0.13643568840579712 69
stats: session 4 269253.98626708984 5453.333446735659 272650.43310546875 13964.976806640625 100386.84095930176 3557
stats: users_count 0 3564
stats: finish_users_count 4 3561
stats: request 7 9.1025390625 0.156358245412047 73598.81005859375 0.2919921875 677.1535957158522 105582
stats: connect 0 0 0 63179.802001953125 0.43994140625 5594.781077668825 4243
stats: page 7 9.1025390625 0.156358245412047 73598.81005859375 0.2919921875 857.8333673803945 83352
stats: 302 0 6189
stats: 200 7 53826
stats: size_rcv 34502 301202432
stats: newphase 0 7
stats: size_sent 3564 58356647
stats: connected -4 3
stats: max_repeat 4 6542
stats: 204 0 777
stats: error_connect_etimedout 0 98
stats: 400 0 348
stats: 503 0 43296
stats: 404 0 77
stats: 500 0 1076
# stats: dump at 1480465439
stats: users 2 1631
stats: {freemem,"tsung_controller@ip-172-31-15-70"} 1 3048.98828125 0.0 3160.71484375 2942.87890625 3033.6663269927526 69
stats: {recvpackets,"tsung_controller@ip-172-31-15-70"} 1 19.0 0.0 9097 19 4062.6911764705883 68
stats: {sentpackets,"tsung_controller@ip-172-31-15-70"} 1 29.0 0.0 10275 29 4156.735294117646 68
stats: {cpu,"tsung_controller@ip-172-31-15-70"} 1 1.1822660098522169 0.0 22.57142857142857 1.1811023622047243 11.57753380902422 69
stats: {load,"tsung_controller@ip-172-31-15-70"} 1 0.0703125 0.0 0.2890625 0.0390625 0.13643568840579712 69
stats: session 1 278927.8000488281 0.0 278927.8000488281 13964.976806640625 100576.52604248938 3561
stats: users_count 0 3564
stats: finish_users_count 1 3562
stats: request 6 8.6138916015625 0.18022824895837725 73598.81005859375 0.2919921875 677.10930741502 105589
stats: connect 0 0 0 63179.802001953125 0.43994140625 5594.781077668825 4243
stats: page 6 8.6138916015625 0.18022824895837725 73598.81005859375 0.2919921875 857.7620959424187 83359
stats: 302 0 6189
stats: 200 6 53832
stats: size_rcv 28074 301230506
stats: newphase 0 7
stats: size_sent 3096 58359743
stats: connected -1 2
stats: max_repeat 1 6543
stats: 204 0 777
stats: error_connect_etimedout 0 98
stats: 400 0 348
stats: 503 0 43296
stats: 404 0 77
stats: 500 0 1076
# stats: dump at 1480465449
stats: users 1 1631
stats: {freemem,"tsung_controller@ip-172-31-15-70"} 1 3052.8359375 0.0 3160.71484375 2942.87890625 3033.8852120535707 70
stats: {recvpackets,"tsung_controller@ip-172-31-15-70"} 1 15.0 0.0 9097 15 4004.086956521739 69
stats: {sentpackets,"tsung_controller@ip-172-31-15-70"} 1 20.0 0.0 10275 20 4096.91304347826 69
stats: {cpu,"tsung_controller@ip-172-31-15-70"} 1 0.9861932938856016 0.0 22.57142857142857 0.9861932938856016 11.429029983321763 70
stats: {load,"tsung_controller@ip-172-31-15-70"} 1 0.05859375 0.0 0.2890625 0.0390625 0.13549107142857145 70
stats: session 1 298362.5939941406 0.0 298362.5939941406 13964.976806640625 100626.59658544455 3562
stats: users_count 0 3564
stats: finish_users_count 1 3563
stats: request 3 9.182047526041666 0.9701426623765657 73598.81005859375 0.2919921875 677.0713229224315 105595
stats: connect 0 0 0 63179.802001953125 0.43994140625 5594.781077668825 4243
stats: page 3 9.182047526041666 0.9701426623765657 73598.81005859375 0.2919921875 857.7009804955759 83365
stats: 302 0 6189
stats: 200 3 53835
stats: size_rcv 14040 301244546
stats: newphase 0 7
stats: size_sent 1548 58361291
stats: connected -1 1
stats: max_repeat 1 6544
stats: 204 0 777
stats: error_connect_etimedout 0 98
stats: 400 0 348
stats: 503 0 43296
stats: 404 0 77
stats: 500 0 1076
# stats: dump at 1480465451
stats: users 0 1631
stats: {freemem,"tsung_controller@ip-172-31-15-70"} 1 3053.11328125 0.0 3160.71484375 2942.87890625 3034.1521236795766 71
stats: {recvpackets,"tsung_controller@ip-172-31-15-70"} 1 6.0 0.0 9097 6 3947.1 70
stats: {sentpackets,"tsung_controller@ip-172-31-15-70"} 1 8.0 0.0 10275 8 4038.671428571428 70
stats: {cpu,"tsung_controller@ip-172-31-15-70"} 1 1.083743842364532 0.0 22.57142857142857 0.9861932938856016 11.281947776428295 71
stats: {load,"tsung_controller@ip-172-31-15-70"} 1 0.05078125 0.0 0.2890625 0.0390625 0.1344080105633803 71
stats: session 1 287895.798828125 0.0 298362.5939941406 13964.976806640625 100682.09363776246 3563
stats: users_count 0 3564
stats: finish_users_count 1 3564
stats: request 1 8.48193359375 0.0 73598.81005859375 0.2919921875 677.0523484359243 105598
stats: connect 0 0 0 63179.802001953125 0.43994140625 5594.781077668825 4243
stats: page 1 8.48193359375 0.0 73598.81005859375 0.2919921875 857.6704465161245 83368
stats: 302 0 6189
stats: 200 1 53836
stats: size_rcv 4676 301249222
stats: newphase 0 7
stats: size_sent 516 58361807
stats: connected -1 0
stats: max_repeat 1 6545
stats: 204 0 777
stats: error_connect_etimedout 0 98
stats: 400 0 348
stats: 503 0 43296
stats: 404 0 77
stats: 500 0 1076
EndMonitor:{1480,465451,306663}
