# stats: dump at 1480608609
stats: users 5 5
stats: {load,"tsung_controller@ip-172-31-6-161"} 1 0.01171875 0 0.01171875 0.01171875 0 0
stats: {freemem,"tsung_controller@ip-172-31-6-161"} 1 3162.24609375 0 3162.24609375 3162.24609375 0 0
stats: {cpu,"tsung_controller@ip-172-31-6-161"} 1 3.2082833612418273 0 3.2082833612418273 3.2082833612418273 0 0
stats: session 1 2387.822998046875 0 2387.822998046875 2387.822998046875 0 0
stats: users_count 6 6
stats: finish_users_count 1 1
stats: request 16 54.58003234863281 42.9369469403149 188.5 8.537841796875 0 0
stats: connect 6 30.849690755208332 65.51968258846357 177.35400390625 1.18212890625 0 0
stats: page 16 54.58003234863281 42.9369469403149 188.5 8.537841796875 0 0
stats: 200 16 16
stats: size_rcv 124649 124649
stats: size_sent 7764 7764
stats: connected 5 5
# stats: dump at 1480608619
stats: users 6 12
stats: {load,"tsung_controller@ip-172-31-6-161"} 1 0.0 0.0 0.01171875 0.0 0.01171875 1
stats: {freemem,"tsung_controller@ip-172-31-6-161"} 1 3159.83984375 0.0 3162.24609375 3159.83984375 3162.24609375 1
stats: {recvpackets,"tsung_controller@ip-172-31-6-161"} 1 179 0 179 179 0 0
stats: {sentpackets,"tsung_controller@ip-172-31-6-161"} 1 143 0 143 143 0 0
stats: {cpu,"tsung_controller@ip-172-31-6-161"} 1 2.2660098522167487 0.0 3.2082833612418273 2.2660098522167487 3.2082833612418273 1
stats: session 13 5600.867394080529 2123.5429158646843 10250.166015625 2387.822998046875 2387.822998046875 1
stats: users_count 14 20
stats: finish_users_count 13 14
stats: request 51 53.60541130514706 28.13682012560882 188.5 8.260009765625 54.58003234863281 16
stats: connect 13 1.6879319411057692 0.4379778458867251 177.35400390625 1.15380859375 30.849690755208332 6
stats: page 51 53.60541130514706 28.13682012560882 188.5 8.260009765625 54.58003234863281 16
stats: 200 51 67
stats: size_rcv 422280 546929
stats: size_sent 27749 35513
stats: connected 1 6
# stats: dump at 1480608629
stats: users 5 12
stats: {load,"tsung_controller@ip-172-31-6-161"} 1 0.0 0.0 0.01171875 0.0 0.005859375 2
stats: {freemem,"tsung_controller@ip-172-31-6-161"} 1 3156.6875 0.0 3162.24609375 3156.6875 3161.04296875 2
stats: {recvpackets,"tsung_controller@ip-172-31-6-161"} 1 447.0 0.0 447 179 179.0 1
stats: {sentpackets,"tsung_controller@ip-172-31-6-161"} 1 346.0 0.0 346 143 143.0 1
stats: {cpu,"tsung_controller@ip-172-31-6-161"} 1 1.5810276679841897 0.0 3.2082833612418273 1.5810276679841897 2.7371466067292882 2
stats: session 13 6061.520545372596 4680.390396460842 17717.43994140625 1203.671142578125 5371.364222935268 14
stats: users_count 12 32
stats: finish_users_count 13 27
stats: request 53 126.31925302181598 157.90981974104807 615.861083984375 7.97998046875 53.838156628964555 67
stats: connect 13 1.6216571514423077 0.35209324067280623 177.35400390625 1.15380859375 10.896908408717104 19
stats: page 53 126.31925302181598 157.90981974104807 615.861083984375 7.97998046875 53.838156628964555 67
stats: 200 53 120
stats: size_rcv 510950 1057879
stats: size_sent 29079 64592
stats: connected -1 5
# stats: dump at 1480608639
stats: users 1 12
stats: {load,"tsung_controller@ip-172-31-6-161"} 1 0.0 0.0 0.01171875 0.0 0.00390625 3
stats: {freemem,"tsung_controller@ip-172-31-6-161"} 1 3157.07421875 0.0 3162.24609375 3156.6875 3159.5911458333335 3
stats: {recvpackets,"tsung_controller@ip-172-31-6-161"} 1 462.0 0.0 462 179 313.0 2
stats: {sentpackets,"tsung_controller@ip-172-31-6-161"} 1 340.0 0.0 346 143 244.5 2
stats: {cpu,"tsung_controller@ip-172-31-6-161"} 1 1.87192118226601 0.0 3.2082833612418273 1.5810276679841897 2.3517736271475886 3
stats: session 10 5850.04365234375 2034.724061104396 17717.43994140625 1203.671142578125 5703.6617115162035 27
stats: users_count 6 38
stats: finish_users_count 10 37
stats: request 28 59.86665562220982 31.531402950737768 615.861083984375 7.97998046875 85.85064086914059 120
stats: connect 6 1.6924641927083333 0.34859655614985224 177.35400390625 1.15380859375 7.128837585449218 32
stats: page 28 59.86665562220982 31.531402950737768 615.861083984375 7.97998046875 85.85064086914059 120
stats: 200 28 148
stats: size_rcv 229577 1287456
stats: size_sent 15792 80384
stats: connected -3 2
# stats: dump at 1480608649
stats: users 8 12
stats: {load,"tsung_controller@ip-172-31-6-161"} 1 0.0 0.0 0.01171875 0.0 0.0029296875 4
stats: {freemem,"tsung_controller@ip-172-31-6-161"} 1 3159.828125 0.0 3162.24609375 3156.6875 3158.9619140625 4
stats: {recvpackets,"tsung_controller@ip-172-31-6-161"} 1 220.0 0.0 462 179 362.6666666666667 3
stats: {sentpackets,"tsung_controller@ip-172-31-6-161"} 1 156.0 0.0 346 143 276.3333333333333 3
stats: {cpu,"tsung_controller@ip-172-31-6-161"} 1 1.3820335636722607 0.0 3.2082833612418273 1.3820335636722607 2.231810515927194 4
stats: session 6 3944.3343098958335 2548.952839016342 17717.43994140625 986.406005859375 5743.224398226352 37
stats: users_count 13 51
stats: finish_users_count 6 43
stats: request 39 67.26501151842949 76.74286447300754 615.861083984375 7.344970703125 80.9347517683699 148
stats: connect 13 1.6443434495192308 0.36605267706445704 177.35400390625 1.1220703125 6.270462839226973 38
stats: page 39 67.26501151842949 76.74286447300754 615.861083984375 7.344970703125 80.9347517683699 148
stats: 200 39 187
stats: size_rcv 329441 1616897
stats: size_sent 19719 100103
stats: connected 7 9
# stats: dump at 1480608659
stats: users 6 12
stats: {load,"tsung_controller@ip-172-31-6-161"} 1 0.0 0.0 0.01171875 0.0 0.00234375 5
stats: {freemem,"tsung_controller@ip-172-31-6-161"} 1 3158.42578125 0.0 3162.24609375 3156.6875 3159.13515625 5
stats: {recvpackets,"tsung_controller@ip-172-31-6-161"} 1 386.0 0.0 462 179 327.0 4
stats: {sentpackets,"tsung_controller@ip-172-31-6-161"} 1 302.0 0.0 346 143 246.25 4
stats: {cpu,"tsung_controller@ip-172-31-6-161"} 1 1.6748768472906401 0.0 3.2082833612418273 1.3820335636722607 2.0618551254762076 5
stats: session 11 7210.222811612216 2908.6906334408923 17717.43994140625 986.406005859375 5492.216478924419 43
stats: users_count 9 60
stats: finish_users_count 11 54
stats: request 39 99.16815655048077 103.48088818956336 615.861083984375 7.344970703125 78.08384337399731 187
stats: connect 9 1.5068901909722223 0.36373426073742193 177.35400390625 1.100830078125 5.091255935968136 51
stats: page 39 99.16815655048077 103.48088818956336 615.861083984375 7.344970703125 78.08384337399731 187
stats: 200 39 226
stats: size_rcv 357222 1974119
stats: size_sent 21678 121781
stats: connected -3 6
# stats: dump at 1480608669
stats: users 3 12
stats: {load,"tsung_controller@ip-172-31-6-161"} 1 0.0 0.0 0.01171875 0.0 0.001953125 6
stats: {freemem,"tsung_controller@ip-172-31-6-161"} 1 3158.1796875 0.0 3162.24609375 3156.6875 3159.0169270833335 6
stats: {recvpackets,"tsung_controller@ip-172-31-6-161"} 1 343.0 0.0 462 179 338.8 5
stats: {sentpackets,"tsung_controller@ip-172-31-6-161"} 1 262.0 0.0 346 143 257.4 5
stats: {cpu,"tsung_controller@ip-172-31-6-161"} 1 1.5779092702169626 0.0 3.2082833612418273 1.3820335636722607 1.997358745778613 6
stats: session 10 8097.983569335937 4354.230525304583 18250.200927734375 986.406005859375 5842.18073187934 54
stats: users_count 7 67
stats: finish_users_count 10 64
stats: request 32 77.0493927001953 103.44221428788663 615.861083984375 7.344970703125 81.72228679825773 226
stats: connect 7 4.756696428571429 7.412833112145213 177.35400390625 1.100830078125 4.553601074218749 60
stats: page 32 77.0493927001953 103.44221428788663 615.861083984375 7.344970703125 81.72228679825773 226
stats: 200 32 258
stats: size_rcv 258609 2232728
stats: newphase 1 1
stats: size_sent 17978 139759
stats: connected -2 4
# stats: dump at 1480608679
stats: users 10 12
stats: {load,"tsung_controller@ip-172-31-6-161"} 1 0.0 0.0 0.01171875 0.0 0.0016741071428571428 7
stats: {freemem,"tsung_controller@ip-172-31-6-161"} 1 3159.41015625 0.0 3162.24609375 3156.6875 3158.8973214285716 7
stats: {recvpackets,"tsung_controller@ip-172-31-6-161"} 1 276.0 0.0 462 179 339.5 6
stats: {sentpackets,"tsung_controller@ip-172-31-6-161"} 1 240.0 0.0 346 143 258.1666666666667 6
stats: {cpu,"tsung_controller@ip-172-31-6-161"} 1 1.4792899408284024 0.0 3.2082833612418273 1.3820335636722607 1.9374373921269488 7
stats: session 4 6587.486755371094 2012.3906481527342 18250.200927734375 986.406005859375 6194.649925231934 64
stats: users_count 11 78
stats: finish_users_count 4 68
stats: request 35 76.42534877232147 101.85329512105507 615.861083984375 7.344970703125 81.14270303415697 258
stats: connect 11 1.5716885653409092 0.3724879784463591 177.35400390625 1.100830078125 4.5748199918376855 67
stats: page 35 76.42534877232147 101.85329512105507 615.861083984375 7.344970703125 81.14270303415697 258
stats: 200 35 293
stats: size_rcv 302311 2535039
stats: newphase 0 1
stats: size_sent 18022 157781
stats: connected 6 10
# stats: dump at 1480608689
stats: users 19 19
stats: {load,"tsung_controller@ip-172-31-6-161"} 1 0.0 0.0 0.01171875 0.0 0.00146484375 8
stats: {freemem,"tsung_controller@ip-172-31-6-161"} 1 3158.453125 0.0 3162.24609375 3156.6875 3158.96142578125 8
stats: {recvpackets,"tsung_controller@ip-172-31-6-161"} 1 301.0 0.0 462 179 330.42857142857144 7
stats: {sentpackets,"tsung_controller@ip-172-31-6-161"} 1 232.0 0.0 346 143 255.57142857142858 7
stats: {cpu,"tsung_controller@ip-172-31-6-161"} 1 1.8700787401574805 0.0 3.2082833612418273 1.3820335636722607 1.8801689607146304 8
stats: session 10 7188.49541015625 3514.0505815859074 18250.200927734375 986.406005859375 6217.757974063649 68
stats: users_count 19 97
stats: finish_users_count 10 78
stats: request 53 163.63120485701654 241.5321188810871 1161.308837890625 7.344970703125 80.57919655236773 293
stats: connect 18 1.5764024522569444 0.36732261707823716 177.35400390625 1.028076171875 4.15130145733173 78
stats: page 53 163.63120485701654 241.5321188810871 1161.308837890625 7.344970703125 80.57919655236773 293
stats: 200 53 346
stats: size_rcv 492217 3027256
stats: newphase 0 1
stats: size_sent 27966 185747
stats: connected 8 18
# stats: dump at 1480608699
stats: users 11 19
stats: {load,"tsung_controller@ip-172-31-6-161"} 1 0.0 0.0 0.01171875 0.0 0.0013020833333333333 9
stats: {freemem,"tsung_controller@ip-172-31-6-161"} 1 3157.23828125 0.0 3162.24609375 3156.6875 3158.9049479166665 9
stats: {recvpackets,"tsung_controller@ip-172-31-6-161"} 1 662.0 0.0 662 179 326.75 8
stats: {sentpackets,"tsung_controller@ip-172-31-6-161"} 1 540.0 0.0 540 143 252.625 8
stats: {cpu,"tsung_controller@ip-172-31-6-161"} 1 2.359882005899705 0.0 3.2082833612418273 1.3820335636722607 1.8790478250971694 9
stats: session 21 7001.139985584077 3588.4360432136864 18250.200927734375 986.406005859375 6342.211491511418 78
stats: users_count 13 110
stats: finish_users_count 21 99
stats: request 70 152.74369070870534 108.31534750332402 1161.308837890625 7.344970703125 93.30103597475615 346
stats: connect 14 1.6119384765625 0.38500002055530813 177.35400390625 1.028076171875 3.6685078938802076 96
stats: page 70 152.74369070870534 108.31534750332402 1161.308837890625 7.344970703125 93.30103597475615 346
stats: 200 70 416
stats: size_rcv 587471 3614727
stats: newphase 0 1
stats: size_sent 38631 224378
stats: connected -7 11
# stats: dump at 1480608709
stats: users 14 19
stats: {load,"tsung_controller@ip-172-31-6-161"} 1 0.0 0.0 0.01171875 0.0 0.001171875 10
stats: {freemem,"tsung_controller@ip-172-31-6-161"} 1 3157.0 0.0 3162.24609375 3156.6875 3158.73828125 10
stats: {recvpackets,"tsung_controller@ip-172-31-6-161"} 1 581.0 0.0 662 179 364.0 9
stats: {sentpackets,"tsung_controller@ip-172-31-6-161"} 1 471.0 0.0 540 143 284.55555555555554 9
stats: {cpu,"tsung_controller@ip-172-31-6-161"} 1 1.6798418972332017 0.0 3.2082833612418273 1.3820335636722607 1.927131243177423 10
stats: session 21 5822.772798084077 4925.4521531120745 19185.260986328125 986.406005859375 6481.984202375315 99
stats: users_count 24 134
stats: finish_users_count 21 120
stats: request 95 68.3543174342105 78.38675680555758 1161.308837890625 6.97705078125 103.30340576171875 416
stats: connect 24 1.58697509765625 0.4074371564833138 177.35400390625 1.028076171875 3.4067626953124996 110
stats: page 95 68.3543174342105 78.38675680555758 1161.308837890625 6.97705078125 103.30340576171875 416
stats: 200 95 511
stats: size_rcv 798269 4412996
stats: newphase 0 1
stats: size_sent 52461 276839
stats: connected 3 14
# stats: dump at 1480608719
stats: users 9 19
stats: {load,"tsung_controller@ip-172-31-6-161"} 1 0.0 0.0 0.01171875 0.0 0.001065340909090909 11
stats: {freemem,"tsung_controller@ip-172-31-6-161"} 1 3156.2890625 0.0 3162.24609375 3156.2890625 3158.580255681818 11
stats: {recvpackets,"tsung_controller@ip-172-31-6-161"} 1 755.0 0.0 755 179 385.7 10
stats: {sentpackets,"tsung_controller@ip-172-31-6-161"} 1 540.0 0.0 540 143 303.2 10
stats: {cpu,"tsung_controller@ip-172-31-6-161"} 1 2.561576354679803 0.0 3.2082833612418273 1.3820335636722607 1.9046503935461303 11
stats: session 21 6756.992315383184 3436.548109969817 19185.260986328125 986.406005859375 6366.622206624349 120
stats: users_count 16 150
stats: finish_users_count 21 141
stats: request 65 166.2231182391827 467.57147119818757 3786.39404296875 6.97705078125 96.80602143468688 511
stats: connect 16 1.5726776123046875 0.3752560309621607 177.35400390625 1.028076171875 3.080830588269589 134
stats: page 65 166.2231182391827 467.57147119818757 3786.39404296875 6.97705078125 96.80602143468688 511
stats: 200 65 576
stats: size_rcv 580372 4993368
stats: newphase 0 1
stats: size_sent 38310 315149
stats: connected -3 11
# stats: dump at 1480608729
stats: users 12 19
stats: {load,"tsung_controller@ip-172-31-6-161"} 1 0.0 0.0 0.01171875 0.0 9.765625e-4 12
stats: {freemem,"tsung_controller@ip-172-31-6-161"} 1 3156.86328125 0.0 3162.24609375 3156.2890625 3158.3893229166665 12
stats: {recvpackets,"tsung_controller@ip-172-31-6-161"} 1 583.0 0.0 755 179 419.27272727272725 11
stats: {sentpackets,"tsung_controller@ip-172-31-6-161"} 1 466.0 0.0 540 143 324.72727272727275 11
stats: {cpu,"tsung_controller@ip-172-31-6-161"} 1 2.1632251720747298 0.0 3.2082833612418273 1.3820335636722607 1.9593942236406032 12
stats: session 10 7271.8612060546875 3895.6178663801807 19185.260986328125 986.406005859375 6424.762435588431 141
stats: users_count 13 163
stats: finish_users_count 10 151
stats: request 52 248.60579270582917 754.6576382315296 4828.989013671875 6.97705078125 104.63954798380534 576
stats: connect 13 2.2565166766826925 2.197495677694991 177.35400390625 1.028076171875 2.9199609374999995 150
stats: page 52 248.60579270582917 754.6576382315296 4828.989013671875 6.97705078125 104.63954798380534 576
stats: 200 52 628
stats: size_rcv 467146 5460514
stats: newphase 1 2
stats: size_sent 25740 340889
stats: connected 1 12
# stats: dump at 1480608739
stats: users 10 19
stats: {load,"tsung_controller@ip-172-31-6-161"} 1 0.0 0.0 0.01171875 0.0 9.014423076923077e-4 13
stats: {freemem,"tsung_controller@ip-172-31-6-161"} 1 3156.79296875 0.0 3162.24609375 3156.2890625 3158.271935096154 13
stats: {recvpackets,"tsung_controller@ip-172-31-6-161"} 1 488.0 0.0 755 179 432.9166666666667 12
stats: {sentpackets,"tsung_controller@ip-172-31-6-161"} 1 393.0 0.0 540 143 336.5 12
stats: {cpu,"tsung_controller@ip-172-31-6-161"} 1 1.4866204162537164 0.0 3.2082833612418273 1.3820335636722607 1.9750735273663051 13
stats: session 20 5764.315185546875 2778.0232590475916 19185.260986328125 986.406005859375 6480.8616919107 151
stats: users_count 18 181
stats: finish_users_count 20 171
stats: request 76 73.26016717208061 70.03437873516832 4828.989013671875 6.97705078125 116.56031983976911 628
stats: connect 18 1.5577935112847223 0.412094170614262 177.35400390625 0.9501953125 2.8670482050421775 163
stats: page 76 73.26016717208061 70.03437873516832 4828.989013671875 6.97705078125 116.56031983976911 628
stats: 200 76 704
stats: size_rcv 642158 6102672
stats: newphase 0 2
stats: size_sent 41352 382241
stats: connected -2 10
# stats: dump at 1480608749
stats: users 12 19
stats: {load,"tsung_controller@ip-172-31-6-161"} 1 0.0 0.0 0.01171875 0.0 8.370535714285714e-4 14
stats: {freemem,"tsung_controller@ip-172-31-6-161"} 1 3156.79296875 0.0 3162.24609375 3156.2890625 3158.1662946428573 14
stats: {recvpackets,"tsung_controller@ip-172-31-6-161"} 1 658.0 0.0 755 179 437.15384615384613 13
stats: {sentpackets,"tsung_controller@ip-172-31-6-161"} 1 541.0 0.0 541 143 340.84615384615387 13
stats: {cpu,"tsung_controller@ip-172-31-6-161"} 1 1.9723865877712032 0.0 3.2082833612418273 1.3820335636722607 1.9401840194296918 14
stats: session 14 6500.28125 3048.8290882946753 19185.260986328125 986.406005859375 6397.055082979258 171
stats: users_count 16 197
stats: finish_users_count 14 185
stats: request 63 71.37632145957342 62.38192174314256 4828.989013671875 6.97705078125 111.88587154041637 704
stats: connect 16 1.7700042724609375 0.4445390465020003 177.35400390625 0.9501953125 2.736846080801105 181
stats: page 63 71.37632145957342 62.38192174314256 4828.989013671875 6.97705078125 111.88587154041637 704
stats: 200 63 767
stats: size_rcv 525477 6628149
stats: newphase 0 2
stats: size_sent 34972 417213
stats: connected 2 12
# stats: dump at 1480608759
stats: users 7 19
stats: {load,"tsung_controller@ip-172-31-6-161"} 1 0.0 0.0 0.01171875 0.0 7.8125e-4 15
stats: {freemem,"tsung_controller@ip-172-31-6-161"} 1 3156.68359375 0.0 3162.24609375 3156.2890625 3158.074739583333 15
stats: {recvpackets,"tsung_controller@ip-172-31-6-161"} 1 606.0 0.0 755 179 452.92857142857144 14
stats: {sentpackets,"tsung_controller@ip-172-31-6-161"} 1 495.0 0.0 541 143 355.14285714285717 14
stats: {cpu,"tsung_controller@ip-172-31-6-161"} 1 1.8756169792694966 0.0 3.2082833612418273 1.3820335636722607 1.9423308573191258 15
stats: session 20 6117.127490234375 2531.7586137146563 19185.260986328125 986.406005859375 6404.866792915963 185
stats: users_count 15 212
stats: finish_users_count 20 205
stats: request 68 140.64536061006433 386.2450167473781 4828.989013671875 6.97705078125 108.55848998227673 767
stats: connect 15 1.6538248697916667 0.37434132762263556 177.35400390625 0.9501953125 2.6583208577887056 197
stats: page 68 140.64536061006433 386.2450167473781 4828.989013671875 6.97705078125 108.55848998227673 767
stats: 200 68 835
stats: size_rcv 626054 7254203
stats: newphase 0 2
stats: size_sent 38134 455347
stats: connected -5 7
# stats: dump at 1480608769
stats: users 6 19
stats: {load,"tsung_controller@ip-172-31-6-161"} 1 0.0 0.0 0.01171875 0.0 7.32421875e-4 16
stats: {freemem,"tsung_controller@ip-172-31-6-161"} 1 3155.84375 0.0 3162.24609375 3155.84375 3157.98779296875 16
stats: {recvpackets,"tsung_controller@ip-172-31-6-161"} 1 579.0 0.0 755 179 463.1333333333333 15
stats: {sentpackets,"tsung_controller@ip-172-31-6-161"} 1 463.0 0.0 541 143 364.46666666666664 15
stats: {cpu,"tsung_controller@ip-172-31-6-161"} 1 1.968503937007874 0.0 3.2082833612418273 1.3820335636722607 1.938161239941024 16
stats: session 14 6177.738071986607 2817.918626721834 19185.260986328125 986.406005859375 6376.794665825077 205
stats: users_count 13 225
stats: finish_users_count 14 219
stats: request 55 132.42018821022722 423.9849567466512 4828.989013671875 6.97705078125 111.17155250046781 835
stats: connect 13 1.5642841045673077 0.3666284602128242 177.35400390625 0.9501953125 2.5872480284492925 212
stats: page 55 132.42018821022722 423.9849567466512 4828.989013671875 6.97705078125 111.17155250046781 835
stats: 200 55 890
stats: size_rcv 481974 7736177
stats: newphase 0 2
stats: size_sent 29753 485100
stats: connected -1 6
# stats: dump at 1480608779
stats: users 6 19
stats: {load,"tsung_controller@ip-172-31-6-161"} 1 0.0 0.0 0.01171875 0.0 6.893382352941177e-4 17
stats: {freemem,"tsung_controller@ip-172-31-6-161"} 1 3156.71484375 0.0 3162.24609375 3155.84375 3157.8616727941176 17
stats: {recvpackets,"tsung_controller@ip-172-31-6-161"} 1 420.0 0.0 755 179 470.375 16
stats: {sentpackets,"tsung_controller@ip-172-31-6-161"} 1 332.0 0.0 541 143 370.625 16
stats: {cpu,"tsung_controller@ip-172-31-6-161"} 1 1.5810276679841897 0.0 3.2082833612418273 1.3820335636722607 1.939946104474368 17
stats: session 10 4575.724072265625 2846.1428667972823 19185.260986328125 986.406005859375 6364.069586766909 219
stats: users_count 10 235
stats: finish_users_count 10 229
stats: request 39 73.08174954927884 86.86505969153222 4828.989013671875 6.97705078125 112.48467043758778 890
stats: connect 10 1.5654541015625 0.4200566764749121 177.35400390625 0.9501953125 2.5281434461805556 225
stats: page 39 73.08174954927884 86.86505969153222 4828.989013671875 6.97705078125 112.48467043758778 890
stats: 200 39 929
stats: size_rcv 343184 8079361
stats: newphase 0 2
stats: size_sent 21188 506288
stats: connected 0 6
# stats: dump at 1480608789
stats: users 20 20
stats: {load,"tsung_controller@ip-172-31-6-161"} 1 0.0 0.0 0.01171875 0.0 6.510416666666666e-4 18
stats: {freemem,"tsung_controller@ip-172-31-6-161"} 1 3156.93359375 0.0 3162.24609375 3155.84375 3157.7979600694443 18
stats: {recvpackets,"tsung_controller@ip-172-31-6-161"} 1 431.0 0.0 755 179 467.4117647058824 17
stats: {sentpackets,"tsung_controller@ip-172-31-6-161"} 1 333.0 0.0 541 143 368.3529411764706 17
stats: {cpu,"tsung_controller@ip-172-31-6-161"} 1 1.483679525222552 0.0 3.2082833612418273 1.3820335636722607 1.9200061913360247 18
stats: session 12 6389.123555501302 2708.7480452095156 19185.260986328125 986.406005859375 6285.975896177333 229
stats: users_count 26 261
stats: finish_users_count 12 241
stats: request 69 64.71338598278986 74.66988334341207 4828.989013671875 6.97705078125 110.83051121837998 929
stats: connect 25 2.738642578125 5.137152024766251 177.35400390625 0.9501953125 2.4871779421542555 235
stats: page 69 64.71338598278986 74.66988334341207 4828.989013671875 6.97705078125 110.83051121837998 929
stats: 200 69 998
stats: size_rcv 557028 8636389
stats: newphase 1 3
stats: size_sent 37252 543540
stats: connected 13 19
# stats: dump at 1480608799
stats: users 23 31
stats: {load,"tsung_controller@ip-172-31-6-161"} 1 0.078125 0.0 0.078125 0.0 6.167763157894736e-4 19
stats: {freemem,"tsung_controller@ip-172-31-6-161"} 1 3154.51171875 0.0 3162.24609375 3154.51171875 3157.7524671052633 19
stats: {recvpackets,"tsung_controller@ip-172-31-6-161"} 1 860.0 0.0 860 179 465.3888888888889 18
stats: {sentpackets,"tsung_controller@ip-172-31-6-161"} 1 678.0 0.0 678 143 366.3888888888889 18
stats: {cpu,"tsung_controller@ip-172-31-6-161"} 1 2.4679170779861797 0.0 3.2082833612418273 1.3820335636722607 1.8970416299616317 19
stats: session 39 5800.8867750901445 2877.435246025825 19185.260986328125 986.406005859375 6291.1118792142115 241
stats: users_count 42 303
stats: finish_users_count 39 280
stats: request 167 93.15861831025452 92.79585332564695 4828.989013671875 6.67578125 107.64205266000752 998
stats: connect 43 1.7950354287790697 1.223555289367913 177.35400390625 0.9501953125 2.511357234074519 260
stats: page 167 93.15861831025452 92.79585332564695 4828.989013671875 6.67578125 107.64205266000752 998
stats: 200 167 1165
stats: size_rcv 1383919 10020308
stats: newphase 0 3
stats: size_sent 87305 630845
stats: connected 4 23
# stats: dump at 1480608809
stats: users 46 48
stats: {load,"tsung_controller@ip-172-31-6-161"} 1 0.0703125 0.0 0.078125 0.0 0.0044921875 20
stats: {freemem,"tsung_controller@ip-172-31-6-161"} 1 3151.85546875 0.0 3162.24609375 3151.85546875 3157.5904296875 20
stats: {recvpackets,"tsung_controller@ip-172-31-6-161"} 1 1385.0 0.0 1385 179 486.1578947368421 19
stats: {sentpackets,"tsung_controller@ip-172-31-6-161"} 1 1133.0 0.0 1133 143 382.7894736842105 19
stats: {cpu,"tsung_controller@ip-172-31-6-161"} 1 3.4482758620689653 0.0 3.4482758620689653 1.3820335636722607 1.925585402362859 20
stats: session 36 6270.677619086371 2979.18459767297 19185.260986328125 986.406005859375 6222.830525425502 280
stats: users_count 59 362
stats: finish_users_count 36 316
stats: request 184 204.07665484884518 319.0327193637862 4828.989013671875 6.67578125 105.56588653433477 1165
stats: connect 59 1.6602596994173728 0.477800441289566 177.35400390625 0.9501953125 2.4097010042801155 303
stats: page 184 204.07665484884518 319.0327193637862 4828.989013671875 6.67578125 105.56588653433477 1165
stats: 200 184 1349
stats: size_rcv 1553124 11573432
stats: newphase 0 3
stats: size_sent 102197 733042
stats: connected 23 46
# stats: dump at 1480608819
stats: users 39 53
stats: {load,"tsung_controller@ip-172-31-6-161"} 1 0.05859375 0.0 0.078125 0.0 0.007626488095238095 21
stats: {freemem,"tsung_controller@ip-172-31-6-161"} 1 3149.0546875 0.0 3162.24609375 3149.0546875 3157.317336309524 21
stats: {recvpackets,"tsung_controller@ip-172-31-6-161"} 1 1703.0 0.0 1703 179 531.1 20
stats: {sentpackets,"tsung_controller@ip-172-31-6-161"} 1 1374.0 0.0 1374 143 420.3 20
stats: {cpu,"tsung_controller@ip-172-31-6-161"} 1 4.3095004897159646 0.0 4.3095004897159646 1.3820335636722607 1.9980944718726736 21
stats: session 44 9580.26672918146 3531.920936239703 19185.260986328125 986.406005859375 6228.281460146361 316
stats: users_count 37 399
stats: finish_users_count 44 360
stats: request 151 1211.180405370448 1142.4772221558012 7218.053955078125 6.67578125 119.00249244231838 1349
stats: connect 37 1.895943306587838 1.3708232562416485 177.35400390625 0.91796875 2.287554493266575 362
stats: page 151 1211.180405370448 1142.4772221558012 7218.053955078125 6.67578125 119.00249244231838 1349
stats: 200 151 1500
stats: size_rcv 1323990 12897422
stats: newphase 0 3
stats: size_sent 92907 825949
stats: connected -7 39
# stats: dump at 1480608829
stats: users 34 53
stats: {load,"tsung_controller@ip-172-31-6-161"} 1 0.05078125 0.0 0.078125 0.0 0.009943181818181818 22
stats: {freemem,"tsung_controller@ip-172-31-6-161"} 1 3147.734375 0.0 3162.24609375 3147.734375 3156.9417613636365 22
stats: {recvpackets,"tsung_controller@ip-172-31-6-161"} 1 1543.0 0.0 1703 179 586.9047619047619 21
stats: {sentpackets,"tsung_controller@ip-172-31-6-161"} 1 1254.0 0.0 1374 143 465.7142857142857 21
stats: {cpu,"tsung_controller@ip-172-31-6-161"} 1 2.876984126984127 0.0 4.3095004897159646 1.3820335636722607 2.1031583817746413 22
stats: session 42 10065.65222749256 4937.007312979629 25024.631103515625 986.406005859375 6637.968548583985 360
stats: users_count 37 436
stats: finish_users_count 42 402
stats: request 170 1082.7576674517456 1900.4235578753046 17919.153076171875 6.67578125 228.94840234375008 1500
stats: connect 37 1.7406962626689189 0.593972268382875 177.35400390625 0.91796875 2.2512396714442358 399
stats: page 170 1082.7576674517456 1900.4235578753046 17919.153076171875 6.67578125 228.94840234375008 1500
stats: 200 170 1670
stats: size_rcv 1512140 14409562
stats: newphase 0 3
stats: size_sent 85552 911501
stats: connected -5 34
# stats: dump at 1480608839
stats: users 22 53
stats: {load,"tsung_controller@ip-172-31-6-161"} 1 0.0390625 0.0 0.078125 0.0 0.01171875 23
stats: {freemem,"tsung_controller@ip-172-31-6-161"} 1 3148.43359375 0.0 3162.24609375 3147.734375 3156.5414402173915 23
stats: {recvpackets,"tsung_controller@ip-172-31-6-161"} 1 1435.0 0.0 1703 179 630.3636363636364 22
stats: {sentpackets,"tsung_controller@ip-172-31-6-161"} 1 1156.0 0.0 1374 143 501.54545454545456 22
stats: {cpu,"tsung_controller@ip-172-31-6-161"} 1 3.5398230088495577 0.0 4.3095004897159646 1.3820335636722607 2.136802979392445 23
stats: session 41 8466.828059498857 4964.565148505709 28228.35205078125 986.406005859375 6996.084753843089 402
stats: users_count 29 465
stats: finish_users_count 41 443
stats: request 138 788.8369211390399 2547.7628293571815 22582.47705078125 6.67578125 315.863117953546 1670
stats: connect 28 1.6787283761160714 0.5117615831749092 177.35400390625 0.91796875 2.207913739965597 436
stats: page 138 788.8369211390399 2547.7628293571815 22582.47705078125 6.67578125 315.863117953546 1670
stats: 200 138 1808
stats: size_rcv 1257237 15666799
stats: newphase 0 3
stats: size_sent 75242 986743
stats: connected -11 23
# stats: dump at 1480608849
stats: users 44 53
stats: {load,"tsung_controller@ip-172-31-6-161"} 1 0.0390625 0.0 0.078125 0.0 0.012858072916666666 24
stats: {freemem,"tsung_controller@ip-172-31-6-161"} 1 3152.57421875 0.0 3162.24609375 3147.734375 3156.20361328125 24
stats: {recvpackets,"tsung_controller@ip-172-31-6-161"} 1 1472.0 0.0 1703 179 665.3478260869565 23
stats: {sentpackets,"tsung_controller@ip-172-31-6-161"} 1 1118.0 0.0 1374 143 530.0 23
stats: {cpu,"tsung_controller@ip-172-31-6-161"} 1 3.2544378698224854 0.0 4.3095004897159646 1.3820335636722607 2.1952621472864915 24
stats: session 36 7986.464823404945 6828.01390017512 38567.943115234375 986.406005859375 7132.203208768341 443
stats: users_count 58 523
stats: finish_users_count 36 479
stats: request 192 252.34423065185547 1058.3717187838527 22582.47705078125 6.67578125 351.9639945241202 1808
stats: connect 56 2.4362139020647318 3.5868752261437127 177.35400390625 0.91796875 2.1759801404229533 464
stats: page 192 252.34423065185547 1058.3717187838527 22582.47705078125 6.67578125 351.9639945241202 1808
stats: 200 192 2000
stats: size_rcv 1671652 17338451
stats: newphase 1 4
stats: size_sent 99656 1086399
stats: connected 20 43
# stats: dump at 1480608859
stats: users 48 56
stats: {load,"tsung_controller@ip-172-31-6-161"} 1 0.03125 0.0 0.078125 0.0 0.01390625 25
stats: {freemem,"tsung_controller@ip-172-31-6-161"} 1 3148.5625 0.0 3162.24609375 3147.734375 3156.0584375 25
stats: {recvpackets,"tsung_controller@ip-172-31-6-161"} 1 1977.0 0.0 1977 179 698.9583333333334 24
stats: {sentpackets,"tsung_controller@ip-172-31-6-161"} 1 1598.0 0.0 1598 143 554.5 24
stats: {cpu,"tsung_controller@ip-172-31-6-161"} 1 4.150197628458498 0.0 4.3095004897159646 1.3820335636722607 2.237629176187931 25
stats: session 64 6738.1281814575195 2871.7484181636833 38567.943115234375 986.406005859375 7196.406586903869 479
stats: users_count 68 591
stats: finish_users_count 64 543
stats: request 257 363.6334166767996 438.3310761910743 22582.47705078125 6.67578125 342.40049719238283 2000
stats: connect 68 1.5810080135569853 0.5556240554542203 177.35400390625 0.91796875 2.2040053147536063 520
stats: page 257 363.6334166767996 438.3310761910743 22582.47705078125 6.67578125 342.40049719238283 2000
stats: 200 257 2257
stats: size_rcv 2141049 19479500
stats: newphase 0 4
stats: size_sent 145283 1231682
stats: connected 5 48
# stats: dump at 1480608869
stats: users 49 56
stats: {load,"tsung_controller@ip-172-31-6-161"} 1 0.109375 0.0 0.109375 0.0 0.014573317307692308 26
stats: {freemem,"tsung_controller@ip-172-31-6-161"} 1 3148.546875 0.0 3162.24609375 3147.734375 3155.7701322115386 26
stats: {recvpackets,"tsung_controller@ip-172-31-6-161"} 1 2137.0 0.0 2137 179 750.08 25
stats: {sentpackets,"tsung_controller@ip-172-31-6-161"} 1 1822.0 0.0 1822 143 596.24 25
stats: {cpu,"tsung_controller@ip-172-31-6-161"} 1 4.724409448818897 0.0 4.724409448818897 1.3820335636722607 2.3111895012752606 26
stats: session 53 8510.135336821939 3776.604937531176 38567.943115234375 986.406005859375 7142.392189208535 543
stats: users_count 54 645
stats: finish_users_count 53 596
stats: request 192 1009.303581237793 1543.3030015344889 22582.47705078125 6.67578125 344.8182465532579 2257
stats: connect 54 1.6483561197916667 0.494172852584493 177.35400390625 0.91796875 2.1319580078125004 588
stats: page 192 1009.303581237793 1543.3030015344889 22582.47705078125 6.67578125 344.8182465532579 2257
stats: 200 192 2449
stats: size_rcv 1695166 21174666
stats: newphase 0 4
stats: size_sent 108658 1340340
stats: connected -1 47
# stats: dump at 1480608879
stats: users 71 72
stats: {load,"tsung_controller@ip-172-31-6-161"} 1 0.08984375 0.0 0.109375 0.0 0.01808449074074074 27
stats: {freemem,"tsung_controller@ip-172-31-6-161"} 1 3147.68359375 0.0 3162.24609375 3147.68359375 3155.5026041666665 27
stats: {recvpackets,"tsung_controller@ip-172-31-6-161"} 1 1758.0 0.0 2137 179 803.4230769230769 26
stats: {sentpackets,"tsung_controller@ip-172-31-6-161"} 1 1478.0 0.0 1822 143 643.3846153846154 26
stats: {cpu,"tsung_controller@ip-172-31-6-161"} 1 3.663366336633663 0.0 4.724409448818897 1.3820335636722607 2.400568017850951 27
stats: session 39 9000.972412109375 4903.015325391586 38567.943115234375 986.406005859375 7264.020355019793 596
stats: users_count 61 706
stats: finish_users_count 39 635
stats: request 199 1432.9136870877833 1624.307921386469 22582.47705078125 6.67578125 396.91346266572447 2449
stats: connect 63 1.8089076450892858 1.3175761732061173 177.35400390625 0.91796875 2.091281213492991 642
stats: page 199 1432.9136870877833 1624.307921386469 22582.47705078125 6.67578125 396.91346266572447 2449
stats: 200 201 2650
stats: size_rcv 1655526 22830192
stats: newphase 0 4
stats: size_sent 112283 1452623
stats: connected 24 71
# stats: dump at 1480608889
stats: users 75 84
stats: {load,"tsung_controller@ip-172-31-6-161"} 1 0.078125 0.0 0.109375 0.0 0.020647321428571428 28
stats: {freemem,"tsung_controller@ip-172-31-6-161"} 1 3146.3515625 0.0 3162.24609375 3146.3515625 3155.2233537946427 28
stats: {recvpackets,"tsung_controller@ip-172-31-6-161"} 1 2027.0 0.0 2137 179 838.7777777777778 27
stats: {sentpackets,"tsung_controller@ip-172-31-6-161"} 1 1761.0 0.0 1822 143 674.2962962962963 27
stats: {cpu,"tsung_controller@ip-172-31-6-161"} 1 4.0594059405940595 0.0 4.724409448818897 1.3820335636722607 2.4456679578074763 28
stats: session 55 11367.615256569603 6566.058509174783 38567.943115234375 986.406005859375 7370.699300258366 635
stats: users_count 59 765
stats: finish_users_count 55 690
stats: request 255 1698.765687231924 2557.8679706981297 22582.47705078125 6.67578125 474.76997499955746 2648
stats: connect 60 1.49786376953125 0.4106078543898639 177.35400390625 0.91796875 2.0660478307845747 705
stats: page 255 1698.765687231924 2557.8679706981297 22582.47705078125 6.67578125 474.76997499955746 2648
stats: 200 253 2903
stats: size_rcv 2146749 24976941
stats: newphase 0 4
stats: size_sent 133156 1585779
stats: connected 6 77
# stats: dump at 1480608899
stats: users 57 84
stats: {load,"tsung_controller@ip-172-31-6-161"} 1 0.05859375 0.0 0.109375 0.0 0.022629310344827586 29
stats: {freemem,"tsung_controller@ip-172-31-6-161"} 1 3143.67578125 0.0 3162.24609375 3143.67578125 3154.9174299568967 29
stats: {recvpackets,"tsung_controller@ip-172-31-6-161"} 1 2285.0 0.0 2285 179 881.2142857142857 28
stats: {sentpackets,"tsung_controller@ip-172-31-6-161"} 1 1924.0 0.0 1924 143 713.1071428571429 28
stats: {cpu,"tsung_controller@ip-172-31-6-161"} 1 4.4422507403751235 0.0 4.724409448818897 1.3820335636722607 2.5013140951449446 29
stats: session 67 13948.439864884562 6818.760117043842 38567.943115234375 986.406005859375 7689.294050399117 690
stats: users_count 49 814
stats: finish_users_count 67 757
stats: request 227 1429.9653126720812 1211.3589572599126 22582.47705078125 6.67578125 582.2859607450805 2903
stats: connect 47 1.5813715508643618 0.41389430036727365 177.35400390625 0.91796875 2.0214843750000004 765
stats: page 227 1429.9653126720812 1211.3589572599126 22582.47705078125 6.67578125 582.2859607450805 2903
stats: 200 227 3130
stats: size_rcv 1927242 26904183
stats: newphase 0 4
stats: size_sent 122126 1707905
stats: connected -20 57
# stats: dump at 1480608909
stats: users 98 98
stats: {load,"tsung_controller@ip-172-31-6-161"} 1 0.05078125 0.0 0.109375 0.0 0.023828125 30
stats: {freemem,"tsung_controller@ip-172-31-6-161"} 1 3143.42578125 0.0 3162.24609375 3143.42578125 3154.5427083333334 30
stats: {recvpackets,"tsung_controller@ip-172-31-6-161"} 1 1701.0 0.0 2285 179 929.6206896551724 29
stats: {sentpackets,"tsung_controller@ip-172-31-6-161"} 1 1440.0 0.0 1924 143 754.8620689655172 29
stats: {cpu,"tsung_controller@ip-172-31-6-161"} 1 3.751233958538993 0.0 4.724409448818897 1.3820335636722607 2.5660119833192843 30
stats: session 40 12441.784869384766 4055.8787673026227 38567.943115234375 986.406005859375 8243.273930941421 757
stats: users_count 81 895
stats: finish_users_count 40 797
stats: request 184 1803.4663935122283 1506.3632827673443 22582.47705078125 6.67578125 643.7630255653454 3130
stats: connect 78 2.2066399989983974 2.6498319774267736 177.35400390625 0.91796875 1.9960098642433808 812
stats: page 184 1803.4663935122283 1506.3632827673443 22582.47705078125 6.67578125 643.7630255653454 3130
stats: 200 184 3314
stats: size_rcv 1519552 28423735
stats: newphase 1 5
stats: size_sent 109615 1817520
stats: connected 38 95
# stats: dump at 1480608919
stats: users 160 160
stats: {load,"tsung_controller@ip-172-31-6-161"} 1 0.05078125 0.0 0.109375 0.0 0.02469758064516129 31
stats: {freemem,"tsung_controller@ip-172-31-6-161"} 1 3141.20703125 0.0 3162.24609375 3141.20703125 3154.184097782258 31
stats: {recvpackets,"tsung_controller@ip-172-31-6-161"} 1 2373.0 0.0 2373 179 955.3333333333334 30
stats: {sentpackets,"tsung_controller@ip-172-31-6-161"} 1 2025.0 0.0 2025 143 777.7 30
stats: {cpu,"tsung_controller@ip-172-31-6-161"} 1 5.242334322453017 0.0 5.242334322453017 1.3820335636722607 2.6042449502618554 31
stats: session 48 13486.327229817709 4039.249810924712 38567.943115234375 986.406005859375 8453.989661854512 797
stats: users_count 110 1005
stats: finish_users_count 48 845
stats: request 316 1954.347293902047 1416.3823285448702 22582.47705078125 6.67578125 708.1521081550336 3314
stats: connect 112 1.690704345703125 1.1659863225377294 177.35400390625 0.912109375 2.0144695839185394 890
stats: page 316 1954.347293902047 1416.3823285448702 22582.47705078125 6.67578125 708.1521081550336 3314
stats: 200 316 3630
stats: size_rcv 2561204 30984939
stats: newphase 0 5
stats: size_sent 195307 2012827
stats: connected 65 160
# stats: dump at 1480608929
stats: users 192 192
stats: {load,"tsung_controller@ip-172-31-6-161"} 1 0.0390625 0.0 0.109375 0.0 0.0255126953125 32
stats: {freemem,"tsung_controller@ip-172-31-6-161"} 1 3135.91796875 0.0 3162.24609375 3135.91796875 3153.778564453125 32
stats: {recvpackets,"tsung_controller@ip-172-31-6-161"} 1 2722.0 0.0 2722 179 1001.0645161290323 31
stats: {sentpackets,"tsung_controller@ip-172-31-6-161"} 1 2383.0 0.0 2383 143 817.9354838709677 31
stats: {cpu,"tsung_controller@ip-172-31-6-161"} 1 6.280667320902846 0.0 6.280667320902846 1.3820335636722607 2.686685243142829 32
stats: session 62 17461.714938256053 5154.621723931755 38567.943115234375 986.406005859375 8739.850257431119 845
stats: users_count 94 1099
stats: finish_users_count 62 907
stats: request 272 4231.574851540958 1686.505963963461 22582.47705078125 6.67578125 816.6363171622116 3630
stats: connect 95 1.6004368832236846 0.9299476501119799 177.35400390625 0.902099609375 1.978280255894461 1002
stats: page 272 4231.574851540958 1686.505963963461 22582.47705078125 6.67578125 816.6363171622116 3630
stats: 200 272 3902
stats: size_rcv 2261870 33246809
stats: newphase 0 5
stats: size_sent 164833 2177660
stats: connected 31 191
# stats: dump at 1480608939
stats: users 251 251
stats: {load,"tsung_controller@ip-172-31-6-161"} 1 0.03125 0.0 0.109375 0.0 0.025923295454545456 33
stats: {freemem,"tsung_controller@ip-172-31-6-161"} 1 3131.92578125 0.0 3162.24609375 3131.92578125 3153.237334280303 33
stats: {recvpackets,"tsung_controller@ip-172-31-6-161"} 1 2255.0 0.0 2722 179 1054.84375 32
stats: {sentpackets,"tsung_controller@ip-172-31-6-161"} 1 1968.0 0.0 2383 143 866.84375 32
stats: {cpu,"tsung_controller@ip-172-31-6-161"} 1 5.50098231827112 0.0 6.280667320902846 1.3820335636722607 2.7955937909537387 33
stats: session 45 21775.73965386285 3503.9283804925326 38567.943115234375 986.406005859375 9336.052694268104 907
stats: users_count 104 1203
stats: finish_users_count 45 952
stats: request 231 6068.477084601596 1573.722976139703 22582.47705078125 2.240966796875 1054.684313407988 3902
stats: connect 103 1.5331817923240294 0.40276505416177205 177.35400390625 0.871826171875 1.9455590887078396 1097
stats: page 231 6068.477084601596 1573.722976139703 22582.47705078125 2.240966796875 1054.684313407988 3902
stats: 200 223 4125
stats: size_rcv 1828769 35075578
stats: newphase 0 5
stats: size_sent 133493 2311153
stats: connected 57 248
stats: 503 8 8
# stats: dump at 1480608949
stats: users 269 272
stats: {load,"tsung_controller@ip-172-31-6-161"} 1 0.03125 0.0 0.109375 0.0 0.02607996323529412 34
stats: {freemem,"tsung_controller@ip-172-31-6-161"} 1 3127.484375 0.0 3162.24609375 3127.484375 3152.610523897059 34
stats: {recvpackets,"tsung_controller@ip-172-31-6-161"} 1 2373.0 0.0 2722 179 1091.2121212121212 33
stats: {sentpackets,"tsung_controller@ip-172-31-6-161"} 1 2.1e3 0.0 2383 143 900.2121212121212 33
stats: {cpu,"tsung_controller@ip-172-31-6-161"} 1 5.138339920948617 0.0 6.280667320902846 1.3820335636722607 2.8751640417571913 34
stats: session 76 25185.052442048724 4034.0781802879255 38567.943115234375 986.406005859375 9924.063107274158 952
stats: users_count 94 1297
stats: finish_users_count 76 1028
stats: request 367 5715.205851791333 3605.674854928118 26779.080810546875 1.461181640625 1334.9132343239626 4133
stats: connect 93 1.547142767137096 0.3729636421582559 177.35400390625 0.871826171875 1.910163370768229 1200
stats: page 367 5715.205851791333 3605.674854928118 26779.080810546875 1.461181640625 1334.9132343239626 4133
stats: 200 282 4407
stats: size_rcv 2397244 37472822
stats: newphase 0 5
stats: size_sent 203378 2514531
stats: connected 21 269
stats: 503 86 94
# stats: dump at 1480608959
stats: users 279 286
stats: {load,"tsung_controller@ip-172-31-6-161"} 1 0.01953125 0.0 0.109375 0.0 0.026227678571428572 35
stats: {freemem,"tsung_controller@ip-172-31-6-161"} 1 3122.9453125 0.0 3162.24609375 3122.9453125 3151.8926339285713 35
stats: {recvpackets,"tsung_controller@ip-172-31-6-161"} 1 3034.0 0.0 3034 179 1128.9117647058824 34
stats: {sentpackets,"tsung_controller@ip-172-31-6-161"} 1 2719.0 0.0 2719 143 935.5 34
stats: {cpu,"tsung_controller@ip-172-31-6-161"} 1 7.051909892262488 0.0 7.051909892262488 1.3820335636722607 2.9398262097340893 35
stats: session 97 26353.285173868397 7263.0829859476435 42861.73681640625 986.406005859375 11052.307454981226 1028
stats: users_count 107 1404
stats: finish_users_count 97 1125
stats: request 454 4522.516194482204 3580.4958006444435 26779.080810546875 1.22705078125 1692.1504322374126 4500
stats: connect 111 1.5199645446227477 0.5950636132838909 177.35400390625 0.871826171875 1.8840528401126257 1293
stats: page 454 4522.516194482204 3580.4958006444435 26779.080810546875 1.22705078125 1692.1504322374126 4500
stats: 200 280 4687
stats: size_rcv 2460685 39933507
stats: newphase 0 5
stats: size_sent 228025 2742556
stats: connected 12 281
stats: 503 173 267
# stats: dump at 1480608969
stats: users 310 312
stats: {load,"tsung_controller@ip-172-31-6-161"} 1 0.01953125 0.0 0.109375 0.0 0.026041666666666668 36
stats: {freemem,"tsung_controller@ip-172-31-6-161"} 1 3121.453125 0.0 3162.24609375 3121.453125 3151.0885416666665 36
stats: {recvpackets,"tsung_controller@ip-172-31-6-161"} 1 2825.0 0.0 3034 179 1183.3428571428572 35
stats: {sentpackets,"tsung_controller@ip-172-31-6-161"} 1 2558.0 0.0 2719 143 986.4571428571429 35
stats: {cpu,"tsung_controller@ip-172-31-6-161"} 1 6.575073601570167 0.0 7.051909892262488 1.3820335636722607 3.054050756470989 36
stats: session 109 26033.860277648357 8392.051827213005 45295.452880859375 771.87109375 12371.591756076386 1125
stats: users_count 140 1544
stats: finish_users_count 109 1234
stats: request 456 4583.454995673991 3833.8108273235584 26779.080810546875 1.22705078125 1951.5339720151953 4954
stats: connect 135 2.202810329861111 2.6751148667083893 177.35400390625 0.871826171875 1.8552680817085114 1404
stats: page 456 4583.454995673991 3833.8108273235584 26779.080810546875 1.22705078125 1951.5339720151953 4954
stats: 200 273 4960
stats: size_rcv 2430077 42363584
stats: newphase 1 6
stats: size_sent 219532 2962088
stats: connected 28 309
stats: 503 183 450
# stats: dump at 1480608979
stats: users 297 316
stats: {load,"tsung_controller@ip-172-31-6-161"} 1 0.01953125 0.0 0.109375 0.0 0.02586570945945946 37
stats: {freemem,"tsung_controller@ip-172-31-6-161"} 1 3121.02734375 0.0 3162.24609375 3121.02734375 3150.2875844594596 37
stats: {recvpackets,"tsung_controller@ip-172-31-6-161"} 1 2979.0 0.0 3034 179 1228.9444444444443 36
stats: {sentpackets,"tsung_controller@ip-172-31-6-161"} 1 2980.0 0.0 2980 143 1030.111111111111 36
stats: {cpu,"tsung_controller@ip-172-31-6-161"} 1 9.311348205625606 0.0 9.311348205625606 1.3820335636722607 3.149213536068264 37
stats: session 170 21411.22169979321 10634.973024867142 57083.4580078125 771.87109375 13578.388570380555 1234
stats: users_count 157 1701
stats: finish_users_count 170 1404
stats: request 664 3081.4631189553124 4453.886354048079 26779.080810546875 1.22705078125 2173.374265321741 5410
stats: connect 159 1.6110409910573906 0.8229851649191994 177.35400390625 0.871826171875 1.8857542438271604 1539
stats: page 664 3081.4631189553124 4453.886354048079 26779.080810546875 1.22705078125 2173.374265321741 5410
stats: 200 219 5179
stats: size_rcv 2157624 44521208
stats: newphase 0 6
stats: size_sent 299445 3261533
stats: connected -14 295
stats: 503 445 895
# stats: dump at 1480608989
stats: users 306 319
stats: {load,"tsung_controller@ip-172-31-6-161"} 1 0.01171875 0.0 0.109375 0.0 0.025699013157894735 38
stats: {freemem,"tsung_controller@ip-172-31-6-161"} 1 3120.546875 0.0 3162.24609375 3120.546875 3149.517578125 38
stats: {recvpackets,"tsung_controller@ip-172-31-6-161"} 1 3274.0 0.0 3274 179 1276.2432432432433 37
stats: {sentpackets,"tsung_controller@ip-172-31-6-161"} 1 3345.0 0.0 3345 143 1082.8108108108108 37
stats: {cpu,"tsung_controller@ip-172-31-6-161"} 1 8.92156862745098 0.0 9.311348205625606 1.3820335636722607 3.3113749747408256 38
stats: session 153 19008.75200099571 10363.805997744888 60442.364990234375 766.39111328125 14526.80853619263 1404
stats: users_count 162 1863
stats: finish_users_count 153 1557
stats: request 610 3166.6548407882956 4059.104898217764 26779.080810546875 1.22705078125 2272.6450915997607 6074
stats: connect 163 1.482679495782208 0.44589667925314164 177.35400390625 0.87109375 1.8600302113239842 1698
stats: page 610 3166.6548407882956 4059.104898217764 26779.080810546875 1.22705078125 2272.6450915997607 6074
stats: 200 235 5414
stats: size_rcv 2174081 46695289
stats: newphase 0 6
stats: size_sent 275773 3537306
stats: connected 13 308
stats: 503 376 1271
# stats: dump at 1480608999
stats: users 307 325
stats: {load,"tsung_controller@ip-172-31-6-161"} 1 0.01171875 0.0 0.109375 0.0 0.02534054487179487 39
stats: {freemem,"tsung_controller@ip-172-31-6-161"} 1 3120.33984375 0.0 3162.24609375 3120.33984375 3148.7747395833335 39
stats: {recvpackets,"tsung_controller@ip-172-31-6-161"} 1 3037.0 0.0 3274 179 1328.8157894736842 38
stats: {sentpackets,"tsung_controller@ip-172-31-6-161"} 1 3160.0 0.0 3345 143 1142.342105263158 38
stats: {cpu,"tsung_controller@ip-172-31-6-161"} 1 8.193484698914116 0.0 9.311348205625606 1.3820335636722607 3.4552260940410853 39
stats: session 159 18489.119725641216 9410.668560156262 60442.364990234375 766.39111328125 14967.230726375592 1557
stats: users_count 160 2023
stats: finish_users_count 159 1716
stats: request 704 3364.365547873758 4603.323477023404 28381.31494140625 1.22705078125 2354.234850277948 6684
stats: connect 159 1.55712890625 0.7144204794882122 177.35400390625 0.845947265625 1.8269790739605722 1861
stats: page 704 3364.365547873758 4603.323477023404 28381.31494140625 1.22705078125 2354.234850277948 6684
stats: 200 253 5667
stats: size_rcv 2436150 49131439
stats: newphase 0 6
stats: size_sent 320663 3857969
stats: connected -2 306
stats: 503 450 1721
# stats: dump at 1480609009
stats: users 303 325
stats: {load,"tsung_controller@ip-172-31-6-161"} 1 0.01171875 0.0 0.109375 0.0 0.024999999999999998 40
stats: {freemem,"tsung_controller@ip-172-31-6-161"} 1 3119.57421875 0.0 3162.24609375 3119.57421875 3148.0638671875 40
stats: {recvpackets,"tsung_controller@ip-172-31-6-161"} 1 3287.0 0.0 3287 179 1372.6153846153845 39
stats: {sentpackets,"tsung_controller@ip-172-31-6-161"} 1 3272.0 0.0 3345 143 1194.076923076923 39
stats: {cpu,"tsung_controller@ip-172-31-6-161"} 1 9.990300678952474 0.0 9.990300678952474 1.3820335636722607 3.5736825591629113 40
stats: session 158 20221.774693742576 9696.849845855118 60442.364990234375 766.39111328125 15293.559602181673 1716
stats: users_count 154 2177
stats: finish_users_count 158 1874
stats: request 601 3334.361816812473 4183.088884834044 28604.471923828125 1.22705078125 2450.4898599026706 7388
stats: connect 155 1.5384056829637098 1.0328681807430524 177.35400390625 0.845947265625 1.80573839244276 2020
stats: page 601 3334.361816812473 4183.088884834044 28604.471923828125 1.22705078125 2450.4898599026706 7388
stats: 200 241 5908
stats: size_rcv 2293730 51425169
stats: newphase 0 6
stats: size_sent 273196 4131165
stats: connected -4 302
stats: 503 360 2081
# stats: dump at 1480609019
stats: users 314 325
stats: {load,"tsung_controller@ip-172-31-6-161"} 1 0.01171875 0.0 0.109375 0.0 0.024676067073170733 41
stats: {freemem,"tsung_controller@ip-172-31-6-161"} 1 3119.671875 0.0 3162.24609375 3119.57421875 3147.3689977134145 41
stats: {recvpackets,"tsung_controller@ip-172-31-6-161"} 1 3106.0 0.0 3287 179 1420.475 40
stats: {sentpackets,"tsung_controller@ip-172-31-6-161"} 1 3261.0 0.0 3345 143 1246.025 40
stats: {cpu,"tsung_controller@ip-172-31-6-161"} 1 9.375 0.0 9.990300678952474 1.3820335636722607 3.7301854401333885 41
stats: session 165 18223.658725437977 9730.334356757645 60442.364990234375 766.39111328125 15709.065463690009 1874
stats: users_count 176 2353
stats: finish_users_count 165 2039
stats: request 696 2786.133114518795 4265.897889836816 28604.471923828125 1.22705078125 2516.982167588588 7989
stats: connect 175 1.555724051339286 0.5071554622311714 177.35400390625 0.845947265625 1.7866870959051724 2175
stats: page 696 2786.133114518795 4265.897889836816 28604.471923828125 1.22705078125 2516.982167588588 7989
stats: 200 218 6126
stats: size_rcv 2104208 53529377
stats: newphase 0 6
stats: size_sent 309485 4440650
stats: connected 12 314
stats: 503 478 2559
# stats: dump at 1480609029
stats: users 238 325
stats: {load,"tsung_controller@ip-172-31-6-161"} 1 0.078125 0.0 0.109375 0.0 0.024367559523809524 42
stats: {freemem,"tsung_controller@ip-172-31-6-161"} 1 3119.64453125 0.0 3162.24609375 3119.57421875 3146.709542410714 42
stats: {recvpackets,"tsung_controller@ip-172-31-6-161"} 1 2804.0 0.0 3287 179 1461.5853658536585 41
stats: {sentpackets,"tsung_controller@ip-172-31-6-161"} 1 2.9e3 0.0 3345 143 1295.1707317073171 41
stats: {cpu,"tsung_controller@ip-172-31-6-161"} 1 8.137254901960784 0.0 9.990300678952474 1.3820335636722607 3.864585786796879 42
stats: session 122 20322.796706903187 9813.59339282151 60442.364990234375 766.39111328125 15912.551431413607 2039
stats: users_count 46 2399
stats: finish_users_count 122 2161
stats: request 440 5271.784292879969 4930.296878639742 28604.471923828125 1.22705078125 2538.551431729454 8685
stats: connect 49 1.6858657525510203 0.437511094189219 177.35400390625 0.845947265625 1.7694877202460106 2350
stats: page 440 5271.784292879969 4930.296878639742 28604.471923828125 1.22705078125 2538.551431729454 8685
stats: 200 243 6369
stats: size_rcv 2178677 55708054
stats: newphase 0 6
stats: size_sent 214355 4655005
stats: connected -76 238
stats: 503 197 2756
# stats: dump at 1480609039
stats: users 181 325
stats: {load,"tsung_controller@ip-172-31-6-161"} 1 0.0703125 0.0 0.109375 0.0 0.025617732558139535 43
stats: {freemem,"tsung_controller@ip-172-31-6-161"} 1 3119.65234375 0.0 3162.24609375 3119.57421875 3146.0801235465115 43
stats: {recvpackets,"tsung_controller@ip-172-31-6-161"} 1 1852.0 0.0 3287 179 1493.547619047619 42
stats: {sentpackets,"tsung_controller@ip-172-31-6-161"} 1 1527.0 0.0 3345 143 1333.3809523809523 42
stats: {cpu,"tsung_controller@ip-172-31-6-161"} 1 3.543307086614173 0.0 9.990300678952474 1.3820335636722607 3.9639501848239465 43
stats: session 57 27302.52841025904 7890.6715007870935 60442.364990234375 766.39111328125 16161.533348863735 2161
stats: users_count 0 2399
stats: finish_users_count 57 2218
stats: request 167 10117.165755403255 1895.1115922139174 28604.471923828125 1.22705078125 2670.3456738013692 9125
stats: connect 0 0 0 177.35400390625 0.845947265625 1.767779726741611 2399
stats: page 167 10117.165755403255 1895.1115922139174 28604.471923828125 1.22705078125 2670.3456738013692 9125
stats: 200 166 6535
stats: size_rcv 1633643 57341697
stats: newphase 0 6
stats: size_sent 89082 4744087
stats: connected -56 182
stats: 503 1 2757
# stats: dump at 1480609049
stats: users 71 325
stats: {load,"tsung_controller@ip-172-31-6-161"} 1 0.05859375 0.0 0.109375 0.0 0.026633522727272728 44
stats: {freemem,"tsung_controller@ip-172-31-6-161"} 1 3119.69140625 0.0 3162.24609375 3119.57421875 3145.4794921875 44
stats: {recvpackets,"tsung_controller@ip-172-31-6-161"} 1 1850.0 0.0 3287 179 1501.8837209302326 43
stats: {sentpackets,"tsung_controller@ip-172-31-6-161"} 1 1484.0 0.0 3345 143 1337.8837209302326 43
stats: {cpu,"tsung_controller@ip-172-31-6-161"} 1 2.6706231454005933 0.0 9.990300678952474 1.3820335636722607 3.954390114410088 44
stats: session 110 33675.877059659106 6931.385988889014 60442.364990234375 766.39111328125 16447.843862163794 2218
stats: users_count 0 2399
stats: finish_users_count 110 2328
stats: request 216 9237.529824716068 2853.4209203217706 28604.471923828125 1.22705078125 2804.183271049272 9292
stats: connect 0 0 0 177.35400390625 0.845947265625 1.767779726741611 2399
stats: page 216 9237.529824716068 2853.4209203217706 28604.471923828125 1.22705078125 2804.183271049272 9292
stats: 200 216 6751
stats: size_rcv 2025357 59367054
stats: newphase 0 6
stats: size_sent 75580 4819667
stats: connected -109 73
stats: 503 0 2757
# stats: dump at 1480609058
stats: users 0 325
stats: {load,"tsung_controller@ip-172-31-6-161"} 1 0.05078125 0.0 0.109375 0.0 0.02734375 45
stats: {freemem,"tsung_controller@ip-172-31-6-161"} 1 3120.046875 0.0 3162.24609375 3119.57421875 3144.906423611111 45
stats: {recvpackets,"tsung_controller@ip-172-31-6-161"} 1 1622.0 0.0 3287 179 1509.7954545454545 44
stats: {sentpackets,"tsung_controller@ip-172-31-6-161"} 1 1334.0 0.0 3345 143 1341.2045454545455 44
stats: {cpu,"tsung_controller@ip-172-31-6-161"} 1 2.366863905325444 0.0 9.990300678952474 1.3820335636722607 3.92586195954321 45
stats: session 71 34441.78705091879 3592.5581807433737 60442.364990234375 766.39111328125 17261.883231461252 2328
stats: users_count 0 2399
stats: finish_users_count 71 2399
stats: request 88 3674.507421320135 2779.694185916027 28604.471923828125 1.22705078125 2950.3341813976135 9508
stats: connect 0 0 0 177.35400390625 0.845947265625 1.767779726741611 2399
stats: page 88 3674.507421320135 2779.694185916027 28604.471923828125 1.22705078125 2950.3341813976135 9508
stats: 200 88 6839
stats: size_rcv 896196 60263250
stats: newphase 0 6
stats: size_sent 22744 4842411
stats: connected -73 0
stats: 503 0 2757
EndMonitor:{1480,609058,177495}
